
	reading taxa from FASTA ...


	S.mansoni            -> sites: 900   
	G.salaris            -> sites: 900   
	D.melanogaster       -> sites: 900   
	C.intestinalis       -> sites: 900   
	R.norvegicus         -> sites: 900   
	C.sinensis           -> sites: 900   
	E.granulosus         -> sites: 900   
	L.gigantea           -> sites: 900   
	D.rerio              -> sites: 900   
	G.turnbulli          -> sites: 900   
	H.robusta            -> sites: 900   
	T.solium             -> sites: 900   


	data type             : amino acid sequences

	input ...

	infile		: EOG091G06P4.clustalo.aln.fasta
	random pairs	: 200000000000000000
	window size	: 6
	indels		: ambiguous
	tree file	: -
	node level	: -
	strict profile	: -
	outgroup	: -
	matrix          : BLOSUM62

	number of taxa        : 12
	random number of pairs: 200000000000000000

	generates threshhold value for amino acid data
	using BLOSUM62

	checks for (potential) identical taxa


	scores site patterns ...


	max number of different pairs is 66
	max random pairs are scored!

	pair: 1      ->	taxon1: S.mansoni 	taxon2: G.salaris 
	            	positions below base line: 529
	pair: 2      ->	taxon1: S.mansoni 	taxon2: D.melanoga
	            	positions below base line: 564
	pair: 3      ->	taxon1: S.mansoni 	taxon2: C.intestin
	            	positions below base line: 542
	pair: 4      ->	taxon1: S.mansoni 	taxon2: R.norvegic
	            	positions below base line: 546
	pair: 5      ->	taxon1: S.mansoni 	taxon2: C.sinensis
	            	positions below base line: 444
	pair: 6      ->	taxon1: S.mansoni 	taxon2: E.granulos
	            	positions below base line: 544
	pair: 7      ->	taxon1: S.mansoni 	taxon2: L.gigantea
	            	positions below base line: 542
	pair: 8      ->	taxon1: S.mansoni 	taxon2: D.rerio   
	            	positions below base line: 539
	pair: 9      ->	taxon1: S.mansoni 	taxon2: G.turnbull
	            	positions below base line: 605
	pair: 10     ->	taxon1: S.mansoni 	taxon2: H.robusta 
	            	positions below base line: 548
	pair: 11     ->	taxon1: S.mansoni 	taxon2: T.solium  
	            	positions below base line: 544
	pair: 12     ->	taxon1: G.salaris 	taxon2: D.melanoga
	            	positions below base line: 535
	pair: 13     ->	taxon1: G.salaris 	taxon2: C.intestin
	            	positions below base line: 500
	pair: 14     ->	taxon1: G.salaris 	taxon2: R.norvegic
	            	positions below base line: 490
	pair: 15     ->	taxon1: G.salaris 	taxon2: C.sinensis
	            	positions below base line: 514
	pair: 16     ->	taxon1: G.salaris 	taxon2: E.granulos
	            	positions below base line: 512
	pair: 17     ->	taxon1: G.salaris 	taxon2: L.gigantea
	            	positions below base line: 479
	pair: 18     ->	taxon1: G.salaris 	taxon2: D.rerio   
	            	positions below base line: 481
	pair: 19     ->	taxon1: G.salaris 	taxon2: G.turnbull
	            	positions below base line: 504
	pair: 20     ->	taxon1: G.salaris 	taxon2: H.robusta 
	            	positions below base line: 458
	pair: 21     ->	taxon1: G.salaris 	taxon2: T.solium  
	            	positions below base line: 489
	pair: 22     ->	taxon1: D.melanoga	taxon2: C.intestin
	            	positions below base line: 480
	pair: 23     ->	taxon1: D.melanoga	taxon2: R.norvegic
	            	positions below base line: 418
	pair: 24     ->	taxon1: D.melanoga	taxon2: C.sinensis
	            	positions below base line: 555
	pair: 25     ->	taxon1: D.melanoga	taxon2: E.granulos
	            	positions below base line: 549
	pair: 26     ->	taxon1: D.melanoga	taxon2: L.gigantea
	            	positions below base line: 431
	pair: 27     ->	taxon1: D.melanoga	taxon2: D.rerio   
	            	positions below base line: 434
	pair: 28     ->	taxon1: D.melanoga	taxon2: G.turnbull
	            	positions below base line: 590
	pair: 29     ->	taxon1: D.melanoga	taxon2: H.robusta 
	            	positions below base line: 421
	pair: 30     ->	taxon1: D.melanoga	taxon2: T.solium  
	            	positions below base line: 528
	pair: 31     ->	taxon1: C.intestin	taxon2: R.norvegic
	            	positions below base line: 336
	pair: 32     ->	taxon1: C.intestin	taxon2: C.sinensis
	            	positions below base line: 540
	pair: 33     ->	taxon1: C.intestin	taxon2: E.granulos
	            	positions below base line: 538
	pair: 34     ->	taxon1: C.intestin	taxon2: L.gigantea
	            	positions below base line: 351
	pair: 35     ->	taxon1: C.intestin	taxon2: D.rerio   
	            	positions below base line: 375
	pair: 36     ->	taxon1: C.intestin	taxon2: G.turnbull
	            	positions below base line: 595
	pair: 37     ->	taxon1: C.intestin	taxon2: H.robusta 
	            	positions below base line: 367
	pair: 38     ->	taxon1: C.intestin	taxon2: T.solium  
	            	positions below base line: 532
	pair: 39     ->	taxon1: R.norvegic	taxon2: C.sinensis
	            	positions below base line: 515
	pair: 40     ->	taxon1: R.norvegic	taxon2: E.granulos
	            	positions below base line: 531
	pair: 41     ->	taxon1: R.norvegic	taxon2: L.gigantea
	            	positions below base line: 344
	pair: 42     ->	taxon1: R.norvegic	taxon2: D.rerio   
	            	positions below base line: 157
	pair: 43     ->	taxon1: R.norvegic	taxon2: G.turnbull
	            	positions below base line: 581
	pair: 44     ->	taxon1: R.norvegic	taxon2: H.robusta 
	            	positions below base line: 308
	pair: 45     ->	taxon1: R.norvegic	taxon2: T.solium  
	            	positions below base line: 510
	pair: 46     ->	taxon1: C.sinensis	taxon2: E.granulos
	            	positions below base line: 513
	pair: 47     ->	taxon1: C.sinensis	taxon2: L.gigantea
	            	positions below base line: 505
	pair: 48     ->	taxon1: C.sinensis	taxon2: D.rerio   
	            	positions below base line: 510
	pair: 49     ->	taxon1: C.sinensis	taxon2: G.turnbull
	            	positions below base line: 601
	pair: 50     ->	taxon1: C.sinensis	taxon2: H.robusta 
	            	positions below base line: 515
	pair: 51     ->	taxon1: C.sinensis	taxon2: T.solium  
	            	positions below base line: 515
	pair: 52     ->	taxon1: E.granulos	taxon2: L.gigantea
	            	positions below base line: 521
	pair: 53     ->	taxon1: E.granulos	taxon2: D.rerio   
	            	positions below base line: 530
	pair: 54     ->	taxon1: E.granulos	taxon2: G.turnbull
	            	positions below base line: 592
	pair: 55     ->	taxon1: E.granulos	taxon2: H.robusta 
	            	positions below base line: 525
	pair: 56     ->	taxon1: E.granulos	taxon2: T.solium  
	            	positions below base line: 407
	pair: 57     ->	taxon1: L.gigantea	taxon2: D.rerio   
	            	positions below base line: 350
	pair: 58     ->	taxon1: L.gigantea	taxon2: G.turnbull
	            	positions below base line: 584
	pair: 59     ->	taxon1: L.gigantea	taxon2: H.robusta 
	            	positions below base line: 281
	pair: 60     ->	taxon1: L.gigantea	taxon2: T.solium  
	            	positions below base line: 533
	pair: 61     ->	taxon1: D.rerio   	taxon2: G.turnbull
	            	positions below base line: 579
	pair: 62     ->	taxon1: D.rerio   	taxon2: H.robusta 
	            	positions below base line: 319
	pair: 63     ->	taxon1: D.rerio   	taxon2: T.solium  
	            	positions below base line: 505
	pair: 64     ->	taxon1: G.turnbull	taxon2: H.robusta 
	            	positions below base line: 582
	pair: 65     ->	taxon1: G.turnbull	taxon2: T.solium  
	            	positions below base line: 595
	pair: 66     ->	taxon1: H.robusta 	taxon2: T.solium  
	            	positions below base line: 519

	generates quality profile from collected scores ...


	scoring done ...


	generates vector plot from collected scores ...


Argument "-" treated as 0 in increment (++) at /usr/bin/Aliscore.pl line 1213.
	Profile written to EOG091G06P4.clustalo.aln.fasta_Profile_random.txt
	List   written to EOG091G06P4.clustalo.aln.fasta_List_random.txt

	time used: 3.86 sec

