
RAxML can't, parse the alignment file as phylip file 
it will now try to parse it as FASTA file


This is the RAxML Master Pthread

This is RAxML Worker Pthread Number: 1

This is RAxML Worker Pthread Number: 2

This is RAxML Worker Pthread Number: 3

This is RAxML Worker Pthread Number: 4

This is RAxML Worker Pthread Number: 5


This is RAxML version 8.2.12 released by Alexandros Stamatakis on May 2018.

With greatly appreciated code contributions by:
Andre Aberer      (HITS)
Simon Berger      (HITS)
Alexey Kozlov     (HITS)
Kassian Kobert    (HITS)
David Dao         (KIT and HITS)
Sarah Lutteropp   (KIT and HITS)
Nick Pattengale   (Sandia)
Wayne Pfeiffer    (SDSC)
Akifumi S. Tanabe (NRIFS)
Charlie Taylor    (UF)


Alignment has 209 distinct alignment patterns

Proportion of gaps and completely undetermined characters in this alignment: 7.26%

RAxML rapid bootstrapping and subsequent ML search

Using 1 distinct models/data partitions with joint branch length optimization



Executing 100 rapid bootstrap inferences and thereafter a thorough ML search 

All free model parameters will be estimated by RAxML
GAMMA model of rate heterogeneity, ML estimate of alpha-parameter

GAMMA Model parameters will be estimated up to an accuracy of 0.1000000000 Log Likelihood units

Partition: 0
Alignment Patterns: 209
Name: No Name Provided
DataType: AA
Substitution Matrix: LG
Using empirical base frequencies




RAxML was called as follows:

raxml -f a -T 6 -m PROTGAMMALGF -p 12345 -x 12345 -# 100 -s ALICUT_EOG091G0AKW.clustalo.aln.fasta -n EOG091G0AKW.clustalo.aln.ALICUT.LGF 



Time for BS model parameter optimization 0.022139
Bootstrap[0]: Time 0.435720 seconds, bootstrap likelihood -3419.550485, best rearrangement setting 13
Bootstrap[1]: Time 0.359371 seconds, bootstrap likelihood -3339.546340, best rearrangement setting 13
Bootstrap[2]: Time 0.351602 seconds, bootstrap likelihood -3561.464697, best rearrangement setting 12
Bootstrap[3]: Time 0.371910 seconds, bootstrap likelihood -3273.027149, best rearrangement setting 15
Bootstrap[4]: Time 0.377079 seconds, bootstrap likelihood -3345.916967, best rearrangement setting 10
Bootstrap[5]: Time 0.362654 seconds, bootstrap likelihood -3314.957108, best rearrangement setting 10
Bootstrap[6]: Time 0.378520 seconds, bootstrap likelihood -3490.363292, best rearrangement setting 6
Bootstrap[7]: Time 0.169808 seconds, bootstrap likelihood -3258.948724, best rearrangement setting 14
Bootstrap[8]: Time 0.368670 seconds, bootstrap likelihood -3543.924236, best rearrangement setting 5
Bootstrap[9]: Time 0.342094 seconds, bootstrap likelihood -3307.426285, best rearrangement setting 7
Bootstrap[10]: Time 0.368609 seconds, bootstrap likelihood -3151.400489, best rearrangement setting 7
Bootstrap[11]: Time 0.353472 seconds, bootstrap likelihood -3085.202757, best rearrangement setting 5
Bootstrap[12]: Time 0.351403 seconds, bootstrap likelihood -3388.436157, best rearrangement setting 8
Bootstrap[13]: Time 0.369458 seconds, bootstrap likelihood -3316.713883, best rearrangement setting 7
Bootstrap[14]: Time 0.383765 seconds, bootstrap likelihood -3427.449083, best rearrangement setting 12
Bootstrap[15]: Time 0.388015 seconds, bootstrap likelihood -3238.620448, best rearrangement setting 15
Bootstrap[16]: Time 0.362315 seconds, bootstrap likelihood -3527.760753, best rearrangement setting 12
Bootstrap[17]: Time 0.392805 seconds, bootstrap likelihood -3418.935102, best rearrangement setting 12
Bootstrap[18]: Time 0.364436 seconds, bootstrap likelihood -3205.052296, best rearrangement setting 5
Bootstrap[19]: Time 0.375280 seconds, bootstrap likelihood -3520.051207, best rearrangement setting 8
Bootstrap[20]: Time 0.178467 seconds, bootstrap likelihood -3462.063480, best rearrangement setting 10
Bootstrap[21]: Time 0.373797 seconds, bootstrap likelihood -3417.051095, best rearrangement setting 6
Bootstrap[22]: Time 0.383839 seconds, bootstrap likelihood -3342.136660, best rearrangement setting 5
Bootstrap[23]: Time 0.385624 seconds, bootstrap likelihood -3417.980820, best rearrangement setting 7
Bootstrap[24]: Time 0.374665 seconds, bootstrap likelihood -3321.438042, best rearrangement setting 8
Bootstrap[25]: Time 0.380643 seconds, bootstrap likelihood -3565.494063, best rearrangement setting 6
Bootstrap[26]: Time 0.361298 seconds, bootstrap likelihood -3467.750911, best rearrangement setting 12
Bootstrap[27]: Time 0.337746 seconds, bootstrap likelihood -3207.646119, best rearrangement setting 10
Bootstrap[28]: Time 0.358682 seconds, bootstrap likelihood -3415.069713, best rearrangement setting 11
Bootstrap[29]: Time 0.397032 seconds, bootstrap likelihood -3604.346022, best rearrangement setting 12
Bootstrap[30]: Time 0.368080 seconds, bootstrap likelihood -3392.412466, best rearrangement setting 15
Bootstrap[31]: Time 0.397719 seconds, bootstrap likelihood -3376.063327, best rearrangement setting 15
Bootstrap[32]: Time 0.360080 seconds, bootstrap likelihood -3502.955429, best rearrangement setting 6
Bootstrap[33]: Time 0.373338 seconds, bootstrap likelihood -3529.779108, best rearrangement setting 15
Bootstrap[34]: Time 0.361677 seconds, bootstrap likelihood -3591.638462, best rearrangement setting 11
Bootstrap[35]: Time 0.387197 seconds, bootstrap likelihood -3438.132537, best rearrangement setting 8
Bootstrap[36]: Time 0.383446 seconds, bootstrap likelihood -3557.671355, best rearrangement setting 9
Bootstrap[37]: Time 0.346083 seconds, bootstrap likelihood -3322.090589, best rearrangement setting 11
Bootstrap[38]: Time 0.334179 seconds, bootstrap likelihood -3348.033142, best rearrangement setting 8
Bootstrap[39]: Time 0.364785 seconds, bootstrap likelihood -3294.868765, best rearrangement setting 13
Bootstrap[40]: Time 0.391708 seconds, bootstrap likelihood -3470.936070, best rearrangement setting 13
Bootstrap[41]: Time 0.372382 seconds, bootstrap likelihood -3568.792648, best rearrangement setting 10
Bootstrap[42]: Time 0.338984 seconds, bootstrap likelihood -3522.230349, best rearrangement setting 5
Bootstrap[43]: Time 0.378837 seconds, bootstrap likelihood -3511.255342, best rearrangement setting 14
Bootstrap[44]: Time 0.380006 seconds, bootstrap likelihood -3554.785088, best rearrangement setting 10
Bootstrap[45]: Time 0.375098 seconds, bootstrap likelihood -3586.685254, best rearrangement setting 15
Bootstrap[46]: Time 0.362715 seconds, bootstrap likelihood -3210.242289, best rearrangement setting 14
Bootstrap[47]: Time 0.386105 seconds, bootstrap likelihood -3494.692916, best rearrangement setting 8
Bootstrap[48]: Time 0.365611 seconds, bootstrap likelihood -3432.044848, best rearrangement setting 6
Bootstrap[49]: Time 0.364353 seconds, bootstrap likelihood -3580.485225, best rearrangement setting 7
Bootstrap[50]: Time 0.354920 seconds, bootstrap likelihood -3249.652262, best rearrangement setting 7
Bootstrap[51]: Time 0.360199 seconds, bootstrap likelihood -3354.320979, best rearrangement setting 11
Bootstrap[52]: Time 0.364677 seconds, bootstrap likelihood -3586.600958, best rearrangement setting 12
Bootstrap[53]: Time 0.367979 seconds, bootstrap likelihood -3304.035508, best rearrangement setting 8
Bootstrap[54]: Time 0.374911 seconds, bootstrap likelihood -3410.563111, best rearrangement setting 9
Bootstrap[55]: Time 0.172646 seconds, bootstrap likelihood -3375.090330, best rearrangement setting 11
Bootstrap[56]: Time 0.376061 seconds, bootstrap likelihood -3335.811113, best rearrangement setting 5
Bootstrap[57]: Time 0.366695 seconds, bootstrap likelihood -3615.498116, best rearrangement setting 7
Bootstrap[58]: Time 0.367685 seconds, bootstrap likelihood -3564.241137, best rearrangement setting 10
Bootstrap[59]: Time 0.348241 seconds, bootstrap likelihood -3224.968302, best rearrangement setting 9
Bootstrap[60]: Time 0.354213 seconds, bootstrap likelihood -3353.080998, best rearrangement setting 7
Bootstrap[61]: Time 0.382964 seconds, bootstrap likelihood -3311.610913, best rearrangement setting 5
Bootstrap[62]: Time 0.342090 seconds, bootstrap likelihood -3480.820806, best rearrangement setting 11
Bootstrap[63]: Time 0.371876 seconds, bootstrap likelihood -3388.608247, best rearrangement setting 12
Bootstrap[64]: Time 0.387236 seconds, bootstrap likelihood -3443.485248, best rearrangement setting 7
Bootstrap[65]: Time 0.389913 seconds, bootstrap likelihood -3386.985099, best rearrangement setting 5
Bootstrap[66]: Time 0.393386 seconds, bootstrap likelihood -3500.861311, best rearrangement setting 5
Bootstrap[67]: Time 0.395997 seconds, bootstrap likelihood -3410.972370, best rearrangement setting 15
Bootstrap[68]: Time 0.379349 seconds, bootstrap likelihood -3473.613561, best rearrangement setting 11
Bootstrap[69]: Time 0.357830 seconds, bootstrap likelihood -3483.242105, best rearrangement setting 5
Bootstrap[70]: Time 0.365358 seconds, bootstrap likelihood -3533.769605, best rearrangement setting 8
Bootstrap[71]: Time 0.346936 seconds, bootstrap likelihood -3221.388626, best rearrangement setting 10
Bootstrap[72]: Time 0.378632 seconds, bootstrap likelihood -3522.280174, best rearrangement setting 11
Bootstrap[73]: Time 0.387267 seconds, bootstrap likelihood -3298.050767, best rearrangement setting 9
Bootstrap[74]: Time 0.358860 seconds, bootstrap likelihood -3175.154248, best rearrangement setting 5
Bootstrap[75]: Time 0.366737 seconds, bootstrap likelihood -3305.443075, best rearrangement setting 8
Bootstrap[76]: Time 0.370224 seconds, bootstrap likelihood -3390.084575, best rearrangement setting 9
Bootstrap[77]: Time 0.372266 seconds, bootstrap likelihood -3514.388873, best rearrangement setting 11
Bootstrap[78]: Time 0.354275 seconds, bootstrap likelihood -3492.673193, best rearrangement setting 15
Bootstrap[79]: Time 0.342920 seconds, bootstrap likelihood -3523.795904, best rearrangement setting 9
Bootstrap[80]: Time 0.389908 seconds, bootstrap likelihood -3454.764132, best rearrangement setting 15
Bootstrap[81]: Time 0.345419 seconds, bootstrap likelihood -3397.623486, best rearrangement setting 7
Bootstrap[82]: Time 0.374116 seconds, bootstrap likelihood -3370.556877, best rearrangement setting 6
Bootstrap[83]: Time 0.361218 seconds, bootstrap likelihood -3385.541302, best rearrangement setting 10
Bootstrap[84]: Time 0.367156 seconds, bootstrap likelihood -3110.724889, best rearrangement setting 11
Bootstrap[85]: Time 0.354690 seconds, bootstrap likelihood -3264.582729, best rearrangement setting 8
Bootstrap[86]: Time 0.373721 seconds, bootstrap likelihood -3298.409047, best rearrangement setting 7
Bootstrap[87]: Time 0.351761 seconds, bootstrap likelihood -3469.775879, best rearrangement setting 7
Bootstrap[88]: Time 0.367884 seconds, bootstrap likelihood -3478.454333, best rearrangement setting 12
Bootstrap[89]: Time 0.362625 seconds, bootstrap likelihood -3464.410483, best rearrangement setting 10
Bootstrap[90]: Time 0.368172 seconds, bootstrap likelihood -3193.734138, best rearrangement setting 8
Bootstrap[91]: Time 0.374471 seconds, bootstrap likelihood -3706.138936, best rearrangement setting 12
Bootstrap[92]: Time 0.368278 seconds, bootstrap likelihood -3542.473716, best rearrangement setting 13
Bootstrap[93]: Time 0.359959 seconds, bootstrap likelihood -3341.868977, best rearrangement setting 15
Bootstrap[94]: Time 0.367152 seconds, bootstrap likelihood -3407.256142, best rearrangement setting 5
Bootstrap[95]: Time 0.379971 seconds, bootstrap likelihood -3468.254629, best rearrangement setting 5
Bootstrap[96]: Time 0.398860 seconds, bootstrap likelihood -3448.311912, best rearrangement setting 13
Bootstrap[97]: Time 0.365068 seconds, bootstrap likelihood -3372.591935, best rearrangement setting 11
Bootstrap[98]: Time 0.363285 seconds, bootstrap likelihood -3499.418103, best rearrangement setting 6
Bootstrap[99]: Time 0.355300 seconds, bootstrap likelihood -3283.458955, best rearrangement setting 14


Overall Time for 100 Rapid Bootstraps 36.378580 seconds
Average Time per Rapid Bootstrap 0.363786 seconds

Starting ML Search ...

Fast ML optimization finished

Fast ML search Time: 24.487003 seconds

Slow ML Search 0 Likelihood: -3468.233586
Slow ML Search 1 Likelihood: -3468.233586
Slow ML Search 2 Likelihood: -3468.233586
Slow ML Search 3 Likelihood: -3468.233586
Slow ML Search 4 Likelihood: -3468.233586
Slow ML Search 5 Likelihood: -3468.233586
Slow ML Search 6 Likelihood: -3468.233586
Slow ML Search 7 Likelihood: -3468.233586
Slow ML Search 8 Likelihood: -3468.233586
Slow ML Search 9 Likelihood: -3468.233586
Slow ML optimization finished

Slow ML search Time: 6.249354 seconds
Thorough ML search Time: 0.583902 seconds

Final ML Optimization Likelihood: -3468.233586

Model Information:

Model Parameters of Partition 0, Name: No Name Provided, Type of Data: AA
alpha: 1.108234
Tree-Length: 4.289908
rate A <-> R: 0.399182
rate A <-> N: 0.259945
rate A <-> D: 0.371058
rate A <-> C: 2.337364
rate A <-> Q: 0.910775
rate A <-> E: 0.975241
rate A <-> G: 1.940106
rate A <-> H: 0.336984
rate A <-> I: 0.140697
rate A <-> L: 0.371240
rate A <-> K: 0.503815
rate A <-> M: 1.055520
rate A <-> F: 0.238237
rate A <-> P: 1.105868
rate A <-> S: 4.439041
rate A <-> T: 2.009090
rate A <-> W: 0.169702
rate A <-> Y: 0.205613
rate A <-> V: 2.392567
rate R <-> N: 0.706048
rate R <-> D: 0.116398
rate R <-> C: 0.501968
rate R <-> Q: 2.636754
rate R <-> E: 0.341785
rate R <-> G: 0.366408
rate R <-> H: 2.278690
rate R <-> I: 0.119250
rate R <-> L: 0.283449
rate R <-> K: 5.940467
rate R <-> M: 0.454623
rate R <-> F: 0.049508
rate R <-> P: 0.312264
rate R <-> S: 0.805843
rate R <-> T: 0.543695
rate R <-> W: 0.557424
rate R <-> Y: 0.295274
rate R <-> V: 0.160471
rate N <-> D: 4.766737
rate N <-> C: 0.496537
rate N <-> Q: 1.592389
rate N <-> E: 0.508692
rate N <-> G: 1.350015
rate N <-> H: 4.234381
rate N <-> I: 0.179830
rate N <-> L: 0.064256
rate N <-> K: 2.014327
rate N <-> M: 0.348390
rate N <-> F: 0.084068
rate N <-> P: 0.151925
rate N <-> S: 3.764032
rate N <-> T: 1.878729
rate N <-> W: 0.042610
rate N <-> Y: 0.574720
rate N <-> V: 0.078587
rate D <-> C: 0.058743
rate D <-> Q: 0.491483
rate D <-> E: 4.924234
rate D <-> G: 0.793424
rate D <-> H: 0.870603
rate D <-> I: 0.010038
rate D <-> L: 0.014157
rate D <-> K: 0.265711
rate D <-> M: 0.023991
rate D <-> F: 0.016354
rate D <-> P: 0.370412
rate D <-> S: 1.164675
rate D <-> T: 0.399902
rate D <-> W: 0.028068
rate D <-> Y: 0.126872
rate D <-> V: 0.035653
rate C <-> Q: 0.079639
rate C <-> E: 0.003286
rate C <-> G: 0.534566
rate C <-> H: 0.601499
rate C <-> I: 0.301083
rate C <-> L: 0.557800
rate C <-> K: 0.012457
rate C <-> M: 0.839207
rate C <-> F: 1.037881
rate C <-> P: 0.070787
rate C <-> S: 2.614753
rate C <-> T: 1.073780
rate C <-> W: 0.629281
rate C <-> Y: 1.094488
rate C <-> V: 1.839864
rate Q <-> E: 3.876936
rate Q <-> G: 0.251626
rate Q <-> H: 4.520102
rate Q <-> I: 0.068413
rate Q <-> L: 0.546954
rate Q <-> K: 3.037150
rate Q <-> M: 1.570619
rate Q <-> F: 0.033669
rate Q <-> P: 0.586241
rate Q <-> S: 1.149231
rate Q <-> T: 1.014297
rate Q <-> W: 0.221802
rate Q <-> Y: 0.241650
rate Q <-> V: 0.197511
rate E <-> G: 0.327583
rate E <-> H: 0.398044
rate E <-> I: 0.041567
rate E <-> L: 0.065426
rate E <-> K: 1.697022
rate E <-> M: 0.163145
rate E <-> F: 0.017664
rate E <-> P: 0.393844
rate E <-> S: 0.574671
rate E <-> T: 0.567695
rate E <-> W: 0.073107
rate E <-> Y: 0.112720
rate E <-> V: 0.230098
rate G <-> H: 0.292498
rate G <-> I: 0.008174
rate G <-> L: 0.041563
rate G <-> K: 0.278555
rate G <-> M: 0.131033
rate G <-> F: 0.084125
rate G <-> P: 0.184955
rate G <-> S: 1.633930
rate G <-> T: 0.121922
rate G <-> W: 0.252125
rate G <-> Y: 0.051346
rate G <-> V: 0.072026
rate H <-> I: 0.102245
rate H <-> L: 0.343988
rate H <-> K: 0.654763
rate H <-> M: 0.415502
rate H <-> F: 0.640560
rate H <-> P: 0.477834
rate H <-> S: 0.929667
rate H <-> T: 0.548649
rate H <-> W: 0.560661
rate H <-> Y: 4.983361
rate H <-> V: 0.111759
rate I <-> L: 3.892408
rate I <-> K: 0.149373
rate I <-> M: 4.013113
rate I <-> F: 1.044902
rate I <-> P: 0.073509
rate I <-> S: 0.060198
rate I <-> T: 0.970728
rate I <-> W: 0.104854
rate I <-> Y: 0.218350
rate I <-> V: 10.000000
rate L <-> K: 0.129119
rate L <-> M: 5.927594
rate L <-> F: 2.434657
rate L <-> P: 0.233879
rate L <-> S: 0.171176
rate L <-> T: 0.284471
rate L <-> W: 0.581863
rate L <-> Y: 0.281383
rate L <-> V: 1.598956
rate K <-> M: 0.616581
rate K <-> F: 0.022460
rate K <-> P: 0.366530
rate K <-> S: 0.703048
rate K <-> T: 1.067567
rate K <-> W: 0.046864
rate K <-> Y: 0.123890
rate K <-> V: 0.173913
rate M <-> F: 1.689205
rate M <-> P: 0.093763
rate M <-> S: 0.325811
rate M <-> T: 1.897216
rate M <-> W: 0.653740
rate M <-> Y: 0.451968
rate M <-> V: 1.782983
rate F <-> P: 0.088706
rate F <-> S: 0.339765
rate F <-> T: 0.154944
rate F <-> W: 2.307349
rate F <-> Y: 7.328222
rate F <-> V: 0.614777
rate P <-> S: 1.256567
rate P <-> T: 0.536635
rate P <-> W: 0.089332
rate P <-> Y: 0.084151
rate P <-> V: 0.278428
rate S <-> T: 6.077767
rate S <-> W: 0.233693
rate S <-> Y: 0.376132
rate S <-> V: 0.092373
rate T <-> W: 0.132241
rate T <-> Y: 0.230856
rate T <-> V: 2.054781
rate W <-> Y: 2.959699
rate W <-> V: 0.177959
rate Y <-> V: 0.234116

freq pi(A): 0.076342
freq pi(R): 0.042545
freq pi(N): 0.031014
freq pi(D): 0.074354
freq pi(C): 0.022266
freq pi(Q): 0.033400
freq pi(E): 0.112525
freq pi(G): 0.042545
freq pi(H): 0.017893
freq pi(I): 0.062028
freq pi(L): 0.116899
freq pi(K): 0.088668
freq pi(M): 0.021869
freq pi(F): 0.036183
freq pi(P): 0.032207
freq pi(S): 0.048907
freq pi(T): 0.044135
freq pi(W): 0.014314
freq pi(Y): 0.019881
freq pi(V): 0.062028


ML search took 31.348240 secs or 0.008708 hours

Combined Bootstrap and ML search took 67.727085 secs or 0.018813 hours

Drawing Bootstrap Support Values on best-scoring ML tree ...



Found 1 tree in File /in/RAxML_bestTree.EOG091G0AKW.clustalo.aln.ALICUT.LGF



Found 1 tree in File /in/RAxML_bestTree.EOG091G0AKW.clustalo.aln.ALICUT.LGF

Program execution info written to /in/RAxML_info.EOG091G0AKW.clustalo.aln.ALICUT.LGF
All 100 bootstrapped trees written to: /in/RAxML_bootstrap.EOG091G0AKW.clustalo.aln.ALICUT.LGF

Best-scoring ML tree written to: /in/RAxML_bestTree.EOG091G0AKW.clustalo.aln.ALICUT.LGF

Best-scoring ML tree with support values written to: /in/RAxML_bipartitions.EOG091G0AKW.clustalo.aln.ALICUT.LGF

Best-scoring ML tree with support values as branch labels written to: /in/RAxML_bipartitionsBranchLabels.EOG091G0AKW.clustalo.aln.ALICUT.LGF

Overall execution time for full ML analysis: 67.729606 secs or 0.018814 hours or 0.000784 days

