
	reading taxa from FASTA ...


	H.robusta            -> sites: 2236  
	R.norvegicus         -> sites: 2236  
	G.turnbulli          -> sites: 2236  
	G.salaris            -> sites: 2236  
	H.microstoma         -> sites: 2236  
	C.sinensis           -> sites: 2236  
	D.rerio              -> sites: 2236  
	E.granulosus         -> sites: 2236  
	S.mediterranea       -> sites: 2236  
	S.mansoni            -> sites: 2236  
	D.melanogaster       -> sites: 2236  
	C.intestinalis       -> sites: 2236  


	data type             : amino acid sequences

	input ...

	infile		: EOG091G02IP.clustalo.aln.fasta
	random pairs	: 200000000000000000
	window size	: 6
	indels		: ambiguous
	tree file	: -
	node level	: -
	strict profile	: -
	outgroup	: -
	matrix          : BLOSUM62

	number of taxa        : 12
	random number of pairs: 200000000000000000

	generates threshhold value for amino acid data
	using BLOSUM62

	checks for (potential) identical taxa


	scores site patterns ...


	max number of different pairs is 66
	max random pairs are scored!

	pair: 1      ->	taxon1: H.robusta 	taxon2: R.norvegic
	            	positions below base line: 1372
	pair: 2      ->	taxon1: H.robusta 	taxon2: G.turnbull
	            	positions below base line: 1810
	pair: 3      ->	taxon1: H.robusta 	taxon2: G.salaris 
	            	positions below base line: 1769
	pair: 4      ->	taxon1: H.robusta 	taxon2: H.microsto
	            	positions below base line: 1574
	pair: 5      ->	taxon1: H.robusta 	taxon2: C.sinensis
	            	positions below base line: 1669
	pair: 6      ->	taxon1: H.robusta 	taxon2: D.rerio   
	            	positions below base line: 1378
	pair: 7      ->	taxon1: H.robusta 	taxon2: E.granulos
	            	positions below base line: 1682
	pair: 8      ->	taxon1: H.robusta 	taxon2: S.mediterr
	            	positions below base line: 1824
	pair: 9      ->	taxon1: H.robusta 	taxon2: S.mansoni 
	            	positions below base line: 1831
	pair: 10     ->	taxon1: H.robusta 	taxon2: D.melanoga
	            	positions below base line: 1457
	pair: 11     ->	taxon1: H.robusta 	taxon2: C.intestin
	            	positions below base line: 1453
	pair: 12     ->	taxon1: R.norvegic	taxon2: G.turnbull
	            	positions below base line: 1791
	pair: 13     ->	taxon1: R.norvegic	taxon2: G.salaris 
	            	positions below base line: 1719
	pair: 14     ->	taxon1: R.norvegic	taxon2: H.microsto
	            	positions below base line: 1516
	pair: 15     ->	taxon1: R.norvegic	taxon2: C.sinensis
	            	positions below base line: 1627
	pair: 16     ->	taxon1: R.norvegic	taxon2: D.rerio   
	            	positions below base line: 1003
	pair: 17     ->	taxon1: R.norvegic	taxon2: E.granulos
	            	positions below base line: 1646
	pair: 18     ->	taxon1: R.norvegic	taxon2: S.mediterr
	            	positions below base line: 1810
	pair: 19     ->	taxon1: R.norvegic	taxon2: S.mansoni 
	            	positions below base line: 1814
	pair: 20     ->	taxon1: R.norvegic	taxon2: D.melanoga
	            	positions below base line: 1258
	pair: 21     ->	taxon1: R.norvegic	taxon2: C.intestin
	            	positions below base line: 1246
	pair: 22     ->	taxon1: G.turnbull	taxon2: G.salaris 
	            	positions below base line: 1643
	pair: 23     ->	taxon1: G.turnbull	taxon2: H.microsto
	            	positions below base line: 1848
	pair: 24     ->	taxon1: G.turnbull	taxon2: C.sinensis
	            	positions below base line: 1876
	pair: 25     ->	taxon1: G.turnbull	taxon2: D.rerio   
	            	positions below base line: 1779
	pair: 26     ->	taxon1: G.turnbull	taxon2: E.granulos
	            	positions below base line: 1857
	pair: 27     ->	taxon1: G.turnbull	taxon2: S.mediterr
	            	positions below base line: 1687
	pair: 28     ->	taxon1: G.turnbull	taxon2: S.mansoni 
	            	positions below base line: 1644
	pair: 29     ->	taxon1: G.turnbull	taxon2: D.melanoga
	            	positions below base line: 1815
	pair: 30     ->	taxon1: G.turnbull	taxon2: C.intestin
	            	positions below base line: 1838
	pair: 31     ->	taxon1: G.salaris 	taxon2: H.microsto
	            	positions below base line: 1761
	pair: 32     ->	taxon1: G.salaris 	taxon2: C.sinensis
	            	positions below base line: 1776
	pair: 33     ->	taxon1: G.salaris 	taxon2: D.rerio   
	            	positions below base line: 1713
	pair: 34     ->	taxon1: G.salaris 	taxon2: E.granulos
	            	positions below base line: 1823
	pair: 35     ->	taxon1: G.salaris 	taxon2: S.mediterr
	            	positions below base line: 1559
	pair: 36     ->	taxon1: G.salaris 	taxon2: S.mansoni 
	            	positions below base line: 1716
	pair: 37     ->	taxon1: G.salaris 	taxon2: D.melanoga
	            	positions below base line: 1739
	pair: 38     ->	taxon1: G.salaris 	taxon2: C.intestin
	            	positions below base line: 1755
	pair: 39     ->	taxon1: H.microsto	taxon2: C.sinensis
	            	positions below base line: 1466
	pair: 40     ->	taxon1: H.microsto	taxon2: D.rerio   
	            	positions below base line: 1530
	pair: 41     ->	taxon1: H.microsto	taxon2: E.granulos
	            	positions below base line: 1404
	pair: 42     ->	taxon1: H.microsto	taxon2: S.mediterr
	            	positions below base line: 1847
	pair: 43     ->	taxon1: H.microsto	taxon2: S.mansoni 
	            	positions below base line: 1889
	pair: 44     ->	taxon1: H.microsto	taxon2: D.melanoga
	            	positions below base line: 1513
	pair: 45     ->	taxon1: H.microsto	taxon2: C.intestin
	            	positions below base line: 1527
	pair: 46     ->	taxon1: C.sinensis	taxon2: D.rerio   
	            	positions below base line: 1617
	pair: 47     ->	taxon1: C.sinensis	taxon2: E.granulos
	            	positions below base line: 1508
	pair: 48     ->	taxon1: C.sinensis	taxon2: S.mediterr
	            	positions below base line: 1877
	pair: 49     ->	taxon1: C.sinensis	taxon2: S.mansoni 
	            	positions below base line: 1876
	pair: 50     ->	taxon1: C.sinensis	taxon2: D.melanoga
	            	positions below base line: 1620
	pair: 51     ->	taxon1: C.sinensis	taxon2: C.intestin
	            	positions below base line: 1657
	pair: 52     ->	taxon1: D.rerio   	taxon2: E.granulos
	            	positions below base line: 1643
	pair: 53     ->	taxon1: D.rerio   	taxon2: S.mediterr
	            	positions below base line: 1800
	pair: 54     ->	taxon1: D.rerio   	taxon2: S.mansoni 
	            	positions below base line: 1824
	pair: 55     ->	taxon1: D.rerio   	taxon2: D.melanoga
	            	positions below base line: 1212
	pair: 56     ->	taxon1: D.rerio   	taxon2: C.intestin
	            	positions below base line: 1203
	pair: 57     ->	taxon1: E.granulos	taxon2: S.mediterr
	            	positions below base line: 1865
	pair: 58     ->	taxon1: E.granulos	taxon2: S.mansoni 
	            	positions below base line: 1863
	pair: 59     ->	taxon1: E.granulos	taxon2: D.melanoga
	            	positions below base line: 1660
	pair: 60     ->	taxon1: E.granulos	taxon2: C.intestin
	            	positions below base line: 1654
	pair: 61     ->	taxon1: S.mediterr	taxon2: S.mansoni 
	            	positions below base line: 1740
	pair: 62     ->	taxon1: S.mediterr	taxon2: D.melanoga
	            	positions below base line: 1797
	pair: 63     ->	taxon1: S.mediterr	taxon2: C.intestin
	            	positions below base line: 1802
	pair: 64     ->	taxon1: S.mansoni 	taxon2: D.melanoga
	            	positions below base line: 1853
	pair: 65     ->	taxon1: S.mansoni 	taxon2: C.intestin
	            	positions below base line: 1877
	pair: 66     ->	taxon1: D.melanoga	taxon2: C.intestin
	            	positions below base line: 1264

	generates quality profile from collected scores ...


	scoring done ...


	generates vector plot from collected scores ...


Argument "-" treated as 0 in increment (++) at /usr/bin/Aliscore.pl line 1213.
	Profile written to EOG091G02IP.clustalo.aln.fasta_Profile_random.txt
	List   written to EOG091G02IP.clustalo.aln.fasta_List_random.txt

	time used: 4.38 sec

