
	reading taxa from FASTA ...


	C.sinensis           -> sites: 578   
	R.norvegicus         -> sites: 578   
	O.viverrini          -> sites: 578   
	E.granulosus         -> sites: 578   
	D.rerio              -> sites: 578   
	S.mediterranea       -> sites: 578   
	T.solium             -> sites: 578   
	H.microstoma         -> sites: 578   
	C.intestinalis       -> sites: 578   


	data type             : amino acid sequences

	input ...

	infile		: EOG091G0D04.clustalo.aln.fasta
	random pairs	: 200000000000000000
	window size	: 6
	indels		: ambiguous
	tree file	: -
	node level	: -
	strict profile	: -
	outgroup	: -
	matrix          : BLOSUM62

	number of taxa        : 9
	random number of pairs: 200000000000000000

	generates threshhold value for amino acid data
	using BLOSUM62

	checks for (potential) identical taxa


	scores site patterns ...


	max number of different pairs is 36
	max random pairs are scored!

	pair: 1      ->	taxon1: C.sinensis	taxon2: R.norvegic
	            	positions below base line: 322
	pair: 2      ->	taxon1: C.sinensis	taxon2: O.viverrin
	            	positions below base line: 255
	pair: 3      ->	taxon1: C.sinensis	taxon2: E.granulos
	            	positions below base line: 408
	pair: 4      ->	taxon1: C.sinensis	taxon2: D.rerio   
	            	positions below base line: 332
	pair: 5      ->	taxon1: C.sinensis	taxon2: S.mediterr
	            	positions below base line: 350
	pair: 6      ->	taxon1: C.sinensis	taxon2: T.solium  
	            	positions below base line: 348
	pair: 7      ->	taxon1: C.sinensis	taxon2: H.microsto
	            	positions below base line: 359
	pair: 8      ->	taxon1: C.sinensis	taxon2: C.intestin
	            	positions below base line: 322
	pair: 9      ->	taxon1: R.norvegic	taxon2: O.viverrin
	            	positions below base line: 333
	pair: 10     ->	taxon1: R.norvegic	taxon2: E.granulos
	            	positions below base line: 409
	pair: 11     ->	taxon1: R.norvegic	taxon2: D.rerio   
	            	positions below base line: 253
	pair: 12     ->	taxon1: R.norvegic	taxon2: S.mediterr
	            	positions below base line: 324
	pair: 13     ->	taxon1: R.norvegic	taxon2: T.solium  
	            	positions below base line: 337
	pair: 14     ->	taxon1: R.norvegic	taxon2: H.microsto
	            	positions below base line: 366
	pair: 15     ->	taxon1: R.norvegic	taxon2: C.intestin
	            	positions below base line: 285
	pair: 16     ->	taxon1: O.viverrin	taxon2: E.granulos
	            	positions below base line: 408
	pair: 17     ->	taxon1: O.viverrin	taxon2: D.rerio   
	            	positions below base line: 339
	pair: 18     ->	taxon1: O.viverrin	taxon2: S.mediterr
	            	positions below base line: 351
	pair: 19     ->	taxon1: O.viverrin	taxon2: T.solium  
	            	positions below base line: 350
	pair: 20     ->	taxon1: O.viverrin	taxon2: H.microsto
	            	positions below base line: 374
	pair: 21     ->	taxon1: O.viverrin	taxon2: C.intestin
	            	positions below base line: 343
	pair: 22     ->	taxon1: E.granulos	taxon2: D.rerio   
	            	positions below base line: 393
	pair: 23     ->	taxon1: E.granulos	taxon2: S.mediterr
	            	positions below base line: 404
	pair: 24     ->	taxon1: E.granulos	taxon2: T.solium  
	            	positions below base line: 324
	pair: 25     ->	taxon1: E.granulos	taxon2: H.microsto
	            	positions below base line: 407
	pair: 26     ->	taxon1: E.granulos	taxon2: C.intestin
	            	positions below base line: 402
	pair: 27     ->	taxon1: D.rerio   	taxon2: S.mediterr
	            	positions below base line: 329
	pair: 28     ->	taxon1: D.rerio   	taxon2: T.solium  
	            	positions below base line: 330
	pair: 29     ->	taxon1: D.rerio   	taxon2: H.microsto
	            	positions below base line: 343
	pair: 30     ->	taxon1: D.rerio   	taxon2: C.intestin
	            	positions below base line: 298
	pair: 31     ->	taxon1: S.mediterr	taxon2: T.solium  
	            	positions below base line: 330
	pair: 32     ->	taxon1: S.mediterr	taxon2: H.microsto
	            	positions below base line: 363
	pair: 33     ->	taxon1: S.mediterr	taxon2: C.intestin
	            	positions below base line: 332
	pair: 34     ->	taxon1: T.solium  	taxon2: H.microsto
	            	positions below base line: 325
	pair: 35     ->	taxon1: T.solium  	taxon2: C.intestin
	            	positions below base line: 337
	pair: 36     ->	taxon1: H.microsto	taxon2: C.intestin
	            	positions below base line: 359

	generates quality profile from collected scores ...


	scoring done ...


	generates vector plot from collected scores ...


Argument "-" treated as 0 in increment (++) at /usr/bin/Aliscore.pl line 1213.
	Profile written to EOG091G0D04.clustalo.aln.fasta_Profile_random.txt
	List   written to EOG091G0D04.clustalo.aln.fasta_List_random.txt

	time used: 3.92 sec

