
RAxML can't, parse the alignment file as phylip file 
it will now try to parse it as FASTA file


This is the RAxML Master Pthread

This is RAxML Worker Pthread Number: 1


This is RAxML version 8.2.12 released by Alexandros Stamatakis on May 2018.

With greatly appreciated code contributions by:
Andre Aberer      (HITS)
Simon Berger      (HITS)
Alexey Kozlov     (HITS)
Kassian Kobert    (HITS)
David Dao         (KIT and HITS)
Sarah Lutteropp   (KIT and HITS)
Nick Pattengale   (Sandia)
Wayne Pfeiffer    (SDSC)
Akifumi S. Tanabe (NRIFS)
Charlie Taylor    (UF)


Alignment has 548 distinct alignment patterns

Proportion of gaps and completely undetermined characters in this alignment: 14.56%

RAxML rapid bootstrapping and subsequent ML search

Using 1 distinct models/data partitions with joint branch length optimization



Executing 100 rapid bootstrap inferences and thereafter a thorough ML search 

All free model parameters will be estimated by RAxML
GAMMA model of rate heterogeneity, ML estimate of alpha-parameter

GAMMA Model parameters will be estimated up to an accuracy of 0.1000000000 Log Likelihood units

Partition: 0
Alignment Patterns: 548
Name: No Name Provided
DataType: AA
Substitution Matrix: JTT
Using empirical base frequencies




RAxML was called as follows:

raxml -f a -T 2 -m PROTGAMMAJTTF -p 12345 -x 12345 -# 100 -s ALICUT_EOG091G03OT.clustalo.aln.fasta -n EOG091G03OT.clustalo.aln.ALICUT.JTTF 



Time for BS model parameter optimization 0.171223
Bootstrap[0]: Time 1.400084 seconds, bootstrap likelihood -8044.879202, best rearrangement setting 13
Bootstrap[1]: Time 1.138903 seconds, bootstrap likelihood -8055.514638, best rearrangement setting 13
Bootstrap[2]: Time 1.229371 seconds, bootstrap likelihood -7577.982135, best rearrangement setting 12
Bootstrap[3]: Time 0.542003 seconds, bootstrap likelihood -7941.979300, best rearrangement setting 15
Bootstrap[4]: Time 1.480521 seconds, bootstrap likelihood -7650.407692, best rearrangement setting 10
Bootstrap[5]: Time 1.663067 seconds, bootstrap likelihood -7830.230998, best rearrangement setting 10
Bootstrap[6]: Time 1.492656 seconds, bootstrap likelihood -7979.009105, best rearrangement setting 6
Bootstrap[7]: Time 1.017126 seconds, bootstrap likelihood -7808.057446, best rearrangement setting 14
Bootstrap[8]: Time 1.071327 seconds, bootstrap likelihood -7887.965256, best rearrangement setting 5
Bootstrap[9]: Time 1.061182 seconds, bootstrap likelihood -7919.844850, best rearrangement setting 7
Bootstrap[10]: Time 1.066871 seconds, bootstrap likelihood -8178.416234, best rearrangement setting 7
Bootstrap[11]: Time 1.281317 seconds, bootstrap likelihood -7937.178244, best rearrangement setting 5
Bootstrap[12]: Time 1.103067 seconds, bootstrap likelihood -8303.573708, best rearrangement setting 8
Bootstrap[13]: Time 1.119786 seconds, bootstrap likelihood -7823.279643, best rearrangement setting 7
Bootstrap[14]: Time 1.085331 seconds, bootstrap likelihood -7741.849847, best rearrangement setting 12
Bootstrap[15]: Time 1.234767 seconds, bootstrap likelihood -7926.898313, best rearrangement setting 15
Bootstrap[16]: Time 1.203906 seconds, bootstrap likelihood -8250.682746, best rearrangement setting 12
Bootstrap[17]: Time 1.175132 seconds, bootstrap likelihood -7887.198026, best rearrangement setting 12
Bootstrap[18]: Time 1.116691 seconds, bootstrap likelihood -7645.983825, best rearrangement setting 5
Bootstrap[19]: Time 1.072863 seconds, bootstrap likelihood -8156.484040, best rearrangement setting 8
Bootstrap[20]: Time 1.107821 seconds, bootstrap likelihood -7959.928722, best rearrangement setting 10
Bootstrap[21]: Time 1.091162 seconds, bootstrap likelihood -7494.426595, best rearrangement setting 6
Bootstrap[22]: Time 1.232326 seconds, bootstrap likelihood -7655.789067, best rearrangement setting 5
Bootstrap[23]: Time 1.001672 seconds, bootstrap likelihood -7690.570125, best rearrangement setting 7
Bootstrap[24]: Time 1.261310 seconds, bootstrap likelihood -7745.313125, best rearrangement setting 8
Bootstrap[25]: Time 1.133706 seconds, bootstrap likelihood -8198.608065, best rearrangement setting 6
Bootstrap[26]: Time 1.164528 seconds, bootstrap likelihood -8061.987566, best rearrangement setting 12
Bootstrap[27]: Time 1.004298 seconds, bootstrap likelihood -7610.018969, best rearrangement setting 10
Bootstrap[28]: Time 0.518738 seconds, bootstrap likelihood -7952.741876, best rearrangement setting 11
Bootstrap[29]: Time 1.259925 seconds, bootstrap likelihood -7960.317219, best rearrangement setting 12
Bootstrap[30]: Time 1.154012 seconds, bootstrap likelihood -8089.405633, best rearrangement setting 15
Bootstrap[31]: Time 0.558320 seconds, bootstrap likelihood -7701.273593, best rearrangement setting 15
Bootstrap[32]: Time 1.203058 seconds, bootstrap likelihood -7871.930573, best rearrangement setting 6
Bootstrap[33]: Time 1.030365 seconds, bootstrap likelihood -7849.402251, best rearrangement setting 15
Bootstrap[34]: Time 0.510362 seconds, bootstrap likelihood -8294.195701, best rearrangement setting 11
Bootstrap[35]: Time 1.190837 seconds, bootstrap likelihood -7845.800487, best rearrangement setting 8
Bootstrap[36]: Time 1.061588 seconds, bootstrap likelihood -7759.939310, best rearrangement setting 9
Bootstrap[37]: Time 1.108725 seconds, bootstrap likelihood -7969.266638, best rearrangement setting 11
Bootstrap[38]: Time 0.975853 seconds, bootstrap likelihood -7926.790821, best rearrangement setting 8
Bootstrap[39]: Time 1.166100 seconds, bootstrap likelihood -8074.084849, best rearrangement setting 13
Bootstrap[40]: Time 1.174885 seconds, bootstrap likelihood -7754.167680, best rearrangement setting 13
Bootstrap[41]: Time 1.007157 seconds, bootstrap likelihood -7873.389818, best rearrangement setting 10
Bootstrap[42]: Time 1.112573 seconds, bootstrap likelihood -8066.990061, best rearrangement setting 5
Bootstrap[43]: Time 1.487917 seconds, bootstrap likelihood -7915.925818, best rearrangement setting 14
Bootstrap[44]: Time 1.443027 seconds, bootstrap likelihood -7783.544054, best rearrangement setting 10
Bootstrap[45]: Time 1.203750 seconds, bootstrap likelihood -7933.341258, best rearrangement setting 15
Bootstrap[46]: Time 1.352166 seconds, bootstrap likelihood -7969.595582, best rearrangement setting 14
Bootstrap[47]: Time 1.996323 seconds, bootstrap likelihood -7823.371863, best rearrangement setting 8
Bootstrap[48]: Time 1.991567 seconds, bootstrap likelihood -7863.127441, best rearrangement setting 6
Bootstrap[49]: Time 1.660258 seconds, bootstrap likelihood -8020.598325, best rearrangement setting 7
Bootstrap[50]: Time 1.856532 seconds, bootstrap likelihood -8320.578598, best rearrangement setting 7
Bootstrap[51]: Time 1.732365 seconds, bootstrap likelihood -8037.108508, best rearrangement setting 11
Bootstrap[52]: Time 1.791642 seconds, bootstrap likelihood -7928.966836, best rearrangement setting 12
Bootstrap[53]: Time 2.059360 seconds, bootstrap likelihood -8295.169754, best rearrangement setting 8
Bootstrap[54]: Time 2.012417 seconds, bootstrap likelihood -8118.649197, best rearrangement setting 9
Bootstrap[55]: Time 2.327831 seconds, bootstrap likelihood -7641.083251, best rearrangement setting 11
Bootstrap[56]: Time 1.651156 seconds, bootstrap likelihood -8284.409989, best rearrangement setting 5
Bootstrap[57]: Time 1.840560 seconds, bootstrap likelihood -7623.043927, best rearrangement setting 7
Bootstrap[58]: Time 0.902869 seconds, bootstrap likelihood -7985.149236, best rearrangement setting 10
Bootstrap[59]: Time 2.215611 seconds, bootstrap likelihood -7731.744213, best rearrangement setting 9
Bootstrap[60]: Time 1.723081 seconds, bootstrap likelihood -7803.643061, best rearrangement setting 7
Bootstrap[61]: Time 2.058705 seconds, bootstrap likelihood -7903.910537, best rearrangement setting 5
Bootstrap[62]: Time 1.701461 seconds, bootstrap likelihood -7814.528474, best rearrangement setting 11
Bootstrap[63]: Time 1.758925 seconds, bootstrap likelihood -8175.618745, best rearrangement setting 12
Bootstrap[64]: Time 1.792708 seconds, bootstrap likelihood -8018.966331, best rearrangement setting 7
Bootstrap[65]: Time 1.222076 seconds, bootstrap likelihood -8219.613863, best rearrangement setting 5
Bootstrap[66]: Time 1.122700 seconds, bootstrap likelihood -7912.731233, best rearrangement setting 5
Bootstrap[67]: Time 1.158868 seconds, bootstrap likelihood -8234.254047, best rearrangement setting 15
Bootstrap[68]: Time 1.006980 seconds, bootstrap likelihood -7888.780206, best rearrangement setting 11
Bootstrap[69]: Time 1.295372 seconds, bootstrap likelihood -7928.190044, best rearrangement setting 5
Bootstrap[70]: Time 1.081837 seconds, bootstrap likelihood -7834.374522, best rearrangement setting 8
Bootstrap[71]: Time 0.997006 seconds, bootstrap likelihood -7842.444287, best rearrangement setting 10
Bootstrap[72]: Time 1.099634 seconds, bootstrap likelihood -7971.498661, best rearrangement setting 11
Bootstrap[73]: Time 1.041277 seconds, bootstrap likelihood -7757.443750, best rearrangement setting 9
Bootstrap[74]: Time 1.181759 seconds, bootstrap likelihood -8211.084990, best rearrangement setting 5
Bootstrap[75]: Time 1.207742 seconds, bootstrap likelihood -8037.613255, best rearrangement setting 8
Bootstrap[76]: Time 1.333395 seconds, bootstrap likelihood -7670.662667, best rearrangement setting 9
Bootstrap[77]: Time 1.259566 seconds, bootstrap likelihood -7970.698313, best rearrangement setting 11
Bootstrap[78]: Time 1.232159 seconds, bootstrap likelihood -8382.743973, best rearrangement setting 15
Bootstrap[79]: Time 1.011360 seconds, bootstrap likelihood -7977.404996, best rearrangement setting 9
Bootstrap[80]: Time 1.048998 seconds, bootstrap likelihood -7798.602879, best rearrangement setting 15
Bootstrap[81]: Time 1.146940 seconds, bootstrap likelihood -8376.427396, best rearrangement setting 7
Bootstrap[82]: Time 1.534077 seconds, bootstrap likelihood -8231.629845, best rearrangement setting 6
Bootstrap[83]: Time 1.224015 seconds, bootstrap likelihood -8124.503483, best rearrangement setting 10
Bootstrap[84]: Time 1.136641 seconds, bootstrap likelihood -7788.981025, best rearrangement setting 11
Bootstrap[85]: Time 0.942645 seconds, bootstrap likelihood -7867.440461, best rearrangement setting 8
Bootstrap[86]: Time 1.030197 seconds, bootstrap likelihood -7920.218643, best rearrangement setting 7
Bootstrap[87]: Time 1.099212 seconds, bootstrap likelihood -7848.992082, best rearrangement setting 7
Bootstrap[88]: Time 0.957658 seconds, bootstrap likelihood -7792.969554, best rearrangement setting 12
Bootstrap[89]: Time 0.519927 seconds, bootstrap likelihood -7979.324575, best rearrangement setting 10
Bootstrap[90]: Time 1.193285 seconds, bootstrap likelihood -7753.084038, best rearrangement setting 8
Bootstrap[91]: Time 1.178604 seconds, bootstrap likelihood -8340.569495, best rearrangement setting 12
Bootstrap[92]: Time 1.162198 seconds, bootstrap likelihood -7768.409610, best rearrangement setting 13
Bootstrap[93]: Time 1.519341 seconds, bootstrap likelihood -7961.639653, best rearrangement setting 15
Bootstrap[94]: Time 1.226435 seconds, bootstrap likelihood -7904.572813, best rearrangement setting 5
Bootstrap[95]: Time 1.205881 seconds, bootstrap likelihood -8106.843190, best rearrangement setting 5
Bootstrap[96]: Time 1.192184 seconds, bootstrap likelihood -7958.594703, best rearrangement setting 13
Bootstrap[97]: Time 1.063240 seconds, bootstrap likelihood -8211.161674, best rearrangement setting 11
Bootstrap[98]: Time 1.182078 seconds, bootstrap likelihood -8214.672656, best rearrangement setting 6
Bootstrap[99]: Time 1.077412 seconds, bootstrap likelihood -7634.462168, best rearrangement setting 14


Overall Time for 100 Rapid Bootstraps 126.058997 seconds
Average Time per Rapid Bootstrap 1.260590 seconds

Starting ML Search ...

Fast ML optimization finished

Fast ML search Time: 71.040517 seconds

Slow ML Search 0 Likelihood: -7995.355258
Slow ML Search 1 Likelihood: -7995.355258
Slow ML Search 2 Likelihood: -7995.355258
Slow ML Search 3 Likelihood: -7995.355258
Slow ML Search 4 Likelihood: -7995.355258
Slow ML Search 5 Likelihood: -7995.355258
Slow ML Search 6 Likelihood: -7995.355258
Slow ML Search 7 Likelihood: -7995.355258
Slow ML Search 8 Likelihood: -7995.355258
Slow ML Search 9 Likelihood: -7995.355258
Slow ML optimization finished

Slow ML search Time: 29.179693 seconds
Thorough ML search Time: 1.878415 seconds

Final ML Optimization Likelihood: -7995.355259

Model Information:

Model Parameters of Partition 0, Name: No Name Provided, Type of Data: AA
alpha: 1.448741
Tree-Length: 4.199387
rate A <-> R: 0.603538
rate A <-> N: 0.561915
rate A <-> D: 0.842872
rate A <-> C: 0.582726
rate A <-> Q: 0.593132
rate A <-> E: 1.092612
rate A <-> G: 1.862643
rate A <-> H: 0.280957
rate A <-> I: 0.374610
rate A <-> L: 0.312175
rate A <-> K: 0.364204
rate A <-> M: 0.561915
rate A <-> F: 0.156087
rate A <-> P: 2.018730
rate A <-> S: 3.933403
rate A <-> T: 4.942768
rate A <-> W: 0.093652
rate A <-> Y: 0.114464
rate A <-> V: 3.100937
rate R <-> N: 0.468262
rate R <-> D: 0.166493
rate R <-> C: 1.175858
rate R <-> Q: 3.225806
rate R <-> E: 0.301769
rate R <-> G: 1.425598
rate R <-> H: 3.413111
rate R <-> I: 0.228928
rate R <-> L: 0.395421
rate R <-> K: 6.722164
rate R <-> M: 0.457856
rate R <-> F: 0.052029
rate R <-> P: 0.770031
rate R <-> S: 1.050989
rate R <-> T: 0.665973
rate R <-> W: 1.311134
rate R <-> Y: 0.208117
rate R <-> V: 0.176899
rate N <-> D: 5.494277
rate N <-> C: 0.353798
rate N <-> Q: 0.894901
rate N <-> E: 0.603538
rate N <-> G: 0.842872
rate N <-> H: 4.068678
rate N <-> I: 0.489074
rate N <-> L: 0.124870
rate N <-> K: 2.736733
rate N <-> M: 0.312175
rate N <-> F: 0.104058
rate N <-> P: 0.156087
rate N <-> S: 5.234131
rate N <-> T: 2.414152
rate N <-> W: 0.083247
rate N <-> Y: 0.728408
rate N <-> V: 0.166493
rate D <-> C: 0.104058
rate D <-> Q: 0.509886
rate D <-> E: 7.981270
rate D <-> G: 1.352758
rate D <-> H: 1.165453
rate D <-> I: 0.114464
rate D <-> L: 0.072841
rate D <-> K: 0.270552
rate D <-> M: 0.156087
rate D <-> F: 0.041623
rate D <-> P: 0.156087
rate D <-> S: 0.613944
rate D <-> T: 0.395421
rate D <-> W: 0.041623
rate D <-> Y: 0.478668
rate D <-> V: 0.322581
rate C <-> Q: 0.093652
rate C <-> E: 0.052029
rate C <-> G: 0.613944
rate C <-> H: 0.718002
rate C <-> I: 0.176899
rate C <-> L: 0.239334
rate C <-> K: 0.072841
rate C <-> M: 0.322581
rate C <-> F: 0.811655
rate C <-> P: 0.145682
rate C <-> S: 2.320499
rate C <-> T: 0.437045
rate C <-> W: 1.196670
rate C <-> Y: 2.174818
rate C <-> V: 0.645161
rate Q <-> E: 3.361082
rate Q <-> G: 0.270552
rate Q <-> H: 6.212279
rate Q <-> I: 0.093652
rate Q <-> L: 0.749220
rate Q <-> K: 3.038502
rate Q <-> M: 0.447451
rate Q <-> F: 0.041623
rate Q <-> P: 1.706556
rate Q <-> S: 0.551509
rate Q <-> T: 0.530697
rate Q <-> W: 0.187305
rate Q <-> Y: 0.249740
rate Q <-> V: 0.208117
rate E <-> G: 1.238293
rate E <-> H: 0.270552
rate E <-> I: 0.124870
rate E <-> L: 0.093652
rate E <-> K: 1.883455
rate E <-> M: 0.187305
rate E <-> F: 0.052029
rate E <-> P: 0.187305
rate E <-> S: 0.312175
rate E <-> T: 0.332986
rate E <-> W: 0.104058
rate E <-> Y: 0.072841
rate E <-> V: 0.468262
rate G <-> H: 0.239334
rate G <-> I: 0.062435
rate G <-> L: 0.062435
rate G <-> K: 0.280957
rate G <-> M: 0.145682
rate G <-> F: 0.052029
rate G <-> P: 0.249740
rate G <-> S: 2.091571
rate G <-> T: 0.343392
rate G <-> W: 0.572320
rate G <-> Y: 0.083247
rate G <-> V: 0.489074
rate H <-> I: 0.166493
rate H <-> L: 0.582726
rate H <-> K: 0.468262
rate H <-> M: 0.343392
rate H <-> F: 0.416233
rate H <-> P: 1.196670
rate H <-> S: 0.759625
rate H <-> T: 0.478668
rate H <-> W: 0.083247
rate H <-> Y: 5.962539
rate H <-> V: 0.114464
rate I <-> L: 2.382934
rate I <-> K: 0.218522
rate I <-> M: 4.984391
rate I <-> F: 0.926119
rate I <-> P: 0.104058
rate I <-> S: 0.416233
rate I <-> T: 2.549428
rate I <-> W: 0.093652
rate I <-> Y: 0.332986
rate I <-> V: 10.000000
rate L <-> K: 0.145682
rate L <-> M: 4.037461
rate L <-> F: 2.580645
rate L <-> P: 1.061394
rate L <-> S: 0.613944
rate L <-> T: 0.260146
rate L <-> W: 0.541103
rate L <-> Y: 0.249740
rate L <-> V: 1.873049
rate K <-> M: 0.676379
rate K <-> F: 0.041623
rate K <-> P: 0.218522
rate K <-> S: 0.489074
rate K <-> T: 1.071800
rate K <-> W: 0.104058
rate K <-> Y: 0.083247
rate K <-> V: 0.145682
rate M <-> F: 0.447451
rate M <-> P: 0.166493
rate M <-> S: 0.301769
rate M <-> T: 2.351717
rate M <-> W: 0.249740
rate M <-> Y: 0.187305
rate M <-> V: 3.361082
rate F <-> P: 0.176899
rate F <-> S: 0.957336
rate F <-> T: 0.124870
rate F <-> W: 0.551509
rate F <-> Y: 5.577523
rate F <-> V: 0.645161
rate P <-> S: 2.965661
rate P <-> T: 1.227888
rate P <-> W: 0.062435
rate P <-> Y: 0.104058
rate P <-> V: 0.239334
rate S <-> T: 4.963580
rate S <-> W: 0.364204
rate S <-> Y: 0.655567
rate S <-> V: 0.395421
rate T <-> W: 0.124870
rate T <-> Y: 0.218522
rate T <-> V: 1.165453
rate W <-> Y: 0.738814
rate W <-> V: 0.260146
rate Y <-> V: 0.166493

freq pi(A): 0.092947
freq pi(R): 0.040910
freq pi(N): 0.045492
freq pi(D): 0.047946
freq pi(C): 0.022091
freq pi(Q): 0.054656
freq pi(E): 0.094584
freq pi(G): 0.039928
freq pi(H): 0.026673
freq pi(I): 0.058092
freq pi(L): 0.110457
freq pi(K): 0.061856
freq pi(M): 0.027491
freq pi(F): 0.040910
freq pi(P): 0.027328
freq pi(S): 0.044837
freq pi(T): 0.046310
freq pi(W): 0.005400
freq pi(Y): 0.062019
freq pi(V): 0.050074


ML search took 102.121919 secs or 0.028367 hours

Combined Bootstrap and ML search took 228.181152 secs or 0.063384 hours

Drawing Bootstrap Support Values on best-scoring ML tree ...



Found 1 tree in File /in/RAxML_bestTree.EOG091G03OT.clustalo.aln.ALICUT.JTTF



Found 1 tree in File /in/RAxML_bestTree.EOG091G03OT.clustalo.aln.ALICUT.JTTF

Program execution info written to /in/RAxML_info.EOG091G03OT.clustalo.aln.ALICUT.JTTF
All 100 bootstrapped trees written to: /in/RAxML_bootstrap.EOG091G03OT.clustalo.aln.ALICUT.JTTF

Best-scoring ML tree written to: /in/RAxML_bestTree.EOG091G03OT.clustalo.aln.ALICUT.JTTF

Best-scoring ML tree with support values written to: /in/RAxML_bipartitions.EOG091G03OT.clustalo.aln.ALICUT.JTTF

Best-scoring ML tree with support values as branch labels written to: /in/RAxML_bipartitionsBranchLabels.EOG091G03OT.clustalo.aln.ALICUT.JTTF

Overall execution time for full ML analysis: 228.183091 secs or 0.063384 hours or 0.002641 days

