
WARNING: The number of threads is currently set to 1
You can specify the number of threads to run via -T numberOfThreads
NumberOfThreads must be set to an integer value greater than 1

RAxML, will now set the number of threads automatically to 2 !


RAxML can't, parse the alignment file as phylip file 
it will now try to parse it as FASTA file


This is the RAxML Master Pthread

This is RAxML Worker Pthread Number: 1


This is RAxML version 8.2.12 released by Alexandros Stamatakis on May 2018.

With greatly appreciated code contributions by:
Andre Aberer      (HITS)
Simon Berger      (HITS)
Alexey Kozlov     (HITS)
Kassian Kobert    (HITS)
David Dao         (KIT and HITS)
Sarah Lutteropp   (KIT and HITS)
Nick Pattengale   (Sandia)
Wayne Pfeiffer    (SDSC)
Akifumi S. Tanabe (NRIFS)
Charlie Taylor    (UF)


Alignment has 146 distinct alignment patterns

Proportion of gaps and completely undetermined characters in this alignment: 7.07%

RAxML rapid bootstrapping and subsequent ML search

Using 1 distinct models/data partitions with joint branch length optimization



Executing 100 rapid bootstrap inferences and thereafter a thorough ML search 

All free model parameters will be estimated by RAxML
GAMMA model of rate heterogeneity, ML estimate of alpha-parameter

GAMMA Model parameters will be estimated up to an accuracy of 0.1000000000 Log Likelihood units

Partition: 0
Alignment Patterns: 146
Name: No Name Provided
DataType: AA
Substitution Matrix: LG
Using fixed base frequencies




RAxML was called as follows:

raxml -f a -T 1 -m PROTGAMMALG -p 12345 -x 12345 -# 100 -s ALICUT_EOG091G0NKD.clustalo.aln.fasta -n EOG091G0NKD.clustalo.aln.ALICUT.LG 



Time for BS model parameter optimization 0.063307
Bootstrap[0]: Time 0.867562 seconds, bootstrap likelihood -2481.829800, best rearrangement setting 13
Bootstrap[1]: Time 0.675440 seconds, bootstrap likelihood -2540.464607, best rearrangement setting 13
Bootstrap[2]: Time 0.697900 seconds, bootstrap likelihood -2402.426317, best rearrangement setting 12
Bootstrap[3]: Time 0.317882 seconds, bootstrap likelihood -2625.985741, best rearrangement setting 15
Bootstrap[4]: Time 0.691922 seconds, bootstrap likelihood -2405.913712, best rearrangement setting 10
Bootstrap[5]: Time 0.673768 seconds, bootstrap likelihood -2702.440519, best rearrangement setting 10
Bootstrap[6]: Time 0.851407 seconds, bootstrap likelihood -2671.101846, best rearrangement setting 6
Bootstrap[7]: Time 0.787440 seconds, bootstrap likelihood -2597.126391, best rearrangement setting 14
Bootstrap[8]: Time 0.670765 seconds, bootstrap likelihood -2460.353018, best rearrangement setting 5
Bootstrap[9]: Time 0.704335 seconds, bootstrap likelihood -2453.064727, best rearrangement setting 7
Bootstrap[10]: Time 0.602867 seconds, bootstrap likelihood -2398.079635, best rearrangement setting 7
Bootstrap[11]: Time 0.823748 seconds, bootstrap likelihood -2502.602435, best rearrangement setting 5
Bootstrap[12]: Time 0.612949 seconds, bootstrap likelihood -2577.464285, best rearrangement setting 8
Bootstrap[13]: Time 0.717188 seconds, bootstrap likelihood -2500.880416, best rearrangement setting 7
Bootstrap[14]: Time 0.769909 seconds, bootstrap likelihood -2643.448597, best rearrangement setting 12
Bootstrap[15]: Time 0.673895 seconds, bootstrap likelihood -2540.830785, best rearrangement setting 15
Bootstrap[16]: Time 0.727859 seconds, bootstrap likelihood -2483.512746, best rearrangement setting 12
Bootstrap[17]: Time 0.660101 seconds, bootstrap likelihood -2512.813884, best rearrangement setting 12
Bootstrap[18]: Time 0.667298 seconds, bootstrap likelihood -2581.084594, best rearrangement setting 5
Bootstrap[19]: Time 0.675551 seconds, bootstrap likelihood -2493.037564, best rearrangement setting 8
Bootstrap[20]: Time 0.718337 seconds, bootstrap likelihood -2398.697479, best rearrangement setting 10
Bootstrap[21]: Time 0.825963 seconds, bootstrap likelihood -2718.980941, best rearrangement setting 6
Bootstrap[22]: Time 0.699232 seconds, bootstrap likelihood -2543.048342, best rearrangement setting 5
Bootstrap[23]: Time 0.637441 seconds, bootstrap likelihood -2502.137688, best rearrangement setting 7
Bootstrap[24]: Time 0.705059 seconds, bootstrap likelihood -2482.662101, best rearrangement setting 8
Bootstrap[25]: Time 0.829854 seconds, bootstrap likelihood -2633.939851, best rearrangement setting 6
Bootstrap[26]: Time 0.829096 seconds, bootstrap likelihood -2641.916995, best rearrangement setting 12
Bootstrap[27]: Time 0.750634 seconds, bootstrap likelihood -2763.241153, best rearrangement setting 10
Bootstrap[28]: Time 0.636988 seconds, bootstrap likelihood -2403.833605, best rearrangement setting 11
Bootstrap[29]: Time 0.784519 seconds, bootstrap likelihood -2679.073996, best rearrangement setting 12
Bootstrap[30]: Time 0.752160 seconds, bootstrap likelihood -2517.378314, best rearrangement setting 15
Bootstrap[31]: Time 0.699321 seconds, bootstrap likelihood -2683.107650, best rearrangement setting 15
Bootstrap[32]: Time 0.902429 seconds, bootstrap likelihood -2511.760486, best rearrangement setting 6
Bootstrap[33]: Time 0.860862 seconds, bootstrap likelihood -2598.643467, best rearrangement setting 15
Bootstrap[34]: Time 0.731633 seconds, bootstrap likelihood -2474.263907, best rearrangement setting 11
Bootstrap[35]: Time 0.641241 seconds, bootstrap likelihood -2597.072008, best rearrangement setting 8
Bootstrap[36]: Time 0.683227 seconds, bootstrap likelihood -2375.599315, best rearrangement setting 9
Bootstrap[37]: Time 0.703002 seconds, bootstrap likelihood -2522.236998, best rearrangement setting 11
Bootstrap[38]: Time 0.654319 seconds, bootstrap likelihood -2394.050787, best rearrangement setting 8
Bootstrap[39]: Time 0.923294 seconds, bootstrap likelihood -2353.460181, best rearrangement setting 13
Bootstrap[40]: Time 0.742816 seconds, bootstrap likelihood -2660.526108, best rearrangement setting 13
Bootstrap[41]: Time 0.741621 seconds, bootstrap likelihood -2521.160135, best rearrangement setting 10
Bootstrap[42]: Time 0.632762 seconds, bootstrap likelihood -2385.308315, best rearrangement setting 5
Bootstrap[43]: Time 0.706161 seconds, bootstrap likelihood -2343.068380, best rearrangement setting 14
Bootstrap[44]: Time 0.983760 seconds, bootstrap likelihood -2568.061680, best rearrangement setting 10
Bootstrap[45]: Time 0.858981 seconds, bootstrap likelihood -2479.348510, best rearrangement setting 15
Bootstrap[46]: Time 0.708219 seconds, bootstrap likelihood -2614.341313, best rearrangement setting 14
Bootstrap[47]: Time 0.657718 seconds, bootstrap likelihood -2412.670708, best rearrangement setting 8
Bootstrap[48]: Time 0.672456 seconds, bootstrap likelihood -2756.795409, best rearrangement setting 6
Bootstrap[49]: Time 0.717077 seconds, bootstrap likelihood -2262.120397, best rearrangement setting 7
Bootstrap[50]: Time 0.837150 seconds, bootstrap likelihood -2373.701169, best rearrangement setting 7
Bootstrap[51]: Time 0.955106 seconds, bootstrap likelihood -2746.445914, best rearrangement setting 11
Bootstrap[52]: Time 0.853993 seconds, bootstrap likelihood -2653.130395, best rearrangement setting 12
Bootstrap[53]: Time 0.771153 seconds, bootstrap likelihood -2506.560427, best rearrangement setting 8
Bootstrap[54]: Time 0.610759 seconds, bootstrap likelihood -2461.559493, best rearrangement setting 9
Bootstrap[55]: Time 0.702389 seconds, bootstrap likelihood -2758.134137, best rearrangement setting 11
Bootstrap[56]: Time 0.782034 seconds, bootstrap likelihood -2445.966058, best rearrangement setting 5
Bootstrap[57]: Time 0.677127 seconds, bootstrap likelihood -2612.294082, best rearrangement setting 7
Bootstrap[58]: Time 0.868444 seconds, bootstrap likelihood -2627.625896, best rearrangement setting 10
Bootstrap[59]: Time 0.745417 seconds, bootstrap likelihood -2496.660318, best rearrangement setting 9
Bootstrap[60]: Time 0.687936 seconds, bootstrap likelihood -2528.411174, best rearrangement setting 7
Bootstrap[61]: Time 0.592456 seconds, bootstrap likelihood -2478.960557, best rearrangement setting 5
Bootstrap[62]: Time 0.814158 seconds, bootstrap likelihood -2225.332440, best rearrangement setting 11
Bootstrap[63]: Time 0.706867 seconds, bootstrap likelihood -2526.030788, best rearrangement setting 12
Bootstrap[64]: Time 0.671410 seconds, bootstrap likelihood -2312.995942, best rearrangement setting 7
Bootstrap[65]: Time 0.669613 seconds, bootstrap likelihood -2502.290088, best rearrangement setting 5
Bootstrap[66]: Time 0.814141 seconds, bootstrap likelihood -2558.178592, best rearrangement setting 5
Bootstrap[67]: Time 0.833567 seconds, bootstrap likelihood -2541.915536, best rearrangement setting 15
Bootstrap[68]: Time 0.732606 seconds, bootstrap likelihood -2699.629574, best rearrangement setting 11
Bootstrap[69]: Time 0.390199 seconds, bootstrap likelihood -2506.969538, best rearrangement setting 5
Bootstrap[70]: Time 0.441959 seconds, bootstrap likelihood -2590.391828, best rearrangement setting 8
Bootstrap[71]: Time 0.439582 seconds, bootstrap likelihood -2603.711598, best rearrangement setting 10
Bootstrap[72]: Time 0.226758 seconds, bootstrap likelihood -2527.683540, best rearrangement setting 11
Bootstrap[73]: Time 0.219596 seconds, bootstrap likelihood -2454.034558, best rearrangement setting 9
Bootstrap[74]: Time 0.432747 seconds, bootstrap likelihood -2506.724463, best rearrangement setting 5
Bootstrap[75]: Time 0.441432 seconds, bootstrap likelihood -2514.395444, best rearrangement setting 8
Bootstrap[76]: Time 0.430144 seconds, bootstrap likelihood -2572.335809, best rearrangement setting 9
Bootstrap[77]: Time 0.426917 seconds, bootstrap likelihood -2610.057413, best rearrangement setting 11
Bootstrap[78]: Time 0.468031 seconds, bootstrap likelihood -2489.263731, best rearrangement setting 15
Bootstrap[79]: Time 0.430873 seconds, bootstrap likelihood -2424.005573, best rearrangement setting 9
Bootstrap[80]: Time 0.425727 seconds, bootstrap likelihood -2536.876040, best rearrangement setting 15
Bootstrap[81]: Time 0.367762 seconds, bootstrap likelihood -2318.098025, best rearrangement setting 7
Bootstrap[82]: Time 0.393094 seconds, bootstrap likelihood -2376.465623, best rearrangement setting 6
Bootstrap[83]: Time 0.474844 seconds, bootstrap likelihood -2321.443435, best rearrangement setting 10
Bootstrap[84]: Time 0.423036 seconds, bootstrap likelihood -2590.608155, best rearrangement setting 11
Bootstrap[85]: Time 0.388954 seconds, bootstrap likelihood -2712.677150, best rearrangement setting 8
Bootstrap[86]: Time 0.387196 seconds, bootstrap likelihood -2474.206462, best rearrangement setting 7
Bootstrap[87]: Time 0.351059 seconds, bootstrap likelihood -2440.848911, best rearrangement setting 7
Bootstrap[88]: Time 0.475566 seconds, bootstrap likelihood -2551.341226, best rearrangement setting 12
Bootstrap[89]: Time 0.554576 seconds, bootstrap likelihood -2697.724372, best rearrangement setting 10
Bootstrap[90]: Time 0.453331 seconds, bootstrap likelihood -2399.101478, best rearrangement setting 8
Bootstrap[91]: Time 0.472344 seconds, bootstrap likelihood -2471.242176, best rearrangement setting 12
Bootstrap[92]: Time 0.405229 seconds, bootstrap likelihood -2544.666795, best rearrangement setting 13
Bootstrap[93]: Time 0.403223 seconds, bootstrap likelihood -2568.700981, best rearrangement setting 15
Bootstrap[94]: Time 0.440661 seconds, bootstrap likelihood -2571.402885, best rearrangement setting 5
Bootstrap[95]: Time 0.450180 seconds, bootstrap likelihood -2431.889291, best rearrangement setting 5
Bootstrap[96]: Time 0.544032 seconds, bootstrap likelihood -2344.279803, best rearrangement setting 13
Bootstrap[97]: Time 0.488688 seconds, bootstrap likelihood -2456.985444, best rearrangement setting 11
Bootstrap[98]: Time 0.493358 seconds, bootstrap likelihood -2577.643049, best rearrangement setting 6
Bootstrap[99]: Time 0.531887 seconds, bootstrap likelihood -2480.103033, best rearrangement setting 14


Overall Time for 100 Rapid Bootstraps 63.881756 seconds
Average Time per Rapid Bootstrap 0.638818 seconds

Starting ML Search ...

Fast ML optimization finished

Fast ML search Time: 44.853180 seconds

Slow ML Search 0 Likelihood: -2535.785526
Slow ML Search 1 Likelihood: -2535.785526
Slow ML Search 2 Likelihood: -2535.785526
Slow ML Search 3 Likelihood: -2535.785526
Slow ML Search 4 Likelihood: -2535.785526
Slow ML Search 5 Likelihood: -2535.785526
Slow ML Search 6 Likelihood: -2535.785526
Slow ML Search 7 Likelihood: -2535.785526
Slow ML Search 8 Likelihood: -2535.785526
Slow ML Search 9 Likelihood: -2535.785526
Slow ML optimization finished

Slow ML search Time: 10.304796 seconds
Thorough ML search Time: 0.989437 seconds

Final ML Optimization Likelihood: -2535.785532

Model Information:

Model Parameters of Partition 0, Name: No Name Provided, Type of Data: AA
alpha: 1.024575
Tree-Length: 7.339707
rate A <-> R: 0.399182
rate A <-> N: 0.259945
rate A <-> D: 0.371058
rate A <-> C: 2.337364
rate A <-> Q: 0.910775
rate A <-> E: 0.975241
rate A <-> G: 1.940106
rate A <-> H: 0.336984
rate A <-> I: 0.140697
rate A <-> L: 0.371240
rate A <-> K: 0.503815
rate A <-> M: 1.055520
rate A <-> F: 0.238237
rate A <-> P: 1.105868
rate A <-> S: 4.439041
rate A <-> T: 2.009090
rate A <-> W: 0.169702
rate A <-> Y: 0.205613
rate A <-> V: 2.392567
rate R <-> N: 0.706048
rate R <-> D: 0.116398
rate R <-> C: 0.501968
rate R <-> Q: 2.636754
rate R <-> E: 0.341785
rate R <-> G: 0.366408
rate R <-> H: 2.278690
rate R <-> I: 0.119250
rate R <-> L: 0.283449
rate R <-> K: 5.940467
rate R <-> M: 0.454623
rate R <-> F: 0.049508
rate R <-> P: 0.312264
rate R <-> S: 0.805843
rate R <-> T: 0.543695
rate R <-> W: 0.557424
rate R <-> Y: 0.295274
rate R <-> V: 0.160471
rate N <-> D: 4.766737
rate N <-> C: 0.496537
rate N <-> Q: 1.592389
rate N <-> E: 0.508692
rate N <-> G: 1.350015
rate N <-> H: 4.234381
rate N <-> I: 0.179830
rate N <-> L: 0.064256
rate N <-> K: 2.014327
rate N <-> M: 0.348390
rate N <-> F: 0.084068
rate N <-> P: 0.151925
rate N <-> S: 3.764032
rate N <-> T: 1.878729
rate N <-> W: 0.042610
rate N <-> Y: 0.574720
rate N <-> V: 0.078587
rate D <-> C: 0.058743
rate D <-> Q: 0.491483
rate D <-> E: 4.924234
rate D <-> G: 0.793424
rate D <-> H: 0.870603
rate D <-> I: 0.010038
rate D <-> L: 0.014157
rate D <-> K: 0.265711
rate D <-> M: 0.023991
rate D <-> F: 0.016354
rate D <-> P: 0.370412
rate D <-> S: 1.164675
rate D <-> T: 0.399902
rate D <-> W: 0.028068
rate D <-> Y: 0.126872
rate D <-> V: 0.035653
rate C <-> Q: 0.079639
rate C <-> E: 0.003286
rate C <-> G: 0.534566
rate C <-> H: 0.601499
rate C <-> I: 0.301083
rate C <-> L: 0.557800
rate C <-> K: 0.012457
rate C <-> M: 0.839207
rate C <-> F: 1.037881
rate C <-> P: 0.070787
rate C <-> S: 2.614753
rate C <-> T: 1.073780
rate C <-> W: 0.629281
rate C <-> Y: 1.094488
rate C <-> V: 1.839864
rate Q <-> E: 3.876936
rate Q <-> G: 0.251626
rate Q <-> H: 4.520102
rate Q <-> I: 0.068413
rate Q <-> L: 0.546954
rate Q <-> K: 3.037150
rate Q <-> M: 1.570619
rate Q <-> F: 0.033669
rate Q <-> P: 0.586241
rate Q <-> S: 1.149231
rate Q <-> T: 1.014297
rate Q <-> W: 0.221802
rate Q <-> Y: 0.241650
rate Q <-> V: 0.197511
rate E <-> G: 0.327583
rate E <-> H: 0.398044
rate E <-> I: 0.041567
rate E <-> L: 0.065426
rate E <-> K: 1.697022
rate E <-> M: 0.163145
rate E <-> F: 0.017664
rate E <-> P: 0.393844
rate E <-> S: 0.574671
rate E <-> T: 0.567695
rate E <-> W: 0.073107
rate E <-> Y: 0.112720
rate E <-> V: 0.230098
rate G <-> H: 0.292498
rate G <-> I: 0.008174
rate G <-> L: 0.041563
rate G <-> K: 0.278555
rate G <-> M: 0.131033
rate G <-> F: 0.084125
rate G <-> P: 0.184955
rate G <-> S: 1.633930
rate G <-> T: 0.121922
rate G <-> W: 0.252125
rate G <-> Y: 0.051346
rate G <-> V: 0.072026
rate H <-> I: 0.102245
rate H <-> L: 0.343988
rate H <-> K: 0.654763
rate H <-> M: 0.415502
rate H <-> F: 0.640560
rate H <-> P: 0.477834
rate H <-> S: 0.929667
rate H <-> T: 0.548649
rate H <-> W: 0.560661
rate H <-> Y: 4.983361
rate H <-> V: 0.111759
rate I <-> L: 3.892408
rate I <-> K: 0.149373
rate I <-> M: 4.013113
rate I <-> F: 1.044902
rate I <-> P: 0.073509
rate I <-> S: 0.060198
rate I <-> T: 0.970728
rate I <-> W: 0.104854
rate I <-> Y: 0.218350
rate I <-> V: 10.000000
rate L <-> K: 0.129119
rate L <-> M: 5.927594
rate L <-> F: 2.434657
rate L <-> P: 0.233879
rate L <-> S: 0.171176
rate L <-> T: 0.284471
rate L <-> W: 0.581863
rate L <-> Y: 0.281383
rate L <-> V: 1.598956
rate K <-> M: 0.616581
rate K <-> F: 0.022460
rate K <-> P: 0.366530
rate K <-> S: 0.703048
rate K <-> T: 1.067567
rate K <-> W: 0.046864
rate K <-> Y: 0.123890
rate K <-> V: 0.173913
rate M <-> F: 1.689205
rate M <-> P: 0.093763
rate M <-> S: 0.325811
rate M <-> T: 1.897216
rate M <-> W: 0.653740
rate M <-> Y: 0.451968
rate M <-> V: 1.782983
rate F <-> P: 0.088706
rate F <-> S: 0.339765
rate F <-> T: 0.154944
rate F <-> W: 2.307349
rate F <-> Y: 7.328222
rate F <-> V: 0.614777
rate P <-> S: 1.256567
rate P <-> T: 0.536635
rate P <-> W: 0.089332
rate P <-> Y: 0.084151
rate P <-> V: 0.278428
rate S <-> T: 6.077767
rate S <-> W: 0.233693
rate S <-> Y: 0.376132
rate S <-> V: 0.092373
rate T <-> W: 0.132241
rate T <-> Y: 0.230856
rate T <-> V: 2.054781
rate W <-> Y: 2.959699
rate W <-> V: 0.177959
rate Y <-> V: 0.234116

freq pi(A): 0.079066
freq pi(R): 0.055941
freq pi(N): 0.041977
freq pi(D): 0.053052
freq pi(C): 0.012937
freq pi(Q): 0.040767
freq pi(E): 0.071586
freq pi(G): 0.057337
freq pi(H): 0.022355
freq pi(I): 0.062157
freq pi(L): 0.099081
freq pi(K): 0.064600
freq pi(M): 0.022951
freq pi(F): 0.042302
freq pi(P): 0.044040
freq pi(S): 0.061197
freq pi(T): 0.053287
freq pi(W): 0.012066
freq pi(Y): 0.034155
freq pi(V): 0.069146


ML search took 56.173247 secs or 0.015604 hours

Combined Bootstrap and ML search took 120.055242 secs or 0.033349 hours

Drawing Bootstrap Support Values on best-scoring ML tree ...



Found 1 tree in File /in/RAxML_bestTree.EOG091G0NKD.clustalo.aln.ALICUT.LG



Found 1 tree in File /in/RAxML_bestTree.EOG091G0NKD.clustalo.aln.ALICUT.LG

Program execution info written to /in/RAxML_info.EOG091G0NKD.clustalo.aln.ALICUT.LG
All 100 bootstrapped trees written to: /in/RAxML_bootstrap.EOG091G0NKD.clustalo.aln.ALICUT.LG

Best-scoring ML tree written to: /in/RAxML_bestTree.EOG091G0NKD.clustalo.aln.ALICUT.LG

Best-scoring ML tree with support values written to: /in/RAxML_bipartitions.EOG091G0NKD.clustalo.aln.ALICUT.LG

Best-scoring ML tree with support values as branch labels written to: /in/RAxML_bipartitionsBranchLabels.EOG091G0NKD.clustalo.aln.ALICUT.LG

Overall execution time for full ML analysis: 120.057936 secs or 0.033349 hours or 0.001390 days

