
	reading taxa from FASTA ...


	H.robusta            -> sites: 229   
	D.melanogaster       -> sites: 229   
	C.intestinalis       -> sites: 229   
	E.granulosus         -> sites: 229   
	R.norvegicus         -> sites: 229   
	T.solium             -> sites: 229   
	H.microstoma         -> sites: 229   
	S.mediterranea       -> sites: 229   
	S.mansoni            -> sites: 229   
	E.nipponicum         -> sites: 229   
	D.rerio              -> sites: 229   


	data type             : amino acid sequences

	input ...

	infile		: EOG091G0VZF.clustalo.aln.fasta
	random pairs	: 200000000000000000
	window size	: 6
	indels		: ambiguous
	tree file	: -
	node level	: -
	strict profile	: -
	outgroup	: -
	matrix          : BLOSUM62

	number of taxa        : 11
	random number of pairs: 200000000000000000

	generates threshhold value for amino acid data
	using BLOSUM62

	checks for (potential) identical taxa


	scores site patterns ...


	max number of different pairs is 55
	max random pairs are scored!

	pair: 1      ->	taxon1: H.robusta 	taxon2: D.melanoga
	            	positions below base line: 99
	pair: 2      ->	taxon1: H.robusta 	taxon2: C.intestin
	            	positions below base line: 99
	pair: 3      ->	taxon1: H.robusta 	taxon2: E.granulos
	            	positions below base line: 140
	pair: 4      ->	taxon1: H.robusta 	taxon2: R.norvegic
	            	positions below base line: 99
	pair: 5      ->	taxon1: H.robusta 	taxon2: T.solium  
	            	positions below base line: 128
	pair: 6      ->	taxon1: H.robusta 	taxon2: H.microsto
	            	positions below base line: 132
	pair: 7      ->	taxon1: H.robusta 	taxon2: S.mediterr
	            	positions below base line: 129
	pair: 8      ->	taxon1: H.robusta 	taxon2: S.mansoni 
	            	positions below base line: 140
	pair: 9      ->	taxon1: H.robusta 	taxon2: E.nipponic
	            	positions below base line: 129
	pair: 10     ->	taxon1: H.robusta 	taxon2: D.rerio   
	            	positions below base line: 99
	pair: 11     ->	taxon1: D.melanoga	taxon2: C.intestin
	            	positions below base line: 94
	pair: 12     ->	taxon1: D.melanoga	taxon2: E.granulos
	            	positions below base line: 141
	pair: 13     ->	taxon1: D.melanoga	taxon2: R.norvegic
	            	positions below base line: 94
	pair: 14     ->	taxon1: D.melanoga	taxon2: T.solium  
	            	positions below base line: 128
	pair: 15     ->	taxon1: D.melanoga	taxon2: H.microsto
	            	positions below base line: 134
	pair: 16     ->	taxon1: D.melanoga	taxon2: S.mediterr
	            	positions below base line: 132
	pair: 17     ->	taxon1: D.melanoga	taxon2: S.mansoni 
	            	positions below base line: 140
	pair: 18     ->	taxon1: D.melanoga	taxon2: E.nipponic
	            	positions below base line: 132
	pair: 19     ->	taxon1: D.melanoga	taxon2: D.rerio   
	            	positions below base line: 94
	pair: 20     ->	taxon1: C.intestin	taxon2: E.granulos
	            	positions below base line: 139
	pair: 21     ->	taxon1: C.intestin	taxon2: R.norvegic
	            	positions below base line: 93
	pair: 22     ->	taxon1: C.intestin	taxon2: T.solium  
	            	positions below base line: 130
	pair: 23     ->	taxon1: C.intestin	taxon2: H.microsto
	            	positions below base line: 139
	pair: 24     ->	taxon1: C.intestin	taxon2: S.mediterr
	            	positions below base line: 131
	pair: 25     ->	taxon1: C.intestin	taxon2: S.mansoni 
	            	positions below base line: 139
	pair: 26     ->	taxon1: C.intestin	taxon2: E.nipponic
	            	positions below base line: 132
	pair: 27     ->	taxon1: C.intestin	taxon2: D.rerio   
	            	positions below base line: 93
	pair: 28     ->	taxon1: E.granulos	taxon2: R.norvegic
	            	positions below base line: 138
	pair: 29     ->	taxon1: E.granulos	taxon2: T.solium  
	            	positions below base line: 113
	pair: 30     ->	taxon1: E.granulos	taxon2: H.microsto
	            	positions below base line: 127
	pair: 31     ->	taxon1: E.granulos	taxon2: S.mediterr
	            	positions below base line: 142
	pair: 32     ->	taxon1: E.granulos	taxon2: S.mansoni 
	            	positions below base line: 135
	pair: 33     ->	taxon1: E.granulos	taxon2: E.nipponic
	            	positions below base line: 133
	pair: 34     ->	taxon1: E.granulos	taxon2: D.rerio   
	            	positions below base line: 138
	pair: 35     ->	taxon1: R.norvegic	taxon2: T.solium  
	            	positions below base line: 126
	pair: 36     ->	taxon1: R.norvegic	taxon2: H.microsto
	            	positions below base line: 139
	pair: 37     ->	taxon1: R.norvegic	taxon2: S.mediterr
	            	positions below base line: 131
	pair: 38     ->	taxon1: R.norvegic	taxon2: S.mansoni 
	            	positions below base line: 137
	pair: 39     ->	taxon1: R.norvegic	taxon2: E.nipponic
	            	positions below base line: 128
	pair: 40     ->	taxon1: R.norvegic	taxon2: D.rerio   
	            	positions below base line: 93
	pair: 41     ->	taxon1: T.solium  	taxon2: H.microsto
	            	positions below base line: 137
	pair: 42     ->	taxon1: T.solium  	taxon2: S.mediterr
	            	positions below base line: 134
	pair: 43     ->	taxon1: T.solium  	taxon2: S.mansoni 
	            	positions below base line: 138
	pair: 44     ->	taxon1: T.solium  	taxon2: E.nipponic
	            	positions below base line: 140
	pair: 45     ->	taxon1: T.solium  	taxon2: D.rerio   
	            	positions below base line: 127
	pair: 46     ->	taxon1: H.microsto	taxon2: S.mediterr
	            	positions below base line: 138
	pair: 47     ->	taxon1: H.microsto	taxon2: S.mansoni 
	            	positions below base line: 139
	pair: 48     ->	taxon1: H.microsto	taxon2: E.nipponic
	            	positions below base line: 138
	pair: 49     ->	taxon1: H.microsto	taxon2: D.rerio   
	            	positions below base line: 139
	pair: 50     ->	taxon1: S.mediterr	taxon2: S.mansoni 
	            	positions below base line: 134
	pair: 51     ->	taxon1: S.mediterr	taxon2: E.nipponic
	            	positions below base line: 136
	pair: 52     ->	taxon1: S.mediterr	taxon2: D.rerio   
	            	positions below base line: 132
	pair: 53     ->	taxon1: S.mansoni 	taxon2: E.nipponic
	            	positions below base line: 133
	pair: 54     ->	taxon1: S.mansoni 	taxon2: D.rerio   
	            	positions below base line: 137
	pair: 55     ->	taxon1: E.nipponic	taxon2: D.rerio   
	            	positions below base line: 128

	generates quality profile from collected scores ...


	scoring done ...


	generates vector plot from collected scores ...


Argument "-" treated as 0 in increment (++) at /usr/bin/Aliscore.pl line 1213.
	Profile written to EOG091G0VZF.clustalo.aln.fasta_Profile_random.txt
	List   written to EOG091G0VZF.clustalo.aln.fasta_List_random.txt

	time used: 3.74 sec

