
	reading taxa from FASTA ...


	G.turnbulli          -> sites: 1950  
	T.solium             -> sites: 1950  
	C.intestinalis       -> sites: 1950  
	R.norvegicus         -> sites: 1950  
	P.xenopodis          -> sites: 1950  
	L.gigantea           -> sites: 1950  
	G.salaris            -> sites: 1950  
	E.granulosus         -> sites: 1950  
	H.microstoma         -> sites: 1950  
	D.melanogaster       -> sites: 1950  
	C.sinensis           -> sites: 1950  
	D.rerio              -> sites: 1950  
	H.robusta            -> sites: 1950  


	data type             : amino acid sequences

	input ...

	infile		: EOG091G07KL.clustalo.aln.fasta
	random pairs	: 200000000000000000
	window size	: 6
	indels		: ambiguous
	tree file	: -
	node level	: -
	strict profile	: -
	outgroup	: -
	matrix          : BLOSUM62

	number of taxa        : 13
	random number of pairs: 200000000000000000

	generates threshhold value for amino acid data
	using BLOSUM62

	checks for (potential) identical taxa


	scores site patterns ...


	max number of different pairs is 78
	max random pairs are scored!

	pair: 1      ->	taxon1: G.turnbull	taxon2: T.solium  
	            	positions below base line: 1589
	pair: 2      ->	taxon1: G.turnbull	taxon2: C.intestin
	            	positions below base line: 1542
	pair: 3      ->	taxon1: G.turnbull	taxon2: R.norvegic
	            	positions below base line: 1550
	pair: 4      ->	taxon1: G.turnbull	taxon2: P.xenopodi
	            	positions below base line: 1703
	pair: 5      ->	taxon1: G.turnbull	taxon2: L.gigantea
	            	positions below base line: 1493
	pair: 6      ->	taxon1: G.turnbull	taxon2: G.salaris 
	            	positions below base line: 1223
	pair: 7      ->	taxon1: G.turnbull	taxon2: E.granulos
	            	positions below base line: 1457
	pair: 8      ->	taxon1: G.turnbull	taxon2: H.microsto
	            	positions below base line: 1651
	pair: 9      ->	taxon1: G.turnbull	taxon2: D.melanoga
	            	positions below base line: 1525
	pair: 10     ->	taxon1: G.turnbull	taxon2: C.sinensis
	            	positions below base line: 1354
	pair: 11     ->	taxon1: G.turnbull	taxon2: D.rerio   
	            	positions below base line: 1532
	pair: 12     ->	taxon1: G.turnbull	taxon2: H.robusta 
	            	positions below base line: 1547
	pair: 13     ->	taxon1: T.solium  	taxon2: C.intestin
	            	positions below base line: 1656
	pair: 14     ->	taxon1: T.solium  	taxon2: R.norvegic
	            	positions below base line: 1628
	pair: 15     ->	taxon1: T.solium  	taxon2: P.xenopodi
	            	positions below base line: 1715
	pair: 16     ->	taxon1: T.solium  	taxon2: L.gigantea
	            	positions below base line: 1624
	pair: 17     ->	taxon1: T.solium  	taxon2: G.salaris 
	            	positions below base line: 1586
	pair: 18     ->	taxon1: T.solium  	taxon2: E.granulos
	            	positions below base line: 1365
	pair: 19     ->	taxon1: T.solium  	taxon2: H.microsto
	            	positions below base line: 1635
	pair: 20     ->	taxon1: T.solium  	taxon2: D.melanoga
	            	positions below base line: 1595
	pair: 21     ->	taxon1: T.solium  	taxon2: C.sinensis
	            	positions below base line: 1543
	pair: 22     ->	taxon1: T.solium  	taxon2: D.rerio   
	            	positions below base line: 1618
	pair: 23     ->	taxon1: T.solium  	taxon2: H.robusta 
	            	positions below base line: 1618
	pair: 24     ->	taxon1: C.intestin	taxon2: R.norvegic
	            	positions below base line: 1378
	pair: 25     ->	taxon1: C.intestin	taxon2: P.xenopodi
	            	positions below base line: 1743
	pair: 26     ->	taxon1: C.intestin	taxon2: L.gigantea
	            	positions below base line: 1387
	pair: 27     ->	taxon1: C.intestin	taxon2: G.salaris 
	            	positions below base line: 1557
	pair: 28     ->	taxon1: C.intestin	taxon2: E.granulos
	            	positions below base line: 1574
	pair: 29     ->	taxon1: C.intestin	taxon2: H.microsto
	            	positions below base line: 1677
	pair: 30     ->	taxon1: C.intestin	taxon2: D.melanoga
	            	positions below base line: 1456
	pair: 31     ->	taxon1: C.intestin	taxon2: C.sinensis
	            	positions below base line: 1507
	pair: 32     ->	taxon1: C.intestin	taxon2: D.rerio   
	            	positions below base line: 1375
	pair: 33     ->	taxon1: C.intestin	taxon2: H.robusta 
	            	positions below base line: 1433
	pair: 34     ->	taxon1: R.norvegic	taxon2: P.xenopodi
	            	positions below base line: 1728
	pair: 35     ->	taxon1: R.norvegic	taxon2: L.gigantea
	            	positions below base line: 1316
	pair: 36     ->	taxon1: R.norvegic	taxon2: G.salaris 
	            	positions below base line: 1539
	pair: 37     ->	taxon1: R.norvegic	taxon2: E.granulos
	            	positions below base line: 1525
	pair: 38     ->	taxon1: R.norvegic	taxon2: H.microsto
	            	positions below base line: 1650
	pair: 39     ->	taxon1: R.norvegic	taxon2: D.melanoga
	            	positions below base line: 1424
	pair: 40     ->	taxon1: R.norvegic	taxon2: C.sinensis
	            	positions below base line: 1492
	pair: 41     ->	taxon1: R.norvegic	taxon2: D.rerio   
	            	positions below base line: 1241
	pair: 42     ->	taxon1: R.norvegic	taxon2: H.robusta 
	            	positions below base line: 1381
	pair: 43     ->	taxon1: P.xenopodi	taxon2: L.gigantea
	            	positions below base line: 1717
	pair: 44     ->	taxon1: P.xenopodi	taxon2: G.salaris 
	            	positions below base line: 1703
	pair: 45     ->	taxon1: P.xenopodi	taxon2: E.granulos
	            	positions below base line: 1646
	pair: 46     ->	taxon1: P.xenopodi	taxon2: H.microsto
	            	positions below base line: 1864
	pair: 47     ->	taxon1: P.xenopodi	taxon2: D.melanoga
	            	positions below base line: 1733
	pair: 48     ->	taxon1: P.xenopodi	taxon2: C.sinensis
	            	positions below base line: 1622
	pair: 49     ->	taxon1: P.xenopodi	taxon2: D.rerio   
	            	positions below base line: 1727
	pair: 50     ->	taxon1: P.xenopodi	taxon2: H.robusta 
	            	positions below base line: 1707
	pair: 51     ->	taxon1: L.gigantea	taxon2: G.salaris 
	            	positions below base line: 1489
	pair: 52     ->	taxon1: L.gigantea	taxon2: E.granulos
	            	positions below base line: 1526
	pair: 53     ->	taxon1: L.gigantea	taxon2: H.microsto
	            	positions below base line: 1654
	pair: 54     ->	taxon1: L.gigantea	taxon2: D.melanoga
	            	positions below base line: 1402
	pair: 55     ->	taxon1: L.gigantea	taxon2: C.sinensis
	            	positions below base line: 1481
	pair: 56     ->	taxon1: L.gigantea	taxon2: D.rerio   
	            	positions below base line: 1297
	pair: 57     ->	taxon1: L.gigantea	taxon2: H.robusta 
	            	positions below base line: 1343
	pair: 58     ->	taxon1: G.salaris 	taxon2: E.granulos
	            	positions below base line: 1474
	pair: 59     ->	taxon1: G.salaris 	taxon2: H.microsto
	            	positions below base line: 1650
	pair: 60     ->	taxon1: G.salaris 	taxon2: D.melanoga
	            	positions below base line: 1535
	pair: 61     ->	taxon1: G.salaris 	taxon2: C.sinensis
	            	positions below base line: 1437
	pair: 62     ->	taxon1: G.salaris 	taxon2: D.rerio   
	            	positions below base line: 1524
	pair: 63     ->	taxon1: G.salaris 	taxon2: H.robusta 
	            	positions below base line: 1507
	pair: 64     ->	taxon1: E.granulos	taxon2: H.microsto
	            	positions below base line: 1598
	pair: 65     ->	taxon1: E.granulos	taxon2: D.melanoga
	            	positions below base line: 1503
	pair: 66     ->	taxon1: E.granulos	taxon2: C.sinensis
	            	positions below base line: 1426
	pair: 67     ->	taxon1: E.granulos	taxon2: D.rerio   
	            	positions below base line: 1532
	pair: 68     ->	taxon1: E.granulos	taxon2: H.robusta 
	            	positions below base line: 1535
	pair: 69     ->	taxon1: H.microsto	taxon2: D.melanoga
	            	positions below base line: 1650
	pair: 70     ->	taxon1: H.microsto	taxon2: C.sinensis
	            	positions below base line: 1624
	pair: 71     ->	taxon1: H.microsto	taxon2: D.rerio   
	            	positions below base line: 1657
	pair: 72     ->	taxon1: H.microsto	taxon2: H.robusta 
	            	positions below base line: 1658
	pair: 73     ->	taxon1: D.melanoga	taxon2: C.sinensis
	            	positions below base line: 1495
	pair: 74     ->	taxon1: D.melanoga	taxon2: D.rerio   
	            	positions below base line: 1426
	pair: 75     ->	taxon1: D.melanoga	taxon2: H.robusta 
	            	positions below base line: 1418
	pair: 76     ->	taxon1: C.sinensis	taxon2: D.rerio   
	            	positions below base line: 1510
	pair: 77     ->	taxon1: C.sinensis	taxon2: H.robusta 
	            	positions below base line: 1488
	pair: 78     ->	taxon1: D.rerio   	taxon2: H.robusta 
	            	positions below base line: 1359

	generates quality profile from collected scores ...


	scoring done ...


	generates vector plot from collected scores ...


Argument "-" treated as 0 in increment (++) at /usr/bin/Aliscore.pl line 1213.
	Profile written to EOG091G07KL.clustalo.aln.fasta_Profile_random.txt
	List   written to EOG091G07KL.clustalo.aln.fasta_List_random.txt

	time used: 4.28 sec

