
WARNING: The number of threads is currently set to 1
You can specify the number of threads to run via -T numberOfThreads
NumberOfThreads must be set to an integer value greater than 1

RAxML, will now set the number of threads automatically to 2 !


RAxML can't, parse the alignment file as phylip file 
it will now try to parse it as FASTA file


This is the RAxML Master Pthread

This is RAxML Worker Pthread Number: 1


This is RAxML version 8.2.12 released by Alexandros Stamatakis on May 2018.

With greatly appreciated code contributions by:
Andre Aberer      (HITS)
Simon Berger      (HITS)
Alexey Kozlov     (HITS)
Kassian Kobert    (HITS)
David Dao         (KIT and HITS)
Sarah Lutteropp   (KIT and HITS)
Nick Pattengale   (Sandia)
Wayne Pfeiffer    (SDSC)
Akifumi S. Tanabe (NRIFS)
Charlie Taylor    (UF)


Alignment has 290 distinct alignment patterns

Proportion of gaps and completely undetermined characters in this alignment: 3.83%

RAxML rapid bootstrapping and subsequent ML search

Using 1 distinct models/data partitions with joint branch length optimization



Executing 100 rapid bootstrap inferences and thereafter a thorough ML search 

All free model parameters will be estimated by RAxML
GAMMA model of rate heterogeneity, ML estimate of alpha-parameter

GAMMA Model parameters will be estimated up to an accuracy of 0.1000000000 Log Likelihood units

Partition: 0
Alignment Patterns: 290
Name: No Name Provided
DataType: AA
Substitution Matrix: LG
Using empirical base frequencies




RAxML was called as follows:

raxml -f a -T 1 -m PROTGAMMALGF -p 12345 -x 12345 -# 100 -s ALICUT_EOG091G03JF.clustalo.aln.fasta -n EOG091G03JF.clustalo.aln.ALICUT.LGF 



Time for BS model parameter optimization 0.231248
Bootstrap[0]: Time 1.899296 seconds, bootstrap likelihood -5378.010866, best rearrangement setting 13
Bootstrap[1]: Time 1.408470 seconds, bootstrap likelihood -5643.521768, best rearrangement setting 13
Bootstrap[2]: Time 1.454006 seconds, bootstrap likelihood -5313.018526, best rearrangement setting 12
Bootstrap[3]: Time 1.361982 seconds, bootstrap likelihood -5331.705298, best rearrangement setting 15
Bootstrap[4]: Time 1.436699 seconds, bootstrap likelihood -5500.877645, best rearrangement setting 10
Bootstrap[5]: Time 1.439379 seconds, bootstrap likelihood -5456.961314, best rearrangement setting 10
Bootstrap[6]: Time 1.520453 seconds, bootstrap likelihood -5761.448750, best rearrangement setting 6
Bootstrap[7]: Time 1.473266 seconds, bootstrap likelihood -5574.590534, best rearrangement setting 14
Bootstrap[8]: Time 1.359824 seconds, bootstrap likelihood -5499.255871, best rearrangement setting 5
Bootstrap[9]: Time 1.350179 seconds, bootstrap likelihood -5407.167715, best rearrangement setting 7
Bootstrap[10]: Time 1.594325 seconds, bootstrap likelihood -5743.209137, best rearrangement setting 7
Bootstrap[11]: Time 1.501376 seconds, bootstrap likelihood -5564.964396, best rearrangement setting 5
Bootstrap[12]: Time 1.494339 seconds, bootstrap likelihood -5589.769534, best rearrangement setting 8
Bootstrap[13]: Time 1.352693 seconds, bootstrap likelihood -5557.859577, best rearrangement setting 7
Bootstrap[14]: Time 1.631032 seconds, bootstrap likelihood -5472.715573, best rearrangement setting 12
Bootstrap[15]: Time 1.530166 seconds, bootstrap likelihood -5504.091506, best rearrangement setting 15
Bootstrap[16]: Time 1.495434 seconds, bootstrap likelihood -5576.176294, best rearrangement setting 12
Bootstrap[17]: Time 1.498247 seconds, bootstrap likelihood -5523.080447, best rearrangement setting 12
Bootstrap[18]: Time 1.373649 seconds, bootstrap likelihood -5560.676482, best rearrangement setting 5
Bootstrap[19]: Time 1.397714 seconds, bootstrap likelihood -5466.939746, best rearrangement setting 8
Bootstrap[20]: Time 1.411563 seconds, bootstrap likelihood -5292.772587, best rearrangement setting 10
Bootstrap[21]: Time 1.394705 seconds, bootstrap likelihood -5383.070461, best rearrangement setting 6
Bootstrap[22]: Time 1.493532 seconds, bootstrap likelihood -5363.250555, best rearrangement setting 5
Bootstrap[23]: Time 1.475964 seconds, bootstrap likelihood -5341.573652, best rearrangement setting 7
Bootstrap[24]: Time 1.434222 seconds, bootstrap likelihood -5632.817869, best rearrangement setting 8
Bootstrap[25]: Time 1.442394 seconds, bootstrap likelihood -5626.171403, best rearrangement setting 6
Bootstrap[26]: Time 1.452406 seconds, bootstrap likelihood -5378.943201, best rearrangement setting 12
Bootstrap[27]: Time 1.430674 seconds, bootstrap likelihood -5360.939595, best rearrangement setting 10
Bootstrap[28]: Time 1.469187 seconds, bootstrap likelihood -5587.728580, best rearrangement setting 11
Bootstrap[29]: Time 1.478497 seconds, bootstrap likelihood -5451.915691, best rearrangement setting 12
Bootstrap[30]: Time 1.616838 seconds, bootstrap likelihood -5395.785217, best rearrangement setting 15
Bootstrap[31]: Time 1.393757 seconds, bootstrap likelihood -5442.132500, best rearrangement setting 15
Bootstrap[32]: Time 1.513227 seconds, bootstrap likelihood -5668.577801, best rearrangement setting 6
Bootstrap[33]: Time 1.498900 seconds, bootstrap likelihood -5480.028284, best rearrangement setting 15
Bootstrap[34]: Time 1.592830 seconds, bootstrap likelihood -5583.823560, best rearrangement setting 11
Bootstrap[35]: Time 1.513658 seconds, bootstrap likelihood -5338.355915, best rearrangement setting 8
Bootstrap[36]: Time 1.579520 seconds, bootstrap likelihood -5451.699371, best rearrangement setting 9
Bootstrap[37]: Time 1.303419 seconds, bootstrap likelihood -5697.631887, best rearrangement setting 11
Bootstrap[38]: Time 1.423437 seconds, bootstrap likelihood -5565.957084, best rearrangement setting 8
Bootstrap[39]: Time 1.561118 seconds, bootstrap likelihood -5718.485705, best rearrangement setting 13
Bootstrap[40]: Time 1.692320 seconds, bootstrap likelihood -5425.973424, best rearrangement setting 13
Bootstrap[41]: Time 1.579506 seconds, bootstrap likelihood -5533.934582, best rearrangement setting 10
Bootstrap[42]: Time 1.482308 seconds, bootstrap likelihood -5376.319409, best rearrangement setting 5
Bootstrap[43]: Time 1.515679 seconds, bootstrap likelihood -5500.350033, best rearrangement setting 14
Bootstrap[44]: Time 1.542082 seconds, bootstrap likelihood -5597.019051, best rearrangement setting 10
Bootstrap[45]: Time 1.545501 seconds, bootstrap likelihood -5676.214467, best rearrangement setting 15
Bootstrap[46]: Time 1.507499 seconds, bootstrap likelihood -5486.081559, best rearrangement setting 14
Bootstrap[47]: Time 1.527103 seconds, bootstrap likelihood -5477.033538, best rearrangement setting 8
Bootstrap[48]: Time 1.416439 seconds, bootstrap likelihood -5295.898980, best rearrangement setting 6
Bootstrap[49]: Time 0.672184 seconds, bootstrap likelihood -5463.908286, best rearrangement setting 7
Bootstrap[50]: Time 1.489440 seconds, bootstrap likelihood -5435.960865, best rearrangement setting 7
Bootstrap[51]: Time 1.456060 seconds, bootstrap likelihood -5684.458776, best rearrangement setting 11
Bootstrap[52]: Time 1.480452 seconds, bootstrap likelihood -5473.034967, best rearrangement setting 12
Bootstrap[53]: Time 1.400798 seconds, bootstrap likelihood -5493.287933, best rearrangement setting 8
Bootstrap[54]: Time 1.632186 seconds, bootstrap likelihood -5600.917689, best rearrangement setting 9
Bootstrap[55]: Time 1.585833 seconds, bootstrap likelihood -5430.901231, best rearrangement setting 11
Bootstrap[56]: Time 1.445034 seconds, bootstrap likelihood -5582.083181, best rearrangement setting 5
Bootstrap[57]: Time 1.434881 seconds, bootstrap likelihood -5417.158461, best rearrangement setting 7
Bootstrap[58]: Time 1.401789 seconds, bootstrap likelihood -5355.322912, best rearrangement setting 10
Bootstrap[59]: Time 1.446732 seconds, bootstrap likelihood -5537.558672, best rearrangement setting 9
Bootstrap[60]: Time 1.436144 seconds, bootstrap likelihood -5397.354783, best rearrangement setting 7
Bootstrap[61]: Time 1.423525 seconds, bootstrap likelihood -5441.985224, best rearrangement setting 5
Bootstrap[62]: Time 1.470740 seconds, bootstrap likelihood -5472.336170, best rearrangement setting 11
Bootstrap[63]: Time 1.424058 seconds, bootstrap likelihood -5335.003014, best rearrangement setting 12
Bootstrap[64]: Time 1.516520 seconds, bootstrap likelihood -5325.726105, best rearrangement setting 7
Bootstrap[65]: Time 1.509525 seconds, bootstrap likelihood -5477.909658, best rearrangement setting 5
Bootstrap[66]: Time 1.571744 seconds, bootstrap likelihood -5385.645447, best rearrangement setting 5
Bootstrap[67]: Time 1.527606 seconds, bootstrap likelihood -5406.999586, best rearrangement setting 15
Bootstrap[68]: Time 1.464712 seconds, bootstrap likelihood -5645.022444, best rearrangement setting 11
Bootstrap[69]: Time 0.676916 seconds, bootstrap likelihood -5381.076963, best rearrangement setting 5
Bootstrap[70]: Time 1.533271 seconds, bootstrap likelihood -5582.812350, best rearrangement setting 8
Bootstrap[71]: Time 1.477263 seconds, bootstrap likelihood -5250.519544, best rearrangement setting 10
Bootstrap[72]: Time 1.371998 seconds, bootstrap likelihood -5418.574300, best rearrangement setting 11
Bootstrap[73]: Time 1.361222 seconds, bootstrap likelihood -5483.266451, best rearrangement setting 9
Bootstrap[74]: Time 0.677675 seconds, bootstrap likelihood -5792.791579, best rearrangement setting 5
Bootstrap[75]: Time 1.380067 seconds, bootstrap likelihood -5648.084137, best rearrangement setting 8
Bootstrap[76]: Time 1.495245 seconds, bootstrap likelihood -5341.322970, best rearrangement setting 9
Bootstrap[77]: Time 1.391646 seconds, bootstrap likelihood -5359.208846, best rearrangement setting 11
Bootstrap[78]: Time 1.466432 seconds, bootstrap likelihood -5621.191073, best rearrangement setting 15
Bootstrap[79]: Time 1.490531 seconds, bootstrap likelihood -5700.274518, best rearrangement setting 9
Bootstrap[80]: Time 1.414692 seconds, bootstrap likelihood -5544.870691, best rearrangement setting 15
Bootstrap[81]: Time 1.483469 seconds, bootstrap likelihood -5456.543996, best rearrangement setting 7
Bootstrap[82]: Time 1.518387 seconds, bootstrap likelihood -5483.234807, best rearrangement setting 6
Bootstrap[83]: Time 1.485184 seconds, bootstrap likelihood -5593.115184, best rearrangement setting 10
Bootstrap[84]: Time 1.519329 seconds, bootstrap likelihood -5642.005890, best rearrangement setting 11
Bootstrap[85]: Time 1.441175 seconds, bootstrap likelihood -5580.096919, best rearrangement setting 8
Bootstrap[86]: Time 1.550255 seconds, bootstrap likelihood -5429.792347, best rearrangement setting 7
Bootstrap[87]: Time 1.427782 seconds, bootstrap likelihood -5422.371772, best rearrangement setting 7
Bootstrap[88]: Time 1.645337 seconds, bootstrap likelihood -5726.961075, best rearrangement setting 12
Bootstrap[89]: Time 1.618127 seconds, bootstrap likelihood -5575.984461, best rearrangement setting 10
Bootstrap[90]: Time 1.642748 seconds, bootstrap likelihood -5573.563761, best rearrangement setting 8
Bootstrap[91]: Time 1.447299 seconds, bootstrap likelihood -5644.111702, best rearrangement setting 12
Bootstrap[92]: Time 1.417426 seconds, bootstrap likelihood -5575.101416, best rearrangement setting 13
Bootstrap[93]: Time 1.308036 seconds, bootstrap likelihood -5440.961363, best rearrangement setting 15
Bootstrap[94]: Time 1.490138 seconds, bootstrap likelihood -5603.144862, best rearrangement setting 5
Bootstrap[95]: Time 1.495448 seconds, bootstrap likelihood -5744.763799, best rearrangement setting 5
Bootstrap[96]: Time 1.480142 seconds, bootstrap likelihood -5466.746080, best rearrangement setting 13
Bootstrap[97]: Time 1.409813 seconds, bootstrap likelihood -5661.099339, best rearrangement setting 11
Bootstrap[98]: Time 1.452123 seconds, bootstrap likelihood -5714.966877, best rearrangement setting 6
Bootstrap[99]: Time 1.485446 seconds, bootstrap likelihood -5691.017223, best rearrangement setting 14


Overall Time for 100 Rapid Bootstraps 145.738791 seconds
Average Time per Rapid Bootstrap 1.457388 seconds

Starting ML Search ...

Fast ML optimization finished

Fast ML search Time: 126.898960 seconds

Slow ML Search 0 Likelihood: -5514.537868
Slow ML Search 1 Likelihood: -5514.537868
Slow ML Search 2 Likelihood: -5514.537868
Slow ML Search 3 Likelihood: -5514.537868
Slow ML Search 4 Likelihood: -5514.537868
Slow ML Search 5 Likelihood: -5514.537868
Slow ML Search 6 Likelihood: -5514.537868
Slow ML Search 7 Likelihood: -5514.537868
Slow ML Search 8 Likelihood: -5514.537868
Slow ML Search 9 Likelihood: -5514.537868
Slow ML optimization finished

Slow ML search Time: 33.968316 seconds
Thorough ML search Time: 2.785609 seconds

Final ML Optimization Likelihood: -5514.537873

Model Information:

Model Parameters of Partition 0, Name: No Name Provided, Type of Data: AA
alpha: 2.304320
Tree-Length: 6.247867
rate A <-> R: 0.399182
rate A <-> N: 0.259945
rate A <-> D: 0.371058
rate A <-> C: 2.337364
rate A <-> Q: 0.910775
rate A <-> E: 0.975241
rate A <-> G: 1.940106
rate A <-> H: 0.336984
rate A <-> I: 0.140697
rate A <-> L: 0.371240
rate A <-> K: 0.503815
rate A <-> M: 1.055520
rate A <-> F: 0.238237
rate A <-> P: 1.105868
rate A <-> S: 4.439041
rate A <-> T: 2.009090
rate A <-> W: 0.169702
rate A <-> Y: 0.205613
rate A <-> V: 2.392567
rate R <-> N: 0.706048
rate R <-> D: 0.116398
rate R <-> C: 0.501968
rate R <-> Q: 2.636754
rate R <-> E: 0.341785
rate R <-> G: 0.366408
rate R <-> H: 2.278690
rate R <-> I: 0.119250
rate R <-> L: 0.283449
rate R <-> K: 5.940467
rate R <-> M: 0.454623
rate R <-> F: 0.049508
rate R <-> P: 0.312264
rate R <-> S: 0.805843
rate R <-> T: 0.543695
rate R <-> W: 0.557424
rate R <-> Y: 0.295274
rate R <-> V: 0.160471
rate N <-> D: 4.766737
rate N <-> C: 0.496537
rate N <-> Q: 1.592389
rate N <-> E: 0.508692
rate N <-> G: 1.350015
rate N <-> H: 4.234381
rate N <-> I: 0.179830
rate N <-> L: 0.064256
rate N <-> K: 2.014327
rate N <-> M: 0.348390
rate N <-> F: 0.084068
rate N <-> P: 0.151925
rate N <-> S: 3.764032
rate N <-> T: 1.878729
rate N <-> W: 0.042610
rate N <-> Y: 0.574720
rate N <-> V: 0.078587
rate D <-> C: 0.058743
rate D <-> Q: 0.491483
rate D <-> E: 4.924234
rate D <-> G: 0.793424
rate D <-> H: 0.870603
rate D <-> I: 0.010038
rate D <-> L: 0.014157
rate D <-> K: 0.265711
rate D <-> M: 0.023991
rate D <-> F: 0.016354
rate D <-> P: 0.370412
rate D <-> S: 1.164675
rate D <-> T: 0.399902
rate D <-> W: 0.028068
rate D <-> Y: 0.126872
rate D <-> V: 0.035653
rate C <-> Q: 0.079639
rate C <-> E: 0.003286
rate C <-> G: 0.534566
rate C <-> H: 0.601499
rate C <-> I: 0.301083
rate C <-> L: 0.557800
rate C <-> K: 0.012457
rate C <-> M: 0.839207
rate C <-> F: 1.037881
rate C <-> P: 0.070787
rate C <-> S: 2.614753
rate C <-> T: 1.073780
rate C <-> W: 0.629281
rate C <-> Y: 1.094488
rate C <-> V: 1.839864
rate Q <-> E: 3.876936
rate Q <-> G: 0.251626
rate Q <-> H: 4.520102
rate Q <-> I: 0.068413
rate Q <-> L: 0.546954
rate Q <-> K: 3.037150
rate Q <-> M: 1.570619
rate Q <-> F: 0.033669
rate Q <-> P: 0.586241
rate Q <-> S: 1.149231
rate Q <-> T: 1.014297
rate Q <-> W: 0.221802
rate Q <-> Y: 0.241650
rate Q <-> V: 0.197511
rate E <-> G: 0.327583
rate E <-> H: 0.398044
rate E <-> I: 0.041567
rate E <-> L: 0.065426
rate E <-> K: 1.697022
rate E <-> M: 0.163145
rate E <-> F: 0.017664
rate E <-> P: 0.393844
rate E <-> S: 0.574671
rate E <-> T: 0.567695
rate E <-> W: 0.073107
rate E <-> Y: 0.112720
rate E <-> V: 0.230098
rate G <-> H: 0.292498
rate G <-> I: 0.008174
rate G <-> L: 0.041563
rate G <-> K: 0.278555
rate G <-> M: 0.131033
rate G <-> F: 0.084125
rate G <-> P: 0.184955
rate G <-> S: 1.633930
rate G <-> T: 0.121922
rate G <-> W: 0.252125
rate G <-> Y: 0.051346
rate G <-> V: 0.072026
rate H <-> I: 0.102245
rate H <-> L: 0.343988
rate H <-> K: 0.654763
rate H <-> M: 0.415502
rate H <-> F: 0.640560
rate H <-> P: 0.477834
rate H <-> S: 0.929667
rate H <-> T: 0.548649
rate H <-> W: 0.560661
rate H <-> Y: 4.983361
rate H <-> V: 0.111759
rate I <-> L: 3.892408
rate I <-> K: 0.149373
rate I <-> M: 4.013113
rate I <-> F: 1.044902
rate I <-> P: 0.073509
rate I <-> S: 0.060198
rate I <-> T: 0.970728
rate I <-> W: 0.104854
rate I <-> Y: 0.218350
rate I <-> V: 10.000000
rate L <-> K: 0.129119
rate L <-> M: 5.927594
rate L <-> F: 2.434657
rate L <-> P: 0.233879
rate L <-> S: 0.171176
rate L <-> T: 0.284471
rate L <-> W: 0.581863
rate L <-> Y: 0.281383
rate L <-> V: 1.598956
rate K <-> M: 0.616581
rate K <-> F: 0.022460
rate K <-> P: 0.366530
rate K <-> S: 0.703048
rate K <-> T: 1.067567
rate K <-> W: 0.046864
rate K <-> Y: 0.123890
rate K <-> V: 0.173913
rate M <-> F: 1.689205
rate M <-> P: 0.093763
rate M <-> S: 0.325811
rate M <-> T: 1.897216
rate M <-> W: 0.653740
rate M <-> Y: 0.451968
rate M <-> V: 1.782983
rate F <-> P: 0.088706
rate F <-> S: 0.339765
rate F <-> T: 0.154944
rate F <-> W: 2.307349
rate F <-> Y: 7.328222
rate F <-> V: 0.614777
rate P <-> S: 1.256567
rate P <-> T: 0.536635
rate P <-> W: 0.089332
rate P <-> Y: 0.084151
rate P <-> V: 0.278428
rate S <-> T: 6.077767
rate S <-> W: 0.233693
rate S <-> Y: 0.376132
rate S <-> V: 0.092373
rate T <-> W: 0.132241
rate T <-> Y: 0.230856
rate T <-> V: 2.054781
rate W <-> Y: 2.959699
rate W <-> V: 0.177959
rate Y <-> V: 0.234116

freq pi(A): 0.095610
freq pi(R): 0.049825
freq pi(N): 0.043361
freq pi(D): 0.042284
freq pi(C): 0.019391
freq pi(Q): 0.042823
freq pi(E): 0.061945
freq pi(G): 0.039591
freq pi(H): 0.041207
freq pi(I): 0.047401
freq pi(L): 0.138971
freq pi(K): 0.051172
freq pi(M): 0.028010
freq pi(F): 0.047401
freq pi(P): 0.034204
freq pi(S): 0.063830
freq pi(T): 0.042015
freq pi(W): 0.021007
freq pi(Y): 0.049556
freq pi(V): 0.040399


ML search took 163.697532 secs or 0.045472 hours

Combined Bootstrap and ML search took 309.436705 secs or 0.085955 hours

Drawing Bootstrap Support Values on best-scoring ML tree ...



Found 1 tree in File /in/RAxML_bestTree.EOG091G03JF.clustalo.aln.ALICUT.LGF



Found 1 tree in File /in/RAxML_bestTree.EOG091G03JF.clustalo.aln.ALICUT.LGF

Program execution info written to /in/RAxML_info.EOG091G03JF.clustalo.aln.ALICUT.LGF
All 100 bootstrapped trees written to: /in/RAxML_bootstrap.EOG091G03JF.clustalo.aln.ALICUT.LGF

Best-scoring ML tree written to: /in/RAxML_bestTree.EOG091G03JF.clustalo.aln.ALICUT.LGF

Best-scoring ML tree with support values written to: /in/RAxML_bipartitions.EOG091G03JF.clustalo.aln.ALICUT.LGF

Best-scoring ML tree with support values as branch labels written to: /in/RAxML_bipartitionsBranchLabels.EOG091G03JF.clustalo.aln.ALICUT.LGF

Overall execution time for full ML analysis: 309.439871 secs or 0.085956 hours or 0.003581 days

