
	reading taxa from FASTA ...


	S.mediterranea       -> sites: 1281  
	D.rerio              -> sites: 1281  
	E.granulosus         -> sites: 1281  
	R.norvegicus         -> sites: 1281  
	C.sinensis           -> sites: 1281  
	D.melanogaster       -> sites: 1281  
	G.turnbulli          -> sites: 1281  
	H.microstoma         -> sites: 1281  
	T.solium             -> sites: 1281  
	G.salaris            -> sites: 1281  
	C.intestinalis       -> sites: 1281  


	data type             : amino acid sequences

	input ...

	infile		: EOG091G01WY.clustalo.aln.fasta
	random pairs	: 200000000000000000
	window size	: 6
	indels		: ambiguous
	tree file	: -
	node level	: -
	strict profile	: -
	outgroup	: -
	matrix          : BLOSUM62

	number of taxa        : 11
	random number of pairs: 200000000000000000

	generates threshhold value for amino acid data
	using BLOSUM62

	checks for (potential) identical taxa


	scores site patterns ...


	max number of different pairs is 55
	max random pairs are scored!

	pair: 1      ->	taxon1: S.mediterr	taxon2: D.rerio   
	            	positions below base line: 723
	pair: 2      ->	taxon1: S.mediterr	taxon2: E.granulos
	            	positions below base line: 936
	pair: 3      ->	taxon1: S.mediterr	taxon2: R.norvegic
	            	positions below base line: 724
	pair: 4      ->	taxon1: S.mediterr	taxon2: C.sinensis
	            	positions below base line: 749
	pair: 5      ->	taxon1: S.mediterr	taxon2: D.melanoga
	            	positions below base line: 851
	pair: 6      ->	taxon1: S.mediterr	taxon2: G.turnbull
	            	positions below base line: 887
	pair: 7      ->	taxon1: S.mediterr	taxon2: H.microsto
	            	positions below base line: 1001
	pair: 8      ->	taxon1: S.mediterr	taxon2: T.solium  
	            	positions below base line: 938
	pair: 9      ->	taxon1: S.mediterr	taxon2: G.salaris 
	            	positions below base line: 1040
	pair: 10     ->	taxon1: S.mediterr	taxon2: C.intestin
	            	positions below base line: 767
	pair: 11     ->	taxon1: D.rerio   	taxon2: E.granulos
	            	positions below base line: 861
	pair: 12     ->	taxon1: D.rerio   	taxon2: R.norvegic
	            	positions below base line: 412
	pair: 13     ->	taxon1: D.rerio   	taxon2: C.sinensis
	            	positions below base line: 729
	pair: 14     ->	taxon1: D.rerio   	taxon2: D.melanoga
	            	positions below base line: 778
	pair: 15     ->	taxon1: D.rerio   	taxon2: G.turnbull
	            	positions below base line: 839
	pair: 16     ->	taxon1: D.rerio   	taxon2: H.microsto
	            	positions below base line: 933
	pair: 17     ->	taxon1: D.rerio   	taxon2: T.solium  
	            	positions below base line: 873
	pair: 18     ->	taxon1: D.rerio   	taxon2: G.salaris 
	            	positions below base line: 985
	pair: 19     ->	taxon1: D.rerio   	taxon2: C.intestin
	            	positions below base line: 573
	pair: 20     ->	taxon1: E.granulos	taxon2: R.norvegic
	            	positions below base line: 897
	pair: 21     ->	taxon1: E.granulos	taxon2: C.sinensis
	            	positions below base line: 936
	pair: 22     ->	taxon1: E.granulos	taxon2: D.melanoga
	            	positions below base line: 966
	pair: 23     ->	taxon1: E.granulos	taxon2: G.turnbull
	            	positions below base line: 938
	pair: 24     ->	taxon1: E.granulos	taxon2: H.microsto
	            	positions below base line: 889
	pair: 25     ->	taxon1: E.granulos	taxon2: T.solium  
	            	positions below base line: 493
	pair: 26     ->	taxon1: E.granulos	taxon2: G.salaris 
	            	positions below base line: 1049
	pair: 27     ->	taxon1: E.granulos	taxon2: C.intestin
	            	positions below base line: 890
	pair: 28     ->	taxon1: R.norvegic	taxon2: C.sinensis
	            	positions below base line: 721
	pair: 29     ->	taxon1: R.norvegic	taxon2: D.melanoga
	            	positions below base line: 747
	pair: 30     ->	taxon1: R.norvegic	taxon2: G.turnbull
	            	positions below base line: 832
	pair: 31     ->	taxon1: R.norvegic	taxon2: H.microsto
	            	positions below base line: 932
	pair: 32     ->	taxon1: R.norvegic	taxon2: T.solium  
	            	positions below base line: 890
	pair: 33     ->	taxon1: R.norvegic	taxon2: G.salaris 
	            	positions below base line: 980
	pair: 34     ->	taxon1: R.norvegic	taxon2: C.intestin
	            	positions below base line: 554
	pair: 35     ->	taxon1: C.sinensis	taxon2: D.melanoga
	            	positions below base line: 836
	pair: 36     ->	taxon1: C.sinensis	taxon2: G.turnbull
	            	positions below base line: 885
	pair: 37     ->	taxon1: C.sinensis	taxon2: H.microsto
	            	positions below base line: 1024
	pair: 38     ->	taxon1: C.sinensis	taxon2: T.solium  
	            	positions below base line: 912
	pair: 39     ->	taxon1: C.sinensis	taxon2: G.salaris 
	            	positions below base line: 1014
	pair: 40     ->	taxon1: C.sinensis	taxon2: C.intestin
	            	positions below base line: 748
	pair: 41     ->	taxon1: D.melanoga	taxon2: G.turnbull
	            	positions below base line: 938
	pair: 42     ->	taxon1: D.melanoga	taxon2: H.microsto
	            	positions below base line: 1051
	pair: 43     ->	taxon1: D.melanoga	taxon2: T.solium  
	            	positions below base line: 994
	pair: 44     ->	taxon1: D.melanoga	taxon2: G.salaris 
	            	positions below base line: 1038
	pair: 45     ->	taxon1: D.melanoga	taxon2: C.intestin
	            	positions below base line: 766
	pair: 46     ->	taxon1: G.turnbull	taxon2: H.microsto
	            	positions below base line: 996
	pair: 47     ->	taxon1: G.turnbull	taxon2: T.solium  
	            	positions below base line: 934
	pair: 48     ->	taxon1: G.turnbull	taxon2: G.salaris 
	            	positions below base line: 824
	pair: 49     ->	taxon1: G.turnbull	taxon2: C.intestin
	            	positions below base line: 802
	pair: 50     ->	taxon1: H.microsto	taxon2: T.solium  
	            	positions below base line: 941
	pair: 51     ->	taxon1: H.microsto	taxon2: G.salaris 
	            	positions below base line: 1037
	pair: 52     ->	taxon1: H.microsto	taxon2: C.intestin
	            	positions below base line: 937
	pair: 53     ->	taxon1: T.solium  	taxon2: G.salaris 
	            	positions below base line: 1051
	pair: 54     ->	taxon1: T.solium  	taxon2: C.intestin
	            	positions below base line: 876
	pair: 55     ->	taxon1: G.salaris 	taxon2: C.intestin
	            	positions below base line: 961

	generates quality profile from collected scores ...


	scoring done ...


	generates vector plot from collected scores ...


Argument "-" treated as 0 in increment (++) at /usr/bin/Aliscore.pl line 1213.
	Profile written to EOG091G01WY.clustalo.aln.fasta_Profile_random.txt
	List   written to EOG091G01WY.clustalo.aln.fasta_List_random.txt

	time used: 6.12 sec

