
WARNING: The number of threads is currently set to 1
You can specify the number of threads to run via -T numberOfThreads
NumberOfThreads must be set to an integer value greater than 1

RAxML, will now set the number of threads automatically to 2 !


RAxML can't, parse the alignment file as phylip file 
it will now try to parse it as FASTA file


This is the RAxML Master Pthread

This is RAxML Worker Pthread Number: 1


This is RAxML version 8.2.12 released by Alexandros Stamatakis on May 2018.

With greatly appreciated code contributions by:
Andre Aberer      (HITS)
Simon Berger      (HITS)
Alexey Kozlov     (HITS)
Kassian Kobert    (HITS)
David Dao         (KIT and HITS)
Sarah Lutteropp   (KIT and HITS)
Nick Pattengale   (Sandia)
Wayne Pfeiffer    (SDSC)
Akifumi S. Tanabe (NRIFS)
Charlie Taylor    (UF)


Alignment has 180 distinct alignment patterns

Proportion of gaps and completely undetermined characters in this alignment: 7.47%

RAxML rapid bootstrapping and subsequent ML search

Using 1 distinct models/data partitions with joint branch length optimization



Executing 100 rapid bootstrap inferences and thereafter a thorough ML search 

All free model parameters will be estimated by RAxML
GAMMA model of rate heterogeneity, ML estimate of alpha-parameter

GAMMA Model parameters will be estimated up to an accuracy of 0.1000000000 Log Likelihood units

Partition: 0
Alignment Patterns: 180
Name: No Name Provided
DataType: AA
Substitution Matrix: LG
Using empirical base frequencies




RAxML was called as follows:

raxml -f a -T 1 -m PROTGAMMALGF -p 12345 -x 12345 -# 100 -s ALICUT_EOG091G0KSQ.clustalo.aln.fasta -n EOG091G0KSQ.clustalo.aln.ALICUT.LGF 



Time for BS model parameter optimization 0.022429
Bootstrap[0]: Time 0.409507 seconds, bootstrap likelihood -2510.854754, best rearrangement setting 13
Bootstrap[1]: Time 0.365675 seconds, bootstrap likelihood -2464.618269, best rearrangement setting 13
Bootstrap[2]: Time 0.346615 seconds, bootstrap likelihood -2442.420929, best rearrangement setting 12
Bootstrap[3]: Time 0.373922 seconds, bootstrap likelihood -2512.026375, best rearrangement setting 15
Bootstrap[4]: Time 0.380397 seconds, bootstrap likelihood -2559.491733, best rearrangement setting 10
Bootstrap[5]: Time 0.483192 seconds, bootstrap likelihood -2446.026319, best rearrangement setting 10
Bootstrap[6]: Time 0.603792 seconds, bootstrap likelihood -2442.303950, best rearrangement setting 6
Bootstrap[7]: Time 0.579020 seconds, bootstrap likelihood -2373.360081, best rearrangement setting 14
Bootstrap[8]: Time 0.591021 seconds, bootstrap likelihood -2603.656491, best rearrangement setting 5
Bootstrap[9]: Time 0.512424 seconds, bootstrap likelihood -2371.778400, best rearrangement setting 7
Bootstrap[10]: Time 0.634966 seconds, bootstrap likelihood -2599.421514, best rearrangement setting 7
Bootstrap[11]: Time 0.580898 seconds, bootstrap likelihood -2363.037771, best rearrangement setting 5
Bootstrap[12]: Time 0.575544 seconds, bootstrap likelihood -2406.536334, best rearrangement setting 8
Bootstrap[13]: Time 0.598322 seconds, bootstrap likelihood -2289.258762, best rearrangement setting 7
Bootstrap[14]: Time 0.630428 seconds, bootstrap likelihood -2609.424973, best rearrangement setting 12
Bootstrap[15]: Time 0.602916 seconds, bootstrap likelihood -2517.037663, best rearrangement setting 15
Bootstrap[16]: Time 0.597704 seconds, bootstrap likelihood -2416.205201, best rearrangement setting 12
Bootstrap[17]: Time 0.624008 seconds, bootstrap likelihood -2375.195741, best rearrangement setting 12
Bootstrap[18]: Time 0.573602 seconds, bootstrap likelihood -2701.825050, best rearrangement setting 5
Bootstrap[19]: Time 0.690963 seconds, bootstrap likelihood -2462.953791, best rearrangement setting 8
Bootstrap[20]: Time 0.615372 seconds, bootstrap likelihood -2445.104673, best rearrangement setting 10
Bootstrap[21]: Time 0.331700 seconds, bootstrap likelihood -2619.372091, best rearrangement setting 6
Bootstrap[22]: Time 0.597917 seconds, bootstrap likelihood -2588.677631, best rearrangement setting 5
Bootstrap[23]: Time 0.546614 seconds, bootstrap likelihood -2465.940951, best rearrangement setting 7
Bootstrap[24]: Time 0.581459 seconds, bootstrap likelihood -2524.528389, best rearrangement setting 8
Bootstrap[25]: Time 0.577841 seconds, bootstrap likelihood -2640.561336, best rearrangement setting 6
Bootstrap[26]: Time 0.510146 seconds, bootstrap likelihood -2416.719963, best rearrangement setting 12
Bootstrap[27]: Time 0.616859 seconds, bootstrap likelihood -2492.081988, best rearrangement setting 10
Bootstrap[28]: Time 0.587320 seconds, bootstrap likelihood -2408.710956, best rearrangement setting 11
Bootstrap[29]: Time 0.589602 seconds, bootstrap likelihood -2318.759290, best rearrangement setting 12
Bootstrap[30]: Time 0.599588 seconds, bootstrap likelihood -2541.371081, best rearrangement setting 15
Bootstrap[31]: Time 0.592472 seconds, bootstrap likelihood -2307.693840, best rearrangement setting 15
Bootstrap[32]: Time 0.570983 seconds, bootstrap likelihood -2282.403636, best rearrangement setting 6
Bootstrap[33]: Time 0.549695 seconds, bootstrap likelihood -2386.309981, best rearrangement setting 15
Bootstrap[34]: Time 0.573848 seconds, bootstrap likelihood -2423.234390, best rearrangement setting 11
Bootstrap[35]: Time 0.629814 seconds, bootstrap likelihood -2479.816533, best rearrangement setting 8
Bootstrap[36]: Time 0.611255 seconds, bootstrap likelihood -2377.177975, best rearrangement setting 9
Bootstrap[37]: Time 0.296261 seconds, bootstrap likelihood -2528.498004, best rearrangement setting 11
Bootstrap[38]: Time 0.560008 seconds, bootstrap likelihood -2466.660438, best rearrangement setting 8
Bootstrap[39]: Time 0.545818 seconds, bootstrap likelihood -2525.285192, best rearrangement setting 13
Bootstrap[40]: Time 0.560290 seconds, bootstrap likelihood -2574.828806, best rearrangement setting 13
Bootstrap[41]: Time 0.560864 seconds, bootstrap likelihood -2300.474595, best rearrangement setting 10
Bootstrap[42]: Time 0.600876 seconds, bootstrap likelihood -2388.823558, best rearrangement setting 5
Bootstrap[43]: Time 0.576469 seconds, bootstrap likelihood -2228.311176, best rearrangement setting 14
Bootstrap[44]: Time 0.563053 seconds, bootstrap likelihood -2667.952048, best rearrangement setting 10
Bootstrap[45]: Time 0.630522 seconds, bootstrap likelihood -2520.267609, best rearrangement setting 15
Bootstrap[46]: Time 0.529167 seconds, bootstrap likelihood -2344.735970, best rearrangement setting 14
Bootstrap[47]: Time 0.671479 seconds, bootstrap likelihood -2433.203958, best rearrangement setting 8
Bootstrap[48]: Time 0.676937 seconds, bootstrap likelihood -2383.528368, best rearrangement setting 6
Bootstrap[49]: Time 0.597276 seconds, bootstrap likelihood -2625.647060, best rearrangement setting 7
Bootstrap[50]: Time 0.565159 seconds, bootstrap likelihood -2288.347999, best rearrangement setting 7
Bootstrap[51]: Time 0.529552 seconds, bootstrap likelihood -2298.254011, best rearrangement setting 11
Bootstrap[52]: Time 0.546035 seconds, bootstrap likelihood -2630.028486, best rearrangement setting 12
Bootstrap[53]: Time 0.576075 seconds, bootstrap likelihood -2401.538042, best rearrangement setting 8
Bootstrap[54]: Time 0.600431 seconds, bootstrap likelihood -2383.823491, best rearrangement setting 9
Bootstrap[55]: Time 0.617571 seconds, bootstrap likelihood -2520.108804, best rearrangement setting 11
Bootstrap[56]: Time 0.577709 seconds, bootstrap likelihood -2337.818520, best rearrangement setting 5
Bootstrap[57]: Time 0.617469 seconds, bootstrap likelihood -2432.867800, best rearrangement setting 7
Bootstrap[58]: Time 0.638177 seconds, bootstrap likelihood -2440.290440, best rearrangement setting 10
Bootstrap[59]: Time 0.540234 seconds, bootstrap likelihood -2345.107741, best rearrangement setting 9
Bootstrap[60]: Time 0.609274 seconds, bootstrap likelihood -2429.584704, best rearrangement setting 7
Bootstrap[61]: Time 0.262893 seconds, bootstrap likelihood -2684.850600, best rearrangement setting 5
Bootstrap[62]: Time 0.613550 seconds, bootstrap likelihood -2326.930579, best rearrangement setting 11
Bootstrap[63]: Time 0.495673 seconds, bootstrap likelihood -2433.345210, best rearrangement setting 12
Bootstrap[64]: Time 0.593992 seconds, bootstrap likelihood -2525.581240, best rearrangement setting 7
Bootstrap[65]: Time 0.618121 seconds, bootstrap likelihood -2456.340594, best rearrangement setting 5
Bootstrap[66]: Time 0.595680 seconds, bootstrap likelihood -2444.191600, best rearrangement setting 5
Bootstrap[67]: Time 0.593072 seconds, bootstrap likelihood -2540.965246, best rearrangement setting 15
Bootstrap[68]: Time 0.545454 seconds, bootstrap likelihood -2325.022727, best rearrangement setting 11
Bootstrap[69]: Time 0.527547 seconds, bootstrap likelihood -2388.921743, best rearrangement setting 5
Bootstrap[70]: Time 0.574784 seconds, bootstrap likelihood -2448.451310, best rearrangement setting 8
Bootstrap[71]: Time 0.539704 seconds, bootstrap likelihood -2363.182317, best rearrangement setting 10
Bootstrap[72]: Time 0.583669 seconds, bootstrap likelihood -2460.429443, best rearrangement setting 11
Bootstrap[73]: Time 0.564022 seconds, bootstrap likelihood -2411.213148, best rearrangement setting 9
Bootstrap[74]: Time 0.664926 seconds, bootstrap likelihood -2393.579789, best rearrangement setting 5
Bootstrap[75]: Time 0.593933 seconds, bootstrap likelihood -2494.925467, best rearrangement setting 8
Bootstrap[76]: Time 0.633557 seconds, bootstrap likelihood -2278.462048, best rearrangement setting 9
Bootstrap[77]: Time 0.562169 seconds, bootstrap likelihood -2430.602448, best rearrangement setting 11
Bootstrap[78]: Time 0.597076 seconds, bootstrap likelihood -2724.096595, best rearrangement setting 15
Bootstrap[79]: Time 0.553199 seconds, bootstrap likelihood -2514.624006, best rearrangement setting 9
Bootstrap[80]: Time 0.570988 seconds, bootstrap likelihood -2373.485509, best rearrangement setting 15
Bootstrap[81]: Time 0.592270 seconds, bootstrap likelihood -2367.830208, best rearrangement setting 7
Bootstrap[82]: Time 0.608126 seconds, bootstrap likelihood -2622.211932, best rearrangement setting 6
Bootstrap[83]: Time 0.583490 seconds, bootstrap likelihood -2404.277918, best rearrangement setting 10
Bootstrap[84]: Time 0.547368 seconds, bootstrap likelihood -2432.198079, best rearrangement setting 11
Bootstrap[85]: Time 0.619539 seconds, bootstrap likelihood -2364.375046, best rearrangement setting 8
Bootstrap[86]: Time 0.571035 seconds, bootstrap likelihood -2345.972416, best rearrangement setting 7
Bootstrap[87]: Time 0.600380 seconds, bootstrap likelihood -2411.006897, best rearrangement setting 7
Bootstrap[88]: Time 0.557166 seconds, bootstrap likelihood -2692.779770, best rearrangement setting 12
Bootstrap[89]: Time 0.562946 seconds, bootstrap likelihood -2443.538862, best rearrangement setting 10
Bootstrap[90]: Time 0.595342 seconds, bootstrap likelihood -2557.378448, best rearrangement setting 8
Bootstrap[91]: Time 0.593252 seconds, bootstrap likelihood -2505.951869, best rearrangement setting 12
Bootstrap[92]: Time 0.578379 seconds, bootstrap likelihood -2538.891741, best rearrangement setting 13
Bootstrap[93]: Time 0.586644 seconds, bootstrap likelihood -2605.687319, best rearrangement setting 15
Bootstrap[94]: Time 0.620409 seconds, bootstrap likelihood -2500.518779, best rearrangement setting 5
Bootstrap[95]: Time 0.601754 seconds, bootstrap likelihood -2561.989503, best rearrangement setting 5
Bootstrap[96]: Time 0.544182 seconds, bootstrap likelihood -2590.685896, best rearrangement setting 13
Bootstrap[97]: Time 0.636354 seconds, bootstrap likelihood -2556.633848, best rearrangement setting 11
Bootstrap[98]: Time 0.553142 seconds, bootstrap likelihood -2323.300429, best rearrangement setting 6
Bootstrap[99]: Time 0.551034 seconds, bootstrap likelihood -2338.732332, best rearrangement setting 14


Overall Time for 100 Rapid Bootstraps 56.630505 seconds
Average Time per Rapid Bootstrap 0.566305 seconds

Starting ML Search ...

Fast ML optimization finished

Fast ML search Time: 27.283302 seconds

Slow ML Search 0 Likelihood: -2463.222963
Slow ML Search 1 Likelihood: -2463.222963
Slow ML Search 2 Likelihood: -2463.222963
Slow ML Search 3 Likelihood: -2463.222963
Slow ML Search 4 Likelihood: -2463.222963
Slow ML Search 5 Likelihood: -2463.222963
Slow ML Search 6 Likelihood: -2463.222963
Slow ML Search 7 Likelihood: -2463.222963
Slow ML Search 8 Likelihood: -2463.222963
Slow ML Search 9 Likelihood: -2463.222963
Slow ML optimization finished

Slow ML search Time: 10.725293 seconds
Thorough ML search Time: 0.914373 seconds

Final ML Optimization Likelihood: -2463.222963

Model Information:

Model Parameters of Partition 0, Name: No Name Provided, Type of Data: AA
alpha: 1.318521
Tree-Length: 2.914488
rate A <-> R: 0.399182
rate A <-> N: 0.259945
rate A <-> D: 0.371058
rate A <-> C: 2.337364
rate A <-> Q: 0.910775
rate A <-> E: 0.975241
rate A <-> G: 1.940106
rate A <-> H: 0.336984
rate A <-> I: 0.140697
rate A <-> L: 0.371240
rate A <-> K: 0.503815
rate A <-> M: 1.055520
rate A <-> F: 0.238237
rate A <-> P: 1.105868
rate A <-> S: 4.439041
rate A <-> T: 2.009090
rate A <-> W: 0.169702
rate A <-> Y: 0.205613
rate A <-> V: 2.392567
rate R <-> N: 0.706048
rate R <-> D: 0.116398
rate R <-> C: 0.501968
rate R <-> Q: 2.636754
rate R <-> E: 0.341785
rate R <-> G: 0.366408
rate R <-> H: 2.278690
rate R <-> I: 0.119250
rate R <-> L: 0.283449
rate R <-> K: 5.940467
rate R <-> M: 0.454623
rate R <-> F: 0.049508
rate R <-> P: 0.312264
rate R <-> S: 0.805843
rate R <-> T: 0.543695
rate R <-> W: 0.557424
rate R <-> Y: 0.295274
rate R <-> V: 0.160471
rate N <-> D: 4.766737
rate N <-> C: 0.496537
rate N <-> Q: 1.592389
rate N <-> E: 0.508692
rate N <-> G: 1.350015
rate N <-> H: 4.234381
rate N <-> I: 0.179830
rate N <-> L: 0.064256
rate N <-> K: 2.014327
rate N <-> M: 0.348390
rate N <-> F: 0.084068
rate N <-> P: 0.151925
rate N <-> S: 3.764032
rate N <-> T: 1.878729
rate N <-> W: 0.042610
rate N <-> Y: 0.574720
rate N <-> V: 0.078587
rate D <-> C: 0.058743
rate D <-> Q: 0.491483
rate D <-> E: 4.924234
rate D <-> G: 0.793424
rate D <-> H: 0.870603
rate D <-> I: 0.010038
rate D <-> L: 0.014157
rate D <-> K: 0.265711
rate D <-> M: 0.023991
rate D <-> F: 0.016354
rate D <-> P: 0.370412
rate D <-> S: 1.164675
rate D <-> T: 0.399902
rate D <-> W: 0.028068
rate D <-> Y: 0.126872
rate D <-> V: 0.035653
rate C <-> Q: 0.079639
rate C <-> E: 0.003286
rate C <-> G: 0.534566
rate C <-> H: 0.601499
rate C <-> I: 0.301083
rate C <-> L: 0.557800
rate C <-> K: 0.012457
rate C <-> M: 0.839207
rate C <-> F: 1.037881
rate C <-> P: 0.070787
rate C <-> S: 2.614753
rate C <-> T: 1.073780
rate C <-> W: 0.629281
rate C <-> Y: 1.094488
rate C <-> V: 1.839864
rate Q <-> E: 3.876936
rate Q <-> G: 0.251626
rate Q <-> H: 4.520102
rate Q <-> I: 0.068413
rate Q <-> L: 0.546954
rate Q <-> K: 3.037150
rate Q <-> M: 1.570619
rate Q <-> F: 0.033669
rate Q <-> P: 0.586241
rate Q <-> S: 1.149231
rate Q <-> T: 1.014297
rate Q <-> W: 0.221802
rate Q <-> Y: 0.241650
rate Q <-> V: 0.197511
rate E <-> G: 0.327583
rate E <-> H: 0.398044
rate E <-> I: 0.041567
rate E <-> L: 0.065426
rate E <-> K: 1.697022
rate E <-> M: 0.163145
rate E <-> F: 0.017664
rate E <-> P: 0.393844
rate E <-> S: 0.574671
rate E <-> T: 0.567695
rate E <-> W: 0.073107
rate E <-> Y: 0.112720
rate E <-> V: 0.230098
rate G <-> H: 0.292498
rate G <-> I: 0.008174
rate G <-> L: 0.041563
rate G <-> K: 0.278555
rate G <-> M: 0.131033
rate G <-> F: 0.084125
rate G <-> P: 0.184955
rate G <-> S: 1.633930
rate G <-> T: 0.121922
rate G <-> W: 0.252125
rate G <-> Y: 0.051346
rate G <-> V: 0.072026
rate H <-> I: 0.102245
rate H <-> L: 0.343988
rate H <-> K: 0.654763
rate H <-> M: 0.415502
rate H <-> F: 0.640560
rate H <-> P: 0.477834
rate H <-> S: 0.929667
rate H <-> T: 0.548649
rate H <-> W: 0.560661
rate H <-> Y: 4.983361
rate H <-> V: 0.111759
rate I <-> L: 3.892408
rate I <-> K: 0.149373
rate I <-> M: 4.013113
rate I <-> F: 1.044902
rate I <-> P: 0.073509
rate I <-> S: 0.060198
rate I <-> T: 0.970728
rate I <-> W: 0.104854
rate I <-> Y: 0.218350
rate I <-> V: 10.000000
rate L <-> K: 0.129119
rate L <-> M: 5.927594
rate L <-> F: 2.434657
rate L <-> P: 0.233879
rate L <-> S: 0.171176
rate L <-> T: 0.284471
rate L <-> W: 0.581863
rate L <-> Y: 0.281383
rate L <-> V: 1.598956
rate K <-> M: 0.616581
rate K <-> F: 0.022460
rate K <-> P: 0.366530
rate K <-> S: 0.703048
rate K <-> T: 1.067567
rate K <-> W: 0.046864
rate K <-> Y: 0.123890
rate K <-> V: 0.173913
rate M <-> F: 1.689205
rate M <-> P: 0.093763
rate M <-> S: 0.325811
rate M <-> T: 1.897216
rate M <-> W: 0.653740
rate M <-> Y: 0.451968
rate M <-> V: 1.782983
rate F <-> P: 0.088706
rate F <-> S: 0.339765
rate F <-> T: 0.154944
rate F <-> W: 2.307349
rate F <-> Y: 7.328222
rate F <-> V: 0.614777
rate P <-> S: 1.256567
rate P <-> T: 0.536635
rate P <-> W: 0.089332
rate P <-> Y: 0.084151
rate P <-> V: 0.278428
rate S <-> T: 6.077767
rate S <-> W: 0.233693
rate S <-> Y: 0.376132
rate S <-> V: 0.092373
rate T <-> W: 0.132241
rate T <-> Y: 0.230856
rate T <-> V: 2.054781
rate W <-> Y: 2.959699
rate W <-> V: 0.177959
rate Y <-> V: 0.234116

freq pi(A): 0.063716
freq pi(R): 0.113813
freq pi(N): 0.058852
freq pi(D): 0.036479
freq pi(C): 0.025292
freq pi(Q): 0.043774
freq pi(E): 0.090953
freq pi(G): 0.024319
freq pi(H): 0.015078
freq pi(I): 0.070525
freq pi(L): 0.089008
freq pi(K): 0.109922
freq pi(M): 0.020428
freq pi(F): 0.028210
freq pi(P): 0.024805
freq pi(S): 0.044261
freq pi(T): 0.037451
freq pi(W): 0.019455
freq pi(Y): 0.041342
freq pi(V): 0.042315


ML search took 38.952348 secs or 0.010820 hours

Combined Bootstrap and ML search took 95.583069 secs or 0.026551 hours

Drawing Bootstrap Support Values on best-scoring ML tree ...



Found 1 tree in File /in/RAxML_bestTree.EOG091G0KSQ.clustalo.aln.ALICUT.LGF



Found 1 tree in File /in/RAxML_bestTree.EOG091G0KSQ.clustalo.aln.ALICUT.LGF

Program execution info written to /in/RAxML_info.EOG091G0KSQ.clustalo.aln.ALICUT.LGF
All 100 bootstrapped trees written to: /in/RAxML_bootstrap.EOG091G0KSQ.clustalo.aln.ALICUT.LGF

Best-scoring ML tree written to: /in/RAxML_bestTree.EOG091G0KSQ.clustalo.aln.ALICUT.LGF

Best-scoring ML tree with support values written to: /in/RAxML_bipartitions.EOG091G0KSQ.clustalo.aln.ALICUT.LGF

Best-scoring ML tree with support values as branch labels written to: /in/RAxML_bipartitionsBranchLabels.EOG091G0KSQ.clustalo.aln.ALICUT.LGF

Overall execution time for full ML analysis: 95.586079 secs or 0.026552 hours or 0.001106 days

