--2018-12-14 10:53:13--  http://www.orthodb.org/fasta?query=EOG091G03QC&level=33208
Resolving www.orthodb.org (www.orthodb.org)... 142.93.108.123, 2a03:b0c0:3:d0::d19:7001
Connecting to www.orthodb.org (www.orthodb.org)|142.93.108.123|:80... connected.
HTTP request sent, awaiting response... 301 Moved Permanently
Location: https://www.orthodb.org/fasta?query=EOG091G03QC&level=33208 [following]
--2018-12-14 10:53:13--  https://www.orthodb.org/fasta?query=EOG091G03QC&level=33208
Connecting to www.orthodb.org (www.orthodb.org)|142.93.108.123|:443... connected.
HTTP request sent, awaiting response... 200 OK
Length: 667509 (652K) [text/plain]
Saving to: ‘EOG091G03QC/EOG091G03QC.orthodb.fasta’

     0K .......... .......... .......... .......... ..........  7% 1,36M 0s
    50K .......... .......... .......... .......... .......... 15% 2,17M 0s
   100K .......... .......... .......... .......... .......... 23% 1,28M 0s
   150K .......... .......... .......... .......... .......... 30% 3,10M 0s
   200K .......... .......... .......... .......... .......... 38% 7,21M 0s
   250K .......... .......... .......... .......... .......... 46% 2,28M 0s
   300K .......... .......... .......... .......... .......... 53% 2,63M 0s
   350K .......... .......... .......... .......... .......... 61% 2,49M 0s
   400K .......... .......... .......... .......... .......... 69% 2,62M 0s
   450K .......... .......... .......... .......... .......... 76% 3,20M 0s
   500K .......... .......... .......... .......... .......... 84% 6,94M 0s
   550K .......... .......... .......... .......... .......... 92% 2,29M 0s
   600K .......... .......... .......... .......... .......... 99% 2,49M 0s
   650K .                                                     100% 1,91M=0,3s

2018-12-14 10:53:14 (2,44 MB/s) - ‘EOG091G03QC/EOG091G03QC.orthodb.fasta’ saved [667509/667509]

