
	reading taxa from FASTA ...


	H.robusta            -> sites: 317   
	C.intestinalis       -> sites: 317   
	D.melanogaster       -> sites: 317   
	R.norvegicus         -> sites: 317   
	G.salaris            -> sites: 317   
	H.microstoma         -> sites: 317   
	O.viverrini          -> sites: 317   
	E.nipponicum         -> sites: 317   
	L.gigantea           -> sites: 317   
	T.solium             -> sites: 317   
	C.sinensis           -> sites: 317   
	D.rerio              -> sites: 317   
	E.granulosus         -> sites: 317   
	G.turnbulli          -> sites: 317   


	data type             : amino acid sequences

	input ...

	infile		: EOG091G0AFP.clustalo.aln.fasta
	random pairs	: 200000000000000000
	window size	: 6
	indels		: ambiguous
	tree file	: -
	node level	: -
	strict profile	: -
	outgroup	: -
	matrix          : BLOSUM62

	number of taxa        : 14
	random number of pairs: 200000000000000000

	generates threshhold value for amino acid data
	using BLOSUM62

	checks for (potential) identical taxa


	scores site patterns ...


	max number of different pairs is 91
	max random pairs are scored!

	pair: 1      ->	taxon1: H.robusta 	taxon2: C.intestin
	            	positions below base line: 106
	pair: 2      ->	taxon1: H.robusta 	taxon2: D.melanoga
	            	positions below base line: 107
	pair: 3      ->	taxon1: H.robusta 	taxon2: R.norvegic
	            	positions below base line: 93
	pair: 4      ->	taxon1: H.robusta 	taxon2: G.salaris 
	            	positions below base line: 132
	pair: 5      ->	taxon1: H.robusta 	taxon2: H.microsto
	            	positions below base line: 115
	pair: 6      ->	taxon1: H.robusta 	taxon2: O.viverrin
	            	positions below base line: 162
	pair: 7      ->	taxon1: H.robusta 	taxon2: E.nipponic
	            	positions below base line: 110
	pair: 8      ->	taxon1: H.robusta 	taxon2: L.gigantea
	            	positions below base line: 130
	pair: 9      ->	taxon1: H.robusta 	taxon2: T.solium  
	            	positions below base line: 113
	pair: 10     ->	taxon1: H.robusta 	taxon2: C.sinensis
	            	positions below base line: 160
	pair: 11     ->	taxon1: H.robusta 	taxon2: D.rerio   
	            	positions below base line: 90
	pair: 12     ->	taxon1: H.robusta 	taxon2: E.granulos
	            	positions below base line: 114
	pair: 13     ->	taxon1: H.robusta 	taxon2: G.turnbull
	            	positions below base line: 129
	pair: 14     ->	taxon1: C.intestin	taxon2: D.melanoga
	            	positions below base line: 89
	pair: 15     ->	taxon1: C.intestin	taxon2: R.norvegic
	            	positions below base line: 76
	pair: 16     ->	taxon1: C.intestin	taxon2: G.salaris 
	            	positions below base line: 130
	pair: 17     ->	taxon1: C.intestin	taxon2: H.microsto
	            	positions below base line: 112
	pair: 18     ->	taxon1: C.intestin	taxon2: O.viverrin
	            	positions below base line: 178
	pair: 19     ->	taxon1: C.intestin	taxon2: E.nipponic
	            	positions below base line: 120
	pair: 20     ->	taxon1: C.intestin	taxon2: L.gigantea
	            	positions below base line: 144
	pair: 21     ->	taxon1: C.intestin	taxon2: T.solium  
	            	positions below base line: 114
	pair: 22     ->	taxon1: C.intestin	taxon2: C.sinensis
	            	positions below base line: 153
	pair: 23     ->	taxon1: C.intestin	taxon2: D.rerio   
	            	positions below base line: 81
	pair: 24     ->	taxon1: C.intestin	taxon2: E.granulos
	            	positions below base line: 104
	pair: 25     ->	taxon1: C.intestin	taxon2: G.turnbull
	            	positions below base line: 129
	pair: 26     ->	taxon1: D.melanoga	taxon2: R.norvegic
	            	positions below base line: 81
	pair: 27     ->	taxon1: D.melanoga	taxon2: G.salaris 
	            	positions below base line: 132
	pair: 28     ->	taxon1: D.melanoga	taxon2: H.microsto
	            	positions below base line: 126
	pair: 29     ->	taxon1: D.melanoga	taxon2: O.viverrin
	            	positions below base line: 155
	pair: 30     ->	taxon1: D.melanoga	taxon2: E.nipponic
	            	positions below base line: 118
	pair: 31     ->	taxon1: D.melanoga	taxon2: L.gigantea
	            	positions below base line: 134
	pair: 32     ->	taxon1: D.melanoga	taxon2: T.solium  
	            	positions below base line: 123
	pair: 33     ->	taxon1: D.melanoga	taxon2: C.sinensis
	            	positions below base line: 149
	pair: 34     ->	taxon1: D.melanoga	taxon2: D.rerio   
	            	positions below base line: 93
	pair: 35     ->	taxon1: D.melanoga	taxon2: E.granulos
	            	positions below base line: 115
	pair: 36     ->	taxon1: D.melanoga	taxon2: G.turnbull
	            	positions below base line: 121
	pair: 37     ->	taxon1: R.norvegic	taxon2: G.salaris 
	            	positions below base line: 135
	pair: 38     ->	taxon1: R.norvegic	taxon2: H.microsto
	            	positions below base line: 118
	pair: 39     ->	taxon1: R.norvegic	taxon2: O.viverrin
	            	positions below base line: 151
	pair: 40     ->	taxon1: R.norvegic	taxon2: E.nipponic
	            	positions below base line: 121
	pair: 41     ->	taxon1: R.norvegic	taxon2: L.gigantea
	            	positions below base line: 136
	pair: 42     ->	taxon1: R.norvegic	taxon2: T.solium  
	            	positions below base line: 117
	pair: 43     ->	taxon1: R.norvegic	taxon2: C.sinensis
	            	positions below base line: 144
	pair: 44     ->	taxon1: R.norvegic	taxon2: D.rerio   
	            	positions below base line: 65
	pair: 45     ->	taxon1: R.norvegic	taxon2: E.granulos
	            	positions below base line: 117
	pair: 46     ->	taxon1: R.norvegic	taxon2: G.turnbull
	            	positions below base line: 132
	pair: 47     ->	taxon1: G.salaris 	taxon2: H.microsto
	            	positions below base line: 112
	pair: 48     ->	taxon1: G.salaris 	taxon2: O.viverrin
	            	positions below base line: 170
	pair: 49     ->	taxon1: G.salaris 	taxon2: E.nipponic
	            	positions below base line: 129
	pair: 50     ->	taxon1: G.salaris 	taxon2: L.gigantea
	            	positions below base line: 149
	pair: 51     ->	taxon1: G.salaris 	taxon2: T.solium  
	            	positions below base line: 123
	pair: 52     ->	taxon1: G.salaris 	taxon2: C.sinensis
	            	positions below base line: 161
	pair: 53     ->	taxon1: G.salaris 	taxon2: D.rerio   
	            	positions below base line: 133
	pair: 54     ->	taxon1: G.salaris 	taxon2: E.granulos
	            	positions below base line: 119
	pair: 55     ->	taxon1: G.salaris 	taxon2: G.turnbull
	            	positions below base line: 116
	pair: 56     ->	taxon1: H.microsto	taxon2: O.viverrin
	            	positions below base line: 147
	pair: 57     ->	taxon1: H.microsto	taxon2: E.nipponic
	            	positions below base line: 96
	pair: 58     ->	taxon1: H.microsto	taxon2: L.gigantea
	            	positions below base line: 145
	pair: 59     ->	taxon1: H.microsto	taxon2: T.solium  
	            	positions below base line: 88
	pair: 60     ->	taxon1: H.microsto	taxon2: C.sinensis
	            	positions below base line: 151
	pair: 61     ->	taxon1: H.microsto	taxon2: D.rerio   
	            	positions below base line: 123
	pair: 62     ->	taxon1: H.microsto	taxon2: E.granulos
	            	positions below base line: 91
	pair: 63     ->	taxon1: H.microsto	taxon2: G.turnbull
	            	positions below base line: 117
	pair: 64     ->	taxon1: O.viverrin	taxon2: E.nipponic
	            	positions below base line: 169
	pair: 65     ->	taxon1: O.viverrin	taxon2: L.gigantea
	            	positions below base line: 172
	pair: 66     ->	taxon1: O.viverrin	taxon2: T.solium  
	            	positions below base line: 163
	pair: 67     ->	taxon1: O.viverrin	taxon2: C.sinensis
	            	positions below base line: 145
	pair: 68     ->	taxon1: O.viverrin	taxon2: D.rerio   
	            	positions below base line: 149
	pair: 69     ->	taxon1: O.viverrin	taxon2: E.granulos
	            	positions below base line: 163
	pair: 70     ->	taxon1: O.viverrin	taxon2: G.turnbull
	            	positions below base line: 179
	pair: 71     ->	taxon1: E.nipponic	taxon2: L.gigantea
	            	positions below base line: 142
	pair: 72     ->	taxon1: E.nipponic	taxon2: T.solium  
	            	positions below base line: 98
	pair: 73     ->	taxon1: E.nipponic	taxon2: C.sinensis
	            	positions below base line: 157
	pair: 74     ->	taxon1: E.nipponic	taxon2: D.rerio   
	            	positions below base line: 125
	pair: 75     ->	taxon1: E.nipponic	taxon2: E.granulos
	            	positions below base line: 104
	pair: 76     ->	taxon1: E.nipponic	taxon2: G.turnbull
	            	positions below base line: 130
	pair: 77     ->	taxon1: L.gigantea	taxon2: T.solium  
	            	positions below base line: 135
	pair: 78     ->	taxon1: L.gigantea	taxon2: C.sinensis
	            	positions below base line: 174
	pair: 79     ->	taxon1: L.gigantea	taxon2: D.rerio   
	            	positions below base line: 141
	pair: 80     ->	taxon1: L.gigantea	taxon2: E.granulos
	            	positions below base line: 134
	pair: 81     ->	taxon1: L.gigantea	taxon2: G.turnbull
	            	positions below base line: 159
	pair: 82     ->	taxon1: T.solium  	taxon2: C.sinensis
	            	positions below base line: 157
	pair: 83     ->	taxon1: T.solium  	taxon2: D.rerio   
	            	positions below base line: 114
	pair: 84     ->	taxon1: T.solium  	taxon2: E.granulos
	            	positions below base line: 99
	pair: 85     ->	taxon1: T.solium  	taxon2: G.turnbull
	            	positions below base line: 128
	pair: 86     ->	taxon1: C.sinensis	taxon2: D.rerio   
	            	positions below base line: 140
	pair: 87     ->	taxon1: C.sinensis	taxon2: E.granulos
	            	positions below base line: 155
	pair: 88     ->	taxon1: C.sinensis	taxon2: G.turnbull
	            	positions below base line: 165
	pair: 89     ->	taxon1: D.rerio   	taxon2: E.granulos
	            	positions below base line: 118
	pair: 90     ->	taxon1: D.rerio   	taxon2: G.turnbull
	            	positions below base line: 131
	pair: 91     ->	taxon1: E.granulos	taxon2: G.turnbull
	            	positions below base line: 129

	generates quality profile from collected scores ...


	scoring done ...


	generates vector plot from collected scores ...


Argument "-" treated as 0 in increment (++) at /usr/bin/Aliscore.pl line 1213.
	Profile written to EOG091G0AFP.clustalo.aln.fasta_Profile_random.txt
	List   written to EOG091G0AFP.clustalo.aln.fasta_List_random.txt

	time used: 3.72 sec

