
RAxML can't, parse the alignment file as phylip file 
it will now try to parse it as FASTA file


This is the RAxML Master Pthread

This is RAxML Worker Pthread Number: 1


This is RAxML version 8.2.12 released by Alexandros Stamatakis on May 2018.

With greatly appreciated code contributions by:
Andre Aberer      (HITS)
Simon Berger      (HITS)
Alexey Kozlov     (HITS)
Kassian Kobert    (HITS)
David Dao         (KIT and HITS)
Sarah Lutteropp   (KIT and HITS)
Nick Pattengale   (Sandia)
Wayne Pfeiffer    (SDSC)
Akifumi S. Tanabe (NRIFS)
Charlie Taylor    (UF)


Alignment has 418 distinct alignment patterns

Proportion of gaps and completely undetermined characters in this alignment: 17.62%

RAxML rapid bootstrapping and subsequent ML search

Using 1 distinct models/data partitions with joint branch length optimization



Executing 100 rapid bootstrap inferences and thereafter a thorough ML search 

All free model parameters will be estimated by RAxML
GAMMA model of rate heterogeneity, ML estimate of alpha-parameter

GAMMA Model parameters will be estimated up to an accuracy of 0.1000000000 Log Likelihood units

Partition: 0
Alignment Patterns: 418
Name: No Name Provided
DataType: AA
Substitution Matrix: WAG
Using empirical base frequencies




RAxML was called as follows:

raxml -f a -T 2 -m PROTGAMMAWAGF -p 12345 -x 12345 -# 100 -s ALICUT_EOG091G00UD.clustalo.aln.fasta -n EOG091G00UD.clustalo.aln.ALICUT.WAGF 



Time for BS model parameter optimization 0.104589
Bootstrap[0]: Time 2.500704 seconds, bootstrap likelihood -5489.241376, best rearrangement setting 13
Bootstrap[1]: Time 1.379908 seconds, bootstrap likelihood -5343.393966, best rearrangement setting 13
Bootstrap[2]: Time 1.174583 seconds, bootstrap likelihood -5418.041084, best rearrangement setting 12
Bootstrap[3]: Time 1.208121 seconds, bootstrap likelihood -5280.568443, best rearrangement setting 15
Bootstrap[4]: Time 1.133447 seconds, bootstrap likelihood -5301.511479, best rearrangement setting 10
Bootstrap[5]: Time 0.404114 seconds, bootstrap likelihood -5433.689453, best rearrangement setting 10
Bootstrap[6]: Time 0.990567 seconds, bootstrap likelihood -5212.039622, best rearrangement setting 6
Bootstrap[7]: Time 1.216761 seconds, bootstrap likelihood -5069.435466, best rearrangement setting 14
Bootstrap[8]: Time 1.176359 seconds, bootstrap likelihood -5316.497859, best rearrangement setting 5
Bootstrap[9]: Time 1.058271 seconds, bootstrap likelihood -5387.701552, best rearrangement setting 7
Bootstrap[10]: Time 1.125950 seconds, bootstrap likelihood -5188.348919, best rearrangement setting 7
Bootstrap[11]: Time 1.265072 seconds, bootstrap likelihood -5350.292459, best rearrangement setting 5
Bootstrap[12]: Time 1.141147 seconds, bootstrap likelihood -5499.785400, best rearrangement setting 8
Bootstrap[13]: Time 1.176434 seconds, bootstrap likelihood -5598.372851, best rearrangement setting 7
Bootstrap[14]: Time 1.004175 seconds, bootstrap likelihood -5298.439370, best rearrangement setting 12
Bootstrap[15]: Time 1.167362 seconds, bootstrap likelihood -5533.337269, best rearrangement setting 15
Bootstrap[16]: Time 1.264723 seconds, bootstrap likelihood -5419.632824, best rearrangement setting 12
Bootstrap[17]: Time 0.860069 seconds, bootstrap likelihood -5484.358750, best rearrangement setting 12
Bootstrap[18]: Time 1.267320 seconds, bootstrap likelihood -5335.747800, best rearrangement setting 5
Bootstrap[19]: Time 1.166583 seconds, bootstrap likelihood -5383.465288, best rearrangement setting 8
Bootstrap[20]: Time 1.196699 seconds, bootstrap likelihood -5330.983927, best rearrangement setting 10
Bootstrap[21]: Time 1.107338 seconds, bootstrap likelihood -5490.787908, best rearrangement setting 6
Bootstrap[22]: Time 0.463159 seconds, bootstrap likelihood -5359.934822, best rearrangement setting 5
Bootstrap[23]: Time 0.410501 seconds, bootstrap likelihood -5205.860508, best rearrangement setting 7
Bootstrap[24]: Time 1.134836 seconds, bootstrap likelihood -5413.667226, best rearrangement setting 8
Bootstrap[25]: Time 1.456911 seconds, bootstrap likelihood -5220.041746, best rearrangement setting 6
Bootstrap[26]: Time 1.717878 seconds, bootstrap likelihood -5399.650484, best rearrangement setting 12
Bootstrap[27]: Time 1.377214 seconds, bootstrap likelihood -5141.248589, best rearrangement setting 10
Bootstrap[28]: Time 1.497091 seconds, bootstrap likelihood -5252.932026, best rearrangement setting 11
Bootstrap[29]: Time 1.277950 seconds, bootstrap likelihood -4961.451976, best rearrangement setting 12
Bootstrap[30]: Time 1.577829 seconds, bootstrap likelihood -5219.794456, best rearrangement setting 15
Bootstrap[31]: Time 1.155795 seconds, bootstrap likelihood -5202.923324, best rearrangement setting 15
Bootstrap[32]: Time 1.129181 seconds, bootstrap likelihood -5321.813216, best rearrangement setting 6
Bootstrap[33]: Time 1.129356 seconds, bootstrap likelihood -5083.486016, best rearrangement setting 15
Bootstrap[34]: Time 1.218195 seconds, bootstrap likelihood -5537.988860, best rearrangement setting 11
Bootstrap[35]: Time 0.401943 seconds, bootstrap likelihood -5511.489101, best rearrangement setting 8
Bootstrap[36]: Time 0.328259 seconds, bootstrap likelihood -5342.244697, best rearrangement setting 9
Bootstrap[37]: Time 1.491465 seconds, bootstrap likelihood -5194.124179, best rearrangement setting 11
Bootstrap[38]: Time 1.052479 seconds, bootstrap likelihood -5392.938791, best rearrangement setting 8
Bootstrap[39]: Time 1.100741 seconds, bootstrap likelihood -5064.283282, best rearrangement setting 13
Bootstrap[40]: Time 1.298362 seconds, bootstrap likelihood -5108.936730, best rearrangement setting 13
Bootstrap[41]: Time 1.128337 seconds, bootstrap likelihood -5392.375267, best rearrangement setting 10
Bootstrap[42]: Time 1.173202 seconds, bootstrap likelihood -5146.209022, best rearrangement setting 5
Bootstrap[43]: Time 1.049983 seconds, bootstrap likelihood -5373.262764, best rearrangement setting 14
Bootstrap[44]: Time 0.945942 seconds, bootstrap likelihood -5291.354396, best rearrangement setting 10
Bootstrap[45]: Time 1.048111 seconds, bootstrap likelihood -5232.574359, best rearrangement setting 15
Bootstrap[46]: Time 1.228311 seconds, bootstrap likelihood -5158.183278, best rearrangement setting 14
Bootstrap[47]: Time 1.009375 seconds, bootstrap likelihood -5240.142647, best rearrangement setting 8
Bootstrap[48]: Time 1.282947 seconds, bootstrap likelihood -5081.512514, best rearrangement setting 6
Bootstrap[49]: Time 1.306543 seconds, bootstrap likelihood -5285.436970, best rearrangement setting 7
Bootstrap[50]: Time 1.143001 seconds, bootstrap likelihood -5489.690370, best rearrangement setting 7
Bootstrap[51]: Time 1.380042 seconds, bootstrap likelihood -5672.833629, best rearrangement setting 11
Bootstrap[52]: Time 1.349460 seconds, bootstrap likelihood -5221.967590, best rearrangement setting 12
Bootstrap[53]: Time 1.491543 seconds, bootstrap likelihood -5463.785853, best rearrangement setting 8
Bootstrap[54]: Time 1.619877 seconds, bootstrap likelihood -5374.246982, best rearrangement setting 9
Bootstrap[55]: Time 0.594078 seconds, bootstrap likelihood -5471.848580, best rearrangement setting 11
Bootstrap[56]: Time 0.471008 seconds, bootstrap likelihood -5252.067727, best rearrangement setting 5
Bootstrap[57]: Time 1.119970 seconds, bootstrap likelihood -5431.463214, best rearrangement setting 7
Bootstrap[58]: Time 0.889086 seconds, bootstrap likelihood -5309.071154, best rearrangement setting 10
Bootstrap[59]: Time 1.044190 seconds, bootstrap likelihood -5291.027849, best rearrangement setting 9
Bootstrap[60]: Time 2.225848 seconds, bootstrap likelihood -5510.878353, best rearrangement setting 7
Bootstrap[61]: Time 0.820748 seconds, bootstrap likelihood -5367.934294, best rearrangement setting 5
Bootstrap[62]: Time 1.051571 seconds, bootstrap likelihood -5151.875021, best rearrangement setting 11
Bootstrap[63]: Time 2.059871 seconds, bootstrap likelihood -5244.595596, best rearrangement setting 12
Bootstrap[64]: Time 1.576769 seconds, bootstrap likelihood -5351.131221, best rearrangement setting 7
Bootstrap[65]: Time 1.123708 seconds, bootstrap likelihood -5304.475643, best rearrangement setting 5
Bootstrap[66]: Time 2.031040 seconds, bootstrap likelihood -5440.902970, best rearrangement setting 5
Bootstrap[67]: Time 1.937711 seconds, bootstrap likelihood -5254.311013, best rearrangement setting 15
Bootstrap[68]: Time 2.177914 seconds, bootstrap likelihood -5294.270139, best rearrangement setting 11
Bootstrap[69]: Time 1.637458 seconds, bootstrap likelihood -5257.349565, best rearrangement setting 5
Bootstrap[70]: Time 1.598485 seconds, bootstrap likelihood -5345.244738, best rearrangement setting 8
Bootstrap[71]: Time 1.540352 seconds, bootstrap likelihood -5152.302401, best rearrangement setting 10
Bootstrap[72]: Time 0.723539 seconds, bootstrap likelihood -5454.722772, best rearrangement setting 11
Bootstrap[73]: Time 1.463928 seconds, bootstrap likelihood -5273.897338, best rearrangement setting 9
Bootstrap[74]: Time 0.708017 seconds, bootstrap likelihood -5426.468153, best rearrangement setting 5
Bootstrap[75]: Time 0.543043 seconds, bootstrap likelihood -5489.847435, best rearrangement setting 8
Bootstrap[76]: Time 1.754373 seconds, bootstrap likelihood -5332.133726, best rearrangement setting 9
Bootstrap[77]: Time 2.023924 seconds, bootstrap likelihood -5447.408357, best rearrangement setting 11
Bootstrap[78]: Time 2.304080 seconds, bootstrap likelihood -5309.980005, best rearrangement setting 15
Bootstrap[79]: Time 1.741432 seconds, bootstrap likelihood -5200.883497, best rearrangement setting 9
Bootstrap[80]: Time 1.728765 seconds, bootstrap likelihood -5203.039962, best rearrangement setting 15
Bootstrap[81]: Time 1.983505 seconds, bootstrap likelihood -5403.342209, best rearrangement setting 7
Bootstrap[82]: Time 1.276369 seconds, bootstrap likelihood -5441.294598, best rearrangement setting 6
Bootstrap[83]: Time 0.522458 seconds, bootstrap likelihood -5198.739678, best rearrangement setting 10
Bootstrap[84]: Time 1.182553 seconds, bootstrap likelihood -5514.836295, best rearrangement setting 11
Bootstrap[85]: Time 1.119384 seconds, bootstrap likelihood -5267.101339, best rearrangement setting 8
Bootstrap[86]: Time 1.159031 seconds, bootstrap likelihood -5472.316281, best rearrangement setting 7
Bootstrap[87]: Time 1.021689 seconds, bootstrap likelihood -5444.695339, best rearrangement setting 7
Bootstrap[88]: Time 1.020214 seconds, bootstrap likelihood -5383.770119, best rearrangement setting 12
Bootstrap[89]: Time 1.003178 seconds, bootstrap likelihood -5192.020995, best rearrangement setting 10
Bootstrap[90]: Time 1.166472 seconds, bootstrap likelihood -5210.927315, best rearrangement setting 8
Bootstrap[91]: Time 0.983554 seconds, bootstrap likelihood -4991.854954, best rearrangement setting 12
Bootstrap[92]: Time 1.225746 seconds, bootstrap likelihood -5364.692715, best rearrangement setting 13
Bootstrap[93]: Time 1.021831 seconds, bootstrap likelihood -5744.565225, best rearrangement setting 15
Bootstrap[94]: Time 1.180342 seconds, bootstrap likelihood -5507.599093, best rearrangement setting 5
Bootstrap[95]: Time 1.003930 seconds, bootstrap likelihood -5456.631884, best rearrangement setting 5
Bootstrap[96]: Time 1.134373 seconds, bootstrap likelihood -5273.388226, best rearrangement setting 13
Bootstrap[97]: Time 1.299473 seconds, bootstrap likelihood -5494.504650, best rearrangement setting 11
Bootstrap[98]: Time 1.206593 seconds, bootstrap likelihood -5415.904788, best rearrangement setting 6
Bootstrap[99]: Time 1.793999 seconds, bootstrap likelihood -5512.987566, best rearrangement setting 14


Overall Time for 100 Rapid Bootstraps 123.578753 seconds
Average Time per Rapid Bootstrap 1.235788 seconds

Starting ML Search ...

Fast ML optimization finished

Fast ML search Time: 67.661974 seconds

Slow ML Search 0 Likelihood: -5349.936845
Slow ML Search 1 Likelihood: -5349.936845
Slow ML Search 2 Likelihood: -5349.936845
Slow ML Search 3 Likelihood: -5349.936845
Slow ML Search 4 Likelihood: -5349.936845
Slow ML Search 5 Likelihood: -5349.936845
Slow ML Search 6 Likelihood: -5349.936845
Slow ML Search 7 Likelihood: -5349.936845
Slow ML Search 8 Likelihood: -5349.936845
Slow ML Search 9 Likelihood: -5349.936845
Slow ML optimization finished

Slow ML search Time: 21.829530 seconds
Thorough ML search Time: 1.732232 seconds

Final ML Optimization Likelihood: -5349.936850

Model Information:

Model Parameters of Partition 0, Name: No Name Provided, Type of Data: AA
alpha: 1.538573
Tree-Length: 7.368635
rate A <-> R: 0.705217
rate A <-> N: 0.651871
rate A <-> D: 0.944853
rate A <-> C: 1.313132
rate A <-> Q: 1.161697
rate A <-> E: 2.023768
rate A <-> G: 1.811361
rate A <-> H: 0.405245
rate A <-> I: 0.247190
rate A <-> L: 0.508758
rate A <-> K: 1.158714
rate A <-> M: 1.142388
rate A <-> F: 0.269129
rate A <-> P: 1.839272
rate A <-> S: 4.309757
rate A <-> T: 2.711966
rate A <-> W: 0.144647
rate A <-> Y: 0.307794
rate A <-> V: 2.564804
rate R <-> N: 0.812328
rate R <-> D: 0.188337
rate R <-> C: 0.675324
rate R <-> Q: 3.881068
rate R <-> E: 0.561488
rate R <-> G: 0.747529
rate R <-> H: 2.732474
rate R <-> I: 0.239064
rate R <-> L: 0.636302
rate R <-> K: 6.842111
rate R <-> M: 0.873463
rate R <-> F: 0.131322
rate R <-> P: 0.868767
rate R <-> S: 1.565200
rate R <-> T: 0.708850
rate R <-> W: 1.488141
rate R <-> Y: 0.487813
rate R <-> V: 0.322004
rate N <-> D: 6.941838
rate N <-> C: 0.339146
rate N <-> Q: 1.973636
rate N <-> E: 1.211049
rate N <-> G: 1.439096
rate N <-> H: 5.058353
rate N <-> I: 0.708624
rate N <-> L: 0.168166
rate N <-> K: 3.851035
rate N <-> M: 0.253437
rate N <-> F: 0.122949
rate N <-> P: 0.249423
rate N <-> S: 5.081291
rate N <-> T: 2.595553
rate N <-> W: 0.091950
rate N <-> Y: 1.388516
rate N <-> V: 0.250912
rate D <-> C: 0.038734
rate D <-> Q: 0.788594
rate D <-> E: 7.894033
rate D <-> G: 1.106701
rate D <-> H: 1.189925
rate D <-> I: 0.050423
rate D <-> L: 0.108428
rate D <-> K: 0.613523
rate D <-> M: 0.132656
rate D <-> F: 0.059748
rate D <-> P: 0.542089
rate D <-> S: 1.370309
rate D <-> T: 0.479289
rate D <-> W: 0.165915
rate D <-> Y: 0.416441
rate D <-> V: 0.194769
rate C <-> Q: 0.126345
rate C <-> E: 0.027300
rate C <-> G: 0.392101
rate C <-> H: 0.318326
rate C <-> I: 0.217528
rate C <-> L: 0.491334
rate C <-> K: 0.094657
rate C <-> M: 0.499255
rate C <-> F: 0.508892
rate C <-> P: 0.139880
rate C <-> S: 1.799778
rate C <-> T: 0.655881
rate C <-> W: 0.916817
rate C <-> Y: 0.695323
rate C <-> V: 1.281296
rate Q <-> E: 6.993045
rate Q <-> G: 0.421991
rate Q <-> H: 5.490277
rate Q <-> I: 0.145650
rate Q <-> L: 1.111694
rate Q <-> K: 4.979863
rate Q <-> M: 1.975707
rate Q <-> F: 0.127755
rate Q <-> P: 1.193372
rate Q <-> S: 1.315472
rate Q <-> T: 1.096912
rate Q <-> W: 0.275833
rate Q <-> Y: 0.291141
rate Q <-> V: 0.385206
rate E <-> G: 0.725860
rate E <-> H: 0.728811
rate E <-> I: 0.162882
rate E <-> L: 0.197234
rate E <-> K: 3.304348
rate E <-> M: 0.402905
rate E <-> F: 0.103735
rate E <-> P: 0.872432
rate E <-> S: 0.901307
rate E <-> T: 1.051954
rate E <-> W: 0.200167
rate E <-> Y: 0.250985
rate E <-> V: 0.752728
rate G <-> H: 0.318886
rate G <-> I: 0.038932
rate G <-> L: 0.078380
rate G <-> K: 0.477616
rate G <-> M: 0.222597
rate G <-> F: 0.063840
rate G <-> P: 0.311419
rate G <-> S: 1.715597
rate G <-> T: 0.288741
rate G <-> W: 0.430853
rate G <-> Y: 0.132464
rate G <-> V: 0.239406
rate H <-> I: 0.176684
rate H <-> L: 0.638592
rate H <-> K: 1.138471
rate H <-> M: 0.516718
rate H <-> F: 0.868616
rate H <-> P: 0.890131
rate H <-> S: 0.946350
rate H <-> T: 0.605151
rate H <-> W: 0.335710
rate H <-> Y: 4.952425
rate H <-> V: 0.151328
rate I <-> L: 4.054275
rate I <-> K: 0.414039
rate I <-> M: 5.443417
rate I <-> F: 1.354596
rate I <-> P: 0.127765
rate I <-> S: 0.408423
rate I <-> T: 1.864345
rate I <-> W: 0.271672
rate I <-> Y: 0.537212
rate I <-> V: 10.000000
rate L <-> K: 0.329299
rate L <-> M: 6.206155
rate L <-> F: 2.704371
rate L <-> P: 0.531681
rate L <-> S: 0.440769
rate L <-> T: 0.417606
rate L <-> W: 0.850637
rate L <-> Y: 0.509657
rate L <-> V: 2.301842
rate K <-> M: 1.194528
rate K <-> F: 0.113582
rate K <-> P: 0.712025
rate K <-> S: 1.236534
rate K <-> T: 1.773337
rate K <-> W: 0.175808
rate K <-> Y: 0.170386
rate K <-> V: 0.390516
rate M <-> F: 1.522292
rate M <-> P: 0.219054
rate M <-> S: 0.631487
rate M <-> T: 1.938450
rate M <-> W: 0.659361
rate M <-> Y: 0.547782
rate M <-> V: 2.631851
rate F <-> P: 0.206416
rate F <-> S: 0.698005
rate F <-> T: 0.219788
rate F <-> W: 1.955736
rate F <-> Y: 8.252183
rate F <-> V: 0.830926
rate P <-> S: 2.062675
rate P <-> T: 1.016946
rate P <-> W: 0.178238
rate P <-> Y: 0.276228
rate P <-> V: 0.402602
rate S <-> T: 5.597561
rate S <-> W: 0.669635
rate S <-> Y: 1.006218
rate S <-> V: 0.297571
rate T <-> W: 0.141746
rate T <-> Y: 0.372250
rate T <-> V: 1.774935
rate W <-> Y: 3.177720
rate W <-> V: 0.467146
rate Y <-> V: 0.402401

freq pi(A): 0.062846
freq pi(R): 0.052539
freq pi(N): 0.032177
freq pi(D): 0.050779
freq pi(C): 0.024887
freq pi(Q): 0.033183
freq pi(E): 0.043992
freq pi(G): 0.058572
freq pi(H): 0.014832
freq pi(I): 0.062846
freq pi(L): 0.113122
freq pi(K): 0.044746
freq pi(M): 0.025892
freq pi(F): 0.046506
freq pi(P): 0.059075
freq pi(S): 0.075415
freq pi(T): 0.068879
freq pi(W): 0.004525
freq pi(Y): 0.034439
freq pi(V): 0.090749


ML search took 91.246882 secs or 0.025346 hours

Combined Bootstrap and ML search took 214.826042 secs or 0.059674 hours

Drawing Bootstrap Support Values on best-scoring ML tree ...



Found 1 tree in File /in/RAxML_bestTree.EOG091G00UD.clustalo.aln.ALICUT.WAGF



Found 1 tree in File /in/RAxML_bestTree.EOG091G00UD.clustalo.aln.ALICUT.WAGF

Program execution info written to /in/RAxML_info.EOG091G00UD.clustalo.aln.ALICUT.WAGF
All 100 bootstrapped trees written to: /in/RAxML_bootstrap.EOG091G00UD.clustalo.aln.ALICUT.WAGF

Best-scoring ML tree written to: /in/RAxML_bestTree.EOG091G00UD.clustalo.aln.ALICUT.WAGF

Best-scoring ML tree with support values written to: /in/RAxML_bipartitions.EOG091G00UD.clustalo.aln.ALICUT.WAGF

Best-scoring ML tree with support values as branch labels written to: /in/RAxML_bipartitionsBranchLabels.EOG091G00UD.clustalo.aln.ALICUT.WAGF

Overall execution time for full ML analysis: 214.828202 secs or 0.059675 hours or 0.002486 days

