
	reading taxa from FASTA ...


	E.granulosus         -> sites: 889   
	G.turnbulli          -> sites: 889   
	H.microstoma         -> sites: 889   
	D.rerio              -> sites: 889   
	H.robusta            -> sites: 889   
	T.solium             -> sites: 889   
	O.viverrini          -> sites: 889   
	G.salaris            -> sites: 889   
	R.norvegicus         -> sites: 889   
	C.intestinalis       -> sites: 889   


	data type             : amino acid sequences

	input ...

	infile		: EOG091G0PL0.clustalo.aln.fasta
	random pairs	: 200000000000000000
	window size	: 6
	indels		: ambiguous
	tree file	: -
	node level	: -
	strict profile	: -
	outgroup	: -
	matrix          : BLOSUM62

	number of taxa        : 10
	random number of pairs: 200000000000000000

	generates threshhold value for amino acid data
	using BLOSUM62

	checks for (potential) identical taxa


	scores site patterns ...


	max number of different pairs is 45
	max random pairs are scored!

	pair: 1      ->	taxon1: E.granulos	taxon2: G.turnbull
	            	positions below base line: 826
	pair: 2      ->	taxon1: E.granulos	taxon2: H.microsto
	            	positions below base line: 631
	pair: 3      ->	taxon1: E.granulos	taxon2: D.rerio   
	            	positions below base line: 737
	pair: 4      ->	taxon1: E.granulos	taxon2: H.robusta 
	            	positions below base line: 849
	pair: 5      ->	taxon1: E.granulos	taxon2: T.solium  
	            	positions below base line: 606
	pair: 6      ->	taxon1: E.granulos	taxon2: O.viverrin
	            	positions below base line: 742
	pair: 7      ->	taxon1: E.granulos	taxon2: G.salaris 
	            	positions below base line: 760
	pair: 8      ->	taxon1: E.granulos	taxon2: R.norvegic
	            	positions below base line: 730
	pair: 9      ->	taxon1: E.granulos	taxon2: C.intestin
	            	positions below base line: 737
	pair: 10     ->	taxon1: G.turnbull	taxon2: H.microsto
	            	positions below base line: 801
	pair: 11     ->	taxon1: G.turnbull	taxon2: D.rerio   
	            	positions below base line: 778
	pair: 12     ->	taxon1: G.turnbull	taxon2: H.robusta 
	            	positions below base line: 856
	pair: 13     ->	taxon1: G.turnbull	taxon2: T.solium  
	            	positions below base line: 832
	pair: 14     ->	taxon1: G.turnbull	taxon2: O.viverrin
	            	positions below base line: 818
	pair: 15     ->	taxon1: G.turnbull	taxon2: G.salaris 
	            	positions below base line: 522
	pair: 16     ->	taxon1: G.turnbull	taxon2: R.norvegic
	            	positions below base line: 805
	pair: 17     ->	taxon1: G.turnbull	taxon2: C.intestin
	            	positions below base line: 813
	pair: 18     ->	taxon1: H.microsto	taxon2: D.rerio   
	            	positions below base line: 697
	pair: 19     ->	taxon1: H.microsto	taxon2: H.robusta 
	            	positions below base line: 823
	pair: 20     ->	taxon1: H.microsto	taxon2: T.solium  
	            	positions below base line: 694
	pair: 21     ->	taxon1: H.microsto	taxon2: O.viverrin
	            	positions below base line: 742
	pair: 22     ->	taxon1: H.microsto	taxon2: G.salaris 
	            	positions below base line: 715
	pair: 23     ->	taxon1: H.microsto	taxon2: R.norvegic
	            	positions below base line: 711
	pair: 24     ->	taxon1: H.microsto	taxon2: C.intestin
	            	positions below base line: 728
	pair: 25     ->	taxon1: D.rerio   	taxon2: H.robusta 
	            	positions below base line: 786
	pair: 26     ->	taxon1: D.rerio   	taxon2: T.solium  
	            	positions below base line: 774
	pair: 27     ->	taxon1: D.rerio   	taxon2: O.viverrin
	            	positions below base line: 790
	pair: 28     ->	taxon1: D.rerio   	taxon2: G.salaris 
	            	positions below base line: 736
	pair: 29     ->	taxon1: D.rerio   	taxon2: R.norvegic
	            	positions below base line: 482
	pair: 30     ->	taxon1: D.rerio   	taxon2: C.intestin
	            	positions below base line: 602
	pair: 31     ->	taxon1: H.robusta 	taxon2: T.solium  
	            	positions below base line: 869
	pair: 32     ->	taxon1: H.robusta 	taxon2: O.viverrin
	            	positions below base line: 832
	pair: 33     ->	taxon1: H.robusta 	taxon2: G.salaris 
	            	positions below base line: 815
	pair: 34     ->	taxon1: H.robusta 	taxon2: R.norvegic
	            	positions below base line: 777
	pair: 35     ->	taxon1: H.robusta 	taxon2: C.intestin
	            	positions below base line: 782
	pair: 36     ->	taxon1: T.solium  	taxon2: O.viverrin
	            	positions below base line: 810
	pair: 37     ->	taxon1: T.solium  	taxon2: G.salaris 
	            	positions below base line: 799
	pair: 38     ->	taxon1: T.solium  	taxon2: R.norvegic
	            	positions below base line: 762
	pair: 39     ->	taxon1: T.solium  	taxon2: C.intestin
	            	positions below base line: 769
	pair: 40     ->	taxon1: O.viverrin	taxon2: G.salaris 
	            	positions below base line: 788
	pair: 41     ->	taxon1: O.viverrin	taxon2: R.norvegic
	            	positions below base line: 784
	pair: 42     ->	taxon1: O.viverrin	taxon2: C.intestin
	            	positions below base line: 803
	pair: 43     ->	taxon1: G.salaris 	taxon2: R.norvegic
	            	positions below base line: 732
	pair: 44     ->	taxon1: G.salaris 	taxon2: C.intestin
	            	positions below base line: 763
	pair: 45     ->	taxon1: R.norvegic	taxon2: C.intestin
	            	positions below base line: 599

	generates quality profile from collected scores ...


	scoring done ...


	generates vector plot from collected scores ...


Argument "-" treated as 0 in increment (++) at /usr/bin/Aliscore.pl line 1213.
	Profile written to EOG091G0PL0.clustalo.aln.fasta_Profile_random.txt
	List   written to EOG091G0PL0.clustalo.aln.fasta_List_random.txt

	time used: 3.83 sec

