
RAxML can't, parse the alignment file as phylip file 
it will now try to parse it as FASTA file


This is the RAxML Master Pthread

This is RAxML Worker Pthread Number: 1

This is RAxML Worker Pthread Number: 2

This is RAxML Worker Pthread Number: 3

This is RAxML Worker Pthread Number: 5

This is RAxML Worker Pthread Number: 4


This is RAxML version 8.2.12 released by Alexandros Stamatakis on May 2018.

With greatly appreciated code contributions by:
Andre Aberer      (HITS)
Simon Berger      (HITS)
Alexey Kozlov     (HITS)
Kassian Kobert    (HITS)
David Dao         (KIT and HITS)
Sarah Lutteropp   (KIT and HITS)
Nick Pattengale   (Sandia)
Wayne Pfeiffer    (SDSC)
Akifumi S. Tanabe (NRIFS)
Charlie Taylor    (UF)


Alignment has 99 distinct alignment patterns

Proportion of gaps and completely undetermined characters in this alignment: 13.60%

RAxML rapid bootstrapping and subsequent ML search

Using 1 distinct models/data partitions with joint branch length optimization



Executing 100 rapid bootstrap inferences and thereafter a thorough ML search 

All free model parameters will be estimated by RAxML
GAMMA model of rate heterogeneity, ML estimate of alpha-parameter

GAMMA Model parameters will be estimated up to an accuracy of 0.1000000000 Log Likelihood units

Partition: 0
Alignment Patterns: 99
Name: No Name Provided
DataType: AA
Substitution Matrix: WAG
Using empirical base frequencies




RAxML was called as follows:

raxml -f a -T 6 -m PROTGAMMAWAGF -p 12345 -x 12345 -# 100 -s ALICUT_EOG091G0PL0.clustalo.aln.fasta -n EOG091G0PL0.clustalo.aln.ALICUT.WAGF 



Time for BS model parameter optimization 0.030241
Bootstrap[0]: Time 0.248703 seconds, bootstrap likelihood -1347.089832, best rearrangement setting 13
Bootstrap[1]: Time 0.186916 seconds, bootstrap likelihood -1383.923849, best rearrangement setting 13
Bootstrap[2]: Time 0.216128 seconds, bootstrap likelihood -1441.320437, best rearrangement setting 12
Bootstrap[3]: Time 0.238313 seconds, bootstrap likelihood -1360.866891, best rearrangement setting 15
Bootstrap[4]: Time 0.240255 seconds, bootstrap likelihood -1287.997399, best rearrangement setting 10
Bootstrap[5]: Time 0.212717 seconds, bootstrap likelihood -1466.780364, best rearrangement setting 10
Bootstrap[6]: Time 0.215958 seconds, bootstrap likelihood -1526.158224, best rearrangement setting 6
Bootstrap[7]: Time 0.217561 seconds, bootstrap likelihood -1563.874650, best rearrangement setting 14
Bootstrap[8]: Time 0.094471 seconds, bootstrap likelihood -1324.960619, best rearrangement setting 5
Bootstrap[9]: Time 0.201561 seconds, bootstrap likelihood -1379.385325, best rearrangement setting 7
Bootstrap[10]: Time 0.190837 seconds, bootstrap likelihood -1468.956238, best rearrangement setting 7
Bootstrap[11]: Time 0.206816 seconds, bootstrap likelihood -1417.511844, best rearrangement setting 5
Bootstrap[12]: Time 0.204062 seconds, bootstrap likelihood -1452.489674, best rearrangement setting 8
Bootstrap[13]: Time 0.209849 seconds, bootstrap likelihood -1484.289203, best rearrangement setting 7
Bootstrap[14]: Time 0.215798 seconds, bootstrap likelihood -1448.170891, best rearrangement setting 12
Bootstrap[15]: Time 0.197166 seconds, bootstrap likelihood -1350.314579, best rearrangement setting 15
Bootstrap[16]: Time 0.226725 seconds, bootstrap likelihood -1410.535696, best rearrangement setting 12
Bootstrap[17]: Time 0.238516 seconds, bootstrap likelihood -1378.799958, best rearrangement setting 12
Bootstrap[18]: Time 0.243073 seconds, bootstrap likelihood -1286.276223, best rearrangement setting 5
Bootstrap[19]: Time 0.193831 seconds, bootstrap likelihood -1427.806950, best rearrangement setting 8
Bootstrap[20]: Time 0.093497 seconds, bootstrap likelihood -1386.458128, best rearrangement setting 10
Bootstrap[21]: Time 0.196859 seconds, bootstrap likelihood -1333.569760, best rearrangement setting 6
Bootstrap[22]: Time 0.188532 seconds, bootstrap likelihood -1598.917205, best rearrangement setting 5
Bootstrap[23]: Time 0.183044 seconds, bootstrap likelihood -1422.930085, best rearrangement setting 7
Bootstrap[24]: Time 0.189217 seconds, bootstrap likelihood -1487.458066, best rearrangement setting 8
Bootstrap[25]: Time 0.195849 seconds, bootstrap likelihood -1367.962138, best rearrangement setting 6
Bootstrap[26]: Time 0.188076 seconds, bootstrap likelihood -1378.364688, best rearrangement setting 12
Bootstrap[27]: Time 0.251986 seconds, bootstrap likelihood -1440.899211, best rearrangement setting 10
Bootstrap[28]: Time 0.212763 seconds, bootstrap likelihood -1468.614973, best rearrangement setting 11
Bootstrap[29]: Time 0.227549 seconds, bootstrap likelihood -1365.928051, best rearrangement setting 12
Bootstrap[30]: Time 0.193785 seconds, bootstrap likelihood -1383.073564, best rearrangement setting 15
Bootstrap[31]: Time 0.089763 seconds, bootstrap likelihood -1377.311712, best rearrangement setting 15
Bootstrap[32]: Time 0.089020 seconds, bootstrap likelihood -1469.532834, best rearrangement setting 6
Bootstrap[33]: Time 0.095872 seconds, bootstrap likelihood -1308.463075, best rearrangement setting 15
Bootstrap[34]: Time 0.215255 seconds, bootstrap likelihood -1378.056839, best rearrangement setting 11
Bootstrap[35]: Time 0.099233 seconds, bootstrap likelihood -1515.335829, best rearrangement setting 8
Bootstrap[36]: Time 0.103223 seconds, bootstrap likelihood -1400.070764, best rearrangement setting 9
Bootstrap[37]: Time 0.215529 seconds, bootstrap likelihood -1325.023149, best rearrangement setting 11
Bootstrap[38]: Time 0.192116 seconds, bootstrap likelihood -1412.416469, best rearrangement setting 8
Bootstrap[39]: Time 0.192844 seconds, bootstrap likelihood -1616.636074, best rearrangement setting 13
Bootstrap[40]: Time 0.217136 seconds, bootstrap likelihood -1369.617069, best rearrangement setting 13
Bootstrap[41]: Time 0.097724 seconds, bootstrap likelihood -1357.730521, best rearrangement setting 10
Bootstrap[42]: Time 0.280656 seconds, bootstrap likelihood -1555.744996, best rearrangement setting 5
Bootstrap[43]: Time 0.196559 seconds, bootstrap likelihood -1454.872828, best rearrangement setting 14
Bootstrap[44]: Time 0.190565 seconds, bootstrap likelihood -1318.716891, best rearrangement setting 10
Bootstrap[45]: Time 0.214421 seconds, bootstrap likelihood -1454.396750, best rearrangement setting 15
Bootstrap[46]: Time 0.239936 seconds, bootstrap likelihood -1429.781641, best rearrangement setting 14
Bootstrap[47]: Time 0.199241 seconds, bootstrap likelihood -1453.086188, best rearrangement setting 8
Bootstrap[48]: Time 0.089802 seconds, bootstrap likelihood -1478.170754, best rearrangement setting 6
Bootstrap[49]: Time 0.091989 seconds, bootstrap likelihood -1444.020669, best rearrangement setting 7
Bootstrap[50]: Time 0.194549 seconds, bootstrap likelihood -1417.698736, best rearrangement setting 7
Bootstrap[51]: Time 0.181384 seconds, bootstrap likelihood -1370.465286, best rearrangement setting 11
Bootstrap[52]: Time 0.225088 seconds, bootstrap likelihood -1340.879475, best rearrangement setting 12
Bootstrap[53]: Time 0.189373 seconds, bootstrap likelihood -1414.181570, best rearrangement setting 8
Bootstrap[54]: Time 0.221991 seconds, bootstrap likelihood -1442.474459, best rearrangement setting 9
Bootstrap[55]: Time 0.088112 seconds, bootstrap likelihood -1290.384429, best rearrangement setting 11
Bootstrap[56]: Time 0.185317 seconds, bootstrap likelihood -1327.651672, best rearrangement setting 5
Bootstrap[57]: Time 0.095349 seconds, bootstrap likelihood -1473.160295, best rearrangement setting 7
Bootstrap[58]: Time 0.093636 seconds, bootstrap likelihood -1366.136879, best rearrangement setting 10
Bootstrap[59]: Time 0.204396 seconds, bootstrap likelihood -1445.792620, best rearrangement setting 9
Bootstrap[60]: Time 0.197085 seconds, bootstrap likelihood -1383.030663, best rearrangement setting 7
Bootstrap[61]: Time 0.196205 seconds, bootstrap likelihood -1498.326274, best rearrangement setting 5
Bootstrap[62]: Time 0.206655 seconds, bootstrap likelihood -1506.957398, best rearrangement setting 11
Bootstrap[63]: Time 0.189639 seconds, bootstrap likelihood -1466.466649, best rearrangement setting 12
Bootstrap[64]: Time 0.215337 seconds, bootstrap likelihood -1406.193352, best rearrangement setting 7
Bootstrap[65]: Time 0.187237 seconds, bootstrap likelihood -1388.896153, best rearrangement setting 5
Bootstrap[66]: Time 0.201828 seconds, bootstrap likelihood -1447.537224, best rearrangement setting 5
Bootstrap[67]: Time 0.245714 seconds, bootstrap likelihood -1426.062899, best rearrangement setting 15
Bootstrap[68]: Time 0.197824 seconds, bootstrap likelihood -1366.733891, best rearrangement setting 11
Bootstrap[69]: Time 0.171619 seconds, bootstrap likelihood -1325.946044, best rearrangement setting 5
Bootstrap[70]: Time 0.195123 seconds, bootstrap likelihood -1519.076098, best rearrangement setting 8
Bootstrap[71]: Time 0.216829 seconds, bootstrap likelihood -1532.574191, best rearrangement setting 10
Bootstrap[72]: Time 0.187828 seconds, bootstrap likelihood -1184.152990, best rearrangement setting 11
Bootstrap[73]: Time 0.190393 seconds, bootstrap likelihood -1399.067343, best rearrangement setting 9
Bootstrap[74]: Time 0.194169 seconds, bootstrap likelihood -1268.993513, best rearrangement setting 5
Bootstrap[75]: Time 0.191029 seconds, bootstrap likelihood -1279.534359, best rearrangement setting 8
Bootstrap[76]: Time 0.223305 seconds, bootstrap likelihood -1351.365633, best rearrangement setting 9
Bootstrap[77]: Time 0.183560 seconds, bootstrap likelihood -1459.270846, best rearrangement setting 11
Bootstrap[78]: Time 0.181918 seconds, bootstrap likelihood -1267.217037, best rearrangement setting 15
Bootstrap[79]: Time 0.101817 seconds, bootstrap likelihood -1408.207097, best rearrangement setting 9
Bootstrap[80]: Time 0.183112 seconds, bootstrap likelihood -1311.061157, best rearrangement setting 15
Bootstrap[81]: Time 0.199079 seconds, bootstrap likelihood -1346.424379, best rearrangement setting 7
Bootstrap[82]: Time 0.209305 seconds, bootstrap likelihood -1497.509495, best rearrangement setting 6
Bootstrap[83]: Time 0.219319 seconds, bootstrap likelihood -1443.454812, best rearrangement setting 10
Bootstrap[84]: Time 0.244439 seconds, bootstrap likelihood -1521.716621, best rearrangement setting 11
Bootstrap[85]: Time 0.184618 seconds, bootstrap likelihood -1528.636681, best rearrangement setting 8
Bootstrap[86]: Time 0.259012 seconds, bootstrap likelihood -1307.684940, best rearrangement setting 7
Bootstrap[87]: Time 0.182185 seconds, bootstrap likelihood -1395.630635, best rearrangement setting 7
Bootstrap[88]: Time 0.192329 seconds, bootstrap likelihood -1512.515299, best rearrangement setting 12
Bootstrap[89]: Time 0.096633 seconds, bootstrap likelihood -1408.181272, best rearrangement setting 10
Bootstrap[90]: Time 0.185844 seconds, bootstrap likelihood -1468.249445, best rearrangement setting 8
Bootstrap[91]: Time 0.223849 seconds, bootstrap likelihood -1446.948076, best rearrangement setting 12
Bootstrap[92]: Time 0.254350 seconds, bootstrap likelihood -1480.692440, best rearrangement setting 13
Bootstrap[93]: Time 0.256313 seconds, bootstrap likelihood -1440.993045, best rearrangement setting 15
Bootstrap[94]: Time 0.169734 seconds, bootstrap likelihood -1374.132987, best rearrangement setting 5
Bootstrap[95]: Time 0.237108 seconds, bootstrap likelihood -1372.353354, best rearrangement setting 5
Bootstrap[96]: Time 0.174561 seconds, bootstrap likelihood -1421.778144, best rearrangement setting 13
Bootstrap[97]: Time 0.190749 seconds, bootstrap likelihood -1347.981795, best rearrangement setting 11
Bootstrap[98]: Time 0.206629 seconds, bootstrap likelihood -1339.649715, best rearrangement setting 6
Bootstrap[99]: Time 0.195584 seconds, bootstrap likelihood -1395.020763, best rearrangement setting 14


Overall Time for 100 Rapid Bootstraps 19.073043 seconds
Average Time per Rapid Bootstrap 0.190730 seconds

Starting ML Search ...

Fast ML optimization finished

Fast ML search Time: 11.116519 seconds

Slow ML Search 0 Likelihood: -1413.223370
Slow ML Search 1 Likelihood: -1413.223370
Slow ML Search 2 Likelihood: -1413.223370
Slow ML Search 3 Likelihood: -1413.223370
Slow ML Search 4 Likelihood: -1413.223370
Slow ML Search 5 Likelihood: -1413.223370
Slow ML Search 6 Likelihood: -1413.223370
Slow ML Search 7 Likelihood: -1413.223370
Slow ML Search 8 Likelihood: -1413.223370
Slow ML Search 9 Likelihood: -1413.223370
Slow ML optimization finished

Slow ML search Time: 2.662796 seconds
Thorough ML search Time: 0.282877 seconds

Final ML Optimization Likelihood: -1413.223417

Model Information:

Model Parameters of Partition 0, Name: No Name Provided, Type of Data: AA
alpha: 2.980871
Tree-Length: 4.474148
rate A <-> R: 0.705217
rate A <-> N: 0.651871
rate A <-> D: 0.944853
rate A <-> C: 1.313132
rate A <-> Q: 1.161697
rate A <-> E: 2.023768
rate A <-> G: 1.811361
rate A <-> H: 0.405245
rate A <-> I: 0.247190
rate A <-> L: 0.508758
rate A <-> K: 1.158714
rate A <-> M: 1.142388
rate A <-> F: 0.269129
rate A <-> P: 1.839272
rate A <-> S: 4.309757
rate A <-> T: 2.711966
rate A <-> W: 0.144647
rate A <-> Y: 0.307794
rate A <-> V: 2.564804
rate R <-> N: 0.812328
rate R <-> D: 0.188337
rate R <-> C: 0.675324
rate R <-> Q: 3.881068
rate R <-> E: 0.561488
rate R <-> G: 0.747529
rate R <-> H: 2.732474
rate R <-> I: 0.239064
rate R <-> L: 0.636302
rate R <-> K: 6.842111
rate R <-> M: 0.873463
rate R <-> F: 0.131322
rate R <-> P: 0.868767
rate R <-> S: 1.565200
rate R <-> T: 0.708850
rate R <-> W: 1.488141
rate R <-> Y: 0.487813
rate R <-> V: 0.322004
rate N <-> D: 6.941838
rate N <-> C: 0.339146
rate N <-> Q: 1.973636
rate N <-> E: 1.211049
rate N <-> G: 1.439096
rate N <-> H: 5.058353
rate N <-> I: 0.708624
rate N <-> L: 0.168166
rate N <-> K: 3.851035
rate N <-> M: 0.253437
rate N <-> F: 0.122949
rate N <-> P: 0.249423
rate N <-> S: 5.081291
rate N <-> T: 2.595553
rate N <-> W: 0.091950
rate N <-> Y: 1.388516
rate N <-> V: 0.250912
rate D <-> C: 0.038734
rate D <-> Q: 0.788594
rate D <-> E: 7.894033
rate D <-> G: 1.106701
rate D <-> H: 1.189925
rate D <-> I: 0.050423
rate D <-> L: 0.108428
rate D <-> K: 0.613523
rate D <-> M: 0.132656
rate D <-> F: 0.059748
rate D <-> P: 0.542089
rate D <-> S: 1.370309
rate D <-> T: 0.479289
rate D <-> W: 0.165915
rate D <-> Y: 0.416441
rate D <-> V: 0.194769
rate C <-> Q: 0.126345
rate C <-> E: 0.027300
rate C <-> G: 0.392101
rate C <-> H: 0.318326
rate C <-> I: 0.217528
rate C <-> L: 0.491334
rate C <-> K: 0.094657
rate C <-> M: 0.499255
rate C <-> F: 0.508892
rate C <-> P: 0.139880
rate C <-> S: 1.799778
rate C <-> T: 0.655881
rate C <-> W: 0.916817
rate C <-> Y: 0.695323
rate C <-> V: 1.281296
rate Q <-> E: 6.993045
rate Q <-> G: 0.421991
rate Q <-> H: 5.490277
rate Q <-> I: 0.145650
rate Q <-> L: 1.111694
rate Q <-> K: 4.979863
rate Q <-> M: 1.975707
rate Q <-> F: 0.127755
rate Q <-> P: 1.193372
rate Q <-> S: 1.315472
rate Q <-> T: 1.096912
rate Q <-> W: 0.275833
rate Q <-> Y: 0.291141
rate Q <-> V: 0.385206
rate E <-> G: 0.725860
rate E <-> H: 0.728811
rate E <-> I: 0.162882
rate E <-> L: 0.197234
rate E <-> K: 3.304348
rate E <-> M: 0.402905
rate E <-> F: 0.103735
rate E <-> P: 0.872432
rate E <-> S: 0.901307
rate E <-> T: 1.051954
rate E <-> W: 0.200167
rate E <-> Y: 0.250985
rate E <-> V: 0.752728
rate G <-> H: 0.318886
rate G <-> I: 0.038932
rate G <-> L: 0.078380
rate G <-> K: 0.477616
rate G <-> M: 0.222597
rate G <-> F: 0.063840
rate G <-> P: 0.311419
rate G <-> S: 1.715597
rate G <-> T: 0.288741
rate G <-> W: 0.430853
rate G <-> Y: 0.132464
rate G <-> V: 0.239406
rate H <-> I: 0.176684
rate H <-> L: 0.638592
rate H <-> K: 1.138471
rate H <-> M: 0.516718
rate H <-> F: 0.868616
rate H <-> P: 0.890131
rate H <-> S: 0.946350
rate H <-> T: 0.605151
rate H <-> W: 0.335710
rate H <-> Y: 4.952425
rate H <-> V: 0.151328
rate I <-> L: 4.054275
rate I <-> K: 0.414039
rate I <-> M: 5.443417
rate I <-> F: 1.354596
rate I <-> P: 0.127765
rate I <-> S: 0.408423
rate I <-> T: 1.864345
rate I <-> W: 0.271672
rate I <-> Y: 0.537212
rate I <-> V: 10.000000
rate L <-> K: 0.329299
rate L <-> M: 6.206155
rate L <-> F: 2.704371
rate L <-> P: 0.531681
rate L <-> S: 0.440769
rate L <-> T: 0.417606
rate L <-> W: 0.850637
rate L <-> Y: 0.509657
rate L <-> V: 2.301842
rate K <-> M: 1.194528
rate K <-> F: 0.113582
rate K <-> P: 0.712025
rate K <-> S: 1.236534
rate K <-> T: 1.773337
rate K <-> W: 0.175808
rate K <-> Y: 0.170386
rate K <-> V: 0.390516
rate M <-> F: 1.522292
rate M <-> P: 0.219054
rate M <-> S: 0.631487
rate M <-> T: 1.938450
rate M <-> W: 0.659361
rate M <-> Y: 0.547782
rate M <-> V: 2.631851
rate F <-> P: 0.206416
rate F <-> S: 0.698005
rate F <-> T: 0.219788
rate F <-> W: 1.955736
rate F <-> Y: 8.252183
rate F <-> V: 0.830926
rate P <-> S: 2.062675
rate P <-> T: 1.016946
rate P <-> W: 0.178238
rate P <-> Y: 0.276228
rate P <-> V: 0.402602
rate S <-> T: 5.597561
rate S <-> W: 0.669635
rate S <-> Y: 1.006218
rate S <-> V: 0.297571
rate T <-> W: 0.141746
rate T <-> Y: 0.372250
rate T <-> V: 1.774935
rate W <-> Y: 3.177720
rate W <-> V: 0.467146
rate Y <-> V: 0.402401

freq pi(A): 0.028935
freq pi(R): 0.042824
freq pi(N): 0.030093
freq pi(D): 0.045139
freq pi(C): 0.041667
freq pi(Q): 0.019676
freq pi(E): 0.043981
freq pi(G): 0.082176
freq pi(H): 0.025463
freq pi(I): 0.055556
freq pi(L): 0.143519
freq pi(K): 0.045139
freq pi(M): 0.034722
freq pi(F): 0.056713
freq pi(P): 0.045139
freq pi(S): 0.065972
freq pi(T): 0.052083
freq pi(W): 0.027778
freq pi(Y): 0.042824
freq pi(V): 0.070602


ML search took 14.093084 secs or 0.003915 hours

Combined Bootstrap and ML search took 33.166379 secs or 0.009213 hours

Drawing Bootstrap Support Values on best-scoring ML tree ...



Found 1 tree in File /in/RAxML_bestTree.EOG091G0PL0.clustalo.aln.ALICUT.WAGF



Found 1 tree in File /in/RAxML_bestTree.EOG091G0PL0.clustalo.aln.ALICUT.WAGF

Program execution info written to /in/RAxML_info.EOG091G0PL0.clustalo.aln.ALICUT.WAGF
All 100 bootstrapped trees written to: /in/RAxML_bootstrap.EOG091G0PL0.clustalo.aln.ALICUT.WAGF

Best-scoring ML tree written to: /in/RAxML_bestTree.EOG091G0PL0.clustalo.aln.ALICUT.WAGF

Best-scoring ML tree with support values written to: /in/RAxML_bipartitions.EOG091G0PL0.clustalo.aln.ALICUT.WAGF

Best-scoring ML tree with support values as branch labels written to: /in/RAxML_bipartitionsBranchLabels.EOG091G0PL0.clustalo.aln.ALICUT.WAGF

Overall execution time for full ML analysis: 33.169260 secs or 0.009214 hours or 0.000384 days

