
	reading taxa from FASTA ...


	H.microstoma         -> sites: 1290  
	H.robusta            -> sites: 1290  
	G.turnbulli          -> sites: 1290  
	P.xenopodis          -> sites: 1290  
	S.mediterranea       -> sites: 1290  
	C.sinensis           -> sites: 1290  
	D.rerio              -> sites: 1290  
	C.intestinalis       -> sites: 1290  
	R.norvegicus         -> sites: 1290  
	D.melanogaster       -> sites: 1290  
	O.viverrini          -> sites: 1290  


	data type             : amino acid sequences

	input ...

	infile		: EOG091G03M4.clustalo.aln.fasta
	random pairs	: 200000000000000000
	window size	: 6
	indels		: ambiguous
	tree file	: -
	node level	: -
	strict profile	: -
	outgroup	: -
	matrix          : BLOSUM62

	number of taxa        : 11
	random number of pairs: 200000000000000000

	generates threshhold value for amino acid data
	using BLOSUM62

	checks for (potential) identical taxa


	scores site patterns ...


	max number of different pairs is 55
	max random pairs are scored!

	pair: 1      ->	taxon1: H.microsto	taxon2: H.robusta 
	            	positions below base line: 998
	pair: 2      ->	taxon1: H.microsto	taxon2: G.turnbull
	            	positions below base line: 953
	pair: 3      ->	taxon1: H.microsto	taxon2: P.xenopodi
	            	positions below base line: 856
	pair: 4      ->	taxon1: H.microsto	taxon2: S.mediterr
	            	positions below base line: 945
	pair: 5      ->	taxon1: H.microsto	taxon2: C.sinensis
	            	positions below base line: 864
	pair: 6      ->	taxon1: H.microsto	taxon2: D.rerio   
	            	positions below base line: 970
	pair: 7      ->	taxon1: H.microsto	taxon2: C.intestin
	            	positions below base line: 988
	pair: 8      ->	taxon1: H.microsto	taxon2: R.norvegic
	            	positions below base line: 958
	pair: 9      ->	taxon1: H.microsto	taxon2: D.melanoga
	            	positions below base line: 982
	pair: 10     ->	taxon1: H.microsto	taxon2: O.viverrin
	            	positions below base line: 853
	pair: 11     ->	taxon1: H.robusta 	taxon2: G.turnbull
	            	positions below base line: 1009
	pair: 12     ->	taxon1: H.robusta 	taxon2: P.xenopodi
	            	positions below base line: 912
	pair: 13     ->	taxon1: H.robusta 	taxon2: S.mediterr
	            	positions below base line: 935
	pair: 14     ->	taxon1: H.robusta 	taxon2: C.sinensis
	            	positions below base line: 933
	pair: 15     ->	taxon1: H.robusta 	taxon2: D.rerio   
	            	positions below base line: 797
	pair: 16     ->	taxon1: H.robusta 	taxon2: C.intestin
	            	positions below base line: 805
	pair: 17     ->	taxon1: H.robusta 	taxon2: R.norvegic
	            	positions below base line: 780
	pair: 18     ->	taxon1: H.robusta 	taxon2: D.melanoga
	            	positions below base line: 809
	pair: 19     ->	taxon1: H.robusta 	taxon2: O.viverrin
	            	positions below base line: 927
	pair: 20     ->	taxon1: G.turnbull	taxon2: P.xenopodi
	            	positions below base line: 926
	pair: 21     ->	taxon1: G.turnbull	taxon2: S.mediterr
	            	positions below base line: 962
	pair: 22     ->	taxon1: G.turnbull	taxon2: C.sinensis
	            	positions below base line: 865
	pair: 23     ->	taxon1: G.turnbull	taxon2: D.rerio   
	            	positions below base line: 975
	pair: 24     ->	taxon1: G.turnbull	taxon2: C.intestin
	            	positions below base line: 995
	pair: 25     ->	taxon1: G.turnbull	taxon2: R.norvegic
	            	positions below base line: 992
	pair: 26     ->	taxon1: G.turnbull	taxon2: D.melanoga
	            	positions below base line: 1011
	pair: 27     ->	taxon1: G.turnbull	taxon2: O.viverrin
	            	positions below base line: 922
	pair: 28     ->	taxon1: P.xenopodi	taxon2: S.mediterr
	            	positions below base line: 912
	pair: 29     ->	taxon1: P.xenopodi	taxon2: C.sinensis
	            	positions below base line: 782
	pair: 30     ->	taxon1: P.xenopodi	taxon2: D.rerio   
	            	positions below base line: 893
	pair: 31     ->	taxon1: P.xenopodi	taxon2: C.intestin
	            	positions below base line: 905
	pair: 32     ->	taxon1: P.xenopodi	taxon2: R.norvegic
	            	positions below base line: 890
	pair: 33     ->	taxon1: P.xenopodi	taxon2: D.melanoga
	            	positions below base line: 916
	pair: 34     ->	taxon1: P.xenopodi	taxon2: O.viverrin
	            	positions below base line: 776
	pair: 35     ->	taxon1: S.mediterr	taxon2: C.sinensis
	            	positions below base line: 933
	pair: 36     ->	taxon1: S.mediterr	taxon2: D.rerio   
	            	positions below base line: 913
	pair: 37     ->	taxon1: S.mediterr	taxon2: C.intestin
	            	positions below base line: 912
	pair: 38     ->	taxon1: S.mediterr	taxon2: R.norvegic
	            	positions below base line: 921
	pair: 39     ->	taxon1: S.mediterr	taxon2: D.melanoga
	            	positions below base line: 928
	pair: 40     ->	taxon1: S.mediterr	taxon2: O.viverrin
	            	positions below base line: 929
	pair: 41     ->	taxon1: C.sinensis	taxon2: D.rerio   
	            	positions below base line: 910
	pair: 42     ->	taxon1: C.sinensis	taxon2: C.intestin
	            	positions below base line: 910
	pair: 43     ->	taxon1: C.sinensis	taxon2: R.norvegic
	            	positions below base line: 906
	pair: 44     ->	taxon1: C.sinensis	taxon2: D.melanoga
	            	positions below base line: 923
	pair: 45     ->	taxon1: C.sinensis	taxon2: O.viverrin
	            	positions below base line: 714
	pair: 46     ->	taxon1: D.rerio   	taxon2: C.intestin
	            	positions below base line: 645
	pair: 47     ->	taxon1: D.rerio   	taxon2: R.norvegic
	            	positions below base line: 529
	pair: 48     ->	taxon1: D.rerio   	taxon2: D.melanoga
	            	positions below base line: 682
	pair: 49     ->	taxon1: D.rerio   	taxon2: O.viverrin
	            	positions below base line: 904
	pair: 50     ->	taxon1: C.intestin	taxon2: R.norvegic
	            	positions below base line: 638
	pair: 51     ->	taxon1: C.intestin	taxon2: D.melanoga
	            	positions below base line: 680
	pair: 52     ->	taxon1: C.intestin	taxon2: O.viverrin
	            	positions below base line: 902
	pair: 53     ->	taxon1: R.norvegic	taxon2: D.melanoga
	            	positions below base line: 683
	pair: 54     ->	taxon1: R.norvegic	taxon2: O.viverrin
	            	positions below base line: 899
	pair: 55     ->	taxon1: D.melanoga	taxon2: O.viverrin
	            	positions below base line: 915

	generates quality profile from collected scores ...


	scoring done ...


	generates vector plot from collected scores ...


Argument "-" treated as 0 in increment (++) at /usr/bin/Aliscore.pl line 1213.
	Profile written to EOG091G03M4.clustalo.aln.fasta_Profile_random.txt
	List   written to EOG091G03M4.clustalo.aln.fasta_List_random.txt

	time used: 4.23 sec

