
RAxML can't, parse the alignment file as phylip file 
it will now try to parse it as FASTA file


This is the RAxML Master Pthread

This is RAxML Worker Pthread Number: 1


This is RAxML version 8.2.12 released by Alexandros Stamatakis on May 2018.

With greatly appreciated code contributions by:
Andre Aberer      (HITS)
Simon Berger      (HITS)
Alexey Kozlov     (HITS)
Kassian Kobert    (HITS)
David Dao         (KIT and HITS)
Sarah Lutteropp   (KIT and HITS)
Nick Pattengale   (Sandia)
Wayne Pfeiffer    (SDSC)
Akifumi S. Tanabe (NRIFS)
Charlie Taylor    (UF)


Alignment has 388 distinct alignment patterns

Proportion of gaps and completely undetermined characters in this alignment: 3.78%

RAxML rapid bootstrapping and subsequent ML search

Using 1 distinct models/data partitions with joint branch length optimization



Executing 100 rapid bootstrap inferences and thereafter a thorough ML search 

All free model parameters will be estimated by RAxML
GAMMA model of rate heterogeneity, ML estimate of alpha-parameter

GAMMA Model parameters will be estimated up to an accuracy of 0.1000000000 Log Likelihood units

Partition: 0
Alignment Patterns: 388
Name: No Name Provided
DataType: AA
Substitution Matrix: LG
Using empirical base frequencies




RAxML was called as follows:

raxml -f a -T 2 -m PROTGAMMALGF -p 12345 -x 12345 -# 100 -s ALICUT_EOG091G03M4.clustalo.aln.fasta -n EOG091G03M4.clustalo.aln.ALICUT.LGF 



Time for BS model parameter optimization 0.117657
Bootstrap[0]: Time 0.942206 seconds, bootstrap likelihood -6925.896212, best rearrangement setting 13
Bootstrap[1]: Time 0.738493 seconds, bootstrap likelihood -6491.189934, best rearrangement setting 13
Bootstrap[2]: Time 0.804801 seconds, bootstrap likelihood -6865.388334, best rearrangement setting 12
Bootstrap[3]: Time 0.738133 seconds, bootstrap likelihood -7007.091232, best rearrangement setting 15
Bootstrap[4]: Time 0.328324 seconds, bootstrap likelihood -6623.233001, best rearrangement setting 10
Bootstrap[5]: Time 0.669102 seconds, bootstrap likelihood -6720.907265, best rearrangement setting 10
Bootstrap[6]: Time 0.766885 seconds, bootstrap likelihood -7045.245229, best rearrangement setting 6
Bootstrap[7]: Time 0.700852 seconds, bootstrap likelihood -7012.413878, best rearrangement setting 14
Bootstrap[8]: Time 0.335833 seconds, bootstrap likelihood -6992.902491, best rearrangement setting 5
Bootstrap[9]: Time 0.765640 seconds, bootstrap likelihood -7087.222193, best rearrangement setting 7
Bootstrap[10]: Time 0.706550 seconds, bootstrap likelihood -6869.412062, best rearrangement setting 7
Bootstrap[11]: Time 0.673037 seconds, bootstrap likelihood -6593.192999, best rearrangement setting 5
Bootstrap[12]: Time 0.732933 seconds, bootstrap likelihood -6631.073971, best rearrangement setting 8
Bootstrap[13]: Time 0.667536 seconds, bootstrap likelihood -6905.948321, best rearrangement setting 7
Bootstrap[14]: Time 0.685584 seconds, bootstrap likelihood -6856.867960, best rearrangement setting 12
Bootstrap[15]: Time 0.820668 seconds, bootstrap likelihood -6933.201407, best rearrangement setting 15
Bootstrap[16]: Time 0.358580 seconds, bootstrap likelihood -6981.463998, best rearrangement setting 12
Bootstrap[17]: Time 0.681034 seconds, bootstrap likelihood -6995.145382, best rearrangement setting 12
Bootstrap[18]: Time 0.799813 seconds, bootstrap likelihood -6921.323853, best rearrangement setting 5
Bootstrap[19]: Time 0.771863 seconds, bootstrap likelihood -6939.677094, best rearrangement setting 8
Bootstrap[20]: Time 0.767684 seconds, bootstrap likelihood -7029.678658, best rearrangement setting 10
Bootstrap[21]: Time 0.774327 seconds, bootstrap likelihood -6759.612226, best rearrangement setting 6
Bootstrap[22]: Time 0.592383 seconds, bootstrap likelihood -6503.498611, best rearrangement setting 5
Bootstrap[23]: Time 0.867196 seconds, bootstrap likelihood -6911.442816, best rearrangement setting 7
Bootstrap[24]: Time 0.760444 seconds, bootstrap likelihood -7032.073934, best rearrangement setting 8
Bootstrap[25]: Time 0.752051 seconds, bootstrap likelihood -6807.822332, best rearrangement setting 6
Bootstrap[26]: Time 0.348434 seconds, bootstrap likelihood -6933.301904, best rearrangement setting 12
Bootstrap[27]: Time 0.614109 seconds, bootstrap likelihood -7115.537531, best rearrangement setting 10
Bootstrap[28]: Time 0.717397 seconds, bootstrap likelihood -7217.963339, best rearrangement setting 11
Bootstrap[29]: Time 0.725965 seconds, bootstrap likelihood -6884.597372, best rearrangement setting 12
Bootstrap[30]: Time 0.666907 seconds, bootstrap likelihood -6574.872377, best rearrangement setting 15
Bootstrap[31]: Time 0.750458 seconds, bootstrap likelihood -6851.594818, best rearrangement setting 15
Bootstrap[32]: Time 0.758737 seconds, bootstrap likelihood -6867.511727, best rearrangement setting 6
Bootstrap[33]: Time 0.683324 seconds, bootstrap likelihood -6925.314408, best rearrangement setting 15
Bootstrap[34]: Time 0.833740 seconds, bootstrap likelihood -7226.770910, best rearrangement setting 11
Bootstrap[35]: Time 0.713907 seconds, bootstrap likelihood -6969.222897, best rearrangement setting 8
Bootstrap[36]: Time 0.806349 seconds, bootstrap likelihood -7002.462631, best rearrangement setting 9
Bootstrap[37]: Time 0.767064 seconds, bootstrap likelihood -6697.039769, best rearrangement setting 11
Bootstrap[38]: Time 0.812242 seconds, bootstrap likelihood -6977.417720, best rearrangement setting 8
Bootstrap[39]: Time 0.797204 seconds, bootstrap likelihood -6729.286896, best rearrangement setting 13
Bootstrap[40]: Time 0.697827 seconds, bootstrap likelihood -6828.073791, best rearrangement setting 13
Bootstrap[41]: Time 0.800756 seconds, bootstrap likelihood -6917.050991, best rearrangement setting 10
Bootstrap[42]: Time 0.847330 seconds, bootstrap likelihood -6893.514387, best rearrangement setting 5
Bootstrap[43]: Time 0.861888 seconds, bootstrap likelihood -6840.845955, best rearrangement setting 14
Bootstrap[44]: Time 0.801754 seconds, bootstrap likelihood -6981.050310, best rearrangement setting 10
Bootstrap[45]: Time 0.814187 seconds, bootstrap likelihood -7013.970375, best rearrangement setting 15
Bootstrap[46]: Time 0.764551 seconds, bootstrap likelihood -6992.123213, best rearrangement setting 14
Bootstrap[47]: Time 0.733830 seconds, bootstrap likelihood -6844.409468, best rearrangement setting 8
Bootstrap[48]: Time 0.834925 seconds, bootstrap likelihood -6719.787840, best rearrangement setting 6
Bootstrap[49]: Time 0.786469 seconds, bootstrap likelihood -6999.781097, best rearrangement setting 7
Bootstrap[50]: Time 0.678065 seconds, bootstrap likelihood -6764.976055, best rearrangement setting 7
Bootstrap[51]: Time 0.717761 seconds, bootstrap likelihood -7109.939383, best rearrangement setting 11
Bootstrap[52]: Time 0.669525 seconds, bootstrap likelihood -6647.125530, best rearrangement setting 12
Bootstrap[53]: Time 0.692534 seconds, bootstrap likelihood -6869.211625, best rearrangement setting 8
Bootstrap[54]: Time 0.703454 seconds, bootstrap likelihood -7017.064653, best rearrangement setting 9
Bootstrap[55]: Time 0.775152 seconds, bootstrap likelihood -7078.875416, best rearrangement setting 11
Bootstrap[56]: Time 0.664562 seconds, bootstrap likelihood -6542.597303, best rearrangement setting 5
Bootstrap[57]: Time 0.768519 seconds, bootstrap likelihood -7254.165745, best rearrangement setting 7
Bootstrap[58]: Time 0.732470 seconds, bootstrap likelihood -6914.116408, best rearrangement setting 10
Bootstrap[59]: Time 0.755084 seconds, bootstrap likelihood -6800.510575, best rearrangement setting 9
Bootstrap[60]: Time 0.774877 seconds, bootstrap likelihood -6867.847529, best rearrangement setting 7
Bootstrap[61]: Time 0.744623 seconds, bootstrap likelihood -6802.346571, best rearrangement setting 5
Bootstrap[62]: Time 0.790754 seconds, bootstrap likelihood -6950.385189, best rearrangement setting 11
Bootstrap[63]: Time 0.727168 seconds, bootstrap likelihood -6947.043041, best rearrangement setting 12
Bootstrap[64]: Time 0.825417 seconds, bootstrap likelihood -6663.801048, best rearrangement setting 7
Bootstrap[65]: Time 0.766914 seconds, bootstrap likelihood -7076.552241, best rearrangement setting 5
Bootstrap[66]: Time 0.799923 seconds, bootstrap likelihood -6917.163709, best rearrangement setting 5
Bootstrap[67]: Time 0.712671 seconds, bootstrap likelihood -6543.170916, best rearrangement setting 15
Bootstrap[68]: Time 0.318259 seconds, bootstrap likelihood -6708.482947, best rearrangement setting 11
Bootstrap[69]: Time 0.814748 seconds, bootstrap likelihood -6759.851568, best rearrangement setting 5
Bootstrap[70]: Time 0.742697 seconds, bootstrap likelihood -6961.767801, best rearrangement setting 8
Bootstrap[71]: Time 0.708564 seconds, bootstrap likelihood -6678.962089, best rearrangement setting 10
Bootstrap[72]: Time 0.711803 seconds, bootstrap likelihood -6843.988822, best rearrangement setting 11
Bootstrap[73]: Time 0.747268 seconds, bootstrap likelihood -6894.317055, best rearrangement setting 9
Bootstrap[74]: Time 0.729530 seconds, bootstrap likelihood -6757.748529, best rearrangement setting 5
Bootstrap[75]: Time 0.295233 seconds, bootstrap likelihood -6691.472604, best rearrangement setting 8
Bootstrap[76]: Time 0.785519 seconds, bootstrap likelihood -6832.177587, best rearrangement setting 9
Bootstrap[77]: Time 0.789390 seconds, bootstrap likelihood -7094.097243, best rearrangement setting 11
Bootstrap[78]: Time 0.710818 seconds, bootstrap likelihood -6677.345114, best rearrangement setting 15
Bootstrap[79]: Time 0.672836 seconds, bootstrap likelihood -6845.028893, best rearrangement setting 9
Bootstrap[80]: Time 0.730582 seconds, bootstrap likelihood -6829.214114, best rearrangement setting 15
Bootstrap[81]: Time 0.686790 seconds, bootstrap likelihood -6708.901979, best rearrangement setting 7
Bootstrap[82]: Time 0.769310 seconds, bootstrap likelihood -6814.195124, best rearrangement setting 6
Bootstrap[83]: Time 0.702717 seconds, bootstrap likelihood -6904.279299, best rearrangement setting 10
Bootstrap[84]: Time 0.853578 seconds, bootstrap likelihood -7043.296774, best rearrangement setting 11
Bootstrap[85]: Time 0.357543 seconds, bootstrap likelihood -6870.065976, best rearrangement setting 8
Bootstrap[86]: Time 0.673451 seconds, bootstrap likelihood -6790.192288, best rearrangement setting 7
Bootstrap[87]: Time 0.704798 seconds, bootstrap likelihood -7044.751267, best rearrangement setting 7
Bootstrap[88]: Time 0.782543 seconds, bootstrap likelihood -7120.563844, best rearrangement setting 12
Bootstrap[89]: Time 0.703307 seconds, bootstrap likelihood -7046.427369, best rearrangement setting 10
Bootstrap[90]: Time 0.719797 seconds, bootstrap likelihood -6995.221776, best rearrangement setting 8
Bootstrap[91]: Time 0.703515 seconds, bootstrap likelihood -6833.602951, best rearrangement setting 12
Bootstrap[92]: Time 0.715355 seconds, bootstrap likelihood -6733.311477, best rearrangement setting 13
Bootstrap[93]: Time 0.321511 seconds, bootstrap likelihood -7034.730018, best rearrangement setting 15
Bootstrap[94]: Time 0.723061 seconds, bootstrap likelihood -7077.900896, best rearrangement setting 5
Bootstrap[95]: Time 0.374376 seconds, bootstrap likelihood -6698.408552, best rearrangement setting 5
Bootstrap[96]: Time 0.739655 seconds, bootstrap likelihood -6555.295390, best rearrangement setting 13
Bootstrap[97]: Time 0.686230 seconds, bootstrap likelihood -6950.866538, best rearrangement setting 11
Bootstrap[98]: Time 0.767038 seconds, bootstrap likelihood -7113.623991, best rearrangement setting 6
Bootstrap[99]: Time 0.678388 seconds, bootstrap likelihood -7088.350782, best rearrangement setting 14


Overall Time for 100 Rapid Bootstraps 70.882095 seconds
Average Time per Rapid Bootstrap 0.708821 seconds

Starting ML Search ...

Fast ML optimization finished

Fast ML search Time: 51.391484 seconds

Slow ML Search 0 Likelihood: -6887.683462
Slow ML Search 1 Likelihood: -6887.683462
Slow ML Search 2 Likelihood: -6887.683462
Slow ML Search 3 Likelihood: -6887.683462
Slow ML Search 4 Likelihood: -6887.683462
Slow ML Search 5 Likelihood: -6887.683462
Slow ML Search 6 Likelihood: -6887.683462
Slow ML Search 7 Likelihood: -6887.683462
Slow ML Search 8 Likelihood: -6887.683462
Slow ML Search 9 Likelihood: -6887.683462
Slow ML optimization finished

Slow ML search Time: 16.665377 seconds
Thorough ML search Time: 1.228232 seconds

Final ML Optimization Likelihood: -6887.683462

Model Information:

Model Parameters of Partition 0, Name: No Name Provided, Type of Data: AA
alpha: 2.053034
Tree-Length: 5.275495
rate A <-> R: 0.399182
rate A <-> N: 0.259945
rate A <-> D: 0.371058
rate A <-> C: 2.337364
rate A <-> Q: 0.910775
rate A <-> E: 0.975241
rate A <-> G: 1.940106
rate A <-> H: 0.336984
rate A <-> I: 0.140697
rate A <-> L: 0.371240
rate A <-> K: 0.503815
rate A <-> M: 1.055520
rate A <-> F: 0.238237
rate A <-> P: 1.105868
rate A <-> S: 4.439041
rate A <-> T: 2.009090
rate A <-> W: 0.169702
rate A <-> Y: 0.205613
rate A <-> V: 2.392567
rate R <-> N: 0.706048
rate R <-> D: 0.116398
rate R <-> C: 0.501968
rate R <-> Q: 2.636754
rate R <-> E: 0.341785
rate R <-> G: 0.366408
rate R <-> H: 2.278690
rate R <-> I: 0.119250
rate R <-> L: 0.283449
rate R <-> K: 5.940467
rate R <-> M: 0.454623
rate R <-> F: 0.049508
rate R <-> P: 0.312264
rate R <-> S: 0.805843
rate R <-> T: 0.543695
rate R <-> W: 0.557424
rate R <-> Y: 0.295274
rate R <-> V: 0.160471
rate N <-> D: 4.766737
rate N <-> C: 0.496537
rate N <-> Q: 1.592389
rate N <-> E: 0.508692
rate N <-> G: 1.350015
rate N <-> H: 4.234381
rate N <-> I: 0.179830
rate N <-> L: 0.064256
rate N <-> K: 2.014327
rate N <-> M: 0.348390
rate N <-> F: 0.084068
rate N <-> P: 0.151925
rate N <-> S: 3.764032
rate N <-> T: 1.878729
rate N <-> W: 0.042610
rate N <-> Y: 0.574720
rate N <-> V: 0.078587
rate D <-> C: 0.058743
rate D <-> Q: 0.491483
rate D <-> E: 4.924234
rate D <-> G: 0.793424
rate D <-> H: 0.870603
rate D <-> I: 0.010038
rate D <-> L: 0.014157
rate D <-> K: 0.265711
rate D <-> M: 0.023991
rate D <-> F: 0.016354
rate D <-> P: 0.370412
rate D <-> S: 1.164675
rate D <-> T: 0.399902
rate D <-> W: 0.028068
rate D <-> Y: 0.126872
rate D <-> V: 0.035653
rate C <-> Q: 0.079639
rate C <-> E: 0.003286
rate C <-> G: 0.534566
rate C <-> H: 0.601499
rate C <-> I: 0.301083
rate C <-> L: 0.557800
rate C <-> K: 0.012457
rate C <-> M: 0.839207
rate C <-> F: 1.037881
rate C <-> P: 0.070787
rate C <-> S: 2.614753
rate C <-> T: 1.073780
rate C <-> W: 0.629281
rate C <-> Y: 1.094488
rate C <-> V: 1.839864
rate Q <-> E: 3.876936
rate Q <-> G: 0.251626
rate Q <-> H: 4.520102
rate Q <-> I: 0.068413
rate Q <-> L: 0.546954
rate Q <-> K: 3.037150
rate Q <-> M: 1.570619
rate Q <-> F: 0.033669
rate Q <-> P: 0.586241
rate Q <-> S: 1.149231
rate Q <-> T: 1.014297
rate Q <-> W: 0.221802
rate Q <-> Y: 0.241650
rate Q <-> V: 0.197511
rate E <-> G: 0.327583
rate E <-> H: 0.398044
rate E <-> I: 0.041567
rate E <-> L: 0.065426
rate E <-> K: 1.697022
rate E <-> M: 0.163145
rate E <-> F: 0.017664
rate E <-> P: 0.393844
rate E <-> S: 0.574671
rate E <-> T: 0.567695
rate E <-> W: 0.073107
rate E <-> Y: 0.112720
rate E <-> V: 0.230098
rate G <-> H: 0.292498
rate G <-> I: 0.008174
rate G <-> L: 0.041563
rate G <-> K: 0.278555
rate G <-> M: 0.131033
rate G <-> F: 0.084125
rate G <-> P: 0.184955
rate G <-> S: 1.633930
rate G <-> T: 0.121922
rate G <-> W: 0.252125
rate G <-> Y: 0.051346
rate G <-> V: 0.072026
rate H <-> I: 0.102245
rate H <-> L: 0.343988
rate H <-> K: 0.654763
rate H <-> M: 0.415502
rate H <-> F: 0.640560
rate H <-> P: 0.477834
rate H <-> S: 0.929667
rate H <-> T: 0.548649
rate H <-> W: 0.560661
rate H <-> Y: 4.983361
rate H <-> V: 0.111759
rate I <-> L: 3.892408
rate I <-> K: 0.149373
rate I <-> M: 4.013113
rate I <-> F: 1.044902
rate I <-> P: 0.073509
rate I <-> S: 0.060198
rate I <-> T: 0.970728
rate I <-> W: 0.104854
rate I <-> Y: 0.218350
rate I <-> V: 10.000000
rate L <-> K: 0.129119
rate L <-> M: 5.927594
rate L <-> F: 2.434657
rate L <-> P: 0.233879
rate L <-> S: 0.171176
rate L <-> T: 0.284471
rate L <-> W: 0.581863
rate L <-> Y: 0.281383
rate L <-> V: 1.598956
rate K <-> M: 0.616581
rate K <-> F: 0.022460
rate K <-> P: 0.366530
rate K <-> S: 0.703048
rate K <-> T: 1.067567
rate K <-> W: 0.046864
rate K <-> Y: 0.123890
rate K <-> V: 0.173913
rate M <-> F: 1.689205
rate M <-> P: 0.093763
rate M <-> S: 0.325811
rate M <-> T: 1.897216
rate M <-> W: 0.653740
rate M <-> Y: 0.451968
rate M <-> V: 1.782983
rate F <-> P: 0.088706
rate F <-> S: 0.339765
rate F <-> T: 0.154944
rate F <-> W: 2.307349
rate F <-> Y: 7.328222
rate F <-> V: 0.614777
rate P <-> S: 1.256567
rate P <-> T: 0.536635
rate P <-> W: 0.089332
rate P <-> Y: 0.084151
rate P <-> V: 0.278428
rate S <-> T: 6.077767
rate S <-> W: 0.233693
rate S <-> Y: 0.376132
rate S <-> V: 0.092373
rate T <-> W: 0.132241
rate T <-> Y: 0.230856
rate T <-> V: 2.054781
rate W <-> Y: 2.959699
rate W <-> V: 0.177959
rate Y <-> V: 0.234116

freq pi(A): 0.049051
freq pi(R): 0.059448
freq pi(N): 0.045660
freq pi(D): 0.067586
freq pi(C): 0.024864
freq pi(Q): 0.027351
freq pi(E): 0.060127
freq pi(G): 0.056510
freq pi(H): 0.026899
freq pi(I): 0.052667
freq pi(L): 0.096971
freq pi(K): 0.062387
freq pi(M): 0.029611
freq pi(F): 0.054250
freq pi(P): 0.040913
freq pi(S): 0.073237
freq pi(T): 0.048146
freq pi(W): 0.012432
freq pi(Y): 0.048146
freq pi(V): 0.063743


ML search took 69.307387 secs or 0.019252 hours

Combined Bootstrap and ML search took 140.189687 secs or 0.038942 hours

Drawing Bootstrap Support Values on best-scoring ML tree ...



Found 1 tree in File /in/RAxML_bestTree.EOG091G03M4.clustalo.aln.ALICUT.LGF



Found 1 tree in File /in/RAxML_bestTree.EOG091G03M4.clustalo.aln.ALICUT.LGF

Program execution info written to /in/RAxML_info.EOG091G03M4.clustalo.aln.ALICUT.LGF
All 100 bootstrapped trees written to: /in/RAxML_bootstrap.EOG091G03M4.clustalo.aln.ALICUT.LGF

Best-scoring ML tree written to: /in/RAxML_bestTree.EOG091G03M4.clustalo.aln.ALICUT.LGF

Best-scoring ML tree with support values written to: /in/RAxML_bipartitions.EOG091G03M4.clustalo.aln.ALICUT.LGF

Best-scoring ML tree with support values as branch labels written to: /in/RAxML_bipartitionsBranchLabels.EOG091G03M4.clustalo.aln.ALICUT.LGF

Overall execution time for full ML analysis: 140.191850 secs or 0.038942 hours or 0.001623 days

