
RAxML can't, parse the alignment file as phylip file 
it will now try to parse it as FASTA file


This is the RAxML Master Pthread

This is RAxML Worker Pthread Number: 1

This is RAxML Worker Pthread Number: 2

This is RAxML Worker Pthread Number: 3

This is RAxML Worker Pthread Number: 5

This is RAxML Worker Pthread Number: 4


This is RAxML version 8.2.12 released by Alexandros Stamatakis on May 2018.

With greatly appreciated code contributions by:
Andre Aberer      (HITS)
Simon Berger      (HITS)
Alexey Kozlov     (HITS)
Kassian Kobert    (HITS)
David Dao         (KIT and HITS)
Sarah Lutteropp   (KIT and HITS)
Nick Pattengale   (Sandia)
Wayne Pfeiffer    (SDSC)
Akifumi S. Tanabe (NRIFS)
Charlie Taylor    (UF)


Alignment has 95 distinct alignment patterns

Proportion of gaps and completely undetermined characters in this alignment: 0.91%

RAxML rapid bootstrapping and subsequent ML search

Using 1 distinct models/data partitions with joint branch length optimization



Executing 100 rapid bootstrap inferences and thereafter a thorough ML search 

All free model parameters will be estimated by RAxML
GAMMA model of rate heterogeneity, ML estimate of alpha-parameter

GAMMA Model parameters will be estimated up to an accuracy of 0.1000000000 Log Likelihood units

Partition: 0
Alignment Patterns: 95
Name: No Name Provided
DataType: AA
Substitution Matrix: LG
Using fixed base frequencies




RAxML was called as follows:

raxml -f a -T 6 -m PROTGAMMALG -p 12345 -x 12345 -# 100 -s ALICUT_EOG091G0VSZ.clustalo.aln.fasta -n EOG091G0VSZ.clustalo.aln.ALICUT.LG 



Time for BS model parameter optimization 0.016127
Bootstrap[0]: Time 0.314918 seconds, bootstrap likelihood -1776.045298, best rearrangement setting 13
Bootstrap[1]: Time 0.326040 seconds, bootstrap likelihood -2083.352008, best rearrangement setting 13
Bootstrap[2]: Time 0.322539 seconds, bootstrap likelihood -2084.941676, best rearrangement setting 12
Bootstrap[3]: Time 0.316773 seconds, bootstrap likelihood -2033.894060, best rearrangement setting 15
Bootstrap[4]: Time 0.287589 seconds, bootstrap likelihood -2038.361238, best rearrangement setting 10
Bootstrap[5]: Time 0.318557 seconds, bootstrap likelihood -2093.893565, best rearrangement setting 10
Bootstrap[6]: Time 0.334987 seconds, bootstrap likelihood -1837.197742, best rearrangement setting 6
Bootstrap[7]: Time 0.326780 seconds, bootstrap likelihood -2041.923254, best rearrangement setting 14
Bootstrap[8]: Time 0.311939 seconds, bootstrap likelihood -1965.397842, best rearrangement setting 5
Bootstrap[9]: Time 0.352717 seconds, bootstrap likelihood -2050.362702, best rearrangement setting 7
Bootstrap[10]: Time 0.340848 seconds, bootstrap likelihood -2002.992794, best rearrangement setting 7
Bootstrap[11]: Time 0.354764 seconds, bootstrap likelihood -1771.279635, best rearrangement setting 5
Bootstrap[12]: Time 0.380480 seconds, bootstrap likelihood -1888.947729, best rearrangement setting 8
Bootstrap[13]: Time 0.290055 seconds, bootstrap likelihood -1990.648318, best rearrangement setting 7
Bootstrap[14]: Time 0.306955 seconds, bootstrap likelihood -2234.744783, best rearrangement setting 12
Bootstrap[15]: Time 0.157047 seconds, bootstrap likelihood -1943.428895, best rearrangement setting 15
Bootstrap[16]: Time 0.325003 seconds, bootstrap likelihood -2048.403189, best rearrangement setting 12
Bootstrap[17]: Time 0.318476 seconds, bootstrap likelihood -2040.153628, best rearrangement setting 12
Bootstrap[18]: Time 0.322307 seconds, bootstrap likelihood -2076.745097, best rearrangement setting 5
Bootstrap[19]: Time 0.343870 seconds, bootstrap likelihood -2085.057682, best rearrangement setting 8
Bootstrap[20]: Time 0.376885 seconds, bootstrap likelihood -1904.289752, best rearrangement setting 10
Bootstrap[21]: Time 0.341555 seconds, bootstrap likelihood -1948.745701, best rearrangement setting 6
Bootstrap[22]: Time 0.368024 seconds, bootstrap likelihood -2208.386522, best rearrangement setting 5
Bootstrap[23]: Time 0.299981 seconds, bootstrap likelihood -1969.258715, best rearrangement setting 7
Bootstrap[24]: Time 0.369317 seconds, bootstrap likelihood -1811.118574, best rearrangement setting 8
Bootstrap[25]: Time 0.339292 seconds, bootstrap likelihood -2103.155209, best rearrangement setting 6
Bootstrap[26]: Time 0.338968 seconds, bootstrap likelihood -2028.170668, best rearrangement setting 12
Bootstrap[27]: Time 0.301627 seconds, bootstrap likelihood -2007.027514, best rearrangement setting 10
Bootstrap[28]: Time 0.309883 seconds, bootstrap likelihood -2072.652731, best rearrangement setting 11
Bootstrap[29]: Time 0.325610 seconds, bootstrap likelihood -2134.583241, best rearrangement setting 12
Bootstrap[30]: Time 0.314345 seconds, bootstrap likelihood -2160.457206, best rearrangement setting 15
Bootstrap[31]: Time 0.321201 seconds, bootstrap likelihood -2066.573883, best rearrangement setting 15
Bootstrap[32]: Time 0.320401 seconds, bootstrap likelihood -1867.942723, best rearrangement setting 6
Bootstrap[33]: Time 0.337729 seconds, bootstrap likelihood -1926.806681, best rearrangement setting 15
Bootstrap[34]: Time 0.318954 seconds, bootstrap likelihood -1946.340273, best rearrangement setting 11
Bootstrap[35]: Time 0.356525 seconds, bootstrap likelihood -2075.127474, best rearrangement setting 8
Bootstrap[36]: Time 0.329985 seconds, bootstrap likelihood -2186.021107, best rearrangement setting 9
Bootstrap[37]: Time 0.315585 seconds, bootstrap likelihood -2333.301042, best rearrangement setting 11
Bootstrap[38]: Time 0.325425 seconds, bootstrap likelihood -2133.629262, best rearrangement setting 8
Bootstrap[39]: Time 0.316437 seconds, bootstrap likelihood -1937.419349, best rearrangement setting 13
Bootstrap[40]: Time 0.374335 seconds, bootstrap likelihood -2058.262880, best rearrangement setting 13
Bootstrap[41]: Time 0.368184 seconds, bootstrap likelihood -2012.248958, best rearrangement setting 10
Bootstrap[42]: Time 0.365910 seconds, bootstrap likelihood -2062.251001, best rearrangement setting 5
Bootstrap[43]: Time 0.306804 seconds, bootstrap likelihood -2011.814716, best rearrangement setting 14
Bootstrap[44]: Time 0.358517 seconds, bootstrap likelihood -2220.653959, best rearrangement setting 10
Bootstrap[45]: Time 0.302063 seconds, bootstrap likelihood -1919.516844, best rearrangement setting 15
Bootstrap[46]: Time 0.316018 seconds, bootstrap likelihood -1845.092224, best rearrangement setting 14
Bootstrap[47]: Time 0.314823 seconds, bootstrap likelihood -2133.888670, best rearrangement setting 8
Bootstrap[48]: Time 0.287953 seconds, bootstrap likelihood -1838.353294, best rearrangement setting 6
Bootstrap[49]: Time 0.345996 seconds, bootstrap likelihood -2049.366446, best rearrangement setting 7
Bootstrap[50]: Time 0.302577 seconds, bootstrap likelihood -2093.669778, best rearrangement setting 7
Bootstrap[51]: Time 0.325612 seconds, bootstrap likelihood -1995.352061, best rearrangement setting 11
Bootstrap[52]: Time 0.331374 seconds, bootstrap likelihood -1960.373038, best rearrangement setting 12
Bootstrap[53]: Time 0.308806 seconds, bootstrap likelihood -2043.226967, best rearrangement setting 8
Bootstrap[54]: Time 0.325158 seconds, bootstrap likelihood -2167.232930, best rearrangement setting 9
Bootstrap[55]: Time 0.356904 seconds, bootstrap likelihood -2148.324323, best rearrangement setting 11
Bootstrap[56]: Time 0.346137 seconds, bootstrap likelihood -2076.545358, best rearrangement setting 5
Bootstrap[57]: Time 0.347223 seconds, bootstrap likelihood -2157.344583, best rearrangement setting 7
Bootstrap[58]: Time 0.317219 seconds, bootstrap likelihood -2008.918038, best rearrangement setting 10
Bootstrap[59]: Time 0.334844 seconds, bootstrap likelihood -2000.686029, best rearrangement setting 9
Bootstrap[60]: Time 0.365980 seconds, bootstrap likelihood -1998.322120, best rearrangement setting 7
Bootstrap[61]: Time 0.351786 seconds, bootstrap likelihood -2041.944366, best rearrangement setting 5
Bootstrap[62]: Time 0.144375 seconds, bootstrap likelihood -2081.648927, best rearrangement setting 11
Bootstrap[63]: Time 0.349433 seconds, bootstrap likelihood -2093.311616, best rearrangement setting 12
Bootstrap[64]: Time 0.311318 seconds, bootstrap likelihood -1872.052824, best rearrangement setting 7
Bootstrap[65]: Time 0.371561 seconds, bootstrap likelihood -2121.219106, best rearrangement setting 5
Bootstrap[66]: Time 0.349662 seconds, bootstrap likelihood -1993.478067, best rearrangement setting 5
Bootstrap[67]: Time 0.311639 seconds, bootstrap likelihood -1916.083927, best rearrangement setting 15
Bootstrap[68]: Time 0.327755 seconds, bootstrap likelihood -2125.676828, best rearrangement setting 11
Bootstrap[69]: Time 0.152532 seconds, bootstrap likelihood -2017.384697, best rearrangement setting 5
Bootstrap[70]: Time 0.319156 seconds, bootstrap likelihood -2017.386569, best rearrangement setting 8
Bootstrap[71]: Time 0.159969 seconds, bootstrap likelihood -2031.747336, best rearrangement setting 10
Bootstrap[72]: Time 0.311070 seconds, bootstrap likelihood -1951.749083, best rearrangement setting 11
Bootstrap[73]: Time 0.337900 seconds, bootstrap likelihood -2036.439917, best rearrangement setting 9
Bootstrap[74]: Time 0.321907 seconds, bootstrap likelihood -2013.683614, best rearrangement setting 5
Bootstrap[75]: Time 0.324626 seconds, bootstrap likelihood -2191.273410, best rearrangement setting 8
Bootstrap[76]: Time 0.300446 seconds, bootstrap likelihood -1870.289070, best rearrangement setting 9
Bootstrap[77]: Time 0.341556 seconds, bootstrap likelihood -1965.126167, best rearrangement setting 11
Bootstrap[78]: Time 0.348134 seconds, bootstrap likelihood -2029.216118, best rearrangement setting 15
Bootstrap[79]: Time 0.328517 seconds, bootstrap likelihood -2040.634831, best rearrangement setting 9
Bootstrap[80]: Time 0.346791 seconds, bootstrap likelihood -2120.568652, best rearrangement setting 15
Bootstrap[81]: Time 0.299179 seconds, bootstrap likelihood -1911.419295, best rearrangement setting 7
Bootstrap[82]: Time 0.349356 seconds, bootstrap likelihood -1984.069052, best rearrangement setting 6
Bootstrap[83]: Time 0.327713 seconds, bootstrap likelihood -2154.446230, best rearrangement setting 10
Bootstrap[84]: Time 0.144071 seconds, bootstrap likelihood -1790.101393, best rearrangement setting 11
Bootstrap[85]: Time 0.323359 seconds, bootstrap likelihood -1992.497639, best rearrangement setting 8
Bootstrap[86]: Time 0.323179 seconds, bootstrap likelihood -2039.240470, best rearrangement setting 7
Bootstrap[87]: Time 0.317217 seconds, bootstrap likelihood -2028.013836, best rearrangement setting 7
Bootstrap[88]: Time 0.354890 seconds, bootstrap likelihood -1909.012474, best rearrangement setting 12
Bootstrap[89]: Time 0.330305 seconds, bootstrap likelihood -1925.366319, best rearrangement setting 10
Bootstrap[90]: Time 0.343465 seconds, bootstrap likelihood -2024.777534, best rearrangement setting 8
Bootstrap[91]: Time 0.344604 seconds, bootstrap likelihood -2007.407837, best rearrangement setting 12
Bootstrap[92]: Time 0.281865 seconds, bootstrap likelihood -1832.598529, best rearrangement setting 13
Bootstrap[93]: Time 0.344871 seconds, bootstrap likelihood -2064.531107, best rearrangement setting 15
Bootstrap[94]: Time 0.316481 seconds, bootstrap likelihood -2008.207235, best rearrangement setting 5
Bootstrap[95]: Time 0.317148 seconds, bootstrap likelihood -2076.297040, best rearrangement setting 5
Bootstrap[96]: Time 0.336712 seconds, bootstrap likelihood -2131.796947, best rearrangement setting 13
Bootstrap[97]: Time 0.355266 seconds, bootstrap likelihood -1900.416055, best rearrangement setting 11
Bootstrap[98]: Time 0.319386 seconds, bootstrap likelihood -2053.076589, best rearrangement setting 6
Bootstrap[99]: Time 0.329285 seconds, bootstrap likelihood -2150.594226, best rearrangement setting 14


Overall Time for 100 Rapid Bootstraps 32.179906 seconds
Average Time per Rapid Bootstrap 0.321799 seconds

Starting ML Search ...

Fast ML optimization finished

Fast ML search Time: 27.257204 seconds

Slow ML Search 0 Likelihood: -2051.571560
Slow ML Search 1 Likelihood: -2051.571560
Slow ML Search 2 Likelihood: -2051.571560
Slow ML Search 3 Likelihood: -2051.571560
Slow ML Search 4 Likelihood: -2051.571560
Slow ML Search 5 Likelihood: -2051.571560
Slow ML Search 6 Likelihood: -2051.571560
Slow ML Search 7 Likelihood: -2051.571560
Slow ML Search 8 Likelihood: -2051.571560
Slow ML Search 9 Likelihood: -2051.571560
Slow ML optimization finished

Slow ML search Time: 7.385709 seconds
Thorough ML search Time: 0.488137 seconds

Final ML Optimization Likelihood: -2051.571633

Model Information:

Model Parameters of Partition 0, Name: No Name Provided, Type of Data: AA
alpha: 0.940032
Tree-Length: 6.150786
rate A <-> R: 0.399182
rate A <-> N: 0.259945
rate A <-> D: 0.371058
rate A <-> C: 2.337364
rate A <-> Q: 0.910775
rate A <-> E: 0.975241
rate A <-> G: 1.940106
rate A <-> H: 0.336984
rate A <-> I: 0.140697
rate A <-> L: 0.371240
rate A <-> K: 0.503815
rate A <-> M: 1.055520
rate A <-> F: 0.238237
rate A <-> P: 1.105868
rate A <-> S: 4.439041
rate A <-> T: 2.009090
rate A <-> W: 0.169702
rate A <-> Y: 0.205613
rate A <-> V: 2.392567
rate R <-> N: 0.706048
rate R <-> D: 0.116398
rate R <-> C: 0.501968
rate R <-> Q: 2.636754
rate R <-> E: 0.341785
rate R <-> G: 0.366408
rate R <-> H: 2.278690
rate R <-> I: 0.119250
rate R <-> L: 0.283449
rate R <-> K: 5.940467
rate R <-> M: 0.454623
rate R <-> F: 0.049508
rate R <-> P: 0.312264
rate R <-> S: 0.805843
rate R <-> T: 0.543695
rate R <-> W: 0.557424
rate R <-> Y: 0.295274
rate R <-> V: 0.160471
rate N <-> D: 4.766737
rate N <-> C: 0.496537
rate N <-> Q: 1.592389
rate N <-> E: 0.508692
rate N <-> G: 1.350015
rate N <-> H: 4.234381
rate N <-> I: 0.179830
rate N <-> L: 0.064256
rate N <-> K: 2.014327
rate N <-> M: 0.348390
rate N <-> F: 0.084068
rate N <-> P: 0.151925
rate N <-> S: 3.764032
rate N <-> T: 1.878729
rate N <-> W: 0.042610
rate N <-> Y: 0.574720
rate N <-> V: 0.078587
rate D <-> C: 0.058743
rate D <-> Q: 0.491483
rate D <-> E: 4.924234
rate D <-> G: 0.793424
rate D <-> H: 0.870603
rate D <-> I: 0.010038
rate D <-> L: 0.014157
rate D <-> K: 0.265711
rate D <-> M: 0.023991
rate D <-> F: 0.016354
rate D <-> P: 0.370412
rate D <-> S: 1.164675
rate D <-> T: 0.399902
rate D <-> W: 0.028068
rate D <-> Y: 0.126872
rate D <-> V: 0.035653
rate C <-> Q: 0.079639
rate C <-> E: 0.003286
rate C <-> G: 0.534566
rate C <-> H: 0.601499
rate C <-> I: 0.301083
rate C <-> L: 0.557800
rate C <-> K: 0.012457
rate C <-> M: 0.839207
rate C <-> F: 1.037881
rate C <-> P: 0.070787
rate C <-> S: 2.614753
rate C <-> T: 1.073780
rate C <-> W: 0.629281
rate C <-> Y: 1.094488
rate C <-> V: 1.839864
rate Q <-> E: 3.876936
rate Q <-> G: 0.251626
rate Q <-> H: 4.520102
rate Q <-> I: 0.068413
rate Q <-> L: 0.546954
rate Q <-> K: 3.037150
rate Q <-> M: 1.570619
rate Q <-> F: 0.033669
rate Q <-> P: 0.586241
rate Q <-> S: 1.149231
rate Q <-> T: 1.014297
rate Q <-> W: 0.221802
rate Q <-> Y: 0.241650
rate Q <-> V: 0.197511
rate E <-> G: 0.327583
rate E <-> H: 0.398044
rate E <-> I: 0.041567
rate E <-> L: 0.065426
rate E <-> K: 1.697022
rate E <-> M: 0.163145
rate E <-> F: 0.017664
rate E <-> P: 0.393844
rate E <-> S: 0.574671
rate E <-> T: 0.567695
rate E <-> W: 0.073107
rate E <-> Y: 0.112720
rate E <-> V: 0.230098
rate G <-> H: 0.292498
rate G <-> I: 0.008174
rate G <-> L: 0.041563
rate G <-> K: 0.278555
rate G <-> M: 0.131033
rate G <-> F: 0.084125
rate G <-> P: 0.184955
rate G <-> S: 1.633930
rate G <-> T: 0.121922
rate G <-> W: 0.252125
rate G <-> Y: 0.051346
rate G <-> V: 0.072026
rate H <-> I: 0.102245
rate H <-> L: 0.343988
rate H <-> K: 0.654763
rate H <-> M: 0.415502
rate H <-> F: 0.640560
rate H <-> P: 0.477834
rate H <-> S: 0.929667
rate H <-> T: 0.548649
rate H <-> W: 0.560661
rate H <-> Y: 4.983361
rate H <-> V: 0.111759
rate I <-> L: 3.892408
rate I <-> K: 0.149373
rate I <-> M: 4.013113
rate I <-> F: 1.044902
rate I <-> P: 0.073509
rate I <-> S: 0.060198
rate I <-> T: 0.970728
rate I <-> W: 0.104854
rate I <-> Y: 0.218350
rate I <-> V: 10.000000
rate L <-> K: 0.129119
rate L <-> M: 5.927594
rate L <-> F: 2.434657
rate L <-> P: 0.233879
rate L <-> S: 0.171176
rate L <-> T: 0.284471
rate L <-> W: 0.581863
rate L <-> Y: 0.281383
rate L <-> V: 1.598956
rate K <-> M: 0.616581
rate K <-> F: 0.022460
rate K <-> P: 0.366530
rate K <-> S: 0.703048
rate K <-> T: 1.067567
rate K <-> W: 0.046864
rate K <-> Y: 0.123890
rate K <-> V: 0.173913
rate M <-> F: 1.689205
rate M <-> P: 0.093763
rate M <-> S: 0.325811
rate M <-> T: 1.897216
rate M <-> W: 0.653740
rate M <-> Y: 0.451968
rate M <-> V: 1.782983
rate F <-> P: 0.088706
rate F <-> S: 0.339765
rate F <-> T: 0.154944
rate F <-> W: 2.307349
rate F <-> Y: 7.328222
rate F <-> V: 0.614777
rate P <-> S: 1.256567
rate P <-> T: 0.536635
rate P <-> W: 0.089332
rate P <-> Y: 0.084151
rate P <-> V: 0.278428
rate S <-> T: 6.077767
rate S <-> W: 0.233693
rate S <-> Y: 0.376132
rate S <-> V: 0.092373
rate T <-> W: 0.132241
rate T <-> Y: 0.230856
rate T <-> V: 2.054781
rate W <-> Y: 2.959699
rate W <-> V: 0.177959
rate Y <-> V: 0.234116

freq pi(A): 0.079066
freq pi(R): 0.055941
freq pi(N): 0.041977
freq pi(D): 0.053052
freq pi(C): 0.012937
freq pi(Q): 0.040767
freq pi(E): 0.071586
freq pi(G): 0.057337
freq pi(H): 0.022355
freq pi(I): 0.062157
freq pi(L): 0.099081
freq pi(K): 0.064600
freq pi(M): 0.022951
freq pi(F): 0.042302
freq pi(P): 0.044040
freq pi(S): 0.061197
freq pi(T): 0.053287
freq pi(W): 0.012066
freq pi(Y): 0.034155
freq pi(V): 0.069146


ML search took 35.160849 secs or 0.009767 hours

Combined Bootstrap and ML search took 67.341062 secs or 0.018706 hours

Drawing Bootstrap Support Values on best-scoring ML tree ...



Found 1 tree in File /in/RAxML_bestTree.EOG091G0VSZ.clustalo.aln.ALICUT.LG



Found 1 tree in File /in/RAxML_bestTree.EOG091G0VSZ.clustalo.aln.ALICUT.LG

Program execution info written to /in/RAxML_info.EOG091G0VSZ.clustalo.aln.ALICUT.LG
All 100 bootstrapped trees written to: /in/RAxML_bootstrap.EOG091G0VSZ.clustalo.aln.ALICUT.LG

Best-scoring ML tree written to: /in/RAxML_bestTree.EOG091G0VSZ.clustalo.aln.ALICUT.LG

Best-scoring ML tree with support values written to: /in/RAxML_bipartitions.EOG091G0VSZ.clustalo.aln.ALICUT.LG

Best-scoring ML tree with support values as branch labels written to: /in/RAxML_bipartitionsBranchLabels.EOG091G0VSZ.clustalo.aln.ALICUT.LG

Overall execution time for full ML analysis: 67.343707 secs or 0.018707 hours or 0.000779 days

