
	reading taxa from FASTA ...


	G.salaris            -> sites: 731   
	S.mediterranea       -> sites: 731   
	L.gigantea           -> sites: 731   
	C.sinensis           -> sites: 731   
	H.robusta            -> sites: 731   
	R.norvegicus         -> sites: 731   
	T.solium             -> sites: 731   
	H.microstoma         -> sites: 731   
	M.lignano            -> sites: 731   
	E.nipponicum         -> sites: 731   
	C.intestinalis       -> sites: 731   
	D.melanogaster       -> sites: 731   
	D.rerio              -> sites: 731   


	data type             : amino acid sequences

	input ...

	infile		: EOG091G07Z0.clustalo.aln.fasta
	random pairs	: 200000000000000000
	window size	: 6
	indels		: ambiguous
	tree file	: -
	node level	: -
	strict profile	: -
	outgroup	: -
	matrix          : BLOSUM62

	number of taxa        : 13
	random number of pairs: 200000000000000000

	generates threshhold value for amino acid data
	using BLOSUM62

	checks for (potential) identical taxa


	scores site patterns ...


	max number of different pairs is 78
	max random pairs are scored!

	pair: 1      ->	taxon1: G.salaris 	taxon2: S.mediterr
	            	positions below base line: 334
	pair: 2      ->	taxon1: G.salaris 	taxon2: L.gigantea
	            	positions below base line: 350
	pair: 3      ->	taxon1: G.salaris 	taxon2: C.sinensis
	            	positions below base line: 414
	pair: 4      ->	taxon1: G.salaris 	taxon2: H.robusta 
	            	positions below base line: 353
	pair: 5      ->	taxon1: G.salaris 	taxon2: R.norvegic
	            	positions below base line: 620
	pair: 6      ->	taxon1: G.salaris 	taxon2: T.solium  
	            	positions below base line: 464
	pair: 7      ->	taxon1: G.salaris 	taxon2: H.microsto
	            	positions below base line: 385
	pair: 8      ->	taxon1: G.salaris 	taxon2: M.lignano 
	            	positions below base line: 408
	pair: 9      ->	taxon1: G.salaris 	taxon2: E.nipponic
	            	positions below base line: 578
	pair: 10     ->	taxon1: G.salaris 	taxon2: C.intestin
	            	positions below base line: 361
	pair: 11     ->	taxon1: G.salaris 	taxon2: D.melanoga
	            	positions below base line: 357
	pair: 12     ->	taxon1: G.salaris 	taxon2: D.rerio   
	            	positions below base line: 341
	pair: 13     ->	taxon1: S.mediterr	taxon2: L.gigantea
	            	positions below base line: 300
	pair: 14     ->	taxon1: S.mediterr	taxon2: C.sinensis
	            	positions below base line: 389
	pair: 15     ->	taxon1: S.mediterr	taxon2: H.robusta 
	            	positions below base line: 291
	pair: 16     ->	taxon1: S.mediterr	taxon2: R.norvegic
	            	positions below base line: 610
	pair: 17     ->	taxon1: S.mediterr	taxon2: T.solium  
	            	positions below base line: 450
	pair: 18     ->	taxon1: S.mediterr	taxon2: H.microsto
	            	positions below base line: 377
	pair: 19     ->	taxon1: S.mediterr	taxon2: M.lignano 
	            	positions below base line: 355
	pair: 20     ->	taxon1: S.mediterr	taxon2: E.nipponic
	            	positions below base line: 574
	pair: 21     ->	taxon1: S.mediterr	taxon2: C.intestin
	            	positions below base line: 333
	pair: 22     ->	taxon1: S.mediterr	taxon2: D.melanoga
	            	positions below base line: 305
	pair: 23     ->	taxon1: S.mediterr	taxon2: D.rerio   
	            	positions below base line: 309
	pair: 24     ->	taxon1: L.gigantea	taxon2: C.sinensis
	            	positions below base line: 397
	pair: 25     ->	taxon1: L.gigantea	taxon2: H.robusta 
	            	positions below base line: 273
	pair: 26     ->	taxon1: L.gigantea	taxon2: R.norvegic
	            	positions below base line: 625
	pair: 27     ->	taxon1: L.gigantea	taxon2: T.solium  
	            	positions below base line: 437
	pair: 28     ->	taxon1: L.gigantea	taxon2: H.microsto
	            	positions below base line: 361
	pair: 29     ->	taxon1: L.gigantea	taxon2: M.lignano 
	            	positions below base line: 329
	pair: 30     ->	taxon1: L.gigantea	taxon2: E.nipponic
	            	positions below base line: 568
	pair: 31     ->	taxon1: L.gigantea	taxon2: C.intestin
	            	positions below base line: 326
	pair: 32     ->	taxon1: L.gigantea	taxon2: D.melanoga
	            	positions below base line: 294
	pair: 33     ->	taxon1: L.gigantea	taxon2: D.rerio   
	            	positions below base line: 302
	pair: 34     ->	taxon1: C.sinensis	taxon2: H.robusta 
	            	positions below base line: 398
	pair: 35     ->	taxon1: C.sinensis	taxon2: R.norvegic
	            	positions below base line: 658
	pair: 36     ->	taxon1: C.sinensis	taxon2: T.solium  
	            	positions below base line: 506
	pair: 37     ->	taxon1: C.sinensis	taxon2: H.microsto
	            	positions below base line: 434
	pair: 38     ->	taxon1: C.sinensis	taxon2: M.lignano 
	            	positions below base line: 447
	pair: 39     ->	taxon1: C.sinensis	taxon2: E.nipponic
	            	positions below base line: 614
	pair: 40     ->	taxon1: C.sinensis	taxon2: C.intestin
	            	positions below base line: 430
	pair: 41     ->	taxon1: C.sinensis	taxon2: D.melanoga
	            	positions below base line: 391
	pair: 42     ->	taxon1: C.sinensis	taxon2: D.rerio   
	            	positions below base line: 411
	pair: 43     ->	taxon1: H.robusta 	taxon2: R.norvegic
	            	positions below base line: 625
	pair: 44     ->	taxon1: H.robusta 	taxon2: T.solium  
	            	positions below base line: 436
	pair: 45     ->	taxon1: H.robusta 	taxon2: H.microsto
	            	positions below base line: 363
	pair: 46     ->	taxon1: H.robusta 	taxon2: M.lignano 
	            	positions below base line: 357
	pair: 47     ->	taxon1: H.robusta 	taxon2: E.nipponic
	            	positions below base line: 570
	pair: 48     ->	taxon1: H.robusta 	taxon2: C.intestin
	            	positions below base line: 312
	pair: 49     ->	taxon1: H.robusta 	taxon2: D.melanoga
	            	positions below base line: 318
	pair: 50     ->	taxon1: H.robusta 	taxon2: D.rerio   
	            	positions below base line: 302
	pair: 51     ->	taxon1: R.norvegic	taxon2: T.solium  
	            	positions below base line: 653
	pair: 52     ->	taxon1: R.norvegic	taxon2: H.microsto
	            	positions below base line: 641
	pair: 53     ->	taxon1: R.norvegic	taxon2: M.lignano 
	            	positions below base line: 615
	pair: 54     ->	taxon1: R.norvegic	taxon2: E.nipponic
	            	positions below base line: 672
	pair: 55     ->	taxon1: R.norvegic	taxon2: C.intestin
	            	positions below base line: 621
	pair: 56     ->	taxon1: R.norvegic	taxon2: D.melanoga
	            	positions below base line: 624
	pair: 57     ->	taxon1: R.norvegic	taxon2: D.rerio   
	            	positions below base line: 609
	pair: 58     ->	taxon1: T.solium  	taxon2: H.microsto
	            	positions below base line: 362
	pair: 59     ->	taxon1: T.solium  	taxon2: M.lignano 
	            	positions below base line: 442
	pair: 60     ->	taxon1: T.solium  	taxon2: E.nipponic
	            	positions below base line: 576
	pair: 61     ->	taxon1: T.solium  	taxon2: C.intestin
	            	positions below base line: 455
	pair: 62     ->	taxon1: T.solium  	taxon2: D.melanoga
	            	positions below base line: 457
	pair: 63     ->	taxon1: T.solium  	taxon2: D.rerio   
	            	positions below base line: 452
	pair: 64     ->	taxon1: H.microsto	taxon2: M.lignano 
	            	positions below base line: 433
	pair: 65     ->	taxon1: H.microsto	taxon2: E.nipponic
	            	positions below base line: 570
	pair: 66     ->	taxon1: H.microsto	taxon2: C.intestin
	            	positions below base line: 363
	pair: 67     ->	taxon1: H.microsto	taxon2: D.melanoga
	            	positions below base line: 377
	pair: 68     ->	taxon1: H.microsto	taxon2: D.rerio   
	            	positions below base line: 379
	pair: 69     ->	taxon1: M.lignano 	taxon2: E.nipponic
	            	positions below base line: 584
	pair: 70     ->	taxon1: M.lignano 	taxon2: C.intestin
	            	positions below base line: 391
	pair: 71     ->	taxon1: M.lignano 	taxon2: D.melanoga
	            	positions below base line: 362
	pair: 72     ->	taxon1: M.lignano 	taxon2: D.rerio   
	            	positions below base line: 362
	pair: 73     ->	taxon1: E.nipponic	taxon2: C.intestin
	            	positions below base line: 572
	pair: 74     ->	taxon1: E.nipponic	taxon2: D.melanoga
	            	positions below base line: 581
	pair: 75     ->	taxon1: E.nipponic	taxon2: D.rerio   
	            	positions below base line: 571
	pair: 76     ->	taxon1: C.intestin	taxon2: D.melanoga
	            	positions below base line: 342
	pair: 77     ->	taxon1: C.intestin	taxon2: D.rerio   
	            	positions below base line: 306
	pair: 78     ->	taxon1: D.melanoga	taxon2: D.rerio   
	            	positions below base line: 301

	generates quality profile from collected scores ...


	scoring done ...


	generates vector plot from collected scores ...


Argument "-" treated as 0 in increment (++) at /usr/bin/Aliscore.pl line 1213.
	Profile written to EOG091G07Z0.clustalo.aln.fasta_Profile_random.txt
	List   written to EOG091G07Z0.clustalo.aln.fasta_List_random.txt

	time used: 3.92 sec

