
	reading taxa from FASTA ...


	O.viverrini          -> sites: 701   
	G.turnbulli          -> sites: 701   
	D.melanogaster       -> sites: 701   
	N.vectensis          -> sites: 701   
	D.rerio              -> sites: 701   
	S.mediterranea       -> sites: 701   
	C.intestinalis       -> sites: 701   
	M.lignano            -> sites: 701   
	H.microstoma         -> sites: 701   
	H.robusta            -> sites: 701   
	C.sinensis           -> sites: 701   
	R.norvegicus         -> sites: 701   
	G.salaris            -> sites: 701   


	data type             : amino acid sequences

	input ...

	infile		: EOG091G08O3.clustalo.aln.fasta
	random pairs	: 200000000000000000
	window size	: 6
	indels		: ambiguous
	tree file	: -
	node level	: -
	strict profile	: -
	outgroup	: -
	matrix          : BLOSUM62

	number of taxa        : 13
	random number of pairs: 200000000000000000

	generates threshhold value for amino acid data
	using BLOSUM62

	checks for (potential) identical taxa


	scores site patterns ...


	max number of different pairs is 78
	max random pairs are scored!

	pair: 1      ->	taxon1: O.viverrin	taxon2: G.turnbull
	            	positions below base line: 396
	pair: 2      ->	taxon1: O.viverrin	taxon2: D.melanoga
	            	positions below base line: 371
	pair: 3      ->	taxon1: O.viverrin	taxon2: N.vectensi
	            	positions below base line: 383
	pair: 4      ->	taxon1: O.viverrin	taxon2: D.rerio   
	            	positions below base line: 370
	pair: 5      ->	taxon1: O.viverrin	taxon2: S.mediterr
	            	positions below base line: 398
	pair: 6      ->	taxon1: O.viverrin	taxon2: C.intestin
	            	positions below base line: 362
	pair: 7      ->	taxon1: O.viverrin	taxon2: M.lignano 
	            	positions below base line: 444
	pair: 8      ->	taxon1: O.viverrin	taxon2: H.microsto
	            	positions below base line: 406
	pair: 9      ->	taxon1: O.viverrin	taxon2: H.robusta 
	            	positions below base line: 378
	pair: 10     ->	taxon1: O.viverrin	taxon2: C.sinensis
	            	positions below base line: 288
	pair: 11     ->	taxon1: O.viverrin	taxon2: R.norvegic
	            	positions below base line: 364
	pair: 12     ->	taxon1: O.viverrin	taxon2: G.salaris 
	            	positions below base line: 424
	pair: 13     ->	taxon1: G.turnbull	taxon2: D.melanoga
	            	positions below base line: 356
	pair: 14     ->	taxon1: G.turnbull	taxon2: N.vectensi
	            	positions below base line: 365
	pair: 15     ->	taxon1: G.turnbull	taxon2: D.rerio   
	            	positions below base line: 330
	pair: 16     ->	taxon1: G.turnbull	taxon2: S.mediterr
	            	positions below base line: 400
	pair: 17     ->	taxon1: G.turnbull	taxon2: C.intestin
	            	positions below base line: 361
	pair: 18     ->	taxon1: G.turnbull	taxon2: M.lignano 
	            	positions below base line: 459
	pair: 19     ->	taxon1: G.turnbull	taxon2: H.microsto
	            	positions below base line: 423
	pair: 20     ->	taxon1: G.turnbull	taxon2: H.robusta 
	            	positions below base line: 335
	pair: 21     ->	taxon1: G.turnbull	taxon2: C.sinensis
	            	positions below base line: 365
	pair: 22     ->	taxon1: G.turnbull	taxon2: R.norvegic
	            	positions below base line: 335
	pair: 23     ->	taxon1: G.turnbull	taxon2: G.salaris 
	            	positions below base line: 309
	pair: 24     ->	taxon1: D.melanoga	taxon2: N.vectensi
	            	positions below base line: 299
	pair: 25     ->	taxon1: D.melanoga	taxon2: D.rerio   
	            	positions below base line: 305
	pair: 26     ->	taxon1: D.melanoga	taxon2: S.mediterr
	            	positions below base line: 357
	pair: 27     ->	taxon1: D.melanoga	taxon2: C.intestin
	            	positions below base line: 332
	pair: 28     ->	taxon1: D.melanoga	taxon2: M.lignano 
	            	positions below base line: 443
	pair: 29     ->	taxon1: D.melanoga	taxon2: H.microsto
	            	positions below base line: 432
	pair: 30     ->	taxon1: D.melanoga	taxon2: H.robusta 
	            	positions below base line: 305
	pair: 31     ->	taxon1: D.melanoga	taxon2: C.sinensis
	            	positions below base line: 352
	pair: 32     ->	taxon1: D.melanoga	taxon2: R.norvegic
	            	positions below base line: 300
	pair: 33     ->	taxon1: D.melanoga	taxon2: G.salaris 
	            	positions below base line: 391
	pair: 34     ->	taxon1: N.vectensi	taxon2: D.rerio   
	            	positions below base line: 297
	pair: 35     ->	taxon1: N.vectensi	taxon2: S.mediterr
	            	positions below base line: 387
	pair: 36     ->	taxon1: N.vectensi	taxon2: C.intestin
	            	positions below base line: 298
	pair: 37     ->	taxon1: N.vectensi	taxon2: M.lignano 
	            	positions below base line: 450
	pair: 38     ->	taxon1: N.vectensi	taxon2: H.microsto
	            	positions below base line: 431
	pair: 39     ->	taxon1: N.vectensi	taxon2: H.robusta 
	            	positions below base line: 298
	pair: 40     ->	taxon1: N.vectensi	taxon2: C.sinensis
	            	positions below base line: 366
	pair: 41     ->	taxon1: N.vectensi	taxon2: R.norvegic
	            	positions below base line: 278
	pair: 42     ->	taxon1: N.vectensi	taxon2: G.salaris 
	            	positions below base line: 389
	pair: 43     ->	taxon1: D.rerio   	taxon2: S.mediterr
	            	positions below base line: 356
	pair: 44     ->	taxon1: D.rerio   	taxon2: C.intestin
	            	positions below base line: 305
	pair: 45     ->	taxon1: D.rerio   	taxon2: M.lignano 
	            	positions below base line: 434
	pair: 46     ->	taxon1: D.rerio   	taxon2: H.microsto
	            	positions below base line: 423
	pair: 47     ->	taxon1: D.rerio   	taxon2: H.robusta 
	            	positions below base line: 287
	pair: 48     ->	taxon1: D.rerio   	taxon2: C.sinensis
	            	positions below base line: 345
	pair: 49     ->	taxon1: D.rerio   	taxon2: R.norvegic
	            	positions below base line: 264
	pair: 50     ->	taxon1: D.rerio   	taxon2: G.salaris 
	            	positions below base line: 382
	pair: 51     ->	taxon1: S.mediterr	taxon2: C.intestin
	            	positions below base line: 416
	pair: 52     ->	taxon1: S.mediterr	taxon2: M.lignano 
	            	positions below base line: 435
	pair: 53     ->	taxon1: S.mediterr	taxon2: H.microsto
	            	positions below base line: 440
	pair: 54     ->	taxon1: S.mediterr	taxon2: H.robusta 
	            	positions below base line: 367
	pair: 55     ->	taxon1: S.mediterr	taxon2: C.sinensis
	            	positions below base line: 399
	pair: 56     ->	taxon1: S.mediterr	taxon2: R.norvegic
	            	positions below base line: 347
	pair: 57     ->	taxon1: S.mediterr	taxon2: G.salaris 
	            	positions below base line: 415
	pair: 58     ->	taxon1: C.intestin	taxon2: M.lignano 
	            	positions below base line: 444
	pair: 59     ->	taxon1: C.intestin	taxon2: H.microsto
	            	positions below base line: 449
	pair: 60     ->	taxon1: C.intestin	taxon2: H.robusta 
	            	positions below base line: 329
	pair: 61     ->	taxon1: C.intestin	taxon2: C.sinensis
	            	positions below base line: 365
	pair: 62     ->	taxon1: C.intestin	taxon2: R.norvegic
	            	positions below base line: 309
	pair: 63     ->	taxon1: C.intestin	taxon2: G.salaris 
	            	positions below base line: 405
	pair: 64     ->	taxon1: M.lignano 	taxon2: H.microsto
	            	positions below base line: 480
	pair: 65     ->	taxon1: M.lignano 	taxon2: H.robusta 
	            	positions below base line: 434
	pair: 66     ->	taxon1: M.lignano 	taxon2: C.sinensis
	            	positions below base line: 446
	pair: 67     ->	taxon1: M.lignano 	taxon2: R.norvegic
	            	positions below base line: 429
	pair: 68     ->	taxon1: M.lignano 	taxon2: G.salaris 
	            	positions below base line: 460
	pair: 69     ->	taxon1: H.microsto	taxon2: H.robusta 
	            	positions below base line: 429
	pair: 70     ->	taxon1: H.microsto	taxon2: C.sinensis
	            	positions below base line: 401
	pair: 71     ->	taxon1: H.microsto	taxon2: R.norvegic
	            	positions below base line: 417
	pair: 72     ->	taxon1: H.microsto	taxon2: G.salaris 
	            	positions below base line: 420
	pair: 73     ->	taxon1: H.robusta 	taxon2: C.sinensis
	            	positions below base line: 350
	pair: 74     ->	taxon1: H.robusta 	taxon2: R.norvegic
	            	positions below base line: 288
	pair: 75     ->	taxon1: H.robusta 	taxon2: G.salaris 
	            	positions below base line: 389
	pair: 76     ->	taxon1: C.sinensis	taxon2: R.norvegic
	            	positions below base line: 348
	pair: 77     ->	taxon1: C.sinensis	taxon2: G.salaris 
	            	positions below base line: 391
	pair: 78     ->	taxon1: R.norvegic	taxon2: G.salaris 
	            	positions below base line: 377

	generates quality profile from collected scores ...


	scoring done ...


	generates vector plot from collected scores ...


Argument "-" treated as 0 in increment (++) at /usr/bin/Aliscore.pl line 1213.
	Profile written to EOG091G08O3.clustalo.aln.fasta_Profile_random.txt
	List   written to EOG091G08O3.clustalo.aln.fasta_List_random.txt

	time used: 4.11 sec

