
	reading taxa from FASTA ...


	E.granulosus         -> sites: 188   
	D.melanogaster       -> sites: 188   
	T.solium             -> sites: 188   
	H.robusta            -> sites: 188   
	C.sinensis           -> sites: 188   
	G.turnbulli          -> sites: 188   
	R.norvegicus         -> sites: 188   
	L.gigantea           -> sites: 188   
	G.salaris            -> sites: 188   
	S.mediterranea       -> sites: 188   
	O.viverrini          -> sites: 188   
	D.rerio              -> sites: 188   


	data type             : amino acid sequences

	input ...

	infile		: EOG091G10IX.clustalo.aln.fasta
	random pairs	: 200000000000000000
	window size	: 6
	indels		: ambiguous
	tree file	: -
	node level	: -
	strict profile	: -
	outgroup	: -
	matrix          : BLOSUM62

	number of taxa        : 12
	random number of pairs: 200000000000000000

	generates threshhold value for amino acid data
	using BLOSUM62

	checks for (potential) identical taxa


	scores site patterns ...


	max number of different pairs is 66
	max random pairs are scored!

	pair: 1      ->	taxon1: E.granulos	taxon2: D.melanoga
	            	positions below base line: 92
	pair: 2      ->	taxon1: E.granulos	taxon2: T.solium  
	            	positions below base line: 75
	pair: 3      ->	taxon1: E.granulos	taxon2: H.robusta 
	            	positions below base line: 88
	pair: 4      ->	taxon1: E.granulos	taxon2: C.sinensis
	            	positions below base line: 88
	pair: 5      ->	taxon1: E.granulos	taxon2: G.turnbull
	            	positions below base line: 86
	pair: 6      ->	taxon1: E.granulos	taxon2: R.norvegic
	            	positions below base line: 85
	pair: 7      ->	taxon1: E.granulos	taxon2: L.gigantea
	            	positions below base line: 76
	pair: 8      ->	taxon1: E.granulos	taxon2: G.salaris 
	            	positions below base line: 94
	pair: 9      ->	taxon1: E.granulos	taxon2: S.mediterr
	            	positions below base line: 84
	pair: 10     ->	taxon1: E.granulos	taxon2: O.viverrin
	            	positions below base line: 71
	pair: 11     ->	taxon1: E.granulos	taxon2: D.rerio   
	            	positions below base line: 85
	pair: 12     ->	taxon1: D.melanoga	taxon2: T.solium  
	            	positions below base line: 93
	pair: 13     ->	taxon1: D.melanoga	taxon2: H.robusta 
	            	positions below base line: 81
	pair: 14     ->	taxon1: D.melanoga	taxon2: C.sinensis
	            	positions below base line: 100
	pair: 15     ->	taxon1: D.melanoga	taxon2: G.turnbull
	            	positions below base line: 86
	pair: 16     ->	taxon1: D.melanoga	taxon2: R.norvegic
	            	positions below base line: 84
	pair: 17     ->	taxon1: D.melanoga	taxon2: L.gigantea
	            	positions below base line: 82
	pair: 18     ->	taxon1: D.melanoga	taxon2: G.salaris 
	            	positions below base line: 95
	pair: 19     ->	taxon1: D.melanoga	taxon2: S.mediterr
	            	positions below base line: 90
	pair: 20     ->	taxon1: D.melanoga	taxon2: O.viverrin
	            	positions below base line: 100
	pair: 21     ->	taxon1: D.melanoga	taxon2: D.rerio   
	            	positions below base line: 79
	pair: 22     ->	taxon1: T.solium  	taxon2: H.robusta 
	            	positions below base line: 85
	pair: 23     ->	taxon1: T.solium  	taxon2: C.sinensis
	            	positions below base line: 88
	pair: 24     ->	taxon1: T.solium  	taxon2: G.turnbull
	            	positions below base line: 85
	pair: 25     ->	taxon1: T.solium  	taxon2: R.norvegic
	            	positions below base line: 85
	pair: 26     ->	taxon1: T.solium  	taxon2: L.gigantea
	            	positions below base line: 80
	pair: 27     ->	taxon1: T.solium  	taxon2: G.salaris 
	            	positions below base line: 90
	pair: 28     ->	taxon1: T.solium  	taxon2: S.mediterr
	            	positions below base line: 74
	pair: 29     ->	taxon1: T.solium  	taxon2: O.viverrin
	            	positions below base line: 83
	pair: 30     ->	taxon1: T.solium  	taxon2: D.rerio   
	            	positions below base line: 84
	pair: 31     ->	taxon1: H.robusta 	taxon2: C.sinensis
	            	positions below base line: 87
	pair: 32     ->	taxon1: H.robusta 	taxon2: G.turnbull
	            	positions below base line: 89
	pair: 33     ->	taxon1: H.robusta 	taxon2: R.norvegic
	            	positions below base line: 71
	pair: 34     ->	taxon1: H.robusta 	taxon2: L.gigantea
	            	positions below base line: 74
	pair: 35     ->	taxon1: H.robusta 	taxon2: G.salaris 
	            	positions below base line: 87
	pair: 36     ->	taxon1: H.robusta 	taxon2: S.mediterr
	            	positions below base line: 82
	pair: 37     ->	taxon1: H.robusta 	taxon2: O.viverrin
	            	positions below base line: 88
	pair: 38     ->	taxon1: H.robusta 	taxon2: D.rerio   
	            	positions below base line: 64
	pair: 39     ->	taxon1: C.sinensis	taxon2: G.turnbull
	            	positions below base line: 92
	pair: 40     ->	taxon1: C.sinensis	taxon2: R.norvegic
	            	positions below base line: 99
	pair: 41     ->	taxon1: C.sinensis	taxon2: L.gigantea
	            	positions below base line: 96
	pair: 42     ->	taxon1: C.sinensis	taxon2: G.salaris 
	            	positions below base line: 93
	pair: 43     ->	taxon1: C.sinensis	taxon2: S.mediterr
	            	positions below base line: 94
	pair: 44     ->	taxon1: C.sinensis	taxon2: O.viverrin
	            	positions below base line: 64
	pair: 45     ->	taxon1: C.sinensis	taxon2: D.rerio   
	            	positions below base line: 97
	pair: 46     ->	taxon1: G.turnbull	taxon2: R.norvegic
	            	positions below base line: 94
	pair: 47     ->	taxon1: G.turnbull	taxon2: L.gigantea
	            	positions below base line: 81
	pair: 48     ->	taxon1: G.turnbull	taxon2: G.salaris 
	            	positions below base line: 90
	pair: 49     ->	taxon1: G.turnbull	taxon2: S.mediterr
	            	positions below base line: 92
	pair: 50     ->	taxon1: G.turnbull	taxon2: O.viverrin
	            	positions below base line: 87
	pair: 51     ->	taxon1: G.turnbull	taxon2: D.rerio   
	            	positions below base line: 94
	pair: 52     ->	taxon1: R.norvegic	taxon2: L.gigantea
	            	positions below base line: 74
	pair: 53     ->	taxon1: R.norvegic	taxon2: G.salaris 
	            	positions below base line: 86
	pair: 54     ->	taxon1: R.norvegic	taxon2: S.mediterr
	            	positions below base line: 88
	pair: 55     ->	taxon1: R.norvegic	taxon2: O.viverrin
	            	positions below base line: 89
	pair: 56     ->	taxon1: R.norvegic	taxon2: D.rerio   
	            	positions below base line: 60
	pair: 57     ->	taxon1: L.gigantea	taxon2: G.salaris 
	            	positions below base line: 86
	pair: 58     ->	taxon1: L.gigantea	taxon2: S.mediterr
	            	positions below base line: 82
	pair: 59     ->	taxon1: L.gigantea	taxon2: O.viverrin
	            	positions below base line: 92
	pair: 60     ->	taxon1: L.gigantea	taxon2: D.rerio   
	            	positions below base line: 73
	pair: 61     ->	taxon1: G.salaris 	taxon2: S.mediterr
	            	positions below base line: 90
	pair: 62     ->	taxon1: G.salaris 	taxon2: O.viverrin
	            	positions below base line: 87
	pair: 63     ->	taxon1: G.salaris 	taxon2: D.rerio   
	            	positions below base line: 89
	pair: 64     ->	taxon1: S.mediterr	taxon2: O.viverrin
	            	positions below base line: 94
	pair: 65     ->	taxon1: S.mediterr	taxon2: D.rerio   
	            	positions below base line: 84
	pair: 66     ->	taxon1: O.viverrin	taxon2: D.rerio   
	            	positions below base line: 90

	generates quality profile from collected scores ...


	scoring done ...


	generates vector plot from collected scores ...


Argument "-" treated as 0 in increment (++) at /usr/bin/Aliscore.pl line 1213.
	Profile written to EOG091G10IX.clustalo.aln.fasta_Profile_random.txt
	List   written to EOG091G10IX.clustalo.aln.fasta_List_random.txt

	time used: 3.62 sec

