
WARNING: The number of threads is currently set to 1
You can specify the number of threads to run via -T numberOfThreads
NumberOfThreads must be set to an integer value greater than 1

RAxML, will now set the number of threads automatically to 2 !


RAxML can't, parse the alignment file as phylip file 
it will now try to parse it as FASTA file


This is the RAxML Master Pthread

This is RAxML Worker Pthread Number: 1


This is RAxML version 8.2.12 released by Alexandros Stamatakis on May 2018.

With greatly appreciated code contributions by:
Andre Aberer      (HITS)
Simon Berger      (HITS)
Alexey Kozlov     (HITS)
Kassian Kobert    (HITS)
David Dao         (KIT and HITS)
Sarah Lutteropp   (KIT and HITS)
Nick Pattengale   (Sandia)
Wayne Pfeiffer    (SDSC)
Akifumi S. Tanabe (NRIFS)
Charlie Taylor    (UF)


Alignment has 168 distinct alignment patterns

Proportion of gaps and completely undetermined characters in this alignment: 7.15%

RAxML rapid bootstrapping and subsequent ML search

Using 1 distinct models/data partitions with joint branch length optimization



Executing 100 rapid bootstrap inferences and thereafter a thorough ML search 

All free model parameters will be estimated by RAxML
GAMMA model of rate heterogeneity, ML estimate of alpha-parameter

GAMMA Model parameters will be estimated up to an accuracy of 0.1000000000 Log Likelihood units

Partition: 0
Alignment Patterns: 168
Name: No Name Provided
DataType: AA
Substitution Matrix: LG
Using empirical base frequencies




RAxML was called as follows:

raxml -f a -T 1 -m PROTGAMMALGF -p 12345 -x 12345 -# 100 -s ALICUT_EOG091G0VQK.clustalo.aln.fasta -n EOG091G0VQK.clustalo.aln.ALICUT.LGF 



Time for BS model parameter optimization 0.020625
Bootstrap[0]: Time 0.484022 seconds, bootstrap likelihood -2504.191675, best rearrangement setting 13
Bootstrap[1]: Time 0.387419 seconds, bootstrap likelihood -2640.803005, best rearrangement setting 13
Bootstrap[2]: Time 0.415249 seconds, bootstrap likelihood -2592.592881, best rearrangement setting 12
Bootstrap[3]: Time 0.372934 seconds, bootstrap likelihood -2727.620420, best rearrangement setting 15
Bootstrap[4]: Time 0.356727 seconds, bootstrap likelihood -2823.173440, best rearrangement setting 10
Bootstrap[5]: Time 0.361658 seconds, bootstrap likelihood -2779.608215, best rearrangement setting 10
Bootstrap[6]: Time 0.383057 seconds, bootstrap likelihood -2645.764367, best rearrangement setting 6
Bootstrap[7]: Time 0.381819 seconds, bootstrap likelihood -2640.122648, best rearrangement setting 14
Bootstrap[8]: Time 0.416760 seconds, bootstrap likelihood -2711.243731, best rearrangement setting 5
Bootstrap[9]: Time 0.336366 seconds, bootstrap likelihood -2679.114157, best rearrangement setting 7
Bootstrap[10]: Time 0.406173 seconds, bootstrap likelihood -2577.472765, best rearrangement setting 7
Bootstrap[11]: Time 0.384723 seconds, bootstrap likelihood -2883.440619, best rearrangement setting 5
Bootstrap[12]: Time 0.400354 seconds, bootstrap likelihood -2654.318116, best rearrangement setting 8
Bootstrap[13]: Time 0.404493 seconds, bootstrap likelihood -2735.812372, best rearrangement setting 7
Bootstrap[14]: Time 0.361263 seconds, bootstrap likelihood -2572.894989, best rearrangement setting 12
Bootstrap[15]: Time 0.405698 seconds, bootstrap likelihood -2587.116817, best rearrangement setting 15
Bootstrap[16]: Time 0.356676 seconds, bootstrap likelihood -2607.200297, best rearrangement setting 12
Bootstrap[17]: Time 0.356671 seconds, bootstrap likelihood -2779.466277, best rearrangement setting 12
Bootstrap[18]: Time 0.416310 seconds, bootstrap likelihood -2594.372709, best rearrangement setting 5
Bootstrap[19]: Time 0.388968 seconds, bootstrap likelihood -2678.346602, best rearrangement setting 8
Bootstrap[20]: Time 0.407468 seconds, bootstrap likelihood -2629.300013, best rearrangement setting 10
Bootstrap[21]: Time 0.422802 seconds, bootstrap likelihood -2552.195636, best rearrangement setting 6
Bootstrap[22]: Time 0.435989 seconds, bootstrap likelihood -2493.459091, best rearrangement setting 5
Bootstrap[23]: Time 0.360435 seconds, bootstrap likelihood -2821.969773, best rearrangement setting 7
Bootstrap[24]: Time 0.402457 seconds, bootstrap likelihood -2711.359152, best rearrangement setting 8
Bootstrap[25]: Time 0.396745 seconds, bootstrap likelihood -2726.877694, best rearrangement setting 6
Bootstrap[26]: Time 0.444873 seconds, bootstrap likelihood -2612.504275, best rearrangement setting 12
Bootstrap[27]: Time 0.389179 seconds, bootstrap likelihood -2835.256043, best rearrangement setting 10
Bootstrap[28]: Time 0.451379 seconds, bootstrap likelihood -2686.255738, best rearrangement setting 11
Bootstrap[29]: Time 0.338566 seconds, bootstrap likelihood -2627.935215, best rearrangement setting 12
Bootstrap[30]: Time 0.331434 seconds, bootstrap likelihood -2682.120085, best rearrangement setting 15
Bootstrap[31]: Time 0.405443 seconds, bootstrap likelihood -2621.877395, best rearrangement setting 15
Bootstrap[32]: Time 0.443004 seconds, bootstrap likelihood -2408.716191, best rearrangement setting 6
Bootstrap[33]: Time 0.416784 seconds, bootstrap likelihood -2815.300406, best rearrangement setting 15
Bootstrap[34]: Time 0.397868 seconds, bootstrap likelihood -2692.147877, best rearrangement setting 11
Bootstrap[35]: Time 0.407133 seconds, bootstrap likelihood -2820.041645, best rearrangement setting 8
Bootstrap[36]: Time 0.358285 seconds, bootstrap likelihood -2579.323071, best rearrangement setting 9
Bootstrap[37]: Time 0.427526 seconds, bootstrap likelihood -2654.407833, best rearrangement setting 11
Bootstrap[38]: Time 0.393607 seconds, bootstrap likelihood -2648.477875, best rearrangement setting 8
Bootstrap[39]: Time 0.442812 seconds, bootstrap likelihood -2726.614048, best rearrangement setting 13
Bootstrap[40]: Time 0.398903 seconds, bootstrap likelihood -2616.869107, best rearrangement setting 13
Bootstrap[41]: Time 0.432103 seconds, bootstrap likelihood -2853.676495, best rearrangement setting 10
Bootstrap[42]: Time 0.423851 seconds, bootstrap likelihood -2547.019197, best rearrangement setting 5
Bootstrap[43]: Time 0.355725 seconds, bootstrap likelihood -2760.519556, best rearrangement setting 14
Bootstrap[44]: Time 0.407439 seconds, bootstrap likelihood -2680.400200, best rearrangement setting 10
Bootstrap[45]: Time 0.393577 seconds, bootstrap likelihood -2575.697156, best rearrangement setting 15
Bootstrap[46]: Time 0.411450 seconds, bootstrap likelihood -2590.607532, best rearrangement setting 14
Bootstrap[47]: Time 0.417448 seconds, bootstrap likelihood -2866.245130, best rearrangement setting 8
Bootstrap[48]: Time 0.410721 seconds, bootstrap likelihood -2771.122065, best rearrangement setting 6
Bootstrap[49]: Time 0.462361 seconds, bootstrap likelihood -2637.463693, best rearrangement setting 7
Bootstrap[50]: Time 0.437104 seconds, bootstrap likelihood -2652.499057, best rearrangement setting 7
Bootstrap[51]: Time 0.445233 seconds, bootstrap likelihood -2812.963443, best rearrangement setting 11
Bootstrap[52]: Time 0.431368 seconds, bootstrap likelihood -2604.626337, best rearrangement setting 12
Bootstrap[53]: Time 0.168597 seconds, bootstrap likelihood -2712.790822, best rearrangement setting 8
Bootstrap[54]: Time 0.399069 seconds, bootstrap likelihood -2608.524689, best rearrangement setting 9
Bootstrap[55]: Time 0.367130 seconds, bootstrap likelihood -2943.533164, best rearrangement setting 11
Bootstrap[56]: Time 0.434734 seconds, bootstrap likelihood -2806.349158, best rearrangement setting 5
Bootstrap[57]: Time 0.377887 seconds, bootstrap likelihood -2783.208654, best rearrangement setting 7
Bootstrap[58]: Time 0.382607 seconds, bootstrap likelihood -2564.696610, best rearrangement setting 10
Bootstrap[59]: Time 0.404067 seconds, bootstrap likelihood -2436.570300, best rearrangement setting 9
Bootstrap[60]: Time 0.314790 seconds, bootstrap likelihood -2690.037159, best rearrangement setting 7
Bootstrap[61]: Time 0.355693 seconds, bootstrap likelihood -2518.471651, best rearrangement setting 5
Bootstrap[62]: Time 0.375512 seconds, bootstrap likelihood -2723.782155, best rearrangement setting 11
Bootstrap[63]: Time 0.412123 seconds, bootstrap likelihood -2605.118758, best rearrangement setting 12
Bootstrap[64]: Time 0.437990 seconds, bootstrap likelihood -2628.122941, best rearrangement setting 7
Bootstrap[65]: Time 0.380910 seconds, bootstrap likelihood -2722.075237, best rearrangement setting 5
Bootstrap[66]: Time 0.371323 seconds, bootstrap likelihood -2601.341319, best rearrangement setting 5
Bootstrap[67]: Time 0.411308 seconds, bootstrap likelihood -2617.841231, best rearrangement setting 15
Bootstrap[68]: Time 0.387409 seconds, bootstrap likelihood -2734.765544, best rearrangement setting 11
Bootstrap[69]: Time 0.363938 seconds, bootstrap likelihood -2493.817387, best rearrangement setting 5
Bootstrap[70]: Time 0.354197 seconds, bootstrap likelihood -2530.706878, best rearrangement setting 8
Bootstrap[71]: Time 0.359655 seconds, bootstrap likelihood -2573.513946, best rearrangement setting 10
Bootstrap[72]: Time 0.372812 seconds, bootstrap likelihood -2740.048380, best rearrangement setting 11
Bootstrap[73]: Time 0.471504 seconds, bootstrap likelihood -2683.122368, best rearrangement setting 9
Bootstrap[74]: Time 0.442300 seconds, bootstrap likelihood -2633.088708, best rearrangement setting 5
Bootstrap[75]: Time 0.389296 seconds, bootstrap likelihood -2654.941219, best rearrangement setting 8
Bootstrap[76]: Time 0.423227 seconds, bootstrap likelihood -2768.769858, best rearrangement setting 9
Bootstrap[77]: Time 0.372699 seconds, bootstrap likelihood -2578.217635, best rearrangement setting 11
Bootstrap[78]: Time 0.380981 seconds, bootstrap likelihood -2768.603282, best rearrangement setting 15
Bootstrap[79]: Time 0.425590 seconds, bootstrap likelihood -2700.347945, best rearrangement setting 9
Bootstrap[80]: Time 0.435283 seconds, bootstrap likelihood -2758.714076, best rearrangement setting 15
Bootstrap[81]: Time 0.401941 seconds, bootstrap likelihood -2789.360556, best rearrangement setting 7
Bootstrap[82]: Time 0.371947 seconds, bootstrap likelihood -2468.848034, best rearrangement setting 6
Bootstrap[83]: Time 0.420552 seconds, bootstrap likelihood -2670.710574, best rearrangement setting 10
Bootstrap[84]: Time 0.371720 seconds, bootstrap likelihood -2519.130785, best rearrangement setting 11
Bootstrap[85]: Time 0.318280 seconds, bootstrap likelihood -2539.606999, best rearrangement setting 8
Bootstrap[86]: Time 0.160359 seconds, bootstrap likelihood -2669.109271, best rearrangement setting 7
Bootstrap[87]: Time 0.406076 seconds, bootstrap likelihood -2756.604142, best rearrangement setting 7
Bootstrap[88]: Time 0.351921 seconds, bootstrap likelihood -2592.378060, best rearrangement setting 12
Bootstrap[89]: Time 0.445715 seconds, bootstrap likelihood -2741.613388, best rearrangement setting 10
Bootstrap[90]: Time 0.437896 seconds, bootstrap likelihood -2659.036147, best rearrangement setting 8
Bootstrap[91]: Time 0.430701 seconds, bootstrap likelihood -2579.060949, best rearrangement setting 12
Bootstrap[92]: Time 0.399787 seconds, bootstrap likelihood -2745.400465, best rearrangement setting 13
Bootstrap[93]: Time 0.388429 seconds, bootstrap likelihood -2827.903674, best rearrangement setting 15
Bootstrap[94]: Time 0.404395 seconds, bootstrap likelihood -2860.476685, best rearrangement setting 5
Bootstrap[95]: Time 0.431097 seconds, bootstrap likelihood -2712.625974, best rearrangement setting 5
Bootstrap[96]: Time 0.359878 seconds, bootstrap likelihood -2576.618805, best rearrangement setting 13
Bootstrap[97]: Time 0.418316 seconds, bootstrap likelihood -2596.627851, best rearrangement setting 11
Bootstrap[98]: Time 0.404569 seconds, bootstrap likelihood -2672.124702, best rearrangement setting 6
Bootstrap[99]: Time 0.349538 seconds, bootstrap likelihood -2575.659554, best rearrangement setting 14


Overall Time for 100 Rapid Bootstraps 39.338468 seconds
Average Time per Rapid Bootstrap 0.393385 seconds

Starting ML Search ...

Fast ML optimization finished

Fast ML search Time: 41.561643 seconds

Slow ML Search 0 Likelihood: -2680.690857
Slow ML Search 1 Likelihood: -2680.690857
Slow ML Search 2 Likelihood: -2680.690857
Slow ML Search 3 Likelihood: -2680.690857
Slow ML Search 4 Likelihood: -2680.690857
Slow ML Search 5 Likelihood: -2680.690857
Slow ML Search 6 Likelihood: -2680.690857
Slow ML Search 7 Likelihood: -2680.690857
Slow ML Search 8 Likelihood: -2680.690857
Slow ML Search 9 Likelihood: -2680.690857
Slow ML optimization finished

Slow ML search Time: 7.128503 seconds
Thorough ML search Time: 0.531834 seconds

Final ML Optimization Likelihood: -2680.690865

Model Information:

Model Parameters of Partition 0, Name: No Name Provided, Type of Data: AA
alpha: 1.357355
Tree-Length: 5.877781
rate A <-> R: 0.399182
rate A <-> N: 0.259945
rate A <-> D: 0.371058
rate A <-> C: 2.337364
rate A <-> Q: 0.910775
rate A <-> E: 0.975241
rate A <-> G: 1.940106
rate A <-> H: 0.336984
rate A <-> I: 0.140697
rate A <-> L: 0.371240
rate A <-> K: 0.503815
rate A <-> M: 1.055520
rate A <-> F: 0.238237
rate A <-> P: 1.105868
rate A <-> S: 4.439041
rate A <-> T: 2.009090
rate A <-> W: 0.169702
rate A <-> Y: 0.205613
rate A <-> V: 2.392567
rate R <-> N: 0.706048
rate R <-> D: 0.116398
rate R <-> C: 0.501968
rate R <-> Q: 2.636754
rate R <-> E: 0.341785
rate R <-> G: 0.366408
rate R <-> H: 2.278690
rate R <-> I: 0.119250
rate R <-> L: 0.283449
rate R <-> K: 5.940467
rate R <-> M: 0.454623
rate R <-> F: 0.049508
rate R <-> P: 0.312264
rate R <-> S: 0.805843
rate R <-> T: 0.543695
rate R <-> W: 0.557424
rate R <-> Y: 0.295274
rate R <-> V: 0.160471
rate N <-> D: 4.766737
rate N <-> C: 0.496537
rate N <-> Q: 1.592389
rate N <-> E: 0.508692
rate N <-> G: 1.350015
rate N <-> H: 4.234381
rate N <-> I: 0.179830
rate N <-> L: 0.064256
rate N <-> K: 2.014327
rate N <-> M: 0.348390
rate N <-> F: 0.084068
rate N <-> P: 0.151925
rate N <-> S: 3.764032
rate N <-> T: 1.878729
rate N <-> W: 0.042610
rate N <-> Y: 0.574720
rate N <-> V: 0.078587
rate D <-> C: 0.058743
rate D <-> Q: 0.491483
rate D <-> E: 4.924234
rate D <-> G: 0.793424
rate D <-> H: 0.870603
rate D <-> I: 0.010038
rate D <-> L: 0.014157
rate D <-> K: 0.265711
rate D <-> M: 0.023991
rate D <-> F: 0.016354
rate D <-> P: 0.370412
rate D <-> S: 1.164675
rate D <-> T: 0.399902
rate D <-> W: 0.028068
rate D <-> Y: 0.126872
rate D <-> V: 0.035653
rate C <-> Q: 0.079639
rate C <-> E: 0.003286
rate C <-> G: 0.534566
rate C <-> H: 0.601499
rate C <-> I: 0.301083
rate C <-> L: 0.557800
rate C <-> K: 0.012457
rate C <-> M: 0.839207
rate C <-> F: 1.037881
rate C <-> P: 0.070787
rate C <-> S: 2.614753
rate C <-> T: 1.073780
rate C <-> W: 0.629281
rate C <-> Y: 1.094488
rate C <-> V: 1.839864
rate Q <-> E: 3.876936
rate Q <-> G: 0.251626
rate Q <-> H: 4.520102
rate Q <-> I: 0.068413
rate Q <-> L: 0.546954
rate Q <-> K: 3.037150
rate Q <-> M: 1.570619
rate Q <-> F: 0.033669
rate Q <-> P: 0.586241
rate Q <-> S: 1.149231
rate Q <-> T: 1.014297
rate Q <-> W: 0.221802
rate Q <-> Y: 0.241650
rate Q <-> V: 0.197511
rate E <-> G: 0.327583
rate E <-> H: 0.398044
rate E <-> I: 0.041567
rate E <-> L: 0.065426
rate E <-> K: 1.697022
rate E <-> M: 0.163145
rate E <-> F: 0.017664
rate E <-> P: 0.393844
rate E <-> S: 0.574671
rate E <-> T: 0.567695
rate E <-> W: 0.073107
rate E <-> Y: 0.112720
rate E <-> V: 0.230098
rate G <-> H: 0.292498
rate G <-> I: 0.008174
rate G <-> L: 0.041563
rate G <-> K: 0.278555
rate G <-> M: 0.131033
rate G <-> F: 0.084125
rate G <-> P: 0.184955
rate G <-> S: 1.633930
rate G <-> T: 0.121922
rate G <-> W: 0.252125
rate G <-> Y: 0.051346
rate G <-> V: 0.072026
rate H <-> I: 0.102245
rate H <-> L: 0.343988
rate H <-> K: 0.654763
rate H <-> M: 0.415502
rate H <-> F: 0.640560
rate H <-> P: 0.477834
rate H <-> S: 0.929667
rate H <-> T: 0.548649
rate H <-> W: 0.560661
rate H <-> Y: 4.983361
rate H <-> V: 0.111759
rate I <-> L: 3.892408
rate I <-> K: 0.149373
rate I <-> M: 4.013113
rate I <-> F: 1.044902
rate I <-> P: 0.073509
rate I <-> S: 0.060198
rate I <-> T: 0.970728
rate I <-> W: 0.104854
rate I <-> Y: 0.218350
rate I <-> V: 10.000000
rate L <-> K: 0.129119
rate L <-> M: 5.927594
rate L <-> F: 2.434657
rate L <-> P: 0.233879
rate L <-> S: 0.171176
rate L <-> T: 0.284471
rate L <-> W: 0.581863
rate L <-> Y: 0.281383
rate L <-> V: 1.598956
rate K <-> M: 0.616581
rate K <-> F: 0.022460
rate K <-> P: 0.366530
rate K <-> S: 0.703048
rate K <-> T: 1.067567
rate K <-> W: 0.046864
rate K <-> Y: 0.123890
rate K <-> V: 0.173913
rate M <-> F: 1.689205
rate M <-> P: 0.093763
rate M <-> S: 0.325811
rate M <-> T: 1.897216
rate M <-> W: 0.653740
rate M <-> Y: 0.451968
rate M <-> V: 1.782983
rate F <-> P: 0.088706
rate F <-> S: 0.339765
rate F <-> T: 0.154944
rate F <-> W: 2.307349
rate F <-> Y: 7.328222
rate F <-> V: 0.614777
rate P <-> S: 1.256567
rate P <-> T: 0.536635
rate P <-> W: 0.089332
rate P <-> Y: 0.084151
rate P <-> V: 0.278428
rate S <-> T: 6.077767
rate S <-> W: 0.233693
rate S <-> Y: 0.376132
rate S <-> V: 0.092373
rate T <-> W: 0.132241
rate T <-> Y: 0.230856
rate T <-> V: 2.054781
rate W <-> Y: 2.959699
rate W <-> V: 0.177959
rate Y <-> V: 0.234116

freq pi(A): 0.042294
freq pi(R): 0.078795
freq pi(N): 0.022596
freq pi(D): 0.082851
freq pi(C): 0.006952
freq pi(Q): 0.035342
freq pi(E): 0.159328
freq pi(G): 0.047509
freq pi(H): 0.022596
freq pi(I): 0.043453
freq pi(L): 0.077057
freq pi(K): 0.088644
freq pi(M): 0.016222
freq pi(F): 0.052144
freq pi(P): 0.046929
freq pi(S): 0.056199
freq pi(T): 0.020278
freq pi(W): 0.020278
freq pi(Y): 0.035342
freq pi(V): 0.045191


ML search took 49.241466 secs or 0.013678 hours

Combined Bootstrap and ML search took 88.580134 secs or 0.024606 hours

Drawing Bootstrap Support Values on best-scoring ML tree ...



Found 1 tree in File /in/RAxML_bestTree.EOG091G0VQK.clustalo.aln.ALICUT.LGF



Found 1 tree in File /in/RAxML_bestTree.EOG091G0VQK.clustalo.aln.ALICUT.LGF

Program execution info written to /in/RAxML_info.EOG091G0VQK.clustalo.aln.ALICUT.LGF
All 100 bootstrapped trees written to: /in/RAxML_bootstrap.EOG091G0VQK.clustalo.aln.ALICUT.LGF

Best-scoring ML tree written to: /in/RAxML_bestTree.EOG091G0VQK.clustalo.aln.ALICUT.LGF

Best-scoring ML tree with support values written to: /in/RAxML_bipartitions.EOG091G0VQK.clustalo.aln.ALICUT.LGF

Best-scoring ML tree with support values as branch labels written to: /in/RAxML_bipartitionsBranchLabels.EOG091G0VQK.clustalo.aln.ALICUT.LGF

Overall execution time for full ML analysis: 88.582221 secs or 0.024606 hours or 0.001025 days

