
RAxML can't, parse the alignment file as phylip file 
it will now try to parse it as FASTA file


This is the RAxML Master Pthread

This is RAxML Worker Pthread Number: 1

This is RAxML Worker Pthread Number: 3

This is RAxML Worker Pthread Number: 2

This is RAxML Worker Pthread Number: 4

This is RAxML Worker Pthread Number: 5


This is RAxML version 8.2.12 released by Alexandros Stamatakis on May 2018.

With greatly appreciated code contributions by:
Andre Aberer      (HITS)
Simon Berger      (HITS)
Alexey Kozlov     (HITS)
Kassian Kobert    (HITS)
David Dao         (KIT and HITS)
Sarah Lutteropp   (KIT and HITS)
Nick Pattengale   (Sandia)
Wayne Pfeiffer    (SDSC)
Akifumi S. Tanabe (NRIFS)
Charlie Taylor    (UF)


Alignment has 187 distinct alignment patterns

Proportion of gaps and completely undetermined characters in this alignment: 5.63%

RAxML rapid bootstrapping and subsequent ML search

Using 1 distinct models/data partitions with joint branch length optimization



Executing 100 rapid bootstrap inferences and thereafter a thorough ML search 

All free model parameters will be estimated by RAxML
GAMMA model of rate heterogeneity, ML estimate of alpha-parameter

GAMMA Model parameters will be estimated up to an accuracy of 0.1000000000 Log Likelihood units

Partition: 0
Alignment Patterns: 187
Name: No Name Provided
DataType: AA
Substitution Matrix: RTREV
Using empirical base frequencies




RAxML was called as follows:

raxml -f a -T 6 -m PROTGAMMARTREVF -p 12345 -x 12345 -# 100 -s ALICUT_EOG091G0MBG.clustalo.aln.fasta -n EOG091G0MBG.clustalo.aln.ALICUT.RTREVF 



Time for BS model parameter optimization 0.051420
Bootstrap[0]: Time 0.437026 seconds, bootstrap likelihood -3481.885427, best rearrangement setting 13
Bootstrap[1]: Time 0.151288 seconds, bootstrap likelihood -3322.555129, best rearrangement setting 13
Bootstrap[2]: Time 0.415228 seconds, bootstrap likelihood -3540.562960, best rearrangement setting 12
Bootstrap[3]: Time 0.330671 seconds, bootstrap likelihood -3612.110464, best rearrangement setting 15
Bootstrap[4]: Time 0.394458 seconds, bootstrap likelihood -3627.474337, best rearrangement setting 10
Bootstrap[5]: Time 0.378608 seconds, bootstrap likelihood -3701.861661, best rearrangement setting 10
Bootstrap[6]: Time 0.361419 seconds, bootstrap likelihood -3642.588414, best rearrangement setting 6
Bootstrap[7]: Time 0.453806 seconds, bootstrap likelihood -3553.754698, best rearrangement setting 14
Bootstrap[8]: Time 0.362983 seconds, bootstrap likelihood -3585.510163, best rearrangement setting 5
Bootstrap[9]: Time 0.418415 seconds, bootstrap likelihood -3634.894160, best rearrangement setting 7
Bootstrap[10]: Time 0.385938 seconds, bootstrap likelihood -3656.543893, best rearrangement setting 7
Bootstrap[11]: Time 0.335911 seconds, bootstrap likelihood -3465.807599, best rearrangement setting 5
Bootstrap[12]: Time 0.393307 seconds, bootstrap likelihood -3439.880810, best rearrangement setting 8
Bootstrap[13]: Time 0.316559 seconds, bootstrap likelihood -3591.419493, best rearrangement setting 7
Bootstrap[14]: Time 0.371575 seconds, bootstrap likelihood -3404.361716, best rearrangement setting 12
Bootstrap[15]: Time 0.369685 seconds, bootstrap likelihood -3476.676501, best rearrangement setting 15
Bootstrap[16]: Time 0.158044 seconds, bootstrap likelihood -3647.038455, best rearrangement setting 12
Bootstrap[17]: Time 0.334597 seconds, bootstrap likelihood -3527.249936, best rearrangement setting 12
Bootstrap[18]: Time 0.166774 seconds, bootstrap likelihood -3435.843928, best rearrangement setting 5
Bootstrap[19]: Time 0.412901 seconds, bootstrap likelihood -3258.287482, best rearrangement setting 8
Bootstrap[20]: Time 0.464759 seconds, bootstrap likelihood -3736.907230, best rearrangement setting 10
Bootstrap[21]: Time 0.369056 seconds, bootstrap likelihood -3454.943518, best rearrangement setting 6
Bootstrap[22]: Time 0.387245 seconds, bootstrap likelihood -3525.420856, best rearrangement setting 5
Bootstrap[23]: Time 0.361070 seconds, bootstrap likelihood -3625.951235, best rearrangement setting 7
Bootstrap[24]: Time 0.393562 seconds, bootstrap likelihood -3648.513504, best rearrangement setting 8
Bootstrap[25]: Time 0.323326 seconds, bootstrap likelihood -3569.707968, best rearrangement setting 6
Bootstrap[26]: Time 0.377072 seconds, bootstrap likelihood -3594.410365, best rearrangement setting 12
Bootstrap[27]: Time 0.165514 seconds, bootstrap likelihood -3611.504910, best rearrangement setting 10
Bootstrap[28]: Time 0.395517 seconds, bootstrap likelihood -3642.575584, best rearrangement setting 11
Bootstrap[29]: Time 0.401946 seconds, bootstrap likelihood -3565.086355, best rearrangement setting 12
Bootstrap[30]: Time 0.348846 seconds, bootstrap likelihood -3763.706455, best rearrangement setting 15
Bootstrap[31]: Time 0.373317 seconds, bootstrap likelihood -3605.291417, best rearrangement setting 15
Bootstrap[32]: Time 0.331902 seconds, bootstrap likelihood -3382.886855, best rearrangement setting 6
Bootstrap[33]: Time 0.369479 seconds, bootstrap likelihood -3414.431756, best rearrangement setting 15
Bootstrap[34]: Time 0.368919 seconds, bootstrap likelihood -3487.613911, best rearrangement setting 11
Bootstrap[35]: Time 0.413040 seconds, bootstrap likelihood -3451.967298, best rearrangement setting 8
Bootstrap[36]: Time 0.384692 seconds, bootstrap likelihood -3432.711935, best rearrangement setting 9
Bootstrap[37]: Time 0.390936 seconds, bootstrap likelihood -3608.363134, best rearrangement setting 11
Bootstrap[38]: Time 0.368339 seconds, bootstrap likelihood -3548.473309, best rearrangement setting 8
Bootstrap[39]: Time 0.400936 seconds, bootstrap likelihood -3771.634602, best rearrangement setting 13
Bootstrap[40]: Time 0.397943 seconds, bootstrap likelihood -3600.631113, best rearrangement setting 13
Bootstrap[41]: Time 0.425583 seconds, bootstrap likelihood -3440.910427, best rearrangement setting 10
Bootstrap[42]: Time 0.331413 seconds, bootstrap likelihood -3597.725182, best rearrangement setting 5
Bootstrap[43]: Time 0.383196 seconds, bootstrap likelihood -3662.245398, best rearrangement setting 14
Bootstrap[44]: Time 0.369283 seconds, bootstrap likelihood -3290.021118, best rearrangement setting 10
Bootstrap[45]: Time 0.374853 seconds, bootstrap likelihood -3492.196641, best rearrangement setting 15
Bootstrap[46]: Time 0.362967 seconds, bootstrap likelihood -3453.299839, best rearrangement setting 14
Bootstrap[47]: Time 0.442607 seconds, bootstrap likelihood -3430.105970, best rearrangement setting 8
Bootstrap[48]: Time 0.365056 seconds, bootstrap likelihood -3522.617771, best rearrangement setting 6
Bootstrap[49]: Time 0.322673 seconds, bootstrap likelihood -3468.796357, best rearrangement setting 7
Bootstrap[50]: Time 0.375220 seconds, bootstrap likelihood -3537.963574, best rearrangement setting 7
Bootstrap[51]: Time 0.371405 seconds, bootstrap likelihood -3848.160188, best rearrangement setting 11
Bootstrap[52]: Time 0.208091 seconds, bootstrap likelihood -3622.252469, best rearrangement setting 12
Bootstrap[53]: Time 0.352953 seconds, bootstrap likelihood -3519.056200, best rearrangement setting 8
Bootstrap[54]: Time 0.344681 seconds, bootstrap likelihood -3506.063087, best rearrangement setting 9
Bootstrap[55]: Time 0.384527 seconds, bootstrap likelihood -3466.957383, best rearrangement setting 11
Bootstrap[56]: Time 0.344516 seconds, bootstrap likelihood -3450.710651, best rearrangement setting 5
Bootstrap[57]: Time 0.339756 seconds, bootstrap likelihood -3382.712416, best rearrangement setting 7
Bootstrap[58]: Time 0.381653 seconds, bootstrap likelihood -3548.092454, best rearrangement setting 10
Bootstrap[59]: Time 0.318123 seconds, bootstrap likelihood -3385.988586, best rearrangement setting 9
Bootstrap[60]: Time 0.367655 seconds, bootstrap likelihood -3501.251573, best rearrangement setting 7
Bootstrap[61]: Time 0.347016 seconds, bootstrap likelihood -3409.885654, best rearrangement setting 5
Bootstrap[62]: Time 0.315320 seconds, bootstrap likelihood -3495.637950, best rearrangement setting 11
Bootstrap[63]: Time 0.392190 seconds, bootstrap likelihood -3169.870504, best rearrangement setting 12
Bootstrap[64]: Time 0.408848 seconds, bootstrap likelihood -3445.074261, best rearrangement setting 7
Bootstrap[65]: Time 0.418577 seconds, bootstrap likelihood -3470.095018, best rearrangement setting 5
Bootstrap[66]: Time 0.409513 seconds, bootstrap likelihood -3579.898356, best rearrangement setting 5
Bootstrap[67]: Time 0.332461 seconds, bootstrap likelihood -3514.296413, best rearrangement setting 15
Bootstrap[68]: Time 0.433892 seconds, bootstrap likelihood -3385.622884, best rearrangement setting 11
Bootstrap[69]: Time 0.355116 seconds, bootstrap likelihood -3540.418088, best rearrangement setting 5
Bootstrap[70]: Time 0.424909 seconds, bootstrap likelihood -3719.138833, best rearrangement setting 8
Bootstrap[71]: Time 0.396288 seconds, bootstrap likelihood -3424.903154, best rearrangement setting 10
Bootstrap[72]: Time 0.378708 seconds, bootstrap likelihood -3657.500129, best rearrangement setting 11
Bootstrap[73]: Time 0.489146 seconds, bootstrap likelihood -3422.702835, best rearrangement setting 9
Bootstrap[74]: Time 0.342671 seconds, bootstrap likelihood -3684.525495, best rearrangement setting 5
Bootstrap[75]: Time 0.436493 seconds, bootstrap likelihood -3434.451199, best rearrangement setting 8
Bootstrap[76]: Time 0.369618 seconds, bootstrap likelihood -3522.003503, best rearrangement setting 9
Bootstrap[77]: Time 0.476543 seconds, bootstrap likelihood -3300.860231, best rearrangement setting 11
Bootstrap[78]: Time 0.251854 seconds, bootstrap likelihood -3481.656804, best rearrangement setting 15
Bootstrap[79]: Time 0.395895 seconds, bootstrap likelihood -3552.645587, best rearrangement setting 9
Bootstrap[80]: Time 0.364315 seconds, bootstrap likelihood -3519.471302, best rearrangement setting 15
Bootstrap[81]: Time 0.356464 seconds, bootstrap likelihood -3600.590686, best rearrangement setting 7
Bootstrap[82]: Time 0.374625 seconds, bootstrap likelihood -3570.683160, best rearrangement setting 6
Bootstrap[83]: Time 0.355897 seconds, bootstrap likelihood -3522.861904, best rearrangement setting 10
Bootstrap[84]: Time 0.456438 seconds, bootstrap likelihood -3556.497190, best rearrangement setting 11
Bootstrap[85]: Time 0.359694 seconds, bootstrap likelihood -3522.934707, best rearrangement setting 8
Bootstrap[86]: Time 0.359063 seconds, bootstrap likelihood -3516.343457, best rearrangement setting 7
Bootstrap[87]: Time 0.368175 seconds, bootstrap likelihood -3425.271806, best rearrangement setting 7
Bootstrap[88]: Time 0.398871 seconds, bootstrap likelihood -3404.758834, best rearrangement setting 12
Bootstrap[89]: Time 0.342366 seconds, bootstrap likelihood -3513.951208, best rearrangement setting 10
Bootstrap[90]: Time 0.432669 seconds, bootstrap likelihood -3642.332008, best rearrangement setting 8
Bootstrap[91]: Time 0.381025 seconds, bootstrap likelihood -3472.682647, best rearrangement setting 12
Bootstrap[92]: Time 0.374934 seconds, bootstrap likelihood -3306.637217, best rearrangement setting 13
Bootstrap[93]: Time 0.355450 seconds, bootstrap likelihood -3483.188164, best rearrangement setting 15
Bootstrap[94]: Time 0.362719 seconds, bootstrap likelihood -3444.838435, best rearrangement setting 5
Bootstrap[95]: Time 0.387472 seconds, bootstrap likelihood -3632.484531, best rearrangement setting 5
Bootstrap[96]: Time 0.172097 seconds, bootstrap likelihood -3569.086865, best rearrangement setting 13
Bootstrap[97]: Time 0.354802 seconds, bootstrap likelihood -3613.802131, best rearrangement setting 11
Bootstrap[98]: Time 0.377629 seconds, bootstrap likelihood -3390.564783, best rearrangement setting 6
Bootstrap[99]: Time 0.376496 seconds, bootstrap likelihood -3513.337890, best rearrangement setting 14


Overall Time for 100 Rapid Bootstraps 36.619229 seconds
Average Time per Rapid Bootstrap 0.366192 seconds

Starting ML Search ...

Fast ML optimization finished

Fast ML search Time: 21.287781 seconds

Slow ML Search 0 Likelihood: -3538.992892
Slow ML Search 1 Likelihood: -3538.992892
Slow ML Search 2 Likelihood: -3538.992892
Slow ML Search 3 Likelihood: -3538.992892
Slow ML Search 4 Likelihood: -3538.992892
Slow ML Search 5 Likelihood: -3538.992892
Slow ML Search 6 Likelihood: -3538.992892
Slow ML Search 7 Likelihood: -3538.992892
Slow ML Search 8 Likelihood: -3538.992892
Slow ML Search 9 Likelihood: -3538.992892
Slow ML optimization finished

Slow ML search Time: 7.630127 seconds
Thorough ML search Time: 0.550056 seconds

Final ML Optimization Likelihood: -3538.992892

Model Information:

Model Parameters of Partition 0, Name: No Name Provided, Type of Data: AA
alpha: 2.184904
Tree-Length: 6.222542
rate A <-> R: 0.324427
rate A <-> N: 0.486641
rate A <-> D: 0.095420
rate A <-> C: 4.188931
rate A <-> Q: 0.305344
rate A <-> E: 0.772901
rate A <-> G: 1.288168
rate A <-> H: 0.286260
rate A <-> I: 0.009542
rate A <-> L: 0.429389
rate A <-> K: 0.362595
rate A <-> M: 2.242366
rate A <-> F: 0.009542
rate A <-> P: 0.925573
rate A <-> S: 4.389313
rate A <-> T: 2.461832
rate A <-> W: 0.047710
rate A <-> Y: 0.524809
rate A <-> V: 1.879771
rate R <-> N: 0.333969
rate R <-> D: 0.286260
rate R <-> C: 0.877863
rate R <-> Q: 2.108779
rate R <-> E: 0.095420
rate R <-> G: 0.391221
rate R <-> H: 0.858779
rate R <-> I: 0.229008
rate R <-> L: 0.171756
rate R <-> K: 5.658397
rate R <-> M: 0.543893
rate R <-> F: 0.066794
rate R <-> P: 0.229008
rate R <-> S: 0.973282
rate R <-> T: 0.610687
rate R <-> W: 0.124046
rate R <-> Y: 0.448473
rate R <-> V: 0.276718
rate N <-> D: 3.664122
rate N <-> C: 1.221374
rate N <-> Q: 2.251908
rate N <-> E: 0.753817
rate N <-> G: 0.896947
rate N <-> H: 3.053435
rate N <-> I: 0.333969
rate N <-> L: 0.143130
rate N <-> K: 1.173664
rate N <-> M: 0.009542
rate N <-> F: 0.467557
rate N <-> P: 0.314885
rate N <-> S: 2.805344
rate N <-> T: 1.412214
rate N <-> W: 0.152672
rate N <-> Y: 0.267176
rate N <-> V: 0.200382
rate D <-> C: 0.009542
rate D <-> Q: 0.744275
rate D <-> E: 5.171756
rate D <-> G: 0.582061
rate D <-> H: 0.868321
rate D <-> I: 0.009542
rate D <-> L: 0.047710
rate D <-> K: 0.190840
rate D <-> M: 0.009542
rate D <-> F: 0.009542
rate D <-> P: 0.524809
rate D <-> S: 1.297710
rate D <-> T: 0.524809
rate D <-> W: 0.009542
rate D <-> Y: 0.009542
rate D <-> V: 0.057252
rate C <-> Q: 0.667939
rate C <-> E: 0.009542
rate C <-> G: 0.458015
rate C <-> H: 1.183206
rate C <-> I: 0.992366
rate C <-> L: 1.049618
rate C <-> K: 0.152672
rate C <-> M: 1.488550
rate C <-> F: 0.667939
rate C <-> P: 0.009542
rate C <-> S: 0.715649
rate C <-> T: 1.116412
rate C <-> W: 0.524809
rate C <-> Y: 1.250000
rate C <-> V: 2.814885
rate Q <-> E: 3.549618
rate Q <-> G: 0.171756
rate Q <-> H: 3.692748
rate Q <-> I: 0.314885
rate Q <-> L: 0.515267
rate Q <-> K: 2.948473
rate Q <-> M: 1.507634
rate Q <-> F: 0.009542
rate Q <-> P: 0.648855
rate Q <-> S: 2.146947
rate Q <-> T: 1.393130
rate Q <-> W: 0.095420
rate Q <-> Y: 0.429389
rate Q <-> V: 0.343511
rate E <-> G: 0.667939
rate E <-> H: 0.324427
rate E <-> I: 0.009542
rate E <-> L: 0.200382
rate E <-> K: 1.345420
rate E <-> M: 0.009542
rate E <-> F: 0.009542
rate E <-> P: 0.496183
rate E <-> S: 0.906489
rate E <-> T: 0.782443
rate E <-> W: 0.162214
rate E <-> Y: 0.009542
rate E <-> V: 0.333969
rate G <-> H: 0.648855
rate G <-> I: 0.009542
rate G <-> L: 0.028626
rate G <-> K: 0.286260
rate G <-> M: 0.353053
rate G <-> F: 0.066794
rate G <-> P: 0.162214
rate G <-> S: 1.450382
rate G <-> T: 0.066794
rate G <-> W: 0.219466
rate G <-> Y: 0.200382
rate G <-> V: 0.028626
rate H <-> I: 0.324427
rate H <-> L: 0.486641
rate H <-> K: 0.725191
rate H <-> M: 1.106870
rate H <-> F: 1.345420
rate H <-> P: 0.419847
rate H <-> S: 1.746183
rate H <-> T: 0.467557
rate H <-> W: 0.458015
rate H <-> Y: 2.929389
rate H <-> V: 0.009542
rate I <-> L: 3.673664
rate I <-> K: 0.324427
rate I <-> M: 3.578244
rate I <-> F: 0.610687
rate I <-> P: 0.095420
rate I <-> S: 0.038168
rate I <-> T: 0.687023
rate I <-> W: 0.372137
rate I <-> Y: 0.248092
rate I <-> V: 10.000000
rate L <-> K: 0.219466
rate L <-> M: 5.543893
rate L <-> F: 1.708015
rate L <-> P: 0.209924
rate L <-> S: 0.229008
rate L <-> T: 0.238550
rate L <-> W: 0.448473
rate L <-> Y: 0.610687
rate L <-> V: 1.068702
rate K <-> M: 1.278626
rate K <-> F: 0.133588
rate K <-> P: 0.410305
rate K <-> S: 0.734733
rate K <-> T: 1.049618
rate K <-> W: 0.057252
rate K <-> Y: 0.009542
rate K <-> V: 0.181298
rate M <-> F: 2.356870
rate M <-> P: 0.009542
rate M <-> S: 0.009542
rate M <-> T: 1.250000
rate M <-> W: 1.059160
rate M <-> Y: 0.706107
rate M <-> V: 2.251908
rate F <-> P: 0.104962
rate F <-> S: 0.190840
rate F <-> T: 0.658397
rate F <-> W: 1.736641
rate F <-> Y: 9.704198
rate F <-> V: 0.877863
rate P <-> S: 1.278626
rate P <-> T: 0.591603
rate P <-> W: 0.085878
rate P <-> Y: 0.133588
rate P <-> V: 0.238550
rate S <-> T: 6.402672
rate S <-> W: 0.133588
rate S <-> Y: 0.295802
rate S <-> V: 0.372137
rate T <-> W: 0.009542
rate T <-> Y: 0.324427
rate T <-> V: 1.870229
rate W <-> Y: 1.679389
rate W <-> V: 0.248092
rate Y <-> V: 0.562977

freq pi(A): 0.085016
freq pi(R): 0.053077
freq pi(N): 0.045092
freq pi(D): 0.047440
freq pi(C): 0.015031
freq pi(Q): 0.031940
freq pi(E): 0.073744
freq pi(G): 0.065289
freq pi(H): 0.021137
freq pi(I): 0.062940
freq pi(L): 0.133866
freq pi(K): 0.038985
freq pi(M): 0.014091
freq pi(F): 0.051667
freq pi(P): 0.054486
freq pi(S): 0.065289
freq pi(T): 0.045092
freq pi(W): 0.010803
freq pi(Y): 0.031000
freq pi(V): 0.054016


ML search took 29.491614 secs or 0.008192 hours

Combined Bootstrap and ML search took 66.111296 secs or 0.018364 hours

Drawing Bootstrap Support Values on best-scoring ML tree ...



Found 1 tree in File /in/RAxML_bestTree.EOG091G0MBG.clustalo.aln.ALICUT.RTREVF



Found 1 tree in File /in/RAxML_bestTree.EOG091G0MBG.clustalo.aln.ALICUT.RTREVF

Program execution info written to /in/RAxML_info.EOG091G0MBG.clustalo.aln.ALICUT.RTREVF
All 100 bootstrapped trees written to: /in/RAxML_bootstrap.EOG091G0MBG.clustalo.aln.ALICUT.RTREVF

Best-scoring ML tree written to: /in/RAxML_bestTree.EOG091G0MBG.clustalo.aln.ALICUT.RTREVF

Best-scoring ML tree with support values written to: /in/RAxML_bipartitions.EOG091G0MBG.clustalo.aln.ALICUT.RTREVF

Best-scoring ML tree with support values as branch labels written to: /in/RAxML_bipartitionsBranchLabels.EOG091G0MBG.clustalo.aln.ALICUT.RTREVF

Overall execution time for full ML analysis: 66.113669 secs or 0.018365 hours or 0.000765 days

