
	reading taxa from FASTA ...


	T.solium             -> sites: 159   
	C.sinensis           -> sites: 159   
	E.granulosus         -> sites: 159   
	H.microstoma         -> sites: 159   
	S.mediterranea       -> sites: 159   
	C.intestinalis       -> sites: 159   
	R.norvegicus         -> sites: 159   
	D.rerio              -> sites: 159   
	D.melanogaster       -> sites: 159   
	H.robusta            -> sites: 159   
	S.mansoni            -> sites: 159   


	data type             : amino acid sequences

	input ...

	infile		: EOG091G11O6.clustalo.aln.fasta
	random pairs	: 200000000000000000
	window size	: 6
	indels		: ambiguous
	tree file	: -
	node level	: -
	strict profile	: -
	outgroup	: -
	matrix          : BLOSUM62

	number of taxa        : 11
	random number of pairs: 200000000000000000

	generates threshhold value for amino acid data
	using BLOSUM62

	checks for (potential) identical taxa


	scores site patterns ...


	max number of different pairs is 55
	max random pairs are scored!

	pair: 1      ->	taxon1: T.solium  	taxon2: C.sinensis
	            	positions below base line: 49
	pair: 2      ->	taxon1: T.solium  	taxon2: E.granulos
	            	positions below base line: 34
	pair: 3      ->	taxon1: T.solium  	taxon2: H.microsto
	            	positions below base line: 42
	pair: 4      ->	taxon1: T.solium  	taxon2: S.mediterr
	            	positions below base line: 56
	pair: 5      ->	taxon1: T.solium  	taxon2: C.intestin
	            	positions below base line: 57
	pair: 6      ->	taxon1: T.solium  	taxon2: R.norvegic
	            	positions below base line: 62
	pair: 7      ->	taxon1: T.solium  	taxon2: D.rerio   
	            	positions below base line: 63
	pair: 8      ->	taxon1: T.solium  	taxon2: D.melanoga
	            	positions below base line: 50
	pair: 9      ->	taxon1: T.solium  	taxon2: H.robusta 
	            	positions below base line: 64
	pair: 10     ->	taxon1: T.solium  	taxon2: S.mansoni 
	            	positions below base line: 57
	pair: 11     ->	taxon1: C.sinensis	taxon2: E.granulos
	            	positions below base line: 51
	pair: 12     ->	taxon1: C.sinensis	taxon2: H.microsto
	            	positions below base line: 46
	pair: 13     ->	taxon1: C.sinensis	taxon2: S.mediterr
	            	positions below base line: 52
	pair: 14     ->	taxon1: C.sinensis	taxon2: C.intestin
	            	positions below base line: 47
	pair: 15     ->	taxon1: C.sinensis	taxon2: R.norvegic
	            	positions below base line: 51
	pair: 16     ->	taxon1: C.sinensis	taxon2: D.rerio   
	            	positions below base line: 52
	pair: 17     ->	taxon1: C.sinensis	taxon2: D.melanoga
	            	positions below base line: 50
	pair: 18     ->	taxon1: C.sinensis	taxon2: H.robusta 
	            	positions below base line: 47
	pair: 19     ->	taxon1: C.sinensis	taxon2: S.mansoni 
	            	positions below base line: 37
	pair: 20     ->	taxon1: E.granulos	taxon2: H.microsto
	            	positions below base line: 45
	pair: 21     ->	taxon1: E.granulos	taxon2: S.mediterr
	            	positions below base line: 59
	pair: 22     ->	taxon1: E.granulos	taxon2: C.intestin
	            	positions below base line: 60
	pair: 23     ->	taxon1: E.granulos	taxon2: R.norvegic
	            	positions below base line: 65
	pair: 24     ->	taxon1: E.granulos	taxon2: D.rerio   
	            	positions below base line: 66
	pair: 25     ->	taxon1: E.granulos	taxon2: D.melanoga
	            	positions below base line: 52
	pair: 26     ->	taxon1: E.granulos	taxon2: H.robusta 
	            	positions below base line: 66
	pair: 27     ->	taxon1: E.granulos	taxon2: S.mansoni 
	            	positions below base line: 58
	pair: 28     ->	taxon1: H.microsto	taxon2: S.mediterr
	            	positions below base line: 54
	pair: 29     ->	taxon1: H.microsto	taxon2: C.intestin
	            	positions below base line: 54
	pair: 30     ->	taxon1: H.microsto	taxon2: R.norvegic
	            	positions below base line: 55
	pair: 31     ->	taxon1: H.microsto	taxon2: D.rerio   
	            	positions below base line: 56
	pair: 32     ->	taxon1: H.microsto	taxon2: D.melanoga
	            	positions below base line: 48
	pair: 33     ->	taxon1: H.microsto	taxon2: H.robusta 
	            	positions below base line: 62
	pair: 34     ->	taxon1: H.microsto	taxon2: S.mansoni 
	            	positions below base line: 52
	pair: 35     ->	taxon1: S.mediterr	taxon2: C.intestin
	            	positions below base line: 61
	pair: 36     ->	taxon1: S.mediterr	taxon2: R.norvegic
	            	positions below base line: 52
	pair: 37     ->	taxon1: S.mediterr	taxon2: D.rerio   
	            	positions below base line: 52
	pair: 38     ->	taxon1: S.mediterr	taxon2: D.melanoga
	            	positions below base line: 56
	pair: 39     ->	taxon1: S.mediterr	taxon2: H.robusta 
	            	positions below base line: 55
	pair: 40     ->	taxon1: S.mediterr	taxon2: S.mansoni 
	            	positions below base line: 51
	pair: 41     ->	taxon1: C.intestin	taxon2: R.norvegic
	            	positions below base line: 36
	pair: 42     ->	taxon1: C.intestin	taxon2: D.rerio   
	            	positions below base line: 36
	pair: 43     ->	taxon1: C.intestin	taxon2: D.melanoga
	            	positions below base line: 44
	pair: 44     ->	taxon1: C.intestin	taxon2: H.robusta 
	            	positions below base line: 50
	pair: 45     ->	taxon1: C.intestin	taxon2: S.mansoni 
	            	positions below base line: 55
	pair: 46     ->	taxon1: R.norvegic	taxon2: D.rerio   
	            	positions below base line: 21
	pair: 47     ->	taxon1: R.norvegic	taxon2: D.melanoga
	            	positions below base line: 42
	pair: 48     ->	taxon1: R.norvegic	taxon2: H.robusta 
	            	positions below base line: 46
	pair: 49     ->	taxon1: R.norvegic	taxon2: S.mansoni 
	            	positions below base line: 58
	pair: 50     ->	taxon1: D.rerio   	taxon2: D.melanoga
	            	positions below base line: 42
	pair: 51     ->	taxon1: D.rerio   	taxon2: H.robusta 
	            	positions below base line: 46
	pair: 52     ->	taxon1: D.rerio   	taxon2: S.mansoni 
	            	positions below base line: 59
	pair: 53     ->	taxon1: D.melanoga	taxon2: H.robusta 
	            	positions below base line: 42
	pair: 54     ->	taxon1: D.melanoga	taxon2: S.mansoni 
	            	positions below base line: 53
	pair: 55     ->	taxon1: H.robusta 	taxon2: S.mansoni 
	            	positions below base line: 45

	generates quality profile from collected scores ...


	scoring done ...


	generates vector plot from collected scores ...


Argument "-" treated as 0 in increment (++) at /usr/bin/Aliscore.pl line 1213.
	Profile written to EOG091G11O6.clustalo.aln.fasta_Profile_random.txt
	List   written to EOG091G11O6.clustalo.aln.fasta_List_random.txt

	time used: 3.75 sec

