
RAxML can't, parse the alignment file as phylip file 
it will now try to parse it as FASTA file


This is the RAxML Master Pthread

This is RAxML Worker Pthread Number: 1


This is RAxML version 8.2.12 released by Alexandros Stamatakis on May 2018.

With greatly appreciated code contributions by:
Andre Aberer      (HITS)
Simon Berger      (HITS)
Alexey Kozlov     (HITS)
Kassian Kobert    (HITS)
David Dao         (KIT and HITS)
Sarah Lutteropp   (KIT and HITS)
Nick Pattengale   (Sandia)
Wayne Pfeiffer    (SDSC)
Akifumi S. Tanabe (NRIFS)
Charlie Taylor    (UF)


Alignment has 239 distinct alignment patterns

Proportion of gaps and completely undetermined characters in this alignment: 8.86%

RAxML rapid bootstrapping and subsequent ML search

Using 1 distinct models/data partitions with joint branch length optimization



Executing 100 rapid bootstrap inferences and thereafter a thorough ML search 

All free model parameters will be estimated by RAxML
GAMMA model of rate heterogeneity, ML estimate of alpha-parameter

GAMMA Model parameters will be estimated up to an accuracy of 0.1000000000 Log Likelihood units

Partition: 0
Alignment Patterns: 239
Name: No Name Provided
DataType: AA
Substitution Matrix: LG
Using empirical base frequencies




RAxML was called as follows:

raxml -f a -T 2 -m PROTGAMMALGF -p 12345 -x 12345 -# 100 -s ALICUT_EOG091G06MR.clustalo.aln.fasta -n EOG091G06MR.clustalo.aln.ALICUT.LGF 



Time for BS model parameter optimization 0.035254
Bootstrap[0]: Time 0.748447 seconds, bootstrap likelihood -4077.450879, best rearrangement setting 13
Bootstrap[1]: Time 0.663619 seconds, bootstrap likelihood -4115.766666, best rearrangement setting 13
Bootstrap[2]: Time 0.693076 seconds, bootstrap likelihood -4076.002112, best rearrangement setting 12
Bootstrap[3]: Time 0.675065 seconds, bootstrap likelihood -4422.353370, best rearrangement setting 15
Bootstrap[4]: Time 0.728707 seconds, bootstrap likelihood -3936.874252, best rearrangement setting 10
Bootstrap[5]: Time 0.632218 seconds, bootstrap likelihood -3858.843518, best rearrangement setting 10
Bootstrap[6]: Time 0.616848 seconds, bootstrap likelihood -3999.286431, best rearrangement setting 6
Bootstrap[7]: Time 0.574465 seconds, bootstrap likelihood -4015.825820, best rearrangement setting 14
Bootstrap[8]: Time 0.574674 seconds, bootstrap likelihood -4327.331132, best rearrangement setting 5
Bootstrap[9]: Time 0.548913 seconds, bootstrap likelihood -3866.377655, best rearrangement setting 7
Bootstrap[10]: Time 0.581419 seconds, bootstrap likelihood -3858.500848, best rearrangement setting 7
Bootstrap[11]: Time 0.560201 seconds, bootstrap likelihood -4016.793470, best rearrangement setting 5
Bootstrap[12]: Time 0.546026 seconds, bootstrap likelihood -3993.486597, best rearrangement setting 8
Bootstrap[13]: Time 0.708087 seconds, bootstrap likelihood -3762.394249, best rearrangement setting 7
Bootstrap[14]: Time 0.660732 seconds, bootstrap likelihood -3973.501439, best rearrangement setting 12
Bootstrap[15]: Time 0.683408 seconds, bootstrap likelihood -4271.218278, best rearrangement setting 15
Bootstrap[16]: Time 0.686446 seconds, bootstrap likelihood -4116.877341, best rearrangement setting 12
Bootstrap[17]: Time 0.591065 seconds, bootstrap likelihood -4003.815121, best rearrangement setting 12
Bootstrap[18]: Time 0.586553 seconds, bootstrap likelihood -4182.649885, best rearrangement setting 5
Bootstrap[19]: Time 0.647904 seconds, bootstrap likelihood -3931.606689, best rearrangement setting 8
Bootstrap[20]: Time 0.556105 seconds, bootstrap likelihood -3885.897222, best rearrangement setting 10
Bootstrap[21]: Time 0.671405 seconds, bootstrap likelihood -3965.728886, best rearrangement setting 6
Bootstrap[22]: Time 0.894370 seconds, bootstrap likelihood -3887.832801, best rearrangement setting 5
Bootstrap[23]: Time 0.578948 seconds, bootstrap likelihood -3629.730928, best rearrangement setting 7
Bootstrap[24]: Time 0.561845 seconds, bootstrap likelihood -4149.068955, best rearrangement setting 8
Bootstrap[25]: Time 0.748078 seconds, bootstrap likelihood -4283.867172, best rearrangement setting 6
Bootstrap[26]: Time 0.582499 seconds, bootstrap likelihood -3704.456952, best rearrangement setting 12
Bootstrap[27]: Time 0.706268 seconds, bootstrap likelihood -3972.939118, best rearrangement setting 10
Bootstrap[28]: Time 0.622898 seconds, bootstrap likelihood -3744.005233, best rearrangement setting 11
Bootstrap[29]: Time 0.601301 seconds, bootstrap likelihood -4152.162228, best rearrangement setting 12
Bootstrap[30]: Time 0.620540 seconds, bootstrap likelihood -4066.585133, best rearrangement setting 15
Bootstrap[31]: Time 0.556564 seconds, bootstrap likelihood -3913.722232, best rearrangement setting 15
Bootstrap[32]: Time 0.248050 seconds, bootstrap likelihood -3966.496698, best rearrangement setting 6
Bootstrap[33]: Time 0.546990 seconds, bootstrap likelihood -3919.137964, best rearrangement setting 15
Bootstrap[34]: Time 0.604558 seconds, bootstrap likelihood -3983.271927, best rearrangement setting 11
Bootstrap[35]: Time 0.616964 seconds, bootstrap likelihood -4005.270519, best rearrangement setting 8
Bootstrap[36]: Time 0.552195 seconds, bootstrap likelihood -3979.712676, best rearrangement setting 9
Bootstrap[37]: Time 0.606207 seconds, bootstrap likelihood -4026.229380, best rearrangement setting 11
Bootstrap[38]: Time 0.604807 seconds, bootstrap likelihood -3960.722992, best rearrangement setting 8
Bootstrap[39]: Time 0.623885 seconds, bootstrap likelihood -3847.605604, best rearrangement setting 13
Bootstrap[40]: Time 0.624432 seconds, bootstrap likelihood -3852.750383, best rearrangement setting 13
Bootstrap[41]: Time 0.614427 seconds, bootstrap likelihood -4202.926136, best rearrangement setting 10
Bootstrap[42]: Time 0.611903 seconds, bootstrap likelihood -3949.213858, best rearrangement setting 5
Bootstrap[43]: Time 0.653411 seconds, bootstrap likelihood -4076.963572, best rearrangement setting 14
Bootstrap[44]: Time 0.681357 seconds, bootstrap likelihood -4232.873262, best rearrangement setting 10
Bootstrap[45]: Time 0.572095 seconds, bootstrap likelihood -3951.317187, best rearrangement setting 15
Bootstrap[46]: Time 0.624382 seconds, bootstrap likelihood -3990.797658, best rearrangement setting 14
Bootstrap[47]: Time 0.615300 seconds, bootstrap likelihood -4224.173261, best rearrangement setting 8
Bootstrap[48]: Time 0.652614 seconds, bootstrap likelihood -4234.288412, best rearrangement setting 6
Bootstrap[49]: Time 0.618707 seconds, bootstrap likelihood -3985.683149, best rearrangement setting 7
Bootstrap[50]: Time 0.593223 seconds, bootstrap likelihood -4184.644443, best rearrangement setting 7
Bootstrap[51]: Time 0.619724 seconds, bootstrap likelihood -4262.619556, best rearrangement setting 11
Bootstrap[52]: Time 0.699317 seconds, bootstrap likelihood -4050.566283, best rearrangement setting 12
Bootstrap[53]: Time 0.607546 seconds, bootstrap likelihood -3953.863596, best rearrangement setting 8
Bootstrap[54]: Time 0.610926 seconds, bootstrap likelihood -3900.990650, best rearrangement setting 9
Bootstrap[55]: Time 0.611136 seconds, bootstrap likelihood -3745.704665, best rearrangement setting 11
Bootstrap[56]: Time 0.613182 seconds, bootstrap likelihood -3875.001724, best rearrangement setting 5
Bootstrap[57]: Time 0.524663 seconds, bootstrap likelihood -3666.867607, best rearrangement setting 7
Bootstrap[58]: Time 0.613573 seconds, bootstrap likelihood -3806.182363, best rearrangement setting 10
Bootstrap[59]: Time 0.614278 seconds, bootstrap likelihood -4055.366296, best rearrangement setting 9
Bootstrap[60]: Time 0.585317 seconds, bootstrap likelihood -4159.540889, best rearrangement setting 7
Bootstrap[61]: Time 0.661550 seconds, bootstrap likelihood -4024.479825, best rearrangement setting 5
Bootstrap[62]: Time 0.624064 seconds, bootstrap likelihood -3842.619865, best rearrangement setting 11
Bootstrap[63]: Time 0.628263 seconds, bootstrap likelihood -4039.016232, best rearrangement setting 12
Bootstrap[64]: Time 0.592569 seconds, bootstrap likelihood -3972.163036, best rearrangement setting 7
Bootstrap[65]: Time 0.571399 seconds, bootstrap likelihood -4199.655450, best rearrangement setting 5
Bootstrap[66]: Time 0.598381 seconds, bootstrap likelihood -4007.140892, best rearrangement setting 5
Bootstrap[67]: Time 0.638075 seconds, bootstrap likelihood -3919.007828, best rearrangement setting 15
Bootstrap[68]: Time 0.550742 seconds, bootstrap likelihood -3672.266445, best rearrangement setting 11
Bootstrap[69]: Time 0.637254 seconds, bootstrap likelihood -4037.845604, best rearrangement setting 5
Bootstrap[70]: Time 0.670335 seconds, bootstrap likelihood -3833.255532, best rearrangement setting 8
Bootstrap[71]: Time 1.055595 seconds, bootstrap likelihood -3934.901022, best rearrangement setting 10
Bootstrap[72]: Time 0.645161 seconds, bootstrap likelihood -4148.935776, best rearrangement setting 11
Bootstrap[73]: Time 0.649140 seconds, bootstrap likelihood -4091.294825, best rearrangement setting 9
Bootstrap[74]: Time 0.662578 seconds, bootstrap likelihood -3903.581098, best rearrangement setting 5
Bootstrap[75]: Time 0.616658 seconds, bootstrap likelihood -4021.479601, best rearrangement setting 8
Bootstrap[76]: Time 0.553682 seconds, bootstrap likelihood -4191.969439, best rearrangement setting 9
Bootstrap[77]: Time 0.731788 seconds, bootstrap likelihood -4009.852602, best rearrangement setting 11
Bootstrap[78]: Time 0.675363 seconds, bootstrap likelihood -4315.306987, best rearrangement setting 15
Bootstrap[79]: Time 0.591833 seconds, bootstrap likelihood -4123.400307, best rearrangement setting 9
Bootstrap[80]: Time 0.631112 seconds, bootstrap likelihood -4209.132761, best rearrangement setting 15
Bootstrap[81]: Time 0.604288 seconds, bootstrap likelihood -3857.371225, best rearrangement setting 7
Bootstrap[82]: Time 0.656005 seconds, bootstrap likelihood -3832.616688, best rearrangement setting 6
Bootstrap[83]: Time 0.638775 seconds, bootstrap likelihood -4015.173342, best rearrangement setting 10
Bootstrap[84]: Time 0.610909 seconds, bootstrap likelihood -4118.945584, best rearrangement setting 11
Bootstrap[85]: Time 0.586762 seconds, bootstrap likelihood -3934.017110, best rearrangement setting 8
Bootstrap[86]: Time 0.559148 seconds, bootstrap likelihood -3951.025742, best rearrangement setting 7
Bootstrap[87]: Time 0.622467 seconds, bootstrap likelihood -4018.821937, best rearrangement setting 7
Bootstrap[88]: Time 0.667269 seconds, bootstrap likelihood -3773.005557, best rearrangement setting 12
Bootstrap[89]: Time 0.649511 seconds, bootstrap likelihood -4110.030824, best rearrangement setting 10
Bootstrap[90]: Time 0.612444 seconds, bootstrap likelihood -3859.974915, best rearrangement setting 8
Bootstrap[91]: Time 0.589530 seconds, bootstrap likelihood -4409.227254, best rearrangement setting 12
Bootstrap[92]: Time 0.627332 seconds, bootstrap likelihood -4102.576842, best rearrangement setting 13
Bootstrap[93]: Time 0.643682 seconds, bootstrap likelihood -3938.856429, best rearrangement setting 15
Bootstrap[94]: Time 0.640276 seconds, bootstrap likelihood -4140.816315, best rearrangement setting 5
Bootstrap[95]: Time 0.558532 seconds, bootstrap likelihood -4009.831536, best rearrangement setting 5
Bootstrap[96]: Time 0.582437 seconds, bootstrap likelihood -4190.310835, best rearrangement setting 13
Bootstrap[97]: Time 0.588445 seconds, bootstrap likelihood -3799.617266, best rearrangement setting 11
Bootstrap[98]: Time 0.632749 seconds, bootstrap likelihood -4042.603465, best rearrangement setting 6
Bootstrap[99]: Time 0.643348 seconds, bootstrap likelihood -4224.391754, best rearrangement setting 14


Overall Time for 100 Rapid Bootstraps 62.491800 seconds
Average Time per Rapid Bootstrap 0.624918 seconds

Starting ML Search ...

Fast ML optimization finished

Fast ML search Time: 56.818690 seconds

Slow ML Search 0 Likelihood: -4045.657535
Slow ML Search 1 Likelihood: -4045.657535
Slow ML Search 2 Likelihood: -4045.657535
Slow ML Search 3 Likelihood: -4045.657535
Slow ML Search 4 Likelihood: -4045.657535
Slow ML Search 5 Likelihood: -4045.657535
Slow ML Search 6 Likelihood: -4045.657535
Slow ML Search 7 Likelihood: -4045.657535
Slow ML Search 8 Likelihood: -4045.657535
Slow ML Search 9 Likelihood: -4045.687052
Slow ML optimization finished

Slow ML search Time: 22.002657 seconds
Thorough ML search Time: 1.034925 seconds

Final ML Optimization Likelihood: -4045.657535

Model Information:

Model Parameters of Partition 0, Name: No Name Provided, Type of Data: AA
alpha: 1.075888
Tree-Length: 5.046292
rate A <-> R: 0.399182
rate A <-> N: 0.259945
rate A <-> D: 0.371058
rate A <-> C: 2.337364
rate A <-> Q: 0.910775
rate A <-> E: 0.975241
rate A <-> G: 1.940106
rate A <-> H: 0.336984
rate A <-> I: 0.140697
rate A <-> L: 0.371240
rate A <-> K: 0.503815
rate A <-> M: 1.055520
rate A <-> F: 0.238237
rate A <-> P: 1.105868
rate A <-> S: 4.439041
rate A <-> T: 2.009090
rate A <-> W: 0.169702
rate A <-> Y: 0.205613
rate A <-> V: 2.392567
rate R <-> N: 0.706048
rate R <-> D: 0.116398
rate R <-> C: 0.501968
rate R <-> Q: 2.636754
rate R <-> E: 0.341785
rate R <-> G: 0.366408
rate R <-> H: 2.278690
rate R <-> I: 0.119250
rate R <-> L: 0.283449
rate R <-> K: 5.940467
rate R <-> M: 0.454623
rate R <-> F: 0.049508
rate R <-> P: 0.312264
rate R <-> S: 0.805843
rate R <-> T: 0.543695
rate R <-> W: 0.557424
rate R <-> Y: 0.295274
rate R <-> V: 0.160471
rate N <-> D: 4.766737
rate N <-> C: 0.496537
rate N <-> Q: 1.592389
rate N <-> E: 0.508692
rate N <-> G: 1.350015
rate N <-> H: 4.234381
rate N <-> I: 0.179830
rate N <-> L: 0.064256
rate N <-> K: 2.014327
rate N <-> M: 0.348390
rate N <-> F: 0.084068
rate N <-> P: 0.151925
rate N <-> S: 3.764032
rate N <-> T: 1.878729
rate N <-> W: 0.042610
rate N <-> Y: 0.574720
rate N <-> V: 0.078587
rate D <-> C: 0.058743
rate D <-> Q: 0.491483
rate D <-> E: 4.924234
rate D <-> G: 0.793424
rate D <-> H: 0.870603
rate D <-> I: 0.010038
rate D <-> L: 0.014157
rate D <-> K: 0.265711
rate D <-> M: 0.023991
rate D <-> F: 0.016354
rate D <-> P: 0.370412
rate D <-> S: 1.164675
rate D <-> T: 0.399902
rate D <-> W: 0.028068
rate D <-> Y: 0.126872
rate D <-> V: 0.035653
rate C <-> Q: 0.079639
rate C <-> E: 0.003286
rate C <-> G: 0.534566
rate C <-> H: 0.601499
rate C <-> I: 0.301083
rate C <-> L: 0.557800
rate C <-> K: 0.012457
rate C <-> M: 0.839207
rate C <-> F: 1.037881
rate C <-> P: 0.070787
rate C <-> S: 2.614753
rate C <-> T: 1.073780
rate C <-> W: 0.629281
rate C <-> Y: 1.094488
rate C <-> V: 1.839864
rate Q <-> E: 3.876936
rate Q <-> G: 0.251626
rate Q <-> H: 4.520102
rate Q <-> I: 0.068413
rate Q <-> L: 0.546954
rate Q <-> K: 3.037150
rate Q <-> M: 1.570619
rate Q <-> F: 0.033669
rate Q <-> P: 0.586241
rate Q <-> S: 1.149231
rate Q <-> T: 1.014297
rate Q <-> W: 0.221802
rate Q <-> Y: 0.241650
rate Q <-> V: 0.197511
rate E <-> G: 0.327583
rate E <-> H: 0.398044
rate E <-> I: 0.041567
rate E <-> L: 0.065426
rate E <-> K: 1.697022
rate E <-> M: 0.163145
rate E <-> F: 0.017664
rate E <-> P: 0.393844
rate E <-> S: 0.574671
rate E <-> T: 0.567695
rate E <-> W: 0.073107
rate E <-> Y: 0.112720
rate E <-> V: 0.230098
rate G <-> H: 0.292498
rate G <-> I: 0.008174
rate G <-> L: 0.041563
rate G <-> K: 0.278555
rate G <-> M: 0.131033
rate G <-> F: 0.084125
rate G <-> P: 0.184955
rate G <-> S: 1.633930
rate G <-> T: 0.121922
rate G <-> W: 0.252125
rate G <-> Y: 0.051346
rate G <-> V: 0.072026
rate H <-> I: 0.102245
rate H <-> L: 0.343988
rate H <-> K: 0.654763
rate H <-> M: 0.415502
rate H <-> F: 0.640560
rate H <-> P: 0.477834
rate H <-> S: 0.929667
rate H <-> T: 0.548649
rate H <-> W: 0.560661
rate H <-> Y: 4.983361
rate H <-> V: 0.111759
rate I <-> L: 3.892408
rate I <-> K: 0.149373
rate I <-> M: 4.013113
rate I <-> F: 1.044902
rate I <-> P: 0.073509
rate I <-> S: 0.060198
rate I <-> T: 0.970728
rate I <-> W: 0.104854
rate I <-> Y: 0.218350
rate I <-> V: 10.000000
rate L <-> K: 0.129119
rate L <-> M: 5.927594
rate L <-> F: 2.434657
rate L <-> P: 0.233879
rate L <-> S: 0.171176
rate L <-> T: 0.284471
rate L <-> W: 0.581863
rate L <-> Y: 0.281383
rate L <-> V: 1.598956
rate K <-> M: 0.616581
rate K <-> F: 0.022460
rate K <-> P: 0.366530
rate K <-> S: 0.703048
rate K <-> T: 1.067567
rate K <-> W: 0.046864
rate K <-> Y: 0.123890
rate K <-> V: 0.173913
rate M <-> F: 1.689205
rate M <-> P: 0.093763
rate M <-> S: 0.325811
rate M <-> T: 1.897216
rate M <-> W: 0.653740
rate M <-> Y: 0.451968
rate M <-> V: 1.782983
rate F <-> P: 0.088706
rate F <-> S: 0.339765
rate F <-> T: 0.154944
rate F <-> W: 2.307349
rate F <-> Y: 7.328222
rate F <-> V: 0.614777
rate P <-> S: 1.256567
rate P <-> T: 0.536635
rate P <-> W: 0.089332
rate P <-> Y: 0.084151
rate P <-> V: 0.278428
rate S <-> T: 6.077767
rate S <-> W: 0.233693
rate S <-> Y: 0.376132
rate S <-> V: 0.092373
rate T <-> W: 0.132241
rate T <-> Y: 0.230856
rate T <-> V: 2.054781
rate W <-> Y: 2.959699
rate W <-> V: 0.177959
rate Y <-> V: 0.234116

freq pi(A): 0.043350
freq pi(R): 0.046305
freq pi(N): 0.025944
freq pi(D): 0.066667
freq pi(C): 0.022660
freq pi(Q): 0.048276
freq pi(E): 0.067980
freq pi(G): 0.054516
freq pi(H): 0.021346
freq pi(I): 0.045320
freq pi(L): 0.106076
freq pi(K): 0.088013
freq pi(M): 0.021018
freq pi(F): 0.059442
freq pi(P): 0.038424
freq pi(S): 0.071593
freq pi(T): 0.045977
freq pi(W): 0.017077
freq pi(Y): 0.052545
freq pi(V): 0.057471


ML search took 79.878659 secs or 0.022189 hours

Combined Bootstrap and ML search took 142.370687 secs or 0.039547 hours

Drawing Bootstrap Support Values on best-scoring ML tree ...



Found 1 tree in File /in/RAxML_bestTree.EOG091G06MR.clustalo.aln.ALICUT.LGF



Found 1 tree in File /in/RAxML_bestTree.EOG091G06MR.clustalo.aln.ALICUT.LGF

Program execution info written to /in/RAxML_info.EOG091G06MR.clustalo.aln.ALICUT.LGF
All 100 bootstrapped trees written to: /in/RAxML_bootstrap.EOG091G06MR.clustalo.aln.ALICUT.LGF

Best-scoring ML tree written to: /in/RAxML_bestTree.EOG091G06MR.clustalo.aln.ALICUT.LGF

Best-scoring ML tree with support values written to: /in/RAxML_bipartitions.EOG091G06MR.clustalo.aln.ALICUT.LGF

Best-scoring ML tree with support values as branch labels written to: /in/RAxML_bipartitionsBranchLabels.EOG091G06MR.clustalo.aln.ALICUT.LGF

Overall execution time for full ML analysis: 142.372701 secs or 0.039548 hours or 0.001648 days

