--2018-12-15 06:48:37--  http://www.orthodb.org/fasta?query=EOG091G09RJ&level=33208
Resolving www.orthodb.org (www.orthodb.org)... 142.93.108.123, 2a03:b0c0:3:d0::d19:7001
Connecting to www.orthodb.org (www.orthodb.org)|142.93.108.123|:80... connected.
HTTP request sent, awaiting response... 301 Moved Permanently
Location: https://www.orthodb.org/fasta?query=EOG091G09RJ&level=33208 [following]
--2018-12-15 06:48:38--  https://www.orthodb.org/fasta?query=EOG091G09RJ&level=33208
Connecting to www.orthodb.org (www.orthodb.org)|142.93.108.123|:443... connected.
HTTP request sent, awaiting response... 200 OK
Length: 495529 (484K) [text/plain]
Saving to: ‘EOG091G09RJ/EOG091G09RJ.orthodb.fasta’

     0K .......... .......... .......... .......... .......... 10% 1,31M 0s
    50K .......... .......... .......... .......... .......... 20% 2,36M 0s
   100K .......... .......... .......... .......... .......... 30% 2,41M 0s
   150K .......... .......... .......... .......... .......... 41% 2,47M 0s
   200K .......... .......... .......... .......... .......... 51% 3,25M 0s
   250K .......... .......... .......... .......... .......... 61% 7,99M 0s
   300K .......... .......... .......... .......... .......... 72% 2,47M 0s
   350K .......... .......... .......... .......... .......... 82% 2,45M 0s
   400K .......... .......... .......... .......... .......... 92% 2,51M 0s
   450K .......... .......... .......... ...                  100% 25,0M=0,2s

2018-12-15 06:48:38 (2,63 MB/s) - ‘EOG091G09RJ/EOG091G09RJ.orthodb.fasta’ saved [495529/495529]

