
RAxML can't, parse the alignment file as phylip file 
it will now try to parse it as FASTA file


This is the RAxML Master Pthread

This is RAxML Worker Pthread Number: 1

This is RAxML Worker Pthread Number: 2

This is RAxML Worker Pthread Number: 3

This is RAxML Worker Pthread Number: 4

This is RAxML Worker Pthread Number: 5


This is RAxML version 8.2.12 released by Alexandros Stamatakis on May 2018.

With greatly appreciated code contributions by:
Andre Aberer      (HITS)
Simon Berger      (HITS)
Alexey Kozlov     (HITS)
Kassian Kobert    (HITS)
David Dao         (KIT and HITS)
Sarah Lutteropp   (KIT and HITS)
Nick Pattengale   (Sandia)
Wayne Pfeiffer    (SDSC)
Akifumi S. Tanabe (NRIFS)
Charlie Taylor    (UF)


Alignment has 237 distinct alignment patterns

Proportion of gaps and completely undetermined characters in this alignment: 6.58%

RAxML rapid bootstrapping and subsequent ML search

Using 1 distinct models/data partitions with joint branch length optimization



Executing 100 rapid bootstrap inferences and thereafter a thorough ML search 

All free model parameters will be estimated by RAxML
GAMMA model of rate heterogeneity, ML estimate of alpha-parameter

GAMMA Model parameters will be estimated up to an accuracy of 0.1000000000 Log Likelihood units

Partition: 0
Alignment Patterns: 237
Name: No Name Provided
DataType: AA
Substitution Matrix: LG
Using fixed base frequencies




RAxML was called as follows:

raxml -f a -T 6 -m PROTGAMMALG -p 12345 -x 12345 -# 100 -s ALICUT_EOG091G0BHP.clustalo.aln.fasta -n EOG091G0BHP.clustalo.aln.ALICUT.LG 



Time for BS model parameter optimization 0.067190
Bootstrap[0]: Time 0.560942 seconds, bootstrap likelihood -3858.757802, best rearrangement setting 13
Bootstrap[1]: Time 0.505738 seconds, bootstrap likelihood -3923.589532, best rearrangement setting 13
Bootstrap[2]: Time 0.470768 seconds, bootstrap likelihood -3749.447236, best rearrangement setting 12
Bootstrap[3]: Time 0.508159 seconds, bootstrap likelihood -4070.733078, best rearrangement setting 15
Bootstrap[4]: Time 0.508652 seconds, bootstrap likelihood -4225.595323, best rearrangement setting 10
Bootstrap[5]: Time 0.524679 seconds, bootstrap likelihood -3702.348498, best rearrangement setting 10
Bootstrap[6]: Time 0.479101 seconds, bootstrap likelihood -3945.531068, best rearrangement setting 6
Bootstrap[7]: Time 0.447975 seconds, bootstrap likelihood -3674.098673, best rearrangement setting 14
Bootstrap[8]: Time 0.467914 seconds, bootstrap likelihood -3729.420383, best rearrangement setting 5
Bootstrap[9]: Time 0.483252 seconds, bootstrap likelihood -3894.595788, best rearrangement setting 7
Bootstrap[10]: Time 0.496509 seconds, bootstrap likelihood -3876.861739, best rearrangement setting 7
Bootstrap[11]: Time 0.474705 seconds, bootstrap likelihood -3824.447854, best rearrangement setting 5
Bootstrap[12]: Time 0.486601 seconds, bootstrap likelihood -4050.020931, best rearrangement setting 8
Bootstrap[13]: Time 0.507922 seconds, bootstrap likelihood -3901.371539, best rearrangement setting 7
Bootstrap[14]: Time 0.490429 seconds, bootstrap likelihood -4013.320005, best rearrangement setting 12
Bootstrap[15]: Time 0.484170 seconds, bootstrap likelihood -3898.062641, best rearrangement setting 15
Bootstrap[16]: Time 0.455009 seconds, bootstrap likelihood -4031.475487, best rearrangement setting 12
Bootstrap[17]: Time 0.448349 seconds, bootstrap likelihood -3600.054802, best rearrangement setting 12
Bootstrap[18]: Time 0.462885 seconds, bootstrap likelihood -3589.054500, best rearrangement setting 5
Bootstrap[19]: Time 0.504802 seconds, bootstrap likelihood -3756.378892, best rearrangement setting 8
Bootstrap[20]: Time 0.492602 seconds, bootstrap likelihood -3790.216699, best rearrangement setting 10
Bootstrap[21]: Time 0.464810 seconds, bootstrap likelihood -3833.616293, best rearrangement setting 6
Bootstrap[22]: Time 0.478462 seconds, bootstrap likelihood -3856.906981, best rearrangement setting 5
Bootstrap[23]: Time 0.525823 seconds, bootstrap likelihood -4242.957345, best rearrangement setting 7
Bootstrap[24]: Time 0.484306 seconds, bootstrap likelihood -3828.573087, best rearrangement setting 8
Bootstrap[25]: Time 0.494525 seconds, bootstrap likelihood -3959.092046, best rearrangement setting 6
Bootstrap[26]: Time 0.509451 seconds, bootstrap likelihood -4061.754996, best rearrangement setting 12
Bootstrap[27]: Time 0.515883 seconds, bootstrap likelihood -3882.290786, best rearrangement setting 10
Bootstrap[28]: Time 0.494384 seconds, bootstrap likelihood -4106.991848, best rearrangement setting 11
Bootstrap[29]: Time 0.501725 seconds, bootstrap likelihood -3959.518049, best rearrangement setting 12
Bootstrap[30]: Time 0.458847 seconds, bootstrap likelihood -3711.506204, best rearrangement setting 15
Bootstrap[31]: Time 0.470151 seconds, bootstrap likelihood -3746.632769, best rearrangement setting 15
Bootstrap[32]: Time 0.220254 seconds, bootstrap likelihood -3669.422924, best rearrangement setting 6
Bootstrap[33]: Time 0.490285 seconds, bootstrap likelihood -3765.781768, best rearrangement setting 15
Bootstrap[34]: Time 0.493514 seconds, bootstrap likelihood -4029.603589, best rearrangement setting 11
Bootstrap[35]: Time 0.537706 seconds, bootstrap likelihood -3889.200012, best rearrangement setting 8
Bootstrap[36]: Time 0.487791 seconds, bootstrap likelihood -3898.048282, best rearrangement setting 9
Bootstrap[37]: Time 0.227130 seconds, bootstrap likelihood -3842.082591, best rearrangement setting 11
Bootstrap[38]: Time 0.487031 seconds, bootstrap likelihood -3835.915199, best rearrangement setting 8
Bootstrap[39]: Time 0.484488 seconds, bootstrap likelihood -4310.159398, best rearrangement setting 13
Bootstrap[40]: Time 0.512546 seconds, bootstrap likelihood -4107.066627, best rearrangement setting 13
Bootstrap[41]: Time 0.490646 seconds, bootstrap likelihood -3871.009967, best rearrangement setting 10
Bootstrap[42]: Time 0.476910 seconds, bootstrap likelihood -3839.704957, best rearrangement setting 5
Bootstrap[43]: Time 0.442126 seconds, bootstrap likelihood -3695.561075, best rearrangement setting 14
Bootstrap[44]: Time 0.506784 seconds, bootstrap likelihood -4216.628820, best rearrangement setting 10
Bootstrap[45]: Time 0.528177 seconds, bootstrap likelihood -3778.408477, best rearrangement setting 15
Bootstrap[46]: Time 0.471710 seconds, bootstrap likelihood -3716.517890, best rearrangement setting 14
Bootstrap[47]: Time 0.492395 seconds, bootstrap likelihood -3766.766311, best rearrangement setting 8
Bootstrap[48]: Time 0.457272 seconds, bootstrap likelihood -4110.437222, best rearrangement setting 6
Bootstrap[49]: Time 0.524709 seconds, bootstrap likelihood -3703.362131, best rearrangement setting 7
Bootstrap[50]: Time 0.478540 seconds, bootstrap likelihood -3700.582406, best rearrangement setting 7
Bootstrap[51]: Time 0.227974 seconds, bootstrap likelihood -3881.788025, best rearrangement setting 11
Bootstrap[52]: Time 0.492606 seconds, bootstrap likelihood -4063.246628, best rearrangement setting 12
Bootstrap[53]: Time 0.521199 seconds, bootstrap likelihood -3914.900355, best rearrangement setting 8
Bootstrap[54]: Time 0.523805 seconds, bootstrap likelihood -3826.489149, best rearrangement setting 9
Bootstrap[55]: Time 0.464199 seconds, bootstrap likelihood -3869.456180, best rearrangement setting 11
Bootstrap[56]: Time 0.482822 seconds, bootstrap likelihood -3976.223987, best rearrangement setting 5
Bootstrap[57]: Time 0.534852 seconds, bootstrap likelihood -4181.122399, best rearrangement setting 7
Bootstrap[58]: Time 0.503367 seconds, bootstrap likelihood -3684.511389, best rearrangement setting 10
Bootstrap[59]: Time 0.511869 seconds, bootstrap likelihood -4018.394721, best rearrangement setting 9
Bootstrap[60]: Time 0.511716 seconds, bootstrap likelihood -4108.008458, best rearrangement setting 7
Bootstrap[61]: Time 0.458515 seconds, bootstrap likelihood -3779.319535, best rearrangement setting 5
Bootstrap[62]: Time 0.475790 seconds, bootstrap likelihood -3952.318537, best rearrangement setting 11
Bootstrap[63]: Time 0.505809 seconds, bootstrap likelihood -3750.664224, best rearrangement setting 12
Bootstrap[64]: Time 0.482167 seconds, bootstrap likelihood -3588.285191, best rearrangement setting 7
Bootstrap[65]: Time 0.508555 seconds, bootstrap likelihood -3873.347374, best rearrangement setting 5
Bootstrap[66]: Time 0.492433 seconds, bootstrap likelihood -3587.170529, best rearrangement setting 5
Bootstrap[67]: Time 0.504271 seconds, bootstrap likelihood -3991.681831, best rearrangement setting 15
Bootstrap[68]: Time 0.471724 seconds, bootstrap likelihood -3966.912600, best rearrangement setting 11
Bootstrap[69]: Time 0.513904 seconds, bootstrap likelihood -3872.906791, best rearrangement setting 5
Bootstrap[70]: Time 0.486136 seconds, bootstrap likelihood -3934.165403, best rearrangement setting 8
Bootstrap[71]: Time 0.484080 seconds, bootstrap likelihood -3814.336522, best rearrangement setting 10
Bootstrap[72]: Time 0.527416 seconds, bootstrap likelihood -4044.808942, best rearrangement setting 11
Bootstrap[73]: Time 0.452991 seconds, bootstrap likelihood -4090.242038, best rearrangement setting 9
Bootstrap[74]: Time 0.506910 seconds, bootstrap likelihood -3993.690997, best rearrangement setting 5
Bootstrap[75]: Time 0.466174 seconds, bootstrap likelihood -3699.860878, best rearrangement setting 8
Bootstrap[76]: Time 0.493686 seconds, bootstrap likelihood -3943.180502, best rearrangement setting 9
Bootstrap[77]: Time 0.518023 seconds, bootstrap likelihood -4319.120331, best rearrangement setting 11
Bootstrap[78]: Time 0.497159 seconds, bootstrap likelihood -3851.765166, best rearrangement setting 15
Bootstrap[79]: Time 0.510813 seconds, bootstrap likelihood -3968.843588, best rearrangement setting 9
Bootstrap[80]: Time 0.498463 seconds, bootstrap likelihood -3956.982656, best rearrangement setting 15
Bootstrap[81]: Time 0.505074 seconds, bootstrap likelihood -3990.128438, best rearrangement setting 7
Bootstrap[82]: Time 0.483537 seconds, bootstrap likelihood -3857.209519, best rearrangement setting 6
Bootstrap[83]: Time 0.462605 seconds, bootstrap likelihood -3863.384187, best rearrangement setting 10
Bootstrap[84]: Time 0.233799 seconds, bootstrap likelihood -3766.039651, best rearrangement setting 11
Bootstrap[85]: Time 0.228948 seconds, bootstrap likelihood -3918.364414, best rearrangement setting 8
Bootstrap[86]: Time 0.487521 seconds, bootstrap likelihood -3921.785381, best rearrangement setting 7
Bootstrap[87]: Time 0.465735 seconds, bootstrap likelihood -3698.274308, best rearrangement setting 7
Bootstrap[88]: Time 0.440451 seconds, bootstrap likelihood -3652.554701, best rearrangement setting 12
Bootstrap[89]: Time 0.489912 seconds, bootstrap likelihood -3874.204093, best rearrangement setting 10
Bootstrap[90]: Time 0.497618 seconds, bootstrap likelihood -3708.241775, best rearrangement setting 8
Bootstrap[91]: Time 0.488132 seconds, bootstrap likelihood -3740.016287, best rearrangement setting 12
Bootstrap[92]: Time 0.469610 seconds, bootstrap likelihood -3737.072447, best rearrangement setting 13
Bootstrap[93]: Time 0.490005 seconds, bootstrap likelihood -4062.829870, best rearrangement setting 15
Bootstrap[94]: Time 0.504301 seconds, bootstrap likelihood -4153.666377, best rearrangement setting 5
Bootstrap[95]: Time 0.470487 seconds, bootstrap likelihood -3707.572142, best rearrangement setting 5
Bootstrap[96]: Time 0.513662 seconds, bootstrap likelihood -3921.897127, best rearrangement setting 13
Bootstrap[97]: Time 0.449250 seconds, bootstrap likelihood -3712.142836, best rearrangement setting 11
Bootstrap[98]: Time 0.491793 seconds, bootstrap likelihood -3824.465965, best rearrangement setting 6
Bootstrap[99]: Time 0.427360 seconds, bootstrap likelihood -3515.068523, best rearrangement setting 14


Overall Time for 100 Rapid Bootstraps 47.720291 seconds
Average Time per Rapid Bootstrap 0.477203 seconds

Starting ML Search ...

Fast ML optimization finished

Fast ML search Time: 29.235407 seconds

Slow ML Search 0 Likelihood: -3930.061985
Slow ML Search 1 Likelihood: -3930.061985
Slow ML Search 2 Likelihood: -3930.061985
Slow ML Search 3 Likelihood: -3930.061985
Slow ML Search 4 Likelihood: -3930.061985
Slow ML Search 5 Likelihood: -3930.061985
Slow ML Search 6 Likelihood: -3930.061985
Slow ML Search 7 Likelihood: -3930.061985
Slow ML Search 8 Likelihood: -3930.061985
Slow ML Search 9 Likelihood: -3930.061985
Slow ML optimization finished

Slow ML search Time: 12.461779 seconds
Thorough ML search Time: 0.881671 seconds

Final ML Optimization Likelihood: -3930.061985

Model Information:

Model Parameters of Partition 0, Name: No Name Provided, Type of Data: AA
alpha: 0.524577
Tree-Length: 3.457504
rate A <-> R: 0.399182
rate A <-> N: 0.259945
rate A <-> D: 0.371058
rate A <-> C: 2.337364
rate A <-> Q: 0.910775
rate A <-> E: 0.975241
rate A <-> G: 1.940106
rate A <-> H: 0.336984
rate A <-> I: 0.140697
rate A <-> L: 0.371240
rate A <-> K: 0.503815
rate A <-> M: 1.055520
rate A <-> F: 0.238237
rate A <-> P: 1.105868
rate A <-> S: 4.439041
rate A <-> T: 2.009090
rate A <-> W: 0.169702
rate A <-> Y: 0.205613
rate A <-> V: 2.392567
rate R <-> N: 0.706048
rate R <-> D: 0.116398
rate R <-> C: 0.501968
rate R <-> Q: 2.636754
rate R <-> E: 0.341785
rate R <-> G: 0.366408
rate R <-> H: 2.278690
rate R <-> I: 0.119250
rate R <-> L: 0.283449
rate R <-> K: 5.940467
rate R <-> M: 0.454623
rate R <-> F: 0.049508
rate R <-> P: 0.312264
rate R <-> S: 0.805843
rate R <-> T: 0.543695
rate R <-> W: 0.557424
rate R <-> Y: 0.295274
rate R <-> V: 0.160471
rate N <-> D: 4.766737
rate N <-> C: 0.496537
rate N <-> Q: 1.592389
rate N <-> E: 0.508692
rate N <-> G: 1.350015
rate N <-> H: 4.234381
rate N <-> I: 0.179830
rate N <-> L: 0.064256
rate N <-> K: 2.014327
rate N <-> M: 0.348390
rate N <-> F: 0.084068
rate N <-> P: 0.151925
rate N <-> S: 3.764032
rate N <-> T: 1.878729
rate N <-> W: 0.042610
rate N <-> Y: 0.574720
rate N <-> V: 0.078587
rate D <-> C: 0.058743
rate D <-> Q: 0.491483
rate D <-> E: 4.924234
rate D <-> G: 0.793424
rate D <-> H: 0.870603
rate D <-> I: 0.010038
rate D <-> L: 0.014157
rate D <-> K: 0.265711
rate D <-> M: 0.023991
rate D <-> F: 0.016354
rate D <-> P: 0.370412
rate D <-> S: 1.164675
rate D <-> T: 0.399902
rate D <-> W: 0.028068
rate D <-> Y: 0.126872
rate D <-> V: 0.035653
rate C <-> Q: 0.079639
rate C <-> E: 0.003286
rate C <-> G: 0.534566
rate C <-> H: 0.601499
rate C <-> I: 0.301083
rate C <-> L: 0.557800
rate C <-> K: 0.012457
rate C <-> M: 0.839207
rate C <-> F: 1.037881
rate C <-> P: 0.070787
rate C <-> S: 2.614753
rate C <-> T: 1.073780
rate C <-> W: 0.629281
rate C <-> Y: 1.094488
rate C <-> V: 1.839864
rate Q <-> E: 3.876936
rate Q <-> G: 0.251626
rate Q <-> H: 4.520102
rate Q <-> I: 0.068413
rate Q <-> L: 0.546954
rate Q <-> K: 3.037150
rate Q <-> M: 1.570619
rate Q <-> F: 0.033669
rate Q <-> P: 0.586241
rate Q <-> S: 1.149231
rate Q <-> T: 1.014297
rate Q <-> W: 0.221802
rate Q <-> Y: 0.241650
rate Q <-> V: 0.197511
rate E <-> G: 0.327583
rate E <-> H: 0.398044
rate E <-> I: 0.041567
rate E <-> L: 0.065426
rate E <-> K: 1.697022
rate E <-> M: 0.163145
rate E <-> F: 0.017664
rate E <-> P: 0.393844
rate E <-> S: 0.574671
rate E <-> T: 0.567695
rate E <-> W: 0.073107
rate E <-> Y: 0.112720
rate E <-> V: 0.230098
rate G <-> H: 0.292498
rate G <-> I: 0.008174
rate G <-> L: 0.041563
rate G <-> K: 0.278555
rate G <-> M: 0.131033
rate G <-> F: 0.084125
rate G <-> P: 0.184955
rate G <-> S: 1.633930
rate G <-> T: 0.121922
rate G <-> W: 0.252125
rate G <-> Y: 0.051346
rate G <-> V: 0.072026
rate H <-> I: 0.102245
rate H <-> L: 0.343988
rate H <-> K: 0.654763
rate H <-> M: 0.415502
rate H <-> F: 0.640560
rate H <-> P: 0.477834
rate H <-> S: 0.929667
rate H <-> T: 0.548649
rate H <-> W: 0.560661
rate H <-> Y: 4.983361
rate H <-> V: 0.111759
rate I <-> L: 3.892408
rate I <-> K: 0.149373
rate I <-> M: 4.013113
rate I <-> F: 1.044902
rate I <-> P: 0.073509
rate I <-> S: 0.060198
rate I <-> T: 0.970728
rate I <-> W: 0.104854
rate I <-> Y: 0.218350
rate I <-> V: 10.000000
rate L <-> K: 0.129119
rate L <-> M: 5.927594
rate L <-> F: 2.434657
rate L <-> P: 0.233879
rate L <-> S: 0.171176
rate L <-> T: 0.284471
rate L <-> W: 0.581863
rate L <-> Y: 0.281383
rate L <-> V: 1.598956
rate K <-> M: 0.616581
rate K <-> F: 0.022460
rate K <-> P: 0.366530
rate K <-> S: 0.703048
rate K <-> T: 1.067567
rate K <-> W: 0.046864
rate K <-> Y: 0.123890
rate K <-> V: 0.173913
rate M <-> F: 1.689205
rate M <-> P: 0.093763
rate M <-> S: 0.325811
rate M <-> T: 1.897216
rate M <-> W: 0.653740
rate M <-> Y: 0.451968
rate M <-> V: 1.782983
rate F <-> P: 0.088706
rate F <-> S: 0.339765
rate F <-> T: 0.154944
rate F <-> W: 2.307349
rate F <-> Y: 7.328222
rate F <-> V: 0.614777
rate P <-> S: 1.256567
rate P <-> T: 0.536635
rate P <-> W: 0.089332
rate P <-> Y: 0.084151
rate P <-> V: 0.278428
rate S <-> T: 6.077767
rate S <-> W: 0.233693
rate S <-> Y: 0.376132
rate S <-> V: 0.092373
rate T <-> W: 0.132241
rate T <-> Y: 0.230856
rate T <-> V: 2.054781
rate W <-> Y: 2.959699
rate W <-> V: 0.177959
rate Y <-> V: 0.234116

freq pi(A): 0.079066
freq pi(R): 0.055941
freq pi(N): 0.041977
freq pi(D): 0.053052
freq pi(C): 0.012937
freq pi(Q): 0.040767
freq pi(E): 0.071586
freq pi(G): 0.057337
freq pi(H): 0.022355
freq pi(I): 0.062157
freq pi(L): 0.099081
freq pi(K): 0.064600
freq pi(M): 0.022951
freq pi(F): 0.042302
freq pi(P): 0.044040
freq pi(S): 0.061197
freq pi(T): 0.053287
freq pi(W): 0.012066
freq pi(Y): 0.034155
freq pi(V): 0.069146


ML search took 42.601806 secs or 0.011834 hours

Combined Bootstrap and ML search took 90.322383 secs or 0.025090 hours

Drawing Bootstrap Support Values on best-scoring ML tree ...



Found 1 tree in File /in/RAxML_bestTree.EOG091G0BHP.clustalo.aln.ALICUT.LG



Found 1 tree in File /in/RAxML_bestTree.EOG091G0BHP.clustalo.aln.ALICUT.LG

Program execution info written to /in/RAxML_info.EOG091G0BHP.clustalo.aln.ALICUT.LG
All 100 bootstrapped trees written to: /in/RAxML_bootstrap.EOG091G0BHP.clustalo.aln.ALICUT.LG

Best-scoring ML tree written to: /in/RAxML_bestTree.EOG091G0BHP.clustalo.aln.ALICUT.LG

Best-scoring ML tree with support values written to: /in/RAxML_bipartitions.EOG091G0BHP.clustalo.aln.ALICUT.LG

Best-scoring ML tree with support values as branch labels written to: /in/RAxML_bipartitionsBranchLabels.EOG091G0BHP.clustalo.aln.ALICUT.LG

Overall execution time for full ML analysis: 90.324956 secs or 0.025090 hours or 0.001045 days

