--2018-12-15 02:05:14--  http://www.orthodb.org/fasta?query=EOG091G01XQ&level=33208
Resolving www.orthodb.org (www.orthodb.org)... 142.93.108.123, 2a03:b0c0:3:d0::d19:7001
Connecting to www.orthodb.org (www.orthodb.org)|142.93.108.123|:80... connected.
HTTP request sent, awaiting response... 301 Moved Permanently
Location: https://www.orthodb.org/fasta?query=EOG091G01XQ&level=33208 [following]
--2018-12-15 02:05:15--  https://www.orthodb.org/fasta?query=EOG091G01XQ&level=33208
Connecting to www.orthodb.org (www.orthodb.org)|142.93.108.123|:443... connected.
HTTP request sent, awaiting response... 200 OK
Length: 495841 (484K) [text/plain]
Saving to: ‘EOG091G01XQ/EOG091G01XQ.orthodb.fasta’

     0K .......... .......... .......... .......... .......... 10% 1,20M 0s
    50K .......... .......... .......... .......... .......... 20% 1,18M 0s
   100K .......... .......... .......... .......... .......... 30% 2,31M 0s
   150K .......... .......... .......... .......... .......... 41% 2,34M 0s
   200K .......... .......... .......... .......... .......... 51% 2,31M 0s
   250K .......... .......... .......... .......... .......... 61% 3,18M 0s
   300K .......... .......... .......... .......... .......... 72% 3,22M 0s
   350K .......... .......... .......... .......... .......... 82% 3,22M 0s
   400K .......... .......... .......... .......... .......... 92% 2,92M 0s
   450K .......... .......... .......... ....                 100% 2,27M=0,2s

2018-12-15 02:05:15 (2,13 MB/s) - ‘EOG091G01XQ/EOG091G01XQ.orthodb.fasta’ saved [495841/495841]

