--2018-12-16 01:11:14--  http://www.orthodb.org/fasta?query=EOG091G04GW&level=33208
Resolving www.orthodb.org (www.orthodb.org)... 142.93.108.123, 2a03:b0c0:3:e0::1b:1
Connecting to www.orthodb.org (www.orthodb.org)|142.93.108.123|:80... connected.
HTTP request sent, awaiting response... 301 Moved Permanently
Location: https://www.orthodb.org/fasta?query=EOG091G04GW&level=33208 [following]
--2018-12-16 01:11:14--  https://www.orthodb.org/fasta?query=EOG091G04GW&level=33208
Connecting to www.orthodb.org (www.orthodb.org)|142.93.108.123|:443... connected.
HTTP request sent, awaiting response... 200 OK
Length: 619206 (605K) [text/plain]
Saving to: ‘EOG091G04GW/EOG091G04GW.orthodb.fasta’

     0K .......... .......... .......... .......... ..........  8% 1,27M 0s
    50K .......... .......... .......... .......... .......... 16% 2,27M 0s
   100K .......... .......... .......... .......... .......... 24% 2,28M 0s
   150K .......... .......... .......... .......... .......... 33% 2,26M 0s
   200K .......... .......... .......... .......... .......... 41% 2,46M 0s
   250K .......... .......... .......... .......... .......... 49% 2,19M 0s
   300K .......... .......... .......... .......... .......... 57% 3,23M 0s
   350K .......... .......... .......... .......... .......... 66% 2,66M 0s
   400K .......... .......... .......... .......... .......... 74% 7,40M 0s
   450K .......... .......... .......... .......... .......... 82% 2,36M 0s
   500K .......... .......... .......... .......... .......... 90% 2,40M 0s
   550K .......... .......... .......... .......... .......... 99% 2,39M 0s
   600K ....                                                  100% 8952G=0,2s

2018-12-16 01:11:15 (2,39 MB/s) - ‘EOG091G04GW/EOG091G04GW.orthodb.fasta’ saved [619206/619206]

