--2018-12-15 11:24:01--  http://www.orthodb.org/fasta?query=EOG091G0OHF&level=33208
Resolving www.orthodb.org (www.orthodb.org)... 167.99.129.42, 2a03:b0c0:3:e0::1b:1
Connecting to www.orthodb.org (www.orthodb.org)|167.99.129.42|:80... connected.
HTTP request sent, awaiting response... 301 Moved Permanently
Location: https://www.orthodb.org/fasta?query=EOG091G0OHF&level=33208 [following]
--2018-12-15 11:24:01--  https://www.orthodb.org/fasta?query=EOG091G0OHF&level=33208
Connecting to www.orthodb.org (www.orthodb.org)|167.99.129.42|:443... connected.
HTTP request sent, awaiting response... 200 OK
Length: 453457 (443K) [text/plain]
Saving to: ‘EOG091G0OHF/EOG091G0OHF.orthodb.fasta’

     0K .......... .......... .......... .......... .......... 11% 1,26M 0s
    50K .......... .......... .......... .......... .......... 22% 1,20M 0s
   100K .......... .......... .......... .......... .......... 33% 2,31M 0s
   150K .......... .......... .......... .......... .......... 45% 2,35M 0s
   200K .......... .......... .......... .......... .......... 56% 2,34M 0s
   250K .......... .......... .......... .......... .......... 67% 2,53M 0s
   300K .......... .......... .......... .......... .......... 79% 2,99M 0s
   350K .......... .......... .......... .......... .......... 90% 8,78M 0s
   400K .......... .......... .......... .......... ..        100% 1,98M=0,2s

2018-12-15 11:24:02 (2,11 MB/s) - ‘EOG091G0OHF/EOG091G0OHF.orthodb.fasta’ saved [453457/453457]

