--2018-12-12 18:23:05--  http://www.orthodb.org/fasta?query=EOG091G02V5&level=33208
Resolving www.orthodb.org (www.orthodb.org)... 167.99.129.42, 2a03:b0c0:3:e0::1b:1
Connecting to www.orthodb.org (www.orthodb.org)|167.99.129.42|:80... connected.
HTTP request sent, awaiting response... 301 Moved Permanently
Location: https://www.orthodb.org/fasta?query=EOG091G02V5&level=33208 [following]
--2018-12-12 18:23:05--  https://www.orthodb.org/fasta?query=EOG091G02V5&level=33208
Connecting to www.orthodb.org (www.orthodb.org)|167.99.129.42|:443... connected.
HTTP request sent, awaiting response... 200 OK
Length: 797106 (778K) [text/plain]
Saving to: ‘EOG091G02V5/EOG091G02V5.orthodb.fasta’

     0K .......... .......... .......... .......... ..........  6% 1,19M 1s
    50K .......... .......... .......... .......... .......... 12% 2,04M 0s
   100K .......... .......... .......... .......... .......... 19% 2,37M 0s
   150K .......... .......... .......... .......... .......... 25% 2,40M 0s
   200K .......... .......... .......... .......... .......... 32% 2,06M 0s
   250K .......... .......... .......... .......... .......... 38% 3,36M 0s
   300K .......... .......... .......... .......... .......... 44% 11,5M 0s
   350K .......... .......... .......... .......... .......... 51% 2,36M 0s
   400K .......... .......... .......... .......... .......... 57% 2,14M 0s
   450K .......... .......... .......... .......... .......... 64% 2,73M 0s
   500K .......... .......... .......... .......... .......... 70% 1,82M 0s
   550K .......... .......... .......... .......... .......... 77% 3,25M 0s
   600K .......... .......... .......... .......... .......... 83% 4,38M 0s
   650K .......... .......... .......... .......... .......... 89% 3,01M 0s
   700K .......... .......... .......... .......... .......... 96% 2,91M 0s
   750K .......... .......... ........                        100% 19,8M=0,3s

2018-12-12 18:23:07 (2,56 MB/s) - ‘EOG091G02V5/EOG091G02V5.orthodb.fasta’ saved [797106/797106]

