
	reading taxa from FASTA ...


	H.microstoma         -> sites: 691   
	G.turnbulli          -> sites: 691   
	O.viverrini          -> sites: 691   
	D.rerio              -> sites: 691   
	E.granulosus         -> sites: 691   
	D.melanogaster       -> sites: 691   
	C.intestinalis       -> sites: 691   
	H.robusta            -> sites: 691   
	G.salaris            -> sites: 691   
	C.sinensis           -> sites: 691   
	L.gigantea           -> sites: 691   
	R.norvegicus         -> sites: 691   


	data type             : amino acid sequences

	input ...

	infile		: EOG091G075F.clustalo.aln.fasta
	random pairs	: 200000000000000000
	window size	: 6
	indels		: ambiguous
	tree file	: -
	node level	: -
	strict profile	: -
	outgroup	: -
	matrix          : BLOSUM62

	number of taxa        : 12
	random number of pairs: 200000000000000000

	generates threshhold value for amino acid data
	using BLOSUM62

	checks for (potential) identical taxa


	scores site patterns ...


	max number of different pairs is 66
	max random pairs are scored!

	pair: 1      ->	taxon1: H.microsto	taxon2: G.turnbull
	            	positions below base line: 348
	pair: 2      ->	taxon1: H.microsto	taxon2: O.viverrin
	            	positions below base line: 382
	pair: 3      ->	taxon1: H.microsto	taxon2: D.rerio   
	            	positions below base line: 370
	pair: 4      ->	taxon1: H.microsto	taxon2: E.granulos
	            	positions below base line: 396
	pair: 5      ->	taxon1: H.microsto	taxon2: D.melanoga
	            	positions below base line: 374
	pair: 6      ->	taxon1: H.microsto	taxon2: C.intestin
	            	positions below base line: 454
	pair: 7      ->	taxon1: H.microsto	taxon2: H.robusta 
	            	positions below base line: 441
	pair: 8      ->	taxon1: H.microsto	taxon2: G.salaris 
	            	positions below base line: 476
	pair: 9      ->	taxon1: H.microsto	taxon2: C.sinensis
	            	positions below base line: 367
	pair: 10     ->	taxon1: H.microsto	taxon2: L.gigantea
	            	positions below base line: 441
	pair: 11     ->	taxon1: H.microsto	taxon2: R.norvegic
	            	positions below base line: 447
	pair: 12     ->	taxon1: G.turnbull	taxon2: O.viverrin
	            	positions below base line: 377
	pair: 13     ->	taxon1: G.turnbull	taxon2: D.rerio   
	            	positions below base line: 366
	pair: 14     ->	taxon1: G.turnbull	taxon2: E.granulos
	            	positions below base line: 453
	pair: 15     ->	taxon1: G.turnbull	taxon2: D.melanoga
	            	positions below base line: 385
	pair: 16     ->	taxon1: G.turnbull	taxon2: C.intestin
	            	positions below base line: 450
	pair: 17     ->	taxon1: G.turnbull	taxon2: H.robusta 
	            	positions below base line: 422
	pair: 18     ->	taxon1: G.turnbull	taxon2: G.salaris 
	            	positions below base line: 459
	pair: 19     ->	taxon1: G.turnbull	taxon2: C.sinensis
	            	positions below base line: 366
	pair: 20     ->	taxon1: G.turnbull	taxon2: L.gigantea
	            	positions below base line: 430
	pair: 21     ->	taxon1: G.turnbull	taxon2: R.norvegic
	            	positions below base line: 443
	pair: 22     ->	taxon1: O.viverrin	taxon2: D.rerio   
	            	positions below base line: 401
	pair: 23     ->	taxon1: O.viverrin	taxon2: E.granulos
	            	positions below base line: 458
	pair: 24     ->	taxon1: O.viverrin	taxon2: D.melanoga
	            	positions below base line: 397
	pair: 25     ->	taxon1: O.viverrin	taxon2: C.intestin
	            	positions below base line: 447
	pair: 26     ->	taxon1: O.viverrin	taxon2: H.robusta 
	            	positions below base line: 455
	pair: 27     ->	taxon1: O.viverrin	taxon2: G.salaris 
	            	positions below base line: 515
	pair: 28     ->	taxon1: O.viverrin	taxon2: C.sinensis
	            	positions below base line: 348
	pair: 29     ->	taxon1: O.viverrin	taxon2: L.gigantea
	            	positions below base line: 437
	pair: 30     ->	taxon1: O.viverrin	taxon2: R.norvegic
	            	positions below base line: 453
	pair: 31     ->	taxon1: D.rerio   	taxon2: E.granulos
	            	positions below base line: 435
	pair: 32     ->	taxon1: D.rerio   	taxon2: D.melanoga
	            	positions below base line: 284
	pair: 33     ->	taxon1: D.rerio   	taxon2: C.intestin
	            	positions below base line: 427
	pair: 34     ->	taxon1: D.rerio   	taxon2: H.robusta 
	            	positions below base line: 375
	pair: 35     ->	taxon1: D.rerio   	taxon2: G.salaris 
	            	positions below base line: 464
	pair: 36     ->	taxon1: D.rerio   	taxon2: C.sinensis
	            	positions below base line: 376
	pair: 37     ->	taxon1: D.rerio   	taxon2: L.gigantea
	            	positions below base line: 398
	pair: 38     ->	taxon1: D.rerio   	taxon2: R.norvegic
	            	positions below base line: 383
	pair: 39     ->	taxon1: E.granulos	taxon2: D.melanoga
	            	positions below base line: 455
	pair: 40     ->	taxon1: E.granulos	taxon2: C.intestin
	            	positions below base line: 506
	pair: 41     ->	taxon1: E.granulos	taxon2: H.robusta 
	            	positions below base line: 500
	pair: 42     ->	taxon1: E.granulos	taxon2: G.salaris 
	            	positions below base line: 518
	pair: 43     ->	taxon1: E.granulos	taxon2: C.sinensis
	            	positions below base line: 453
	pair: 44     ->	taxon1: E.granulos	taxon2: L.gigantea
	            	positions below base line: 501
	pair: 45     ->	taxon1: E.granulos	taxon2: R.norvegic
	            	positions below base line: 492
	pair: 46     ->	taxon1: D.melanoga	taxon2: C.intestin
	            	positions below base line: 416
	pair: 47     ->	taxon1: D.melanoga	taxon2: H.robusta 
	            	positions below base line: 391
	pair: 48     ->	taxon1: D.melanoga	taxon2: G.salaris 
	            	positions below base line: 452
	pair: 49     ->	taxon1: D.melanoga	taxon2: C.sinensis
	            	positions below base line: 390
	pair: 50     ->	taxon1: D.melanoga	taxon2: L.gigantea
	            	positions below base line: 378
	pair: 51     ->	taxon1: D.melanoga	taxon2: R.norvegic
	            	positions below base line: 390
	pair: 52     ->	taxon1: C.intestin	taxon2: H.robusta 
	            	positions below base line: 362
	pair: 53     ->	taxon1: C.intestin	taxon2: G.salaris 
	            	positions below base line: 535
	pair: 54     ->	taxon1: C.intestin	taxon2: C.sinensis
	            	positions below base line: 456
	pair: 55     ->	taxon1: C.intestin	taxon2: L.gigantea
	            	positions below base line: 345
	pair: 56     ->	taxon1: C.intestin	taxon2: R.norvegic
	            	positions below base line: 356
	pair: 57     ->	taxon1: H.robusta 	taxon2: G.salaris 
	            	positions below base line: 502
	pair: 58     ->	taxon1: H.robusta 	taxon2: C.sinensis
	            	positions below base line: 442
	pair: 59     ->	taxon1: H.robusta 	taxon2: L.gigantea
	            	positions below base line: 291
	pair: 60     ->	taxon1: H.robusta 	taxon2: R.norvegic
	            	positions below base line: 308
	pair: 61     ->	taxon1: G.salaris 	taxon2: C.sinensis
	            	positions below base line: 488
	pair: 62     ->	taxon1: G.salaris 	taxon2: L.gigantea
	            	positions below base line: 518
	pair: 63     ->	taxon1: G.salaris 	taxon2: R.norvegic
	            	positions below base line: 510
	pair: 64     ->	taxon1: C.sinensis	taxon2: L.gigantea
	            	positions below base line: 426
	pair: 65     ->	taxon1: C.sinensis	taxon2: R.norvegic
	            	positions below base line: 447
	pair: 66     ->	taxon1: L.gigantea	taxon2: R.norvegic
	            	positions below base line: 272

	generates quality profile from collected scores ...


	scoring done ...


	generates vector plot from collected scores ...


Argument "-" treated as 0 in increment (++) at /usr/bin/Aliscore.pl line 1213.
	Profile written to EOG091G075F.clustalo.aln.fasta_Profile_random.txt
	List   written to EOG091G075F.clustalo.aln.fasta_List_random.txt

	time used: 4.03 sec

