
	reading taxa from FASTA ...


	M.lignano            -> sites: 1144  
	R.norvegicus         -> sites: 1144  
	O.viverrini          -> sites: 1144  
	C.intestinalis       -> sites: 1144  
	D.melanogaster       -> sites: 1144  
	G.turnbulli          -> sites: 1144  
	D.rerio              -> sites: 1144  
	H.robusta            -> sites: 1144  
	H.microstoma         -> sites: 1144  
	G.salaris            -> sites: 1144  
	E.granulosus         -> sites: 1144  
	T.solium             -> sites: 1144  


	data type             : amino acid sequences

	input ...

	infile		: EOG091G07IK.clustalo.aln.fasta
	random pairs	: 200000000000000000
	window size	: 6
	indels		: ambiguous
	tree file	: -
	node level	: -
	strict profile	: -
	outgroup	: -
	matrix          : BLOSUM62

	number of taxa        : 12
	random number of pairs: 200000000000000000

	generates threshhold value for amino acid data
	using BLOSUM62

	checks for (potential) identical taxa


	scores site patterns ...


	max number of different pairs is 66
	max random pairs are scored!

	pair: 1      ->	taxon1: M.lignano 	taxon2: R.norvegic
	            	positions below base line: 616
	pair: 2      ->	taxon1: M.lignano 	taxon2: O.viverrin
	            	positions below base line: 736
	pair: 3      ->	taxon1: M.lignano 	taxon2: C.intestin
	            	positions below base line: 629
	pair: 4      ->	taxon1: M.lignano 	taxon2: D.melanoga
	            	positions below base line: 657
	pair: 5      ->	taxon1: M.lignano 	taxon2: G.turnbull
	            	positions below base line: 749
	pair: 6      ->	taxon1: M.lignano 	taxon2: D.rerio   
	            	positions below base line: 618
	pair: 7      ->	taxon1: M.lignano 	taxon2: H.robusta 
	            	positions below base line: 619
	pair: 8      ->	taxon1: M.lignano 	taxon2: H.microsto
	            	positions below base line: 765
	pair: 9      ->	taxon1: M.lignano 	taxon2: G.salaris 
	            	positions below base line: 849
	pair: 10     ->	taxon1: M.lignano 	taxon2: E.granulos
	            	positions below base line: 746
	pair: 11     ->	taxon1: M.lignano 	taxon2: T.solium  
	            	positions below base line: 697
	pair: 12     ->	taxon1: R.norvegic	taxon2: O.viverrin
	            	positions below base line: 703
	pair: 13     ->	taxon1: R.norvegic	taxon2: C.intestin
	            	positions below base line: 576
	pair: 14     ->	taxon1: R.norvegic	taxon2: D.melanoga
	            	positions below base line: 628
	pair: 15     ->	taxon1: R.norvegic	taxon2: G.turnbull
	            	positions below base line: 755
	pair: 16     ->	taxon1: R.norvegic	taxon2: D.rerio   
	            	positions below base line: 523
	pair: 17     ->	taxon1: R.norvegic	taxon2: H.robusta 
	            	positions below base line: 565
	pair: 18     ->	taxon1: R.norvegic	taxon2: H.microsto
	            	positions below base line: 728
	pair: 19     ->	taxon1: R.norvegic	taxon2: G.salaris 
	            	positions below base line: 828
	pair: 20     ->	taxon1: R.norvegic	taxon2: E.granulos
	            	positions below base line: 726
	pair: 21     ->	taxon1: R.norvegic	taxon2: T.solium  
	            	positions below base line: 685
	pair: 22     ->	taxon1: O.viverrin	taxon2: C.intestin
	            	positions below base line: 728
	pair: 23     ->	taxon1: O.viverrin	taxon2: D.melanoga
	            	positions below base line: 757
	pair: 24     ->	taxon1: O.viverrin	taxon2: G.turnbull
	            	positions below base line: 829
	pair: 25     ->	taxon1: O.viverrin	taxon2: D.rerio   
	            	positions below base line: 697
	pair: 26     ->	taxon1: O.viverrin	taxon2: H.robusta 
	            	positions below base line: 695
	pair: 27     ->	taxon1: O.viverrin	taxon2: H.microsto
	            	positions below base line: 816
	pair: 28     ->	taxon1: O.viverrin	taxon2: G.salaris 
	            	positions below base line: 885
	pair: 29     ->	taxon1: O.viverrin	taxon2: E.granulos
	            	positions below base line: 817
	pair: 30     ->	taxon1: O.viverrin	taxon2: T.solium  
	            	positions below base line: 772
	pair: 31     ->	taxon1: C.intestin	taxon2: D.melanoga
	            	positions below base line: 623
	pair: 32     ->	taxon1: C.intestin	taxon2: G.turnbull
	            	positions below base line: 757
	pair: 33     ->	taxon1: C.intestin	taxon2: D.rerio   
	            	positions below base line: 563
	pair: 34     ->	taxon1: C.intestin	taxon2: H.robusta 
	            	positions below base line: 580
	pair: 35     ->	taxon1: C.intestin	taxon2: H.microsto
	            	positions below base line: 729
	pair: 36     ->	taxon1: C.intestin	taxon2: G.salaris 
	            	positions below base line: 843
	pair: 37     ->	taxon1: C.intestin	taxon2: E.granulos
	            	positions below base line: 720
	pair: 38     ->	taxon1: C.intestin	taxon2: T.solium  
	            	positions below base line: 681
	pair: 39     ->	taxon1: D.melanoga	taxon2: G.turnbull
	            	positions below base line: 788
	pair: 40     ->	taxon1: D.melanoga	taxon2: D.rerio   
	            	positions below base line: 628
	pair: 41     ->	taxon1: D.melanoga	taxon2: H.robusta 
	            	positions below base line: 621
	pair: 42     ->	taxon1: D.melanoga	taxon2: H.microsto
	            	positions below base line: 741
	pair: 43     ->	taxon1: D.melanoga	taxon2: G.salaris 
	            	positions below base line: 853
	pair: 44     ->	taxon1: D.melanoga	taxon2: E.granulos
	            	positions below base line: 750
	pair: 45     ->	taxon1: D.melanoga	taxon2: T.solium  
	            	positions below base line: 699
	pair: 46     ->	taxon1: G.turnbull	taxon2: D.rerio   
	            	positions below base line: 760
	pair: 47     ->	taxon1: G.turnbull	taxon2: H.robusta 
	            	positions below base line: 772
	pair: 48     ->	taxon1: G.turnbull	taxon2: H.microsto
	            	positions below base line: 786
	pair: 49     ->	taxon1: G.turnbull	taxon2: G.salaris 
	            	positions below base line: 727
	pair: 50     ->	taxon1: G.turnbull	taxon2: E.granulos
	            	positions below base line: 749
	pair: 51     ->	taxon1: G.turnbull	taxon2: T.solium  
	            	positions below base line: 749
	pair: 52     ->	taxon1: D.rerio   	taxon2: H.robusta 
	            	positions below base line: 557
	pair: 53     ->	taxon1: D.rerio   	taxon2: H.microsto
	            	positions below base line: 730
	pair: 54     ->	taxon1: D.rerio   	taxon2: G.salaris 
	            	positions below base line: 845
	pair: 55     ->	taxon1: D.rerio   	taxon2: E.granulos
	            	positions below base line: 731
	pair: 56     ->	taxon1: D.rerio   	taxon2: T.solium  
	            	positions below base line: 682
	pair: 57     ->	taxon1: H.robusta 	taxon2: H.microsto
	            	positions below base line: 746
	pair: 58     ->	taxon1: H.robusta 	taxon2: G.salaris 
	            	positions below base line: 844
	pair: 59     ->	taxon1: H.robusta 	taxon2: E.granulos
	            	positions below base line: 745
	pair: 60     ->	taxon1: H.robusta 	taxon2: T.solium  
	            	positions below base line: 698
	pair: 61     ->	taxon1: H.microsto	taxon2: G.salaris 
	            	positions below base line: 858
	pair: 62     ->	taxon1: H.microsto	taxon2: E.granulos
	            	positions below base line: 633
	pair: 63     ->	taxon1: H.microsto	taxon2: T.solium  
	            	positions below base line: 630
	pair: 64     ->	taxon1: G.salaris 	taxon2: E.granulos
	            	positions below base line: 837
	pair: 65     ->	taxon1: G.salaris 	taxon2: T.solium  
	            	positions below base line: 842
	pair: 66     ->	taxon1: E.granulos	taxon2: T.solium  
	            	positions below base line: 594

	generates quality profile from collected scores ...


	scoring done ...


	generates vector plot from collected scores ...


Argument "-" treated as 0 in increment (++) at /usr/bin/Aliscore.pl line 1213.
	Profile written to EOG091G07IK.clustalo.aln.fasta_Profile_random.txt
	List   written to EOG091G07IK.clustalo.aln.fasta_List_random.txt

	time used: 4.09 sec

