
RAxML can't, parse the alignment file as phylip file 
it will now try to parse it as FASTA file


This is the RAxML Master Pthread

This is RAxML Worker Pthread Number: 1


This is RAxML version 8.2.12 released by Alexandros Stamatakis on May 2018.

With greatly appreciated code contributions by:
Andre Aberer      (HITS)
Simon Berger      (HITS)
Alexey Kozlov     (HITS)
Kassian Kobert    (HITS)
David Dao         (KIT and HITS)
Sarah Lutteropp   (KIT and HITS)
Nick Pattengale   (Sandia)
Wayne Pfeiffer    (SDSC)
Akifumi S. Tanabe (NRIFS)
Charlie Taylor    (UF)


Alignment has 320 distinct alignment patterns

Proportion of gaps and completely undetermined characters in this alignment: 5.27%

RAxML rapid bootstrapping and subsequent ML search

Using 1 distinct models/data partitions with joint branch length optimization



Executing 100 rapid bootstrap inferences and thereafter a thorough ML search 

All free model parameters will be estimated by RAxML
GAMMA model of rate heterogeneity, ML estimate of alpha-parameter

GAMMA Model parameters will be estimated up to an accuracy of 0.1000000000 Log Likelihood units

Partition: 0
Alignment Patterns: 320
Name: No Name Provided
DataType: AA
Substitution Matrix: LG
Using empirical base frequencies




RAxML was called as follows:

raxml -f a -T 2 -m PROTGAMMALGF -p 12345 -x 12345 -# 100 -s ALICUT_EOG091G06U0.clustalo.aln.fasta -n EOG091G06U0.clustalo.aln.ALICUT.LGF 



Time for BS model parameter optimization 0.123566
Bootstrap[0]: Time 0.906810 seconds, bootstrap likelihood -5489.127382, best rearrangement setting 13
Bootstrap[1]: Time 0.741628 seconds, bootstrap likelihood -5535.201815, best rearrangement setting 13
Bootstrap[2]: Time 0.688460 seconds, bootstrap likelihood -5417.976381, best rearrangement setting 12
Bootstrap[3]: Time 0.390369 seconds, bootstrap likelihood -5631.123546, best rearrangement setting 15
Bootstrap[4]: Time 0.731954 seconds, bootstrap likelihood -5239.083456, best rearrangement setting 10
Bootstrap[5]: Time 0.706953 seconds, bootstrap likelihood -5459.359386, best rearrangement setting 10
Bootstrap[6]: Time 0.734048 seconds, bootstrap likelihood -5365.257880, best rearrangement setting 6
Bootstrap[7]: Time 0.781597 seconds, bootstrap likelihood -5451.804476, best rearrangement setting 14
Bootstrap[8]: Time 0.347803 seconds, bootstrap likelihood -5626.039018, best rearrangement setting 5
Bootstrap[9]: Time 0.374141 seconds, bootstrap likelihood -5584.487961, best rearrangement setting 7
Bootstrap[10]: Time 0.696897 seconds, bootstrap likelihood -5215.677458, best rearrangement setting 7
Bootstrap[11]: Time 0.783855 seconds, bootstrap likelihood -5840.771089, best rearrangement setting 5
Bootstrap[12]: Time 0.945600 seconds, bootstrap likelihood -6007.288535, best rearrangement setting 8
Bootstrap[13]: Time 1.254175 seconds, bootstrap likelihood -5412.939870, best rearrangement setting 7
Bootstrap[14]: Time 0.417318 seconds, bootstrap likelihood -5507.926511, best rearrangement setting 12
Bootstrap[15]: Time 1.204854 seconds, bootstrap likelihood -5495.406057, best rearrangement setting 15
Bootstrap[16]: Time 1.122299 seconds, bootstrap likelihood -5447.846371, best rearrangement setting 12
Bootstrap[17]: Time 1.319599 seconds, bootstrap likelihood -5819.742542, best rearrangement setting 12
Bootstrap[18]: Time 1.108501 seconds, bootstrap likelihood -5342.103171, best rearrangement setting 5
Bootstrap[19]: Time 1.044776 seconds, bootstrap likelihood -5308.381462, best rearrangement setting 8
Bootstrap[20]: Time 1.323273 seconds, bootstrap likelihood -5533.620962, best rearrangement setting 10
Bootstrap[21]: Time 0.987182 seconds, bootstrap likelihood -5218.835332, best rearrangement setting 6
Bootstrap[22]: Time 1.234973 seconds, bootstrap likelihood -5568.119660, best rearrangement setting 5
Bootstrap[23]: Time 1.127027 seconds, bootstrap likelihood -5280.489907, best rearrangement setting 7
Bootstrap[24]: Time 1.116882 seconds, bootstrap likelihood -5111.368729, best rearrangement setting 8
Bootstrap[25]: Time 1.178467 seconds, bootstrap likelihood -5697.286568, best rearrangement setting 6
Bootstrap[26]: Time 0.834093 seconds, bootstrap likelihood -5434.787163, best rearrangement setting 12
Bootstrap[27]: Time 0.703048 seconds, bootstrap likelihood -5551.266751, best rearrangement setting 10
Bootstrap[28]: Time 0.753996 seconds, bootstrap likelihood -5512.373201, best rearrangement setting 11
Bootstrap[29]: Time 0.735263 seconds, bootstrap likelihood -5257.961064, best rearrangement setting 12
Bootstrap[30]: Time 0.745683 seconds, bootstrap likelihood -5429.342396, best rearrangement setting 15
Bootstrap[31]: Time 0.380614 seconds, bootstrap likelihood -5299.079089, best rearrangement setting 15
Bootstrap[32]: Time 0.386827 seconds, bootstrap likelihood -5796.527312, best rearrangement setting 6
Bootstrap[33]: Time 0.722383 seconds, bootstrap likelihood -5501.771161, best rearrangement setting 15
Bootstrap[34]: Time 0.829288 seconds, bootstrap likelihood -5716.179400, best rearrangement setting 11
Bootstrap[35]: Time 0.775737 seconds, bootstrap likelihood -5650.033468, best rearrangement setting 8
Bootstrap[36]: Time 0.726361 seconds, bootstrap likelihood -5606.596531, best rearrangement setting 9
Bootstrap[37]: Time 0.677820 seconds, bootstrap likelihood -5225.250481, best rearrangement setting 11
Bootstrap[38]: Time 0.762037 seconds, bootstrap likelihood -5838.559348, best rearrangement setting 8
Bootstrap[39]: Time 0.758784 seconds, bootstrap likelihood -5548.352962, best rearrangement setting 13
Bootstrap[40]: Time 0.710545 seconds, bootstrap likelihood -5293.564209, best rearrangement setting 13
Bootstrap[41]: Time 0.763328 seconds, bootstrap likelihood -5456.139686, best rearrangement setting 10
Bootstrap[42]: Time 0.739316 seconds, bootstrap likelihood -5565.520614, best rearrangement setting 5
Bootstrap[43]: Time 0.746309 seconds, bootstrap likelihood -5732.460462, best rearrangement setting 14
Bootstrap[44]: Time 0.364456 seconds, bootstrap likelihood -5410.222320, best rearrangement setting 10
Bootstrap[45]: Time 0.784890 seconds, bootstrap likelihood -5643.365411, best rearrangement setting 15
Bootstrap[46]: Time 0.800369 seconds, bootstrap likelihood -5696.800974, best rearrangement setting 14
Bootstrap[47]: Time 0.714689 seconds, bootstrap likelihood -5352.189224, best rearrangement setting 8
Bootstrap[48]: Time 0.404177 seconds, bootstrap likelihood -5931.092546, best rearrangement setting 6
Bootstrap[49]: Time 0.754058 seconds, bootstrap likelihood -5677.774285, best rearrangement setting 7
Bootstrap[50]: Time 0.749021 seconds, bootstrap likelihood -5505.006014, best rearrangement setting 7
Bootstrap[51]: Time 0.767514 seconds, bootstrap likelihood -5884.133986, best rearrangement setting 11
Bootstrap[52]: Time 0.781287 seconds, bootstrap likelihood -5425.142685, best rearrangement setting 12
Bootstrap[53]: Time 0.774729 seconds, bootstrap likelihood -5012.452947, best rearrangement setting 8
Bootstrap[54]: Time 0.746525 seconds, bootstrap likelihood -5221.919469, best rearrangement setting 9
Bootstrap[55]: Time 0.778939 seconds, bootstrap likelihood -5611.286653, best rearrangement setting 11
Bootstrap[56]: Time 0.723507 seconds, bootstrap likelihood -5889.973519, best rearrangement setting 5
Bootstrap[57]: Time 0.792544 seconds, bootstrap likelihood -5755.688365, best rearrangement setting 7
Bootstrap[58]: Time 0.781212 seconds, bootstrap likelihood -5784.827337, best rearrangement setting 10
Bootstrap[59]: Time 0.721981 seconds, bootstrap likelihood -5475.892624, best rearrangement setting 9
Bootstrap[60]: Time 0.737254 seconds, bootstrap likelihood -5453.249233, best rearrangement setting 7
Bootstrap[61]: Time 0.758419 seconds, bootstrap likelihood -5493.426350, best rearrangement setting 5
Bootstrap[62]: Time 0.783760 seconds, bootstrap likelihood -5653.398801, best rearrangement setting 11
Bootstrap[63]: Time 0.647424 seconds, bootstrap likelihood -5325.585044, best rearrangement setting 12
Bootstrap[64]: Time 0.692137 seconds, bootstrap likelihood -5276.918008, best rearrangement setting 7
Bootstrap[65]: Time 0.790192 seconds, bootstrap likelihood -5708.153401, best rearrangement setting 5
Bootstrap[66]: Time 0.785806 seconds, bootstrap likelihood -5339.883222, best rearrangement setting 5
Bootstrap[67]: Time 0.683702 seconds, bootstrap likelihood -5332.313308, best rearrangement setting 15
Bootstrap[68]: Time 0.403290 seconds, bootstrap likelihood -5846.987080, best rearrangement setting 11
Bootstrap[69]: Time 0.760348 seconds, bootstrap likelihood -5237.377680, best rearrangement setting 5
Bootstrap[70]: Time 0.371502 seconds, bootstrap likelihood -5605.011123, best rearrangement setting 8
Bootstrap[71]: Time 0.739163 seconds, bootstrap likelihood -5367.083669, best rearrangement setting 10
Bootstrap[72]: Time 0.841936 seconds, bootstrap likelihood -5669.793399, best rearrangement setting 11
Bootstrap[73]: Time 0.793017 seconds, bootstrap likelihood -5924.018608, best rearrangement setting 9
Bootstrap[74]: Time 0.833213 seconds, bootstrap likelihood -5642.963653, best rearrangement setting 5
Bootstrap[75]: Time 0.802975 seconds, bootstrap likelihood -5606.385117, best rearrangement setting 8
Bootstrap[76]: Time 0.776893 seconds, bootstrap likelihood -5750.065064, best rearrangement setting 9
Bootstrap[77]: Time 0.789313 seconds, bootstrap likelihood -5518.696371, best rearrangement setting 11
Bootstrap[78]: Time 0.785336 seconds, bootstrap likelihood -5671.091276, best rearrangement setting 15
Bootstrap[79]: Time 0.669570 seconds, bootstrap likelihood -5540.468866, best rearrangement setting 9
Bootstrap[80]: Time 0.791754 seconds, bootstrap likelihood -5788.700979, best rearrangement setting 15
Bootstrap[81]: Time 0.821944 seconds, bootstrap likelihood -5826.770084, best rearrangement setting 7
Bootstrap[82]: Time 0.726991 seconds, bootstrap likelihood -5365.219460, best rearrangement setting 6
Bootstrap[83]: Time 0.378343 seconds, bootstrap likelihood -5492.206757, best rearrangement setting 10
Bootstrap[84]: Time 0.662404 seconds, bootstrap likelihood -5053.047306, best rearrangement setting 11
Bootstrap[85]: Time 0.808076 seconds, bootstrap likelihood -5529.421789, best rearrangement setting 8
Bootstrap[86]: Time 0.810460 seconds, bootstrap likelihood -5401.067448, best rearrangement setting 7
Bootstrap[87]: Time 0.768774 seconds, bootstrap likelihood -5299.755005, best rearrangement setting 7
Bootstrap[88]: Time 0.783819 seconds, bootstrap likelihood -5203.163150, best rearrangement setting 12
Bootstrap[89]: Time 0.701267 seconds, bootstrap likelihood -5481.193011, best rearrangement setting 10
Bootstrap[90]: Time 0.397224 seconds, bootstrap likelihood -5701.271129, best rearrangement setting 8
Bootstrap[91]: Time 0.759071 seconds, bootstrap likelihood -5247.267521, best rearrangement setting 12
Bootstrap[92]: Time 0.737680 seconds, bootstrap likelihood -5588.270784, best rearrangement setting 13
Bootstrap[93]: Time 0.772050 seconds, bootstrap likelihood -5682.824674, best rearrangement setting 15
Bootstrap[94]: Time 0.714427 seconds, bootstrap likelihood -5863.890290, best rearrangement setting 5
Bootstrap[95]: Time 0.755112 seconds, bootstrap likelihood -5611.712148, best rearrangement setting 5
Bootstrap[96]: Time 0.799720 seconds, bootstrap likelihood -5627.562308, best rearrangement setting 13
Bootstrap[97]: Time 0.820342 seconds, bootstrap likelihood -5736.488169, best rearrangement setting 11
Bootstrap[98]: Time 0.774732 seconds, bootstrap likelihood -5658.759610, best rearrangement setting 6
Bootstrap[99]: Time 0.769113 seconds, bootstrap likelihood -5594.099683, best rearrangement setting 14


Overall Time for 100 Rapid Bootstraps 76.480692 seconds
Average Time per Rapid Bootstrap 0.764807 seconds

Starting ML Search ...

Fast ML optimization finished

Fast ML search Time: 61.179653 seconds

Slow ML Search 0 Likelihood: -5534.821565
Slow ML Search 1 Likelihood: -5534.821565
Slow ML Search 2 Likelihood: -5534.821565
Slow ML Search 3 Likelihood: -5534.821565
Slow ML Search 4 Likelihood: -5534.821565
Slow ML Search 5 Likelihood: -5534.821565
Slow ML Search 6 Likelihood: -5534.821565
Slow ML Search 7 Likelihood: -5534.821565
Slow ML Search 8 Likelihood: -5534.821565
Slow ML Search 9 Likelihood: -5534.821565
Slow ML optimization finished

Slow ML search Time: 25.482649 seconds
Thorough ML search Time: 1.553118 seconds

Final ML Optimization Likelihood: -5534.821565

Model Information:

Model Parameters of Partition 0, Name: No Name Provided, Type of Data: AA
alpha: 0.596315
Tree-Length: 3.053566
rate A <-> R: 0.399182
rate A <-> N: 0.259945
rate A <-> D: 0.371058
rate A <-> C: 2.337364
rate A <-> Q: 0.910775
rate A <-> E: 0.975241
rate A <-> G: 1.940106
rate A <-> H: 0.336984
rate A <-> I: 0.140697
rate A <-> L: 0.371240
rate A <-> K: 0.503815
rate A <-> M: 1.055520
rate A <-> F: 0.238237
rate A <-> P: 1.105868
rate A <-> S: 4.439041
rate A <-> T: 2.009090
rate A <-> W: 0.169702
rate A <-> Y: 0.205613
rate A <-> V: 2.392567
rate R <-> N: 0.706048
rate R <-> D: 0.116398
rate R <-> C: 0.501968
rate R <-> Q: 2.636754
rate R <-> E: 0.341785
rate R <-> G: 0.366408
rate R <-> H: 2.278690
rate R <-> I: 0.119250
rate R <-> L: 0.283449
rate R <-> K: 5.940467
rate R <-> M: 0.454623
rate R <-> F: 0.049508
rate R <-> P: 0.312264
rate R <-> S: 0.805843
rate R <-> T: 0.543695
rate R <-> W: 0.557424
rate R <-> Y: 0.295274
rate R <-> V: 0.160471
rate N <-> D: 4.766737
rate N <-> C: 0.496537
rate N <-> Q: 1.592389
rate N <-> E: 0.508692
rate N <-> G: 1.350015
rate N <-> H: 4.234381
rate N <-> I: 0.179830
rate N <-> L: 0.064256
rate N <-> K: 2.014327
rate N <-> M: 0.348390
rate N <-> F: 0.084068
rate N <-> P: 0.151925
rate N <-> S: 3.764032
rate N <-> T: 1.878729
rate N <-> W: 0.042610
rate N <-> Y: 0.574720
rate N <-> V: 0.078587
rate D <-> C: 0.058743
rate D <-> Q: 0.491483
rate D <-> E: 4.924234
rate D <-> G: 0.793424
rate D <-> H: 0.870603
rate D <-> I: 0.010038
rate D <-> L: 0.014157
rate D <-> K: 0.265711
rate D <-> M: 0.023991
rate D <-> F: 0.016354
rate D <-> P: 0.370412
rate D <-> S: 1.164675
rate D <-> T: 0.399902
rate D <-> W: 0.028068
rate D <-> Y: 0.126872
rate D <-> V: 0.035653
rate C <-> Q: 0.079639
rate C <-> E: 0.003286
rate C <-> G: 0.534566
rate C <-> H: 0.601499
rate C <-> I: 0.301083
rate C <-> L: 0.557800
rate C <-> K: 0.012457
rate C <-> M: 0.839207
rate C <-> F: 1.037881
rate C <-> P: 0.070787
rate C <-> S: 2.614753
rate C <-> T: 1.073780
rate C <-> W: 0.629281
rate C <-> Y: 1.094488
rate C <-> V: 1.839864
rate Q <-> E: 3.876936
rate Q <-> G: 0.251626
rate Q <-> H: 4.520102
rate Q <-> I: 0.068413
rate Q <-> L: 0.546954
rate Q <-> K: 3.037150
rate Q <-> M: 1.570619
rate Q <-> F: 0.033669
rate Q <-> P: 0.586241
rate Q <-> S: 1.149231
rate Q <-> T: 1.014297
rate Q <-> W: 0.221802
rate Q <-> Y: 0.241650
rate Q <-> V: 0.197511
rate E <-> G: 0.327583
rate E <-> H: 0.398044
rate E <-> I: 0.041567
rate E <-> L: 0.065426
rate E <-> K: 1.697022
rate E <-> M: 0.163145
rate E <-> F: 0.017664
rate E <-> P: 0.393844
rate E <-> S: 0.574671
rate E <-> T: 0.567695
rate E <-> W: 0.073107
rate E <-> Y: 0.112720
rate E <-> V: 0.230098
rate G <-> H: 0.292498
rate G <-> I: 0.008174
rate G <-> L: 0.041563
rate G <-> K: 0.278555
rate G <-> M: 0.131033
rate G <-> F: 0.084125
rate G <-> P: 0.184955
rate G <-> S: 1.633930
rate G <-> T: 0.121922
rate G <-> W: 0.252125
rate G <-> Y: 0.051346
rate G <-> V: 0.072026
rate H <-> I: 0.102245
rate H <-> L: 0.343988
rate H <-> K: 0.654763
rate H <-> M: 0.415502
rate H <-> F: 0.640560
rate H <-> P: 0.477834
rate H <-> S: 0.929667
rate H <-> T: 0.548649
rate H <-> W: 0.560661
rate H <-> Y: 4.983361
rate H <-> V: 0.111759
rate I <-> L: 3.892408
rate I <-> K: 0.149373
rate I <-> M: 4.013113
rate I <-> F: 1.044902
rate I <-> P: 0.073509
rate I <-> S: 0.060198
rate I <-> T: 0.970728
rate I <-> W: 0.104854
rate I <-> Y: 0.218350
rate I <-> V: 10.000000
rate L <-> K: 0.129119
rate L <-> M: 5.927594
rate L <-> F: 2.434657
rate L <-> P: 0.233879
rate L <-> S: 0.171176
rate L <-> T: 0.284471
rate L <-> W: 0.581863
rate L <-> Y: 0.281383
rate L <-> V: 1.598956
rate K <-> M: 0.616581
rate K <-> F: 0.022460
rate K <-> P: 0.366530
rate K <-> S: 0.703048
rate K <-> T: 1.067567
rate K <-> W: 0.046864
rate K <-> Y: 0.123890
rate K <-> V: 0.173913
rate M <-> F: 1.689205
rate M <-> P: 0.093763
rate M <-> S: 0.325811
rate M <-> T: 1.897216
rate M <-> W: 0.653740
rate M <-> Y: 0.451968
rate M <-> V: 1.782983
rate F <-> P: 0.088706
rate F <-> S: 0.339765
rate F <-> T: 0.154944
rate F <-> W: 2.307349
rate F <-> Y: 7.328222
rate F <-> V: 0.614777
rate P <-> S: 1.256567
rate P <-> T: 0.536635
rate P <-> W: 0.089332
rate P <-> Y: 0.084151
rate P <-> V: 0.278428
rate S <-> T: 6.077767
rate S <-> W: 0.233693
rate S <-> Y: 0.376132
rate S <-> V: 0.092373
rate T <-> W: 0.132241
rate T <-> Y: 0.230856
rate T <-> V: 2.054781
rate W <-> Y: 2.959699
rate W <-> V: 0.177959
rate Y <-> V: 0.234116

freq pi(A): 0.035118
freq pi(R): 0.048373
freq pi(N): 0.059046
freq pi(D): 0.051128
freq pi(C): 0.020485
freq pi(Q): 0.038561
freq pi(E): 0.055087
freq pi(G): 0.041659
freq pi(H): 0.039077
freq pi(I): 0.061112
freq pi(L): 0.123257
freq pi(K): 0.060423
freq pi(M): 0.019280
freq pi(F): 0.058530
freq pi(P): 0.056636
freq pi(S): 0.059391
freq pi(T): 0.055948
freq pi(W): 0.008435
freq pi(Y): 0.048545
freq pi(V): 0.059907


ML search took 88.238763 secs or 0.024511 hours

Combined Bootstrap and ML search took 164.719740 secs or 0.045755 hours

Drawing Bootstrap Support Values on best-scoring ML tree ...



Found 1 tree in File /in/RAxML_bestTree.EOG091G06U0.clustalo.aln.ALICUT.LGF



Found 1 tree in File /in/RAxML_bestTree.EOG091G06U0.clustalo.aln.ALICUT.LGF

Program execution info written to /in/RAxML_info.EOG091G06U0.clustalo.aln.ALICUT.LGF
All 100 bootstrapped trees written to: /in/RAxML_bootstrap.EOG091G06U0.clustalo.aln.ALICUT.LGF

Best-scoring ML tree written to: /in/RAxML_bestTree.EOG091G06U0.clustalo.aln.ALICUT.LGF

Best-scoring ML tree with support values written to: /in/RAxML_bipartitions.EOG091G06U0.clustalo.aln.ALICUT.LGF

Best-scoring ML tree with support values as branch labels written to: /in/RAxML_bipartitionsBranchLabels.EOG091G06U0.clustalo.aln.ALICUT.LGF

Overall execution time for full ML analysis: 164.722205 secs or 0.045756 hours or 0.001907 days

