--2018-12-15 02:35:15--  http://www.orthodb.org/fasta?query=EOG091G02LY&level=33208
Resolving www.orthodb.org (www.orthodb.org)... 142.93.108.123, 2a03:b0c0:3:d0::d19:7001
Connecting to www.orthodb.org (www.orthodb.org)|142.93.108.123|:80... connected.
HTTP request sent, awaiting response... 301 Moved Permanently
Location: https://www.orthodb.org/fasta?query=EOG091G02LY&level=33208 [following]
--2018-12-15 02:35:15--  https://www.orthodb.org/fasta?query=EOG091G02LY&level=33208
Connecting to www.orthodb.org (www.orthodb.org)|142.93.108.123|:443... connected.
HTTP request sent, awaiting response... 200 OK
Length: 920990 (899K) [text/plain]
Saving to: ‘EOG091G02LY/EOG091G02LY.orthodb.fasta’

     0K .......... .......... .......... .......... ..........  5% 1,28M 1s
    50K .......... .......... .......... .......... .......... 11% 2,42M 0s
   100K .......... .......... .......... .......... .......... 16% 2,14M 0s
   150K .......... .......... .......... .......... .......... 22% 2,68M 0s
   200K .......... .......... .......... .......... .......... 27% 2,50M 0s
   250K .......... .......... .......... .......... .......... 33% 2,51M 0s
   300K .......... .......... .......... .......... .......... 38% 3,13M 0s
   350K .......... .......... .......... .......... .......... 44% 2,01M 0s
   400K .......... .......... .......... .......... .......... 50% 13,6M 0s
   450K .......... .......... .......... .......... .......... 55% 2,73M 0s
   500K .......... .......... .......... .......... .......... 61% 2,48M 0s
   550K .......... .......... .......... .......... .......... 66% 2,50M 0s
   600K .......... .......... .......... .......... .......... 72% 2,37M 0s
   650K .......... .......... .......... .......... .......... 77% 3,24M 0s
   700K .......... .......... .......... .......... .......... 83% 7,76M 0s
   750K .......... .......... .......... .......... .......... 88% 2,42M 0s
   800K .......... .......... .......... .......... .......... 94% 2,50M 0s
   850K .......... .......... .......... .......... ......... 100% 2,39M=0,3s

2018-12-15 02:35:16 (2,58 MB/s) - ‘EOG091G02LY/EOG091G02LY.orthodb.fasta’ saved [920990/920990]

