
WARNING: The number of threads is currently set to 1
You can specify the number of threads to run via -T numberOfThreads
NumberOfThreads must be set to an integer value greater than 1

RAxML, will now set the number of threads automatically to 2 !


RAxML can't, parse the alignment file as phylip file 
it will now try to parse it as FASTA file


This is the RAxML Master Pthread

This is RAxML Worker Pthread Number: 1


This is RAxML version 8.2.12 released by Alexandros Stamatakis on May 2018.

With greatly appreciated code contributions by:
Andre Aberer      (HITS)
Simon Berger      (HITS)
Alexey Kozlov     (HITS)
Kassian Kobert    (HITS)
David Dao         (KIT and HITS)
Sarah Lutteropp   (KIT and HITS)
Nick Pattengale   (Sandia)
Wayne Pfeiffer    (SDSC)
Akifumi S. Tanabe (NRIFS)
Charlie Taylor    (UF)


Alignment has 158 distinct alignment patterns

Proportion of gaps and completely undetermined characters in this alignment: 10.40%

RAxML rapid bootstrapping and subsequent ML search

Using 1 distinct models/data partitions with joint branch length optimization



Executing 100 rapid bootstrap inferences and thereafter a thorough ML search 

All free model parameters will be estimated by RAxML
GAMMA model of rate heterogeneity, ML estimate of alpha-parameter

GAMMA Model parameters will be estimated up to an accuracy of 0.1000000000 Log Likelihood units

Partition: 0
Alignment Patterns: 158
Name: No Name Provided
DataType: AA
Substitution Matrix: LG
Using empirical base frequencies




RAxML was called as follows:

raxml -f a -T 1 -m PROTGAMMALGF -p 12345 -x 12345 -# 100 -s ALICUT_EOG091G0MVR.clustalo.aln.fasta -n EOG091G0MVR.clustalo.aln.ALICUT.LGF 



Time for BS model parameter optimization 0.047273
Bootstrap[0]: Time 0.475337 seconds, bootstrap likelihood -2687.552770, best rearrangement setting 13
Bootstrap[1]: Time 0.728382 seconds, bootstrap likelihood -2568.723027, best rearrangement setting 13
Bootstrap[2]: Time 0.807202 seconds, bootstrap likelihood -2484.563443, best rearrangement setting 12
Bootstrap[3]: Time 0.905254 seconds, bootstrap likelihood -2782.802017, best rearrangement setting 15
Bootstrap[4]: Time 0.742658 seconds, bootstrap likelihood -2599.727769, best rearrangement setting 10
Bootstrap[5]: Time 0.835981 seconds, bootstrap likelihood -2788.187974, best rearrangement setting 10
Bootstrap[6]: Time 0.319617 seconds, bootstrap likelihood -2467.227287, best rearrangement setting 6
Bootstrap[7]: Time 0.367333 seconds, bootstrap likelihood -2621.965680, best rearrangement setting 14
Bootstrap[8]: Time 0.337714 seconds, bootstrap likelihood -2468.198931, best rearrangement setting 5
Bootstrap[9]: Time 0.364297 seconds, bootstrap likelihood -2419.902146, best rearrangement setting 7
Bootstrap[10]: Time 0.745249 seconds, bootstrap likelihood -2650.061802, best rearrangement setting 7
Bootstrap[11]: Time 0.802522 seconds, bootstrap likelihood -2692.290994, best rearrangement setting 5
Bootstrap[12]: Time 0.723461 seconds, bootstrap likelihood -2479.139206, best rearrangement setting 8
Bootstrap[13]: Time 0.698867 seconds, bootstrap likelihood -2692.336119, best rearrangement setting 7
Bootstrap[14]: Time 0.765726 seconds, bootstrap likelihood -2503.494207, best rearrangement setting 12
Bootstrap[15]: Time 0.739229 seconds, bootstrap likelihood -2695.133109, best rearrangement setting 15
Bootstrap[16]: Time 0.736327 seconds, bootstrap likelihood -2686.750359, best rearrangement setting 12
Bootstrap[17]: Time 0.843025 seconds, bootstrap likelihood -2374.572067, best rearrangement setting 12
Bootstrap[18]: Time 0.754317 seconds, bootstrap likelihood -2521.185744, best rearrangement setting 5
Bootstrap[19]: Time 0.764721 seconds, bootstrap likelihood -2732.043619, best rearrangement setting 8
Bootstrap[20]: Time 0.794263 seconds, bootstrap likelihood -2674.358613, best rearrangement setting 10
Bootstrap[21]: Time 0.794122 seconds, bootstrap likelihood -2631.244297, best rearrangement setting 6
Bootstrap[22]: Time 0.671383 seconds, bootstrap likelihood -2421.532589, best rearrangement setting 5
Bootstrap[23]: Time 0.739266 seconds, bootstrap likelihood -2782.147143, best rearrangement setting 7
Bootstrap[24]: Time 0.374742 seconds, bootstrap likelihood -2663.935277, best rearrangement setting 8
Bootstrap[25]: Time 0.751376 seconds, bootstrap likelihood -2660.698700, best rearrangement setting 6
Bootstrap[26]: Time 0.785221 seconds, bootstrap likelihood -2706.798365, best rearrangement setting 12
Bootstrap[27]: Time 0.303331 seconds, bootstrap likelihood -2497.755266, best rearrangement setting 10
Bootstrap[28]: Time 0.342608 seconds, bootstrap likelihood -2593.367573, best rearrangement setting 11
Bootstrap[29]: Time 0.731770 seconds, bootstrap likelihood -2652.168020, best rearrangement setting 12
Bootstrap[30]: Time 0.354266 seconds, bootstrap likelihood -2556.997791, best rearrangement setting 15
Bootstrap[31]: Time 0.792021 seconds, bootstrap likelihood -2623.536184, best rearrangement setting 15
Bootstrap[32]: Time 0.770802 seconds, bootstrap likelihood -2592.088739, best rearrangement setting 6
Bootstrap[33]: Time 0.757221 seconds, bootstrap likelihood -2588.952238, best rearrangement setting 15
Bootstrap[34]: Time 0.800757 seconds, bootstrap likelihood -2756.122954, best rearrangement setting 11
Bootstrap[35]: Time 0.745183 seconds, bootstrap likelihood -2561.598911, best rearrangement setting 8
Bootstrap[36]: Time 0.851950 seconds, bootstrap likelihood -2593.426331, best rearrangement setting 9
Bootstrap[37]: Time 0.710592 seconds, bootstrap likelihood -2584.960284, best rearrangement setting 11
Bootstrap[38]: Time 0.714731 seconds, bootstrap likelihood -2579.343937, best rearrangement setting 8
Bootstrap[39]: Time 0.752152 seconds, bootstrap likelihood -2602.333173, best rearrangement setting 13
Bootstrap[40]: Time 0.343553 seconds, bootstrap likelihood -2692.859136, best rearrangement setting 13
Bootstrap[41]: Time 0.757001 seconds, bootstrap likelihood -2585.090214, best rearrangement setting 10
Bootstrap[42]: Time 0.751609 seconds, bootstrap likelihood -2514.293278, best rearrangement setting 5
Bootstrap[43]: Time 0.719700 seconds, bootstrap likelihood -2448.326772, best rearrangement setting 14
Bootstrap[44]: Time 0.810606 seconds, bootstrap likelihood -2789.804980, best rearrangement setting 10
Bootstrap[45]: Time 0.660213 seconds, bootstrap likelihood -2767.633500, best rearrangement setting 15
Bootstrap[46]: Time 0.699519 seconds, bootstrap likelihood -2597.043967, best rearrangement setting 14
Bootstrap[47]: Time 0.781165 seconds, bootstrap likelihood -2771.108569, best rearrangement setting 8
Bootstrap[48]: Time 0.761915 seconds, bootstrap likelihood -2478.618347, best rearrangement setting 6
Bootstrap[49]: Time 0.660028 seconds, bootstrap likelihood -2518.641904, best rearrangement setting 7
Bootstrap[50]: Time 0.336059 seconds, bootstrap likelihood -2519.170712, best rearrangement setting 7
Bootstrap[51]: Time 0.696809 seconds, bootstrap likelihood -2586.724388, best rearrangement setting 11
Bootstrap[52]: Time 0.696868 seconds, bootstrap likelihood -2659.787577, best rearrangement setting 12
Bootstrap[53]: Time 0.793289 seconds, bootstrap likelihood -2770.797660, best rearrangement setting 8
Bootstrap[54]: Time 0.780990 seconds, bootstrap likelihood -2556.185882, best rearrangement setting 9
Bootstrap[55]: Time 0.799902 seconds, bootstrap likelihood -2612.447991, best rearrangement setting 11
Bootstrap[56]: Time 0.357322 seconds, bootstrap likelihood -2533.891037, best rearrangement setting 5
Bootstrap[57]: Time 0.371752 seconds, bootstrap likelihood -2444.183262, best rearrangement setting 7
Bootstrap[58]: Time 0.348386 seconds, bootstrap likelihood -2562.386459, best rearrangement setting 10
Bootstrap[59]: Time 0.313160 seconds, bootstrap likelihood -2429.404506, best rearrangement setting 9
Bootstrap[60]: Time 0.767711 seconds, bootstrap likelihood -2751.622694, best rearrangement setting 7
Bootstrap[61]: Time 0.727576 seconds, bootstrap likelihood -2552.293043, best rearrangement setting 5
Bootstrap[62]: Time 0.796162 seconds, bootstrap likelihood -2508.089690, best rearrangement setting 11
Bootstrap[63]: Time 0.810383 seconds, bootstrap likelihood -2594.342584, best rearrangement setting 12
Bootstrap[64]: Time 0.784526 seconds, bootstrap likelihood -2644.110079, best rearrangement setting 7
Bootstrap[65]: Time 0.753444 seconds, bootstrap likelihood -2430.409184, best rearrangement setting 5
Bootstrap[66]: Time 0.332017 seconds, bootstrap likelihood -2548.799570, best rearrangement setting 5
Bootstrap[67]: Time 0.731498 seconds, bootstrap likelihood -2722.687825, best rearrangement setting 15
Bootstrap[68]: Time 0.768676 seconds, bootstrap likelihood -2644.431474, best rearrangement setting 11
Bootstrap[69]: Time 0.363605 seconds, bootstrap likelihood -2592.377027, best rearrangement setting 5
Bootstrap[70]: Time 0.348046 seconds, bootstrap likelihood -2534.877090, best rearrangement setting 8
Bootstrap[71]: Time 0.680464 seconds, bootstrap likelihood -2661.826901, best rearrangement setting 10
Bootstrap[72]: Time 0.723361 seconds, bootstrap likelihood -2393.826704, best rearrangement setting 11
Bootstrap[73]: Time 0.698596 seconds, bootstrap likelihood -2579.685018, best rearrangement setting 9
Bootstrap[74]: Time 0.518540 seconds, bootstrap likelihood -2674.559708, best rearrangement setting 5
Bootstrap[75]: Time 0.402764 seconds, bootstrap likelihood -2425.029944, best rearrangement setting 8
Bootstrap[76]: Time 0.417866 seconds, bootstrap likelihood -2704.413342, best rearrangement setting 9
Bootstrap[77]: Time 0.516721 seconds, bootstrap likelihood -2694.490016, best rearrangement setting 11
Bootstrap[78]: Time 0.443265 seconds, bootstrap likelihood -2584.411845, best rearrangement setting 15
Bootstrap[79]: Time 0.469788 seconds, bootstrap likelihood -2667.066190, best rearrangement setting 9
Bootstrap[80]: Time 0.613523 seconds, bootstrap likelihood -2599.660455, best rearrangement setting 15
Bootstrap[81]: Time 0.536167 seconds, bootstrap likelihood -2676.323006, best rearrangement setting 7
Bootstrap[82]: Time 0.453051 seconds, bootstrap likelihood -2625.894423, best rearrangement setting 6
Bootstrap[83]: Time 0.462300 seconds, bootstrap likelihood -2681.645858, best rearrangement setting 10
Bootstrap[84]: Time 0.444056 seconds, bootstrap likelihood -2551.308266, best rearrangement setting 11
Bootstrap[85]: Time 0.457713 seconds, bootstrap likelihood -2564.688216, best rearrangement setting 8
Bootstrap[86]: Time 0.435212 seconds, bootstrap likelihood -2735.354100, best rearrangement setting 7
Bootstrap[87]: Time 0.419940 seconds, bootstrap likelihood -2542.925702, best rearrangement setting 7
Bootstrap[88]: Time 0.411207 seconds, bootstrap likelihood -2562.832781, best rearrangement setting 12
Bootstrap[89]: Time 0.542580 seconds, bootstrap likelihood -2815.687477, best rearrangement setting 10
Bootstrap[90]: Time 0.448464 seconds, bootstrap likelihood -2540.570547, best rearrangement setting 8
Bootstrap[91]: Time 0.507354 seconds, bootstrap likelihood -2811.204859, best rearrangement setting 12
Bootstrap[92]: Time 0.491876 seconds, bootstrap likelihood -2772.389194, best rearrangement setting 13
Bootstrap[93]: Time 0.497417 seconds, bootstrap likelihood -2663.146379, best rearrangement setting 15
Bootstrap[94]: Time 0.534302 seconds, bootstrap likelihood -2762.491887, best rearrangement setting 5
Bootstrap[95]: Time 0.489647 seconds, bootstrap likelihood -2660.841292, best rearrangement setting 5
Bootstrap[96]: Time 0.481900 seconds, bootstrap likelihood -2677.719711, best rearrangement setting 13
Bootstrap[97]: Time 0.481946 seconds, bootstrap likelihood -2667.343672, best rearrangement setting 11
Bootstrap[98]: Time 0.538253 seconds, bootstrap likelihood -2652.474783, best rearrangement setting 6
Bootstrap[99]: Time 0.524617 seconds, bootstrap likelihood -2504.630628, best rearrangement setting 14


Overall Time for 100 Rapid Bootstraps 61.287501 seconds
Average Time per Rapid Bootstrap 0.612875 seconds

Starting ML Search ...

Fast ML optimization finished

Fast ML search Time: 26.681616 seconds

Slow ML Search 0 Likelihood: -2637.047739
Slow ML Search 1 Likelihood: -2637.047739
Slow ML Search 2 Likelihood: -2637.047739
Slow ML Search 3 Likelihood: -2637.047739
Slow ML Search 4 Likelihood: -2637.047739
Slow ML Search 5 Likelihood: -2637.047739
Slow ML Search 6 Likelihood: -2637.047739
Slow ML Search 7 Likelihood: -2637.047739
Slow ML Search 8 Likelihood: -2637.047739
Slow ML Search 9 Likelihood: -2637.047739
Slow ML optimization finished

Slow ML search Time: 17.085041 seconds
Thorough ML search Time: 1.272301 seconds

Final ML Optimization Likelihood: -2637.047739

Model Information:

Model Parameters of Partition 0, Name: No Name Provided, Type of Data: AA
alpha: 1.455845
Tree-Length: 5.132804
rate A <-> R: 0.399182
rate A <-> N: 0.259945
rate A <-> D: 0.371058
rate A <-> C: 2.337364
rate A <-> Q: 0.910775
rate A <-> E: 0.975241
rate A <-> G: 1.940106
rate A <-> H: 0.336984
rate A <-> I: 0.140697
rate A <-> L: 0.371240
rate A <-> K: 0.503815
rate A <-> M: 1.055520
rate A <-> F: 0.238237
rate A <-> P: 1.105868
rate A <-> S: 4.439041
rate A <-> T: 2.009090
rate A <-> W: 0.169702
rate A <-> Y: 0.205613
rate A <-> V: 2.392567
rate R <-> N: 0.706048
rate R <-> D: 0.116398
rate R <-> C: 0.501968
rate R <-> Q: 2.636754
rate R <-> E: 0.341785
rate R <-> G: 0.366408
rate R <-> H: 2.278690
rate R <-> I: 0.119250
rate R <-> L: 0.283449
rate R <-> K: 5.940467
rate R <-> M: 0.454623
rate R <-> F: 0.049508
rate R <-> P: 0.312264
rate R <-> S: 0.805843
rate R <-> T: 0.543695
rate R <-> W: 0.557424
rate R <-> Y: 0.295274
rate R <-> V: 0.160471
rate N <-> D: 4.766737
rate N <-> C: 0.496537
rate N <-> Q: 1.592389
rate N <-> E: 0.508692
rate N <-> G: 1.350015
rate N <-> H: 4.234381
rate N <-> I: 0.179830
rate N <-> L: 0.064256
rate N <-> K: 2.014327
rate N <-> M: 0.348390
rate N <-> F: 0.084068
rate N <-> P: 0.151925
rate N <-> S: 3.764032
rate N <-> T: 1.878729
rate N <-> W: 0.042610
rate N <-> Y: 0.574720
rate N <-> V: 0.078587
rate D <-> C: 0.058743
rate D <-> Q: 0.491483
rate D <-> E: 4.924234
rate D <-> G: 0.793424
rate D <-> H: 0.870603
rate D <-> I: 0.010038
rate D <-> L: 0.014157
rate D <-> K: 0.265711
rate D <-> M: 0.023991
rate D <-> F: 0.016354
rate D <-> P: 0.370412
rate D <-> S: 1.164675
rate D <-> T: 0.399902
rate D <-> W: 0.028068
rate D <-> Y: 0.126872
rate D <-> V: 0.035653
rate C <-> Q: 0.079639
rate C <-> E: 0.003286
rate C <-> G: 0.534566
rate C <-> H: 0.601499
rate C <-> I: 0.301083
rate C <-> L: 0.557800
rate C <-> K: 0.012457
rate C <-> M: 0.839207
rate C <-> F: 1.037881
rate C <-> P: 0.070787
rate C <-> S: 2.614753
rate C <-> T: 1.073780
rate C <-> W: 0.629281
rate C <-> Y: 1.094488
rate C <-> V: 1.839864
rate Q <-> E: 3.876936
rate Q <-> G: 0.251626
rate Q <-> H: 4.520102
rate Q <-> I: 0.068413
rate Q <-> L: 0.546954
rate Q <-> K: 3.037150
rate Q <-> M: 1.570619
rate Q <-> F: 0.033669
rate Q <-> P: 0.586241
rate Q <-> S: 1.149231
rate Q <-> T: 1.014297
rate Q <-> W: 0.221802
rate Q <-> Y: 0.241650
rate Q <-> V: 0.197511
rate E <-> G: 0.327583
rate E <-> H: 0.398044
rate E <-> I: 0.041567
rate E <-> L: 0.065426
rate E <-> K: 1.697022
rate E <-> M: 0.163145
rate E <-> F: 0.017664
rate E <-> P: 0.393844
rate E <-> S: 0.574671
rate E <-> T: 0.567695
rate E <-> W: 0.073107
rate E <-> Y: 0.112720
rate E <-> V: 0.230098
rate G <-> H: 0.292498
rate G <-> I: 0.008174
rate G <-> L: 0.041563
rate G <-> K: 0.278555
rate G <-> M: 0.131033
rate G <-> F: 0.084125
rate G <-> P: 0.184955
rate G <-> S: 1.633930
rate G <-> T: 0.121922
rate G <-> W: 0.252125
rate G <-> Y: 0.051346
rate G <-> V: 0.072026
rate H <-> I: 0.102245
rate H <-> L: 0.343988
rate H <-> K: 0.654763
rate H <-> M: 0.415502
rate H <-> F: 0.640560
rate H <-> P: 0.477834
rate H <-> S: 0.929667
rate H <-> T: 0.548649
rate H <-> W: 0.560661
rate H <-> Y: 4.983361
rate H <-> V: 0.111759
rate I <-> L: 3.892408
rate I <-> K: 0.149373
rate I <-> M: 4.013113
rate I <-> F: 1.044902
rate I <-> P: 0.073509
rate I <-> S: 0.060198
rate I <-> T: 0.970728
rate I <-> W: 0.104854
rate I <-> Y: 0.218350
rate I <-> V: 10.000000
rate L <-> K: 0.129119
rate L <-> M: 5.927594
rate L <-> F: 2.434657
rate L <-> P: 0.233879
rate L <-> S: 0.171176
rate L <-> T: 0.284471
rate L <-> W: 0.581863
rate L <-> Y: 0.281383
rate L <-> V: 1.598956
rate K <-> M: 0.616581
rate K <-> F: 0.022460
rate K <-> P: 0.366530
rate K <-> S: 0.703048
rate K <-> T: 1.067567
rate K <-> W: 0.046864
rate K <-> Y: 0.123890
rate K <-> V: 0.173913
rate M <-> F: 1.689205
rate M <-> P: 0.093763
rate M <-> S: 0.325811
rate M <-> T: 1.897216
rate M <-> W: 0.653740
rate M <-> Y: 0.451968
rate M <-> V: 1.782983
rate F <-> P: 0.088706
rate F <-> S: 0.339765
rate F <-> T: 0.154944
rate F <-> W: 2.307349
rate F <-> Y: 7.328222
rate F <-> V: 0.614777
rate P <-> S: 1.256567
rate P <-> T: 0.536635
rate P <-> W: 0.089332
rate P <-> Y: 0.084151
rate P <-> V: 0.278428
rate S <-> T: 6.077767
rate S <-> W: 0.233693
rate S <-> Y: 0.376132
rate S <-> V: 0.092373
rate T <-> W: 0.132241
rate T <-> Y: 0.230856
rate T <-> V: 2.054781
rate W <-> Y: 2.959699
rate W <-> V: 0.177959
rate Y <-> V: 0.234116

freq pi(A): 0.048755
freq pi(R): 0.060413
freq pi(N): 0.033916
freq pi(D): 0.092210
freq pi(C): 0.001060
freq pi(Q): 0.040806
freq pi(E): 0.128776
freq pi(G): 0.058824
freq pi(H): 0.013778
freq pi(I): 0.057764
freq pi(L): 0.103339
freq pi(K): 0.071542
freq pi(M): 0.020668
freq pi(F): 0.045575
freq pi(P): 0.025967
freq pi(S): 0.050344
freq pi(T): 0.043455
freq pi(W): 0.030207
freq pi(Y): 0.022258
freq pi(V): 0.050344


ML search took 45.070979 secs or 0.012520 hours

Combined Bootstrap and ML search took 106.358698 secs or 0.029544 hours

Drawing Bootstrap Support Values on best-scoring ML tree ...



Found 1 tree in File /in/RAxML_bestTree.EOG091G0MVR.clustalo.aln.ALICUT.LGF



Found 1 tree in File /in/RAxML_bestTree.EOG091G0MVR.clustalo.aln.ALICUT.LGF

Program execution info written to /in/RAxML_info.EOG091G0MVR.clustalo.aln.ALICUT.LGF
All 100 bootstrapped trees written to: /in/RAxML_bootstrap.EOG091G0MVR.clustalo.aln.ALICUT.LGF

Best-scoring ML tree written to: /in/RAxML_bestTree.EOG091G0MVR.clustalo.aln.ALICUT.LGF

Best-scoring ML tree with support values written to: /in/RAxML_bipartitions.EOG091G0MVR.clustalo.aln.ALICUT.LGF

Best-scoring ML tree with support values as branch labels written to: /in/RAxML_bipartitionsBranchLabels.EOG091G0MVR.clustalo.aln.ALICUT.LGF

Overall execution time for full ML analysis: 106.361752 secs or 0.029545 hours or 0.001231 days

