
RAxML can't, parse the alignment file as phylip file 
it will now try to parse it as FASTA file


This is the RAxML Master Pthread

This is RAxML Worker Pthread Number: 1


This is RAxML version 8.2.12 released by Alexandros Stamatakis on May 2018.

With greatly appreciated code contributions by:
Andre Aberer      (HITS)
Simon Berger      (HITS)
Alexey Kozlov     (HITS)
Kassian Kobert    (HITS)
David Dao         (KIT and HITS)
Sarah Lutteropp   (KIT and HITS)
Nick Pattengale   (Sandia)
Wayne Pfeiffer    (SDSC)
Akifumi S. Tanabe (NRIFS)
Charlie Taylor    (UF)


Alignment has 77 distinct alignment patterns

Proportion of gaps and completely undetermined characters in this alignment: 7.07%

RAxML rapid bootstrapping and subsequent ML search

Using 1 distinct models/data partitions with joint branch length optimization



Executing 100 rapid bootstrap inferences and thereafter a thorough ML search 

All free model parameters will be estimated by RAxML
GAMMA model of rate heterogeneity, ML estimate of alpha-parameter

GAMMA Model parameters will be estimated up to an accuracy of 0.1000000000 Log Likelihood units

Partition: 0
Alignment Patterns: 77
Name: No Name Provided
DataType: AA
Substitution Matrix: LG
Using fixed base frequencies




RAxML was called as follows:

raxml -f a -T 2 -m PROTGAMMALG -p 12345 -x 12345 -# 100 -s ALICUT_EOG091G0LP5.clustalo.aln.fasta -n EOG091G0LP5.clustalo.aln.ALICUT.LG 



Time for BS model parameter optimization 0.013844
Bootstrap[0]: Time 0.268126 seconds, bootstrap likelihood -1233.222992, best rearrangement setting 13
Bootstrap[1]: Time 0.255849 seconds, bootstrap likelihood -1264.387687, best rearrangement setting 13
Bootstrap[2]: Time 0.218593 seconds, bootstrap likelihood -1343.085323, best rearrangement setting 12
Bootstrap[3]: Time 0.256937 seconds, bootstrap likelihood -1237.871812, best rearrangement setting 15
Bootstrap[4]: Time 0.256552 seconds, bootstrap likelihood -1346.561602, best rearrangement setting 10
Bootstrap[5]: Time 0.233151 seconds, bootstrap likelihood -1264.009027, best rearrangement setting 10
Bootstrap[6]: Time 0.229536 seconds, bootstrap likelihood -1175.834861, best rearrangement setting 6
Bootstrap[7]: Time 0.094002 seconds, bootstrap likelihood -1188.840473, best rearrangement setting 14
Bootstrap[8]: Time 0.233238 seconds, bootstrap likelihood -1281.611786, best rearrangement setting 5
Bootstrap[9]: Time 0.203270 seconds, bootstrap likelihood -1214.726479, best rearrangement setting 7
Bootstrap[10]: Time 0.234429 seconds, bootstrap likelihood -1280.446717, best rearrangement setting 7
Bootstrap[11]: Time 0.234151 seconds, bootstrap likelihood -1257.040192, best rearrangement setting 5
Bootstrap[12]: Time 0.237068 seconds, bootstrap likelihood -1361.496611, best rearrangement setting 8
Bootstrap[13]: Time 0.263970 seconds, bootstrap likelihood -1434.381191, best rearrangement setting 7
Bootstrap[14]: Time 0.265099 seconds, bootstrap likelihood -1354.845520, best rearrangement setting 12
Bootstrap[15]: Time 0.303791 seconds, bootstrap likelihood -1270.843802, best rearrangement setting 15
Bootstrap[16]: Time 0.226115 seconds, bootstrap likelihood -1235.374554, best rearrangement setting 12
Bootstrap[17]: Time 0.281331 seconds, bootstrap likelihood -1279.725256, best rearrangement setting 12
Bootstrap[18]: Time 0.282493 seconds, bootstrap likelihood -1283.884578, best rearrangement setting 5
Bootstrap[19]: Time 0.253257 seconds, bootstrap likelihood -1291.488481, best rearrangement setting 8
Bootstrap[20]: Time 0.220940 seconds, bootstrap likelihood -1153.897594, best rearrangement setting 10
Bootstrap[21]: Time 0.245124 seconds, bootstrap likelihood -1344.525896, best rearrangement setting 6
Bootstrap[22]: Time 0.256948 seconds, bootstrap likelihood -1200.991729, best rearrangement setting 5
Bootstrap[23]: Time 0.232161 seconds, bootstrap likelihood -1296.868287, best rearrangement setting 7
Bootstrap[24]: Time 0.215786 seconds, bootstrap likelihood -1383.215957, best rearrangement setting 8
Bootstrap[25]: Time 0.250830 seconds, bootstrap likelihood -1311.366052, best rearrangement setting 6
Bootstrap[26]: Time 0.258782 seconds, bootstrap likelihood -1290.456254, best rearrangement setting 12
Bootstrap[27]: Time 0.123764 seconds, bootstrap likelihood -1376.001934, best rearrangement setting 10
Bootstrap[28]: Time 0.218401 seconds, bootstrap likelihood -1201.229111, best rearrangement setting 11
Bootstrap[29]: Time 0.245735 seconds, bootstrap likelihood -1382.644876, best rearrangement setting 12
Bootstrap[30]: Time 0.185558 seconds, bootstrap likelihood -1135.772771, best rearrangement setting 15
Bootstrap[31]: Time 0.256965 seconds, bootstrap likelihood -1342.355034, best rearrangement setting 15
Bootstrap[32]: Time 0.255089 seconds, bootstrap likelihood -1283.703456, best rearrangement setting 6
Bootstrap[33]: Time 0.282183 seconds, bootstrap likelihood -1445.967816, best rearrangement setting 15
Bootstrap[34]: Time 0.232784 seconds, bootstrap likelihood -1185.060827, best rearrangement setting 11
Bootstrap[35]: Time 0.240686 seconds, bootstrap likelihood -1250.985144, best rearrangement setting 8
Bootstrap[36]: Time 0.230138 seconds, bootstrap likelihood -1275.932973, best rearrangement setting 9
Bootstrap[37]: Time 0.247511 seconds, bootstrap likelihood -1357.089194, best rearrangement setting 11
Bootstrap[38]: Time 0.231793 seconds, bootstrap likelihood -1330.085468, best rearrangement setting 8
Bootstrap[39]: Time 0.245626 seconds, bootstrap likelihood -1136.759684, best rearrangement setting 13
Bootstrap[40]: Time 0.255731 seconds, bootstrap likelihood -1302.087904, best rearrangement setting 13
Bootstrap[41]: Time 0.254532 seconds, bootstrap likelihood -1297.925435, best rearrangement setting 10
Bootstrap[42]: Time 0.253787 seconds, bootstrap likelihood -1337.800061, best rearrangement setting 5
Bootstrap[43]: Time 0.240222 seconds, bootstrap likelihood -1224.552059, best rearrangement setting 14
Bootstrap[44]: Time 0.256859 seconds, bootstrap likelihood -1200.493628, best rearrangement setting 10
Bootstrap[45]: Time 0.208528 seconds, bootstrap likelihood -1283.385933, best rearrangement setting 15
Bootstrap[46]: Time 0.224798 seconds, bootstrap likelihood -1318.116554, best rearrangement setting 14
Bootstrap[47]: Time 0.213123 seconds, bootstrap likelihood -1309.121445, best rearrangement setting 8
Bootstrap[48]: Time 0.236814 seconds, bootstrap likelihood -1217.893971, best rearrangement setting 6
Bootstrap[49]: Time 0.237478 seconds, bootstrap likelihood -1437.149552, best rearrangement setting 7
Bootstrap[50]: Time 0.246862 seconds, bootstrap likelihood -1306.403006, best rearrangement setting 7
Bootstrap[51]: Time 0.234819 seconds, bootstrap likelihood -1243.437156, best rearrangement setting 11
Bootstrap[52]: Time 0.272183 seconds, bootstrap likelihood -1329.659035, best rearrangement setting 12
Bootstrap[53]: Time 0.234119 seconds, bootstrap likelihood -1317.221667, best rearrangement setting 8
Bootstrap[54]: Time 0.232810 seconds, bootstrap likelihood -1323.404494, best rearrangement setting 9
Bootstrap[55]: Time 0.218530 seconds, bootstrap likelihood -1264.857896, best rearrangement setting 11
Bootstrap[56]: Time 0.257613 seconds, bootstrap likelihood -1351.432263, best rearrangement setting 5
Bootstrap[57]: Time 0.232523 seconds, bootstrap likelihood -1420.540879, best rearrangement setting 7
Bootstrap[58]: Time 0.203566 seconds, bootstrap likelihood -1297.954697, best rearrangement setting 10
Bootstrap[59]: Time 0.270443 seconds, bootstrap likelihood -1341.583903, best rearrangement setting 9
Bootstrap[60]: Time 0.243501 seconds, bootstrap likelihood -1367.244069, best rearrangement setting 7
Bootstrap[61]: Time 0.237140 seconds, bootstrap likelihood -1361.533733, best rearrangement setting 5
Bootstrap[62]: Time 0.263230 seconds, bootstrap likelihood -1275.112947, best rearrangement setting 11
Bootstrap[63]: Time 0.240940 seconds, bootstrap likelihood -1307.192739, best rearrangement setting 12
Bootstrap[64]: Time 0.219012 seconds, bootstrap likelihood -1508.501023, best rearrangement setting 7
Bootstrap[65]: Time 0.254164 seconds, bootstrap likelihood -1448.846517, best rearrangement setting 5
Bootstrap[66]: Time 0.238989 seconds, bootstrap likelihood -1256.029394, best rearrangement setting 5
Bootstrap[67]: Time 0.254757 seconds, bootstrap likelihood -1301.440587, best rearrangement setting 15
Bootstrap[68]: Time 0.234189 seconds, bootstrap likelihood -1401.413965, best rearrangement setting 11
Bootstrap[69]: Time 0.246437 seconds, bootstrap likelihood -1287.982275, best rearrangement setting 5
Bootstrap[70]: Time 0.280630 seconds, bootstrap likelihood -1393.804115, best rearrangement setting 8
Bootstrap[71]: Time 0.249475 seconds, bootstrap likelihood -1164.387266, best rearrangement setting 10
Bootstrap[72]: Time 0.283183 seconds, bootstrap likelihood -1380.397989, best rearrangement setting 11
Bootstrap[73]: Time 0.264449 seconds, bootstrap likelihood -1299.797162, best rearrangement setting 9
Bootstrap[74]: Time 0.233074 seconds, bootstrap likelihood -1388.849349, best rearrangement setting 5
Bootstrap[75]: Time 0.244071 seconds, bootstrap likelihood -1305.794662, best rearrangement setting 8
Bootstrap[76]: Time 0.214865 seconds, bootstrap likelihood -1253.459605, best rearrangement setting 9
Bootstrap[77]: Time 0.236167 seconds, bootstrap likelihood -1261.668880, best rearrangement setting 11
Bootstrap[78]: Time 0.215051 seconds, bootstrap likelihood -1265.821584, best rearrangement setting 15
Bootstrap[79]: Time 0.249460 seconds, bootstrap likelihood -1398.876638, best rearrangement setting 9
Bootstrap[80]: Time 0.251812 seconds, bootstrap likelihood -1245.773845, best rearrangement setting 15
Bootstrap[81]: Time 0.245519 seconds, bootstrap likelihood -1281.797383, best rearrangement setting 7
Bootstrap[82]: Time 0.221422 seconds, bootstrap likelihood -1326.622494, best rearrangement setting 6
Bootstrap[83]: Time 0.206790 seconds, bootstrap likelihood -1296.359721, best rearrangement setting 10
Bootstrap[84]: Time 0.216924 seconds, bootstrap likelihood -1237.881524, best rearrangement setting 11
Bootstrap[85]: Time 0.271916 seconds, bootstrap likelihood -1255.206843, best rearrangement setting 8
Bootstrap[86]: Time 0.230315 seconds, bootstrap likelihood -1340.955999, best rearrangement setting 7
Bootstrap[87]: Time 0.274586 seconds, bootstrap likelihood -1285.130883, best rearrangement setting 7
Bootstrap[88]: Time 0.264573 seconds, bootstrap likelihood -1292.919985, best rearrangement setting 12
Bootstrap[89]: Time 0.227382 seconds, bootstrap likelihood -1245.264236, best rearrangement setting 10
Bootstrap[90]: Time 0.238012 seconds, bootstrap likelihood -1327.610136, best rearrangement setting 8
Bootstrap[91]: Time 0.243628 seconds, bootstrap likelihood -1178.031002, best rearrangement setting 12
Bootstrap[92]: Time 0.219173 seconds, bootstrap likelihood -1333.088213, best rearrangement setting 13
Bootstrap[93]: Time 0.244654 seconds, bootstrap likelihood -1160.286819, best rearrangement setting 15
Bootstrap[94]: Time 0.217557 seconds, bootstrap likelihood -1299.358233, best rearrangement setting 5
Bootstrap[95]: Time 0.245268 seconds, bootstrap likelihood -1346.990168, best rearrangement setting 5
Bootstrap[96]: Time 0.249330 seconds, bootstrap likelihood -1365.278317, best rearrangement setting 13
Bootstrap[97]: Time 0.268625 seconds, bootstrap likelihood -1306.282718, best rearrangement setting 11
Bootstrap[98]: Time 0.245192 seconds, bootstrap likelihood -1339.649807, best rearrangement setting 6
Bootstrap[99]: Time 0.305746 seconds, bootstrap likelihood -1332.514119, best rearrangement setting 14


Overall Time for 100 Rapid Bootstraps 24.099047 seconds
Average Time per Rapid Bootstrap 0.240990 seconds

Starting ML Search ...

Fast ML optimization finished

Fast ML search Time: 18.802045 seconds

Slow ML Search 0 Likelihood: -1305.197154
Slow ML Search 1 Likelihood: -1305.197154
Slow ML Search 2 Likelihood: -1305.197154
Slow ML Search 3 Likelihood: -1305.197154
Slow ML Search 4 Likelihood: -1305.197154
Slow ML Search 5 Likelihood: -1305.197154
Slow ML Search 6 Likelihood: -1305.197154
Slow ML Search 7 Likelihood: -1305.197154
Slow ML Search 8 Likelihood: -1305.197154
Slow ML Search 9 Likelihood: -1305.197154
Slow ML optimization finished

Slow ML search Time: 3.703397 seconds
Thorough ML search Time: 0.343021 seconds

Final ML Optimization Likelihood: -1305.197154

Model Information:

Model Parameters of Partition 0, Name: No Name Provided, Type of Data: AA
alpha: 1.408117
Tree-Length: 4.950115
rate A <-> R: 0.399182
rate A <-> N: 0.259945
rate A <-> D: 0.371058
rate A <-> C: 2.337364
rate A <-> Q: 0.910775
rate A <-> E: 0.975241
rate A <-> G: 1.940106
rate A <-> H: 0.336984
rate A <-> I: 0.140697
rate A <-> L: 0.371240
rate A <-> K: 0.503815
rate A <-> M: 1.055520
rate A <-> F: 0.238237
rate A <-> P: 1.105868
rate A <-> S: 4.439041
rate A <-> T: 2.009090
rate A <-> W: 0.169702
rate A <-> Y: 0.205613
rate A <-> V: 2.392567
rate R <-> N: 0.706048
rate R <-> D: 0.116398
rate R <-> C: 0.501968
rate R <-> Q: 2.636754
rate R <-> E: 0.341785
rate R <-> G: 0.366408
rate R <-> H: 2.278690
rate R <-> I: 0.119250
rate R <-> L: 0.283449
rate R <-> K: 5.940467
rate R <-> M: 0.454623
rate R <-> F: 0.049508
rate R <-> P: 0.312264
rate R <-> S: 0.805843
rate R <-> T: 0.543695
rate R <-> W: 0.557424
rate R <-> Y: 0.295274
rate R <-> V: 0.160471
rate N <-> D: 4.766737
rate N <-> C: 0.496537
rate N <-> Q: 1.592389
rate N <-> E: 0.508692
rate N <-> G: 1.350015
rate N <-> H: 4.234381
rate N <-> I: 0.179830
rate N <-> L: 0.064256
rate N <-> K: 2.014327
rate N <-> M: 0.348390
rate N <-> F: 0.084068
rate N <-> P: 0.151925
rate N <-> S: 3.764032
rate N <-> T: 1.878729
rate N <-> W: 0.042610
rate N <-> Y: 0.574720
rate N <-> V: 0.078587
rate D <-> C: 0.058743
rate D <-> Q: 0.491483
rate D <-> E: 4.924234
rate D <-> G: 0.793424
rate D <-> H: 0.870603
rate D <-> I: 0.010038
rate D <-> L: 0.014157
rate D <-> K: 0.265711
rate D <-> M: 0.023991
rate D <-> F: 0.016354
rate D <-> P: 0.370412
rate D <-> S: 1.164675
rate D <-> T: 0.399902
rate D <-> W: 0.028068
rate D <-> Y: 0.126872
rate D <-> V: 0.035653
rate C <-> Q: 0.079639
rate C <-> E: 0.003286
rate C <-> G: 0.534566
rate C <-> H: 0.601499
rate C <-> I: 0.301083
rate C <-> L: 0.557800
rate C <-> K: 0.012457
rate C <-> M: 0.839207
rate C <-> F: 1.037881
rate C <-> P: 0.070787
rate C <-> S: 2.614753
rate C <-> T: 1.073780
rate C <-> W: 0.629281
rate C <-> Y: 1.094488
rate C <-> V: 1.839864
rate Q <-> E: 3.876936
rate Q <-> G: 0.251626
rate Q <-> H: 4.520102
rate Q <-> I: 0.068413
rate Q <-> L: 0.546954
rate Q <-> K: 3.037150
rate Q <-> M: 1.570619
rate Q <-> F: 0.033669
rate Q <-> P: 0.586241
rate Q <-> S: 1.149231
rate Q <-> T: 1.014297
rate Q <-> W: 0.221802
rate Q <-> Y: 0.241650
rate Q <-> V: 0.197511
rate E <-> G: 0.327583
rate E <-> H: 0.398044
rate E <-> I: 0.041567
rate E <-> L: 0.065426
rate E <-> K: 1.697022
rate E <-> M: 0.163145
rate E <-> F: 0.017664
rate E <-> P: 0.393844
rate E <-> S: 0.574671
rate E <-> T: 0.567695
rate E <-> W: 0.073107
rate E <-> Y: 0.112720
rate E <-> V: 0.230098
rate G <-> H: 0.292498
rate G <-> I: 0.008174
rate G <-> L: 0.041563
rate G <-> K: 0.278555
rate G <-> M: 0.131033
rate G <-> F: 0.084125
rate G <-> P: 0.184955
rate G <-> S: 1.633930
rate G <-> T: 0.121922
rate G <-> W: 0.252125
rate G <-> Y: 0.051346
rate G <-> V: 0.072026
rate H <-> I: 0.102245
rate H <-> L: 0.343988
rate H <-> K: 0.654763
rate H <-> M: 0.415502
rate H <-> F: 0.640560
rate H <-> P: 0.477834
rate H <-> S: 0.929667
rate H <-> T: 0.548649
rate H <-> W: 0.560661
rate H <-> Y: 4.983361
rate H <-> V: 0.111759
rate I <-> L: 3.892408
rate I <-> K: 0.149373
rate I <-> M: 4.013113
rate I <-> F: 1.044902
rate I <-> P: 0.073509
rate I <-> S: 0.060198
rate I <-> T: 0.970728
rate I <-> W: 0.104854
rate I <-> Y: 0.218350
rate I <-> V: 10.000000
rate L <-> K: 0.129119
rate L <-> M: 5.927594
rate L <-> F: 2.434657
rate L <-> P: 0.233879
rate L <-> S: 0.171176
rate L <-> T: 0.284471
rate L <-> W: 0.581863
rate L <-> Y: 0.281383
rate L <-> V: 1.598956
rate K <-> M: 0.616581
rate K <-> F: 0.022460
rate K <-> P: 0.366530
rate K <-> S: 0.703048
rate K <-> T: 1.067567
rate K <-> W: 0.046864
rate K <-> Y: 0.123890
rate K <-> V: 0.173913
rate M <-> F: 1.689205
rate M <-> P: 0.093763
rate M <-> S: 0.325811
rate M <-> T: 1.897216
rate M <-> W: 0.653740
rate M <-> Y: 0.451968
rate M <-> V: 1.782983
rate F <-> P: 0.088706
rate F <-> S: 0.339765
rate F <-> T: 0.154944
rate F <-> W: 2.307349
rate F <-> Y: 7.328222
rate F <-> V: 0.614777
rate P <-> S: 1.256567
rate P <-> T: 0.536635
rate P <-> W: 0.089332
rate P <-> Y: 0.084151
rate P <-> V: 0.278428
rate S <-> T: 6.077767
rate S <-> W: 0.233693
rate S <-> Y: 0.376132
rate S <-> V: 0.092373
rate T <-> W: 0.132241
rate T <-> Y: 0.230856
rate T <-> V: 2.054781
rate W <-> Y: 2.959699
rate W <-> V: 0.177959
rate Y <-> V: 0.234116

freq pi(A): 0.079066
freq pi(R): 0.055941
freq pi(N): 0.041977
freq pi(D): 0.053052
freq pi(C): 0.012937
freq pi(Q): 0.040767
freq pi(E): 0.071586
freq pi(G): 0.057337
freq pi(H): 0.022355
freq pi(I): 0.062157
freq pi(L): 0.099081
freq pi(K): 0.064600
freq pi(M): 0.022951
freq pi(F): 0.042302
freq pi(P): 0.044040
freq pi(S): 0.061197
freq pi(T): 0.053287
freq pi(W): 0.012066
freq pi(Y): 0.034155
freq pi(V): 0.069146


ML search took 22.871755 secs or 0.006353 hours

Combined Bootstrap and ML search took 46.971050 secs or 0.013048 hours

Drawing Bootstrap Support Values on best-scoring ML tree ...



Found 1 tree in File /in/RAxML_bestTree.EOG091G0LP5.clustalo.aln.ALICUT.LG



Found 1 tree in File /in/RAxML_bestTree.EOG091G0LP5.clustalo.aln.ALICUT.LG

Program execution info written to /in/RAxML_info.EOG091G0LP5.clustalo.aln.ALICUT.LG
All 100 bootstrapped trees written to: /in/RAxML_bootstrap.EOG091G0LP5.clustalo.aln.ALICUT.LG

Best-scoring ML tree written to: /in/RAxML_bestTree.EOG091G0LP5.clustalo.aln.ALICUT.LG

Best-scoring ML tree with support values written to: /in/RAxML_bipartitions.EOG091G0LP5.clustalo.aln.ALICUT.LG

Best-scoring ML tree with support values as branch labels written to: /in/RAxML_bipartitionsBranchLabels.EOG091G0LP5.clustalo.aln.ALICUT.LG

Overall execution time for full ML analysis: 46.972970 secs or 0.013048 hours or 0.000544 days

