
	reading taxa from FASTA ...


	H.microstoma         -> sites: 1379  
	G.turnbulli          -> sites: 1379  
	C.intestinalis       -> sites: 1379  
	T.solium             -> sites: 1379  
	M.lignano            -> sites: 1379  
	D.melanogaster       -> sites: 1379  
	E.nipponicum         -> sites: 1379  
	G.salaris            -> sites: 1379  
	R.norvegicus         -> sites: 1379  
	H.robusta            -> sites: 1379  
	L.gigantea           -> sites: 1379  
	D.rerio              -> sites: 1379  
	E.granulosus         -> sites: 1379  


	data type             : amino acid sequences

	input ...

	infile		: EOG091G0RCI.clustalo.aln.fasta
	random pairs	: 200000000000000000
	window size	: 6
	indels		: ambiguous
	tree file	: -
	node level	: -
	strict profile	: -
	outgroup	: -
	matrix          : BLOSUM62

	number of taxa        : 13
	random number of pairs: 200000000000000000

	generates threshhold value for amino acid data
	using BLOSUM62

	checks for (potential) identical taxa


	scores site patterns ...


	max number of different pairs is 78
	max random pairs are scored!

	pair: 1      ->	taxon1: H.microsto	taxon2: G.turnbull
	            	positions below base line: 1247
	pair: 2      ->	taxon1: H.microsto	taxon2: C.intestin
	            	positions below base line: 1283
	pair: 3      ->	taxon1: H.microsto	taxon2: T.solium  
	            	positions below base line: 1189
	pair: 4      ->	taxon1: H.microsto	taxon2: M.lignano 
	            	positions below base line: 1266
	pair: 5      ->	taxon1: H.microsto	taxon2: D.melanoga
	            	positions below base line: 1235
	pair: 6      ->	taxon1: H.microsto	taxon2: E.nipponic
	            	positions below base line: 1299
	pair: 7      ->	taxon1: H.microsto	taxon2: G.salaris 
	            	positions below base line: 1244
	pair: 8      ->	taxon1: H.microsto	taxon2: R.norvegic
	            	positions below base line: 1243
	pair: 9      ->	taxon1: H.microsto	taxon2: H.robusta 
	            	positions below base line: 1246
	pair: 10     ->	taxon1: H.microsto	taxon2: L.gigantea
	            	positions below base line: 1246
	pair: 11     ->	taxon1: H.microsto	taxon2: D.rerio   
	            	positions below base line: 1247
	pair: 12     ->	taxon1: H.microsto	taxon2: E.granulos
	            	positions below base line: 1202
	pair: 13     ->	taxon1: G.turnbull	taxon2: C.intestin
	            	positions below base line: 1275
	pair: 14     ->	taxon1: G.turnbull	taxon2: T.solium  
	            	positions below base line: 1241
	pair: 15     ->	taxon1: G.turnbull	taxon2: M.lignano 
	            	positions below base line: 1283
	pair: 16     ->	taxon1: G.turnbull	taxon2: D.melanoga
	            	positions below base line: 1253
	pair: 17     ->	taxon1: G.turnbull	taxon2: E.nipponic
	            	positions below base line: 1294
	pair: 18     ->	taxon1: G.turnbull	taxon2: G.salaris 
	            	positions below base line: 1221
	pair: 19     ->	taxon1: G.turnbull	taxon2: R.norvegic
	            	positions below base line: 1235
	pair: 20     ->	taxon1: G.turnbull	taxon2: H.robusta 
	            	positions below base line: 1249
	pair: 21     ->	taxon1: G.turnbull	taxon2: L.gigantea
	            	positions below base line: 1257
	pair: 22     ->	taxon1: G.turnbull	taxon2: D.rerio   
	            	positions below base line: 1235
	pair: 23     ->	taxon1: G.turnbull	taxon2: E.granulos
	            	positions below base line: 1238
	pair: 24     ->	taxon1: C.intestin	taxon2: T.solium  
	            	positions below base line: 1287
	pair: 25     ->	taxon1: C.intestin	taxon2: M.lignano 
	            	positions below base line: 1302
	pair: 26     ->	taxon1: C.intestin	taxon2: D.melanoga
	            	positions below base line: 1240
	pair: 27     ->	taxon1: C.intestin	taxon2: E.nipponic
	            	positions below base line: 1306
	pair: 28     ->	taxon1: C.intestin	taxon2: G.salaris 
	            	positions below base line: 1284
	pair: 29     ->	taxon1: C.intestin	taxon2: R.norvegic
	            	positions below base line: 1279
	pair: 30     ->	taxon1: C.intestin	taxon2: H.robusta 
	            	positions below base line: 1256
	pair: 31     ->	taxon1: C.intestin	taxon2: L.gigantea
	            	positions below base line: 1273
	pair: 32     ->	taxon1: C.intestin	taxon2: D.rerio   
	            	positions below base line: 1271
	pair: 33     ->	taxon1: C.intestin	taxon2: E.granulos
	            	positions below base line: 1300
	pair: 34     ->	taxon1: T.solium  	taxon2: M.lignano 
	            	positions below base line: 1274
	pair: 35     ->	taxon1: T.solium  	taxon2: D.melanoga
	            	positions below base line: 1253
	pair: 36     ->	taxon1: T.solium  	taxon2: E.nipponic
	            	positions below base line: 1299
	pair: 37     ->	taxon1: T.solium  	taxon2: G.salaris 
	            	positions below base line: 1245
	pair: 38     ->	taxon1: T.solium  	taxon2: R.norvegic
	            	positions below base line: 1253
	pair: 39     ->	taxon1: T.solium  	taxon2: H.robusta 
	            	positions below base line: 1259
	pair: 40     ->	taxon1: T.solium  	taxon2: L.gigantea
	            	positions below base line: 1252
	pair: 41     ->	taxon1: T.solium  	taxon2: D.rerio   
	            	positions below base line: 1257
	pair: 42     ->	taxon1: T.solium  	taxon2: E.granulos
	            	positions below base line: 1177
	pair: 43     ->	taxon1: M.lignano 	taxon2: D.melanoga
	            	positions below base line: 1203
	pair: 44     ->	taxon1: M.lignano 	taxon2: E.nipponic
	            	positions below base line: 1260
	pair: 45     ->	taxon1: M.lignano 	taxon2: G.salaris 
	            	positions below base line: 1220
	pair: 46     ->	taxon1: M.lignano 	taxon2: R.norvegic
	            	positions below base line: 1207
	pair: 47     ->	taxon1: M.lignano 	taxon2: H.robusta 
	            	positions below base line: 1228
	pair: 48     ->	taxon1: M.lignano 	taxon2: L.gigantea
	            	positions below base line: 1271
	pair: 49     ->	taxon1: M.lignano 	taxon2: D.rerio   
	            	positions below base line: 1211
	pair: 50     ->	taxon1: M.lignano 	taxon2: E.granulos
	            	positions below base line: 1271
	pair: 51     ->	taxon1: D.melanoga	taxon2: E.nipponic
	            	positions below base line: 1221
	pair: 52     ->	taxon1: D.melanoga	taxon2: G.salaris 
	            	positions below base line: 1246
	pair: 53     ->	taxon1: D.melanoga	taxon2: R.norvegic
	            	positions below base line: 1141
	pair: 54     ->	taxon1: D.melanoga	taxon2: H.robusta 
	            	positions below base line: 1191
	pair: 55     ->	taxon1: D.melanoga	taxon2: L.gigantea
	            	positions below base line: 1228
	pair: 56     ->	taxon1: D.melanoga	taxon2: D.rerio   
	            	positions below base line: 1156
	pair: 57     ->	taxon1: D.melanoga	taxon2: E.granulos
	            	positions below base line: 1257
	pair: 58     ->	taxon1: E.nipponic	taxon2: G.salaris 
	            	positions below base line: 1281
	pair: 59     ->	taxon1: E.nipponic	taxon2: R.norvegic
	            	positions below base line: 1241
	pair: 60     ->	taxon1: E.nipponic	taxon2: H.robusta 
	            	positions below base line: 1270
	pair: 61     ->	taxon1: E.nipponic	taxon2: L.gigantea
	            	positions below base line: 1278
	pair: 62     ->	taxon1: E.nipponic	taxon2: D.rerio   
	            	positions below base line: 1240
	pair: 63     ->	taxon1: E.nipponic	taxon2: E.granulos
	            	positions below base line: 1296
	pair: 64     ->	taxon1: G.salaris 	taxon2: R.norvegic
	            	positions below base line: 1207
	pair: 65     ->	taxon1: G.salaris 	taxon2: H.robusta 
	            	positions below base line: 1242
	pair: 66     ->	taxon1: G.salaris 	taxon2: L.gigantea
	            	positions below base line: 1241
	pair: 67     ->	taxon1: G.salaris 	taxon2: D.rerio   
	            	positions below base line: 1216
	pair: 68     ->	taxon1: G.salaris 	taxon2: E.granulos
	            	positions below base line: 1242
	pair: 69     ->	taxon1: R.norvegic	taxon2: H.robusta 
	            	positions below base line: 1151
	pair: 70     ->	taxon1: R.norvegic	taxon2: L.gigantea
	            	positions below base line: 1215
	pair: 71     ->	taxon1: R.norvegic	taxon2: D.rerio   
	            	positions below base line: 1097
	pair: 72     ->	taxon1: R.norvegic	taxon2: E.granulos
	            	positions below base line: 1250
	pair: 73     ->	taxon1: H.robusta 	taxon2: L.gigantea
	            	positions below base line: 1219
	pair: 74     ->	taxon1: H.robusta 	taxon2: D.rerio   
	            	positions below base line: 1163
	pair: 75     ->	taxon1: H.robusta 	taxon2: E.granulos
	            	positions below base line: 1261
	pair: 76     ->	taxon1: L.gigantea	taxon2: D.rerio   
	            	positions below base line: 1224
	pair: 77     ->	taxon1: L.gigantea	taxon2: E.granulos
	            	positions below base line: 1248
	pair: 78     ->	taxon1: D.rerio   	taxon2: E.granulos
	            	positions below base line: 1252

	generates quality profile from collected scores ...


	scoring done ...


	generates vector plot from collected scores ...


Argument "-" treated as 0 in increment (++) at /usr/bin/Aliscore.pl line 1213.
	Profile written to EOG091G0RCI.clustalo.aln.fasta_Profile_random.txt
	List   written to EOG091G0RCI.clustalo.aln.fasta_List_random.txt

	time used: 4.11 sec

