
RAxML can't, parse the alignment file as phylip file 
it will now try to parse it as FASTA file



IMPORTANT WARNING: Sequences E.granulosus and T.solium are exactly identical

IMPORTANT WARNING
Found 1 sequence that is exactly identical to other sequences in the alignment.
Normally they should be excluded from the analysis.

Just in case you might need it, an alignment file with 
sequence duplicates removed is printed to file ALICUT_EOG091G0YUO.clustalo.aln.fasta.reduced

This is the RAxML Master Pthread

This is RAxML Worker Pthread Number: 1


This is RAxML version 8.2.12 released by Alexandros Stamatakis on May 2018.

With greatly appreciated code contributions by:
Andre Aberer      (HITS)
Simon Berger      (HITS)
Alexey Kozlov     (HITS)
Kassian Kobert    (HITS)
David Dao         (KIT and HITS)
Sarah Lutteropp   (KIT and HITS)
Nick Pattengale   (Sandia)
Wayne Pfeiffer    (SDSC)
Akifumi S. Tanabe (NRIFS)
Charlie Taylor    (UF)


Alignment has 79 distinct alignment patterns

Proportion of gaps and completely undetermined characters in this alignment: 1.62%

RAxML rapid bootstrapping and subsequent ML search

Using 1 distinct models/data partitions with joint branch length optimization



Executing 100 rapid bootstrap inferences and thereafter a thorough ML search 

All free model parameters will be estimated by RAxML
GAMMA model of rate heterogeneity, ML estimate of alpha-parameter

GAMMA Model parameters will be estimated up to an accuracy of 0.1000000000 Log Likelihood units

Partition: 0
Alignment Patterns: 79
Name: No Name Provided
DataType: AA
Substitution Matrix: RTREV
Using empirical base frequencies




RAxML was called as follows:

raxml -f a -T 2 -m PROTGAMMARTREVF -p 12345 -x 12345 -# 100 -s ALICUT_EOG091G0YUO.clustalo.aln.fasta -n EOG091G0YUO.clustalo.aln.ALICUT.RTREVF 



Time for BS model parameter optimization 0.007991
Bootstrap[0]: Time 0.139897 seconds, bootstrap likelihood -924.660694, best rearrangement setting 13
Bootstrap[1]: Time 0.108880 seconds, bootstrap likelihood -795.036004, best rearrangement setting 13
Bootstrap[2]: Time 0.116713 seconds, bootstrap likelihood -904.218128, best rearrangement setting 12
Bootstrap[3]: Time 0.056288 seconds, bootstrap likelihood -949.209613, best rearrangement setting 15
Bootstrap[4]: Time 0.051888 seconds, bootstrap likelihood -849.508953, best rearrangement setting 10
Bootstrap[5]: Time 0.102977 seconds, bootstrap likelihood -849.068717, best rearrangement setting 10
Bootstrap[6]: Time 0.110673 seconds, bootstrap likelihood -875.971864, best rearrangement setting 6
Bootstrap[7]: Time 0.110943 seconds, bootstrap likelihood -885.754427, best rearrangement setting 14
Bootstrap[8]: Time 0.096126 seconds, bootstrap likelihood -836.578100, best rearrangement setting 5
Bootstrap[9]: Time 0.046827 seconds, bootstrap likelihood -999.297372, best rearrangement setting 7
Bootstrap[10]: Time 0.142041 seconds, bootstrap likelihood -941.303366, best rearrangement setting 7
Bootstrap[11]: Time 0.053100 seconds, bootstrap likelihood -948.479976, best rearrangement setting 5
Bootstrap[12]: Time 0.054180 seconds, bootstrap likelihood -979.740384, best rearrangement setting 8
Bootstrap[13]: Time 0.056353 seconds, bootstrap likelihood -999.225301, best rearrangement setting 7
Bootstrap[14]: Time 0.045336 seconds, bootstrap likelihood -805.188978, best rearrangement setting 12
Bootstrap[15]: Time 0.049870 seconds, bootstrap likelihood -786.260818, best rearrangement setting 15
Bootstrap[16]: Time 0.059649 seconds, bootstrap likelihood -958.833383, best rearrangement setting 12
Bootstrap[17]: Time 0.147371 seconds, bootstrap likelihood -841.013900, best rearrangement setting 12
Bootstrap[18]: Time 0.126009 seconds, bootstrap likelihood -970.425181, best rearrangement setting 5
Bootstrap[19]: Time 0.138056 seconds, bootstrap likelihood -913.102416, best rearrangement setting 8
Bootstrap[20]: Time 0.111704 seconds, bootstrap likelihood -895.524553, best rearrangement setting 10
Bootstrap[21]: Time 0.045999 seconds, bootstrap likelihood -818.234227, best rearrangement setting 6
Bootstrap[22]: Time 0.044981 seconds, bootstrap likelihood -883.372871, best rearrangement setting 5
Bootstrap[23]: Time 0.049400 seconds, bootstrap likelihood -861.418744, best rearrangement setting 7
Bootstrap[24]: Time 0.055384 seconds, bootstrap likelihood -899.913888, best rearrangement setting 8
Bootstrap[25]: Time 0.126330 seconds, bootstrap likelihood -990.750818, best rearrangement setting 6
Bootstrap[26]: Time 0.113782 seconds, bootstrap likelihood -923.450402, best rearrangement setting 12
Bootstrap[27]: Time 0.119634 seconds, bootstrap likelihood -925.651217, best rearrangement setting 10
Bootstrap[28]: Time 0.108824 seconds, bootstrap likelihood -900.460612, best rearrangement setting 11
Bootstrap[29]: Time 0.051255 seconds, bootstrap likelihood -885.487026, best rearrangement setting 12
Bootstrap[30]: Time 0.132336 seconds, bootstrap likelihood -957.591917, best rearrangement setting 15
Bootstrap[31]: Time 0.055307 seconds, bootstrap likelihood -894.742048, best rearrangement setting 15
Bootstrap[32]: Time 0.123448 seconds, bootstrap likelihood -908.737620, best rearrangement setting 6
Bootstrap[33]: Time 0.110802 seconds, bootstrap likelihood -950.880118, best rearrangement setting 15
Bootstrap[34]: Time 0.129195 seconds, bootstrap likelihood -1016.461799, best rearrangement setting 11
Bootstrap[35]: Time 0.104827 seconds, bootstrap likelihood -905.457495, best rearrangement setting 8
Bootstrap[36]: Time 0.104360 seconds, bootstrap likelihood -900.587116, best rearrangement setting 9
Bootstrap[37]: Time 0.105488 seconds, bootstrap likelihood -914.821565, best rearrangement setting 11
Bootstrap[38]: Time 0.116563 seconds, bootstrap likelihood -956.369506, best rearrangement setting 8
Bootstrap[39]: Time 0.058444 seconds, bootstrap likelihood -880.208776, best rearrangement setting 13
Bootstrap[40]: Time 0.125150 seconds, bootstrap likelihood -906.107307, best rearrangement setting 13
Bootstrap[41]: Time 0.107338 seconds, bootstrap likelihood -783.391702, best rearrangement setting 10
Bootstrap[42]: Time 0.125230 seconds, bootstrap likelihood -923.411003, best rearrangement setting 5
Bootstrap[43]: Time 0.102900 seconds, bootstrap likelihood -821.851103, best rearrangement setting 14
Bootstrap[44]: Time 0.121252 seconds, bootstrap likelihood -1023.824267, best rearrangement setting 10
Bootstrap[45]: Time 0.104033 seconds, bootstrap likelihood -856.592089, best rearrangement setting 15
Bootstrap[46]: Time 0.125584 seconds, bootstrap likelihood -893.857325, best rearrangement setting 14
Bootstrap[47]: Time 0.140049 seconds, bootstrap likelihood -938.599417, best rearrangement setting 8
Bootstrap[48]: Time 0.114583 seconds, bootstrap likelihood -837.798134, best rearrangement setting 6
Bootstrap[49]: Time 0.051917 seconds, bootstrap likelihood -839.224717, best rearrangement setting 7
Bootstrap[50]: Time 0.049070 seconds, bootstrap likelihood -813.652753, best rearrangement setting 7
Bootstrap[51]: Time 0.061023 seconds, bootstrap likelihood -950.179961, best rearrangement setting 11
Bootstrap[52]: Time 0.111933 seconds, bootstrap likelihood -929.027566, best rearrangement setting 12
Bootstrap[53]: Time 0.121724 seconds, bootstrap likelihood -888.212196, best rearrangement setting 8
Bootstrap[54]: Time 0.130280 seconds, bootstrap likelihood -861.222233, best rearrangement setting 9
Bootstrap[55]: Time 0.112058 seconds, bootstrap likelihood -873.927870, best rearrangement setting 11
Bootstrap[56]: Time 0.118153 seconds, bootstrap likelihood -861.761108, best rearrangement setting 5
Bootstrap[57]: Time 0.117086 seconds, bootstrap likelihood -889.968882, best rearrangement setting 7
Bootstrap[58]: Time 0.141078 seconds, bootstrap likelihood -882.102608, best rearrangement setting 10
Bootstrap[59]: Time 0.066147 seconds, bootstrap likelihood -943.168012, best rearrangement setting 9
Bootstrap[60]: Time 0.128936 seconds, bootstrap likelihood -1006.208991, best rearrangement setting 7
Bootstrap[61]: Time 0.133894 seconds, bootstrap likelihood -875.835743, best rearrangement setting 5
Bootstrap[62]: Time 0.113711 seconds, bootstrap likelihood -859.441845, best rearrangement setting 11
Bootstrap[63]: Time 0.137137 seconds, bootstrap likelihood -968.062471, best rearrangement setting 12
Bootstrap[64]: Time 0.060695 seconds, bootstrap likelihood -918.958567, best rearrangement setting 7
Bootstrap[65]: Time 0.118107 seconds, bootstrap likelihood -975.230450, best rearrangement setting 5
Bootstrap[66]: Time 0.108764 seconds, bootstrap likelihood -849.718230, best rearrangement setting 5
Bootstrap[67]: Time 0.112168 seconds, bootstrap likelihood -964.630308, best rearrangement setting 15
Bootstrap[68]: Time 0.103758 seconds, bootstrap likelihood -913.196849, best rearrangement setting 11
Bootstrap[69]: Time 0.059157 seconds, bootstrap likelihood -829.195198, best rearrangement setting 5
Bootstrap[70]: Time 0.055098 seconds, bootstrap likelihood -890.023015, best rearrangement setting 8
Bootstrap[71]: Time 0.056961 seconds, bootstrap likelihood -876.741997, best rearrangement setting 10
Bootstrap[72]: Time 0.120263 seconds, bootstrap likelihood -1026.704028, best rearrangement setting 11
Bootstrap[73]: Time 0.129027 seconds, bootstrap likelihood -898.781933, best rearrangement setting 9
Bootstrap[74]: Time 0.136274 seconds, bootstrap likelihood -883.163483, best rearrangement setting 5
Bootstrap[75]: Time 0.152751 seconds, bootstrap likelihood -878.320573, best rearrangement setting 8
Bootstrap[76]: Time 0.112710 seconds, bootstrap likelihood -970.786039, best rearrangement setting 9
Bootstrap[77]: Time 0.102316 seconds, bootstrap likelihood -844.568021, best rearrangement setting 11
Bootstrap[78]: Time 0.117497 seconds, bootstrap likelihood -926.903298, best rearrangement setting 15
Bootstrap[79]: Time 0.052008 seconds, bootstrap likelihood -895.172726, best rearrangement setting 9
Bootstrap[80]: Time 0.136980 seconds, bootstrap likelihood -872.390543, best rearrangement setting 15
Bootstrap[81]: Time 0.137317 seconds, bootstrap likelihood -911.896488, best rearrangement setting 7
Bootstrap[82]: Time 0.142008 seconds, bootstrap likelihood -920.888348, best rearrangement setting 6
Bootstrap[83]: Time 0.062179 seconds, bootstrap likelihood -916.381449, best rearrangement setting 10
Bootstrap[84]: Time 0.135987 seconds, bootstrap likelihood -859.887234, best rearrangement setting 11
Bootstrap[85]: Time 0.135466 seconds, bootstrap likelihood -973.549217, best rearrangement setting 8
Bootstrap[86]: Time 0.101384 seconds, bootstrap likelihood -901.003419, best rearrangement setting 7
Bootstrap[87]: Time 0.052075 seconds, bootstrap likelihood -927.597264, best rearrangement setting 7
Bootstrap[88]: Time 0.103485 seconds, bootstrap likelihood -871.739446, best rearrangement setting 12
Bootstrap[89]: Time 0.171142 seconds, bootstrap likelihood -978.118772, best rearrangement setting 10
Bootstrap[90]: Time 0.122739 seconds, bootstrap likelihood -889.981005, best rearrangement setting 8
Bootstrap[91]: Time 0.162358 seconds, bootstrap likelihood -883.793020, best rearrangement setting 12
Bootstrap[92]: Time 0.071981 seconds, bootstrap likelihood -886.485977, best rearrangement setting 13
Bootstrap[93]: Time 0.067026 seconds, bootstrap likelihood -881.149427, best rearrangement setting 15
Bootstrap[94]: Time 0.059677 seconds, bootstrap likelihood -855.204121, best rearrangement setting 5
Bootstrap[95]: Time 0.053664 seconds, bootstrap likelihood -947.959101, best rearrangement setting 5
Bootstrap[96]: Time 0.064769 seconds, bootstrap likelihood -921.264386, best rearrangement setting 13
Bootstrap[97]: Time 0.078407 seconds, bootstrap likelihood -869.381346, best rearrangement setting 11
Bootstrap[98]: Time 0.083432 seconds, bootstrap likelihood -892.862569, best rearrangement setting 6
Bootstrap[99]: Time 0.073078 seconds, bootstrap likelihood -945.894598, best rearrangement setting 14


Overall Time for 100 Rapid Bootstraps 9.972285 seconds
Average Time per Rapid Bootstrap 0.099723 seconds

Starting ML Search ...

Fast ML optimization finished

Fast ML search Time: 6.896992 seconds

Slow ML Search 0 Likelihood: -914.022979
Slow ML Search 1 Likelihood: -914.022979
Slow ML Search 2 Likelihood: -914.022979
Slow ML Search 3 Likelihood: -914.022979
Slow ML Search 4 Likelihood: -914.022979
Slow ML Search 5 Likelihood: -914.022979
Slow ML Search 6 Likelihood: -914.022979
Slow ML Search 7 Likelihood: -914.022979
Slow ML Search 8 Likelihood: -914.022979
Slow ML Search 9 Likelihood: -914.022979
Slow ML optimization finished

Slow ML search Time: 2.260570 seconds
Thorough ML search Time: 0.214813 seconds

Final ML Optimization Likelihood: -914.022980

Model Information:

Model Parameters of Partition 0, Name: No Name Provided, Type of Data: AA
alpha: 1.159242
Tree-Length: 3.308925
rate A <-> R: 0.324427
rate A <-> N: 0.486641
rate A <-> D: 0.095420
rate A <-> C: 4.188931
rate A <-> Q: 0.305344
rate A <-> E: 0.772901
rate A <-> G: 1.288168
rate A <-> H: 0.286260
rate A <-> I: 0.009542
rate A <-> L: 0.429389
rate A <-> K: 0.362595
rate A <-> M: 2.242366
rate A <-> F: 0.009542
rate A <-> P: 0.925573
rate A <-> S: 4.389313
rate A <-> T: 2.461832
rate A <-> W: 0.047710
rate A <-> Y: 0.524809
rate A <-> V: 1.879771
rate R <-> N: 0.333969
rate R <-> D: 0.286260
rate R <-> C: 0.877863
rate R <-> Q: 2.108779
rate R <-> E: 0.095420
rate R <-> G: 0.391221
rate R <-> H: 0.858779
rate R <-> I: 0.229008
rate R <-> L: 0.171756
rate R <-> K: 5.658397
rate R <-> M: 0.543893
rate R <-> F: 0.066794
rate R <-> P: 0.229008
rate R <-> S: 0.973282
rate R <-> T: 0.610687
rate R <-> W: 0.124046
rate R <-> Y: 0.448473
rate R <-> V: 0.276718
rate N <-> D: 3.664122
rate N <-> C: 1.221374
rate N <-> Q: 2.251908
rate N <-> E: 0.753817
rate N <-> G: 0.896947
rate N <-> H: 3.053435
rate N <-> I: 0.333969
rate N <-> L: 0.143130
rate N <-> K: 1.173664
rate N <-> M: 0.009542
rate N <-> F: 0.467557
rate N <-> P: 0.314885
rate N <-> S: 2.805344
rate N <-> T: 1.412214
rate N <-> W: 0.152672
rate N <-> Y: 0.267176
rate N <-> V: 0.200382
rate D <-> C: 0.009542
rate D <-> Q: 0.744275
rate D <-> E: 5.171756
rate D <-> G: 0.582061
rate D <-> H: 0.868321
rate D <-> I: 0.009542
rate D <-> L: 0.047710
rate D <-> K: 0.190840
rate D <-> M: 0.009542
rate D <-> F: 0.009542
rate D <-> P: 0.524809
rate D <-> S: 1.297710
rate D <-> T: 0.524809
rate D <-> W: 0.009542
rate D <-> Y: 0.009542
rate D <-> V: 0.057252
rate C <-> Q: 0.667939
rate C <-> E: 0.009542
rate C <-> G: 0.458015
rate C <-> H: 1.183206
rate C <-> I: 0.992366
rate C <-> L: 1.049618
rate C <-> K: 0.152672
rate C <-> M: 1.488550
rate C <-> F: 0.667939
rate C <-> P: 0.009542
rate C <-> S: 0.715649
rate C <-> T: 1.116412
rate C <-> W: 0.524809
rate C <-> Y: 1.250000
rate C <-> V: 2.814885
rate Q <-> E: 3.549618
rate Q <-> G: 0.171756
rate Q <-> H: 3.692748
rate Q <-> I: 0.314885
rate Q <-> L: 0.515267
rate Q <-> K: 2.948473
rate Q <-> M: 1.507634
rate Q <-> F: 0.009542
rate Q <-> P: 0.648855
rate Q <-> S: 2.146947
rate Q <-> T: 1.393130
rate Q <-> W: 0.095420
rate Q <-> Y: 0.429389
rate Q <-> V: 0.343511
rate E <-> G: 0.667939
rate E <-> H: 0.324427
rate E <-> I: 0.009542
rate E <-> L: 0.200382
rate E <-> K: 1.345420
rate E <-> M: 0.009542
rate E <-> F: 0.009542
rate E <-> P: 0.496183
rate E <-> S: 0.906489
rate E <-> T: 0.782443
rate E <-> W: 0.162214
rate E <-> Y: 0.009542
rate E <-> V: 0.333969
rate G <-> H: 0.648855
rate G <-> I: 0.009542
rate G <-> L: 0.028626
rate G <-> K: 0.286260
rate G <-> M: 0.353053
rate G <-> F: 0.066794
rate G <-> P: 0.162214
rate G <-> S: 1.450382
rate G <-> T: 0.066794
rate G <-> W: 0.219466
rate G <-> Y: 0.200382
rate G <-> V: 0.028626
rate H <-> I: 0.324427
rate H <-> L: 0.486641
rate H <-> K: 0.725191
rate H <-> M: 1.106870
rate H <-> F: 1.345420
rate H <-> P: 0.419847
rate H <-> S: 1.746183
rate H <-> T: 0.467557
rate H <-> W: 0.458015
rate H <-> Y: 2.929389
rate H <-> V: 0.009542
rate I <-> L: 3.673664
rate I <-> K: 0.324427
rate I <-> M: 3.578244
rate I <-> F: 0.610687
rate I <-> P: 0.095420
rate I <-> S: 0.038168
rate I <-> T: 0.687023
rate I <-> W: 0.372137
rate I <-> Y: 0.248092
rate I <-> V: 10.000000
rate L <-> K: 0.219466
rate L <-> M: 5.543893
rate L <-> F: 1.708015
rate L <-> P: 0.209924
rate L <-> S: 0.229008
rate L <-> T: 0.238550
rate L <-> W: 0.448473
rate L <-> Y: 0.610687
rate L <-> V: 1.068702
rate K <-> M: 1.278626
rate K <-> F: 0.133588
rate K <-> P: 0.410305
rate K <-> S: 0.734733
rate K <-> T: 1.049618
rate K <-> W: 0.057252
rate K <-> Y: 0.009542
rate K <-> V: 0.181298
rate M <-> F: 2.356870
rate M <-> P: 0.009542
rate M <-> S: 0.009542
rate M <-> T: 1.250000
rate M <-> W: 1.059160
rate M <-> Y: 0.706107
rate M <-> V: 2.251908
rate F <-> P: 0.104962
rate F <-> S: 0.190840
rate F <-> T: 0.658397
rate F <-> W: 1.736641
rate F <-> Y: 9.704198
rate F <-> V: 0.877863
rate P <-> S: 1.278626
rate P <-> T: 0.591603
rate P <-> W: 0.085878
rate P <-> Y: 0.133588
rate P <-> V: 0.238550
rate S <-> T: 6.402672
rate S <-> W: 0.133588
rate S <-> Y: 0.295802
rate S <-> V: 0.372137
rate T <-> W: 0.009542
rate T <-> Y: 0.324427
rate T <-> V: 1.870229
rate W <-> Y: 1.679389
rate W <-> V: 0.248092
rate Y <-> V: 0.562977

freq pi(A): 0.125561
freq pi(R): 0.070254
freq pi(N): 0.041854
freq pi(D): 0.022422
freq pi(C): 0.005979
freq pi(Q): 0.068759
freq pi(E): 0.064275
freq pi(G): 0.065770
freq pi(H): 0.025411
freq pi(I): 0.020927
freq pi(L): 0.091181
freq pi(K): 0.100149
freq pi(M): 0.029895
freq pi(F): 0.041854
freq pi(P): 0.026906
freq pi(S): 0.067265
freq pi(T): 0.047833
freq pi(W): 0.010463
freq pi(Y): 0.038864
freq pi(V): 0.034380


ML search took 9.405513 secs or 0.002613 hours

Combined Bootstrap and ML search took 19.377995 secs or 0.005383 hours

Drawing Bootstrap Support Values on best-scoring ML tree ...



Found 1 tree in File /in/RAxML_bestTree.EOG091G0YUO.clustalo.aln.ALICUT.RTREVF



Found 1 tree in File /in/RAxML_bestTree.EOG091G0YUO.clustalo.aln.ALICUT.RTREVF

Program execution info written to /in/RAxML_info.EOG091G0YUO.clustalo.aln.ALICUT.RTREVF
All 100 bootstrapped trees written to: /in/RAxML_bootstrap.EOG091G0YUO.clustalo.aln.ALICUT.RTREVF

Best-scoring ML tree written to: /in/RAxML_bestTree.EOG091G0YUO.clustalo.aln.ALICUT.RTREVF

Best-scoring ML tree with support values written to: /in/RAxML_bipartitions.EOG091G0YUO.clustalo.aln.ALICUT.RTREVF

Best-scoring ML tree with support values as branch labels written to: /in/RAxML_bipartitionsBranchLabels.EOG091G0YUO.clustalo.aln.ALICUT.RTREVF

Overall execution time for full ML analysis: 19.380012 secs or 0.005383 hours or 0.000224 days

