
	reading taxa from FASTA ...


	D.rerio              -> sites: 1186  
	D.melanogaster       -> sites: 1186  
	H.robusta            -> sites: 1186  
	S.mansoni            -> sites: 1186  
	O.viverrini          -> sites: 1186  
	C.intestinalis       -> sites: 1186  
	H.microstoma         -> sites: 1186  
	E.granulosus         -> sites: 1186  
	S.mediterranea       -> sites: 1186  
	T.solium             -> sites: 1186  
	R.norvegicus         -> sites: 1186  
	G.salaris            -> sites: 1186  


	data type             : amino acid sequences

	input ...

	infile		: EOG091G0HOK.clustalo.aln.fasta
	random pairs	: 200000000000000000
	window size	: 6
	indels		: ambiguous
	tree file	: -
	node level	: -
	strict profile	: -
	outgroup	: -
	matrix          : BLOSUM62

	number of taxa        : 12
	random number of pairs: 200000000000000000

	generates threshhold value for amino acid data
	using BLOSUM62

	checks for (potential) identical taxa


	scores site patterns ...


	max number of different pairs is 66
	max random pairs are scored!

	pair: 1      ->	taxon1: D.rerio   	taxon2: D.melanoga
	            	positions below base line: 884
	pair: 2      ->	taxon1: D.rerio   	taxon2: H.robusta 
	            	positions below base line: 1071
	pair: 3      ->	taxon1: D.rerio   	taxon2: S.mansoni 
	            	positions below base line: 985
	pair: 4      ->	taxon1: D.rerio   	taxon2: O.viverrin
	            	positions below base line: 1013
	pair: 5      ->	taxon1: D.rerio   	taxon2: C.intestin
	            	positions below base line: 1034
	pair: 6      ->	taxon1: D.rerio   	taxon2: H.microsto
	            	positions below base line: 878
	pair: 7      ->	taxon1: D.rerio   	taxon2: E.granulos
	            	positions below base line: 901
	pair: 8      ->	taxon1: D.rerio   	taxon2: S.mediterr
	            	positions below base line: 838
	pair: 9      ->	taxon1: D.rerio   	taxon2: T.solium  
	            	positions below base line: 893
	pair: 10     ->	taxon1: D.rerio   	taxon2: R.norvegic
	            	positions below base line: 723
	pair: 11     ->	taxon1: D.rerio   	taxon2: G.salaris 
	            	positions below base line: 1063
	pair: 12     ->	taxon1: D.melanoga	taxon2: H.robusta 
	            	positions below base line: 1056
	pair: 13     ->	taxon1: D.melanoga	taxon2: S.mansoni 
	            	positions below base line: 977
	pair: 14     ->	taxon1: D.melanoga	taxon2: O.viverrin
	            	positions below base line: 1040
	pair: 15     ->	taxon1: D.melanoga	taxon2: C.intestin
	            	positions below base line: 1068
	pair: 16     ->	taxon1: D.melanoga	taxon2: H.microsto
	            	positions below base line: 924
	pair: 17     ->	taxon1: D.melanoga	taxon2: E.granulos
	            	positions below base line: 956
	pair: 18     ->	taxon1: D.melanoga	taxon2: S.mediterr
	            	positions below base line: 903
	pair: 19     ->	taxon1: D.melanoga	taxon2: T.solium  
	            	positions below base line: 950
	pair: 20     ->	taxon1: D.melanoga	taxon2: R.norvegic
	            	positions below base line: 891
	pair: 21     ->	taxon1: D.melanoga	taxon2: G.salaris 
	            	positions below base line: 1063
	pair: 22     ->	taxon1: H.robusta 	taxon2: S.mansoni 
	            	positions below base line: 1067
	pair: 23     ->	taxon1: H.robusta 	taxon2: O.viverrin
	            	positions below base line: 1083
	pair: 24     ->	taxon1: H.robusta 	taxon2: C.intestin
	            	positions below base line: 908
	pair: 25     ->	taxon1: H.robusta 	taxon2: H.microsto
	            	positions below base line: 1075
	pair: 26     ->	taxon1: H.robusta 	taxon2: E.granulos
	            	positions below base line: 1074
	pair: 27     ->	taxon1: H.robusta 	taxon2: S.mediterr
	            	positions below base line: 1077
	pair: 28     ->	taxon1: H.robusta 	taxon2: T.solium  
	            	positions below base line: 1073
	pair: 29     ->	taxon1: H.robusta 	taxon2: R.norvegic
	            	positions below base line: 1066
	pair: 30     ->	taxon1: H.robusta 	taxon2: G.salaris 
	            	positions below base line: 1052
	pair: 31     ->	taxon1: S.mansoni 	taxon2: O.viverrin
	            	positions below base line: 909
	pair: 32     ->	taxon1: S.mansoni 	taxon2: C.intestin
	            	positions below base line: 1051
	pair: 33     ->	taxon1: S.mansoni 	taxon2: H.microsto
	            	positions below base line: 942
	pair: 34     ->	taxon1: S.mansoni 	taxon2: E.granulos
	            	positions below base line: 974
	pair: 35     ->	taxon1: S.mansoni 	taxon2: S.mediterr
	            	positions below base line: 957
	pair: 36     ->	taxon1: S.mansoni 	taxon2: T.solium  
	            	positions below base line: 955
	pair: 37     ->	taxon1: S.mansoni 	taxon2: R.norvegic
	            	positions below base line: 970
	pair: 38     ->	taxon1: S.mansoni 	taxon2: G.salaris 
	            	positions below base line: 1054
	pair: 39     ->	taxon1: O.viverrin	taxon2: C.intestin
	            	positions below base line: 1077
	pair: 40     ->	taxon1: O.viverrin	taxon2: H.microsto
	            	positions below base line: 993
	pair: 41     ->	taxon1: O.viverrin	taxon2: E.granulos
	            	positions below base line: 1018
	pair: 42     ->	taxon1: O.viverrin	taxon2: S.mediterr
	            	positions below base line: 1005
	pair: 43     ->	taxon1: O.viverrin	taxon2: T.solium  
	            	positions below base line: 1030
	pair: 44     ->	taxon1: O.viverrin	taxon2: R.norvegic
	            	positions below base line: 1003
	pair: 45     ->	taxon1: O.viverrin	taxon2: G.salaris 
	            	positions below base line: 1087
	pair: 46     ->	taxon1: C.intestin	taxon2: H.microsto
	            	positions below base line: 1058
	pair: 47     ->	taxon1: C.intestin	taxon2: E.granulos
	            	positions below base line: 1080
	pair: 48     ->	taxon1: C.intestin	taxon2: S.mediterr
	            	positions below base line: 1046
	pair: 49     ->	taxon1: C.intestin	taxon2: T.solium  
	            	positions below base line: 1079
	pair: 50     ->	taxon1: C.intestin	taxon2: R.norvegic
	            	positions below base line: 1045
	pair: 51     ->	taxon1: C.intestin	taxon2: G.salaris 
	            	positions below base line: 1029
	pair: 52     ->	taxon1: H.microsto	taxon2: E.granulos
	            	positions below base line: 825
	pair: 53     ->	taxon1: H.microsto	taxon2: S.mediterr
	            	positions below base line: 871
	pair: 54     ->	taxon1: H.microsto	taxon2: T.solium  
	            	positions below base line: 813
	pair: 55     ->	taxon1: H.microsto	taxon2: R.norvegic
	            	positions below base line: 888
	pair: 56     ->	taxon1: H.microsto	taxon2: G.salaris 
	            	positions below base line: 1075
	pair: 57     ->	taxon1: E.granulos	taxon2: S.mediterr
	            	positions below base line: 886
	pair: 58     ->	taxon1: E.granulos	taxon2: T.solium  
	            	positions below base line: 771
	pair: 59     ->	taxon1: E.granulos	taxon2: R.norvegic
	            	positions below base line: 901
	pair: 60     ->	taxon1: E.granulos	taxon2: G.salaris 
	            	positions below base line: 1093
	pair: 61     ->	taxon1: S.mediterr	taxon2: T.solium  
	            	positions below base line: 883
	pair: 62     ->	taxon1: S.mediterr	taxon2: R.norvegic
	            	positions below base line: 844
	pair: 63     ->	taxon1: S.mediterr	taxon2: G.salaris 
	            	positions below base line: 1057
	pair: 64     ->	taxon1: T.solium  	taxon2: R.norvegic
	            	positions below base line: 889
	pair: 65     ->	taxon1: T.solium  	taxon2: G.salaris 
	            	positions below base line: 1096
	pair: 66     ->	taxon1: R.norvegic	taxon2: G.salaris 
	            	positions below base line: 1060

	generates quality profile from collected scores ...


	scoring done ...


	generates vector plot from collected scores ...


Argument "-" treated as 0 in increment (++) at /usr/bin/Aliscore.pl line 1213.
	Profile written to EOG091G0HOK.clustalo.aln.fasta_Profile_random.txt
	List   written to EOG091G0HOK.clustalo.aln.fasta_List_random.txt

	time used: 4.17 sec

