
RAxML can't, parse the alignment file as phylip file 
it will now try to parse it as FASTA file


This is the RAxML Master Pthread

This is RAxML Worker Pthread Number: 1


This is RAxML version 8.2.12 released by Alexandros Stamatakis on May 2018.

With greatly appreciated code contributions by:
Andre Aberer      (HITS)
Simon Berger      (HITS)
Alexey Kozlov     (HITS)
Kassian Kobert    (HITS)
David Dao         (KIT and HITS)
Sarah Lutteropp   (KIT and HITS)
Nick Pattengale   (Sandia)
Wayne Pfeiffer    (SDSC)
Akifumi S. Tanabe (NRIFS)
Charlie Taylor    (UF)


Alignment has 141 distinct alignment patterns

Proportion of gaps and completely undetermined characters in this alignment: 2.00%

RAxML rapid bootstrapping and subsequent ML search

Using 1 distinct models/data partitions with joint branch length optimization



Executing 100 rapid bootstrap inferences and thereafter a thorough ML search 

All free model parameters will be estimated by RAxML
GAMMA model of rate heterogeneity, ML estimate of alpha-parameter

GAMMA Model parameters will be estimated up to an accuracy of 0.1000000000 Log Likelihood units

Partition: 0
Alignment Patterns: 141
Name: No Name Provided
DataType: AA
Substitution Matrix: WAG
Using empirical base frequencies




RAxML was called as follows:

raxml -f a -T 2 -m PROTGAMMAWAGF -p 12345 -x 12345 -# 100 -s ALICUT_EOG091G0HOK.clustalo.aln.fasta -n EOG091G0HOK.clustalo.aln.ALICUT.WAGF 



Time for BS model parameter optimization 0.021350
Bootstrap[0]: Time 0.421185 seconds, bootstrap likelihood -2584.342984, best rearrangement setting 13
Bootstrap[1]: Time 0.397720 seconds, bootstrap likelihood -2925.117603, best rearrangement setting 13
Bootstrap[2]: Time 0.389684 seconds, bootstrap likelihood -2713.934060, best rearrangement setting 12
Bootstrap[3]: Time 0.384955 seconds, bootstrap likelihood -2691.996923, best rearrangement setting 15
Bootstrap[4]: Time 0.427253 seconds, bootstrap likelihood -2966.914006, best rearrangement setting 10
Bootstrap[5]: Time 0.422457 seconds, bootstrap likelihood -2836.767747, best rearrangement setting 10
Bootstrap[6]: Time 0.426131 seconds, bootstrap likelihood -2788.814046, best rearrangement setting 6
Bootstrap[7]: Time 0.393341 seconds, bootstrap likelihood -2736.579539, best rearrangement setting 14
Bootstrap[8]: Time 0.332622 seconds, bootstrap likelihood -2720.868699, best rearrangement setting 5
Bootstrap[9]: Time 0.384583 seconds, bootstrap likelihood -2706.872764, best rearrangement setting 7
Bootstrap[10]: Time 0.327221 seconds, bootstrap likelihood -2727.682898, best rearrangement setting 7
Bootstrap[11]: Time 0.385916 seconds, bootstrap likelihood -2599.784513, best rearrangement setting 5
Bootstrap[12]: Time 0.351459 seconds, bootstrap likelihood -2834.082455, best rearrangement setting 8
Bootstrap[13]: Time 0.377968 seconds, bootstrap likelihood -2562.348689, best rearrangement setting 7
Bootstrap[14]: Time 0.379783 seconds, bootstrap likelihood -2717.044905, best rearrangement setting 12
Bootstrap[15]: Time 0.476610 seconds, bootstrap likelihood -2680.776994, best rearrangement setting 15
Bootstrap[16]: Time 0.318945 seconds, bootstrap likelihood -2843.548974, best rearrangement setting 12
Bootstrap[17]: Time 0.150632 seconds, bootstrap likelihood -2780.191806, best rearrangement setting 12
Bootstrap[18]: Time 0.339549 seconds, bootstrap likelihood -2679.515739, best rearrangement setting 5
Bootstrap[19]: Time 0.331507 seconds, bootstrap likelihood -2639.078760, best rearrangement setting 8
Bootstrap[20]: Time 0.374699 seconds, bootstrap likelihood -2735.539359, best rearrangement setting 10
Bootstrap[21]: Time 0.413839 seconds, bootstrap likelihood -2797.077441, best rearrangement setting 6
Bootstrap[22]: Time 0.415413 seconds, bootstrap likelihood -2868.827112, best rearrangement setting 5
Bootstrap[23]: Time 0.422400 seconds, bootstrap likelihood -2973.802568, best rearrangement setting 7
Bootstrap[24]: Time 0.401923 seconds, bootstrap likelihood -2860.932112, best rearrangement setting 8
Bootstrap[25]: Time 0.444509 seconds, bootstrap likelihood -2803.295327, best rearrangement setting 6
Bootstrap[26]: Time 0.372404 seconds, bootstrap likelihood -2707.215006, best rearrangement setting 12
Bootstrap[27]: Time 0.425789 seconds, bootstrap likelihood -2895.621663, best rearrangement setting 10
Bootstrap[28]: Time 0.371928 seconds, bootstrap likelihood -2779.176147, best rearrangement setting 11
Bootstrap[29]: Time 0.384038 seconds, bootstrap likelihood -2610.991053, best rearrangement setting 12
Bootstrap[30]: Time 0.400839 seconds, bootstrap likelihood -2908.290964, best rearrangement setting 15
Bootstrap[31]: Time 0.426796 seconds, bootstrap likelihood -2798.443495, best rearrangement setting 15
Bootstrap[32]: Time 0.356146 seconds, bootstrap likelihood -2776.313704, best rearrangement setting 6
Bootstrap[33]: Time 0.379523 seconds, bootstrap likelihood -2604.069973, best rearrangement setting 15
Bootstrap[34]: Time 0.378353 seconds, bootstrap likelihood -2932.869468, best rearrangement setting 11
Bootstrap[35]: Time 0.409701 seconds, bootstrap likelihood -3009.987815, best rearrangement setting 8
Bootstrap[36]: Time 0.361549 seconds, bootstrap likelihood -2930.604881, best rearrangement setting 9
Bootstrap[37]: Time 0.328585 seconds, bootstrap likelihood -2617.865332, best rearrangement setting 11
Bootstrap[38]: Time 0.165009 seconds, bootstrap likelihood -2593.603892, best rearrangement setting 8
Bootstrap[39]: Time 0.423679 seconds, bootstrap likelihood -2795.544183, best rearrangement setting 13
Bootstrap[40]: Time 0.386791 seconds, bootstrap likelihood -2448.636174, best rearrangement setting 13
Bootstrap[41]: Time 0.414255 seconds, bootstrap likelihood -2811.634602, best rearrangement setting 10
Bootstrap[42]: Time 0.425109 seconds, bootstrap likelihood -2733.543341, best rearrangement setting 5
Bootstrap[43]: Time 0.429824 seconds, bootstrap likelihood -2821.582824, best rearrangement setting 14
Bootstrap[44]: Time 0.424156 seconds, bootstrap likelihood -2759.647497, best rearrangement setting 10
Bootstrap[45]: Time 0.402259 seconds, bootstrap likelihood -2849.971420, best rearrangement setting 15
Bootstrap[46]: Time 0.443804 seconds, bootstrap likelihood -2807.397683, best rearrangement setting 14
Bootstrap[47]: Time 0.388650 seconds, bootstrap likelihood -2830.757374, best rearrangement setting 8
Bootstrap[48]: Time 0.366924 seconds, bootstrap likelihood -2794.135074, best rearrangement setting 6
Bootstrap[49]: Time 0.427033 seconds, bootstrap likelihood -2575.178227, best rearrangement setting 7
Bootstrap[50]: Time 0.423366 seconds, bootstrap likelihood -2670.221379, best rearrangement setting 7
Bootstrap[51]: Time 0.396667 seconds, bootstrap likelihood -2814.246979, best rearrangement setting 11
Bootstrap[52]: Time 0.368994 seconds, bootstrap likelihood -2920.738144, best rearrangement setting 12
Bootstrap[53]: Time 0.387675 seconds, bootstrap likelihood -2773.409462, best rearrangement setting 8
Bootstrap[54]: Time 0.398200 seconds, bootstrap likelihood -2749.110249, best rearrangement setting 9
Bootstrap[55]: Time 0.385050 seconds, bootstrap likelihood -2840.684719, best rearrangement setting 11
Bootstrap[56]: Time 0.404511 seconds, bootstrap likelihood -2503.338984, best rearrangement setting 5
Bootstrap[57]: Time 0.447177 seconds, bootstrap likelihood -2903.782313, best rearrangement setting 7
Bootstrap[58]: Time 0.437574 seconds, bootstrap likelihood -2782.036574, best rearrangement setting 10
Bootstrap[59]: Time 0.362547 seconds, bootstrap likelihood -2742.819134, best rearrangement setting 9
Bootstrap[60]: Time 0.402668 seconds, bootstrap likelihood -2879.254062, best rearrangement setting 7
Bootstrap[61]: Time 0.361641 seconds, bootstrap likelihood -2719.270944, best rearrangement setting 5
Bootstrap[62]: Time 0.366941 seconds, bootstrap likelihood -2778.190898, best rearrangement setting 11
Bootstrap[63]: Time 0.404632 seconds, bootstrap likelihood -2686.622702, best rearrangement setting 12
Bootstrap[64]: Time 0.451475 seconds, bootstrap likelihood -2985.839866, best rearrangement setting 7
Bootstrap[65]: Time 0.333678 seconds, bootstrap likelihood -2758.210634, best rearrangement setting 5
Bootstrap[66]: Time 0.366057 seconds, bootstrap likelihood -2823.377886, best rearrangement setting 5
Bootstrap[67]: Time 0.451508 seconds, bootstrap likelihood -2773.115383, best rearrangement setting 15
Bootstrap[68]: Time 0.431117 seconds, bootstrap likelihood -2771.534653, best rearrangement setting 11
Bootstrap[69]: Time 0.388767 seconds, bootstrap likelihood -2827.735195, best rearrangement setting 5
Bootstrap[70]: Time 0.424821 seconds, bootstrap likelihood -2756.945750, best rearrangement setting 8
Bootstrap[71]: Time 0.425879 seconds, bootstrap likelihood -2877.452166, best rearrangement setting 10
Bootstrap[72]: Time 0.444588 seconds, bootstrap likelihood -2837.630255, best rearrangement setting 11
Bootstrap[73]: Time 0.426451 seconds, bootstrap likelihood -2842.453051, best rearrangement setting 9
Bootstrap[74]: Time 0.350674 seconds, bootstrap likelihood -2604.127579, best rearrangement setting 5
Bootstrap[75]: Time 0.366656 seconds, bootstrap likelihood -2835.393256, best rearrangement setting 8
Bootstrap[76]: Time 0.367396 seconds, bootstrap likelihood -2918.944954, best rearrangement setting 9
Bootstrap[77]: Time 0.372991 seconds, bootstrap likelihood -2612.560328, best rearrangement setting 11
Bootstrap[78]: Time 0.431021 seconds, bootstrap likelihood -2906.412714, best rearrangement setting 15
Bootstrap[79]: Time 0.401484 seconds, bootstrap likelihood -2953.132038, best rearrangement setting 9
Bootstrap[80]: Time 0.170077 seconds, bootstrap likelihood -2844.734339, best rearrangement setting 15
Bootstrap[81]: Time 0.446023 seconds, bootstrap likelihood -2862.765436, best rearrangement setting 7
Bootstrap[82]: Time 0.333265 seconds, bootstrap likelihood -2856.271338, best rearrangement setting 6
Bootstrap[83]: Time 0.360649 seconds, bootstrap likelihood -2815.699810, best rearrangement setting 10
Bootstrap[84]: Time 0.379736 seconds, bootstrap likelihood -2882.310030, best rearrangement setting 11
Bootstrap[85]: Time 0.373846 seconds, bootstrap likelihood -2614.765025, best rearrangement setting 8
Bootstrap[86]: Time 0.358380 seconds, bootstrap likelihood -2758.967182, best rearrangement setting 7
Bootstrap[87]: Time 0.378124 seconds, bootstrap likelihood -2561.413346, best rearrangement setting 7
Bootstrap[88]: Time 0.387374 seconds, bootstrap likelihood -2893.022520, best rearrangement setting 12
Bootstrap[89]: Time 0.371838 seconds, bootstrap likelihood -2737.328545, best rearrangement setting 10
Bootstrap[90]: Time 0.348102 seconds, bootstrap likelihood -2691.580480, best rearrangement setting 8
Bootstrap[91]: Time 0.414331 seconds, bootstrap likelihood -2875.777763, best rearrangement setting 12
Bootstrap[92]: Time 0.413458 seconds, bootstrap likelihood -2816.226752, best rearrangement setting 13
Bootstrap[93]: Time 0.344952 seconds, bootstrap likelihood -2916.662312, best rearrangement setting 15
Bootstrap[94]: Time 0.363150 seconds, bootstrap likelihood -2831.749590, best rearrangement setting 5
Bootstrap[95]: Time 0.399679 seconds, bootstrap likelihood -2670.328630, best rearrangement setting 5
Bootstrap[96]: Time 0.378625 seconds, bootstrap likelihood -2662.759751, best rearrangement setting 13
Bootstrap[97]: Time 0.194324 seconds, bootstrap likelihood -2647.793874, best rearrangement setting 11
Bootstrap[98]: Time 0.480769 seconds, bootstrap likelihood -2820.687428, best rearrangement setting 6
Bootstrap[99]: Time 0.594792 seconds, bootstrap likelihood -2891.212942, best rearrangement setting 14


Overall Time for 100 Rapid Bootstraps 38.675781 seconds
Average Time per Rapid Bootstrap 0.386758 seconds

Starting ML Search ...

Fast ML optimization finished

Fast ML search Time: 26.052036 seconds

Slow ML Search 0 Likelihood: -2790.417112
Slow ML Search 1 Likelihood: -2790.417112
Slow ML Search 2 Likelihood: -2790.417112
Slow ML Search 3 Likelihood: -2790.417112
Slow ML Search 4 Likelihood: -2790.417112
Slow ML Search 5 Likelihood: -2790.417112
Slow ML Search 6 Likelihood: -2790.417112
Slow ML Search 7 Likelihood: -2790.417112
Slow ML Search 8 Likelihood: -2790.417112
Slow ML Search 9 Likelihood: -2790.417112
Slow ML optimization finished

Slow ML search Time: 8.481079 seconds
Thorough ML search Time: 0.605813 seconds

Final ML Optimization Likelihood: -2790.417112

Model Information:

Model Parameters of Partition 0, Name: No Name Provided, Type of Data: AA
alpha: 1.359992
Tree-Length: 5.403345
rate A <-> R: 0.705217
rate A <-> N: 0.651871
rate A <-> D: 0.944853
rate A <-> C: 1.313132
rate A <-> Q: 1.161697
rate A <-> E: 2.023768
rate A <-> G: 1.811361
rate A <-> H: 0.405245
rate A <-> I: 0.247190
rate A <-> L: 0.508758
rate A <-> K: 1.158714
rate A <-> M: 1.142388
rate A <-> F: 0.269129
rate A <-> P: 1.839272
rate A <-> S: 4.309757
rate A <-> T: 2.711966
rate A <-> W: 0.144647
rate A <-> Y: 0.307794
rate A <-> V: 2.564804
rate R <-> N: 0.812328
rate R <-> D: 0.188337
rate R <-> C: 0.675324
rate R <-> Q: 3.881068
rate R <-> E: 0.561488
rate R <-> G: 0.747529
rate R <-> H: 2.732474
rate R <-> I: 0.239064
rate R <-> L: 0.636302
rate R <-> K: 6.842111
rate R <-> M: 0.873463
rate R <-> F: 0.131322
rate R <-> P: 0.868767
rate R <-> S: 1.565200
rate R <-> T: 0.708850
rate R <-> W: 1.488141
rate R <-> Y: 0.487813
rate R <-> V: 0.322004
rate N <-> D: 6.941838
rate N <-> C: 0.339146
rate N <-> Q: 1.973636
rate N <-> E: 1.211049
rate N <-> G: 1.439096
rate N <-> H: 5.058353
rate N <-> I: 0.708624
rate N <-> L: 0.168166
rate N <-> K: 3.851035
rate N <-> M: 0.253437
rate N <-> F: 0.122949
rate N <-> P: 0.249423
rate N <-> S: 5.081291
rate N <-> T: 2.595553
rate N <-> W: 0.091950
rate N <-> Y: 1.388516
rate N <-> V: 0.250912
rate D <-> C: 0.038734
rate D <-> Q: 0.788594
rate D <-> E: 7.894033
rate D <-> G: 1.106701
rate D <-> H: 1.189925
rate D <-> I: 0.050423
rate D <-> L: 0.108428
rate D <-> K: 0.613523
rate D <-> M: 0.132656
rate D <-> F: 0.059748
rate D <-> P: 0.542089
rate D <-> S: 1.370309
rate D <-> T: 0.479289
rate D <-> W: 0.165915
rate D <-> Y: 0.416441
rate D <-> V: 0.194769
rate C <-> Q: 0.126345
rate C <-> E: 0.027300
rate C <-> G: 0.392101
rate C <-> H: 0.318326
rate C <-> I: 0.217528
rate C <-> L: 0.491334
rate C <-> K: 0.094657
rate C <-> M: 0.499255
rate C <-> F: 0.508892
rate C <-> P: 0.139880
rate C <-> S: 1.799778
rate C <-> T: 0.655881
rate C <-> W: 0.916817
rate C <-> Y: 0.695323
rate C <-> V: 1.281296
rate Q <-> E: 6.993045
rate Q <-> G: 0.421991
rate Q <-> H: 5.490277
rate Q <-> I: 0.145650
rate Q <-> L: 1.111694
rate Q <-> K: 4.979863
rate Q <-> M: 1.975707
rate Q <-> F: 0.127755
rate Q <-> P: 1.193372
rate Q <-> S: 1.315472
rate Q <-> T: 1.096912
rate Q <-> W: 0.275833
rate Q <-> Y: 0.291141
rate Q <-> V: 0.385206
rate E <-> G: 0.725860
rate E <-> H: 0.728811
rate E <-> I: 0.162882
rate E <-> L: 0.197234
rate E <-> K: 3.304348
rate E <-> M: 0.402905
rate E <-> F: 0.103735
rate E <-> P: 0.872432
rate E <-> S: 0.901307
rate E <-> T: 1.051954
rate E <-> W: 0.200167
rate E <-> Y: 0.250985
rate E <-> V: 0.752728
rate G <-> H: 0.318886
rate G <-> I: 0.038932
rate G <-> L: 0.078380
rate G <-> K: 0.477616
rate G <-> M: 0.222597
rate G <-> F: 0.063840
rate G <-> P: 0.311419
rate G <-> S: 1.715597
rate G <-> T: 0.288741
rate G <-> W: 0.430853
rate G <-> Y: 0.132464
rate G <-> V: 0.239406
rate H <-> I: 0.176684
rate H <-> L: 0.638592
rate H <-> K: 1.138471
rate H <-> M: 0.516718
rate H <-> F: 0.868616
rate H <-> P: 0.890131
rate H <-> S: 0.946350
rate H <-> T: 0.605151
rate H <-> W: 0.335710
rate H <-> Y: 4.952425
rate H <-> V: 0.151328
rate I <-> L: 4.054275
rate I <-> K: 0.414039
rate I <-> M: 5.443417
rate I <-> F: 1.354596
rate I <-> P: 0.127765
rate I <-> S: 0.408423
rate I <-> T: 1.864345
rate I <-> W: 0.271672
rate I <-> Y: 0.537212
rate I <-> V: 10.000000
rate L <-> K: 0.329299
rate L <-> M: 6.206155
rate L <-> F: 2.704371
rate L <-> P: 0.531681
rate L <-> S: 0.440769
rate L <-> T: 0.417606
rate L <-> W: 0.850637
rate L <-> Y: 0.509657
rate L <-> V: 2.301842
rate K <-> M: 1.194528
rate K <-> F: 0.113582
rate K <-> P: 0.712025
rate K <-> S: 1.236534
rate K <-> T: 1.773337
rate K <-> W: 0.175808
rate K <-> Y: 0.170386
rate K <-> V: 0.390516
rate M <-> F: 1.522292
rate M <-> P: 0.219054
rate M <-> S: 0.631487
rate M <-> T: 1.938450
rate M <-> W: 0.659361
rate M <-> Y: 0.547782
rate M <-> V: 2.631851
rate F <-> P: 0.206416
rate F <-> S: 0.698005
rate F <-> T: 0.219788
rate F <-> W: 1.955736
rate F <-> Y: 8.252183
rate F <-> V: 0.830926
rate P <-> S: 2.062675
rate P <-> T: 1.016946
rate P <-> W: 0.178238
rate P <-> Y: 0.276228
rate P <-> V: 0.402602
rate S <-> T: 5.597561
rate S <-> W: 0.669635
rate S <-> Y: 1.006218
rate S <-> V: 0.297571
rate T <-> W: 0.141746
rate T <-> Y: 0.372250
rate T <-> V: 1.774935
rate W <-> Y: 3.177720
rate W <-> V: 0.467146
rate Y <-> V: 0.402401

freq pi(A): 0.050248
freq pi(R): 0.040861
freq pi(N): 0.048040
freq pi(D): 0.022639
freq pi(C): 0.064053
freq pi(Q): 0.023744
freq pi(E): 0.024296
freq pi(G): 0.083932
freq pi(H): 0.052457
freq pi(I): 0.066262
freq pi(L): 0.099945
freq pi(K): 0.046935
freq pi(M): 0.029818
freq pi(F): 0.068470
freq pi(P): 0.052457
freq pi(S): 0.042518
freq pi(T): 0.033683
freq pi(W): 0.031474
freq pi(Y): 0.044727
freq pi(V): 0.073440


ML search took 35.161691 secs or 0.009767 hours

Combined Bootstrap and ML search took 73.837720 secs or 0.020510 hours

Drawing Bootstrap Support Values on best-scoring ML tree ...



Found 1 tree in File /in/RAxML_bestTree.EOG091G0HOK.clustalo.aln.ALICUT.WAGF



Found 1 tree in File /in/RAxML_bestTree.EOG091G0HOK.clustalo.aln.ALICUT.WAGF

Program execution info written to /in/RAxML_info.EOG091G0HOK.clustalo.aln.ALICUT.WAGF
All 100 bootstrapped trees written to: /in/RAxML_bootstrap.EOG091G0HOK.clustalo.aln.ALICUT.WAGF

Best-scoring ML tree written to: /in/RAxML_bestTree.EOG091G0HOK.clustalo.aln.ALICUT.WAGF

Best-scoring ML tree with support values written to: /in/RAxML_bipartitions.EOG091G0HOK.clustalo.aln.ALICUT.WAGF

Best-scoring ML tree with support values as branch labels written to: /in/RAxML_bipartitionsBranchLabels.EOG091G0HOK.clustalo.aln.ALICUT.WAGF

Overall execution time for full ML analysis: 73.839738 secs or 0.020511 hours or 0.000855 days

