--2018-12-12 20:38:24--  http://www.orthodb.org/fasta?query=EOG091G06EF&level=33208
Resolving www.orthodb.org (www.orthodb.org)... 142.93.108.123, 2a03:b0c0:3:e0::1b:1
Connecting to www.orthodb.org (www.orthodb.org)|142.93.108.123|:80... connected.
HTTP request sent, awaiting response... 301 Moved Permanently
Location: https://www.orthodb.org/fasta?query=EOG091G06EF&level=33208 [following]
--2018-12-12 20:38:24--  https://www.orthodb.org/fasta?query=EOG091G06EF&level=33208
Connecting to www.orthodb.org (www.orthodb.org)|142.93.108.123|:443... connected.
HTTP request sent, awaiting response... 200 OK
Length: 594100 (580K) [text/plain]
Saving to: ‘EOG091G06EF/EOG091G06EF.orthodb.fasta’

     0K .......... .......... .......... .......... ..........  8%  857K 1s
    50K .......... .......... .......... .......... .......... 17% 2,17M 0s
   100K .......... .......... .......... .......... .......... 25% 1,19M 0s
   150K .......... .......... .......... .......... .......... 34% 2,40M 0s
   200K .......... .......... .......... .......... .......... 43% 3,18M 0s
   250K .......... .......... .......... .......... .......... 51% 6,83M 0s
   300K .......... .......... .......... .......... .......... 60% 2,36M 0s
   350K .......... .......... .......... .......... .......... 68% 2,52M 0s
   400K .......... .......... .......... .......... .......... 77% 2,38M 0s
   450K .......... .......... .......... .......... .......... 86% 2,54M 0s
   500K .......... .......... .......... .......... .......... 94% 11,5M 0s
   550K .......... .......... ..........                      100% 1,64M=0,3s

2018-12-12 20:38:25 (2,12 MB/s) - ‘EOG091G06EF/EOG091G06EF.orthodb.fasta’ saved [594100/594100]

