
WARNING: The number of threads is currently set to 1
You can specify the number of threads to run via -T numberOfThreads
NumberOfThreads must be set to an integer value greater than 1

RAxML, will now set the number of threads automatically to 2 !


RAxML can't, parse the alignment file as phylip file 
it will now try to parse it as FASTA file


This is the RAxML Master Pthread

This is RAxML Worker Pthread Number: 1


This is RAxML version 8.2.12 released by Alexandros Stamatakis on May 2018.

With greatly appreciated code contributions by:
Andre Aberer      (HITS)
Simon Berger      (HITS)
Alexey Kozlov     (HITS)
Kassian Kobert    (HITS)
David Dao         (KIT and HITS)
Sarah Lutteropp   (KIT and HITS)
Nick Pattengale   (Sandia)
Wayne Pfeiffer    (SDSC)
Akifumi S. Tanabe (NRIFS)
Charlie Taylor    (UF)


Alignment has 206 distinct alignment patterns

Proportion of gaps and completely undetermined characters in this alignment: 8.28%

RAxML rapid bootstrapping and subsequent ML search

Using 1 distinct models/data partitions with joint branch length optimization



Executing 100 rapid bootstrap inferences and thereafter a thorough ML search 

All free model parameters will be estimated by RAxML
GAMMA model of rate heterogeneity, ML estimate of alpha-parameter

GAMMA Model parameters will be estimated up to an accuracy of 0.1000000000 Log Likelihood units

Partition: 0
Alignment Patterns: 206
Name: No Name Provided
DataType: AA
Substitution Matrix: LG
Using empirical base frequencies




RAxML was called as follows:

raxml -f a -T 1 -m PROTGAMMALGF -p 12345 -x 12345 -# 100 -s ALICUT_EOG091G06EF.clustalo.aln.fasta -n EOG091G06EF.clustalo.aln.ALICUT.LGF 



Time for BS model parameter optimization 0.024941
Bootstrap[0]: Time 0.575931 seconds, bootstrap likelihood -3418.862188, best rearrangement setting 13
Bootstrap[1]: Time 0.538415 seconds, bootstrap likelihood -3370.145399, best rearrangement setting 13
Bootstrap[2]: Time 0.462663 seconds, bootstrap likelihood -3596.569082, best rearrangement setting 12
Bootstrap[3]: Time 0.469741 seconds, bootstrap likelihood -3362.453131, best rearrangement setting 15
Bootstrap[4]: Time 0.497920 seconds, bootstrap likelihood -3427.079475, best rearrangement setting 10
Bootstrap[5]: Time 0.466166 seconds, bootstrap likelihood -3190.678327, best rearrangement setting 10
Bootstrap[6]: Time 0.497220 seconds, bootstrap likelihood -3523.975991, best rearrangement setting 6
Bootstrap[7]: Time 0.461075 seconds, bootstrap likelihood -3249.947220, best rearrangement setting 14
Bootstrap[8]: Time 0.456283 seconds, bootstrap likelihood -3443.288294, best rearrangement setting 5
Bootstrap[9]: Time 0.448709 seconds, bootstrap likelihood -3169.694575, best rearrangement setting 7
Bootstrap[10]: Time 0.463801 seconds, bootstrap likelihood -3355.506725, best rearrangement setting 7
Bootstrap[11]: Time 0.483731 seconds, bootstrap likelihood -3224.998587, best rearrangement setting 5
Bootstrap[12]: Time 0.426592 seconds, bootstrap likelihood -3419.832323, best rearrangement setting 8
Bootstrap[13]: Time 0.497299 seconds, bootstrap likelihood -3400.589967, best rearrangement setting 7
Bootstrap[14]: Time 0.536137 seconds, bootstrap likelihood -3433.979078, best rearrangement setting 12
Bootstrap[15]: Time 0.476380 seconds, bootstrap likelihood -3535.740019, best rearrangement setting 15
Bootstrap[16]: Time 0.480679 seconds, bootstrap likelihood -3185.857507, best rearrangement setting 12
Bootstrap[17]: Time 0.535718 seconds, bootstrap likelihood -3459.215834, best rearrangement setting 12
Bootstrap[18]: Time 0.230182 seconds, bootstrap likelihood -3380.178132, best rearrangement setting 5
Bootstrap[19]: Time 0.479665 seconds, bootstrap likelihood -3534.450055, best rearrangement setting 8
Bootstrap[20]: Time 0.489560 seconds, bootstrap likelihood -3464.892930, best rearrangement setting 10
Bootstrap[21]: Time 0.483934 seconds, bootstrap likelihood -3433.693305, best rearrangement setting 6
Bootstrap[22]: Time 0.476618 seconds, bootstrap likelihood -3374.130479, best rearrangement setting 5
Bootstrap[23]: Time 0.218729 seconds, bootstrap likelihood -3528.614466, best rearrangement setting 7
Bootstrap[24]: Time 0.469181 seconds, bootstrap likelihood -3494.191080, best rearrangement setting 8
Bootstrap[25]: Time 0.422319 seconds, bootstrap likelihood -3396.689068, best rearrangement setting 6
Bootstrap[26]: Time 0.447365 seconds, bootstrap likelihood -3246.058407, best rearrangement setting 12
Bootstrap[27]: Time 0.509733 seconds, bootstrap likelihood -3293.445216, best rearrangement setting 10
Bootstrap[28]: Time 0.512057 seconds, bootstrap likelihood -3292.390433, best rearrangement setting 11
Bootstrap[29]: Time 0.493961 seconds, bootstrap likelihood -3198.857187, best rearrangement setting 12
Bootstrap[30]: Time 0.467454 seconds, bootstrap likelihood -3612.615560, best rearrangement setting 15
Bootstrap[31]: Time 0.538270 seconds, bootstrap likelihood -3234.552012, best rearrangement setting 15
Bootstrap[32]: Time 0.489876 seconds, bootstrap likelihood -3235.452631, best rearrangement setting 6
Bootstrap[33]: Time 0.474949 seconds, bootstrap likelihood -3450.419307, best rearrangement setting 15
Bootstrap[34]: Time 0.443238 seconds, bootstrap likelihood -3419.884069, best rearrangement setting 11
Bootstrap[35]: Time 0.441688 seconds, bootstrap likelihood -3562.013072, best rearrangement setting 8
Bootstrap[36]: Time 0.458332 seconds, bootstrap likelihood -3204.568708, best rearrangement setting 9
Bootstrap[37]: Time 0.441035 seconds, bootstrap likelihood -3300.507583, best rearrangement setting 11
Bootstrap[38]: Time 0.504931 seconds, bootstrap likelihood -3296.742711, best rearrangement setting 8
Bootstrap[39]: Time 0.496596 seconds, bootstrap likelihood -3233.626633, best rearrangement setting 13
Bootstrap[40]: Time 0.459498 seconds, bootstrap likelihood -3260.797391, best rearrangement setting 13
Bootstrap[41]: Time 0.406383 seconds, bootstrap likelihood -3440.743004, best rearrangement setting 10
Bootstrap[42]: Time 0.420093 seconds, bootstrap likelihood -3282.790307, best rearrangement setting 5
Bootstrap[43]: Time 0.463645 seconds, bootstrap likelihood -3502.893886, best rearrangement setting 14
Bootstrap[44]: Time 0.478676 seconds, bootstrap likelihood -3196.201838, best rearrangement setting 10
Bootstrap[45]: Time 0.520166 seconds, bootstrap likelihood -3453.369265, best rearrangement setting 15
Bootstrap[46]: Time 0.421556 seconds, bootstrap likelihood -3409.087987, best rearrangement setting 14
Bootstrap[47]: Time 0.212606 seconds, bootstrap likelihood -3349.775867, best rearrangement setting 8
Bootstrap[48]: Time 0.561239 seconds, bootstrap likelihood -3443.156185, best rearrangement setting 6
Bootstrap[49]: Time 0.537524 seconds, bootstrap likelihood -3427.763339, best rearrangement setting 7
Bootstrap[50]: Time 0.464350 seconds, bootstrap likelihood -3251.513526, best rearrangement setting 7
Bootstrap[51]: Time 0.449694 seconds, bootstrap likelihood -3505.531820, best rearrangement setting 11
Bootstrap[52]: Time 0.457633 seconds, bootstrap likelihood -3284.305053, best rearrangement setting 12
Bootstrap[53]: Time 0.478483 seconds, bootstrap likelihood -3334.435965, best rearrangement setting 8
Bootstrap[54]: Time 0.472374 seconds, bootstrap likelihood -3221.218580, best rearrangement setting 9
Bootstrap[55]: Time 0.465970 seconds, bootstrap likelihood -3367.964545, best rearrangement setting 11
Bootstrap[56]: Time 0.437030 seconds, bootstrap likelihood -3356.798090, best rearrangement setting 5
Bootstrap[57]: Time 0.493087 seconds, bootstrap likelihood -3402.722241, best rearrangement setting 7
Bootstrap[58]: Time 0.524264 seconds, bootstrap likelihood -3420.464639, best rearrangement setting 10
Bootstrap[59]: Time 0.474325 seconds, bootstrap likelihood -3193.836278, best rearrangement setting 9
Bootstrap[60]: Time 0.486886 seconds, bootstrap likelihood -3577.956590, best rearrangement setting 7
Bootstrap[61]: Time 0.419743 seconds, bootstrap likelihood -3410.465548, best rearrangement setting 5
Bootstrap[62]: Time 0.425133 seconds, bootstrap likelihood -3342.249854, best rearrangement setting 11
Bootstrap[63]: Time 0.477301 seconds, bootstrap likelihood -3361.845527, best rearrangement setting 12
Bootstrap[64]: Time 0.449132 seconds, bootstrap likelihood -3349.175432, best rearrangement setting 7
Bootstrap[65]: Time 0.494140 seconds, bootstrap likelihood -3313.868089, best rearrangement setting 5
Bootstrap[66]: Time 0.426940 seconds, bootstrap likelihood -3554.326446, best rearrangement setting 5
Bootstrap[67]: Time 0.460617 seconds, bootstrap likelihood -3425.593589, best rearrangement setting 15
Bootstrap[68]: Time 0.494733 seconds, bootstrap likelihood -3356.022298, best rearrangement setting 11
Bootstrap[69]: Time 0.474209 seconds, bootstrap likelihood -3381.964140, best rearrangement setting 5
Bootstrap[70]: Time 0.467206 seconds, bootstrap likelihood -3499.169757, best rearrangement setting 8
Bootstrap[71]: Time 0.459237 seconds, bootstrap likelihood -3399.907129, best rearrangement setting 10
Bootstrap[72]: Time 0.471245 seconds, bootstrap likelihood -3467.132223, best rearrangement setting 11
Bootstrap[73]: Time 0.505601 seconds, bootstrap likelihood -3312.864979, best rearrangement setting 9
Bootstrap[74]: Time 0.494454 seconds, bootstrap likelihood -3356.427179, best rearrangement setting 5
Bootstrap[75]: Time 0.475443 seconds, bootstrap likelihood -3534.800371, best rearrangement setting 8
Bootstrap[76]: Time 0.492810 seconds, bootstrap likelihood -3223.595433, best rearrangement setting 9
Bootstrap[77]: Time 0.524630 seconds, bootstrap likelihood -3031.532711, best rearrangement setting 11
Bootstrap[78]: Time 0.213224 seconds, bootstrap likelihood -3480.586482, best rearrangement setting 15
Bootstrap[79]: Time 0.441372 seconds, bootstrap likelihood -3372.207292, best rearrangement setting 9
Bootstrap[80]: Time 0.448568 seconds, bootstrap likelihood -3399.206176, best rearrangement setting 15
Bootstrap[81]: Time 0.572610 seconds, bootstrap likelihood -3329.329766, best rearrangement setting 7
Bootstrap[82]: Time 0.471577 seconds, bootstrap likelihood -3224.573323, best rearrangement setting 6
Bootstrap[83]: Time 0.418276 seconds, bootstrap likelihood -3074.831720, best rearrangement setting 10
Bootstrap[84]: Time 0.460589 seconds, bootstrap likelihood -3392.846768, best rearrangement setting 11
Bootstrap[85]: Time 0.404189 seconds, bootstrap likelihood -3534.184586, best rearrangement setting 8
Bootstrap[86]: Time 0.456190 seconds, bootstrap likelihood -3415.026286, best rearrangement setting 7
Bootstrap[87]: Time 0.490681 seconds, bootstrap likelihood -3459.154661, best rearrangement setting 7
Bootstrap[88]: Time 0.425253 seconds, bootstrap likelihood -3368.137564, best rearrangement setting 12
Bootstrap[89]: Time 0.463924 seconds, bootstrap likelihood -3244.149042, best rearrangement setting 10
Bootstrap[90]: Time 0.475692 seconds, bootstrap likelihood -3572.843932, best rearrangement setting 8
Bootstrap[91]: Time 0.490246 seconds, bootstrap likelihood -3491.624532, best rearrangement setting 12
Bootstrap[92]: Time 0.438179 seconds, bootstrap likelihood -3386.625971, best rearrangement setting 13
Bootstrap[93]: Time 0.192279 seconds, bootstrap likelihood -3192.264294, best rearrangement setting 15
Bootstrap[94]: Time 0.431116 seconds, bootstrap likelihood -3607.435037, best rearrangement setting 5
Bootstrap[95]: Time 0.496123 seconds, bootstrap likelihood -3284.407438, best rearrangement setting 5
Bootstrap[96]: Time 0.518893 seconds, bootstrap likelihood -3478.291046, best rearrangement setting 13
Bootstrap[97]: Time 0.445581 seconds, bootstrap likelihood -3500.182278, best rearrangement setting 11
Bootstrap[98]: Time 0.417616 seconds, bootstrap likelihood -3200.252135, best rearrangement setting 6
Bootstrap[99]: Time 0.507826 seconds, bootstrap likelihood -3202.655732, best rearrangement setting 14


Overall Time for 100 Rapid Bootstraps 46.158587 seconds
Average Time per Rapid Bootstrap 0.461586 seconds

Starting ML Search ...

Fast ML optimization finished

Fast ML search Time: 28.990791 seconds

Slow ML Search 0 Likelihood: -3382.674151
Slow ML Search 1 Likelihood: -3382.674151
Slow ML Search 2 Likelihood: -3382.674151
Slow ML Search 3 Likelihood: -3382.674151
Slow ML Search 4 Likelihood: -3382.674151
Slow ML Search 5 Likelihood: -3382.674151
Slow ML Search 6 Likelihood: -3382.674151
Slow ML Search 7 Likelihood: -3382.674151
Slow ML Search 8 Likelihood: -3382.674151
Slow ML Search 9 Likelihood: -3382.674151
Slow ML optimization finished

Slow ML search Time: 6.746207 seconds
Thorough ML search Time: 0.639381 seconds

Final ML Optimization Likelihood: -3382.674151

Model Information:

Model Parameters of Partition 0, Name: No Name Provided, Type of Data: AA
alpha: 1.244771
Tree-Length: 6.652162
rate A <-> R: 0.399182
rate A <-> N: 0.259945
rate A <-> D: 0.371058
rate A <-> C: 2.337364
rate A <-> Q: 0.910775
rate A <-> E: 0.975241
rate A <-> G: 1.940106
rate A <-> H: 0.336984
rate A <-> I: 0.140697
rate A <-> L: 0.371240
rate A <-> K: 0.503815
rate A <-> M: 1.055520
rate A <-> F: 0.238237
rate A <-> P: 1.105868
rate A <-> S: 4.439041
rate A <-> T: 2.009090
rate A <-> W: 0.169702
rate A <-> Y: 0.205613
rate A <-> V: 2.392567
rate R <-> N: 0.706048
rate R <-> D: 0.116398
rate R <-> C: 0.501968
rate R <-> Q: 2.636754
rate R <-> E: 0.341785
rate R <-> G: 0.366408
rate R <-> H: 2.278690
rate R <-> I: 0.119250
rate R <-> L: 0.283449
rate R <-> K: 5.940467
rate R <-> M: 0.454623
rate R <-> F: 0.049508
rate R <-> P: 0.312264
rate R <-> S: 0.805843
rate R <-> T: 0.543695
rate R <-> W: 0.557424
rate R <-> Y: 0.295274
rate R <-> V: 0.160471
rate N <-> D: 4.766737
rate N <-> C: 0.496537
rate N <-> Q: 1.592389
rate N <-> E: 0.508692
rate N <-> G: 1.350015
rate N <-> H: 4.234381
rate N <-> I: 0.179830
rate N <-> L: 0.064256
rate N <-> K: 2.014327
rate N <-> M: 0.348390
rate N <-> F: 0.084068
rate N <-> P: 0.151925
rate N <-> S: 3.764032
rate N <-> T: 1.878729
rate N <-> W: 0.042610
rate N <-> Y: 0.574720
rate N <-> V: 0.078587
rate D <-> C: 0.058743
rate D <-> Q: 0.491483
rate D <-> E: 4.924234
rate D <-> G: 0.793424
rate D <-> H: 0.870603
rate D <-> I: 0.010038
rate D <-> L: 0.014157
rate D <-> K: 0.265711
rate D <-> M: 0.023991
rate D <-> F: 0.016354
rate D <-> P: 0.370412
rate D <-> S: 1.164675
rate D <-> T: 0.399902
rate D <-> W: 0.028068
rate D <-> Y: 0.126872
rate D <-> V: 0.035653
rate C <-> Q: 0.079639
rate C <-> E: 0.003286
rate C <-> G: 0.534566
rate C <-> H: 0.601499
rate C <-> I: 0.301083
rate C <-> L: 0.557800
rate C <-> K: 0.012457
rate C <-> M: 0.839207
rate C <-> F: 1.037881
rate C <-> P: 0.070787
rate C <-> S: 2.614753
rate C <-> T: 1.073780
rate C <-> W: 0.629281
rate C <-> Y: 1.094488
rate C <-> V: 1.839864
rate Q <-> E: 3.876936
rate Q <-> G: 0.251626
rate Q <-> H: 4.520102
rate Q <-> I: 0.068413
rate Q <-> L: 0.546954
rate Q <-> K: 3.037150
rate Q <-> M: 1.570619
rate Q <-> F: 0.033669
rate Q <-> P: 0.586241
rate Q <-> S: 1.149231
rate Q <-> T: 1.014297
rate Q <-> W: 0.221802
rate Q <-> Y: 0.241650
rate Q <-> V: 0.197511
rate E <-> G: 0.327583
rate E <-> H: 0.398044
rate E <-> I: 0.041567
rate E <-> L: 0.065426
rate E <-> K: 1.697022
rate E <-> M: 0.163145
rate E <-> F: 0.017664
rate E <-> P: 0.393844
rate E <-> S: 0.574671
rate E <-> T: 0.567695
rate E <-> W: 0.073107
rate E <-> Y: 0.112720
rate E <-> V: 0.230098
rate G <-> H: 0.292498
rate G <-> I: 0.008174
rate G <-> L: 0.041563
rate G <-> K: 0.278555
rate G <-> M: 0.131033
rate G <-> F: 0.084125
rate G <-> P: 0.184955
rate G <-> S: 1.633930
rate G <-> T: 0.121922
rate G <-> W: 0.252125
rate G <-> Y: 0.051346
rate G <-> V: 0.072026
rate H <-> I: 0.102245
rate H <-> L: 0.343988
rate H <-> K: 0.654763
rate H <-> M: 0.415502
rate H <-> F: 0.640560
rate H <-> P: 0.477834
rate H <-> S: 0.929667
rate H <-> T: 0.548649
rate H <-> W: 0.560661
rate H <-> Y: 4.983361
rate H <-> V: 0.111759
rate I <-> L: 3.892408
rate I <-> K: 0.149373
rate I <-> M: 4.013113
rate I <-> F: 1.044902
rate I <-> P: 0.073509
rate I <-> S: 0.060198
rate I <-> T: 0.970728
rate I <-> W: 0.104854
rate I <-> Y: 0.218350
rate I <-> V: 10.000000
rate L <-> K: 0.129119
rate L <-> M: 5.927594
rate L <-> F: 2.434657
rate L <-> P: 0.233879
rate L <-> S: 0.171176
rate L <-> T: 0.284471
rate L <-> W: 0.581863
rate L <-> Y: 0.281383
rate L <-> V: 1.598956
rate K <-> M: 0.616581
rate K <-> F: 0.022460
rate K <-> P: 0.366530
rate K <-> S: 0.703048
rate K <-> T: 1.067567
rate K <-> W: 0.046864
rate K <-> Y: 0.123890
rate K <-> V: 0.173913
rate M <-> F: 1.689205
rate M <-> P: 0.093763
rate M <-> S: 0.325811
rate M <-> T: 1.897216
rate M <-> W: 0.653740
rate M <-> Y: 0.451968
rate M <-> V: 1.782983
rate F <-> P: 0.088706
rate F <-> S: 0.339765
rate F <-> T: 0.154944
rate F <-> W: 2.307349
rate F <-> Y: 7.328222
rate F <-> V: 0.614777
rate P <-> S: 1.256567
rate P <-> T: 0.536635
rate P <-> W: 0.089332
rate P <-> Y: 0.084151
rate P <-> V: 0.278428
rate S <-> T: 6.077767
rate S <-> W: 0.233693
rate S <-> Y: 0.376132
rate S <-> V: 0.092373
rate T <-> W: 0.132241
rate T <-> Y: 0.230856
rate T <-> V: 2.054781
rate W <-> Y: 2.959699
rate W <-> V: 0.177959
rate Y <-> V: 0.234116

freq pi(A): 0.065147
freq pi(R): 0.056305
freq pi(N): 0.035365
freq pi(D): 0.063751
freq pi(C): 0.007911
freq pi(Q): 0.039088
freq pi(E): 0.070265
freq pi(G): 0.051187
freq pi(H): 0.034435
freq pi(I): 0.061889
freq pi(L): 0.123313
freq pi(K): 0.072127
freq pi(M): 0.026059
freq pi(F): 0.053513
freq pi(P): 0.039553
freq pi(S): 0.047929
freq pi(T): 0.033039
freq pi(W): 0.015356
freq pi(Y): 0.022336
freq pi(V): 0.081433


ML search took 36.396065 secs or 0.010110 hours

Combined Bootstrap and ML search took 82.554832 secs or 0.022932 hours

Drawing Bootstrap Support Values on best-scoring ML tree ...



Found 1 tree in File /in/RAxML_bestTree.EOG091G06EF.clustalo.aln.ALICUT.LGF



Found 1 tree in File /in/RAxML_bestTree.EOG091G06EF.clustalo.aln.ALICUT.LGF

Program execution info written to /in/RAxML_info.EOG091G06EF.clustalo.aln.ALICUT.LGF
All 100 bootstrapped trees written to: /in/RAxML_bootstrap.EOG091G06EF.clustalo.aln.ALICUT.LGF

Best-scoring ML tree written to: /in/RAxML_bestTree.EOG091G06EF.clustalo.aln.ALICUT.LGF

Best-scoring ML tree with support values written to: /in/RAxML_bipartitions.EOG091G06EF.clustalo.aln.ALICUT.LGF

Best-scoring ML tree with support values as branch labels written to: /in/RAxML_bipartitionsBranchLabels.EOG091G06EF.clustalo.aln.ALICUT.LGF

Overall execution time for full ML analysis: 82.556612 secs or 0.022932 hours or 0.000956 days

