
RAxML can't, parse the alignment file as phylip file 
it will now try to parse it as FASTA file


This is the RAxML Master Pthread

This is RAxML Worker Pthread Number: 1

This is RAxML Worker Pthread Number: 3

This is RAxML Worker Pthread Number: 2

This is RAxML Worker Pthread Number: 4

This is RAxML Worker Pthread Number: 5


This is RAxML version 8.2.12 released by Alexandros Stamatakis on May 2018.

With greatly appreciated code contributions by:
Andre Aberer      (HITS)
Simon Berger      (HITS)
Alexey Kozlov     (HITS)
Kassian Kobert    (HITS)
David Dao         (KIT and HITS)
Sarah Lutteropp   (KIT and HITS)
Nick Pattengale   (Sandia)
Wayne Pfeiffer    (SDSC)
Akifumi S. Tanabe (NRIFS)
Charlie Taylor    (UF)


Alignment has 561 distinct alignment patterns

Proportion of gaps and completely undetermined characters in this alignment: 6.92%

RAxML rapid bootstrapping and subsequent ML search

Using 1 distinct models/data partitions with joint branch length optimization



Executing 100 rapid bootstrap inferences and thereafter a thorough ML search 

All free model parameters will be estimated by RAxML
GAMMA model of rate heterogeneity, ML estimate of alpha-parameter

GAMMA Model parameters will be estimated up to an accuracy of 0.1000000000 Log Likelihood units

Partition: 0
Alignment Patterns: 561
Name: No Name Provided
DataType: AA
Substitution Matrix: LG
Using empirical base frequencies




RAxML was called as follows:

raxml -f a -T 6 -m PROTGAMMALGF -p 12345 -x 12345 -# 100 -s ALICUT_EOG091G01XQ.clustalo.aln.fasta -n EOG091G01XQ.clustalo.aln.ALICUT.LGF 



Time for BS model parameter optimization 0.052460
Bootstrap[0]: Time 0.507976 seconds, bootstrap likelihood -10458.632451, best rearrangement setting 13
Bootstrap[1]: Time 0.803789 seconds, bootstrap likelihood -9736.695771, best rearrangement setting 13
Bootstrap[2]: Time 0.852768 seconds, bootstrap likelihood -10010.279373, best rearrangement setting 12
Bootstrap[3]: Time 0.820464 seconds, bootstrap likelihood -9723.175351, best rearrangement setting 15
Bootstrap[4]: Time 0.871370 seconds, bootstrap likelihood -9768.876145, best rearrangement setting 10
Bootstrap[5]: Time 0.937357 seconds, bootstrap likelihood -10221.601948, best rearrangement setting 10
Bootstrap[6]: Time 0.890610 seconds, bootstrap likelihood -10042.981483, best rearrangement setting 6
Bootstrap[7]: Time 0.858137 seconds, bootstrap likelihood -9877.844727, best rearrangement setting 14
Bootstrap[8]: Time 0.818586 seconds, bootstrap likelihood -9642.148529, best rearrangement setting 5
Bootstrap[9]: Time 0.852007 seconds, bootstrap likelihood -9979.498923, best rearrangement setting 7
Bootstrap[10]: Time 0.372058 seconds, bootstrap likelihood -10117.248353, best rearrangement setting 7
Bootstrap[11]: Time 0.951038 seconds, bootstrap likelihood -10126.903761, best rearrangement setting 5
Bootstrap[12]: Time 0.801728 seconds, bootstrap likelihood -10035.587972, best rearrangement setting 8
Bootstrap[13]: Time 0.399521 seconds, bootstrap likelihood -9970.261291, best rearrangement setting 7
Bootstrap[14]: Time 0.816634 seconds, bootstrap likelihood -9739.736655, best rearrangement setting 12
Bootstrap[15]: Time 0.822577 seconds, bootstrap likelihood -9672.818574, best rearrangement setting 15
Bootstrap[16]: Time 0.395579 seconds, bootstrap likelihood -10297.191618, best rearrangement setting 12
Bootstrap[17]: Time 0.873341 seconds, bootstrap likelihood -10047.763760, best rearrangement setting 12
Bootstrap[18]: Time 0.378788 seconds, bootstrap likelihood -10211.412975, best rearrangement setting 5
Bootstrap[19]: Time 0.384033 seconds, bootstrap likelihood -9875.479546, best rearrangement setting 8
Bootstrap[20]: Time 0.864462 seconds, bootstrap likelihood -9958.678910, best rearrangement setting 10
Bootstrap[21]: Time 0.785501 seconds, bootstrap likelihood -9795.084110, best rearrangement setting 6
Bootstrap[22]: Time 0.889333 seconds, bootstrap likelihood -9945.543486, best rearrangement setting 5
Bootstrap[23]: Time 0.846276 seconds, bootstrap likelihood -10073.239075, best rearrangement setting 7
Bootstrap[24]: Time 0.834878 seconds, bootstrap likelihood -10033.644672, best rearrangement setting 8
Bootstrap[25]: Time 0.815702 seconds, bootstrap likelihood -10143.073674, best rearrangement setting 6
Bootstrap[26]: Time 0.885361 seconds, bootstrap likelihood -10161.499536, best rearrangement setting 12
Bootstrap[27]: Time 0.820305 seconds, bootstrap likelihood -10195.180128, best rearrangement setting 10
Bootstrap[28]: Time 0.869022 seconds, bootstrap likelihood -9720.664332, best rearrangement setting 11
Bootstrap[29]: Time 0.389592 seconds, bootstrap likelihood -10029.686496, best rearrangement setting 12
Bootstrap[30]: Time 0.902258 seconds, bootstrap likelihood -10084.846100, best rearrangement setting 15
Bootstrap[31]: Time 0.886999 seconds, bootstrap likelihood -9700.237849, best rearrangement setting 15
Bootstrap[32]: Time 0.866961 seconds, bootstrap likelihood -10048.681171, best rearrangement setting 6
Bootstrap[33]: Time 0.826899 seconds, bootstrap likelihood -10178.665227, best rearrangement setting 15
Bootstrap[34]: Time 0.909373 seconds, bootstrap likelihood -10230.689207, best rearrangement setting 11
Bootstrap[35]: Time 0.856474 seconds, bootstrap likelihood -9476.643249, best rearrangement setting 8
Bootstrap[36]: Time 0.867099 seconds, bootstrap likelihood -9958.423509, best rearrangement setting 9
Bootstrap[37]: Time 0.855251 seconds, bootstrap likelihood -10218.690413, best rearrangement setting 11
Bootstrap[38]: Time 0.825547 seconds, bootstrap likelihood -9542.990612, best rearrangement setting 8
Bootstrap[39]: Time 0.917414 seconds, bootstrap likelihood -10189.999869, best rearrangement setting 13
Bootstrap[40]: Time 0.851807 seconds, bootstrap likelihood -9880.939472, best rearrangement setting 13
Bootstrap[41]: Time 0.891218 seconds, bootstrap likelihood -9818.762191, best rearrangement setting 10
Bootstrap[42]: Time 0.902264 seconds, bootstrap likelihood -10021.661893, best rearrangement setting 5
Bootstrap[43]: Time 0.872488 seconds, bootstrap likelihood -9666.999668, best rearrangement setting 14
Bootstrap[44]: Time 0.964196 seconds, bootstrap likelihood -9801.927426, best rearrangement setting 10
Bootstrap[45]: Time 0.868965 seconds, bootstrap likelihood -10259.153336, best rearrangement setting 15
Bootstrap[46]: Time 0.857334 seconds, bootstrap likelihood -10188.737067, best rearrangement setting 14
Bootstrap[47]: Time 0.816753 seconds, bootstrap likelihood -10288.595050, best rearrangement setting 8
Bootstrap[48]: Time 0.823696 seconds, bootstrap likelihood -10262.495170, best rearrangement setting 6
Bootstrap[49]: Time 0.799359 seconds, bootstrap likelihood -9819.508804, best rearrangement setting 7
Bootstrap[50]: Time 0.843473 seconds, bootstrap likelihood -9910.018387, best rearrangement setting 7
Bootstrap[51]: Time 0.850478 seconds, bootstrap likelihood -10305.657530, best rearrangement setting 11
Bootstrap[52]: Time 0.832428 seconds, bootstrap likelihood -9749.909860, best rearrangement setting 12
Bootstrap[53]: Time 0.828413 seconds, bootstrap likelihood -10091.841364, best rearrangement setting 8
Bootstrap[54]: Time 0.919432 seconds, bootstrap likelihood -10551.348123, best rearrangement setting 9
Bootstrap[55]: Time 0.848658 seconds, bootstrap likelihood -10032.053400, best rearrangement setting 11
Bootstrap[56]: Time 0.879816 seconds, bootstrap likelihood -10107.028053, best rearrangement setting 5
Bootstrap[57]: Time 0.891397 seconds, bootstrap likelihood -10035.322100, best rearrangement setting 7
Bootstrap[58]: Time 0.786219 seconds, bootstrap likelihood -10042.761923, best rearrangement setting 10
Bootstrap[59]: Time 0.825242 seconds, bootstrap likelihood -9951.660173, best rearrangement setting 9
Bootstrap[60]: Time 0.870012 seconds, bootstrap likelihood -10232.419301, best rearrangement setting 7
Bootstrap[61]: Time 0.793280 seconds, bootstrap likelihood -10155.764424, best rearrangement setting 5
Bootstrap[62]: Time 0.817531 seconds, bootstrap likelihood -10493.297655, best rearrangement setting 11
Bootstrap[63]: Time 0.371777 seconds, bootstrap likelihood -10297.160131, best rearrangement setting 12
Bootstrap[64]: Time 0.359333 seconds, bootstrap likelihood -9803.643836, best rearrangement setting 7
Bootstrap[65]: Time 0.799378 seconds, bootstrap likelihood -9844.671285, best rearrangement setting 5
Bootstrap[66]: Time 0.856623 seconds, bootstrap likelihood -10319.712600, best rearrangement setting 5
Bootstrap[67]: Time 0.926109 seconds, bootstrap likelihood -10373.588703, best rearrangement setting 15
Bootstrap[68]: Time 0.846897 seconds, bootstrap likelihood -9780.526521, best rearrangement setting 11
Bootstrap[69]: Time 0.889332 seconds, bootstrap likelihood -9579.348098, best rearrangement setting 5
Bootstrap[70]: Time 0.858505 seconds, bootstrap likelihood -10156.927161, best rearrangement setting 8
Bootstrap[71]: Time 0.849975 seconds, bootstrap likelihood -10210.597079, best rearrangement setting 10
Bootstrap[72]: Time 0.917645 seconds, bootstrap likelihood -10156.581786, best rearrangement setting 11
Bootstrap[73]: Time 0.791745 seconds, bootstrap likelihood -9942.100079, best rearrangement setting 9
Bootstrap[74]: Time 0.910560 seconds, bootstrap likelihood -10150.089804, best rearrangement setting 5
Bootstrap[75]: Time 0.882229 seconds, bootstrap likelihood -10312.689167, best rearrangement setting 8
Bootstrap[76]: Time 0.824401 seconds, bootstrap likelihood -9767.054964, best rearrangement setting 9
Bootstrap[77]: Time 0.894601 seconds, bootstrap likelihood -9953.790743, best rearrangement setting 11
Bootstrap[78]: Time 0.891042 seconds, bootstrap likelihood -10335.822854, best rearrangement setting 15
Bootstrap[79]: Time 0.860719 seconds, bootstrap likelihood -10059.223417, best rearrangement setting 9
Bootstrap[80]: Time 0.874193 seconds, bootstrap likelihood -10076.975199, best rearrangement setting 15
Bootstrap[81]: Time 0.886442 seconds, bootstrap likelihood -9905.095714, best rearrangement setting 7
Bootstrap[82]: Time 0.833006 seconds, bootstrap likelihood -9735.801265, best rearrangement setting 6
Bootstrap[83]: Time 0.916953 seconds, bootstrap likelihood -10124.656841, best rearrangement setting 10
Bootstrap[84]: Time 0.939686 seconds, bootstrap likelihood -10089.330712, best rearrangement setting 11
Bootstrap[85]: Time 0.825837 seconds, bootstrap likelihood -9917.722146, best rearrangement setting 8
Bootstrap[86]: Time 0.843397 seconds, bootstrap likelihood -10088.754564, best rearrangement setting 7
Bootstrap[87]: Time 0.856432 seconds, bootstrap likelihood -9753.145457, best rearrangement setting 7
Bootstrap[88]: Time 0.853529 seconds, bootstrap likelihood -9860.417069, best rearrangement setting 12
Bootstrap[89]: Time 0.872932 seconds, bootstrap likelihood -9975.515669, best rearrangement setting 10
Bootstrap[90]: Time 0.828767 seconds, bootstrap likelihood -9908.295127, best rearrangement setting 8
Bootstrap[91]: Time 0.834449 seconds, bootstrap likelihood -10263.209897, best rearrangement setting 12
Bootstrap[92]: Time 0.909304 seconds, bootstrap likelihood -10452.459609, best rearrangement setting 13
Bootstrap[93]: Time 0.863587 seconds, bootstrap likelihood -10138.791010, best rearrangement setting 15
Bootstrap[94]: Time 0.906893 seconds, bootstrap likelihood -10029.939858, best rearrangement setting 5
Bootstrap[95]: Time 0.858581 seconds, bootstrap likelihood -10083.296681, best rearrangement setting 5
Bootstrap[96]: Time 0.867773 seconds, bootstrap likelihood -10059.582794, best rearrangement setting 13
Bootstrap[97]: Time 0.780175 seconds, bootstrap likelihood -9973.406097, best rearrangement setting 11
Bootstrap[98]: Time 0.915415 seconds, bootstrap likelihood -10299.437466, best rearrangement setting 6
Bootstrap[99]: Time 0.882298 seconds, bootstrap likelihood -10080.706076, best rearrangement setting 14


Overall Time for 100 Rapid Bootstraps 81.865988 seconds
Average Time per Rapid Bootstrap 0.818660 seconds

Starting ML Search ...

Fast ML optimization finished

Fast ML search Time: 66.137427 seconds

Slow ML Search 0 Likelihood: -10051.886176
Slow ML Search 1 Likelihood: -10051.886176
Slow ML Search 2 Likelihood: -10051.886176
Slow ML Search 3 Likelihood: -10051.886176
Slow ML Search 4 Likelihood: -10051.886176
Slow ML Search 5 Likelihood: -10051.886176
Slow ML Search 6 Likelihood: -10051.886176
Slow ML Search 7 Likelihood: -10051.886176
Slow ML Search 8 Likelihood: -10051.886176
Slow ML Search 9 Likelihood: -10051.886176
Slow ML optimization finished

Slow ML search Time: 22.477779 seconds
Thorough ML search Time: 1.475650 seconds

Final ML Optimization Likelihood: -10051.886176

Model Information:

Model Parameters of Partition 0, Name: No Name Provided, Type of Data: AA
alpha: 1.195168
Tree-Length: 5.543358
rate A <-> R: 0.399182
rate A <-> N: 0.259945
rate A <-> D: 0.371058
rate A <-> C: 2.337364
rate A <-> Q: 0.910775
rate A <-> E: 0.975241
rate A <-> G: 1.940106
rate A <-> H: 0.336984
rate A <-> I: 0.140697
rate A <-> L: 0.371240
rate A <-> K: 0.503815
rate A <-> M: 1.055520
rate A <-> F: 0.238237
rate A <-> P: 1.105868
rate A <-> S: 4.439041
rate A <-> T: 2.009090
rate A <-> W: 0.169702
rate A <-> Y: 0.205613
rate A <-> V: 2.392567
rate R <-> N: 0.706048
rate R <-> D: 0.116398
rate R <-> C: 0.501968
rate R <-> Q: 2.636754
rate R <-> E: 0.341785
rate R <-> G: 0.366408
rate R <-> H: 2.278690
rate R <-> I: 0.119250
rate R <-> L: 0.283449
rate R <-> K: 5.940467
rate R <-> M: 0.454623
rate R <-> F: 0.049508
rate R <-> P: 0.312264
rate R <-> S: 0.805843
rate R <-> T: 0.543695
rate R <-> W: 0.557424
rate R <-> Y: 0.295274
rate R <-> V: 0.160471
rate N <-> D: 4.766737
rate N <-> C: 0.496537
rate N <-> Q: 1.592389
rate N <-> E: 0.508692
rate N <-> G: 1.350015
rate N <-> H: 4.234381
rate N <-> I: 0.179830
rate N <-> L: 0.064256
rate N <-> K: 2.014327
rate N <-> M: 0.348390
rate N <-> F: 0.084068
rate N <-> P: 0.151925
rate N <-> S: 3.764032
rate N <-> T: 1.878729
rate N <-> W: 0.042610
rate N <-> Y: 0.574720
rate N <-> V: 0.078587
rate D <-> C: 0.058743
rate D <-> Q: 0.491483
rate D <-> E: 4.924234
rate D <-> G: 0.793424
rate D <-> H: 0.870603
rate D <-> I: 0.010038
rate D <-> L: 0.014157
rate D <-> K: 0.265711
rate D <-> M: 0.023991
rate D <-> F: 0.016354
rate D <-> P: 0.370412
rate D <-> S: 1.164675
rate D <-> T: 0.399902
rate D <-> W: 0.028068
rate D <-> Y: 0.126872
rate D <-> V: 0.035653
rate C <-> Q: 0.079639
rate C <-> E: 0.003286
rate C <-> G: 0.534566
rate C <-> H: 0.601499
rate C <-> I: 0.301083
rate C <-> L: 0.557800
rate C <-> K: 0.012457
rate C <-> M: 0.839207
rate C <-> F: 1.037881
rate C <-> P: 0.070787
rate C <-> S: 2.614753
rate C <-> T: 1.073780
rate C <-> W: 0.629281
rate C <-> Y: 1.094488
rate C <-> V: 1.839864
rate Q <-> E: 3.876936
rate Q <-> G: 0.251626
rate Q <-> H: 4.520102
rate Q <-> I: 0.068413
rate Q <-> L: 0.546954
rate Q <-> K: 3.037150
rate Q <-> M: 1.570619
rate Q <-> F: 0.033669
rate Q <-> P: 0.586241
rate Q <-> S: 1.149231
rate Q <-> T: 1.014297
rate Q <-> W: 0.221802
rate Q <-> Y: 0.241650
rate Q <-> V: 0.197511
rate E <-> G: 0.327583
rate E <-> H: 0.398044
rate E <-> I: 0.041567
rate E <-> L: 0.065426
rate E <-> K: 1.697022
rate E <-> M: 0.163145
rate E <-> F: 0.017664
rate E <-> P: 0.393844
rate E <-> S: 0.574671
rate E <-> T: 0.567695
rate E <-> W: 0.073107
rate E <-> Y: 0.112720
rate E <-> V: 0.230098
rate G <-> H: 0.292498
rate G <-> I: 0.008174
rate G <-> L: 0.041563
rate G <-> K: 0.278555
rate G <-> M: 0.131033
rate G <-> F: 0.084125
rate G <-> P: 0.184955
rate G <-> S: 1.633930
rate G <-> T: 0.121922
rate G <-> W: 0.252125
rate G <-> Y: 0.051346
rate G <-> V: 0.072026
rate H <-> I: 0.102245
rate H <-> L: 0.343988
rate H <-> K: 0.654763
rate H <-> M: 0.415502
rate H <-> F: 0.640560
rate H <-> P: 0.477834
rate H <-> S: 0.929667
rate H <-> T: 0.548649
rate H <-> W: 0.560661
rate H <-> Y: 4.983361
rate H <-> V: 0.111759
rate I <-> L: 3.892408
rate I <-> K: 0.149373
rate I <-> M: 4.013113
rate I <-> F: 1.044902
rate I <-> P: 0.073509
rate I <-> S: 0.060198
rate I <-> T: 0.970728
rate I <-> W: 0.104854
rate I <-> Y: 0.218350
rate I <-> V: 10.000000
rate L <-> K: 0.129119
rate L <-> M: 5.927594
rate L <-> F: 2.434657
rate L <-> P: 0.233879
rate L <-> S: 0.171176
rate L <-> T: 0.284471
rate L <-> W: 0.581863
rate L <-> Y: 0.281383
rate L <-> V: 1.598956
rate K <-> M: 0.616581
rate K <-> F: 0.022460
rate K <-> P: 0.366530
rate K <-> S: 0.703048
rate K <-> T: 1.067567
rate K <-> W: 0.046864
rate K <-> Y: 0.123890
rate K <-> V: 0.173913
rate M <-> F: 1.689205
rate M <-> P: 0.093763
rate M <-> S: 0.325811
rate M <-> T: 1.897216
rate M <-> W: 0.653740
rate M <-> Y: 0.451968
rate M <-> V: 1.782983
rate F <-> P: 0.088706
rate F <-> S: 0.339765
rate F <-> T: 0.154944
rate F <-> W: 2.307349
rate F <-> Y: 7.328222
rate F <-> V: 0.614777
rate P <-> S: 1.256567
rate P <-> T: 0.536635
rate P <-> W: 0.089332
rate P <-> Y: 0.084151
rate P <-> V: 0.278428
rate S <-> T: 6.077767
rate S <-> W: 0.233693
rate S <-> Y: 0.376132
rate S <-> V: 0.092373
rate T <-> W: 0.132241
rate T <-> Y: 0.230856
rate T <-> V: 2.054781
rate W <-> Y: 2.959699
rate W <-> V: 0.177959
rate Y <-> V: 0.234116

freq pi(A): 0.097338
freq pi(R): 0.036467
freq pi(N): 0.041181
freq pi(D): 0.062396
freq pi(C): 0.024820
freq pi(Q): 0.047005
freq pi(E): 0.069052
freq pi(G): 0.044232
freq pi(H): 0.015391
freq pi(I): 0.070993
freq pi(L): 0.118136
freq pi(K): 0.042845
freq pi(M): 0.031753
freq pi(F): 0.032169
freq pi(P): 0.038963
freq pi(S): 0.070577
freq pi(T): 0.045896
freq pi(W): 0.010815
freq pi(Y): 0.024404
freq pi(V): 0.075568


ML search took 90.114247 secs or 0.025032 hours

Combined Bootstrap and ML search took 171.980518 secs or 0.047772 hours

Drawing Bootstrap Support Values on best-scoring ML tree ...



Found 1 tree in File /in/RAxML_bestTree.EOG091G01XQ.clustalo.aln.ALICUT.LGF



Found 1 tree in File /in/RAxML_bestTree.EOG091G01XQ.clustalo.aln.ALICUT.LGF

Program execution info written to /in/RAxML_info.EOG091G01XQ.clustalo.aln.ALICUT.LGF
All 100 bootstrapped trees written to: /in/RAxML_bootstrap.EOG091G01XQ.clustalo.aln.ALICUT.LGF

Best-scoring ML tree written to: /in/RAxML_bestTree.EOG091G01XQ.clustalo.aln.ALICUT.LGF

Best-scoring ML tree with support values written to: /in/RAxML_bipartitions.EOG091G01XQ.clustalo.aln.ALICUT.LGF

Best-scoring ML tree with support values as branch labels written to: /in/RAxML_bipartitionsBranchLabels.EOG091G01XQ.clustalo.aln.ALICUT.LGF

Overall execution time for full ML analysis: 171.982973 secs or 0.047773 hours or 0.001991 days

