
	reading taxa from FASTA ...


	D.rerio              -> sites: 451   
	G.salaris            -> sites: 451   
	D.melanogaster       -> sites: 451   
	E.nipponicum         -> sites: 451   
	R.norvegicus         -> sites: 451   
	E.granulosus         -> sites: 451   
	O.viverrini          -> sites: 451   
	P.xenopodis          -> sites: 451   
	H.microstoma         -> sites: 451   
	C.sinensis           -> sites: 451   
	T.solium             -> sites: 451   
	C.elegans            -> sites: 451   
	M.lignano            -> sites: 451   
	C.intestinalis       -> sites: 451   
	S.mansoni            -> sites: 451   
	S.mediterranea       -> sites: 451   


	data type             : amino acid sequences

	input ...

	infile		: EOG091G0LS0.clustalo.aln.fasta
	random pairs	: 200000000000000000
	window size	: 6
	indels		: ambiguous
	tree file	: -
	node level	: -
	strict profile	: -
	outgroup	: -
	matrix          : BLOSUM62

	number of taxa        : 16
	random number of pairs: 200000000000000000

	generates threshhold value for amino acid data
	using BLOSUM62

	checks for (potential) identical taxa


	scores site patterns ...


	max number of different pairs is 120
	max random pairs are scored!

	pair: 1      ->	taxon1: D.rerio   	taxon2: G.salaris 
	            	positions below base line: 286
	pair: 2      ->	taxon1: D.rerio   	taxon2: D.melanoga
	            	positions below base line: 230
	pair: 3      ->	taxon1: D.rerio   	taxon2: E.nipponic
	            	positions below base line: 327
	pair: 4      ->	taxon1: D.rerio   	taxon2: R.norvegic
	            	positions below base line: 243
	pair: 5      ->	taxon1: D.rerio   	taxon2: E.granulos
	            	positions below base line: 244
	pair: 6      ->	taxon1: D.rerio   	taxon2: O.viverrin
	            	positions below base line: 246
	pair: 7      ->	taxon1: D.rerio   	taxon2: P.xenopodi
	            	positions below base line: 238
	pair: 8      ->	taxon1: D.rerio   	taxon2: H.microsto
	            	positions below base line: 310
	pair: 9      ->	taxon1: D.rerio   	taxon2: C.sinensis
	            	positions below base line: 246
	pair: 10     ->	taxon1: D.rerio   	taxon2: T.solium  
	            	positions below base line: 240
	pair: 11     ->	taxon1: D.rerio   	taxon2: C.elegans 
	            	positions below base line: 252
	pair: 12     ->	taxon1: D.rerio   	taxon2: M.lignano 
	            	positions below base line: 226
	pair: 13     ->	taxon1: D.rerio   	taxon2: C.intestin
	            	positions below base line: 222
	pair: 14     ->	taxon1: D.rerio   	taxon2: S.mansoni 
	            	positions below base line: 238
	pair: 15     ->	taxon1: D.rerio   	taxon2: S.mediterr
	            	positions below base line: 303
	pair: 16     ->	taxon1: G.salaris 	taxon2: D.melanoga
	            	positions below base line: 301
	pair: 17     ->	taxon1: G.salaris 	taxon2: E.nipponic
	            	positions below base line: 375
	pair: 18     ->	taxon1: G.salaris 	taxon2: R.norvegic
	            	positions below base line: 326
	pair: 19     ->	taxon1: G.salaris 	taxon2: E.granulos
	            	positions below base line: 298
	pair: 20     ->	taxon1: G.salaris 	taxon2: O.viverrin
	            	positions below base line: 295
	pair: 21     ->	taxon1: G.salaris 	taxon2: P.xenopodi
	            	positions below base line: 286
	pair: 22     ->	taxon1: G.salaris 	taxon2: H.microsto
	            	positions below base line: 327
	pair: 23     ->	taxon1: G.salaris 	taxon2: C.sinensis
	            	positions below base line: 295
	pair: 24     ->	taxon1: G.salaris 	taxon2: T.solium  
	            	positions below base line: 298
	pair: 25     ->	taxon1: G.salaris 	taxon2: C.elegans 
	            	positions below base line: 320
	pair: 26     ->	taxon1: G.salaris 	taxon2: M.lignano 
	            	positions below base line: 297
	pair: 27     ->	taxon1: G.salaris 	taxon2: C.intestin
	            	positions below base line: 301
	pair: 28     ->	taxon1: G.salaris 	taxon2: S.mansoni 
	            	positions below base line: 285
	pair: 29     ->	taxon1: G.salaris 	taxon2: S.mediterr
	            	positions below base line: 315
	pair: 30     ->	taxon1: D.melanoga	taxon2: E.nipponic
	            	positions below base line: 325
	pair: 31     ->	taxon1: D.melanoga	taxon2: R.norvegic
	            	positions below base line: 263
	pair: 32     ->	taxon1: D.melanoga	taxon2: E.granulos
	            	positions below base line: 223
	pair: 33     ->	taxon1: D.melanoga	taxon2: O.viverrin
	            	positions below base line: 231
	pair: 34     ->	taxon1: D.melanoga	taxon2: P.xenopodi
	            	positions below base line: 230
	pair: 35     ->	taxon1: D.melanoga	taxon2: H.microsto
	            	positions below base line: 299
	pair: 36     ->	taxon1: D.melanoga	taxon2: C.sinensis
	            	positions below base line: 231
	pair: 37     ->	taxon1: D.melanoga	taxon2: T.solium  
	            	positions below base line: 221
	pair: 38     ->	taxon1: D.melanoga	taxon2: C.elegans 
	            	positions below base line: 254
	pair: 39     ->	taxon1: D.melanoga	taxon2: M.lignano 
	            	positions below base line: 227
	pair: 40     ->	taxon1: D.melanoga	taxon2: C.intestin
	            	positions below base line: 231
	pair: 41     ->	taxon1: D.melanoga	taxon2: S.mansoni 
	            	positions below base line: 244
	pair: 42     ->	taxon1: D.melanoga	taxon2: S.mediterr
	            	positions below base line: 302
	pair: 43     ->	taxon1: E.nipponic	taxon2: R.norvegic
	            	positions below base line: 326
	pair: 44     ->	taxon1: E.nipponic	taxon2: E.granulos
	            	positions below base line: 300
	pair: 45     ->	taxon1: E.nipponic	taxon2: O.viverrin
	            	positions below base line: 309
	pair: 46     ->	taxon1: E.nipponic	taxon2: P.xenopodi
	            	positions below base line: 298
	pair: 47     ->	taxon1: E.nipponic	taxon2: H.microsto
	            	positions below base line: 393
	pair: 48     ->	taxon1: E.nipponic	taxon2: C.sinensis
	            	positions below base line: 309
	pair: 49     ->	taxon1: E.nipponic	taxon2: T.solium  
	            	positions below base line: 297
	pair: 50     ->	taxon1: E.nipponic	taxon2: C.elegans 
	            	positions below base line: 362
	pair: 51     ->	taxon1: E.nipponic	taxon2: M.lignano 
	            	positions below base line: 318
	pair: 52     ->	taxon1: E.nipponic	taxon2: C.intestin
	            	positions below base line: 342
	pair: 53     ->	taxon1: E.nipponic	taxon2: S.mansoni 
	            	positions below base line: 296
	pair: 54     ->	taxon1: E.nipponic	taxon2: S.mediterr
	            	positions below base line: 397
	pair: 55     ->	taxon1: R.norvegic	taxon2: E.granulos
	            	positions below base line: 278
	pair: 56     ->	taxon1: R.norvegic	taxon2: O.viverrin
	            	positions below base line: 285
	pair: 57     ->	taxon1: R.norvegic	taxon2: P.xenopodi
	            	positions below base line: 274
	pair: 58     ->	taxon1: R.norvegic	taxon2: H.microsto
	            	positions below base line: 337
	pair: 59     ->	taxon1: R.norvegic	taxon2: C.sinensis
	            	positions below base line: 285
	pair: 60     ->	taxon1: R.norvegic	taxon2: T.solium  
	            	positions below base line: 272
	pair: 61     ->	taxon1: R.norvegic	taxon2: C.elegans 
	            	positions below base line: 291
	pair: 62     ->	taxon1: R.norvegic	taxon2: M.lignano 
	            	positions below base line: 265
	pair: 63     ->	taxon1: R.norvegic	taxon2: C.intestin
	            	positions below base line: 251
	pair: 64     ->	taxon1: R.norvegic	taxon2: S.mansoni 
	            	positions below base line: 271
	pair: 65     ->	taxon1: R.norvegic	taxon2: S.mediterr
	            	positions below base line: 333
	pair: 66     ->	taxon1: E.granulos	taxon2: O.viverrin
	            	positions below base line: 228
	pair: 67     ->	taxon1: E.granulos	taxon2: P.xenopodi
	            	positions below base line: 207
	pair: 68     ->	taxon1: E.granulos	taxon2: H.microsto
	            	positions below base line: 318
	pair: 69     ->	taxon1: E.granulos	taxon2: C.sinensis
	            	positions below base line: 228
	pair: 70     ->	taxon1: E.granulos	taxon2: T.solium  
	            	positions below base line: 206
	pair: 71     ->	taxon1: E.granulos	taxon2: C.elegans 
	            	positions below base line: 260
	pair: 72     ->	taxon1: E.granulos	taxon2: M.lignano 
	            	positions below base line: 228
	pair: 73     ->	taxon1: E.granulos	taxon2: C.intestin
	            	positions below base line: 260
	pair: 74     ->	taxon1: E.granulos	taxon2: S.mansoni 
	            	positions below base line: 221
	pair: 75     ->	taxon1: E.granulos	taxon2: S.mediterr
	            	positions below base line: 325
	pair: 76     ->	taxon1: O.viverrin	taxon2: P.xenopodi
	            	positions below base line: 225
	pair: 77     ->	taxon1: O.viverrin	taxon2: H.microsto
	            	positions below base line: 319
	pair: 78     ->	taxon1: O.viverrin	taxon2: C.sinensis
	            	positions below base line: 206
	pair: 79     ->	taxon1: O.viverrin	taxon2: T.solium  
	            	positions below base line: 228
	pair: 80     ->	taxon1: O.viverrin	taxon2: C.elegans 
	            	positions below base line: 258
	pair: 81     ->	taxon1: O.viverrin	taxon2: M.lignano 
	            	positions below base line: 235
	pair: 82     ->	taxon1: O.viverrin	taxon2: C.intestin
	            	positions below base line: 250
	pair: 83     ->	taxon1: O.viverrin	taxon2: S.mansoni 
	            	positions below base line: 223
	pair: 84     ->	taxon1: O.viverrin	taxon2: S.mediterr
	            	positions below base line: 317
	pair: 85     ->	taxon1: P.xenopodi	taxon2: H.microsto
	            	positions below base line: 321
	pair: 86     ->	taxon1: P.xenopodi	taxon2: C.sinensis
	            	positions below base line: 225
	pair: 87     ->	taxon1: P.xenopodi	taxon2: T.solium  
	            	positions below base line: 206
	pair: 88     ->	taxon1: P.xenopodi	taxon2: C.elegans 
	            	positions below base line: 273
	pair: 89     ->	taxon1: P.xenopodi	taxon2: M.lignano 
	            	positions below base line: 236
	pair: 90     ->	taxon1: P.xenopodi	taxon2: C.intestin
	            	positions below base line: 255
	pair: 91     ->	taxon1: P.xenopodi	taxon2: S.mansoni 
	            	positions below base line: 219
	pair: 92     ->	taxon1: P.xenopodi	taxon2: S.mediterr
	            	positions below base line: 322
	pair: 93     ->	taxon1: H.microsto	taxon2: C.sinensis
	            	positions below base line: 319
	pair: 94     ->	taxon1: H.microsto	taxon2: T.solium  
	            	positions below base line: 315
	pair: 95     ->	taxon1: H.microsto	taxon2: C.elegans 
	            	positions below base line: 326
	pair: 96     ->	taxon1: H.microsto	taxon2: M.lignano 
	            	positions below base line: 317
	pair: 97     ->	taxon1: H.microsto	taxon2: C.intestin
	            	positions below base line: 316
	pair: 98     ->	taxon1: H.microsto	taxon2: S.mansoni 
	            	positions below base line: 264
	pair: 99     ->	taxon1: H.microsto	taxon2: S.mediterr
	            	positions below base line: 313
	pair: 100    ->	taxon1: C.sinensis	taxon2: T.solium  
	            	positions below base line: 228
	pair: 101    ->	taxon1: C.sinensis	taxon2: C.elegans 
	            	positions below base line: 258
	pair: 102    ->	taxon1: C.sinensis	taxon2: M.lignano 
	            	positions below base line: 235
	pair: 103    ->	taxon1: C.sinensis	taxon2: C.intestin
	            	positions below base line: 250
	pair: 104    ->	taxon1: C.sinensis	taxon2: S.mansoni 
	            	positions below base line: 223
	pair: 105    ->	taxon1: C.sinensis	taxon2: S.mediterr
	            	positions below base line: 317
	pair: 106    ->	taxon1: T.solium  	taxon2: C.elegans 
	            	positions below base line: 262
	pair: 107    ->	taxon1: T.solium  	taxon2: M.lignano 
	            	positions below base line: 221
	pair: 108    ->	taxon1: T.solium  	taxon2: C.intestin
	            	positions below base line: 251
	pair: 109    ->	taxon1: T.solium  	taxon2: S.mansoni 
	            	positions below base line: 220
	pair: 110    ->	taxon1: T.solium  	taxon2: S.mediterr
	            	positions below base line: 325
	pair: 111    ->	taxon1: C.elegans 	taxon2: M.lignano 
	            	positions below base line: 258
	pair: 112    ->	taxon1: C.elegans 	taxon2: C.intestin
	            	positions below base line: 246
	pair: 113    ->	taxon1: C.elegans 	taxon2: S.mansoni 
	            	positions below base line: 282
	pair: 114    ->	taxon1: C.elegans 	taxon2: S.mediterr
	            	positions below base line: 320
	pair: 115    ->	taxon1: M.lignano 	taxon2: C.intestin
	            	positions below base line: 228
	pair: 116    ->	taxon1: M.lignano 	taxon2: S.mansoni 
	            	positions below base line: 221
	pair: 117    ->	taxon1: M.lignano 	taxon2: S.mediterr
	            	positions below base line: 319
	pair: 118    ->	taxon1: C.intestin	taxon2: S.mansoni 
	            	positions below base line: 258
	pair: 119    ->	taxon1: C.intestin	taxon2: S.mediterr
	            	positions below base line: 295
	pair: 120    ->	taxon1: S.mansoni 	taxon2: S.mediterr
	            	positions below base line: 308

	generates quality profile from collected scores ...


	scoring done ...


	generates vector plot from collected scores ...


Argument "-" treated as 0 in increment (++) at /usr/bin/Aliscore.pl line 1213.
	Profile written to EOG091G0LS0.clustalo.aln.fasta_Profile_random.txt
	List   written to EOG091G0LS0.clustalo.aln.fasta_List_random.txt

	time used: 3.88 sec

