
	reading taxa from FASTA ...


	H.microstoma         -> sites: 442   
	C.intestinalis       -> sites: 442   
	H.robusta            -> sites: 442   
	S.mansoni            -> sites: 442   
	G.turnbulli          -> sites: 442   
	S.mediterranea       -> sites: 442   
	R.norvegicus         -> sites: 442   
	E.granulosus         -> sites: 442   
	C.sinensis           -> sites: 442   
	N.vectensis          -> sites: 442   
	P.xenopodis          -> sites: 442   
	D.rerio              -> sites: 442   
	O.viverrini          -> sites: 442   


	data type             : amino acid sequences

	input ...

	infile		: EOG091G0YZ0.clustalo.aln.fasta
	random pairs	: 200000000000000000
	window size	: 6
	indels		: ambiguous
	tree file	: -
	node level	: -
	strict profile	: -
	outgroup	: -
	matrix          : BLOSUM62

	number of taxa        : 13
	random number of pairs: 200000000000000000

	generates threshhold value for amino acid data
	using BLOSUM62

	checks for (potential) identical taxa


	scores site patterns ...


	max number of different pairs is 78
	max random pairs are scored!

	pair: 1      ->	taxon1: H.microsto	taxon2: C.intestin
	            	positions below base line: 372
	pair: 2      ->	taxon1: H.microsto	taxon2: H.robusta 
	            	positions below base line: 365
	pair: 3      ->	taxon1: H.microsto	taxon2: S.mansoni 
	            	positions below base line: 358
	pair: 4      ->	taxon1: H.microsto	taxon2: G.turnbull
	            	positions below base line: 361
	pair: 5      ->	taxon1: H.microsto	taxon2: S.mediterr
	            	positions below base line: 363
	pair: 6      ->	taxon1: H.microsto	taxon2: R.norvegic
	            	positions below base line: 373
	pair: 7      ->	taxon1: H.microsto	taxon2: E.granulos
	            	positions below base line: 335
	pair: 8      ->	taxon1: H.microsto	taxon2: C.sinensis
	            	positions below base line: 336
	pair: 9      ->	taxon1: H.microsto	taxon2: N.vectensi
	            	positions below base line: 370
	pair: 10     ->	taxon1: H.microsto	taxon2: P.xenopodi
	            	positions below base line: 343
	pair: 11     ->	taxon1: H.microsto	taxon2: D.rerio   
	            	positions below base line: 373
	pair: 12     ->	taxon1: H.microsto	taxon2: O.viverrin
	            	positions below base line: 343
	pair: 13     ->	taxon1: C.intestin	taxon2: H.robusta 
	            	positions below base line: 362
	pair: 14     ->	taxon1: C.intestin	taxon2: S.mansoni 
	            	positions below base line: 378
	pair: 15     ->	taxon1: C.intestin	taxon2: G.turnbull
	            	positions below base line: 359
	pair: 16     ->	taxon1: C.intestin	taxon2: S.mediterr
	            	positions below base line: 372
	pair: 17     ->	taxon1: C.intestin	taxon2: R.norvegic
	            	positions below base line: 359
	pair: 18     ->	taxon1: C.intestin	taxon2: E.granulos
	            	positions below base line: 374
	pair: 19     ->	taxon1: C.intestin	taxon2: C.sinensis
	            	positions below base line: 366
	pair: 20     ->	taxon1: C.intestin	taxon2: N.vectensi
	            	positions below base line: 367
	pair: 21     ->	taxon1: C.intestin	taxon2: P.xenopodi
	            	positions below base line: 366
	pair: 22     ->	taxon1: C.intestin	taxon2: D.rerio   
	            	positions below base line: 348
	pair: 23     ->	taxon1: C.intestin	taxon2: O.viverrin
	            	positions below base line: 366
	pair: 24     ->	taxon1: H.robusta 	taxon2: S.mansoni 
	            	positions below base line: 373
	pair: 25     ->	taxon1: H.robusta 	taxon2: G.turnbull
	            	positions below base line: 372
	pair: 26     ->	taxon1: H.robusta 	taxon2: S.mediterr
	            	positions below base line: 373
	pair: 27     ->	taxon1: H.robusta 	taxon2: R.norvegic
	            	positions below base line: 364
	pair: 28     ->	taxon1: H.robusta 	taxon2: E.granulos
	            	positions below base line: 368
	pair: 29     ->	taxon1: H.robusta 	taxon2: C.sinensis
	            	positions below base line: 358
	pair: 30     ->	taxon1: H.robusta 	taxon2: N.vectensi
	            	positions below base line: 348
	pair: 31     ->	taxon1: H.robusta 	taxon2: P.xenopodi
	            	positions below base line: 366
	pair: 32     ->	taxon1: H.robusta 	taxon2: D.rerio   
	            	positions below base line: 352
	pair: 33     ->	taxon1: H.robusta 	taxon2: O.viverrin
	            	positions below base line: 358
	pair: 34     ->	taxon1: S.mansoni 	taxon2: G.turnbull
	            	positions below base line: 354
	pair: 35     ->	taxon1: S.mansoni 	taxon2: S.mediterr
	            	positions below base line: 365
	pair: 36     ->	taxon1: S.mansoni 	taxon2: R.norvegic
	            	positions below base line: 369
	pair: 37     ->	taxon1: S.mansoni 	taxon2: E.granulos
	            	positions below base line: 326
	pair: 38     ->	taxon1: S.mansoni 	taxon2: C.sinensis
	            	positions below base line: 331
	pair: 39     ->	taxon1: S.mansoni 	taxon2: N.vectensi
	            	positions below base line: 376
	pair: 40     ->	taxon1: S.mansoni 	taxon2: P.xenopodi
	            	positions below base line: 343
	pair: 41     ->	taxon1: S.mansoni 	taxon2: D.rerio   
	            	positions below base line: 362
	pair: 42     ->	taxon1: S.mansoni 	taxon2: O.viverrin
	            	positions below base line: 306
	pair: 43     ->	taxon1: G.turnbull	taxon2: S.mediterr
	            	positions below base line: 374
	pair: 44     ->	taxon1: G.turnbull	taxon2: R.norvegic
	            	positions below base line: 378
	pair: 45     ->	taxon1: G.turnbull	taxon2: E.granulos
	            	positions below base line: 332
	pair: 46     ->	taxon1: G.turnbull	taxon2: C.sinensis
	            	positions below base line: 339
	pair: 47     ->	taxon1: G.turnbull	taxon2: N.vectensi
	            	positions below base line: 378
	pair: 48     ->	taxon1: G.turnbull	taxon2: P.xenopodi
	            	positions below base line: 352
	pair: 49     ->	taxon1: G.turnbull	taxon2: D.rerio   
	            	positions below base line: 375
	pair: 50     ->	taxon1: G.turnbull	taxon2: O.viverrin
	            	positions below base line: 315
	pair: 51     ->	taxon1: S.mediterr	taxon2: R.norvegic
	            	positions below base line: 377
	pair: 52     ->	taxon1: S.mediterr	taxon2: E.granulos
	            	positions below base line: 358
	pair: 53     ->	taxon1: S.mediterr	taxon2: C.sinensis
	            	positions below base line: 363
	pair: 54     ->	taxon1: S.mediterr	taxon2: N.vectensi
	            	positions below base line: 378
	pair: 55     ->	taxon1: S.mediterr	taxon2: P.xenopodi
	            	positions below base line: 365
	pair: 56     ->	taxon1: S.mediterr	taxon2: D.rerio   
	            	positions below base line: 376
	pair: 57     ->	taxon1: S.mediterr	taxon2: O.viverrin
	            	positions below base line: 356
	pair: 58     ->	taxon1: R.norvegic	taxon2: E.granulos
	            	positions below base line: 362
	pair: 59     ->	taxon1: R.norvegic	taxon2: C.sinensis
	            	positions below base line: 374
	pair: 60     ->	taxon1: R.norvegic	taxon2: N.vectensi
	            	positions below base line: 343
	pair: 61     ->	taxon1: R.norvegic	taxon2: P.xenopodi
	            	positions below base line: 365
	pair: 62     ->	taxon1: R.norvegic	taxon2: D.rerio   
	            	positions below base line: 343
	pair: 63     ->	taxon1: R.norvegic	taxon2: O.viverrin
	            	positions below base line: 374
	pair: 64     ->	taxon1: E.granulos	taxon2: C.sinensis
	            	positions below base line: 347
	pair: 65     ->	taxon1: E.granulos	taxon2: N.vectensi
	            	positions below base line: 371
	pair: 66     ->	taxon1: E.granulos	taxon2: P.xenopodi
	            	positions below base line: 341
	pair: 67     ->	taxon1: E.granulos	taxon2: D.rerio   
	            	positions below base line: 366
	pair: 68     ->	taxon1: E.granulos	taxon2: O.viverrin
	            	positions below base line: 261
	pair: 69     ->	taxon1: C.sinensis	taxon2: N.vectensi
	            	positions below base line: 366
	pair: 70     ->	taxon1: C.sinensis	taxon2: P.xenopodi
	            	positions below base line: 337
	pair: 71     ->	taxon1: C.sinensis	taxon2: D.rerio   
	            	positions below base line: 361
	pair: 72     ->	taxon1: C.sinensis	taxon2: O.viverrin
	            	positions below base line: 307
	pair: 73     ->	taxon1: N.vectensi	taxon2: P.xenopodi
	            	positions below base line: 365
	pair: 74     ->	taxon1: N.vectensi	taxon2: D.rerio   
	            	positions below base line: 356
	pair: 75     ->	taxon1: N.vectensi	taxon2: O.viverrin
	            	positions below base line: 366
	pair: 76     ->	taxon1: P.xenopodi	taxon2: D.rerio   
	            	positions below base line: 360
	pair: 77     ->	taxon1: P.xenopodi	taxon2: O.viverrin
	            	positions below base line: 336
	pair: 78     ->	taxon1: D.rerio   	taxon2: O.viverrin
	            	positions below base line: 361

	generates quality profile from collected scores ...


	scoring done ...


	generates vector plot from collected scores ...


Argument "-" treated as 0 in increment (++) at /usr/bin/Aliscore.pl line 1213.
	Profile written to EOG091G0YZ0.clustalo.aln.fasta_Profile_random.txt
	List   written to EOG091G0YZ0.clustalo.aln.fasta_List_random.txt

	time used: 3.83 sec

