
	reading taxa from FASTA ...


	L.gigantea           -> sites: 5751  
	H.microstoma         -> sites: 5751  
	G.salaris            -> sites: 5751  
	O.viverrini          -> sites: 5751  
	D.rerio              -> sites: 5751  
	E.nipponicum         -> sites: 5751  
	D.melanogaster       -> sites: 5751  
	R.norvegicus         -> sites: 5751  
	G.turnbulli          -> sites: 5751  
	S.mansoni            -> sites: 5751  
	E.granulosus         -> sites: 5751  
	H.robusta            -> sites: 5751  
	C.sinensis           -> sites: 5751  
	C.intestinalis       -> sites: 5751  
	S.mediterranea       -> sites: 5751  


	data type             : amino acid sequences

	input ...

	infile		: EOG091G05KR.clustalo.aln.fasta
	random pairs	: 200000000000000000
	window size	: 6
	indels		: ambiguous
	tree file	: -
	node level	: -
	strict profile	: -
	outgroup	: -
	matrix          : BLOSUM62

	number of taxa        : 15
	random number of pairs: 200000000000000000

	generates threshhold value for amino acid data
	using BLOSUM62

	checks for (potential) identical taxa


	scores site patterns ...


	max number of different pairs is 105
	max random pairs are scored!

	pair: 1      ->	taxon1: L.gigantea	taxon2: H.microsto
	            	positions below base line: 5323
	pair: 2      ->	taxon1: L.gigantea	taxon2: G.salaris 
	            	positions below base line: 5287
	pair: 3      ->	taxon1: L.gigantea	taxon2: O.viverrin
	            	positions below base line: 5341
	pair: 4      ->	taxon1: L.gigantea	taxon2: D.rerio   
	            	positions below base line: 5483
	pair: 5      ->	taxon1: L.gigantea	taxon2: E.nipponic
	            	positions below base line: 5466
	pair: 6      ->	taxon1: L.gigantea	taxon2: D.melanoga
	            	positions below base line: 5176
	pair: 7      ->	taxon1: L.gigantea	taxon2: R.norvegic
	            	positions below base line: 5486
	pair: 8      ->	taxon1: L.gigantea	taxon2: G.turnbull
	            	positions below base line: 5225
	pair: 9      ->	taxon1: L.gigantea	taxon2: S.mansoni 
	            	positions below base line: 5345
	pair: 10     ->	taxon1: L.gigantea	taxon2: E.granulos
	            	positions below base line: 5431
	pair: 11     ->	taxon1: L.gigantea	taxon2: H.robusta 
	            	positions below base line: 5662
	pair: 12     ->	taxon1: L.gigantea	taxon2: C.sinensis
	            	positions below base line: 5324
	pair: 13     ->	taxon1: L.gigantea	taxon2: C.intestin
	            	positions below base line: 5171
	pair: 14     ->	taxon1: L.gigantea	taxon2: S.mediterr
	            	positions below base line: 5230
	pair: 15     ->	taxon1: H.microsto	taxon2: G.salaris 
	            	positions below base line: 5347
	pair: 16     ->	taxon1: H.microsto	taxon2: O.viverrin
	            	positions below base line: 5372
	pair: 17     ->	taxon1: H.microsto	taxon2: D.rerio   
	            	positions below base line: 5505
	pair: 18     ->	taxon1: H.microsto	taxon2: E.nipponic
	            	positions below base line: 5496
	pair: 19     ->	taxon1: H.microsto	taxon2: D.melanoga
	            	positions below base line: 5330
	pair: 20     ->	taxon1: H.microsto	taxon2: R.norvegic
	            	positions below base line: 5493
	pair: 21     ->	taxon1: H.microsto	taxon2: G.turnbull
	            	positions below base line: 5337
	pair: 22     ->	taxon1: H.microsto	taxon2: S.mansoni 
	            	positions below base line: 5439
	pair: 23     ->	taxon1: H.microsto	taxon2: E.granulos
	            	positions below base line: 5388
	pair: 24     ->	taxon1: H.microsto	taxon2: H.robusta 
	            	positions below base line: 5664
	pair: 25     ->	taxon1: H.microsto	taxon2: C.sinensis
	            	positions below base line: 5405
	pair: 26     ->	taxon1: H.microsto	taxon2: C.intestin
	            	positions below base line: 5338
	pair: 27     ->	taxon1: H.microsto	taxon2: S.mediterr
	            	positions below base line: 5336
	pair: 28     ->	taxon1: G.salaris 	taxon2: O.viverrin
	            	positions below base line: 5360
	pair: 29     ->	taxon1: G.salaris 	taxon2: D.rerio   
	            	positions below base line: 5497
	pair: 30     ->	taxon1: G.salaris 	taxon2: E.nipponic
	            	positions below base line: 5466
	pair: 31     ->	taxon1: G.salaris 	taxon2: D.melanoga
	            	positions below base line: 5309
	pair: 32     ->	taxon1: G.salaris 	taxon2: R.norvegic
	            	positions below base line: 5500
	pair: 33     ->	taxon1: G.salaris 	taxon2: G.turnbull
	            	positions below base line: 5245
	pair: 34     ->	taxon1: G.salaris 	taxon2: S.mansoni 
	            	positions below base line: 5413
	pair: 35     ->	taxon1: G.salaris 	taxon2: E.granulos
	            	positions below base line: 5428
	pair: 36     ->	taxon1: G.salaris 	taxon2: H.robusta 
	            	positions below base line: 5661
	pair: 37     ->	taxon1: G.salaris 	taxon2: C.sinensis
	            	positions below base line: 5385
	pair: 38     ->	taxon1: G.salaris 	taxon2: C.intestin
	            	positions below base line: 5294
	pair: 39     ->	taxon1: G.salaris 	taxon2: S.mediterr
	            	positions below base line: 5312
	pair: 40     ->	taxon1: O.viverrin	taxon2: D.rerio   
	            	positions below base line: 5498
	pair: 41     ->	taxon1: O.viverrin	taxon2: E.nipponic
	            	positions below base line: 5431
	pair: 42     ->	taxon1: O.viverrin	taxon2: D.melanoga
	            	positions below base line: 5318
	pair: 43     ->	taxon1: O.viverrin	taxon2: R.norvegic
	            	positions below base line: 5474
	pair: 44     ->	taxon1: O.viverrin	taxon2: G.turnbull
	            	positions below base line: 5343
	pair: 45     ->	taxon1: O.viverrin	taxon2: S.mansoni 
	            	positions below base line: 5383
	pair: 46     ->	taxon1: O.viverrin	taxon2: E.granulos
	            	positions below base line: 5420
	pair: 47     ->	taxon1: O.viverrin	taxon2: H.robusta 
	            	positions below base line: 5663
	pair: 48     ->	taxon1: O.viverrin	taxon2: C.sinensis
	            	positions below base line: 5293
	pair: 49     ->	taxon1: O.viverrin	taxon2: C.intestin
	            	positions below base line: 5334
	pair: 50     ->	taxon1: O.viverrin	taxon2: S.mediterr
	            	positions below base line: 5366
	pair: 51     ->	taxon1: D.rerio   	taxon2: E.nipponic
	            	positions below base line: 5505
	pair: 52     ->	taxon1: D.rerio   	taxon2: D.melanoga
	            	positions below base line: 5484
	pair: 53     ->	taxon1: D.rerio   	taxon2: R.norvegic
	            	positions below base line: 5222
	pair: 54     ->	taxon1: D.rerio   	taxon2: G.turnbull
	            	positions below base line: 5491
	pair: 55     ->	taxon1: D.rerio   	taxon2: S.mansoni 
	            	positions below base line: 5523
	pair: 56     ->	taxon1: D.rerio   	taxon2: E.granulos
	            	positions below base line: 5526
	pair: 57     ->	taxon1: D.rerio   	taxon2: H.robusta 
	            	positions below base line: 5652
	pair: 58     ->	taxon1: D.rerio   	taxon2: C.sinensis
	            	positions below base line: 5521
	pair: 59     ->	taxon1: D.rerio   	taxon2: C.intestin
	            	positions below base line: 5489
	pair: 60     ->	taxon1: D.rerio   	taxon2: S.mediterr
	            	positions below base line: 5523
	pair: 61     ->	taxon1: E.nipponic	taxon2: D.melanoga
	            	positions below base line: 5462
	pair: 62     ->	taxon1: E.nipponic	taxon2: R.norvegic
	            	positions below base line: 5481
	pair: 63     ->	taxon1: E.nipponic	taxon2: G.turnbull
	            	positions below base line: 5427
	pair: 64     ->	taxon1: E.nipponic	taxon2: S.mansoni 
	            	positions below base line: 5473
	pair: 65     ->	taxon1: E.nipponic	taxon2: E.granulos
	            	positions below base line: 5470
	pair: 66     ->	taxon1: E.nipponic	taxon2: H.robusta 
	            	positions below base line: 5689
	pair: 67     ->	taxon1: E.nipponic	taxon2: C.sinensis
	            	positions below base line: 5462
	pair: 68     ->	taxon1: E.nipponic	taxon2: C.intestin
	            	positions below base line: 5477
	pair: 69     ->	taxon1: E.nipponic	taxon2: S.mediterr
	            	positions below base line: 5482
	pair: 70     ->	taxon1: D.melanoga	taxon2: R.norvegic
	            	positions below base line: 5478
	pair: 71     ->	taxon1: D.melanoga	taxon2: G.turnbull
	            	positions below base line: 5252
	pair: 72     ->	taxon1: D.melanoga	taxon2: S.mansoni 
	            	positions below base line: 5340
	pair: 73     ->	taxon1: D.melanoga	taxon2: E.granulos
	            	positions below base line: 5435
	pair: 74     ->	taxon1: D.melanoga	taxon2: H.robusta 
	            	positions below base line: 5675
	pair: 75     ->	taxon1: D.melanoga	taxon2: C.sinensis
	            	positions below base line: 5310
	pair: 76     ->	taxon1: D.melanoga	taxon2: C.intestin
	            	positions below base line: 5193
	pair: 77     ->	taxon1: D.melanoga	taxon2: S.mediterr
	            	positions below base line: 5233
	pair: 78     ->	taxon1: R.norvegic	taxon2: G.turnbull
	            	positions below base line: 5489
	pair: 79     ->	taxon1: R.norvegic	taxon2: S.mansoni 
	            	positions below base line: 5500
	pair: 80     ->	taxon1: R.norvegic	taxon2: E.granulos
	            	positions below base line: 5524
	pair: 81     ->	taxon1: R.norvegic	taxon2: H.robusta 
	            	positions below base line: 5655
	pair: 82     ->	taxon1: R.norvegic	taxon2: C.sinensis
	            	positions below base line: 5480
	pair: 83     ->	taxon1: R.norvegic	taxon2: C.intestin
	            	positions below base line: 5479
	pair: 84     ->	taxon1: R.norvegic	taxon2: S.mediterr
	            	positions below base line: 5506
	pair: 85     ->	taxon1: G.turnbull	taxon2: S.mansoni 
	            	positions below base line: 5352
	pair: 86     ->	taxon1: G.turnbull	taxon2: E.granulos
	            	positions below base line: 5427
	pair: 87     ->	taxon1: G.turnbull	taxon2: H.robusta 
	            	positions below base line: 5664
	pair: 88     ->	taxon1: G.turnbull	taxon2: C.sinensis
	            	positions below base line: 5332
	pair: 89     ->	taxon1: G.turnbull	taxon2: C.intestin
	            	positions below base line: 5245
	pair: 90     ->	taxon1: G.turnbull	taxon2: S.mediterr
	            	positions below base line: 5270
	pair: 91     ->	taxon1: S.mansoni 	taxon2: E.granulos
	            	positions below base line: 5452
	pair: 92     ->	taxon1: S.mansoni 	taxon2: H.robusta 
	            	positions below base line: 5664
	pair: 93     ->	taxon1: S.mansoni 	taxon2: C.sinensis
	            	positions below base line: 5318
	pair: 94     ->	taxon1: S.mansoni 	taxon2: C.intestin
	            	positions below base line: 5332
	pair: 95     ->	taxon1: S.mansoni 	taxon2: S.mediterr
	            	positions below base line: 5356
	pair: 96     ->	taxon1: E.granulos	taxon2: H.robusta 
	            	positions below base line: 5662
	pair: 97     ->	taxon1: E.granulos	taxon2: C.sinensis
	            	positions below base line: 5419
	pair: 98     ->	taxon1: E.granulos	taxon2: C.intestin
	            	positions below base line: 5428
	pair: 99     ->	taxon1: E.granulos	taxon2: S.mediterr
	            	positions below base line: 5439
	pair: 100    ->	taxon1: H.robusta 	taxon2: C.sinensis
	            	positions below base line: 5664
	pair: 101    ->	taxon1: H.robusta 	taxon2: C.intestin
	            	positions below base line: 5670
	pair: 102    ->	taxon1: H.robusta 	taxon2: S.mediterr
	            	positions below base line: 5673
	pair: 103    ->	taxon1: C.sinensis	taxon2: C.intestin
	            	positions below base line: 5317
	pair: 104    ->	taxon1: C.sinensis	taxon2: S.mediterr
	            	positions below base line: 5348
	pair: 105    ->	taxon1: C.intestin	taxon2: S.mediterr
	            	positions below base line: 5254

	generates quality profile from collected scores ...


	scoring done ...


	generates vector plot from collected scores ...


Argument "-" treated as 0 in increment (++) at /usr/bin/Aliscore.pl line 1213.
	Profile written to EOG091G05KR.clustalo.aln.fasta_Profile_random.txt
	List   written to EOG091G05KR.clustalo.aln.fasta_List_random.txt

	time used: 6.33 sec

