--2018-12-11 12:57:04--  http://www.orthodb.org/fasta?query=EOG091G02V5&level=33208
Resolving www.orthodb.org (www.orthodb.org)... 167.99.137.12, 2a03:b0c0:3:d0::d19:7001
Connecting to www.orthodb.org (www.orthodb.org)|167.99.137.12|:80... connected.
HTTP request sent, awaiting response... 301 Moved Permanently
Location: https://www.orthodb.org/fasta?query=EOG091G02V5&level=33208 [following]
--2018-12-11 12:57:04--  https://www.orthodb.org/fasta?query=EOG091G02V5&level=33208
Connecting to www.orthodb.org (www.orthodb.org)|167.99.137.12|:443... connected.
HTTP request sent, awaiting response... 200 OK
Length: 797106 (778K) [text/plain]
Saving to: ‘EOG091G02V5/EOG091G02V5.orthodb.fasta’

     0K .......... .......... .......... .......... ..........  6% 1,29M 1s
    50K .......... .......... .......... .......... .......... 12% 2,05M 0s
   100K .......... .......... .......... .......... .......... 19% 2,72M 0s
   150K .......... .......... .......... .......... .......... 25% 2,49M 0s
   200K .......... .......... .......... .......... .......... 32% 3,15M 0s
   250K .......... .......... .......... .......... .......... 38% 6,41M 0s
   300K .......... .......... .......... .......... .......... 44% 2,39M 0s
   350K .......... .......... .......... .......... .......... 51% 2,36M 0s
   400K .......... .......... .......... .......... .......... 57% 2,63M 0s
   450K .......... .......... .......... .......... .......... 64% 2,52M 0s
   500K .......... .......... .......... .......... .......... 70% 2,25M 0s
   550K .......... .......... .......... .......... .......... 77% 3,12M 0s
   600K .......... .......... .......... .......... .......... 83% 6,44M 0s
   650K .......... .......... .......... .......... .......... 89% 1,84M 0s
   700K .......... .......... .......... .......... .......... 96% 3,03M 0s
   750K .......... .......... ........                        100% 2,01M=0,3s

2018-12-11 12:57:05 (2,51 MB/s) - ‘EOG091G02V5/EOG091G02V5.orthodb.fasta’ saved [797106/797106]

