
	reading taxa from FASTA ...


	H.microstoma         -> sites: 1576  
	D.rerio              -> sites: 1576  
	G.salaris            -> sites: 1576  
	C.intestinalis       -> sites: 1576  
	R.norvegicus         -> sites: 1576  
	C.elegans            -> sites: 1576  
	D.melanogaster       -> sites: 1576  
	M.lignano            -> sites: 1576  
	E.granulosus         -> sites: 1576  
	O.viverrini          -> sites: 1576  
	G.turnbulli          -> sites: 1576  
	T.solium             -> sites: 1576  


	data type             : amino acid sequences

	input ...

	infile		: EOG091G04EX.clustalo.aln.fasta
	random pairs	: 200000000000000000
	window size	: 6
	indels		: ambiguous
	tree file	: -
	node level	: -
	strict profile	: -
	outgroup	: -
	matrix          : BLOSUM62

	number of taxa        : 12
	random number of pairs: 200000000000000000

	generates threshhold value for amino acid data
	using BLOSUM62

	checks for (potential) identical taxa


	scores site patterns ...


	max number of different pairs is 66
	max random pairs are scored!

	pair: 1      ->	taxon1: H.microsto	taxon2: D.rerio   
	            	positions below base line: 1308
	pair: 2      ->	taxon1: H.microsto	taxon2: G.salaris 
	            	positions below base line: 814
	pair: 3      ->	taxon1: H.microsto	taxon2: C.intestin
	            	positions below base line: 902
	pair: 4      ->	taxon1: H.microsto	taxon2: R.norvegic
	            	positions below base line: 1327
	pair: 5      ->	taxon1: H.microsto	taxon2: C.elegans 
	            	positions below base line: 1376
	pair: 6      ->	taxon1: H.microsto	taxon2: D.melanoga
	            	positions below base line: 1380
	pair: 7      ->	taxon1: H.microsto	taxon2: M.lignano 
	            	positions below base line: 1128
	pair: 8      ->	taxon1: H.microsto	taxon2: E.granulos
	            	positions below base line: 776
	pair: 9      ->	taxon1: H.microsto	taxon2: O.viverrin
	            	positions below base line: 1020
	pair: 10     ->	taxon1: H.microsto	taxon2: G.turnbull
	            	positions below base line: 840
	pair: 11     ->	taxon1: H.microsto	taxon2: T.solium  
	            	positions below base line: 759
	pair: 12     ->	taxon1: D.rerio   	taxon2: G.salaris 
	            	positions below base line: 1336
	pair: 13     ->	taxon1: D.rerio   	taxon2: C.intestin
	            	positions below base line: 1335
	pair: 14     ->	taxon1: D.rerio   	taxon2: R.norvegic
	            	positions below base line: 719
	pair: 15     ->	taxon1: D.rerio   	taxon2: C.elegans 
	            	positions below base line: 1072
	pair: 16     ->	taxon1: D.rerio   	taxon2: D.melanoga
	            	positions below base line: 944
	pair: 17     ->	taxon1: D.rerio   	taxon2: M.lignano 
	            	positions below base line: 1371
	pair: 18     ->	taxon1: D.rerio   	taxon2: E.granulos
	            	positions below base line: 1389
	pair: 19     ->	taxon1: D.rerio   	taxon2: O.viverrin
	            	positions below base line: 1409
	pair: 20     ->	taxon1: D.rerio   	taxon2: G.turnbull
	            	positions below base line: 1344
	pair: 21     ->	taxon1: D.rerio   	taxon2: T.solium  
	            	positions below base line: 1384
	pair: 22     ->	taxon1: G.salaris 	taxon2: C.intestin
	            	positions below base line: 952
	pair: 23     ->	taxon1: G.salaris 	taxon2: R.norvegic
	            	positions below base line: 1318
	pair: 24     ->	taxon1: G.salaris 	taxon2: C.elegans 
	            	positions below base line: 1381
	pair: 25     ->	taxon1: G.salaris 	taxon2: D.melanoga
	            	positions below base line: 1331
	pair: 26     ->	taxon1: G.salaris 	taxon2: M.lignano 
	            	positions below base line: 1168
	pair: 27     ->	taxon1: G.salaris 	taxon2: E.granulos
	            	positions below base line: 952
	pair: 28     ->	taxon1: G.salaris 	taxon2: O.viverrin
	            	positions below base line: 1062
	pair: 29     ->	taxon1: G.salaris 	taxon2: G.turnbull
	            	positions below base line: 633
	pair: 30     ->	taxon1: G.salaris 	taxon2: T.solium  
	            	positions below base line: 944
	pair: 31     ->	taxon1: C.intestin	taxon2: R.norvegic
	            	positions below base line: 1346
	pair: 32     ->	taxon1: C.intestin	taxon2: C.elegans 
	            	positions below base line: 1381
	pair: 33     ->	taxon1: C.intestin	taxon2: D.melanoga
	            	positions below base line: 1339
	pair: 34     ->	taxon1: C.intestin	taxon2: M.lignano 
	            	positions below base line: 1151
	pair: 35     ->	taxon1: C.intestin	taxon2: E.granulos
	            	positions below base line: 1017
	pair: 36     ->	taxon1: C.intestin	taxon2: O.viverrin
	            	positions below base line: 1136
	pair: 37     ->	taxon1: C.intestin	taxon2: G.turnbull
	            	positions below base line: 936
	pair: 38     ->	taxon1: C.intestin	taxon2: T.solium  
	            	positions below base line: 984
	pair: 39     ->	taxon1: R.norvegic	taxon2: C.elegans 
	            	positions below base line: 1130
	pair: 40     ->	taxon1: R.norvegic	taxon2: D.melanoga
	            	positions below base line: 921
	pair: 41     ->	taxon1: R.norvegic	taxon2: M.lignano 
	            	positions below base line: 1368
	pair: 42     ->	taxon1: R.norvegic	taxon2: E.granulos
	            	positions below base line: 1370
	pair: 43     ->	taxon1: R.norvegic	taxon2: O.viverrin
	            	positions below base line: 1369
	pair: 44     ->	taxon1: R.norvegic	taxon2: G.turnbull
	            	positions below base line: 1334
	pair: 45     ->	taxon1: R.norvegic	taxon2: T.solium  
	            	positions below base line: 1354
	pair: 46     ->	taxon1: C.elegans 	taxon2: D.melanoga
	            	positions below base line: 1126
	pair: 47     ->	taxon1: C.elegans 	taxon2: M.lignano 
	            	positions below base line: 1365
	pair: 48     ->	taxon1: C.elegans 	taxon2: E.granulos
	            	positions below base line: 1387
	pair: 49     ->	taxon1: C.elegans 	taxon2: O.viverrin
	            	positions below base line: 1404
	pair: 50     ->	taxon1: C.elegans 	taxon2: G.turnbull
	            	positions below base line: 1383
	pair: 51     ->	taxon1: C.elegans 	taxon2: T.solium  
	            	positions below base line: 1403
	pair: 52     ->	taxon1: D.melanoga	taxon2: M.lignano 
	            	positions below base line: 1387
	pair: 53     ->	taxon1: D.melanoga	taxon2: E.granulos
	            	positions below base line: 1376
	pair: 54     ->	taxon1: D.melanoga	taxon2: O.viverrin
	            	positions below base line: 1416
	pair: 55     ->	taxon1: D.melanoga	taxon2: G.turnbull
	            	positions below base line: 1343
	pair: 56     ->	taxon1: D.melanoga	taxon2: T.solium  
	            	positions below base line: 1387
	pair: 57     ->	taxon1: M.lignano 	taxon2: E.granulos
	            	positions below base line: 1227
	pair: 58     ->	taxon1: M.lignano 	taxon2: O.viverrin
	            	positions below base line: 1253
	pair: 59     ->	taxon1: M.lignano 	taxon2: G.turnbull
	            	positions below base line: 1163
	pair: 60     ->	taxon1: M.lignano 	taxon2: T.solium  
	            	positions below base line: 1221
	pair: 61     ->	taxon1: E.granulos	taxon2: O.viverrin
	            	positions below base line: 1096
	pair: 62     ->	taxon1: E.granulos	taxon2: G.turnbull
	            	positions below base line: 972
	pair: 63     ->	taxon1: E.granulos	taxon2: T.solium  
	            	positions below base line: 561
	pair: 64     ->	taxon1: O.viverrin	taxon2: G.turnbull
	            	positions below base line: 1067
	pair: 65     ->	taxon1: O.viverrin	taxon2: T.solium  
	            	positions below base line: 1093
	pair: 66     ->	taxon1: G.turnbull	taxon2: T.solium  
	            	positions below base line: 957

	generates quality profile from collected scores ...


	scoring done ...


	generates vector plot from collected scores ...


Argument "-" treated as 0 in increment (++) at /usr/bin/Aliscore.pl line 1213.
	Profile written to EOG091G04EX.clustalo.aln.fasta_Profile_random.txt
	List   written to EOG091G04EX.clustalo.aln.fasta_List_random.txt

	time used: 4.15 sec

