
RAxML can't, parse the alignment file as phylip file 
it will now try to parse it as FASTA file


This is the RAxML Master Pthread

This is RAxML Worker Pthread Number: 1

This is RAxML Worker Pthread Number: 2

This is RAxML Worker Pthread Number: 3

This is RAxML Worker Pthread Number: 4

This is RAxML Worker Pthread Number: 5


This is RAxML version 8.2.12 released by Alexandros Stamatakis on May 2018.

With greatly appreciated code contributions by:
Andre Aberer      (HITS)
Simon Berger      (HITS)
Alexey Kozlov     (HITS)
Kassian Kobert    (HITS)
David Dao         (KIT and HITS)
Sarah Lutteropp   (KIT and HITS)
Nick Pattengale   (Sandia)
Wayne Pfeiffer    (SDSC)
Akifumi S. Tanabe (NRIFS)
Charlie Taylor    (UF)


Alignment has 139 distinct alignment patterns

Proportion of gaps and completely undetermined characters in this alignment: 4.57%

RAxML rapid bootstrapping and subsequent ML search

Using 1 distinct models/data partitions with joint branch length optimization



Executing 100 rapid bootstrap inferences and thereafter a thorough ML search 

All free model parameters will be estimated by RAxML
GAMMA model of rate heterogeneity, ML estimate of alpha-parameter

GAMMA Model parameters will be estimated up to an accuracy of 0.1000000000 Log Likelihood units

Partition: 0
Alignment Patterns: 139
Name: No Name Provided
DataType: AA
Substitution Matrix: WAG
Using empirical base frequencies




RAxML was called as follows:

raxml -f a -T 6 -m PROTGAMMAWAGF -p 12345 -x 12345 -# 100 -s ALICUT_EOG091G0SM9.clustalo.aln.fasta -n EOG091G0SM9.clustalo.aln.ALICUT.WAGF 



Time for BS model parameter optimization 0.043185
Bootstrap[0]: Time 0.341313 seconds, bootstrap likelihood -2576.483739, best rearrangement setting 13
Bootstrap[1]: Time 0.281262 seconds, bootstrap likelihood -2780.112654, best rearrangement setting 13
Bootstrap[2]: Time 0.304901 seconds, bootstrap likelihood -2855.456516, best rearrangement setting 12
Bootstrap[3]: Time 0.295523 seconds, bootstrap likelihood -2675.614295, best rearrangement setting 15
Bootstrap[4]: Time 0.326286 seconds, bootstrap likelihood -2712.823986, best rearrangement setting 10
Bootstrap[5]: Time 0.310832 seconds, bootstrap likelihood -2700.262238, best rearrangement setting 10
Bootstrap[6]: Time 0.294656 seconds, bootstrap likelihood -2801.594238, best rearrangement setting 6
Bootstrap[7]: Time 0.275992 seconds, bootstrap likelihood -2663.971872, best rearrangement setting 14
Bootstrap[8]: Time 0.287115 seconds, bootstrap likelihood -2699.646760, best rearrangement setting 5
Bootstrap[9]: Time 0.282516 seconds, bootstrap likelihood -2640.811433, best rearrangement setting 7
Bootstrap[10]: Time 0.329661 seconds, bootstrap likelihood -2790.917415, best rearrangement setting 7
Bootstrap[11]: Time 0.301837 seconds, bootstrap likelihood -2593.776467, best rearrangement setting 5
Bootstrap[12]: Time 0.280143 seconds, bootstrap likelihood -2676.597852, best rearrangement setting 8
Bootstrap[13]: Time 0.274408 seconds, bootstrap likelihood -2729.749203, best rearrangement setting 7
Bootstrap[14]: Time 0.285878 seconds, bootstrap likelihood -2803.680509, best rearrangement setting 12
Bootstrap[15]: Time 0.291618 seconds, bootstrap likelihood -2678.475269, best rearrangement setting 15
Bootstrap[16]: Time 0.302581 seconds, bootstrap likelihood -2760.380244, best rearrangement setting 12
Bootstrap[17]: Time 0.303991 seconds, bootstrap likelihood -2934.027355, best rearrangement setting 12
Bootstrap[18]: Time 0.284825 seconds, bootstrap likelihood -2671.282683, best rearrangement setting 5
Bootstrap[19]: Time 0.289584 seconds, bootstrap likelihood -2686.836334, best rearrangement setting 8
Bootstrap[20]: Time 0.308367 seconds, bootstrap likelihood -2489.065574, best rearrangement setting 10
Bootstrap[21]: Time 0.288069 seconds, bootstrap likelihood -2619.123093, best rearrangement setting 6
Bootstrap[22]: Time 0.279015 seconds, bootstrap likelihood -2677.427309, best rearrangement setting 5
Bootstrap[23]: Time 0.279232 seconds, bootstrap likelihood -2528.101415, best rearrangement setting 7
Bootstrap[24]: Time 0.332887 seconds, bootstrap likelihood -2650.112548, best rearrangement setting 8
Bootstrap[25]: Time 0.322566 seconds, bootstrap likelihood -2622.168182, best rearrangement setting 6
Bootstrap[26]: Time 0.311179 seconds, bootstrap likelihood -2621.024156, best rearrangement setting 12
Bootstrap[27]: Time 0.281058 seconds, bootstrap likelihood -2554.232402, best rearrangement setting 10
Bootstrap[28]: Time 0.281244 seconds, bootstrap likelihood -2614.634048, best rearrangement setting 11
Bootstrap[29]: Time 0.300217 seconds, bootstrap likelihood -2789.824104, best rearrangement setting 12
Bootstrap[30]: Time 0.262935 seconds, bootstrap likelihood -2720.667648, best rearrangement setting 15
Bootstrap[31]: Time 0.292425 seconds, bootstrap likelihood -2542.902310, best rearrangement setting 15
Bootstrap[32]: Time 0.133531 seconds, bootstrap likelihood -2643.543721, best rearrangement setting 6
Bootstrap[33]: Time 0.298135 seconds, bootstrap likelihood -2706.705607, best rearrangement setting 15
Bootstrap[34]: Time 0.316790 seconds, bootstrap likelihood -2548.537035, best rearrangement setting 11
Bootstrap[35]: Time 0.246364 seconds, bootstrap likelihood -2868.119141, best rearrangement setting 8
Bootstrap[36]: Time 0.301237 seconds, bootstrap likelihood -2661.622251, best rearrangement setting 9
Bootstrap[37]: Time 0.295879 seconds, bootstrap likelihood -2733.864386, best rearrangement setting 11
Bootstrap[38]: Time 0.287829 seconds, bootstrap likelihood -2673.733658, best rearrangement setting 8
Bootstrap[39]: Time 0.263964 seconds, bootstrap likelihood -2601.113170, best rearrangement setting 13
Bootstrap[40]: Time 0.283054 seconds, bootstrap likelihood -2672.982767, best rearrangement setting 13
Bootstrap[41]: Time 0.281341 seconds, bootstrap likelihood -2601.728939, best rearrangement setting 10
Bootstrap[42]: Time 0.301988 seconds, bootstrap likelihood -2709.762505, best rearrangement setting 5
Bootstrap[43]: Time 0.305488 seconds, bootstrap likelihood -2683.407064, best rearrangement setting 14
Bootstrap[44]: Time 0.304235 seconds, bootstrap likelihood -2834.823841, best rearrangement setting 10
Bootstrap[45]: Time 0.290875 seconds, bootstrap likelihood -2798.275314, best rearrangement setting 15
Bootstrap[46]: Time 0.302152 seconds, bootstrap likelihood -2565.630818, best rearrangement setting 14
Bootstrap[47]: Time 0.301554 seconds, bootstrap likelihood -2679.420230, best rearrangement setting 8
Bootstrap[48]: Time 0.291040 seconds, bootstrap likelihood -2571.323684, best rearrangement setting 6
Bootstrap[49]: Time 0.322930 seconds, bootstrap likelihood -2694.904556, best rearrangement setting 7
Bootstrap[50]: Time 0.270665 seconds, bootstrap likelihood -2598.241207, best rearrangement setting 7
Bootstrap[51]: Time 0.280106 seconds, bootstrap likelihood -2683.434236, best rearrangement setting 11
Bootstrap[52]: Time 0.310744 seconds, bootstrap likelihood -2728.668401, best rearrangement setting 12
Bootstrap[53]: Time 0.273368 seconds, bootstrap likelihood -2686.323699, best rearrangement setting 8
Bootstrap[54]: Time 0.299519 seconds, bootstrap likelihood -2650.097420, best rearrangement setting 9
Bootstrap[55]: Time 0.278153 seconds, bootstrap likelihood -2583.861623, best rearrangement setting 11
Bootstrap[56]: Time 0.288283 seconds, bootstrap likelihood -2632.270326, best rearrangement setting 5
Bootstrap[57]: Time 0.314275 seconds, bootstrap likelihood -2524.064913, best rearrangement setting 7
Bootstrap[58]: Time 0.129177 seconds, bootstrap likelihood -2575.139187, best rearrangement setting 10
Bootstrap[59]: Time 0.283377 seconds, bootstrap likelihood -2752.934893, best rearrangement setting 9
Bootstrap[60]: Time 0.287278 seconds, bootstrap likelihood -2798.337832, best rearrangement setting 7
Bootstrap[61]: Time 0.336415 seconds, bootstrap likelihood -2619.930581, best rearrangement setting 5
Bootstrap[62]: Time 0.266819 seconds, bootstrap likelihood -2633.546452, best rearrangement setting 11
Bootstrap[63]: Time 0.301315 seconds, bootstrap likelihood -2679.583770, best rearrangement setting 12
Bootstrap[64]: Time 0.297634 seconds, bootstrap likelihood -2720.721492, best rearrangement setting 7
Bootstrap[65]: Time 0.304563 seconds, bootstrap likelihood -2861.495771, best rearrangement setting 5
Bootstrap[66]: Time 0.306667 seconds, bootstrap likelihood -2758.794209, best rearrangement setting 5
Bootstrap[67]: Time 0.299227 seconds, bootstrap likelihood -2771.367625, best rearrangement setting 15
Bootstrap[68]: Time 0.319369 seconds, bootstrap likelihood -2567.025619, best rearrangement setting 11
Bootstrap[69]: Time 0.281281 seconds, bootstrap likelihood -2705.402802, best rearrangement setting 5
Bootstrap[70]: Time 0.304788 seconds, bootstrap likelihood -2681.431595, best rearrangement setting 8
Bootstrap[71]: Time 0.273950 seconds, bootstrap likelihood -2587.043580, best rearrangement setting 10
Bootstrap[72]: Time 0.274100 seconds, bootstrap likelihood -2580.065082, best rearrangement setting 11
Bootstrap[73]: Time 0.273571 seconds, bootstrap likelihood -2739.152137, best rearrangement setting 9
Bootstrap[74]: Time 0.317097 seconds, bootstrap likelihood -2729.045712, best rearrangement setting 5
Bootstrap[75]: Time 0.296148 seconds, bootstrap likelihood -2682.180987, best rearrangement setting 8
Bootstrap[76]: Time 0.299379 seconds, bootstrap likelihood -2700.953740, best rearrangement setting 9
Bootstrap[77]: Time 0.293704 seconds, bootstrap likelihood -2718.099175, best rearrangement setting 11
Bootstrap[78]: Time 0.291910 seconds, bootstrap likelihood -2725.746359, best rearrangement setting 15
Bootstrap[79]: Time 0.333271 seconds, bootstrap likelihood -2584.853282, best rearrangement setting 9
Bootstrap[80]: Time 0.254044 seconds, bootstrap likelihood -2705.711315, best rearrangement setting 15
Bootstrap[81]: Time 0.302071 seconds, bootstrap likelihood -2649.395644, best rearrangement setting 7
Bootstrap[82]: Time 0.320818 seconds, bootstrap likelihood -2769.946927, best rearrangement setting 6
Bootstrap[83]: Time 0.300062 seconds, bootstrap likelihood -2627.772034, best rearrangement setting 10
Bootstrap[84]: Time 0.312455 seconds, bootstrap likelihood -2696.002477, best rearrangement setting 11
Bootstrap[85]: Time 0.139050 seconds, bootstrap likelihood -2463.425748, best rearrangement setting 8
Bootstrap[86]: Time 0.137617 seconds, bootstrap likelihood -2698.328643, best rearrangement setting 7
Bootstrap[87]: Time 0.134191 seconds, bootstrap likelihood -2547.640067, best rearrangement setting 7
Bootstrap[88]: Time 0.284495 seconds, bootstrap likelihood -2642.298971, best rearrangement setting 12
Bootstrap[89]: Time 0.292409 seconds, bootstrap likelihood -2811.158150, best rearrangement setting 10
Bootstrap[90]: Time 0.268618 seconds, bootstrap likelihood -2681.330047, best rearrangement setting 8
Bootstrap[91]: Time 0.275581 seconds, bootstrap likelihood -2743.315997, best rearrangement setting 12
Bootstrap[92]: Time 0.311148 seconds, bootstrap likelihood -2670.962363, best rearrangement setting 13
Bootstrap[93]: Time 0.300753 seconds, bootstrap likelihood -2703.837639, best rearrangement setting 15
Bootstrap[94]: Time 0.299670 seconds, bootstrap likelihood -2649.871960, best rearrangement setting 5
Bootstrap[95]: Time 0.298759 seconds, bootstrap likelihood -2721.129840, best rearrangement setting 5
Bootstrap[96]: Time 0.292225 seconds, bootstrap likelihood -2662.034135, best rearrangement setting 13
Bootstrap[97]: Time 0.295785 seconds, bootstrap likelihood -2784.026120, best rearrangement setting 11
Bootstrap[98]: Time 0.280229 seconds, bootstrap likelihood -2575.287021, best rearrangement setting 6
Bootstrap[99]: Time 0.313529 seconds, bootstrap likelihood -2606.791454, best rearrangement setting 14


Overall Time for 100 Rapid Bootstraps 28.733298 seconds
Average Time per Rapid Bootstrap 0.287333 seconds

Starting ML Search ...

Fast ML optimization finished

Fast ML search Time: 18.814234 seconds

Slow ML Search 0 Likelihood: -2703.665128
Slow ML Search 1 Likelihood: -2703.665128
Slow ML Search 2 Likelihood: -2703.665128
Slow ML Search 3 Likelihood: -2703.665128
Slow ML Search 4 Likelihood: -2703.665128
Slow ML Search 5 Likelihood: -2703.665128
Slow ML Search 6 Likelihood: -2703.665128
Slow ML Search 7 Likelihood: -2703.665128
Slow ML Search 8 Likelihood: -2703.665128
Slow ML Search 9 Likelihood: -2703.665128
Slow ML optimization finished

Slow ML search Time: 4.799374 seconds
Thorough ML search Time: 0.459240 seconds

Final ML Optimization Likelihood: -2703.665128

Model Information:

Model Parameters of Partition 0, Name: No Name Provided, Type of Data: AA
alpha: 2.859326
Tree-Length: 5.239678
rate A <-> R: 0.705217
rate A <-> N: 0.651871
rate A <-> D: 0.944853
rate A <-> C: 1.313132
rate A <-> Q: 1.161697
rate A <-> E: 2.023768
rate A <-> G: 1.811361
rate A <-> H: 0.405245
rate A <-> I: 0.247190
rate A <-> L: 0.508758
rate A <-> K: 1.158714
rate A <-> M: 1.142388
rate A <-> F: 0.269129
rate A <-> P: 1.839272
rate A <-> S: 4.309757
rate A <-> T: 2.711966
rate A <-> W: 0.144647
rate A <-> Y: 0.307794
rate A <-> V: 2.564804
rate R <-> N: 0.812328
rate R <-> D: 0.188337
rate R <-> C: 0.675324
rate R <-> Q: 3.881068
rate R <-> E: 0.561488
rate R <-> G: 0.747529
rate R <-> H: 2.732474
rate R <-> I: 0.239064
rate R <-> L: 0.636302
rate R <-> K: 6.842111
rate R <-> M: 0.873463
rate R <-> F: 0.131322
rate R <-> P: 0.868767
rate R <-> S: 1.565200
rate R <-> T: 0.708850
rate R <-> W: 1.488141
rate R <-> Y: 0.487813
rate R <-> V: 0.322004
rate N <-> D: 6.941838
rate N <-> C: 0.339146
rate N <-> Q: 1.973636
rate N <-> E: 1.211049
rate N <-> G: 1.439096
rate N <-> H: 5.058353
rate N <-> I: 0.708624
rate N <-> L: 0.168166
rate N <-> K: 3.851035
rate N <-> M: 0.253437
rate N <-> F: 0.122949
rate N <-> P: 0.249423
rate N <-> S: 5.081291
rate N <-> T: 2.595553
rate N <-> W: 0.091950
rate N <-> Y: 1.388516
rate N <-> V: 0.250912
rate D <-> C: 0.038734
rate D <-> Q: 0.788594
rate D <-> E: 7.894033
rate D <-> G: 1.106701
rate D <-> H: 1.189925
rate D <-> I: 0.050423
rate D <-> L: 0.108428
rate D <-> K: 0.613523
rate D <-> M: 0.132656
rate D <-> F: 0.059748
rate D <-> P: 0.542089
rate D <-> S: 1.370309
rate D <-> T: 0.479289
rate D <-> W: 0.165915
rate D <-> Y: 0.416441
rate D <-> V: 0.194769
rate C <-> Q: 0.126345
rate C <-> E: 0.027300
rate C <-> G: 0.392101
rate C <-> H: 0.318326
rate C <-> I: 0.217528
rate C <-> L: 0.491334
rate C <-> K: 0.094657
rate C <-> M: 0.499255
rate C <-> F: 0.508892
rate C <-> P: 0.139880
rate C <-> S: 1.799778
rate C <-> T: 0.655881
rate C <-> W: 0.916817
rate C <-> Y: 0.695323
rate C <-> V: 1.281296
rate Q <-> E: 6.993045
rate Q <-> G: 0.421991
rate Q <-> H: 5.490277
rate Q <-> I: 0.145650
rate Q <-> L: 1.111694
rate Q <-> K: 4.979863
rate Q <-> M: 1.975707
rate Q <-> F: 0.127755
rate Q <-> P: 1.193372
rate Q <-> S: 1.315472
rate Q <-> T: 1.096912
rate Q <-> W: 0.275833
rate Q <-> Y: 0.291141
rate Q <-> V: 0.385206
rate E <-> G: 0.725860
rate E <-> H: 0.728811
rate E <-> I: 0.162882
rate E <-> L: 0.197234
rate E <-> K: 3.304348
rate E <-> M: 0.402905
rate E <-> F: 0.103735
rate E <-> P: 0.872432
rate E <-> S: 0.901307
rate E <-> T: 1.051954
rate E <-> W: 0.200167
rate E <-> Y: 0.250985
rate E <-> V: 0.752728
rate G <-> H: 0.318886
rate G <-> I: 0.038932
rate G <-> L: 0.078380
rate G <-> K: 0.477616
rate G <-> M: 0.222597
rate G <-> F: 0.063840
rate G <-> P: 0.311419
rate G <-> S: 1.715597
rate G <-> T: 0.288741
rate G <-> W: 0.430853
rate G <-> Y: 0.132464
rate G <-> V: 0.239406
rate H <-> I: 0.176684
rate H <-> L: 0.638592
rate H <-> K: 1.138471
rate H <-> M: 0.516718
rate H <-> F: 0.868616
rate H <-> P: 0.890131
rate H <-> S: 0.946350
rate H <-> T: 0.605151
rate H <-> W: 0.335710
rate H <-> Y: 4.952425
rate H <-> V: 0.151328
rate I <-> L: 4.054275
rate I <-> K: 0.414039
rate I <-> M: 5.443417
rate I <-> F: 1.354596
rate I <-> P: 0.127765
rate I <-> S: 0.408423
rate I <-> T: 1.864345
rate I <-> W: 0.271672
rate I <-> Y: 0.537212
rate I <-> V: 10.000000
rate L <-> K: 0.329299
rate L <-> M: 6.206155
rate L <-> F: 2.704371
rate L <-> P: 0.531681
rate L <-> S: 0.440769
rate L <-> T: 0.417606
rate L <-> W: 0.850637
rate L <-> Y: 0.509657
rate L <-> V: 2.301842
rate K <-> M: 1.194528
rate K <-> F: 0.113582
rate K <-> P: 0.712025
rate K <-> S: 1.236534
rate K <-> T: 1.773337
rate K <-> W: 0.175808
rate K <-> Y: 0.170386
rate K <-> V: 0.390516
rate M <-> F: 1.522292
rate M <-> P: 0.219054
rate M <-> S: 0.631487
rate M <-> T: 1.938450
rate M <-> W: 0.659361
rate M <-> Y: 0.547782
rate M <-> V: 2.631851
rate F <-> P: 0.206416
rate F <-> S: 0.698005
rate F <-> T: 0.219788
rate F <-> W: 1.955736
rate F <-> Y: 8.252183
rate F <-> V: 0.830926
rate P <-> S: 2.062675
rate P <-> T: 1.016946
rate P <-> W: 0.178238
rate P <-> Y: 0.276228
rate P <-> V: 0.402602
rate S <-> T: 5.597561
rate S <-> W: 0.669635
rate S <-> Y: 1.006218
rate S <-> V: 0.297571
rate T <-> W: 0.141746
rate T <-> Y: 0.372250
rate T <-> V: 1.774935
rate W <-> Y: 3.177720
rate W <-> V: 0.467146
rate Y <-> V: 0.402401

freq pi(A): 0.043056
freq pi(R): 0.049121
freq pi(N): 0.046089
freq pi(D): 0.075197
freq pi(C): 0.049121
freq pi(Q): 0.034566
freq pi(E): 0.087326
freq pi(G): 0.069133
freq pi(H): 0.009703
freq pi(I): 0.053366
freq pi(L): 0.063675
freq pi(K): 0.066101
freq pi(M): 0.009703
freq pi(F): 0.059430
freq pi(P): 0.026076
freq pi(S): 0.084294
freq pi(T): 0.044876
freq pi(W): 0.021225
freq pi(Y): 0.031534
freq pi(V): 0.076410


ML search took 24.099863 secs or 0.006694 hours

Combined Bootstrap and ML search took 52.833413 secs or 0.014676 hours

Drawing Bootstrap Support Values on best-scoring ML tree ...



Found 1 tree in File /in/RAxML_bestTree.EOG091G0SM9.clustalo.aln.ALICUT.WAGF



Found 1 tree in File /in/RAxML_bestTree.EOG091G0SM9.clustalo.aln.ALICUT.WAGF

Program execution info written to /in/RAxML_info.EOG091G0SM9.clustalo.aln.ALICUT.WAGF
All 100 bootstrapped trees written to: /in/RAxML_bootstrap.EOG091G0SM9.clustalo.aln.ALICUT.WAGF

Best-scoring ML tree written to: /in/RAxML_bestTree.EOG091G0SM9.clustalo.aln.ALICUT.WAGF

Best-scoring ML tree with support values written to: /in/RAxML_bipartitions.EOG091G0SM9.clustalo.aln.ALICUT.WAGF

Best-scoring ML tree with support values as branch labels written to: /in/RAxML_bipartitionsBranchLabels.EOG091G0SM9.clustalo.aln.ALICUT.WAGF

Overall execution time for full ML analysis: 52.835484 secs or 0.014677 hours or 0.000612 days

