--2018-12-12 21:29:19--  http://www.orthodb.org/fasta?query=EOG091G07IK&level=33208
Resolving www.orthodb.org (www.orthodb.org)... 142.93.108.123, 2a03:b0c0:3:d0::d19:7001
Connecting to www.orthodb.org (www.orthodb.org)|142.93.108.123|:80... connected.
HTTP request sent, awaiting response... 301 Moved Permanently
Location: https://www.orthodb.org/fasta?query=EOG091G07IK&level=33208 [following]
--2018-12-12 21:29:21--  https://www.orthodb.org/fasta?query=EOG091G07IK&level=33208
Connecting to www.orthodb.org (www.orthodb.org)|142.93.108.123|:443... connected.
HTTP request sent, awaiting response... Read error (Connection timed out) in headers.
Retrying.

--2018-12-12 21:44:23--  (try: 2)  https://www.orthodb.org/fasta?query=EOG091G07IK&level=33208
Connecting to www.orthodb.org (www.orthodb.org)|142.93.108.123|:443... connected.
HTTP request sent, awaiting response... 200 OK
Length: 389933 (381K) [text/plain]
Saving to: ‘EOG091G07IK/EOG091G07IK.orthodb.fasta’

     0K .......... .......... .......... .......... .......... 13% 1,35M 0s
    50K .......... .......... .......... .......... .......... 26% 2,19M 0s
   100K .......... .......... .......... .......... .......... 39% 2,23M 0s
   150K .......... .......... .......... .......... .......... 52% 2,34M 0s
   200K .......... .......... .......... .......... .......... 65% 2,84M 0s
   250K .......... .......... .......... .......... .......... 78% 2,36M 0s
   300K .......... .......... .......... .......... .......... 91% 2,61M 0s
   350K .......... .......... ..........                      100% 11,4M=0,2s

2018-12-12 21:44:24 (2,32 MB/s) - ‘EOG091G07IK/EOG091G07IK.orthodb.fasta’ saved [389933/389933]

