
	reading taxa from FASTA ...


	H.microstoma         -> sites: 316   
	C.sinensis           -> sites: 316   
	S.mediterranea       -> sites: 316   
	C.elegans            -> sites: 316   
	M.lignano            -> sites: 316   
	R.norvegicus         -> sites: 316   
	D.rerio              -> sites: 316   
	C.intestinalis       -> sites: 316   
	E.nipponicum         -> sites: 316   
	D.melanogaster       -> sites: 316   
	T.solium             -> sites: 316   
	E.granulosus         -> sites: 316   


	data type             : amino acid sequences

	input ...

	infile		: EOG091G0RM8.clustalo.aln.fasta
	random pairs	: 200000000000000000
	window size	: 6
	indels		: ambiguous
	tree file	: -
	node level	: -
	strict profile	: -
	outgroup	: -
	matrix          : BLOSUM62

	number of taxa        : 12
	random number of pairs: 200000000000000000

	generates threshhold value for amino acid data
	using BLOSUM62

	checks for (potential) identical taxa


	scores site patterns ...


	max number of different pairs is 66
	max random pairs are scored!

	pair: 1      ->	taxon1: H.microsto	taxon2: C.sinensis
	            	positions below base line: 209
	pair: 2      ->	taxon1: H.microsto	taxon2: S.mediterr
	            	positions below base line: 235
	pair: 3      ->	taxon1: H.microsto	taxon2: C.elegans 
	            	positions below base line: 245
	pair: 4      ->	taxon1: H.microsto	taxon2: M.lignano 
	            	positions below base line: 233
	pair: 5      ->	taxon1: H.microsto	taxon2: R.norvegic
	            	positions below base line: 223
	pair: 6      ->	taxon1: H.microsto	taxon2: D.rerio   
	            	positions below base line: 221
	pair: 7      ->	taxon1: H.microsto	taxon2: C.intestin
	            	positions below base line: 232
	pair: 8      ->	taxon1: H.microsto	taxon2: E.nipponic
	            	positions below base line: 223
	pair: 9      ->	taxon1: H.microsto	taxon2: D.melanoga
	            	positions below base line: 228
	pair: 10     ->	taxon1: H.microsto	taxon2: T.solium  
	            	positions below base line: 201
	pair: 11     ->	taxon1: H.microsto	taxon2: E.granulos
	            	positions below base line: 197
	pair: 12     ->	taxon1: C.sinensis	taxon2: S.mediterr
	            	positions below base line: 238
	pair: 13     ->	taxon1: C.sinensis	taxon2: C.elegans 
	            	positions below base line: 248
	pair: 14     ->	taxon1: C.sinensis	taxon2: M.lignano 
	            	positions below base line: 218
	pair: 15     ->	taxon1: C.sinensis	taxon2: R.norvegic
	            	positions below base line: 206
	pair: 16     ->	taxon1: C.sinensis	taxon2: D.rerio   
	            	positions below base line: 217
	pair: 17     ->	taxon1: C.sinensis	taxon2: C.intestin
	            	positions below base line: 232
	pair: 18     ->	taxon1: C.sinensis	taxon2: E.nipponic
	            	positions below base line: 219
	pair: 19     ->	taxon1: C.sinensis	taxon2: D.melanoga
	            	positions below base line: 222
	pair: 20     ->	taxon1: C.sinensis	taxon2: T.solium  
	            	positions below base line: 224
	pair: 21     ->	taxon1: C.sinensis	taxon2: E.granulos
	            	positions below base line: 206
	pair: 22     ->	taxon1: S.mediterr	taxon2: C.elegans 
	            	positions below base line: 189
	pair: 23     ->	taxon1: S.mediterr	taxon2: M.lignano 
	            	positions below base line: 191
	pair: 24     ->	taxon1: S.mediterr	taxon2: R.norvegic
	            	positions below base line: 186
	pair: 25     ->	taxon1: S.mediterr	taxon2: D.rerio   
	            	positions below base line: 188
	pair: 26     ->	taxon1: S.mediterr	taxon2: C.intestin
	            	positions below base line: 199
	pair: 27     ->	taxon1: S.mediterr	taxon2: E.nipponic
	            	positions below base line: 190
	pair: 28     ->	taxon1: S.mediterr	taxon2: D.melanoga
	            	positions below base line: 204
	pair: 29     ->	taxon1: S.mediterr	taxon2: T.solium  
	            	positions below base line: 232
	pair: 30     ->	taxon1: S.mediterr	taxon2: E.granulos
	            	positions below base line: 227
	pair: 31     ->	taxon1: C.elegans 	taxon2: M.lignano 
	            	positions below base line: 210
	pair: 32     ->	taxon1: C.elegans 	taxon2: R.norvegic
	            	positions below base line: 203
	pair: 33     ->	taxon1: C.elegans 	taxon2: D.rerio   
	            	positions below base line: 212
	pair: 34     ->	taxon1: C.elegans 	taxon2: C.intestin
	            	positions below base line: 202
	pair: 35     ->	taxon1: C.elegans 	taxon2: E.nipponic
	            	positions below base line: 223
	pair: 36     ->	taxon1: C.elegans 	taxon2: D.melanoga
	            	positions below base line: 208
	pair: 37     ->	taxon1: C.elegans 	taxon2: T.solium  
	            	positions below base line: 238
	pair: 38     ->	taxon1: C.elegans 	taxon2: E.granulos
	            	positions below base line: 240
	pair: 39     ->	taxon1: M.lignano 	taxon2: R.norvegic
	            	positions below base line: 174
	pair: 40     ->	taxon1: M.lignano 	taxon2: D.rerio   
	            	positions below base line: 169
	pair: 41     ->	taxon1: M.lignano 	taxon2: C.intestin
	            	positions below base line: 189
	pair: 42     ->	taxon1: M.lignano 	taxon2: E.nipponic
	            	positions below base line: 172
	pair: 43     ->	taxon1: M.lignano 	taxon2: D.melanoga
	            	positions below base line: 187
	pair: 44     ->	taxon1: M.lignano 	taxon2: T.solium  
	            	positions below base line: 223
	pair: 45     ->	taxon1: M.lignano 	taxon2: E.granulos
	            	positions below base line: 209
	pair: 46     ->	taxon1: R.norvegic	taxon2: D.rerio   
	            	positions below base line: 140
	pair: 47     ->	taxon1: R.norvegic	taxon2: C.intestin
	            	positions below base line: 166
	pair: 48     ->	taxon1: R.norvegic	taxon2: E.nipponic
	            	positions below base line: 141
	pair: 49     ->	taxon1: R.norvegic	taxon2: D.melanoga
	            	positions below base line: 180
	pair: 50     ->	taxon1: R.norvegic	taxon2: T.solium  
	            	positions below base line: 225
	pair: 51     ->	taxon1: R.norvegic	taxon2: E.granulos
	            	positions below base line: 208
	pair: 52     ->	taxon1: D.rerio   	taxon2: C.intestin
	            	positions below base line: 184
	pair: 53     ->	taxon1: D.rerio   	taxon2: E.nipponic
	            	positions below base line: 141
	pair: 54     ->	taxon1: D.rerio   	taxon2: D.melanoga
	            	positions below base line: 180
	pair: 55     ->	taxon1: D.rerio   	taxon2: T.solium  
	            	positions below base line: 227
	pair: 56     ->	taxon1: D.rerio   	taxon2: E.granulos
	            	positions below base line: 207
	pair: 57     ->	taxon1: C.intestin	taxon2: E.nipponic
	            	positions below base line: 177
	pair: 58     ->	taxon1: C.intestin	taxon2: D.melanoga
	            	positions below base line: 181
	pair: 59     ->	taxon1: C.intestin	taxon2: T.solium  
	            	positions below base line: 227
	pair: 60     ->	taxon1: C.intestin	taxon2: E.granulos
	            	positions below base line: 224
	pair: 61     ->	taxon1: E.nipponic	taxon2: D.melanoga
	            	positions below base line: 180
	pair: 62     ->	taxon1: E.nipponic	taxon2: T.solium  
	            	positions below base line: 226
	pair: 63     ->	taxon1: E.nipponic	taxon2: E.granulos
	            	positions below base line: 211
	pair: 64     ->	taxon1: D.melanoga	taxon2: T.solium  
	            	positions below base line: 221
	pair: 65     ->	taxon1: D.melanoga	taxon2: E.granulos
	            	positions below base line: 225
	pair: 66     ->	taxon1: T.solium  	taxon2: E.granulos
	            	positions below base line: 182

	generates quality profile from collected scores ...


	scoring done ...


	generates vector plot from collected scores ...


Argument "-" treated as 0 in increment (++) at /usr/bin/Aliscore.pl line 1213.
	Profile written to EOG091G0RM8.clustalo.aln.fasta_Profile_random.txt
	List   written to EOG091G0RM8.clustalo.aln.fasta_List_random.txt

	time used: 3.97 sec

