
WARNING: The number of threads is currently set to 1
You can specify the number of threads to run via -T numberOfThreads
NumberOfThreads must be set to an integer value greater than 1

RAxML, will now set the number of threads automatically to 2 !


RAxML can't, parse the alignment file as phylip file 
it will now try to parse it as FASTA file


This is the RAxML Master Pthread

This is RAxML Worker Pthread Number: 1


This is RAxML version 8.2.12 released by Alexandros Stamatakis on May 2018.

With greatly appreciated code contributions by:
Andre Aberer      (HITS)
Simon Berger      (HITS)
Alexey Kozlov     (HITS)
Kassian Kobert    (HITS)
David Dao         (KIT and HITS)
Sarah Lutteropp   (KIT and HITS)
Nick Pattengale   (Sandia)
Wayne Pfeiffer    (SDSC)
Akifumi S. Tanabe (NRIFS)
Charlie Taylor    (UF)


Alignment has 96 distinct alignment patterns

Proportion of gaps and completely undetermined characters in this alignment: 1.58%

RAxML rapid bootstrapping and subsequent ML search

Using 1 distinct models/data partitions with joint branch length optimization



Executing 100 rapid bootstrap inferences and thereafter a thorough ML search 

All free model parameters will be estimated by RAxML
GAMMA model of rate heterogeneity, ML estimate of alpha-parameter

GAMMA Model parameters will be estimated up to an accuracy of 0.1000000000 Log Likelihood units

Partition: 0
Alignment Patterns: 96
Name: No Name Provided
DataType: AA
Substitution Matrix: MTZOA
Using empirical base frequencies




RAxML was called as follows:

raxml -f a -T 1 -m PROTGAMMAMTZOAF -p 12345 -x 12345 -# 100 -s ALICUT_EOG091G0RM8.clustalo.aln.fasta -n EOG091G0RM8.clustalo.aln.ALICUT.MTZOAF 



Time for BS model parameter optimization 0.027290
Bootstrap[0]: Time 0.570394 seconds, bootstrap likelihood -1667.328429, best rearrangement setting 13
Bootstrap[1]: Time 0.223141 seconds, bootstrap likelihood -1707.220321, best rearrangement setting 13
Bootstrap[2]: Time 0.497008 seconds, bootstrap likelihood -1750.542218, best rearrangement setting 12
Bootstrap[3]: Time 0.497790 seconds, bootstrap likelihood -1749.960207, best rearrangement setting 15
Bootstrap[4]: Time 0.468634 seconds, bootstrap likelihood -1655.899107, best rearrangement setting 10
Bootstrap[5]: Time 0.513606 seconds, bootstrap likelihood -1704.129582, best rearrangement setting 10
Bootstrap[6]: Time 0.459286 seconds, bootstrap likelihood -1737.108274, best rearrangement setting 6
Bootstrap[7]: Time 0.529274 seconds, bootstrap likelihood -1827.515359, best rearrangement setting 14
Bootstrap[8]: Time 0.483830 seconds, bootstrap likelihood -1646.865581, best rearrangement setting 5
Bootstrap[9]: Time 0.495473 seconds, bootstrap likelihood -1738.723264, best rearrangement setting 7
Bootstrap[10]: Time 0.567169 seconds, bootstrap likelihood -1579.230104, best rearrangement setting 7
Bootstrap[11]: Time 0.495449 seconds, bootstrap likelihood -1632.947993, best rearrangement setting 5
Bootstrap[12]: Time 0.501331 seconds, bootstrap likelihood -1539.208401, best rearrangement setting 8
Bootstrap[13]: Time 0.507835 seconds, bootstrap likelihood -1762.577145, best rearrangement setting 7
Bootstrap[14]: Time 0.449633 seconds, bootstrap likelihood -1784.330486, best rearrangement setting 12
Bootstrap[15]: Time 0.435728 seconds, bootstrap likelihood -1792.747908, best rearrangement setting 15
Bootstrap[16]: Time 0.466942 seconds, bootstrap likelihood -1624.010247, best rearrangement setting 12
Bootstrap[17]: Time 0.497424 seconds, bootstrap likelihood -1670.416602, best rearrangement setting 12
Bootstrap[18]: Time 0.551559 seconds, bootstrap likelihood -1779.326868, best rearrangement setting 5
Bootstrap[19]: Time 0.444101 seconds, bootstrap likelihood -1623.192065, best rearrangement setting 8
Bootstrap[20]: Time 0.507665 seconds, bootstrap likelihood -1731.442741, best rearrangement setting 10
Bootstrap[21]: Time 0.508020 seconds, bootstrap likelihood -1739.867480, best rearrangement setting 6
Bootstrap[22]: Time 0.456503 seconds, bootstrap likelihood -1591.373583, best rearrangement setting 5
Bootstrap[23]: Time 0.483813 seconds, bootstrap likelihood -1668.000762, best rearrangement setting 7
Bootstrap[24]: Time 0.564784 seconds, bootstrap likelihood -1779.737086, best rearrangement setting 8
Bootstrap[25]: Time 0.470177 seconds, bootstrap likelihood -1629.672630, best rearrangement setting 6
Bootstrap[26]: Time 0.562088 seconds, bootstrap likelihood -1759.554331, best rearrangement setting 12
Bootstrap[27]: Time 0.447229 seconds, bootstrap likelihood -1728.436867, best rearrangement setting 10
Bootstrap[28]: Time 0.563174 seconds, bootstrap likelihood -1735.548343, best rearrangement setting 11
Bootstrap[29]: Time 0.480735 seconds, bootstrap likelihood -1521.927155, best rearrangement setting 12
Bootstrap[30]: Time 0.489695 seconds, bootstrap likelihood -1671.672848, best rearrangement setting 15
Bootstrap[31]: Time 0.522052 seconds, bootstrap likelihood -1755.321101, best rearrangement setting 15
Bootstrap[32]: Time 0.232944 seconds, bootstrap likelihood -1795.184930, best rearrangement setting 6
Bootstrap[33]: Time 0.549666 seconds, bootstrap likelihood -1752.065123, best rearrangement setting 15
Bootstrap[34]: Time 0.497881 seconds, bootstrap likelihood -1669.517142, best rearrangement setting 11
Bootstrap[35]: Time 0.526550 seconds, bootstrap likelihood -1841.356667, best rearrangement setting 8
Bootstrap[36]: Time 0.472888 seconds, bootstrap likelihood -1772.605189, best rearrangement setting 9
Bootstrap[37]: Time 0.553352 seconds, bootstrap likelihood -1736.455942, best rearrangement setting 11
Bootstrap[38]: Time 0.472003 seconds, bootstrap likelihood -1599.924762, best rearrangement setting 8
Bootstrap[39]: Time 0.418987 seconds, bootstrap likelihood -1621.976377, best rearrangement setting 13
Bootstrap[40]: Time 0.486222 seconds, bootstrap likelihood -1754.766654, best rearrangement setting 13
Bootstrap[41]: Time 0.477045 seconds, bootstrap likelihood -1642.898699, best rearrangement setting 10
Bootstrap[42]: Time 0.617151 seconds, bootstrap likelihood -1828.427199, best rearrangement setting 5
Bootstrap[43]: Time 0.464965 seconds, bootstrap likelihood -1630.255908, best rearrangement setting 14
Bootstrap[44]: Time 0.413653 seconds, bootstrap likelihood -1586.018228, best rearrangement setting 10
Bootstrap[45]: Time 0.523891 seconds, bootstrap likelihood -1652.799494, best rearrangement setting 15
Bootstrap[46]: Time 0.524950 seconds, bootstrap likelihood -1630.564661, best rearrangement setting 14
Bootstrap[47]: Time 0.502882 seconds, bootstrap likelihood -1557.990293, best rearrangement setting 8
Bootstrap[48]: Time 0.468374 seconds, bootstrap likelihood -1595.712569, best rearrangement setting 6
Bootstrap[49]: Time 0.516985 seconds, bootstrap likelihood -1700.143101, best rearrangement setting 7
Bootstrap[50]: Time 0.494118 seconds, bootstrap likelihood -1689.601813, best rearrangement setting 7
Bootstrap[51]: Time 0.469102 seconds, bootstrap likelihood -1716.198214, best rearrangement setting 11
Bootstrap[52]: Time 0.499201 seconds, bootstrap likelihood -1725.502489, best rearrangement setting 12
Bootstrap[53]: Time 0.466555 seconds, bootstrap likelihood -1508.417769, best rearrangement setting 8
Bootstrap[54]: Time 0.475292 seconds, bootstrap likelihood -1654.347817, best rearrangement setting 9
Bootstrap[55]: Time 0.517591 seconds, bootstrap likelihood -1701.586676, best rearrangement setting 11
Bootstrap[56]: Time 0.533907 seconds, bootstrap likelihood -1639.619166, best rearrangement setting 5
Bootstrap[57]: Time 0.519113 seconds, bootstrap likelihood -1681.094282, best rearrangement setting 7
Bootstrap[58]: Time 0.435144 seconds, bootstrap likelihood -1635.674388, best rearrangement setting 10
Bootstrap[59]: Time 0.514067 seconds, bootstrap likelihood -1752.986935, best rearrangement setting 9
Bootstrap[60]: Time 0.231134 seconds, bootstrap likelihood -1733.555880, best rearrangement setting 7
Bootstrap[61]: Time 0.560451 seconds, bootstrap likelihood -1815.769694, best rearrangement setting 5
Bootstrap[62]: Time 0.465605 seconds, bootstrap likelihood -1777.626951, best rearrangement setting 11
Bootstrap[63]: Time 0.564115 seconds, bootstrap likelihood -1809.103285, best rearrangement setting 12
Bootstrap[64]: Time 0.571718 seconds, bootstrap likelihood -1811.374672, best rearrangement setting 7
Bootstrap[65]: Time 0.461292 seconds, bootstrap likelihood -1627.726038, best rearrangement setting 5
Bootstrap[66]: Time 0.507023 seconds, bootstrap likelihood -1640.446199, best rearrangement setting 5
Bootstrap[67]: Time 0.479164 seconds, bootstrap likelihood -1643.107369, best rearrangement setting 15
Bootstrap[68]: Time 0.504912 seconds, bootstrap likelihood -1740.201213, best rearrangement setting 11
Bootstrap[69]: Time 0.476357 seconds, bootstrap likelihood -1594.699231, best rearrangement setting 5
Bootstrap[70]: Time 0.532475 seconds, bootstrap likelihood -1589.474844, best rearrangement setting 8
Bootstrap[71]: Time 0.546803 seconds, bootstrap likelihood -1770.810908, best rearrangement setting 10
Bootstrap[72]: Time 0.607093 seconds, bootstrap likelihood -1629.770732, best rearrangement setting 11
Bootstrap[73]: Time 0.487066 seconds, bootstrap likelihood -1726.533976, best rearrangement setting 9
Bootstrap[74]: Time 0.469557 seconds, bootstrap likelihood -1634.307883, best rearrangement setting 5
Bootstrap[75]: Time 0.492488 seconds, bootstrap likelihood -1583.933105, best rearrangement setting 8
Bootstrap[76]: Time 0.487129 seconds, bootstrap likelihood -1786.507344, best rearrangement setting 9
Bootstrap[77]: Time 0.494688 seconds, bootstrap likelihood -1794.924105, best rearrangement setting 11
Bootstrap[78]: Time 0.548553 seconds, bootstrap likelihood -1682.795260, best rearrangement setting 15
Bootstrap[79]: Time 0.436900 seconds, bootstrap likelihood -1577.253322, best rearrangement setting 9
Bootstrap[80]: Time 0.464137 seconds, bootstrap likelihood -1628.049338, best rearrangement setting 15
Bootstrap[81]: Time 0.555826 seconds, bootstrap likelihood -1704.725166, best rearrangement setting 7
Bootstrap[82]: Time 0.512390 seconds, bootstrap likelihood -1550.811059, best rearrangement setting 6
Bootstrap[83]: Time 0.474600 seconds, bootstrap likelihood -1773.696230, best rearrangement setting 10
Bootstrap[84]: Time 0.495328 seconds, bootstrap likelihood -1586.122553, best rearrangement setting 11
Bootstrap[85]: Time 0.497696 seconds, bootstrap likelihood -1679.831921, best rearrangement setting 8
Bootstrap[86]: Time 0.522454 seconds, bootstrap likelihood -1655.401668, best rearrangement setting 7
Bootstrap[87]: Time 0.495850 seconds, bootstrap likelihood -1501.887306, best rearrangement setting 7
Bootstrap[88]: Time 0.473078 seconds, bootstrap likelihood -1608.626192, best rearrangement setting 12
Bootstrap[89]: Time 0.479295 seconds, bootstrap likelihood -1750.849264, best rearrangement setting 10
Bootstrap[90]: Time 0.476309 seconds, bootstrap likelihood -1581.557138, best rearrangement setting 8
Bootstrap[91]: Time 0.531351 seconds, bootstrap likelihood -1783.608078, best rearrangement setting 12
Bootstrap[92]: Time 0.532959 seconds, bootstrap likelihood -1766.474090, best rearrangement setting 13
Bootstrap[93]: Time 0.486283 seconds, bootstrap likelihood -1718.032576, best rearrangement setting 15
Bootstrap[94]: Time 0.440979 seconds, bootstrap likelihood -1595.361416, best rearrangement setting 5
Bootstrap[95]: Time 0.501603 seconds, bootstrap likelihood -1699.136077, best rearrangement setting 5
Bootstrap[96]: Time 0.479402 seconds, bootstrap likelihood -1707.806850, best rearrangement setting 13
Bootstrap[97]: Time 0.495536 seconds, bootstrap likelihood -1646.701459, best rearrangement setting 11
Bootstrap[98]: Time 0.241948 seconds, bootstrap likelihood -1776.378992, best rearrangement setting 6
Bootstrap[99]: Time 0.521036 seconds, bootstrap likelihood -1555.693627, best rearrangement setting 14


Overall Time for 100 Rapid Bootstraps 48.990207 seconds
Average Time per Rapid Bootstrap 0.489902 seconds

Starting ML Search ...

Fast ML optimization finished

Fast ML search Time: 32.935235 seconds

Slow ML Search 0 Likelihood: -1725.921792
Slow ML Search 1 Likelihood: -1725.921792
Slow ML Search 2 Likelihood: -1725.921792
Slow ML Search 3 Likelihood: -1725.921792
Slow ML Search 4 Likelihood: -1725.921792
Slow ML Search 5 Likelihood: -1725.921792
Slow ML Search 6 Likelihood: -1725.921792
Slow ML Search 7 Likelihood: -1725.921792
Slow ML Search 8 Likelihood: -1725.921792
Slow ML Search 9 Likelihood: -1725.921792
Slow ML optimization finished

Slow ML search Time: 8.663159 seconds
Thorough ML search Time: 0.735884 seconds

Final ML Optimization Likelihood: -1725.921793

Model Information:

Model Parameters of Partition 0, Name: No Name Provided, Type of Data: AA
alpha: 1.108312
Tree-Length: 7.336598
rate A <-> R: 0.019291
rate A <-> N: 0.009938
rate A <-> D: 0.094119
rate A <-> C: 1.593008
rate A <-> Q: 0.042675
rate A <-> E: 0.099965
rate A <-> G: 1.691219
rate A <-> H: 0.013446
rate A <-> I: 0.194084
rate A <-> L: 0.091196
rate A <-> K: 0.001169
rate A <-> M: 0.797966
rate A <-> F: 0.154916
rate A <-> P: 0.361277
rate A <-> S: 3.770022
rate A <-> T: 2.210336
rate A <-> W: 0.018122
rate A <-> Y: 0.012276
rate A <-> V: 1.881796
rate R <-> N: 0.196422
rate R <-> D: 0.018707
rate R <-> C: 0.357185
rate R <-> Q: 1.350403
rate R <-> E: 0.037414
rate R <-> G: 0.042090
rate R <-> H: 0.360692
rate R <-> I: 0.001169
rate R <-> L: 0.023968
rate R <-> K: 1.708757
rate R <-> M: 0.022214
rate R <-> F: 0.001169
rate R <-> P: 0.043844
rate R <-> S: 0.068982
rate R <-> T: 0.018707
rate R <-> W: 0.098796
rate R <-> Y: 0.080673
rate R <-> V: 0.029814
rate N <-> D: 3.606922
rate N <-> C: 0.553022
rate N <-> Q: 1.112475
rate N <-> E: 1.017187
rate N <-> G: 0.580498
rate N <-> H: 1.338127
rate N <-> I: 0.142055
rate N <-> L: 0.046183
rate N <-> K: 2.416696
rate N <-> M: 0.430843
rate N <-> F: 0.075412
rate N <-> P: 0.132117
rate N <-> S: 2.456448
rate N <-> T: 1.079154
rate N <-> W: 0.037414
rate N <-> Y: 0.827780
rate N <-> V: 0.041506
rate D <-> C: 0.055536
rate D <-> Q: 0.112826
rate D <-> E: 5.165439
rate D <-> G: 0.151993
rate D <-> H: 0.325032
rate D <-> I: 0.008769
rate D <-> L: 0.002923
rate D <-> K: 0.001169
rate D <-> M: 0.001169
rate D <-> F: 0.011692
rate D <-> P: 0.001169
rate D <-> S: 0.300479
rate D <-> T: 0.013446
rate D <-> W: 0.001169
rate D <-> Y: 0.081258
rate D <-> V: 0.021630
rate C <-> Q: 0.287034
rate C <-> E: 0.019876
rate C <-> G: 0.481702
rate C <-> H: 0.219221
rate C <-> I: 0.285280
rate C <-> L: 0.349000
rate C <-> K: 0.001169
rate C <-> M: 1.547995
rate C <-> F: 0.980942
rate C <-> P: 0.047352
rate C <-> S: 3.836665
rate C <-> T: 1.163335
rate C <-> W: 0.211037
rate C <-> Y: 0.448381
rate C <-> V: 1.425231
rate Q <-> E: 2.042558
rate Q <-> G: 0.052029
rate Q <-> H: 2.465801
rate Q <-> I: 0.001169
rate Q <-> L: 0.134456
rate Q <-> K: 1.952531
rate Q <-> M: 0.490471
rate Q <-> F: 0.055536
rate Q <-> P: 0.305156
rate Q <-> S: 0.563545
rate Q <-> T: 0.230329
rate Q <-> W: 0.035660
rate Q <-> Y: 0.305741
rate Q <-> V: 0.052613
rate E <-> G: 0.251958
rate E <-> H: 0.087104
rate E <-> I: 0.042675
rate E <-> L: 0.005846
rate E <-> K: 0.954051
rate E <-> M: 0.001169
rate E <-> F: 0.001169
rate E <-> P: 0.120426
rate E <-> S: 0.224483
rate E <-> T: 0.201684
rate E <-> W: 0.020461
rate E <-> Y: 0.058459
rate E <-> V: 0.095288
rate G <-> H: 0.043260
rate G <-> I: 0.019876
rate G <-> L: 0.020461
rate G <-> K: 0.059044
rate G <-> M: 0.305156
rate G <-> F: 0.033906
rate G <-> P: 0.007600
rate G <-> S: 1.502981
rate G <-> T: 0.030399
rate G <-> W: 0.071905
rate G <-> Y: 0.025137
rate G <-> V: 0.138548
rate H <-> I: 0.009353
rate H <-> L: 0.038583
rate H <-> K: 0.139717
rate H <-> M: 0.041506
rate H <-> F: 0.076581
rate H <-> P: 0.091196
rate H <-> S: 0.135040
rate H <-> T: 0.113410
rate H <-> W: 0.026307
rate H <-> Y: 1.557933
rate H <-> V: 0.001754
rate I <-> L: 2.485678
rate I <-> K: 0.049106
rate I <-> M: 2.628902
rate I <-> F: 0.527885
rate I <-> P: 0.015199
rate I <-> S: 0.042090
rate I <-> T: 1.299544
rate I <-> W: 0.056705
rate I <-> Y: 0.076581
rate I <-> V: 10.000000
rate L <-> K: 0.039168
rate L <-> M: 3.719747
rate L <-> F: 1.369110
rate L <-> P: 0.066643
rate L <-> S: 0.088858
rate L <-> T: 0.292295
rate L <-> W: 0.159009
rate L <-> Y: 0.033322
rate L <-> V: 0.737168
rate K <-> M: 0.485210
rate K <-> F: 0.095288
rate K <-> P: 0.142055
rate K <-> S: 0.847071
rate K <-> T: 0.441366
rate K <-> W: 0.038583
rate K <-> Y: 0.263066
rate K <-> V: 0.064890
rate M <-> F: 1.260376
rate M <-> P: 0.031568
rate M <-> S: 0.557114
rate M <-> T: 1.783585
rate M <-> W: 0.284695
rate M <-> Y: 0.242020
rate M <-> V: 1.634514
rate F <-> P: 0.061382
rate F <-> S: 0.188238
rate F <-> T: 0.112826
rate F <-> W: 0.340231
rate F <-> Y: 3.452005
rate F <-> V: 0.348416
rate P <-> S: 0.465918
rate P <-> T: 0.332632
rate P <-> W: 0.007600
rate P <-> Y: 0.024553
rate P <-> V: 0.104642
rate S <-> T: 3.895125
rate S <-> W: 0.060213
rate S <-> Y: 0.173623
rate S <-> V: 0.289372
rate T <-> W: 0.021045
rate T <-> Y: 0.169531
rate T <-> V: 2.317316
rate W <-> Y: 0.466503
rate W <-> V: 0.080089
rate Y <-> V: 0.091196

freq pi(A): 0.064352
freq pi(R): 0.039797
freq pi(N): 0.020322
freq pi(D): 0.018628
freq pi(C): 0.057578
freq pi(Q): 0.036410
freq pi(E): 0.023709
freq pi(G): 0.050804
freq pi(H): 0.022862
freq pi(I): 0.071126
freq pi(L): 0.155800
freq pi(K): 0.026249
freq pi(M): 0.040644
freq pi(F): 0.070279
freq pi(P): 0.023709
freq pi(S): 0.060119
freq pi(T): 0.076207
freq pi(W): 0.035563
freq pi(Y): 0.022862
freq pi(V): 0.082981


ML search took 42.369697 secs or 0.011769 hours

Combined Bootstrap and ML search took 91.360170 secs or 0.025378 hours

Drawing Bootstrap Support Values on best-scoring ML tree ...



Found 1 tree in File /in/RAxML_bestTree.EOG091G0RM8.clustalo.aln.ALICUT.MTZOAF



Found 1 tree in File /in/RAxML_bestTree.EOG091G0RM8.clustalo.aln.ALICUT.MTZOAF

Program execution info written to /in/RAxML_info.EOG091G0RM8.clustalo.aln.ALICUT.MTZOAF
All 100 bootstrapped trees written to: /in/RAxML_bootstrap.EOG091G0RM8.clustalo.aln.ALICUT.MTZOAF

Best-scoring ML tree written to: /in/RAxML_bestTree.EOG091G0RM8.clustalo.aln.ALICUT.MTZOAF

Best-scoring ML tree with support values written to: /in/RAxML_bipartitions.EOG091G0RM8.clustalo.aln.ALICUT.MTZOAF

Best-scoring ML tree with support values as branch labels written to: /in/RAxML_bipartitionsBranchLabels.EOG091G0RM8.clustalo.aln.ALICUT.MTZOAF

Overall execution time for full ML analysis: 91.363304 secs or 0.025379 hours or 0.001057 days

