
WARNING: The number of threads is currently set to 1
You can specify the number of threads to run via -T numberOfThreads
NumberOfThreads must be set to an integer value greater than 1

RAxML, will now set the number of threads automatically to 2 !


RAxML can't, parse the alignment file as phylip file 
it will now try to parse it as FASTA file


This is the RAxML Master Pthread

This is RAxML Worker Pthread Number: 1


This is RAxML version 8.2.12 released by Alexandros Stamatakis on May 2018.

With greatly appreciated code contributions by:
Andre Aberer      (HITS)
Simon Berger      (HITS)
Alexey Kozlov     (HITS)
Kassian Kobert    (HITS)
David Dao         (KIT and HITS)
Sarah Lutteropp   (KIT and HITS)
Nick Pattengale   (Sandia)
Wayne Pfeiffer    (SDSC)
Akifumi S. Tanabe (NRIFS)
Charlie Taylor    (UF)


Alignment has 433 distinct alignment patterns

Proportion of gaps and completely undetermined characters in this alignment: 21.99%

RAxML rapid bootstrapping and subsequent ML search

Using 1 distinct models/data partitions with joint branch length optimization



Executing 100 rapid bootstrap inferences and thereafter a thorough ML search 

All free model parameters will be estimated by RAxML
GAMMA model of rate heterogeneity, ML estimate of alpha-parameter

GAMMA Model parameters will be estimated up to an accuracy of 0.1000000000 Log Likelihood units

Partition: 0
Alignment Patterns: 433
Name: No Name Provided
DataType: AA
Substitution Matrix: LG
Using empirical base frequencies




RAxML was called as follows:

raxml -f a -T 1 -m PROTGAMMALGF -p 12345 -x 12345 -# 100 -s ALICUT_EOG091G02LY.clustalo.aln.fasta -n EOG091G02LY.clustalo.aln.ALICUT.LGF 



Time for BS model parameter optimization 0.133549
Bootstrap[0]: Time 3.585610 seconds, bootstrap likelihood -5985.433357, best rearrangement setting 13
Bootstrap[1]: Time 2.167333 seconds, bootstrap likelihood -5600.297405, best rearrangement setting 13
Bootstrap[2]: Time 3.225023 seconds, bootstrap likelihood -5925.670057, best rearrangement setting 12
Bootstrap[3]: Time 2.896184 seconds, bootstrap likelihood -5873.729828, best rearrangement setting 15
Bootstrap[4]: Time 2.035785 seconds, bootstrap likelihood -5780.924886, best rearrangement setting 10
Bootstrap[5]: Time 2.923581 seconds, bootstrap likelihood -5809.531390, best rearrangement setting 10
Bootstrap[6]: Time 1.961579 seconds, bootstrap likelihood -5735.707517, best rearrangement setting 6
Bootstrap[7]: Time 2.828249 seconds, bootstrap likelihood -5635.356144, best rearrangement setting 14
Bootstrap[8]: Time 2.157029 seconds, bootstrap likelihood -5998.348047, best rearrangement setting 5
Bootstrap[9]: Time 2.832952 seconds, bootstrap likelihood -5832.072497, best rearrangement setting 7
Bootstrap[10]: Time 2.948737 seconds, bootstrap likelihood -6087.754876, best rearrangement setting 7
Bootstrap[11]: Time 1.857551 seconds, bootstrap likelihood -5905.837800, best rearrangement setting 5
Bootstrap[12]: Time 3.253372 seconds, bootstrap likelihood -5930.050795, best rearrangement setting 8
Bootstrap[13]: Time 2.559364 seconds, bootstrap likelihood -5809.335257, best rearrangement setting 7
Bootstrap[14]: Time 3.428182 seconds, bootstrap likelihood -5857.104489, best rearrangement setting 12
Bootstrap[15]: Time 2.304060 seconds, bootstrap likelihood -5911.338243, best rearrangement setting 15
Bootstrap[16]: Time 2.946791 seconds, bootstrap likelihood -5779.436790, best rearrangement setting 12
Bootstrap[17]: Time 2.794759 seconds, bootstrap likelihood -6117.444440, best rearrangement setting 12
Bootstrap[18]: Time 2.812163 seconds, bootstrap likelihood -5678.122270, best rearrangement setting 5
Bootstrap[19]: Time 2.883462 seconds, bootstrap likelihood -5932.530345, best rearrangement setting 8
Bootstrap[20]: Time 2.918099 seconds, bootstrap likelihood -5860.932394, best rearrangement setting 10
Bootstrap[21]: Time 3.083625 seconds, bootstrap likelihood -6040.365102, best rearrangement setting 6
Bootstrap[22]: Time 2.757070 seconds, bootstrap likelihood -5791.885100, best rearrangement setting 5
Bootstrap[23]: Time 2.842678 seconds, bootstrap likelihood -5704.259596, best rearrangement setting 7
Bootstrap[24]: Time 2.248416 seconds, bootstrap likelihood -5729.019825, best rearrangement setting 8
Bootstrap[25]: Time 2.484999 seconds, bootstrap likelihood -5844.299662, best rearrangement setting 6
Bootstrap[26]: Time 2.811606 seconds, bootstrap likelihood -5904.843140, best rearrangement setting 12
Bootstrap[27]: Time 3.336256 seconds, bootstrap likelihood -5920.623305, best rearrangement setting 10
Bootstrap[28]: Time 2.759460 seconds, bootstrap likelihood -5714.414270, best rearrangement setting 11
Bootstrap[29]: Time 3.174325 seconds, bootstrap likelihood -6012.275181, best rearrangement setting 12
Bootstrap[30]: Time 2.355237 seconds, bootstrap likelihood -5596.184850, best rearrangement setting 15
Bootstrap[31]: Time 3.480219 seconds, bootstrap likelihood -5891.526627, best rearrangement setting 15
Bootstrap[32]: Time 3.171762 seconds, bootstrap likelihood -5998.930442, best rearrangement setting 6
Bootstrap[33]: Time 2.682754 seconds, bootstrap likelihood -5644.087194, best rearrangement setting 15
Bootstrap[34]: Time 2.704824 seconds, bootstrap likelihood -6029.834295, best rearrangement setting 11
Bootstrap[35]: Time 3.066600 seconds, bootstrap likelihood -5682.645608, best rearrangement setting 8
Bootstrap[36]: Time 2.984508 seconds, bootstrap likelihood -5914.895612, best rearrangement setting 9
Bootstrap[37]: Time 2.801337 seconds, bootstrap likelihood -5940.807010, best rearrangement setting 11
Bootstrap[38]: Time 3.228494 seconds, bootstrap likelihood -5862.987141, best rearrangement setting 8
Bootstrap[39]: Time 3.959911 seconds, bootstrap likelihood -5807.288712, best rearrangement setting 13
Bootstrap[40]: Time 2.119521 seconds, bootstrap likelihood -6053.987838, best rearrangement setting 13
Bootstrap[41]: Time 2.466653 seconds, bootstrap likelihood -5837.083700, best rearrangement setting 10
Bootstrap[42]: Time 3.037578 seconds, bootstrap likelihood -5739.113591, best rearrangement setting 5
Bootstrap[43]: Time 2.957588 seconds, bootstrap likelihood -5749.777469, best rearrangement setting 14
Bootstrap[44]: Time 2.553996 seconds, bootstrap likelihood -5692.151799, best rearrangement setting 10
Bootstrap[45]: Time 2.256963 seconds, bootstrap likelihood -5713.633253, best rearrangement setting 15
Bootstrap[46]: Time 3.680537 seconds, bootstrap likelihood -6088.724394, best rearrangement setting 14
Bootstrap[47]: Time 3.281094 seconds, bootstrap likelihood -5797.792058, best rearrangement setting 8
Bootstrap[48]: Time 3.345564 seconds, bootstrap likelihood -6045.295730, best rearrangement setting 6
Bootstrap[49]: Time 2.791037 seconds, bootstrap likelihood -5814.296095, best rearrangement setting 7
Bootstrap[50]: Time 2.755114 seconds, bootstrap likelihood -5734.663424, best rearrangement setting 7
Bootstrap[51]: Time 2.869121 seconds, bootstrap likelihood -5661.653207, best rearrangement setting 11
Bootstrap[52]: Time 3.412340 seconds, bootstrap likelihood -6006.804403, best rearrangement setting 12
Bootstrap[53]: Time 2.680337 seconds, bootstrap likelihood -5473.253703, best rearrangement setting 8
Bootstrap[54]: Time 2.720974 seconds, bootstrap likelihood -5936.913862, best rearrangement setting 9
Bootstrap[55]: Time 2.509201 seconds, bootstrap likelihood -6198.986481, best rearrangement setting 11
Bootstrap[56]: Time 3.115790 seconds, bootstrap likelihood -5859.406766, best rearrangement setting 5
Bootstrap[57]: Time 3.463854 seconds, bootstrap likelihood -5879.162235, best rearrangement setting 7
Bootstrap[58]: Time 2.703647 seconds, bootstrap likelihood -5939.210210, best rearrangement setting 10
Bootstrap[59]: Time 2.791666 seconds, bootstrap likelihood -5799.825516, best rearrangement setting 9
Bootstrap[60]: Time 2.446948 seconds, bootstrap likelihood -5731.422967, best rearrangement setting 7
Bootstrap[61]: Time 2.400903 seconds, bootstrap likelihood -5706.394557, best rearrangement setting 5
Bootstrap[62]: Time 2.908311 seconds, bootstrap likelihood -5781.096537, best rearrangement setting 11
Bootstrap[63]: Time 2.957663 seconds, bootstrap likelihood -5763.174192, best rearrangement setting 12
Bootstrap[64]: Time 2.406258 seconds, bootstrap likelihood -5807.549505, best rearrangement setting 7
Bootstrap[65]: Time 2.632312 seconds, bootstrap likelihood -5801.126306, best rearrangement setting 5
Bootstrap[66]: Time 2.130632 seconds, bootstrap likelihood -5565.001059, best rearrangement setting 5
Bootstrap[67]: Time 3.447006 seconds, bootstrap likelihood -5981.451468, best rearrangement setting 15
Bootstrap[68]: Time 3.037351 seconds, bootstrap likelihood -5809.407527, best rearrangement setting 11
Bootstrap[69]: Time 3.150147 seconds, bootstrap likelihood -5807.638671, best rearrangement setting 5
Bootstrap[70]: Time 3.050990 seconds, bootstrap likelihood -5670.708417, best rearrangement setting 8
Bootstrap[71]: Time 2.750315 seconds, bootstrap likelihood -5891.570755, best rearrangement setting 10
Bootstrap[72]: Time 2.962836 seconds, bootstrap likelihood -5963.315599, best rearrangement setting 11
Bootstrap[73]: Time 2.904793 seconds, bootstrap likelihood -6088.856099, best rearrangement setting 9
Bootstrap[74]: Time 2.994900 seconds, bootstrap likelihood -6164.573879, best rearrangement setting 5
Bootstrap[75]: Time 2.829508 seconds, bootstrap likelihood -5889.496387, best rearrangement setting 8
Bootstrap[76]: Time 2.663658 seconds, bootstrap likelihood -5837.518078, best rearrangement setting 9
Bootstrap[77]: Time 2.561520 seconds, bootstrap likelihood -5812.435597, best rearrangement setting 11
Bootstrap[78]: Time 3.453098 seconds, bootstrap likelihood -6127.327925, best rearrangement setting 15
Bootstrap[79]: Time 2.904827 seconds, bootstrap likelihood -5701.452094, best rearrangement setting 9
Bootstrap[80]: Time 3.256087 seconds, bootstrap likelihood -5788.077241, best rearrangement setting 15
Bootstrap[81]: Time 2.883381 seconds, bootstrap likelihood -5805.293556, best rearrangement setting 7
Bootstrap[82]: Time 2.418801 seconds, bootstrap likelihood -5719.264510, best rearrangement setting 6
Bootstrap[83]: Time 2.029349 seconds, bootstrap likelihood -5881.301915, best rearrangement setting 10
Bootstrap[84]: Time 1.875120 seconds, bootstrap likelihood -5838.781640, best rearrangement setting 11
Bootstrap[85]: Time 2.671905 seconds, bootstrap likelihood -5825.896868, best rearrangement setting 8
Bootstrap[86]: Time 2.981200 seconds, bootstrap likelihood -5902.169441, best rearrangement setting 7
Bootstrap[87]: Time 2.445653 seconds, bootstrap likelihood -6032.028234, best rearrangement setting 7
Bootstrap[88]: Time 2.414554 seconds, bootstrap likelihood -6001.263015, best rearrangement setting 12
Bootstrap[89]: Time 3.226902 seconds, bootstrap likelihood -5773.304538, best rearrangement setting 10
Bootstrap[90]: Time 2.792439 seconds, bootstrap likelihood -5630.268820, best rearrangement setting 8
Bootstrap[91]: Time 2.732899 seconds, bootstrap likelihood -5696.695310, best rearrangement setting 12
Bootstrap[92]: Time 2.495256 seconds, bootstrap likelihood -5885.922710, best rearrangement setting 13
Bootstrap[93]: Time 2.928272 seconds, bootstrap likelihood -5988.823831, best rearrangement setting 15
Bootstrap[94]: Time 2.150700 seconds, bootstrap likelihood -5654.840356, best rearrangement setting 5
Bootstrap[95]: Time 2.719072 seconds, bootstrap likelihood -5870.417078, best rearrangement setting 5
Bootstrap[96]: Time 2.859427 seconds, bootstrap likelihood -6002.193198, best rearrangement setting 13
Bootstrap[97]: Time 2.899092 seconds, bootstrap likelihood -5786.667911, best rearrangement setting 11
Bootstrap[98]: Time 2.427596 seconds, bootstrap likelihood -5585.379249, best rearrangement setting 6
Bootstrap[99]: Time 2.593214 seconds, bootstrap likelihood -5403.496339, best rearrangement setting 14


Overall Time for 100 Rapid Bootstraps 280.219967 seconds
Average Time per Rapid Bootstrap 2.802200 seconds

Starting ML Search ...

Fast ML optimization finished

Fast ML search Time: 187.617500 seconds

Slow ML Search 0 Likelihood: -5847.000638
Slow ML Search 1 Likelihood: -5847.000616
Slow ML Search 2 Likelihood: -5847.000653
Slow ML Search 3 Likelihood: -5847.000619
Slow ML Search 4 Likelihood: -5846.992479
Slow ML Search 5 Likelihood: -5846.992479
Slow ML Search 6 Likelihood: -5846.992479
Slow ML Search 7 Likelihood: -5846.992479
Slow ML Search 8 Likelihood: -5846.992479
Slow ML Search 9 Likelihood: -5846.992479
Slow ML optimization finished

Slow ML search Time: 55.468317 seconds
Thorough ML search Time: 4.450048 seconds

Final ML Optimization Likelihood: -5846.991768

Model Information:

Model Parameters of Partition 0, Name: No Name Provided, Type of Data: AA
alpha: 1.320216
Tree-Length: 9.437619
rate A <-> R: 0.399182
rate A <-> N: 0.259945
rate A <-> D: 0.371058
rate A <-> C: 2.337364
rate A <-> Q: 0.910775
rate A <-> E: 0.975241
rate A <-> G: 1.940106
rate A <-> H: 0.336984
rate A <-> I: 0.140697
rate A <-> L: 0.371240
rate A <-> K: 0.503815
rate A <-> M: 1.055520
rate A <-> F: 0.238237
rate A <-> P: 1.105868
rate A <-> S: 4.439041
rate A <-> T: 2.009090
rate A <-> W: 0.169702
rate A <-> Y: 0.205613
rate A <-> V: 2.392567
rate R <-> N: 0.706048
rate R <-> D: 0.116398
rate R <-> C: 0.501968
rate R <-> Q: 2.636754
rate R <-> E: 0.341785
rate R <-> G: 0.366408
rate R <-> H: 2.278690
rate R <-> I: 0.119250
rate R <-> L: 0.283449
rate R <-> K: 5.940467
rate R <-> M: 0.454623
rate R <-> F: 0.049508
rate R <-> P: 0.312264
rate R <-> S: 0.805843
rate R <-> T: 0.543695
rate R <-> W: 0.557424
rate R <-> Y: 0.295274
rate R <-> V: 0.160471
rate N <-> D: 4.766737
rate N <-> C: 0.496537
rate N <-> Q: 1.592389
rate N <-> E: 0.508692
rate N <-> G: 1.350015
rate N <-> H: 4.234381
rate N <-> I: 0.179830
rate N <-> L: 0.064256
rate N <-> K: 2.014327
rate N <-> M: 0.348390
rate N <-> F: 0.084068
rate N <-> P: 0.151925
rate N <-> S: 3.764032
rate N <-> T: 1.878729
rate N <-> W: 0.042610
rate N <-> Y: 0.574720
rate N <-> V: 0.078587
rate D <-> C: 0.058743
rate D <-> Q: 0.491483
rate D <-> E: 4.924234
rate D <-> G: 0.793424
rate D <-> H: 0.870603
rate D <-> I: 0.010038
rate D <-> L: 0.014157
rate D <-> K: 0.265711
rate D <-> M: 0.023991
rate D <-> F: 0.016354
rate D <-> P: 0.370412
rate D <-> S: 1.164675
rate D <-> T: 0.399902
rate D <-> W: 0.028068
rate D <-> Y: 0.126872
rate D <-> V: 0.035653
rate C <-> Q: 0.079639
rate C <-> E: 0.003286
rate C <-> G: 0.534566
rate C <-> H: 0.601499
rate C <-> I: 0.301083
rate C <-> L: 0.557800
rate C <-> K: 0.012457
rate C <-> M: 0.839207
rate C <-> F: 1.037881
rate C <-> P: 0.070787
rate C <-> S: 2.614753
rate C <-> T: 1.073780
rate C <-> W: 0.629281
rate C <-> Y: 1.094488
rate C <-> V: 1.839864
rate Q <-> E: 3.876936
rate Q <-> G: 0.251626
rate Q <-> H: 4.520102
rate Q <-> I: 0.068413
rate Q <-> L: 0.546954
rate Q <-> K: 3.037150
rate Q <-> M: 1.570619
rate Q <-> F: 0.033669
rate Q <-> P: 0.586241
rate Q <-> S: 1.149231
rate Q <-> T: 1.014297
rate Q <-> W: 0.221802
rate Q <-> Y: 0.241650
rate Q <-> V: 0.197511
rate E <-> G: 0.327583
rate E <-> H: 0.398044
rate E <-> I: 0.041567
rate E <-> L: 0.065426
rate E <-> K: 1.697022
rate E <-> M: 0.163145
rate E <-> F: 0.017664
rate E <-> P: 0.393844
rate E <-> S: 0.574671
rate E <-> T: 0.567695
rate E <-> W: 0.073107
rate E <-> Y: 0.112720
rate E <-> V: 0.230098
rate G <-> H: 0.292498
rate G <-> I: 0.008174
rate G <-> L: 0.041563
rate G <-> K: 0.278555
rate G <-> M: 0.131033
rate G <-> F: 0.084125
rate G <-> P: 0.184955
rate G <-> S: 1.633930
rate G <-> T: 0.121922
rate G <-> W: 0.252125
rate G <-> Y: 0.051346
rate G <-> V: 0.072026
rate H <-> I: 0.102245
rate H <-> L: 0.343988
rate H <-> K: 0.654763
rate H <-> M: 0.415502
rate H <-> F: 0.640560
rate H <-> P: 0.477834
rate H <-> S: 0.929667
rate H <-> T: 0.548649
rate H <-> W: 0.560661
rate H <-> Y: 4.983361
rate H <-> V: 0.111759
rate I <-> L: 3.892408
rate I <-> K: 0.149373
rate I <-> M: 4.013113
rate I <-> F: 1.044902
rate I <-> P: 0.073509
rate I <-> S: 0.060198
rate I <-> T: 0.970728
rate I <-> W: 0.104854
rate I <-> Y: 0.218350
rate I <-> V: 10.000000
rate L <-> K: 0.129119
rate L <-> M: 5.927594
rate L <-> F: 2.434657
rate L <-> P: 0.233879
rate L <-> S: 0.171176
rate L <-> T: 0.284471
rate L <-> W: 0.581863
rate L <-> Y: 0.281383
rate L <-> V: 1.598956
rate K <-> M: 0.616581
rate K <-> F: 0.022460
rate K <-> P: 0.366530
rate K <-> S: 0.703048
rate K <-> T: 1.067567
rate K <-> W: 0.046864
rate K <-> Y: 0.123890
rate K <-> V: 0.173913
rate M <-> F: 1.689205
rate M <-> P: 0.093763
rate M <-> S: 0.325811
rate M <-> T: 1.897216
rate M <-> W: 0.653740
rate M <-> Y: 0.451968
rate M <-> V: 1.782983
rate F <-> P: 0.088706
rate F <-> S: 0.339765
rate F <-> T: 0.154944
rate F <-> W: 2.307349
rate F <-> Y: 7.328222
rate F <-> V: 0.614777
rate P <-> S: 1.256567
rate P <-> T: 0.536635
rate P <-> W: 0.089332
rate P <-> Y: 0.084151
rate P <-> V: 0.278428
rate S <-> T: 6.077767
rate S <-> W: 0.233693
rate S <-> Y: 0.376132
rate S <-> V: 0.092373
rate T <-> W: 0.132241
rate T <-> Y: 0.230856
rate T <-> V: 2.054781
rate W <-> Y: 2.959699
rate W <-> V: 0.177959
rate Y <-> V: 0.234116

freq pi(A): 0.078790
freq pi(R): 0.068859
freq pi(N): 0.032443
freq pi(D): 0.047672
freq pi(C): 0.018318
freq pi(Q): 0.038402
freq pi(E): 0.074818
freq pi(G): 0.039064
freq pi(H): 0.022512
freq pi(I): 0.055396
freq pi(L): 0.097550
freq pi(K): 0.068638
freq pi(M): 0.028691
freq pi(F): 0.045685
freq pi(P): 0.053631
freq pi(S): 0.061134
freq pi(T): 0.040388
freq pi(W): 0.013904
freq pi(Y): 0.061355
freq pi(V): 0.052748


ML search took 247.594413 secs or 0.068776 hours

Combined Bootstrap and ML search took 527.814797 secs or 0.146615 hours

Drawing Bootstrap Support Values on best-scoring ML tree ...



Found 1 tree in File /in/RAxML_bestTree.EOG091G02LY.clustalo.aln.ALICUT.LGF



Found 1 tree in File /in/RAxML_bestTree.EOG091G02LY.clustalo.aln.ALICUT.LGF

Program execution info written to /in/RAxML_info.EOG091G02LY.clustalo.aln.ALICUT.LGF
All 100 bootstrapped trees written to: /in/RAxML_bootstrap.EOG091G02LY.clustalo.aln.ALICUT.LGF

Best-scoring ML tree written to: /in/RAxML_bestTree.EOG091G02LY.clustalo.aln.ALICUT.LGF

Best-scoring ML tree with support values written to: /in/RAxML_bipartitions.EOG091G02LY.clustalo.aln.ALICUT.LGF

Best-scoring ML tree with support values as branch labels written to: /in/RAxML_bipartitionsBranchLabels.EOG091G02LY.clustalo.aln.ALICUT.LGF

Overall execution time for full ML analysis: 527.819684 secs or 0.146617 hours or 0.006109 days

