
RAxML can't, parse the alignment file as phylip file 
it will now try to parse it as FASTA file


This is the RAxML Master Pthread

This is RAxML Worker Pthread Number: 1

This is RAxML Worker Pthread Number: 2

This is RAxML Worker Pthread Number: 3

This is RAxML Worker Pthread Number: 4

This is RAxML Worker Pthread Number: 5


This is RAxML version 8.2.12 released by Alexandros Stamatakis on May 2018.

With greatly appreciated code contributions by:
Andre Aberer      (HITS)
Simon Berger      (HITS)
Alexey Kozlov     (HITS)
Kassian Kobert    (HITS)
David Dao         (KIT and HITS)
Sarah Lutteropp   (KIT and HITS)
Nick Pattengale   (Sandia)
Wayne Pfeiffer    (SDSC)
Akifumi S. Tanabe (NRIFS)
Charlie Taylor    (UF)


Alignment has 166 distinct alignment patterns

Proportion of gaps and completely undetermined characters in this alignment: 6.17%

RAxML rapid bootstrapping and subsequent ML search

Using 1 distinct models/data partitions with joint branch length optimization



Executing 100 rapid bootstrap inferences and thereafter a thorough ML search 

All free model parameters will be estimated by RAxML
GAMMA model of rate heterogeneity, ML estimate of alpha-parameter

GAMMA Model parameters will be estimated up to an accuracy of 0.1000000000 Log Likelihood units

Partition: 0
Alignment Patterns: 166
Name: No Name Provided
DataType: AA
Substitution Matrix: WAG
Using empirical base frequencies




RAxML was called as follows:

raxml -f a -T 6 -m PROTGAMMAWAGF -p 12345 -x 12345 -# 100 -s ALICUT_EOG091G0KGO.clustalo.aln.fasta -n EOG091G0KGO.clustalo.aln.ALICUT.WAGF 



Time for BS model parameter optimization 0.020829
Bootstrap[0]: Time 0.449741 seconds, bootstrap likelihood -2666.707733, best rearrangement setting 13
Bootstrap[1]: Time 0.382682 seconds, bootstrap likelihood -2558.615309, best rearrangement setting 13
Bootstrap[2]: Time 0.397305 seconds, bootstrap likelihood -2613.317119, best rearrangement setting 12
Bootstrap[3]: Time 0.381058 seconds, bootstrap likelihood -2947.081495, best rearrangement setting 15
Bootstrap[4]: Time 0.367774 seconds, bootstrap likelihood -3022.636662, best rearrangement setting 10
Bootstrap[5]: Time 0.371847 seconds, bootstrap likelihood -2693.081884, best rearrangement setting 10
Bootstrap[6]: Time 0.360976 seconds, bootstrap likelihood -2708.025589, best rearrangement setting 6
Bootstrap[7]: Time 0.344182 seconds, bootstrap likelihood -2628.389263, best rearrangement setting 14
Bootstrap[8]: Time 0.403609 seconds, bootstrap likelihood -2872.932207, best rearrangement setting 5
Bootstrap[9]: Time 0.413501 seconds, bootstrap likelihood -2808.792601, best rearrangement setting 7
Bootstrap[10]: Time 0.387066 seconds, bootstrap likelihood -2914.040755, best rearrangement setting 7
Bootstrap[11]: Time 0.363328 seconds, bootstrap likelihood -2645.078875, best rearrangement setting 5
Bootstrap[12]: Time 0.393247 seconds, bootstrap likelihood -2658.659428, best rearrangement setting 8
Bootstrap[13]: Time 0.395574 seconds, bootstrap likelihood -2849.648956, best rearrangement setting 7
Bootstrap[14]: Time 0.410529 seconds, bootstrap likelihood -2808.289474, best rearrangement setting 12
Bootstrap[15]: Time 0.400523 seconds, bootstrap likelihood -2762.772922, best rearrangement setting 15
Bootstrap[16]: Time 0.393745 seconds, bootstrap likelihood -3144.700213, best rearrangement setting 12
Bootstrap[17]: Time 0.400213 seconds, bootstrap likelihood -2715.672090, best rearrangement setting 12
Bootstrap[18]: Time 0.415549 seconds, bootstrap likelihood -3060.332709, best rearrangement setting 5
Bootstrap[19]: Time 0.366218 seconds, bootstrap likelihood -2746.574985, best rearrangement setting 8
Bootstrap[20]: Time 0.389976 seconds, bootstrap likelihood -2797.505375, best rearrangement setting 10
Bootstrap[21]: Time 0.400931 seconds, bootstrap likelihood -2810.270700, best rearrangement setting 6
Bootstrap[22]: Time 0.444287 seconds, bootstrap likelihood -2808.989793, best rearrangement setting 5
Bootstrap[23]: Time 0.417232 seconds, bootstrap likelihood -2964.447735, best rearrangement setting 7
Bootstrap[24]: Time 0.400709 seconds, bootstrap likelihood -3176.635463, best rearrangement setting 8
Bootstrap[25]: Time 0.391559 seconds, bootstrap likelihood -2907.558126, best rearrangement setting 6
Bootstrap[26]: Time 0.188430 seconds, bootstrap likelihood -3019.709035, best rearrangement setting 12
Bootstrap[27]: Time 0.440104 seconds, bootstrap likelihood -2947.825515, best rearrangement setting 10
Bootstrap[28]: Time 0.355125 seconds, bootstrap likelihood -2849.239113, best rearrangement setting 11
Bootstrap[29]: Time 0.356706 seconds, bootstrap likelihood -2696.342939, best rearrangement setting 12
Bootstrap[30]: Time 0.362321 seconds, bootstrap likelihood -2507.102444, best rearrangement setting 15
Bootstrap[31]: Time 0.380103 seconds, bootstrap likelihood -3009.227539, best rearrangement setting 15
Bootstrap[32]: Time 0.358260 seconds, bootstrap likelihood -2715.445489, best rearrangement setting 6
Bootstrap[33]: Time 0.386321 seconds, bootstrap likelihood -2688.230199, best rearrangement setting 15
Bootstrap[34]: Time 0.371595 seconds, bootstrap likelihood -2815.413398, best rearrangement setting 11
Bootstrap[35]: Time 0.369823 seconds, bootstrap likelihood -2686.758977, best rearrangement setting 8
Bootstrap[36]: Time 0.407541 seconds, bootstrap likelihood -2833.356599, best rearrangement setting 9
Bootstrap[37]: Time 0.388040 seconds, bootstrap likelihood -2670.954169, best rearrangement setting 11
Bootstrap[38]: Time 0.404506 seconds, bootstrap likelihood -2705.683871, best rearrangement setting 8
Bootstrap[39]: Time 0.417116 seconds, bootstrap likelihood -2815.015745, best rearrangement setting 13
Bootstrap[40]: Time 0.363113 seconds, bootstrap likelihood -2735.282378, best rearrangement setting 13
Bootstrap[41]: Time 0.378341 seconds, bootstrap likelihood -2709.161109, best rearrangement setting 10
Bootstrap[42]: Time 0.343038 seconds, bootstrap likelihood -2867.401370, best rearrangement setting 5
Bootstrap[43]: Time 0.383036 seconds, bootstrap likelihood -2706.414758, best rearrangement setting 14
Bootstrap[44]: Time 0.398905 seconds, bootstrap likelihood -3023.849654, best rearrangement setting 10
Bootstrap[45]: Time 0.420963 seconds, bootstrap likelihood -2907.205845, best rearrangement setting 15
Bootstrap[46]: Time 0.370519 seconds, bootstrap likelihood -2858.925064, best rearrangement setting 14
Bootstrap[47]: Time 0.399666 seconds, bootstrap likelihood -2900.202635, best rearrangement setting 8
Bootstrap[48]: Time 0.382691 seconds, bootstrap likelihood -2468.105485, best rearrangement setting 6
Bootstrap[49]: Time 0.403753 seconds, bootstrap likelihood -3104.739136, best rearrangement setting 7
Bootstrap[50]: Time 0.391225 seconds, bootstrap likelihood -2999.083108, best rearrangement setting 7
Bootstrap[51]: Time 0.393217 seconds, bootstrap likelihood -3007.756341, best rearrangement setting 11
Bootstrap[52]: Time 0.168595 seconds, bootstrap likelihood -2651.068898, best rearrangement setting 12
Bootstrap[53]: Time 0.368547 seconds, bootstrap likelihood -2587.712087, best rearrangement setting 8
Bootstrap[54]: Time 0.370889 seconds, bootstrap likelihood -2831.148441, best rearrangement setting 9
Bootstrap[55]: Time 0.426041 seconds, bootstrap likelihood -2869.342193, best rearrangement setting 11
Bootstrap[56]: Time 0.395343 seconds, bootstrap likelihood -2985.069657, best rearrangement setting 5
Bootstrap[57]: Time 0.393848 seconds, bootstrap likelihood -3023.466289, best rearrangement setting 7
Bootstrap[58]: Time 0.384167 seconds, bootstrap likelihood -2871.066806, best rearrangement setting 10
Bootstrap[59]: Time 0.352902 seconds, bootstrap likelihood -2649.690382, best rearrangement setting 9
Bootstrap[60]: Time 0.364360 seconds, bootstrap likelihood -2653.269296, best rearrangement setting 7
Bootstrap[61]: Time 0.346751 seconds, bootstrap likelihood -3006.374857, best rearrangement setting 5
Bootstrap[62]: Time 0.423008 seconds, bootstrap likelihood -2908.405270, best rearrangement setting 11
Bootstrap[63]: Time 0.377102 seconds, bootstrap likelihood -2828.178405, best rearrangement setting 12
Bootstrap[64]: Time 0.387250 seconds, bootstrap likelihood -2735.037646, best rearrangement setting 7
Bootstrap[65]: Time 0.370320 seconds, bootstrap likelihood -2741.120979, best rearrangement setting 5
Bootstrap[66]: Time 0.381952 seconds, bootstrap likelihood -2828.538955, best rearrangement setting 5
Bootstrap[67]: Time 0.402082 seconds, bootstrap likelihood -2868.927486, best rearrangement setting 15
Bootstrap[68]: Time 0.397953 seconds, bootstrap likelihood -2824.669069, best rearrangement setting 11
Bootstrap[69]: Time 0.424220 seconds, bootstrap likelihood -2792.669104, best rearrangement setting 5
Bootstrap[70]: Time 0.383491 seconds, bootstrap likelihood -3022.132825, best rearrangement setting 8
Bootstrap[71]: Time 0.363011 seconds, bootstrap likelihood -2714.831968, best rearrangement setting 10
Bootstrap[72]: Time 0.399608 seconds, bootstrap likelihood -2933.324371, best rearrangement setting 11
Bootstrap[73]: Time 0.415186 seconds, bootstrap likelihood -2786.415784, best rearrangement setting 9
Bootstrap[74]: Time 0.405365 seconds, bootstrap likelihood -2868.965262, best rearrangement setting 5
Bootstrap[75]: Time 0.378938 seconds, bootstrap likelihood -2896.618368, best rearrangement setting 8
Bootstrap[76]: Time 0.345241 seconds, bootstrap likelihood -2735.129061, best rearrangement setting 9
Bootstrap[77]: Time 0.394271 seconds, bootstrap likelihood -2883.748826, best rearrangement setting 11
Bootstrap[78]: Time 0.426320 seconds, bootstrap likelihood -2712.876109, best rearrangement setting 15
Bootstrap[79]: Time 0.424467 seconds, bootstrap likelihood -2830.679544, best rearrangement setting 9
Bootstrap[80]: Time 0.376158 seconds, bootstrap likelihood -2745.210419, best rearrangement setting 15
Bootstrap[81]: Time 0.352089 seconds, bootstrap likelihood -2808.662534, best rearrangement setting 7
Bootstrap[82]: Time 0.327189 seconds, bootstrap likelihood -2731.983939, best rearrangement setting 6
Bootstrap[83]: Time 0.413009 seconds, bootstrap likelihood -2821.432992, best rearrangement setting 10
Bootstrap[84]: Time 0.367463 seconds, bootstrap likelihood -2829.544019, best rearrangement setting 11
Bootstrap[85]: Time 0.382589 seconds, bootstrap likelihood -2794.986297, best rearrangement setting 8
Bootstrap[86]: Time 0.353727 seconds, bootstrap likelihood -2823.796838, best rearrangement setting 7
Bootstrap[87]: Time 0.377557 seconds, bootstrap likelihood -2971.340185, best rearrangement setting 7
Bootstrap[88]: Time 0.385324 seconds, bootstrap likelihood -2807.936968, best rearrangement setting 12
Bootstrap[89]: Time 0.177589 seconds, bootstrap likelihood -2703.776508, best rearrangement setting 10
Bootstrap[90]: Time 0.373303 seconds, bootstrap likelihood -2722.789045, best rearrangement setting 8
Bootstrap[91]: Time 0.354338 seconds, bootstrap likelihood -2743.018659, best rearrangement setting 12
Bootstrap[92]: Time 0.375776 seconds, bootstrap likelihood -2993.854436, best rearrangement setting 13
Bootstrap[93]: Time 0.385897 seconds, bootstrap likelihood -2870.457157, best rearrangement setting 15
Bootstrap[94]: Time 0.398649 seconds, bootstrap likelihood -2918.925088, best rearrangement setting 5
Bootstrap[95]: Time 0.393642 seconds, bootstrap likelihood -2778.378333, best rearrangement setting 5
Bootstrap[96]: Time 0.343040 seconds, bootstrap likelihood -2765.037070, best rearrangement setting 13
Bootstrap[97]: Time 0.403636 seconds, bootstrap likelihood -2827.211898, best rearrangement setting 11
Bootstrap[98]: Time 0.433303 seconds, bootstrap likelihood -3017.768589, best rearrangement setting 6
Bootstrap[99]: Time 0.401242 seconds, bootstrap likelihood -2813.005695, best rearrangement setting 14


Overall Time for 100 Rapid Bootstraps 38.134948 seconds
Average Time per Rapid Bootstrap 0.381349 seconds

Starting ML Search ...

Fast ML optimization finished

Fast ML search Time: 23.210952 seconds

Slow ML Search 0 Likelihood: -2827.477051
Slow ML Search 1 Likelihood: -2827.477051
Slow ML Search 2 Likelihood: -2827.477051
Slow ML Search 3 Likelihood: -2827.477051
Slow ML Search 4 Likelihood: -2827.485306
Slow ML Search 5 Likelihood: -2827.485306
Slow ML Search 6 Likelihood: -2827.485306
Slow ML Search 7 Likelihood: -2827.485306
Slow ML Search 8 Likelihood: -2827.485306
Slow ML Search 9 Likelihood: -2827.485306
Slow ML optimization finished

Slow ML search Time: 7.768094 seconds
Thorough ML search Time: 0.542439 seconds

Final ML Optimization Likelihood: -2827.477051

Model Information:

Model Parameters of Partition 0, Name: No Name Provided, Type of Data: AA
alpha: 0.994586
Tree-Length: 4.423788
rate A <-> R: 0.705217
rate A <-> N: 0.651871
rate A <-> D: 0.944853
rate A <-> C: 1.313132
rate A <-> Q: 1.161697
rate A <-> E: 2.023768
rate A <-> G: 1.811361
rate A <-> H: 0.405245
rate A <-> I: 0.247190
rate A <-> L: 0.508758
rate A <-> K: 1.158714
rate A <-> M: 1.142388
rate A <-> F: 0.269129
rate A <-> P: 1.839272
rate A <-> S: 4.309757
rate A <-> T: 2.711966
rate A <-> W: 0.144647
rate A <-> Y: 0.307794
rate A <-> V: 2.564804
rate R <-> N: 0.812328
rate R <-> D: 0.188337
rate R <-> C: 0.675324
rate R <-> Q: 3.881068
rate R <-> E: 0.561488
rate R <-> G: 0.747529
rate R <-> H: 2.732474
rate R <-> I: 0.239064
rate R <-> L: 0.636302
rate R <-> K: 6.842111
rate R <-> M: 0.873463
rate R <-> F: 0.131322
rate R <-> P: 0.868767
rate R <-> S: 1.565200
rate R <-> T: 0.708850
rate R <-> W: 1.488141
rate R <-> Y: 0.487813
rate R <-> V: 0.322004
rate N <-> D: 6.941838
rate N <-> C: 0.339146
rate N <-> Q: 1.973636
rate N <-> E: 1.211049
rate N <-> G: 1.439096
rate N <-> H: 5.058353
rate N <-> I: 0.708624
rate N <-> L: 0.168166
rate N <-> K: 3.851035
rate N <-> M: 0.253437
rate N <-> F: 0.122949
rate N <-> P: 0.249423
rate N <-> S: 5.081291
rate N <-> T: 2.595553
rate N <-> W: 0.091950
rate N <-> Y: 1.388516
rate N <-> V: 0.250912
rate D <-> C: 0.038734
rate D <-> Q: 0.788594
rate D <-> E: 7.894033
rate D <-> G: 1.106701
rate D <-> H: 1.189925
rate D <-> I: 0.050423
rate D <-> L: 0.108428
rate D <-> K: 0.613523
rate D <-> M: 0.132656
rate D <-> F: 0.059748
rate D <-> P: 0.542089
rate D <-> S: 1.370309
rate D <-> T: 0.479289
rate D <-> W: 0.165915
rate D <-> Y: 0.416441
rate D <-> V: 0.194769
rate C <-> Q: 0.126345
rate C <-> E: 0.027300
rate C <-> G: 0.392101
rate C <-> H: 0.318326
rate C <-> I: 0.217528
rate C <-> L: 0.491334
rate C <-> K: 0.094657
rate C <-> M: 0.499255
rate C <-> F: 0.508892
rate C <-> P: 0.139880
rate C <-> S: 1.799778
rate C <-> T: 0.655881
rate C <-> W: 0.916817
rate C <-> Y: 0.695323
rate C <-> V: 1.281296
rate Q <-> E: 6.993045
rate Q <-> G: 0.421991
rate Q <-> H: 5.490277
rate Q <-> I: 0.145650
rate Q <-> L: 1.111694
rate Q <-> K: 4.979863
rate Q <-> M: 1.975707
rate Q <-> F: 0.127755
rate Q <-> P: 1.193372
rate Q <-> S: 1.315472
rate Q <-> T: 1.096912
rate Q <-> W: 0.275833
rate Q <-> Y: 0.291141
rate Q <-> V: 0.385206
rate E <-> G: 0.725860
rate E <-> H: 0.728811
rate E <-> I: 0.162882
rate E <-> L: 0.197234
rate E <-> K: 3.304348
rate E <-> M: 0.402905
rate E <-> F: 0.103735
rate E <-> P: 0.872432
rate E <-> S: 0.901307
rate E <-> T: 1.051954
rate E <-> W: 0.200167
rate E <-> Y: 0.250985
rate E <-> V: 0.752728
rate G <-> H: 0.318886
rate G <-> I: 0.038932
rate G <-> L: 0.078380
rate G <-> K: 0.477616
rate G <-> M: 0.222597
rate G <-> F: 0.063840
rate G <-> P: 0.311419
rate G <-> S: 1.715597
rate G <-> T: 0.288741
rate G <-> W: 0.430853
rate G <-> Y: 0.132464
rate G <-> V: 0.239406
rate H <-> I: 0.176684
rate H <-> L: 0.638592
rate H <-> K: 1.138471
rate H <-> M: 0.516718
rate H <-> F: 0.868616
rate H <-> P: 0.890131
rate H <-> S: 0.946350
rate H <-> T: 0.605151
rate H <-> W: 0.335710
rate H <-> Y: 4.952425
rate H <-> V: 0.151328
rate I <-> L: 4.054275
rate I <-> K: 0.414039
rate I <-> M: 5.443417
rate I <-> F: 1.354596
rate I <-> P: 0.127765
rate I <-> S: 0.408423
rate I <-> T: 1.864345
rate I <-> W: 0.271672
rate I <-> Y: 0.537212
rate I <-> V: 10.000000
rate L <-> K: 0.329299
rate L <-> M: 6.206155
rate L <-> F: 2.704371
rate L <-> P: 0.531681
rate L <-> S: 0.440769
rate L <-> T: 0.417606
rate L <-> W: 0.850637
rate L <-> Y: 0.509657
rate L <-> V: 2.301842
rate K <-> M: 1.194528
rate K <-> F: 0.113582
rate K <-> P: 0.712025
rate K <-> S: 1.236534
rate K <-> T: 1.773337
rate K <-> W: 0.175808
rate K <-> Y: 0.170386
rate K <-> V: 0.390516
rate M <-> F: 1.522292
rate M <-> P: 0.219054
rate M <-> S: 0.631487
rate M <-> T: 1.938450
rate M <-> W: 0.659361
rate M <-> Y: 0.547782
rate M <-> V: 2.631851
rate F <-> P: 0.206416
rate F <-> S: 0.698005
rate F <-> T: 0.219788
rate F <-> W: 1.955736
rate F <-> Y: 8.252183
rate F <-> V: 0.830926
rate P <-> S: 2.062675
rate P <-> T: 1.016946
rate P <-> W: 0.178238
rate P <-> Y: 0.276228
rate P <-> V: 0.402602
rate S <-> T: 5.597561
rate S <-> W: 0.669635
rate S <-> Y: 1.006218
rate S <-> V: 0.297571
rate T <-> W: 0.141746
rate T <-> Y: 0.372250
rate T <-> V: 1.774935
rate W <-> Y: 3.177720
rate W <-> V: 0.467146
rate Y <-> V: 0.402401

freq pi(A): 0.103604
freq pi(R): 0.136486
freq pi(N): 0.051351
freq pi(D): 0.018919
freq pi(C): 0.008108
freq pi(Q): 0.040991
freq pi(E): 0.044595
freq pi(G): 0.045045
freq pi(H): 0.028378
freq pi(I): 0.050901
freq pi(L): 0.066667
freq pi(K): 0.109910
freq pi(M): 0.018919
freq pi(F): 0.041892
freq pi(P): 0.055856
freq pi(S): 0.040090
freq pi(T): 0.043243
freq pi(W): 0.011712
freq pi(Y): 0.022072
freq pi(V): 0.061261


ML search took 31.545886 secs or 0.008763 hours

Combined Bootstrap and ML search took 69.681095 secs or 0.019356 hours

Drawing Bootstrap Support Values on best-scoring ML tree ...



Found 1 tree in File /in/RAxML_bestTree.EOG091G0KGO.clustalo.aln.ALICUT.WAGF



Found 1 tree in File /in/RAxML_bestTree.EOG091G0KGO.clustalo.aln.ALICUT.WAGF

Program execution info written to /in/RAxML_info.EOG091G0KGO.clustalo.aln.ALICUT.WAGF
All 100 bootstrapped trees written to: /in/RAxML_bootstrap.EOG091G0KGO.clustalo.aln.ALICUT.WAGF

Best-scoring ML tree written to: /in/RAxML_bestTree.EOG091G0KGO.clustalo.aln.ALICUT.WAGF

Best-scoring ML tree with support values written to: /in/RAxML_bipartitions.EOG091G0KGO.clustalo.aln.ALICUT.WAGF

Best-scoring ML tree with support values as branch labels written to: /in/RAxML_bipartitionsBranchLabels.EOG091G0KGO.clustalo.aln.ALICUT.WAGF

Overall execution time for full ML analysis: 69.683607 secs or 0.019357 hours or 0.000807 days

