
	reading taxa from FASTA ...


	C.intestinalis       -> sites: 966   
	R.norvegicus         -> sites: 966   
	H.microstoma         -> sites: 966   
	C.sinensis           -> sites: 966   
	D.melanogaster       -> sites: 966   
	S.mansoni            -> sites: 966   
	G.turnbulli          -> sites: 966   
	G.salaris            -> sites: 966   
	T.solium             -> sites: 966   
	D.rerio              -> sites: 966   


	data type             : amino acid sequences

	input ...

	infile		: EOG091G0WT4.clustalo.aln.fasta
	random pairs	: 200000000000000000
	window size	: 6
	indels		: ambiguous
	tree file	: -
	node level	: -
	strict profile	: -
	outgroup	: -
	matrix          : BLOSUM62

	number of taxa        : 10
	random number of pairs: 200000000000000000

	generates threshhold value for amino acid data
	using BLOSUM62

	checks for (potential) identical taxa


	scores site patterns ...


	max number of different pairs is 45
	max random pairs are scored!

	pair: 1      ->	taxon1: C.intestin	taxon2: R.norvegic
	            	positions below base line: 858
	pair: 2      ->	taxon1: C.intestin	taxon2: H.microsto
	            	positions below base line: 873
	pair: 3      ->	taxon1: C.intestin	taxon2: C.sinensis
	            	positions below base line: 868
	pair: 4      ->	taxon1: C.intestin	taxon2: D.melanoga
	            	positions below base line: 871
	pair: 5      ->	taxon1: C.intestin	taxon2: S.mansoni 
	            	positions below base line: 867
	pair: 6      ->	taxon1: C.intestin	taxon2: G.turnbull
	            	positions below base line: 871
	pair: 7      ->	taxon1: C.intestin	taxon2: G.salaris 
	            	positions below base line: 878
	pair: 8      ->	taxon1: C.intestin	taxon2: T.solium  
	            	positions below base line: 893
	pair: 9      ->	taxon1: C.intestin	taxon2: D.rerio   
	            	positions below base line: 863
	pair: 10     ->	taxon1: R.norvegic	taxon2: H.microsto
	            	positions below base line: 874
	pair: 11     ->	taxon1: R.norvegic	taxon2: C.sinensis
	            	positions below base line: 872
	pair: 12     ->	taxon1: R.norvegic	taxon2: D.melanoga
	            	positions below base line: 861
	pair: 13     ->	taxon1: R.norvegic	taxon2: S.mansoni 
	            	positions below base line: 867
	pair: 14     ->	taxon1: R.norvegic	taxon2: G.turnbull
	            	positions below base line: 869
	pair: 15     ->	taxon1: R.norvegic	taxon2: G.salaris 
	            	positions below base line: 877
	pair: 16     ->	taxon1: R.norvegic	taxon2: T.solium  
	            	positions below base line: 898
	pair: 17     ->	taxon1: R.norvegic	taxon2: D.rerio   
	            	positions below base line: 860
	pair: 18     ->	taxon1: H.microsto	taxon2: C.sinensis
	            	positions below base line: 871
	pair: 19     ->	taxon1: H.microsto	taxon2: D.melanoga
	            	positions below base line: 870
	pair: 20     ->	taxon1: H.microsto	taxon2: S.mansoni 
	            	positions below base line: 873
	pair: 21     ->	taxon1: H.microsto	taxon2: G.turnbull
	            	positions below base line: 881
	pair: 22     ->	taxon1: H.microsto	taxon2: G.salaris 
	            	positions below base line: 881
	pair: 23     ->	taxon1: H.microsto	taxon2: T.solium  
	            	positions below base line: 901
	pair: 24     ->	taxon1: H.microsto	taxon2: D.rerio   
	            	positions below base line: 866
	pair: 25     ->	taxon1: C.sinensis	taxon2: D.melanoga
	            	positions below base line: 872
	pair: 26     ->	taxon1: C.sinensis	taxon2: S.mansoni 
	            	positions below base line: 866
	pair: 27     ->	taxon1: C.sinensis	taxon2: G.turnbull
	            	positions below base line: 876
	pair: 28     ->	taxon1: C.sinensis	taxon2: G.salaris 
	            	positions below base line: 880
	pair: 29     ->	taxon1: C.sinensis	taxon2: T.solium  
	            	positions below base line: 894
	pair: 30     ->	taxon1: C.sinensis	taxon2: D.rerio   
	            	positions below base line: 873
	pair: 31     ->	taxon1: D.melanoga	taxon2: S.mansoni 
	            	positions below base line: 871
	pair: 32     ->	taxon1: D.melanoga	taxon2: G.turnbull
	            	positions below base line: 876
	pair: 33     ->	taxon1: D.melanoga	taxon2: G.salaris 
	            	positions below base line: 875
	pair: 34     ->	taxon1: D.melanoga	taxon2: T.solium  
	            	positions below base line: 893
	pair: 35     ->	taxon1: D.melanoga	taxon2: D.rerio   
	            	positions below base line: 864
	pair: 36     ->	taxon1: S.mansoni 	taxon2: G.turnbull
	            	positions below base line: 877
	pair: 37     ->	taxon1: S.mansoni 	taxon2: G.salaris 
	            	positions below base line: 879
	pair: 38     ->	taxon1: S.mansoni 	taxon2: T.solium  
	            	positions below base line: 897
	pair: 39     ->	taxon1: S.mansoni 	taxon2: D.rerio   
	            	positions below base line: 867
	pair: 40     ->	taxon1: G.turnbull	taxon2: G.salaris 
	            	positions below base line: 880
	pair: 41     ->	taxon1: G.turnbull	taxon2: T.solium  
	            	positions below base line: 896
	pair: 42     ->	taxon1: G.turnbull	taxon2: D.rerio   
	            	positions below base line: 868
	pair: 43     ->	taxon1: G.salaris 	taxon2: T.solium  
	            	positions below base line: 893
	pair: 44     ->	taxon1: G.salaris 	taxon2: D.rerio   
	            	positions below base line: 877
	pair: 45     ->	taxon1: T.solium  	taxon2: D.rerio   
	            	positions below base line: 897

	generates quality profile from collected scores ...


	scoring done ...


	generates vector plot from collected scores ...


Argument "-" treated as 0 in increment (++) at /usr/bin/Aliscore.pl line 1213.
	Profile written to EOG091G0WT4.clustalo.aln.fasta_Profile_random.txt
	List   written to EOG091G0WT4.clustalo.aln.fasta_List_random.txt

	time used: 3.88 sec

