
	reading taxa from FASTA ...


	C.sinensis           -> sites: 276   
	L.gigantea           -> sites: 276   
	G.salaris            -> sites: 276   
	R.norvegicus         -> sites: 276   
	S.mediterranea       -> sites: 276   
	H.robusta            -> sites: 276   
	D.rerio              -> sites: 276   
	C.intestinalis       -> sites: 276   
	E.granulosus         -> sites: 276   
	G.turnbulli          -> sites: 276   
	D.melanogaster       -> sites: 276   
	T.solium             -> sites: 276   
	H.microstoma         -> sites: 276   
	O.viverrini          -> sites: 276   
	S.mansoni            -> sites: 276   
	P.xenopodis          -> sites: 276   


	data type             : amino acid sequences

	input ...

	infile		: EOG091G0VTN.clustalo.aln.fasta
	random pairs	: 200000000000000000
	window size	: 6
	indels		: ambiguous
	tree file	: -
	node level	: -
	strict profile	: -
	outgroup	: -
	matrix          : BLOSUM62

	number of taxa        : 16
	random number of pairs: 200000000000000000

	generates threshhold value for amino acid data
	using BLOSUM62

	checks for (potential) identical taxa


	scores site patterns ...


	max number of different pairs is 120
	max random pairs are scored!

	pair: 1      ->	taxon1: C.sinensis	taxon2: L.gigantea
	            	positions below base line: 166
	pair: 2      ->	taxon1: C.sinensis	taxon2: G.salaris 
	            	positions below base line: 176
	pair: 3      ->	taxon1: C.sinensis	taxon2: R.norvegic
	            	positions below base line: 157
	pair: 4      ->	taxon1: C.sinensis	taxon2: S.mediterr
	            	positions below base line: 160
	pair: 5      ->	taxon1: C.sinensis	taxon2: H.robusta 
	            	positions below base line: 151
	pair: 6      ->	taxon1: C.sinensis	taxon2: D.rerio   
	            	positions below base line: 160
	pair: 7      ->	taxon1: C.sinensis	taxon2: C.intestin
	            	positions below base line: 149
	pair: 8      ->	taxon1: C.sinensis	taxon2: E.granulos
	            	positions below base line: 155
	pair: 9      ->	taxon1: C.sinensis	taxon2: G.turnbull
	            	positions below base line: 158
	pair: 10     ->	taxon1: C.sinensis	taxon2: D.melanoga
	            	positions below base line: 165
	pair: 11     ->	taxon1: C.sinensis	taxon2: T.solium  
	            	positions below base line: 153
	pair: 12     ->	taxon1: C.sinensis	taxon2: H.microsto
	            	positions below base line: 158
	pair: 13     ->	taxon1: C.sinensis	taxon2: O.viverrin
	            	positions below base line: 144
	pair: 14     ->	taxon1: C.sinensis	taxon2: S.mansoni 
	            	positions below base line: 135
	pair: 15     ->	taxon1: C.sinensis	taxon2: P.xenopodi
	            	positions below base line: 151
	pair: 16     ->	taxon1: L.gigantea	taxon2: G.salaris 
	            	positions below base line: 199
	pair: 17     ->	taxon1: L.gigantea	taxon2: R.norvegic
	            	positions below base line: 146
	pair: 18     ->	taxon1: L.gigantea	taxon2: S.mediterr
	            	positions below base line: 160
	pair: 19     ->	taxon1: L.gigantea	taxon2: H.robusta 
	            	positions below base line: 147
	pair: 20     ->	taxon1: L.gigantea	taxon2: D.rerio   
	            	positions below base line: 153
	pair: 21     ->	taxon1: L.gigantea	taxon2: C.intestin
	            	positions below base line: 156
	pair: 22     ->	taxon1: L.gigantea	taxon2: E.granulos
	            	positions below base line: 177
	pair: 23     ->	taxon1: L.gigantea	taxon2: G.turnbull
	            	positions below base line: 185
	pair: 24     ->	taxon1: L.gigantea	taxon2: D.melanoga
	            	positions below base line: 157
	pair: 25     ->	taxon1: L.gigantea	taxon2: T.solium  
	            	positions below base line: 173
	pair: 26     ->	taxon1: L.gigantea	taxon2: H.microsto
	            	positions below base line: 175
	pair: 27     ->	taxon1: L.gigantea	taxon2: O.viverrin
	            	positions below base line: 167
	pair: 28     ->	taxon1: L.gigantea	taxon2: S.mansoni 
	            	positions below base line: 157
	pair: 29     ->	taxon1: L.gigantea	taxon2: P.xenopodi
	            	positions below base line: 162
	pair: 30     ->	taxon1: G.salaris 	taxon2: R.norvegic
	            	positions below base line: 184
	pair: 31     ->	taxon1: G.salaris 	taxon2: S.mediterr
	            	positions below base line: 191
	pair: 32     ->	taxon1: G.salaris 	taxon2: H.robusta 
	            	positions below base line: 184
	pair: 33     ->	taxon1: G.salaris 	taxon2: D.rerio   
	            	positions below base line: 185
	pair: 34     ->	taxon1: G.salaris 	taxon2: C.intestin
	            	positions below base line: 168
	pair: 35     ->	taxon1: G.salaris 	taxon2: E.granulos
	            	positions below base line: 173
	pair: 36     ->	taxon1: G.salaris 	taxon2: G.turnbull
	            	positions below base line: 152
	pair: 37     ->	taxon1: G.salaris 	taxon2: D.melanoga
	            	positions below base line: 186
	pair: 38     ->	taxon1: G.salaris 	taxon2: T.solium  
	            	positions below base line: 172
	pair: 39     ->	taxon1: G.salaris 	taxon2: H.microsto
	            	positions below base line: 177
	pair: 40     ->	taxon1: G.salaris 	taxon2: O.viverrin
	            	positions below base line: 179
	pair: 41     ->	taxon1: G.salaris 	taxon2: S.mansoni 
	            	positions below base line: 176
	pair: 42     ->	taxon1: G.salaris 	taxon2: P.xenopodi
	            	positions below base line: 171
	pair: 43     ->	taxon1: R.norvegic	taxon2: S.mediterr
	            	positions below base line: 160
	pair: 44     ->	taxon1: R.norvegic	taxon2: H.robusta 
	            	positions below base line: 135
	pair: 45     ->	taxon1: R.norvegic	taxon2: D.rerio   
	            	positions below base line: 135
	pair: 46     ->	taxon1: R.norvegic	taxon2: C.intestin
	            	positions below base line: 147
	pair: 47     ->	taxon1: R.norvegic	taxon2: E.granulos
	            	positions below base line: 167
	pair: 48     ->	taxon1: R.norvegic	taxon2: G.turnbull
	            	positions below base line: 182
	pair: 49     ->	taxon1: R.norvegic	taxon2: D.melanoga
	            	positions below base line: 141
	pair: 50     ->	taxon1: R.norvegic	taxon2: T.solium  
	            	positions below base line: 168
	pair: 51     ->	taxon1: R.norvegic	taxon2: H.microsto
	            	positions below base line: 168
	pair: 52     ->	taxon1: R.norvegic	taxon2: O.viverrin
	            	positions below base line: 157
	pair: 53     ->	taxon1: R.norvegic	taxon2: S.mansoni 
	            	positions below base line: 162
	pair: 54     ->	taxon1: R.norvegic	taxon2: P.xenopodi
	            	positions below base line: 169
	pair: 55     ->	taxon1: S.mediterr	taxon2: H.robusta 
	            	positions below base line: 156
	pair: 56     ->	taxon1: S.mediterr	taxon2: D.rerio   
	            	positions below base line: 156
	pair: 57     ->	taxon1: S.mediterr	taxon2: C.intestin
	            	positions below base line: 152
	pair: 58     ->	taxon1: S.mediterr	taxon2: E.granulos
	            	positions below base line: 178
	pair: 59     ->	taxon1: S.mediterr	taxon2: G.turnbull
	            	positions below base line: 170
	pair: 60     ->	taxon1: S.mediterr	taxon2: D.melanoga
	            	positions below base line: 161
	pair: 61     ->	taxon1: S.mediterr	taxon2: T.solium  
	            	positions below base line: 166
	pair: 62     ->	taxon1: S.mediterr	taxon2: H.microsto
	            	positions below base line: 167
	pair: 63     ->	taxon1: S.mediterr	taxon2: O.viverrin
	            	positions below base line: 164
	pair: 64     ->	taxon1: S.mediterr	taxon2: S.mansoni 
	            	positions below base line: 156
	pair: 65     ->	taxon1: S.mediterr	taxon2: P.xenopodi
	            	positions below base line: 162
	pair: 66     ->	taxon1: H.robusta 	taxon2: D.rerio   
	            	positions below base line: 139
	pair: 67     ->	taxon1: H.robusta 	taxon2: C.intestin
	            	positions below base line: 140
	pair: 68     ->	taxon1: H.robusta 	taxon2: E.granulos
	            	positions below base line: 170
	pair: 69     ->	taxon1: H.robusta 	taxon2: G.turnbull
	            	positions below base line: 170
	pair: 70     ->	taxon1: H.robusta 	taxon2: D.melanoga
	            	positions below base line: 144
	pair: 71     ->	taxon1: H.robusta 	taxon2: T.solium  
	            	positions below base line: 166
	pair: 72     ->	taxon1: H.robusta 	taxon2: H.microsto
	            	positions below base line: 173
	pair: 73     ->	taxon1: H.robusta 	taxon2: O.viverrin
	            	positions below base line: 155
	pair: 74     ->	taxon1: H.robusta 	taxon2: S.mansoni 
	            	positions below base line: 154
	pair: 75     ->	taxon1: H.robusta 	taxon2: P.xenopodi
	            	positions below base line: 162
	pair: 76     ->	taxon1: D.rerio   	taxon2: C.intestin
	            	positions below base line: 148
	pair: 77     ->	taxon1: D.rerio   	taxon2: E.granulos
	            	positions below base line: 166
	pair: 78     ->	taxon1: D.rerio   	taxon2: G.turnbull
	            	positions below base line: 181
	pair: 79     ->	taxon1: D.rerio   	taxon2: D.melanoga
	            	positions below base line: 158
	pair: 80     ->	taxon1: D.rerio   	taxon2: T.solium  
	            	positions below base line: 164
	pair: 81     ->	taxon1: D.rerio   	taxon2: H.microsto
	            	positions below base line: 169
	pair: 82     ->	taxon1: D.rerio   	taxon2: O.viverrin
	            	positions below base line: 161
	pair: 83     ->	taxon1: D.rerio   	taxon2: S.mansoni 
	            	positions below base line: 159
	pair: 84     ->	taxon1: D.rerio   	taxon2: P.xenopodi
	            	positions below base line: 149
	pair: 85     ->	taxon1: C.intestin	taxon2: E.granulos
	            	positions below base line: 162
	pair: 86     ->	taxon1: C.intestin	taxon2: G.turnbull
	            	positions below base line: 166
	pair: 87     ->	taxon1: C.intestin	taxon2: D.melanoga
	            	positions below base line: 153
	pair: 88     ->	taxon1: C.intestin	taxon2: T.solium  
	            	positions below base line: 153
	pair: 89     ->	taxon1: C.intestin	taxon2: H.microsto
	            	positions below base line: 163
	pair: 90     ->	taxon1: C.intestin	taxon2: O.viverrin
	            	positions below base line: 153
	pair: 91     ->	taxon1: C.intestin	taxon2: S.mansoni 
	            	positions below base line: 153
	pair: 92     ->	taxon1: C.intestin	taxon2: P.xenopodi
	            	positions below base line: 151
	pair: 93     ->	taxon1: E.granulos	taxon2: G.turnbull
	            	positions below base line: 173
	pair: 94     ->	taxon1: E.granulos	taxon2: D.melanoga
	            	positions below base line: 181
	pair: 95     ->	taxon1: E.granulos	taxon2: T.solium  
	            	positions below base line: 139
	pair: 96     ->	taxon1: E.granulos	taxon2: H.microsto
	            	positions below base line: 157
	pair: 97     ->	taxon1: E.granulos	taxon2: O.viverrin
	            	positions below base line: 157
	pair: 98     ->	taxon1: E.granulos	taxon2: S.mansoni 
	            	positions below base line: 146
	pair: 99     ->	taxon1: E.granulos	taxon2: P.xenopodi
	            	positions below base line: 151
	pair: 100    ->	taxon1: G.turnbull	taxon2: D.melanoga
	            	positions below base line: 191
	pair: 101    ->	taxon1: G.turnbull	taxon2: T.solium  
	            	positions below base line: 159
	pair: 102    ->	taxon1: G.turnbull	taxon2: H.microsto
	            	positions below base line: 176
	pair: 103    ->	taxon1: G.turnbull	taxon2: O.viverrin
	            	positions below base line: 161
	pair: 104    ->	taxon1: G.turnbull	taxon2: S.mansoni 
	            	positions below base line: 159
	pair: 105    ->	taxon1: G.turnbull	taxon2: P.xenopodi
	            	positions below base line: 159
	pair: 106    ->	taxon1: D.melanoga	taxon2: T.solium  
	            	positions below base line: 158
	pair: 107    ->	taxon1: D.melanoga	taxon2: H.microsto
	            	positions below base line: 171
	pair: 108    ->	taxon1: D.melanoga	taxon2: O.viverrin
	            	positions below base line: 160
	pair: 109    ->	taxon1: D.melanoga	taxon2: S.mansoni 
	            	positions below base line: 165
	pair: 110    ->	taxon1: D.melanoga	taxon2: P.xenopodi
	            	positions below base line: 174
	pair: 111    ->	taxon1: T.solium  	taxon2: H.microsto
	            	positions below base line: 148
	pair: 112    ->	taxon1: T.solium  	taxon2: O.viverrin
	            	positions below base line: 156
	pair: 113    ->	taxon1: T.solium  	taxon2: S.mansoni 
	            	positions below base line: 148
	pair: 114    ->	taxon1: T.solium  	taxon2: P.xenopodi
	            	positions below base line: 147
	pair: 115    ->	taxon1: H.microsto	taxon2: O.viverrin
	            	positions below base line: 158
	pair: 116    ->	taxon1: H.microsto	taxon2: S.mansoni 
	            	positions below base line: 156
	pair: 117    ->	taxon1: H.microsto	taxon2: P.xenopodi
	            	positions below base line: 157
	pair: 118    ->	taxon1: O.viverrin	taxon2: S.mansoni 
	            	positions below base line: 148
	pair: 119    ->	taxon1: O.viverrin	taxon2: P.xenopodi
	            	positions below base line: 152
	pair: 120    ->	taxon1: S.mansoni 	taxon2: P.xenopodi
	            	positions below base line: 148

	generates quality profile from collected scores ...


	scoring done ...


	generates vector plot from collected scores ...


Argument "-" treated as 0 in increment (++) at /usr/bin/Aliscore.pl line 1213.
	Profile written to EOG091G0VTN.clustalo.aln.fasta_Profile_random.txt
	List   written to EOG091G0VTN.clustalo.aln.fasta_List_random.txt

	time used: 3.72 sec

