
	reading taxa from FASTA ...


	O.viverrini          -> sites: 198   
	C.sinensis           -> sites: 198   
	D.melanogaster       -> sites: 198   
	R.norvegicus         -> sites: 198   
	N.vectensis          -> sites: 198   
	T.solium             -> sites: 198   
	E.granulosus         -> sites: 198   
	M.lignano            -> sites: 198   
	D.rerio              -> sites: 198   
	G.turnbulli          -> sites: 198   
	G.salaris            -> sites: 198   


	data type             : amino acid sequences

	input ...

	infile		: EOG091G12A5.clustalo.aln.fasta
	random pairs	: 200000000000000000
	window size	: 6
	indels		: ambiguous
	tree file	: -
	node level	: -
	strict profile	: -
	outgroup	: -
	matrix          : BLOSUM62

	number of taxa        : 11
	random number of pairs: 200000000000000000

	generates threshhold value for amino acid data
	using BLOSUM62

	checks for (potential) identical taxa


	scores site patterns ...


	max number of different pairs is 55
	max random pairs are scored!

	pair: 1      ->	taxon1: O.viverrin	taxon2: C.sinensis
	            	positions below base line: 93
	pair: 2      ->	taxon1: O.viverrin	taxon2: D.melanoga
	            	positions below base line: 113
	pair: 3      ->	taxon1: O.viverrin	taxon2: R.norvegic
	            	positions below base line: 127
	pair: 4      ->	taxon1: O.viverrin	taxon2: N.vectensi
	            	positions below base line: 122
	pair: 5      ->	taxon1: O.viverrin	taxon2: T.solium  
	            	positions below base line: 112
	pair: 6      ->	taxon1: O.viverrin	taxon2: E.granulos
	            	positions below base line: 116
	pair: 7      ->	taxon1: O.viverrin	taxon2: M.lignano 
	            	positions below base line: 113
	pair: 8      ->	taxon1: O.viverrin	taxon2: D.rerio   
	            	positions below base line: 126
	pair: 9      ->	taxon1: O.viverrin	taxon2: G.turnbull
	            	positions below base line: 115
	pair: 10     ->	taxon1: O.viverrin	taxon2: G.salaris 
	            	positions below base line: 107
	pair: 11     ->	taxon1: C.sinensis	taxon2: D.melanoga
	            	positions below base line: 119
	pair: 12     ->	taxon1: C.sinensis	taxon2: R.norvegic
	            	positions below base line: 133
	pair: 13     ->	taxon1: C.sinensis	taxon2: N.vectensi
	            	positions below base line: 126
	pair: 14     ->	taxon1: C.sinensis	taxon2: T.solium  
	            	positions below base line: 110
	pair: 15     ->	taxon1: C.sinensis	taxon2: E.granulos
	            	positions below base line: 112
	pair: 16     ->	taxon1: C.sinensis	taxon2: M.lignano 
	            	positions below base line: 106
	pair: 17     ->	taxon1: C.sinensis	taxon2: D.rerio   
	            	positions below base line: 137
	pair: 18     ->	taxon1: C.sinensis	taxon2: G.turnbull
	            	positions below base line: 122
	pair: 19     ->	taxon1: C.sinensis	taxon2: G.salaris 
	            	positions below base line: 121
	pair: 20     ->	taxon1: D.melanoga	taxon2: R.norvegic
	            	positions below base line: 107
	pair: 21     ->	taxon1: D.melanoga	taxon2: N.vectensi
	            	positions below base line: 110
	pair: 22     ->	taxon1: D.melanoga	taxon2: T.solium  
	            	positions below base line: 110
	pair: 23     ->	taxon1: D.melanoga	taxon2: E.granulos
	            	positions below base line: 120
	pair: 24     ->	taxon1: D.melanoga	taxon2: M.lignano 
	            	positions below base line: 104
	pair: 25     ->	taxon1: D.melanoga	taxon2: D.rerio   
	            	positions below base line: 112
	pair: 26     ->	taxon1: D.melanoga	taxon2: G.turnbull
	            	positions below base line: 116
	pair: 27     ->	taxon1: D.melanoga	taxon2: G.salaris 
	            	positions below base line: 118
	pair: 28     ->	taxon1: R.norvegic	taxon2: N.vectensi
	            	positions below base line: 103
	pair: 29     ->	taxon1: R.norvegic	taxon2: T.solium  
	            	positions below base line: 122
	pair: 30     ->	taxon1: R.norvegic	taxon2: E.granulos
	            	positions below base line: 122
	pair: 31     ->	taxon1: R.norvegic	taxon2: M.lignano 
	            	positions below base line: 124
	pair: 32     ->	taxon1: R.norvegic	taxon2: D.rerio   
	            	positions below base line: 93
	pair: 33     ->	taxon1: R.norvegic	taxon2: G.turnbull
	            	positions below base line: 115
	pair: 34     ->	taxon1: R.norvegic	taxon2: G.salaris 
	            	positions below base line: 108
	pair: 35     ->	taxon1: N.vectensi	taxon2: T.solium  
	            	positions below base line: 126
	pair: 36     ->	taxon1: N.vectensi	taxon2: E.granulos
	            	positions below base line: 124
	pair: 37     ->	taxon1: N.vectensi	taxon2: M.lignano 
	            	positions below base line: 107
	pair: 38     ->	taxon1: N.vectensi	taxon2: D.rerio   
	            	positions below base line: 109
	pair: 39     ->	taxon1: N.vectensi	taxon2: G.turnbull
	            	positions below base line: 121
	pair: 40     ->	taxon1: N.vectensi	taxon2: G.salaris 
	            	positions below base line: 113
	pair: 41     ->	taxon1: T.solium  	taxon2: E.granulos
	            	positions below base line: 134
	pair: 42     ->	taxon1: T.solium  	taxon2: M.lignano 
	            	positions below base line: 123
	pair: 43     ->	taxon1: T.solium  	taxon2: D.rerio   
	            	positions below base line: 124
	pair: 44     ->	taxon1: T.solium  	taxon2: G.turnbull
	            	positions below base line: 126
	pair: 45     ->	taxon1: T.solium  	taxon2: G.salaris 
	            	positions below base line: 128
	pair: 46     ->	taxon1: E.granulos	taxon2: M.lignano 
	            	positions below base line: 123
	pair: 47     ->	taxon1: E.granulos	taxon2: D.rerio   
	            	positions below base line: 110
	pair: 48     ->	taxon1: E.granulos	taxon2: G.turnbull
	            	positions below base line: 112
	pair: 49     ->	taxon1: E.granulos	taxon2: G.salaris 
	            	positions below base line: 132
	pair: 50     ->	taxon1: M.lignano 	taxon2: D.rerio   
	            	positions below base line: 123
	pair: 51     ->	taxon1: M.lignano 	taxon2: G.turnbull
	            	positions below base line: 116
	pair: 52     ->	taxon1: M.lignano 	taxon2: G.salaris 
	            	positions below base line: 115
	pair: 53     ->	taxon1: D.rerio   	taxon2: G.turnbull
	            	positions below base line: 104
	pair: 54     ->	taxon1: D.rerio   	taxon2: G.salaris 
	            	positions below base line: 123
	pair: 55     ->	taxon1: G.turnbull	taxon2: G.salaris 
	            	positions below base line: 105

	generates quality profile from collected scores ...


	scoring done ...


	generates vector plot from collected scores ...


Argument "-" treated as 0 in increment (++) at /usr/bin/Aliscore.pl line 1213.
	Profile written to EOG091G12A5.clustalo.aln.fasta_Profile_random.txt
	List   written to EOG091G12A5.clustalo.aln.fasta_List_random.txt

	time used: 3.82 sec

