
	reading taxa from FASTA ...


	H.robusta            -> sites: 6407  
	C.intestinalis       -> sites: 6407  
	E.nipponicum         -> sites: 6407  
	G.turnbulli          -> sites: 6407  
	H.microstoma         -> sites: 6407  
	G.salaris            -> sites: 6407  
	T.solium             -> sites: 6407  
	R.norvegicus         -> sites: 6407  
	D.rerio              -> sites: 6407  
	E.granulosus         -> sites: 6407  
	D.melanogaster       -> sites: 6407  


	data type             : amino acid sequences

	input ...

	infile		: EOG091G06EF.clustalo.aln.fasta
	random pairs	: 200000000000000000
	window size	: 6
	indels		: ambiguous
	tree file	: -
	node level	: -
	strict profile	: -
	outgroup	: -
	matrix          : BLOSUM62

	number of taxa        : 11
	random number of pairs: 200000000000000000

	generates threshhold value for amino acid data
	using BLOSUM62

	checks for (potential) identical taxa


	scores site patterns ...


	max number of different pairs is 55
	max random pairs are scored!

	pair: 1      ->	taxon1: H.robusta 	taxon2: C.intestin
	            	positions below base line: 6092
	pair: 2      ->	taxon1: H.robusta 	taxon2: E.nipponic
	            	positions below base line: 6175
	pair: 3      ->	taxon1: H.robusta 	taxon2: G.turnbull
	            	positions below base line: 6251
	pair: 4      ->	taxon1: H.robusta 	taxon2: H.microsto
	            	positions below base line: 6119
	pair: 5      ->	taxon1: H.robusta 	taxon2: G.salaris 
	            	positions below base line: 6229
	pair: 6      ->	taxon1: H.robusta 	taxon2: T.solium  
	            	positions below base line: 6082
	pair: 7      ->	taxon1: H.robusta 	taxon2: R.norvegic
	            	positions below base line: 6100
	pair: 8      ->	taxon1: H.robusta 	taxon2: D.rerio   
	            	positions below base line: 6054
	pair: 9      ->	taxon1: H.robusta 	taxon2: E.granulos
	            	positions below base line: 6118
	pair: 10     ->	taxon1: H.robusta 	taxon2: D.melanoga
	            	positions below base line: 6083
	pair: 11     ->	taxon1: C.intestin	taxon2: E.nipponic
	            	positions below base line: 6200
	pair: 12     ->	taxon1: C.intestin	taxon2: G.turnbull
	            	positions below base line: 6214
	pair: 13     ->	taxon1: C.intestin	taxon2: H.microsto
	            	positions below base line: 6187
	pair: 14     ->	taxon1: C.intestin	taxon2: G.salaris 
	            	positions below base line: 6205
	pair: 15     ->	taxon1: C.intestin	taxon2: T.solium  
	            	positions below base line: 6155
	pair: 16     ->	taxon1: C.intestin	taxon2: R.norvegic
	            	positions below base line: 5941
	pair: 17     ->	taxon1: C.intestin	taxon2: D.rerio   
	            	positions below base line: 5938
	pair: 18     ->	taxon1: C.intestin	taxon2: E.granulos
	            	positions below base line: 6188
	pair: 19     ->	taxon1: C.intestin	taxon2: D.melanoga
	            	positions below base line: 5939
	pair: 20     ->	taxon1: E.nipponic	taxon2: G.turnbull
	            	positions below base line: 6264
	pair: 21     ->	taxon1: E.nipponic	taxon2: H.microsto
	            	positions below base line: 6238
	pair: 22     ->	taxon1: E.nipponic	taxon2: G.salaris 
	            	positions below base line: 6098
	pair: 23     ->	taxon1: E.nipponic	taxon2: T.solium  
	            	positions below base line: 6230
	pair: 24     ->	taxon1: E.nipponic	taxon2: R.norvegic
	            	positions below base line: 6178
	pair: 25     ->	taxon1: E.nipponic	taxon2: D.rerio   
	            	positions below base line: 6165
	pair: 26     ->	taxon1: E.nipponic	taxon2: E.granulos
	            	positions below base line: 6253
	pair: 27     ->	taxon1: E.nipponic	taxon2: D.melanoga
	            	positions below base line: 6193
	pair: 28     ->	taxon1: G.turnbull	taxon2: H.microsto
	            	positions below base line: 6280
	pair: 29     ->	taxon1: G.turnbull	taxon2: G.salaris 
	            	positions below base line: 5895
	pair: 30     ->	taxon1: G.turnbull	taxon2: T.solium  
	            	positions below base line: 6262
	pair: 31     ->	taxon1: G.turnbull	taxon2: R.norvegic
	            	positions below base line: 6246
	pair: 32     ->	taxon1: G.turnbull	taxon2: D.rerio   
	            	positions below base line: 6221
	pair: 33     ->	taxon1: G.turnbull	taxon2: E.granulos
	            	positions below base line: 6268
	pair: 34     ->	taxon1: G.turnbull	taxon2: D.melanoga
	            	positions below base line: 6226
	pair: 35     ->	taxon1: H.microsto	taxon2: G.salaris 
	            	positions below base line: 6268
	pair: 36     ->	taxon1: H.microsto	taxon2: T.solium  
	            	positions below base line: 6108
	pair: 37     ->	taxon1: H.microsto	taxon2: R.norvegic
	            	positions below base line: 6214
	pair: 38     ->	taxon1: H.microsto	taxon2: D.rerio   
	            	positions below base line: 6164
	pair: 39     ->	taxon1: H.microsto	taxon2: E.granulos
	            	positions below base line: 6115
	pair: 40     ->	taxon1: H.microsto	taxon2: D.melanoga
	            	positions below base line: 6178
	pair: 41     ->	taxon1: G.salaris 	taxon2: T.solium  
	            	positions below base line: 6277
	pair: 42     ->	taxon1: G.salaris 	taxon2: R.norvegic
	            	positions below base line: 6229
	pair: 43     ->	taxon1: G.salaris 	taxon2: D.rerio   
	            	positions below base line: 6198
	pair: 44     ->	taxon1: G.salaris 	taxon2: E.granulos
	            	positions below base line: 6286
	pair: 45     ->	taxon1: G.salaris 	taxon2: D.melanoga
	            	positions below base line: 6194
	pair: 46     ->	taxon1: T.solium  	taxon2: R.norvegic
	            	positions below base line: 6162
	pair: 47     ->	taxon1: T.solium  	taxon2: D.rerio   
	            	positions below base line: 6142
	pair: 48     ->	taxon1: T.solium  	taxon2: E.granulos
	            	positions below base line: 5987
	pair: 49     ->	taxon1: T.solium  	taxon2: D.melanoga
	            	positions below base line: 6142
	pair: 50     ->	taxon1: R.norvegic	taxon2: D.rerio   
	            	positions below base line: 5842
	pair: 51     ->	taxon1: R.norvegic	taxon2: E.granulos
	            	positions below base line: 6198
	pair: 52     ->	taxon1: R.norvegic	taxon2: D.melanoga
	            	positions below base line: 5951
	pair: 53     ->	taxon1: D.rerio   	taxon2: E.granulos
	            	positions below base line: 6163
	pair: 54     ->	taxon1: D.rerio   	taxon2: D.melanoga
	            	positions below base line: 5907
	pair: 55     ->	taxon1: E.granulos	taxon2: D.melanoga
	            	positions below base line: 6182

	generates quality profile from collected scores ...


	scoring done ...


	generates vector plot from collected scores ...


Argument "-" treated as 0 in increment (++) at /usr/bin/Aliscore.pl line 1213.
	Profile written to EOG091G06EF.clustalo.aln.fasta_Profile_random.txt
	List   written to EOG091G06EF.clustalo.aln.fasta_List_random.txt

	time used: 5.5 sec

