
WARNING: The number of threads is currently set to 1
You can specify the number of threads to run via -T numberOfThreads
NumberOfThreads must be set to an integer value greater than 1

RAxML, will now set the number of threads automatically to 2 !


RAxML can't, parse the alignment file as phylip file 
it will now try to parse it as FASTA file


This is the RAxML Master Pthread

This is RAxML Worker Pthread Number: 1


This is RAxML version 8.2.12 released by Alexandros Stamatakis on May 2018.

With greatly appreciated code contributions by:
Andre Aberer      (HITS)
Simon Berger      (HITS)
Alexey Kozlov     (HITS)
Kassian Kobert    (HITS)
David Dao         (KIT and HITS)
Sarah Lutteropp   (KIT and HITS)
Nick Pattengale   (Sandia)
Wayne Pfeiffer    (SDSC)
Akifumi S. Tanabe (NRIFS)
Charlie Taylor    (UF)


Alignment has 386 distinct alignment patterns

Proportion of gaps and completely undetermined characters in this alignment: 6.40%

RAxML rapid bootstrapping and subsequent ML search

Using 1 distinct models/data partitions with joint branch length optimization



Executing 100 rapid bootstrap inferences and thereafter a thorough ML search 

All free model parameters will be estimated by RAxML
GAMMA model of rate heterogeneity, ML estimate of alpha-parameter

GAMMA Model parameters will be estimated up to an accuracy of 0.1000000000 Log Likelihood units

Partition: 0
Alignment Patterns: 386
Name: No Name Provided
DataType: AA
Substitution Matrix: LG
Using empirical base frequencies




RAxML was called as follows:

raxml -f a -T 1 -m PROTGAMMALGF -p 12345 -x 12345 -# 100 -s ALICUT_EOG091G06S3.clustalo.aln.fasta -n EOG091G06S3.clustalo.aln.ALICUT.LGF 



Time for BS model parameter optimization 0.064387
Bootstrap[0]: Time 1.078143 seconds, bootstrap likelihood -7040.469923, best rearrangement setting 13
Bootstrap[1]: Time 0.959134 seconds, bootstrap likelihood -7131.050295, best rearrangement setting 13
Bootstrap[2]: Time 0.909747 seconds, bootstrap likelihood -7068.430994, best rearrangement setting 12
Bootstrap[3]: Time 0.838651 seconds, bootstrap likelihood -6916.909387, best rearrangement setting 15
Bootstrap[4]: Time 0.907853 seconds, bootstrap likelihood -7048.443456, best rearrangement setting 10
Bootstrap[5]: Time 1.237655 seconds, bootstrap likelihood -7249.707122, best rearrangement setting 10
Bootstrap[6]: Time 1.229938 seconds, bootstrap likelihood -6747.756374, best rearrangement setting 6
Bootstrap[7]: Time 1.387033 seconds, bootstrap likelihood -6951.882007, best rearrangement setting 14
Bootstrap[8]: Time 1.325321 seconds, bootstrap likelihood -6728.683312, best rearrangement setting 5
Bootstrap[9]: Time 1.436352 seconds, bootstrap likelihood -7249.992267, best rearrangement setting 7
Bootstrap[10]: Time 1.322310 seconds, bootstrap likelihood -6860.531248, best rearrangement setting 7
Bootstrap[11]: Time 1.323115 seconds, bootstrap likelihood -6774.290694, best rearrangement setting 5
Bootstrap[12]: Time 1.265801 seconds, bootstrap likelihood -6901.600631, best rearrangement setting 8
Bootstrap[13]: Time 1.312058 seconds, bootstrap likelihood -7275.548933, best rearrangement setting 7
Bootstrap[14]: Time 1.298963 seconds, bootstrap likelihood -7252.145447, best rearrangement setting 12
Bootstrap[15]: Time 1.449386 seconds, bootstrap likelihood -6863.155367, best rearrangement setting 15
Bootstrap[16]: Time 1.427850 seconds, bootstrap likelihood -7317.737573, best rearrangement setting 12
Bootstrap[17]: Time 1.451356 seconds, bootstrap likelihood -7565.170175, best rearrangement setting 12
Bootstrap[18]: Time 1.391209 seconds, bootstrap likelihood -7085.605476, best rearrangement setting 5
Bootstrap[19]: Time 1.349419 seconds, bootstrap likelihood -7151.976205, best rearrangement setting 8
Bootstrap[20]: Time 1.317653 seconds, bootstrap likelihood -6863.426029, best rearrangement setting 10
Bootstrap[21]: Time 1.489653 seconds, bootstrap likelihood -7281.540238, best rearrangement setting 6
Bootstrap[22]: Time 1.486777 seconds, bootstrap likelihood -6945.285179, best rearrangement setting 5
Bootstrap[23]: Time 1.306674 seconds, bootstrap likelihood -6854.138419, best rearrangement setting 7
Bootstrap[24]: Time 1.304450 seconds, bootstrap likelihood -7491.813863, best rearrangement setting 8
Bootstrap[25]: Time 1.259941 seconds, bootstrap likelihood -7022.389459, best rearrangement setting 6
Bootstrap[26]: Time 1.512473 seconds, bootstrap likelihood -7295.547502, best rearrangement setting 12
Bootstrap[27]: Time 1.486999 seconds, bootstrap likelihood -7169.064489, best rearrangement setting 10
Bootstrap[28]: Time 1.222807 seconds, bootstrap likelihood -6714.355655, best rearrangement setting 11
Bootstrap[29]: Time 0.752685 seconds, bootstrap likelihood -7059.958181, best rearrangement setting 12
Bootstrap[30]: Time 0.841368 seconds, bootstrap likelihood -7025.892804, best rearrangement setting 15
Bootstrap[31]: Time 0.904878 seconds, bootstrap likelihood -6807.183470, best rearrangement setting 15
Bootstrap[32]: Time 0.784957 seconds, bootstrap likelihood -6989.513984, best rearrangement setting 6
Bootstrap[33]: Time 0.824808 seconds, bootstrap likelihood -7474.871102, best rearrangement setting 15
Bootstrap[34]: Time 0.857142 seconds, bootstrap likelihood -7036.165597, best rearrangement setting 11
Bootstrap[35]: Time 0.902602 seconds, bootstrap likelihood -6958.042435, best rearrangement setting 8
Bootstrap[36]: Time 0.895579 seconds, bootstrap likelihood -7243.777078, best rearrangement setting 9
Bootstrap[37]: Time 0.827171 seconds, bootstrap likelihood -7060.684703, best rearrangement setting 11
Bootstrap[38]: Time 0.952467 seconds, bootstrap likelihood -6728.359255, best rearrangement setting 8
Bootstrap[39]: Time 0.984883 seconds, bootstrap likelihood -6973.238102, best rearrangement setting 13
Bootstrap[40]: Time 0.835429 seconds, bootstrap likelihood -7038.576102, best rearrangement setting 13
Bootstrap[41]: Time 0.920448 seconds, bootstrap likelihood -6789.381947, best rearrangement setting 10
Bootstrap[42]: Time 0.890584 seconds, bootstrap likelihood -7211.757251, best rearrangement setting 5
Bootstrap[43]: Time 0.615815 seconds, bootstrap likelihood -7129.137110, best rearrangement setting 14
Bootstrap[44]: Time 0.639393 seconds, bootstrap likelihood -6959.147118, best rearrangement setting 10
Bootstrap[45]: Time 1.273416 seconds, bootstrap likelihood -6882.987329, best rearrangement setting 15
Bootstrap[46]: Time 1.351380 seconds, bootstrap likelihood -7216.232629, best rearrangement setting 14
Bootstrap[47]: Time 1.316603 seconds, bootstrap likelihood -6932.757424, best rearrangement setting 8
Bootstrap[48]: Time 1.324564 seconds, bootstrap likelihood -6932.134393, best rearrangement setting 6
Bootstrap[49]: Time 1.271102 seconds, bootstrap likelihood -7237.744357, best rearrangement setting 7
Bootstrap[50]: Time 1.362077 seconds, bootstrap likelihood -7219.291157, best rearrangement setting 7
Bootstrap[51]: Time 1.360588 seconds, bootstrap likelihood -6773.743784, best rearrangement setting 11
Bootstrap[52]: Time 1.457578 seconds, bootstrap likelihood -7056.979147, best rearrangement setting 12
Bootstrap[53]: Time 1.314005 seconds, bootstrap likelihood -6977.763261, best rearrangement setting 8
Bootstrap[54]: Time 1.230267 seconds, bootstrap likelihood -7012.300696, best rearrangement setting 9
Bootstrap[55]: Time 1.544033 seconds, bootstrap likelihood -7258.468371, best rearrangement setting 11
Bootstrap[56]: Time 1.248554 seconds, bootstrap likelihood -6854.916998, best rearrangement setting 5
Bootstrap[57]: Time 1.345611 seconds, bootstrap likelihood -7200.091452, best rearrangement setting 7
Bootstrap[58]: Time 1.334519 seconds, bootstrap likelihood -6933.631594, best rearrangement setting 10
Bootstrap[59]: Time 1.450098 seconds, bootstrap likelihood -7038.596220, best rearrangement setting 9
Bootstrap[60]: Time 1.482943 seconds, bootstrap likelihood -7224.642636, best rearrangement setting 7
Bootstrap[61]: Time 1.422210 seconds, bootstrap likelihood -6790.843690, best rearrangement setting 5
Bootstrap[62]: Time 1.385576 seconds, bootstrap likelihood -6995.487764, best rearrangement setting 11
Bootstrap[63]: Time 1.432492 seconds, bootstrap likelihood -7145.499752, best rearrangement setting 12
Bootstrap[64]: Time 1.471456 seconds, bootstrap likelihood -6877.705605, best rearrangement setting 7
Bootstrap[65]: Time 1.440282 seconds, bootstrap likelihood -7213.764677, best rearrangement setting 5
Bootstrap[66]: Time 1.445632 seconds, bootstrap likelihood -6902.479915, best rearrangement setting 5
Bootstrap[67]: Time 1.211309 seconds, bootstrap likelihood -6882.201464, best rearrangement setting 15
Bootstrap[68]: Time 1.281942 seconds, bootstrap likelihood -6776.192336, best rearrangement setting 11
Bootstrap[69]: Time 1.474828 seconds, bootstrap likelihood -7318.924753, best rearrangement setting 5
Bootstrap[70]: Time 1.459740 seconds, bootstrap likelihood -7097.619346, best rearrangement setting 8
Bootstrap[71]: Time 1.428323 seconds, bootstrap likelihood -6890.140155, best rearrangement setting 10
Bootstrap[72]: Time 1.402670 seconds, bootstrap likelihood -7229.172942, best rearrangement setting 11
Bootstrap[73]: Time 1.462618 seconds, bootstrap likelihood -6727.474615, best rearrangement setting 9
Bootstrap[74]: Time 1.492131 seconds, bootstrap likelihood -7192.340992, best rearrangement setting 5
Bootstrap[75]: Time 1.421940 seconds, bootstrap likelihood -6691.044578, best rearrangement setting 8
Bootstrap[76]: Time 1.473926 seconds, bootstrap likelihood -6901.090137, best rearrangement setting 9
Bootstrap[77]: Time 1.098137 seconds, bootstrap likelihood -6823.187949, best rearrangement setting 11
Bootstrap[78]: Time 0.400283 seconds, bootstrap likelihood -6951.922543, best rearrangement setting 15
Bootstrap[79]: Time 0.861448 seconds, bootstrap likelihood -7175.332366, best rearrangement setting 9
Bootstrap[80]: Time 0.983800 seconds, bootstrap likelihood -7091.834926, best rearrangement setting 15
Bootstrap[81]: Time 0.803435 seconds, bootstrap likelihood -6677.851238, best rearrangement setting 7
Bootstrap[82]: Time 0.870343 seconds, bootstrap likelihood -7218.414425, best rearrangement setting 6
Bootstrap[83]: Time 0.855785 seconds, bootstrap likelihood -6759.327893, best rearrangement setting 10
Bootstrap[84]: Time 0.797041 seconds, bootstrap likelihood -6814.433338, best rearrangement setting 11
Bootstrap[85]: Time 0.799744 seconds, bootstrap likelihood -7203.799369, best rearrangement setting 8
Bootstrap[86]: Time 0.789196 seconds, bootstrap likelihood -7309.344950, best rearrangement setting 7
Bootstrap[87]: Time 0.774198 seconds, bootstrap likelihood -7105.275500, best rearrangement setting 7
Bootstrap[88]: Time 0.954711 seconds, bootstrap likelihood -6793.482668, best rearrangement setting 12
Bootstrap[89]: Time 0.953115 seconds, bootstrap likelihood -6737.715879, best rearrangement setting 10
Bootstrap[90]: Time 0.909838 seconds, bootstrap likelihood -7254.633452, best rearrangement setting 8
Bootstrap[91]: Time 0.785353 seconds, bootstrap likelihood -6613.396018, best rearrangement setting 12
Bootstrap[92]: Time 0.841154 seconds, bootstrap likelihood -6965.849381, best rearrangement setting 13
Bootstrap[93]: Time 0.811517 seconds, bootstrap likelihood -7013.883503, best rearrangement setting 15
Bootstrap[94]: Time 0.936909 seconds, bootstrap likelihood -7063.893682, best rearrangement setting 5
Bootstrap[95]: Time 0.811876 seconds, bootstrap likelihood -6993.358096, best rearrangement setting 5
Bootstrap[96]: Time 0.850065 seconds, bootstrap likelihood -7319.727808, best rearrangement setting 13
Bootstrap[97]: Time 0.810099 seconds, bootstrap likelihood -6741.290283, best rearrangement setting 11
Bootstrap[98]: Time 0.791822 seconds, bootstrap likelihood -7168.042193, best rearrangement setting 6
Bootstrap[99]: Time 0.960962 seconds, bootstrap likelihood -6893.343058, best rearrangement setting 14


Overall Time for 100 Rapid Bootstraps 114.564477 seconds
Average Time per Rapid Bootstrap 1.145645 seconds

Starting ML Search ...

Fast ML optimization finished

Fast ML search Time: 98.537941 seconds

Slow ML Search 0 Likelihood: -7056.648853
Slow ML Search 1 Likelihood: -7056.648853
Slow ML Search 2 Likelihood: -7056.648853
Slow ML Search 3 Likelihood: -7056.648853
Slow ML Search 4 Likelihood: -7056.648853
Slow ML Search 5 Likelihood: -7056.648853
Slow ML Search 6 Likelihood: -7056.648853
Slow ML Search 7 Likelihood: -7056.648853
Slow ML Search 8 Likelihood: -7056.648853
Slow ML Search 9 Likelihood: -7056.648853
Slow ML optimization finished

Slow ML search Time: 30.180695 seconds
Thorough ML search Time: 2.251346 seconds

Final ML Optimization Likelihood: -7056.648856

Model Information:

Model Parameters of Partition 0, Name: No Name Provided, Type of Data: AA
alpha: 0.775492
Tree-Length: 5.743673
rate A <-> R: 0.399182
rate A <-> N: 0.259945
rate A <-> D: 0.371058
rate A <-> C: 2.337364
rate A <-> Q: 0.910775
rate A <-> E: 0.975241
rate A <-> G: 1.940106
rate A <-> H: 0.336984
rate A <-> I: 0.140697
rate A <-> L: 0.371240
rate A <-> K: 0.503815
rate A <-> M: 1.055520
rate A <-> F: 0.238237
rate A <-> P: 1.105868
rate A <-> S: 4.439041
rate A <-> T: 2.009090
rate A <-> W: 0.169702
rate A <-> Y: 0.205613
rate A <-> V: 2.392567
rate R <-> N: 0.706048
rate R <-> D: 0.116398
rate R <-> C: 0.501968
rate R <-> Q: 2.636754
rate R <-> E: 0.341785
rate R <-> G: 0.366408
rate R <-> H: 2.278690
rate R <-> I: 0.119250
rate R <-> L: 0.283449
rate R <-> K: 5.940467
rate R <-> M: 0.454623
rate R <-> F: 0.049508
rate R <-> P: 0.312264
rate R <-> S: 0.805843
rate R <-> T: 0.543695
rate R <-> W: 0.557424
rate R <-> Y: 0.295274
rate R <-> V: 0.160471
rate N <-> D: 4.766737
rate N <-> C: 0.496537
rate N <-> Q: 1.592389
rate N <-> E: 0.508692
rate N <-> G: 1.350015
rate N <-> H: 4.234381
rate N <-> I: 0.179830
rate N <-> L: 0.064256
rate N <-> K: 2.014327
rate N <-> M: 0.348390
rate N <-> F: 0.084068
rate N <-> P: 0.151925
rate N <-> S: 3.764032
rate N <-> T: 1.878729
rate N <-> W: 0.042610
rate N <-> Y: 0.574720
rate N <-> V: 0.078587
rate D <-> C: 0.058743
rate D <-> Q: 0.491483
rate D <-> E: 4.924234
rate D <-> G: 0.793424
rate D <-> H: 0.870603
rate D <-> I: 0.010038
rate D <-> L: 0.014157
rate D <-> K: 0.265711
rate D <-> M: 0.023991
rate D <-> F: 0.016354
rate D <-> P: 0.370412
rate D <-> S: 1.164675
rate D <-> T: 0.399902
rate D <-> W: 0.028068
rate D <-> Y: 0.126872
rate D <-> V: 0.035653
rate C <-> Q: 0.079639
rate C <-> E: 0.003286
rate C <-> G: 0.534566
rate C <-> H: 0.601499
rate C <-> I: 0.301083
rate C <-> L: 0.557800
rate C <-> K: 0.012457
rate C <-> M: 0.839207
rate C <-> F: 1.037881
rate C <-> P: 0.070787
rate C <-> S: 2.614753
rate C <-> T: 1.073780
rate C <-> W: 0.629281
rate C <-> Y: 1.094488
rate C <-> V: 1.839864
rate Q <-> E: 3.876936
rate Q <-> G: 0.251626
rate Q <-> H: 4.520102
rate Q <-> I: 0.068413
rate Q <-> L: 0.546954
rate Q <-> K: 3.037150
rate Q <-> M: 1.570619
rate Q <-> F: 0.033669
rate Q <-> P: 0.586241
rate Q <-> S: 1.149231
rate Q <-> T: 1.014297
rate Q <-> W: 0.221802
rate Q <-> Y: 0.241650
rate Q <-> V: 0.197511
rate E <-> G: 0.327583
rate E <-> H: 0.398044
rate E <-> I: 0.041567
rate E <-> L: 0.065426
rate E <-> K: 1.697022
rate E <-> M: 0.163145
rate E <-> F: 0.017664
rate E <-> P: 0.393844
rate E <-> S: 0.574671
rate E <-> T: 0.567695
rate E <-> W: 0.073107
rate E <-> Y: 0.112720
rate E <-> V: 0.230098
rate G <-> H: 0.292498
rate G <-> I: 0.008174
rate G <-> L: 0.041563
rate G <-> K: 0.278555
rate G <-> M: 0.131033
rate G <-> F: 0.084125
rate G <-> P: 0.184955
rate G <-> S: 1.633930
rate G <-> T: 0.121922
rate G <-> W: 0.252125
rate G <-> Y: 0.051346
rate G <-> V: 0.072026
rate H <-> I: 0.102245
rate H <-> L: 0.343988
rate H <-> K: 0.654763
rate H <-> M: 0.415502
rate H <-> F: 0.640560
rate H <-> P: 0.477834
rate H <-> S: 0.929667
rate H <-> T: 0.548649
rate H <-> W: 0.560661
rate H <-> Y: 4.983361
rate H <-> V: 0.111759
rate I <-> L: 3.892408
rate I <-> K: 0.149373
rate I <-> M: 4.013113
rate I <-> F: 1.044902
rate I <-> P: 0.073509
rate I <-> S: 0.060198
rate I <-> T: 0.970728
rate I <-> W: 0.104854
rate I <-> Y: 0.218350
rate I <-> V: 10.000000
rate L <-> K: 0.129119
rate L <-> M: 5.927594
rate L <-> F: 2.434657
rate L <-> P: 0.233879
rate L <-> S: 0.171176
rate L <-> T: 0.284471
rate L <-> W: 0.581863
rate L <-> Y: 0.281383
rate L <-> V: 1.598956
rate K <-> M: 0.616581
rate K <-> F: 0.022460
rate K <-> P: 0.366530
rate K <-> S: 0.703048
rate K <-> T: 1.067567
rate K <-> W: 0.046864
rate K <-> Y: 0.123890
rate K <-> V: 0.173913
rate M <-> F: 1.689205
rate M <-> P: 0.093763
rate M <-> S: 0.325811
rate M <-> T: 1.897216
rate M <-> W: 0.653740
rate M <-> Y: 0.451968
rate M <-> V: 1.782983
rate F <-> P: 0.088706
rate F <-> S: 0.339765
rate F <-> T: 0.154944
rate F <-> W: 2.307349
rate F <-> Y: 7.328222
rate F <-> V: 0.614777
rate P <-> S: 1.256567
rate P <-> T: 0.536635
rate P <-> W: 0.089332
rate P <-> Y: 0.084151
rate P <-> V: 0.278428
rate S <-> T: 6.077767
rate S <-> W: 0.233693
rate S <-> Y: 0.376132
rate S <-> V: 0.092373
rate T <-> W: 0.132241
rate T <-> Y: 0.230856
rate T <-> V: 2.054781
rate W <-> Y: 2.959699
rate W <-> V: 0.177959
rate Y <-> V: 0.234116

freq pi(A): 0.093437
freq pi(R): 0.071228
freq pi(N): 0.029212
freq pi(D): 0.060824
freq pi(C): 0.024810
freq pi(Q): 0.046619
freq pi(E): 0.069228
freq pi(G): 0.049420
freq pi(H): 0.026411
freq pi(I): 0.061425
freq pi(L): 0.118247
freq pi(K): 0.054622
freq pi(M): 0.027611
freq pi(F): 0.039616
freq pi(P): 0.030812
freq pi(S): 0.056823
freq pi(T): 0.055822
freq pi(W): 0.011805
freq pi(Y): 0.017607
freq pi(V): 0.054422


ML search took 131.004184 secs or 0.036390 hours

Combined Bootstrap and ML search took 245.568894 secs or 0.068214 hours

Drawing Bootstrap Support Values on best-scoring ML tree ...



Found 1 tree in File /in/RAxML_bestTree.EOG091G06S3.clustalo.aln.ALICUT.LGF



Found 1 tree in File /in/RAxML_bestTree.EOG091G06S3.clustalo.aln.ALICUT.LGF

Program execution info written to /in/RAxML_info.EOG091G06S3.clustalo.aln.ALICUT.LGF
All 100 bootstrapped trees written to: /in/RAxML_bootstrap.EOG091G06S3.clustalo.aln.ALICUT.LGF

Best-scoring ML tree written to: /in/RAxML_bestTree.EOG091G06S3.clustalo.aln.ALICUT.LGF

Best-scoring ML tree with support values written to: /in/RAxML_bipartitions.EOG091G06S3.clustalo.aln.ALICUT.LGF

Best-scoring ML tree with support values as branch labels written to: /in/RAxML_bipartitionsBranchLabels.EOG091G06S3.clustalo.aln.ALICUT.LGF

Overall execution time for full ML analysis: 245.571788 secs or 0.068214 hours or 0.002842 days

