
	reading taxa from FASTA ...


	R.norvegicus         -> sites: 623   
	D.rerio              -> sites: 623   
	C.intestinalis       -> sites: 623   
	T.solium             -> sites: 623   
	S.mediterranea       -> sites: 623   
	H.microstoma         -> sites: 623   
	S.mansoni            -> sites: 623   
	H.robusta            -> sites: 623   
	O.viverrini          -> sites: 623   
	E.granulosus         -> sites: 623   
	N.vectensis          -> sites: 623   


	data type             : amino acid sequences

	input ...

	infile		: EOG091G0CEW.clustalo.aln.fasta
	random pairs	: 200000000000000000
	window size	: 6
	indels		: ambiguous
	tree file	: -
	node level	: -
	strict profile	: -
	outgroup	: -
	matrix          : BLOSUM62

	number of taxa        : 11
	random number of pairs: 200000000000000000

	generates threshhold value for amino acid data
	using BLOSUM62

	checks for (potential) identical taxa


	scores site patterns ...


	max number of different pairs is 55
	max random pairs are scored!

	pair: 1      ->	taxon1: R.norvegic	taxon2: D.rerio   
	            	positions below base line: 231
	pair: 2      ->	taxon1: R.norvegic	taxon2: C.intestin
	            	positions below base line: 312
	pair: 3      ->	taxon1: R.norvegic	taxon2: T.solium  
	            	positions below base line: 413
	pair: 4      ->	taxon1: R.norvegic	taxon2: S.mediterr
	            	positions below base line: 335
	pair: 5      ->	taxon1: R.norvegic	taxon2: H.microsto
	            	positions below base line: 434
	pair: 6      ->	taxon1: R.norvegic	taxon2: S.mansoni 
	            	positions below base line: 406
	pair: 7      ->	taxon1: R.norvegic	taxon2: H.robusta 
	            	positions below base line: 395
	pair: 8      ->	taxon1: R.norvegic	taxon2: O.viverrin
	            	positions below base line: 471
	pair: 9      ->	taxon1: R.norvegic	taxon2: E.granulos
	            	positions below base line: 411
	pair: 10     ->	taxon1: R.norvegic	taxon2: N.vectensi
	            	positions below base line: 418
	pair: 11     ->	taxon1: D.rerio   	taxon2: C.intestin
	            	positions below base line: 249
	pair: 12     ->	taxon1: D.rerio   	taxon2: T.solium  
	            	positions below base line: 353
	pair: 13     ->	taxon1: D.rerio   	taxon2: S.mediterr
	            	positions below base line: 300
	pair: 14     ->	taxon1: D.rerio   	taxon2: H.microsto
	            	positions below base line: 399
	pair: 15     ->	taxon1: D.rerio   	taxon2: S.mansoni 
	            	positions below base line: 362
	pair: 16     ->	taxon1: D.rerio   	taxon2: H.robusta 
	            	positions below base line: 349
	pair: 17     ->	taxon1: D.rerio   	taxon2: O.viverrin
	            	positions below base line: 410
	pair: 18     ->	taxon1: D.rerio   	taxon2: E.granulos
	            	positions below base line: 354
	pair: 19     ->	taxon1: D.rerio   	taxon2: N.vectensi
	            	positions below base line: 419
	pair: 20     ->	taxon1: C.intestin	taxon2: T.solium  
	            	positions below base line: 361
	pair: 21     ->	taxon1: C.intestin	taxon2: S.mediterr
	            	positions below base line: 309
	pair: 22     ->	taxon1: C.intestin	taxon2: H.microsto
	            	positions below base line: 410
	pair: 23     ->	taxon1: C.intestin	taxon2: S.mansoni 
	            	positions below base line: 384
	pair: 24     ->	taxon1: C.intestin	taxon2: H.robusta 
	            	positions below base line: 348
	pair: 25     ->	taxon1: C.intestin	taxon2: O.viverrin
	            	positions below base line: 391
	pair: 26     ->	taxon1: C.intestin	taxon2: E.granulos
	            	positions below base line: 354
	pair: 27     ->	taxon1: C.intestin	taxon2: N.vectensi
	            	positions below base line: 417
	pair: 28     ->	taxon1: T.solium  	taxon2: S.mediterr
	            	positions below base line: 329
	pair: 29     ->	taxon1: T.solium  	taxon2: H.microsto
	            	positions below base line: 336
	pair: 30     ->	taxon1: T.solium  	taxon2: S.mansoni 
	            	positions below base line: 373
	pair: 31     ->	taxon1: T.solium  	taxon2: H.robusta 
	            	positions below base line: 389
	pair: 32     ->	taxon1: T.solium  	taxon2: O.viverrin
	            	positions below base line: 428
	pair: 33     ->	taxon1: T.solium  	taxon2: E.granulos
	            	positions below base line: 118
	pair: 34     ->	taxon1: T.solium  	taxon2: N.vectensi
	            	positions below base line: 455
	pair: 35     ->	taxon1: S.mediterr	taxon2: H.microsto
	            	positions below base line: 392
	pair: 36     ->	taxon1: S.mediterr	taxon2: S.mansoni 
	            	positions below base line: 368
	pair: 37     ->	taxon1: S.mediterr	taxon2: H.robusta 
	            	positions below base line: 378
	pair: 38     ->	taxon1: S.mediterr	taxon2: O.viverrin
	            	positions below base line: 423
	pair: 39     ->	taxon1: S.mediterr	taxon2: E.granulos
	            	positions below base line: 345
	pair: 40     ->	taxon1: S.mediterr	taxon2: N.vectensi
	            	positions below base line: 433
	pair: 41     ->	taxon1: H.microsto	taxon2: S.mansoni 
	            	positions below base line: 421
	pair: 42     ->	taxon1: H.microsto	taxon2: H.robusta 
	            	positions below base line: 418
	pair: 43     ->	taxon1: H.microsto	taxon2: O.viverrin
	            	positions below base line: 452
	pair: 44     ->	taxon1: H.microsto	taxon2: E.granulos
	            	positions below base line: 345
	pair: 45     ->	taxon1: H.microsto	taxon2: N.vectensi
	            	positions below base line: 475
	pair: 46     ->	taxon1: S.mansoni 	taxon2: H.robusta 
	            	positions below base line: 416
	pair: 47     ->	taxon1: S.mansoni 	taxon2: O.viverrin
	            	positions below base line: 438
	pair: 48     ->	taxon1: S.mansoni 	taxon2: E.granulos
	            	positions below base line: 373
	pair: 49     ->	taxon1: S.mansoni 	taxon2: N.vectensi
	            	positions below base line: 488
	pair: 50     ->	taxon1: H.robusta 	taxon2: O.viverrin
	            	positions below base line: 441
	pair: 51     ->	taxon1: H.robusta 	taxon2: E.granulos
	            	positions below base line: 382
	pair: 52     ->	taxon1: H.robusta 	taxon2: N.vectensi
	            	positions below base line: 425
	pair: 53     ->	taxon1: O.viverrin	taxon2: E.granulos
	            	positions below base line: 424
	pair: 54     ->	taxon1: O.viverrin	taxon2: N.vectensi
	            	positions below base line: 506
	pair: 55     ->	taxon1: E.granulos	taxon2: N.vectensi
	            	positions below base line: 451

	generates quality profile from collected scores ...


	scoring done ...


	generates vector plot from collected scores ...


Argument "-" treated as 0 in increment (++) at /usr/bin/Aliscore.pl line 1213.
	Profile written to EOG091G0CEW.clustalo.aln.fasta_Profile_random.txt
	List   written to EOG091G0CEW.clustalo.aln.fasta_List_random.txt

	time used: 4.45 sec

