
RAxML can't, parse the alignment file as phylip file 
it will now try to parse it as FASTA file


This is the RAxML Master Pthread

This is RAxML Worker Pthread Number: 1


This is RAxML version 8.2.12 released by Alexandros Stamatakis on May 2018.

With greatly appreciated code contributions by:
Andre Aberer      (HITS)
Simon Berger      (HITS)
Alexey Kozlov     (HITS)
Kassian Kobert    (HITS)
David Dao         (KIT and HITS)
Sarah Lutteropp   (KIT and HITS)
Nick Pattengale   (Sandia)
Wayne Pfeiffer    (SDSC)
Akifumi S. Tanabe (NRIFS)
Charlie Taylor    (UF)


Alignment has 132 distinct alignment patterns

Proportion of gaps and completely undetermined characters in this alignment: 4.71%

RAxML rapid bootstrapping and subsequent ML search

Using 1 distinct models/data partitions with joint branch length optimization



Executing 100 rapid bootstrap inferences and thereafter a thorough ML search 

All free model parameters will be estimated by RAxML
GAMMA model of rate heterogeneity, ML estimate of alpha-parameter

GAMMA Model parameters will be estimated up to an accuracy of 0.1000000000 Log Likelihood units

Partition: 0
Alignment Patterns: 132
Name: No Name Provided
DataType: AA
Substitution Matrix: LG
Using empirical base frequencies




RAxML was called as follows:

raxml -f a -T 2 -m PROTGAMMALGF -p 12345 -x 12345 -# 100 -s ALICUT_EOG091G0JYQ.clustalo.aln.fasta -n EOG091G0JYQ.clustalo.aln.ALICUT.LGF 



Time for BS model parameter optimization 0.046505
Bootstrap[0]: Time 0.398807 seconds, bootstrap likelihood -2473.143451, best rearrangement setting 13
Bootstrap[1]: Time 0.300823 seconds, bootstrap likelihood -2428.460168, best rearrangement setting 13
Bootstrap[2]: Time 0.306071 seconds, bootstrap likelihood -2297.419451, best rearrangement setting 12
Bootstrap[3]: Time 0.304551 seconds, bootstrap likelihood -2776.247672, best rearrangement setting 15
Bootstrap[4]: Time 0.274391 seconds, bootstrap likelihood -2223.514490, best rearrangement setting 10
Bootstrap[5]: Time 0.345621 seconds, bootstrap likelihood -2339.956963, best rearrangement setting 10
Bootstrap[6]: Time 0.142109 seconds, bootstrap likelihood -2436.680233, best rearrangement setting 6
Bootstrap[7]: Time 0.332576 seconds, bootstrap likelihood -2637.474743, best rearrangement setting 14
Bootstrap[8]: Time 0.340809 seconds, bootstrap likelihood -2209.590545, best rearrangement setting 5
Bootstrap[9]: Time 0.359357 seconds, bootstrap likelihood -2558.950561, best rearrangement setting 7
Bootstrap[10]: Time 0.331638 seconds, bootstrap likelihood -2378.699821, best rearrangement setting 7
Bootstrap[11]: Time 0.154164 seconds, bootstrap likelihood -2192.624339, best rearrangement setting 5
Bootstrap[12]: Time 0.340886 seconds, bootstrap likelihood -2559.344905, best rearrangement setting 8
Bootstrap[13]: Time 0.366381 seconds, bootstrap likelihood -2658.347039, best rearrangement setting 7
Bootstrap[14]: Time 0.289467 seconds, bootstrap likelihood -2199.219253, best rearrangement setting 12
Bootstrap[15]: Time 0.317593 seconds, bootstrap likelihood -2651.502239, best rearrangement setting 15
Bootstrap[16]: Time 0.156239 seconds, bootstrap likelihood -2615.363201, best rearrangement setting 12
Bootstrap[17]: Time 0.366985 seconds, bootstrap likelihood -2639.211444, best rearrangement setting 12
Bootstrap[18]: Time 0.374927 seconds, bootstrap likelihood -2630.947676, best rearrangement setting 5
Bootstrap[19]: Time 0.294906 seconds, bootstrap likelihood -2232.333873, best rearrangement setting 8
Bootstrap[20]: Time 0.321543 seconds, bootstrap likelihood -2455.521286, best rearrangement setting 10
Bootstrap[21]: Time 0.337543 seconds, bootstrap likelihood -2483.318625, best rearrangement setting 6
Bootstrap[22]: Time 0.356264 seconds, bootstrap likelihood -2490.307054, best rearrangement setting 5
Bootstrap[23]: Time 0.345244 seconds, bootstrap likelihood -2770.108006, best rearrangement setting 7
Bootstrap[24]: Time 0.388407 seconds, bootstrap likelihood -2567.905690, best rearrangement setting 8
Bootstrap[25]: Time 0.317408 seconds, bootstrap likelihood -2428.396727, best rearrangement setting 6
Bootstrap[26]: Time 0.381854 seconds, bootstrap likelihood -2555.507068, best rearrangement setting 12
Bootstrap[27]: Time 0.335512 seconds, bootstrap likelihood -2125.604703, best rearrangement setting 10
Bootstrap[28]: Time 0.310011 seconds, bootstrap likelihood -2185.853724, best rearrangement setting 11
Bootstrap[29]: Time 0.269734 seconds, bootstrap likelihood -2021.735404, best rearrangement setting 12
Bootstrap[30]: Time 0.298915 seconds, bootstrap likelihood -2171.015018, best rearrangement setting 15
Bootstrap[31]: Time 0.305081 seconds, bootstrap likelihood -2413.700235, best rearrangement setting 15
Bootstrap[32]: Time 0.304923 seconds, bootstrap likelihood -2458.939019, best rearrangement setting 6
Bootstrap[33]: Time 0.359179 seconds, bootstrap likelihood -2507.017379, best rearrangement setting 15
Bootstrap[34]: Time 0.316287 seconds, bootstrap likelihood -2398.844980, best rearrangement setting 11
Bootstrap[35]: Time 0.334498 seconds, bootstrap likelihood -2343.262077, best rearrangement setting 8
Bootstrap[36]: Time 0.371584 seconds, bootstrap likelihood -2701.549830, best rearrangement setting 9
Bootstrap[37]: Time 0.366828 seconds, bootstrap likelihood -2398.273650, best rearrangement setting 11
Bootstrap[38]: Time 0.345832 seconds, bootstrap likelihood -2376.947806, best rearrangement setting 8
Bootstrap[39]: Time 0.328293 seconds, bootstrap likelihood -2427.133802, best rearrangement setting 13
Bootstrap[40]: Time 0.284468 seconds, bootstrap likelihood -2336.797985, best rearrangement setting 13
Bootstrap[41]: Time 0.359873 seconds, bootstrap likelihood -2313.244266, best rearrangement setting 10
Bootstrap[42]: Time 0.329398 seconds, bootstrap likelihood -2544.493141, best rearrangement setting 5
Bootstrap[43]: Time 0.353626 seconds, bootstrap likelihood -2579.580916, best rearrangement setting 14
Bootstrap[44]: Time 0.348378 seconds, bootstrap likelihood -2607.963241, best rearrangement setting 10
Bootstrap[45]: Time 0.329188 seconds, bootstrap likelihood -2475.157030, best rearrangement setting 15
Bootstrap[46]: Time 0.350082 seconds, bootstrap likelihood -2669.800559, best rearrangement setting 14
Bootstrap[47]: Time 0.294023 seconds, bootstrap likelihood -2446.150779, best rearrangement setting 8
Bootstrap[48]: Time 0.323752 seconds, bootstrap likelihood -2501.683130, best rearrangement setting 6
Bootstrap[49]: Time 0.328979 seconds, bootstrap likelihood -2469.435082, best rearrangement setting 7
Bootstrap[50]: Time 0.310266 seconds, bootstrap likelihood -2224.744927, best rearrangement setting 7
Bootstrap[51]: Time 0.302743 seconds, bootstrap likelihood -2505.446208, best rearrangement setting 11
Bootstrap[52]: Time 0.312748 seconds, bootstrap likelihood -2620.170276, best rearrangement setting 12
Bootstrap[53]: Time 0.332645 seconds, bootstrap likelihood -2707.063914, best rearrangement setting 8
Bootstrap[54]: Time 0.324359 seconds, bootstrap likelihood -2424.701218, best rearrangement setting 9
Bootstrap[55]: Time 0.323180 seconds, bootstrap likelihood -2553.094584, best rearrangement setting 11
Bootstrap[56]: Time 0.130250 seconds, bootstrap likelihood -2420.953515, best rearrangement setting 5
Bootstrap[57]: Time 0.318597 seconds, bootstrap likelihood -2525.574005, best rearrangement setting 7
Bootstrap[58]: Time 0.311597 seconds, bootstrap likelihood -2371.654039, best rearrangement setting 10
Bootstrap[59]: Time 0.157742 seconds, bootstrap likelihood -2452.278511, best rearrangement setting 9
Bootstrap[60]: Time 0.351599 seconds, bootstrap likelihood -2390.774134, best rearrangement setting 7
Bootstrap[61]: Time 0.340433 seconds, bootstrap likelihood -2446.451130, best rearrangement setting 5
Bootstrap[62]: Time 0.362377 seconds, bootstrap likelihood -2463.176937, best rearrangement setting 11
Bootstrap[63]: Time 0.296436 seconds, bootstrap likelihood -2414.903725, best rearrangement setting 12
Bootstrap[64]: Time 0.464414 seconds, bootstrap likelihood -2733.156805, best rearrangement setting 7
Bootstrap[65]: Time 0.325820 seconds, bootstrap likelihood -2502.334410, best rearrangement setting 5
Bootstrap[66]: Time 0.163610 seconds, bootstrap likelihood -2427.793700, best rearrangement setting 5
Bootstrap[67]: Time 0.400725 seconds, bootstrap likelihood -2373.939434, best rearrangement setting 15
Bootstrap[68]: Time 0.351179 seconds, bootstrap likelihood -2523.580422, best rearrangement setting 11
Bootstrap[69]: Time 0.369792 seconds, bootstrap likelihood -2714.358709, best rearrangement setting 5
Bootstrap[70]: Time 0.310912 seconds, bootstrap likelihood -2157.238647, best rearrangement setting 8
Bootstrap[71]: Time 0.414346 seconds, bootstrap likelihood -2621.620783, best rearrangement setting 10
Bootstrap[72]: Time 0.328552 seconds, bootstrap likelihood -2273.631223, best rearrangement setting 11
Bootstrap[73]: Time 0.344455 seconds, bootstrap likelihood -2204.076288, best rearrangement setting 9
Bootstrap[74]: Time 0.299119 seconds, bootstrap likelihood -2146.979999, best rearrangement setting 5
Bootstrap[75]: Time 0.363399 seconds, bootstrap likelihood -2350.852224, best rearrangement setting 8
Bootstrap[76]: Time 0.327733 seconds, bootstrap likelihood -2472.553983, best rearrangement setting 9
Bootstrap[77]: Time 0.150427 seconds, bootstrap likelihood -2165.440348, best rearrangement setting 11
Bootstrap[78]: Time 0.165059 seconds, bootstrap likelihood -2645.596291, best rearrangement setting 15
Bootstrap[79]: Time 0.373042 seconds, bootstrap likelihood -2378.242032, best rearrangement setting 9
Bootstrap[80]: Time 0.312524 seconds, bootstrap likelihood -2573.941086, best rearrangement setting 15
Bootstrap[81]: Time 0.286716 seconds, bootstrap likelihood -2374.813115, best rearrangement setting 7
Bootstrap[82]: Time 0.341000 seconds, bootstrap likelihood -2229.147280, best rearrangement setting 6
Bootstrap[83]: Time 0.327103 seconds, bootstrap likelihood -2544.920184, best rearrangement setting 10
Bootstrap[84]: Time 0.318877 seconds, bootstrap likelihood -2405.715658, best rearrangement setting 11
Bootstrap[85]: Time 0.303968 seconds, bootstrap likelihood -2435.633084, best rearrangement setting 8
Bootstrap[86]: Time 0.423293 seconds, bootstrap likelihood -2604.526970, best rearrangement setting 7
Bootstrap[87]: Time 0.348419 seconds, bootstrap likelihood -2331.102011, best rearrangement setting 7
Bootstrap[88]: Time 0.321019 seconds, bootstrap likelihood -2463.376251, best rearrangement setting 12
Bootstrap[89]: Time 0.327572 seconds, bootstrap likelihood -2328.983306, best rearrangement setting 10
Bootstrap[90]: Time 0.313184 seconds, bootstrap likelihood -2332.735928, best rearrangement setting 8
Bootstrap[91]: Time 0.307964 seconds, bootstrap likelihood -2714.961252, best rearrangement setting 12
Bootstrap[92]: Time 0.354809 seconds, bootstrap likelihood -2502.713292, best rearrangement setting 13
Bootstrap[93]: Time 0.185471 seconds, bootstrap likelihood -2550.162291, best rearrangement setting 15
Bootstrap[94]: Time 0.346393 seconds, bootstrap likelihood -2452.097500, best rearrangement setting 5
Bootstrap[95]: Time 0.362041 seconds, bootstrap likelihood -2567.903192, best rearrangement setting 5
Bootstrap[96]: Time 0.354754 seconds, bootstrap likelihood -2574.597106, best rearrangement setting 13
Bootstrap[97]: Time 0.316619 seconds, bootstrap likelihood -2476.124661, best rearrangement setting 11
Bootstrap[98]: Time 0.309555 seconds, bootstrap likelihood -2382.737109, best rearrangement setting 6
Bootstrap[99]: Time 0.310562 seconds, bootstrap likelihood -2466.992288, best rearrangement setting 14


Overall Time for 100 Rapid Bootstraps 31.910229 seconds
Average Time per Rapid Bootstrap 0.319102 seconds

Starting ML Search ...

Fast ML optimization finished

Fast ML search Time: 26.183485 seconds

Slow ML Search 0 Likelihood: -2465.776528
Slow ML Search 1 Likelihood: -2465.776528
Slow ML Search 2 Likelihood: -2465.776528
Slow ML Search 3 Likelihood: -2465.776528
Slow ML Search 4 Likelihood: -2465.776528
Slow ML Search 5 Likelihood: -2465.776528
Slow ML Search 6 Likelihood: -2465.776528
Slow ML Search 7 Likelihood: -2465.776528
Slow ML Search 8 Likelihood: -2465.776528
Slow ML Search 9 Likelihood: -2465.776528
Slow ML optimization finished

Slow ML search Time: 6.976041 seconds
Thorough ML search Time: 0.488820 seconds

Final ML Optimization Likelihood: -2465.776537

Model Information:

Model Parameters of Partition 0, Name: No Name Provided, Type of Data: AA
alpha: 0.441787
Tree-Length: 2.520396
rate A <-> R: 0.399182
rate A <-> N: 0.259945
rate A <-> D: 0.371058
rate A <-> C: 2.337364
rate A <-> Q: 0.910775
rate A <-> E: 0.975241
rate A <-> G: 1.940106
rate A <-> H: 0.336984
rate A <-> I: 0.140697
rate A <-> L: 0.371240
rate A <-> K: 0.503815
rate A <-> M: 1.055520
rate A <-> F: 0.238237
rate A <-> P: 1.105868
rate A <-> S: 4.439041
rate A <-> T: 2.009090
rate A <-> W: 0.169702
rate A <-> Y: 0.205613
rate A <-> V: 2.392567
rate R <-> N: 0.706048
rate R <-> D: 0.116398
rate R <-> C: 0.501968
rate R <-> Q: 2.636754
rate R <-> E: 0.341785
rate R <-> G: 0.366408
rate R <-> H: 2.278690
rate R <-> I: 0.119250
rate R <-> L: 0.283449
rate R <-> K: 5.940467
rate R <-> M: 0.454623
rate R <-> F: 0.049508
rate R <-> P: 0.312264
rate R <-> S: 0.805843
rate R <-> T: 0.543695
rate R <-> W: 0.557424
rate R <-> Y: 0.295274
rate R <-> V: 0.160471
rate N <-> D: 4.766737
rate N <-> C: 0.496537
rate N <-> Q: 1.592389
rate N <-> E: 0.508692
rate N <-> G: 1.350015
rate N <-> H: 4.234381
rate N <-> I: 0.179830
rate N <-> L: 0.064256
rate N <-> K: 2.014327
rate N <-> M: 0.348390
rate N <-> F: 0.084068
rate N <-> P: 0.151925
rate N <-> S: 3.764032
rate N <-> T: 1.878729
rate N <-> W: 0.042610
rate N <-> Y: 0.574720
rate N <-> V: 0.078587
rate D <-> C: 0.058743
rate D <-> Q: 0.491483
rate D <-> E: 4.924234
rate D <-> G: 0.793424
rate D <-> H: 0.870603
rate D <-> I: 0.010038
rate D <-> L: 0.014157
rate D <-> K: 0.265711
rate D <-> M: 0.023991
rate D <-> F: 0.016354
rate D <-> P: 0.370412
rate D <-> S: 1.164675
rate D <-> T: 0.399902
rate D <-> W: 0.028068
rate D <-> Y: 0.126872
rate D <-> V: 0.035653
rate C <-> Q: 0.079639
rate C <-> E: 0.003286
rate C <-> G: 0.534566
rate C <-> H: 0.601499
rate C <-> I: 0.301083
rate C <-> L: 0.557800
rate C <-> K: 0.012457
rate C <-> M: 0.839207
rate C <-> F: 1.037881
rate C <-> P: 0.070787
rate C <-> S: 2.614753
rate C <-> T: 1.073780
rate C <-> W: 0.629281
rate C <-> Y: 1.094488
rate C <-> V: 1.839864
rate Q <-> E: 3.876936
rate Q <-> G: 0.251626
rate Q <-> H: 4.520102
rate Q <-> I: 0.068413
rate Q <-> L: 0.546954
rate Q <-> K: 3.037150
rate Q <-> M: 1.570619
rate Q <-> F: 0.033669
rate Q <-> P: 0.586241
rate Q <-> S: 1.149231
rate Q <-> T: 1.014297
rate Q <-> W: 0.221802
rate Q <-> Y: 0.241650
rate Q <-> V: 0.197511
rate E <-> G: 0.327583
rate E <-> H: 0.398044
rate E <-> I: 0.041567
rate E <-> L: 0.065426
rate E <-> K: 1.697022
rate E <-> M: 0.163145
rate E <-> F: 0.017664
rate E <-> P: 0.393844
rate E <-> S: 0.574671
rate E <-> T: 0.567695
rate E <-> W: 0.073107
rate E <-> Y: 0.112720
rate E <-> V: 0.230098
rate G <-> H: 0.292498
rate G <-> I: 0.008174
rate G <-> L: 0.041563
rate G <-> K: 0.278555
rate G <-> M: 0.131033
rate G <-> F: 0.084125
rate G <-> P: 0.184955
rate G <-> S: 1.633930
rate G <-> T: 0.121922
rate G <-> W: 0.252125
rate G <-> Y: 0.051346
rate G <-> V: 0.072026
rate H <-> I: 0.102245
rate H <-> L: 0.343988
rate H <-> K: 0.654763
rate H <-> M: 0.415502
rate H <-> F: 0.640560
rate H <-> P: 0.477834
rate H <-> S: 0.929667
rate H <-> T: 0.548649
rate H <-> W: 0.560661
rate H <-> Y: 4.983361
rate H <-> V: 0.111759
rate I <-> L: 3.892408
rate I <-> K: 0.149373
rate I <-> M: 4.013113
rate I <-> F: 1.044902
rate I <-> P: 0.073509
rate I <-> S: 0.060198
rate I <-> T: 0.970728
rate I <-> W: 0.104854
rate I <-> Y: 0.218350
rate I <-> V: 10.000000
rate L <-> K: 0.129119
rate L <-> M: 5.927594
rate L <-> F: 2.434657
rate L <-> P: 0.233879
rate L <-> S: 0.171176
rate L <-> T: 0.284471
rate L <-> W: 0.581863
rate L <-> Y: 0.281383
rate L <-> V: 1.598956
rate K <-> M: 0.616581
rate K <-> F: 0.022460
rate K <-> P: 0.366530
rate K <-> S: 0.703048
rate K <-> T: 1.067567
rate K <-> W: 0.046864
rate K <-> Y: 0.123890
rate K <-> V: 0.173913
rate M <-> F: 1.689205
rate M <-> P: 0.093763
rate M <-> S: 0.325811
rate M <-> T: 1.897216
rate M <-> W: 0.653740
rate M <-> Y: 0.451968
rate M <-> V: 1.782983
rate F <-> P: 0.088706
rate F <-> S: 0.339765
rate F <-> T: 0.154944
rate F <-> W: 2.307349
rate F <-> Y: 7.328222
rate F <-> V: 0.614777
rate P <-> S: 1.256567
rate P <-> T: 0.536635
rate P <-> W: 0.089332
rate P <-> Y: 0.084151
rate P <-> V: 0.278428
rate S <-> T: 6.077767
rate S <-> W: 0.233693
rate S <-> Y: 0.376132
rate S <-> V: 0.092373
rate T <-> W: 0.132241
rate T <-> Y: 0.230856
rate T <-> V: 2.054781
rate W <-> Y: 2.959699
rate W <-> V: 0.177959
rate Y <-> V: 0.234116

freq pi(A): 0.062721
freq pi(R): 0.089223
freq pi(N): 0.053004
freq pi(D): 0.083039
freq pi(C): 0.013693
freq pi(Q): 0.036661
freq pi(E): 0.051237
freq pi(G): 0.041078
freq pi(H): 0.024293
freq pi(I): 0.051678
freq pi(L): 0.059629
freq pi(K): 0.053887
freq pi(M): 0.038428
freq pi(F): 0.040636
freq pi(P): 0.075530
freq pi(S): 0.057420
freq pi(T): 0.024735
freq pi(W): 0.053445
freq pi(Y): 0.037544
freq pi(V): 0.052120


ML search took 33.670872 secs or 0.009353 hours

Combined Bootstrap and ML search took 65.581328 secs or 0.018217 hours

Drawing Bootstrap Support Values on best-scoring ML tree ...



Found 1 tree in File /in/RAxML_bestTree.EOG091G0JYQ.clustalo.aln.ALICUT.LGF



Found 1 tree in File /in/RAxML_bestTree.EOG091G0JYQ.clustalo.aln.ALICUT.LGF

Program execution info written to /in/RAxML_info.EOG091G0JYQ.clustalo.aln.ALICUT.LGF
All 100 bootstrapped trees written to: /in/RAxML_bootstrap.EOG091G0JYQ.clustalo.aln.ALICUT.LGF

Best-scoring ML tree written to: /in/RAxML_bestTree.EOG091G0JYQ.clustalo.aln.ALICUT.LGF

Best-scoring ML tree with support values written to: /in/RAxML_bipartitions.EOG091G0JYQ.clustalo.aln.ALICUT.LGF

Best-scoring ML tree with support values as branch labels written to: /in/RAxML_bipartitionsBranchLabels.EOG091G0JYQ.clustalo.aln.ALICUT.LGF

Overall execution time for full ML analysis: 65.583778 secs or 0.018218 hours or 0.000759 days

