
	reading taxa from FASTA ...


	E.granulosus         -> sites: 642   
	N.vectensis          -> sites: 642   
	S.mediterranea       -> sites: 642   
	G.turnbulli          -> sites: 642   
	R.norvegicus         -> sites: 642   
	D.rerio              -> sites: 642   
	O.viverrini          -> sites: 642   
	G.salaris            -> sites: 642   
	P.xenopodis          -> sites: 642   
	D.melanogaster       -> sites: 642   
	H.robusta            -> sites: 642   
	T.solium             -> sites: 642   
	E.nipponicum         -> sites: 642   


	data type             : amino acid sequences

	input ...

	infile		: EOG091G146E.clustalo.aln.fasta
	random pairs	: 200000000000000000
	window size	: 6
	indels		: ambiguous
	tree file	: -
	node level	: -
	strict profile	: -
	outgroup	: -
	matrix          : BLOSUM62

	number of taxa        : 13
	random number of pairs: 200000000000000000

	generates threshhold value for amino acid data
	using BLOSUM62

	checks for (potential) identical taxa


	scores site patterns ...


	max number of different pairs is 78
	max random pairs are scored!

	pair: 1      ->	taxon1: E.granulos	taxon2: N.vectensi
	            	positions below base line: 586
	pair: 2      ->	taxon1: E.granulos	taxon2: S.mediterr
	            	positions below base line: 569
	pair: 3      ->	taxon1: E.granulos	taxon2: G.turnbull
	            	positions below base line: 597
	pair: 4      ->	taxon1: E.granulos	taxon2: R.norvegic
	            	positions below base line: 586
	pair: 5      ->	taxon1: E.granulos	taxon2: D.rerio   
	            	positions below base line: 583
	pair: 6      ->	taxon1: E.granulos	taxon2: O.viverrin
	            	positions below base line: 601
	pair: 7      ->	taxon1: E.granulos	taxon2: G.salaris 
	            	positions below base line: 598
	pair: 8      ->	taxon1: E.granulos	taxon2: P.xenopodi
	            	positions below base line: 594
	pair: 9      ->	taxon1: E.granulos	taxon2: D.melanoga
	            	positions below base line: 589
	pair: 10     ->	taxon1: E.granulos	taxon2: H.robusta 
	            	positions below base line: 581
	pair: 11     ->	taxon1: E.granulos	taxon2: T.solium  
	            	positions below base line: 568
	pair: 12     ->	taxon1: E.granulos	taxon2: E.nipponic
	            	positions below base line: 570
	pair: 13     ->	taxon1: N.vectensi	taxon2: S.mediterr
	            	positions below base line: 576
	pair: 14     ->	taxon1: N.vectensi	taxon2: G.turnbull
	            	positions below base line: 586
	pair: 15     ->	taxon1: N.vectensi	taxon2: R.norvegic
	            	positions below base line: 574
	pair: 16     ->	taxon1: N.vectensi	taxon2: D.rerio   
	            	positions below base line: 574
	pair: 17     ->	taxon1: N.vectensi	taxon2: O.viverrin
	            	positions below base line: 588
	pair: 18     ->	taxon1: N.vectensi	taxon2: G.salaris 
	            	positions below base line: 585
	pair: 19     ->	taxon1: N.vectensi	taxon2: P.xenopodi
	            	positions below base line: 593
	pair: 20     ->	taxon1: N.vectensi	taxon2: D.melanoga
	            	positions below base line: 575
	pair: 21     ->	taxon1: N.vectensi	taxon2: H.robusta 
	            	positions below base line: 577
	pair: 22     ->	taxon1: N.vectensi	taxon2: T.solium  
	            	positions below base line: 576
	pair: 23     ->	taxon1: N.vectensi	taxon2: E.nipponic
	            	positions below base line: 569
	pair: 24     ->	taxon1: S.mediterr	taxon2: G.turnbull
	            	positions below base line: 579
	pair: 25     ->	taxon1: S.mediterr	taxon2: R.norvegic
	            	positions below base line: 577
	pair: 26     ->	taxon1: S.mediterr	taxon2: D.rerio   
	            	positions below base line: 579
	pair: 27     ->	taxon1: S.mediterr	taxon2: O.viverrin
	            	positions below base line: 600
	pair: 28     ->	taxon1: S.mediterr	taxon2: G.salaris 
	            	positions below base line: 590
	pair: 29     ->	taxon1: S.mediterr	taxon2: P.xenopodi
	            	positions below base line: 597
	pair: 30     ->	taxon1: S.mediterr	taxon2: D.melanoga
	            	positions below base line: 573
	pair: 31     ->	taxon1: S.mediterr	taxon2: H.robusta 
	            	positions below base line: 578
	pair: 32     ->	taxon1: S.mediterr	taxon2: T.solium  
	            	positions below base line: 533
	pair: 33     ->	taxon1: S.mediterr	taxon2: E.nipponic
	            	positions below base line: 553
	pair: 34     ->	taxon1: G.turnbull	taxon2: R.norvegic
	            	positions below base line: 563
	pair: 35     ->	taxon1: G.turnbull	taxon2: D.rerio   
	            	positions below base line: 569
	pair: 36     ->	taxon1: G.turnbull	taxon2: O.viverrin
	            	positions below base line: 578
	pair: 37     ->	taxon1: G.turnbull	taxon2: G.salaris 
	            	positions below base line: 560
	pair: 38     ->	taxon1: G.turnbull	taxon2: P.xenopodi
	            	positions below base line: 579
	pair: 39     ->	taxon1: G.turnbull	taxon2: D.melanoga
	            	positions below base line: 581
	pair: 40     ->	taxon1: G.turnbull	taxon2: H.robusta 
	            	positions below base line: 577
	pair: 41     ->	taxon1: G.turnbull	taxon2: T.solium  
	            	positions below base line: 589
	pair: 42     ->	taxon1: G.turnbull	taxon2: E.nipponic
	            	positions below base line: 589
	pair: 43     ->	taxon1: R.norvegic	taxon2: D.rerio   
	            	positions below base line: 549
	pair: 44     ->	taxon1: R.norvegic	taxon2: O.viverrin
	            	positions below base line: 565
	pair: 45     ->	taxon1: R.norvegic	taxon2: G.salaris 
	            	positions below base line: 571
	pair: 46     ->	taxon1: R.norvegic	taxon2: P.xenopodi
	            	positions below base line: 575
	pair: 47     ->	taxon1: R.norvegic	taxon2: D.melanoga
	            	positions below base line: 561
	pair: 48     ->	taxon1: R.norvegic	taxon2: H.robusta 
	            	positions below base line: 575
	pair: 49     ->	taxon1: R.norvegic	taxon2: T.solium  
	            	positions below base line: 586
	pair: 50     ->	taxon1: R.norvegic	taxon2: E.nipponic
	            	positions below base line: 579
	pair: 51     ->	taxon1: D.rerio   	taxon2: O.viverrin
	            	positions below base line: 577
	pair: 52     ->	taxon1: D.rerio   	taxon2: G.salaris 
	            	positions below base line: 573
	pair: 53     ->	taxon1: D.rerio   	taxon2: P.xenopodi
	            	positions below base line: 585
	pair: 54     ->	taxon1: D.rerio   	taxon2: D.melanoga
	            	positions below base line: 573
	pair: 55     ->	taxon1: D.rerio   	taxon2: H.robusta 
	            	positions below base line: 570
	pair: 56     ->	taxon1: D.rerio   	taxon2: T.solium  
	            	positions below base line: 580
	pair: 57     ->	taxon1: D.rerio   	taxon2: E.nipponic
	            	positions below base line: 577
	pair: 58     ->	taxon1: O.viverrin	taxon2: G.salaris 
	            	positions below base line: 572
	pair: 59     ->	taxon1: O.viverrin	taxon2: P.xenopodi
	            	positions below base line: 570
	pair: 60     ->	taxon1: O.viverrin	taxon2: D.melanoga
	            	positions below base line: 587
	pair: 61     ->	taxon1: O.viverrin	taxon2: H.robusta 
	            	positions below base line: 595
	pair: 62     ->	taxon1: O.viverrin	taxon2: T.solium  
	            	positions below base line: 601
	pair: 63     ->	taxon1: O.viverrin	taxon2: E.nipponic
	            	positions below base line: 600
	pair: 64     ->	taxon1: G.salaris 	taxon2: P.xenopodi
	            	positions below base line: 577
	pair: 65     ->	taxon1: G.salaris 	taxon2: D.melanoga
	            	positions below base line: 588
	pair: 66     ->	taxon1: G.salaris 	taxon2: H.robusta 
	            	positions below base line: 574
	pair: 67     ->	taxon1: G.salaris 	taxon2: T.solium  
	            	positions below base line: 593
	pair: 68     ->	taxon1: G.salaris 	taxon2: E.nipponic
	            	positions below base line: 592
	pair: 69     ->	taxon1: P.xenopodi	taxon2: D.melanoga
	            	positions below base line: 593
	pair: 70     ->	taxon1: P.xenopodi	taxon2: H.robusta 
	            	positions below base line: 593
	pair: 71     ->	taxon1: P.xenopodi	taxon2: T.solium  
	            	positions below base line: 597
	pair: 72     ->	taxon1: P.xenopodi	taxon2: E.nipponic
	            	positions below base line: 594
	pair: 73     ->	taxon1: D.melanoga	taxon2: H.robusta 
	            	positions below base line: 572
	pair: 74     ->	taxon1: D.melanoga	taxon2: T.solium  
	            	positions below base line: 579
	pair: 75     ->	taxon1: D.melanoga	taxon2: E.nipponic
	            	positions below base line: 581
	pair: 76     ->	taxon1: H.robusta 	taxon2: T.solium  
	            	positions below base line: 581
	pair: 77     ->	taxon1: H.robusta 	taxon2: E.nipponic
	            	positions below base line: 572
	pair: 78     ->	taxon1: T.solium  	taxon2: E.nipponic
	            	positions below base line: 539

	generates quality profile from collected scores ...


	scoring done ...


	generates vector plot from collected scores ...


Argument "-" treated as 0 in increment (++) at /usr/bin/Aliscore.pl line 1213.
	Profile written to EOG091G146E.clustalo.aln.fasta_Profile_random.txt
	List   written to EOG091G146E.clustalo.aln.fasta_List_random.txt

	time used: 4.01 sec

