
	reading taxa from FASTA ...


	S.mansoni            -> sites: 280   
	D.melanogaster       -> sites: 280   
	R.norvegicus         -> sites: 280   
	P.xenopodis          -> sites: 280   
	D.rerio              -> sites: 280   
	H.robusta            -> sites: 280   
	O.viverrini          -> sites: 280   
	H.microstoma         -> sites: 280   
	S.mediterranea       -> sites: 280   
	E.granulosus         -> sites: 280   
	G.turnbulli          -> sites: 280   
	T.solium             -> sites: 280   


	data type             : amino acid sequences

	input ...

	infile		: EOG091G0M12.clustalo.aln.fasta
	random pairs	: 200000000000000000
	window size	: 6
	indels		: ambiguous
	tree file	: -
	node level	: -
	strict profile	: -
	outgroup	: -
	matrix          : BLOSUM62

	number of taxa        : 12
	random number of pairs: 200000000000000000

	generates threshhold value for amino acid data
	using BLOSUM62

	checks for (potential) identical taxa


	scores site patterns ...


	max number of different pairs is 66
	max random pairs are scored!

	pair: 1      ->	taxon1: S.mansoni 	taxon2: D.melanoga
	            	positions below base line: 158
	pair: 2      ->	taxon1: S.mansoni 	taxon2: R.norvegic
	            	positions below base line: 164
	pair: 3      ->	taxon1: S.mansoni 	taxon2: P.xenopodi
	            	positions below base line: 165
	pair: 4      ->	taxon1: S.mansoni 	taxon2: D.rerio   
	            	positions below base line: 162
	pair: 5      ->	taxon1: S.mansoni 	taxon2: H.robusta 
	            	positions below base line: 174
	pair: 6      ->	taxon1: S.mansoni 	taxon2: O.viverrin
	            	positions below base line: 125
	pair: 7      ->	taxon1: S.mansoni 	taxon2: H.microsto
	            	positions below base line: 133
	pair: 8      ->	taxon1: S.mansoni 	taxon2: S.mediterr
	            	positions below base line: 178
	pair: 9      ->	taxon1: S.mansoni 	taxon2: E.granulos
	            	positions below base line: 142
	pair: 10     ->	taxon1: S.mansoni 	taxon2: G.turnbull
	            	positions below base line: 154
	pair: 11     ->	taxon1: S.mansoni 	taxon2: T.solium  
	            	positions below base line: 132
	pair: 12     ->	taxon1: D.melanoga	taxon2: R.norvegic
	            	positions below base line: 79
	pair: 13     ->	taxon1: D.melanoga	taxon2: P.xenopodi
	            	positions below base line: 172
	pair: 14     ->	taxon1: D.melanoga	taxon2: D.rerio   
	            	positions below base line: 79
	pair: 15     ->	taxon1: D.melanoga	taxon2: H.robusta 
	            	positions below base line: 114
	pair: 16     ->	taxon1: D.melanoga	taxon2: O.viverrin
	            	positions below base line: 156
	pair: 17     ->	taxon1: D.melanoga	taxon2: H.microsto
	            	positions below base line: 169
	pair: 18     ->	taxon1: D.melanoga	taxon2: S.mediterr
	            	positions below base line: 163
	pair: 19     ->	taxon1: D.melanoga	taxon2: E.granulos
	            	positions below base line: 163
	pair: 20     ->	taxon1: D.melanoga	taxon2: G.turnbull
	            	positions below base line: 147
	pair: 21     ->	taxon1: D.melanoga	taxon2: T.solium  
	            	positions below base line: 157
	pair: 22     ->	taxon1: R.norvegic	taxon2: P.xenopodi
	            	positions below base line: 176
	pair: 23     ->	taxon1: R.norvegic	taxon2: D.rerio   
	            	positions below base line: 41
	pair: 24     ->	taxon1: R.norvegic	taxon2: H.robusta 
	            	positions below base line: 132
	pair: 25     ->	taxon1: R.norvegic	taxon2: O.viverrin
	            	positions below base line: 150
	pair: 26     ->	taxon1: R.norvegic	taxon2: H.microsto
	            	positions below base line: 158
	pair: 27     ->	taxon1: R.norvegic	taxon2: S.mediterr
	            	positions below base line: 150
	pair: 28     ->	taxon1: R.norvegic	taxon2: E.granulos
	            	positions below base line: 149
	pair: 29     ->	taxon1: R.norvegic	taxon2: G.turnbull
	            	positions below base line: 166
	pair: 30     ->	taxon1: R.norvegic	taxon2: T.solium  
	            	positions below base line: 158
	pair: 31     ->	taxon1: P.xenopodi	taxon2: D.rerio   
	            	positions below base line: 180
	pair: 32     ->	taxon1: P.xenopodi	taxon2: H.robusta 
	            	positions below base line: 192
	pair: 33     ->	taxon1: P.xenopodi	taxon2: O.viverrin
	            	positions below base line: 174
	pair: 34     ->	taxon1: P.xenopodi	taxon2: H.microsto
	            	positions below base line: 186
	pair: 35     ->	taxon1: P.xenopodi	taxon2: S.mediterr
	            	positions below base line: 172
	pair: 36     ->	taxon1: P.xenopodi	taxon2: E.granulos
	            	positions below base line: 162
	pair: 37     ->	taxon1: P.xenopodi	taxon2: G.turnbull
	            	positions below base line: 185
	pair: 38     ->	taxon1: P.xenopodi	taxon2: T.solium  
	            	positions below base line: 170
	pair: 39     ->	taxon1: D.rerio   	taxon2: H.robusta 
	            	positions below base line: 131
	pair: 40     ->	taxon1: D.rerio   	taxon2: O.viverrin
	            	positions below base line: 148
	pair: 41     ->	taxon1: D.rerio   	taxon2: H.microsto
	            	positions below base line: 157
	pair: 42     ->	taxon1: D.rerio   	taxon2: S.mediterr
	            	positions below base line: 155
	pair: 43     ->	taxon1: D.rerio   	taxon2: E.granulos
	            	positions below base line: 151
	pair: 44     ->	taxon1: D.rerio   	taxon2: G.turnbull
	            	positions below base line: 163
	pair: 45     ->	taxon1: D.rerio   	taxon2: T.solium  
	            	positions below base line: 153
	pair: 46     ->	taxon1: H.robusta 	taxon2: O.viverrin
	            	positions below base line: 176
	pair: 47     ->	taxon1: H.robusta 	taxon2: H.microsto
	            	positions below base line: 169
	pair: 48     ->	taxon1: H.robusta 	taxon2: S.mediterr
	            	positions below base line: 146
	pair: 49     ->	taxon1: H.robusta 	taxon2: E.granulos
	            	positions below base line: 179
	pair: 50     ->	taxon1: H.robusta 	taxon2: G.turnbull
	            	positions below base line: 162
	pair: 51     ->	taxon1: H.robusta 	taxon2: T.solium  
	            	positions below base line: 171
	pair: 52     ->	taxon1: O.viverrin	taxon2: H.microsto
	            	positions below base line: 138
	pair: 53     ->	taxon1: O.viverrin	taxon2: S.mediterr
	            	positions below base line: 164
	pair: 54     ->	taxon1: O.viverrin	taxon2: E.granulos
	            	positions below base line: 143
	pair: 55     ->	taxon1: O.viverrin	taxon2: G.turnbull
	            	positions below base line: 162
	pair: 56     ->	taxon1: O.viverrin	taxon2: T.solium  
	            	positions below base line: 146
	pair: 57     ->	taxon1: H.microsto	taxon2: S.mediterr
	            	positions below base line: 172
	pair: 58     ->	taxon1: H.microsto	taxon2: E.granulos
	            	positions below base line: 131
	pair: 59     ->	taxon1: H.microsto	taxon2: G.turnbull
	            	positions below base line: 162
	pair: 60     ->	taxon1: H.microsto	taxon2: T.solium  
	            	positions below base line: 145
	pair: 61     ->	taxon1: S.mediterr	taxon2: E.granulos
	            	positions below base line: 159
	pair: 62     ->	taxon1: S.mediterr	taxon2: G.turnbull
	            	positions below base line: 168
	pair: 63     ->	taxon1: S.mediterr	taxon2: T.solium  
	            	positions below base line: 165
	pair: 64     ->	taxon1: E.granulos	taxon2: G.turnbull
	            	positions below base line: 163
	pair: 65     ->	taxon1: E.granulos	taxon2: T.solium  
	            	positions below base line: 104
	pair: 66     ->	taxon1: G.turnbull	taxon2: T.solium  
	            	positions below base line: 154

	generates quality profile from collected scores ...


	scoring done ...


	generates vector plot from collected scores ...


Argument "-" treated as 0 in increment (++) at /usr/bin/Aliscore.pl line 1213.
	Profile written to EOG091G0M12.clustalo.aln.fasta_Profile_random.txt
	List   written to EOG091G0M12.clustalo.aln.fasta_List_random.txt

	time used: 3.87 sec

