
RAxML can't, parse the alignment file as phylip file 
it will now try to parse it as FASTA file


This is the RAxML Master Pthread

This is RAxML Worker Pthread Number: 1


This is RAxML version 8.2.12 released by Alexandros Stamatakis on May 2018.

With greatly appreciated code contributions by:
Andre Aberer      (HITS)
Simon Berger      (HITS)
Alexey Kozlov     (HITS)
Kassian Kobert    (HITS)
David Dao         (KIT and HITS)
Sarah Lutteropp   (KIT and HITS)
Nick Pattengale   (Sandia)
Wayne Pfeiffer    (SDSC)
Akifumi S. Tanabe (NRIFS)
Charlie Taylor    (UF)


Alignment has 110 distinct alignment patterns

Proportion of gaps and completely undetermined characters in this alignment: 2.73%

RAxML rapid bootstrapping and subsequent ML search

Using 1 distinct models/data partitions with joint branch length optimization



Executing 100 rapid bootstrap inferences and thereafter a thorough ML search 

All free model parameters will be estimated by RAxML
GAMMA model of rate heterogeneity, ML estimate of alpha-parameter

GAMMA Model parameters will be estimated up to an accuracy of 0.1000000000 Log Likelihood units

Partition: 0
Alignment Patterns: 110
Name: No Name Provided
DataType: AA
Substitution Matrix: LG
Using empirical base frequencies




RAxML was called as follows:

raxml -f a -T 2 -m PROTGAMMALGF -p 12345 -x 12345 -# 100 -s ALICUT_EOG091G0M12.clustalo.aln.fasta -n EOG091G0M12.clustalo.aln.ALICUT.LGF 



Time for BS model parameter optimization 0.017779
Bootstrap[0]: Time 0.344757 seconds, bootstrap likelihood -1954.697083, best rearrangement setting 13
Bootstrap[1]: Time 0.268953 seconds, bootstrap likelihood -1952.737800, best rearrangement setting 13
Bootstrap[2]: Time 0.284062 seconds, bootstrap likelihood -1866.422855, best rearrangement setting 12
Bootstrap[3]: Time 0.296698 seconds, bootstrap likelihood -2153.453866, best rearrangement setting 15
Bootstrap[4]: Time 0.295707 seconds, bootstrap likelihood -2008.331020, best rearrangement setting 10
Bootstrap[5]: Time 0.288237 seconds, bootstrap likelihood -1993.939909, best rearrangement setting 10
Bootstrap[6]: Time 0.273423 seconds, bootstrap likelihood -2029.465549, best rearrangement setting 6
Bootstrap[7]: Time 0.285800 seconds, bootstrap likelihood -2063.501860, best rearrangement setting 14
Bootstrap[8]: Time 0.300055 seconds, bootstrap likelihood -1881.665637, best rearrangement setting 5
Bootstrap[9]: Time 0.274791 seconds, bootstrap likelihood -1975.187002, best rearrangement setting 7
Bootstrap[10]: Time 0.274468 seconds, bootstrap likelihood -1985.551733, best rearrangement setting 7
Bootstrap[11]: Time 0.305127 seconds, bootstrap likelihood -2150.621385, best rearrangement setting 5
Bootstrap[12]: Time 0.296684 seconds, bootstrap likelihood -2066.677397, best rearrangement setting 8
Bootstrap[13]: Time 0.410205 seconds, bootstrap likelihood -1995.858585, best rearrangement setting 7
Bootstrap[14]: Time 0.316453 seconds, bootstrap likelihood -2000.314697, best rearrangement setting 12
Bootstrap[15]: Time 0.326251 seconds, bootstrap likelihood -2041.656894, best rearrangement setting 15
Bootstrap[16]: Time 0.288569 seconds, bootstrap likelihood -1794.324546, best rearrangement setting 12
Bootstrap[17]: Time 0.299348 seconds, bootstrap likelihood -1886.365972, best rearrangement setting 12
Bootstrap[18]: Time 0.328332 seconds, bootstrap likelihood -1938.895892, best rearrangement setting 5
Bootstrap[19]: Time 0.345205 seconds, bootstrap likelihood -2023.859014, best rearrangement setting 8
Bootstrap[20]: Time 0.289438 seconds, bootstrap likelihood -2094.921176, best rearrangement setting 10
Bootstrap[21]: Time 0.273806 seconds, bootstrap likelihood -1824.570564, best rearrangement setting 6
Bootstrap[22]: Time 0.284846 seconds, bootstrap likelihood -1955.440529, best rearrangement setting 5
Bootstrap[23]: Time 0.349165 seconds, bootstrap likelihood -2014.257637, best rearrangement setting 7
Bootstrap[24]: Time 0.333814 seconds, bootstrap likelihood -2064.704620, best rearrangement setting 8
Bootstrap[25]: Time 0.383201 seconds, bootstrap likelihood -1930.106467, best rearrangement setting 6
Bootstrap[26]: Time 0.515661 seconds, bootstrap likelihood -2105.515954, best rearrangement setting 12
Bootstrap[27]: Time 0.448371 seconds, bootstrap likelihood -1912.547814, best rearrangement setting 10
Bootstrap[28]: Time 0.414190 seconds, bootstrap likelihood -2132.104638, best rearrangement setting 11
Bootstrap[29]: Time 0.310594 seconds, bootstrap likelihood -2006.864768, best rearrangement setting 12
Bootstrap[30]: Time 0.309548 seconds, bootstrap likelihood -1972.683687, best rearrangement setting 15
Bootstrap[31]: Time 0.140423 seconds, bootstrap likelihood -2140.269564, best rearrangement setting 15
Bootstrap[32]: Time 0.271796 seconds, bootstrap likelihood -1989.065274, best rearrangement setting 6
Bootstrap[33]: Time 0.298682 seconds, bootstrap likelihood -1992.179170, best rearrangement setting 15
Bootstrap[34]: Time 0.287770 seconds, bootstrap likelihood -2046.998135, best rearrangement setting 11
Bootstrap[35]: Time 0.324214 seconds, bootstrap likelihood -1962.515708, best rearrangement setting 8
Bootstrap[36]: Time 0.323708 seconds, bootstrap likelihood -1956.726198, best rearrangement setting 9
Bootstrap[37]: Time 0.320853 seconds, bootstrap likelihood -2032.756257, best rearrangement setting 11
Bootstrap[38]: Time 0.346833 seconds, bootstrap likelihood -2013.689182, best rearrangement setting 8
Bootstrap[39]: Time 0.299930 seconds, bootstrap likelihood -1883.262871, best rearrangement setting 13
Bootstrap[40]: Time 0.281961 seconds, bootstrap likelihood -1835.799969, best rearrangement setting 13
Bootstrap[41]: Time 0.315580 seconds, bootstrap likelihood -1937.334364, best rearrangement setting 10
Bootstrap[42]: Time 0.348255 seconds, bootstrap likelihood -2068.706769, best rearrangement setting 5
Bootstrap[43]: Time 0.381106 seconds, bootstrap likelihood -2012.695074, best rearrangement setting 14
Bootstrap[44]: Time 0.351372 seconds, bootstrap likelihood -1946.629630, best rearrangement setting 10
Bootstrap[45]: Time 0.252403 seconds, bootstrap likelihood -2015.510684, best rearrangement setting 15
Bootstrap[46]: Time 0.351924 seconds, bootstrap likelihood -2023.359032, best rearrangement setting 14
Bootstrap[47]: Time 0.363311 seconds, bootstrap likelihood -1903.036298, best rearrangement setting 8
Bootstrap[48]: Time 0.370317 seconds, bootstrap likelihood -1903.644563, best rearrangement setting 6
Bootstrap[49]: Time 0.375391 seconds, bootstrap likelihood -2021.951278, best rearrangement setting 7
Bootstrap[50]: Time 0.291851 seconds, bootstrap likelihood -1945.515231, best rearrangement setting 7
Bootstrap[51]: Time 0.336015 seconds, bootstrap likelihood -1922.978933, best rearrangement setting 11
Bootstrap[52]: Time 0.293395 seconds, bootstrap likelihood -1909.719603, best rearrangement setting 12
Bootstrap[53]: Time 0.151982 seconds, bootstrap likelihood -2155.725987, best rearrangement setting 8
Bootstrap[54]: Time 0.137253 seconds, bootstrap likelihood -1993.821641, best rearrangement setting 9
Bootstrap[55]: Time 0.293809 seconds, bootstrap likelihood -1880.924800, best rearrangement setting 11
Bootstrap[56]: Time 0.300906 seconds, bootstrap likelihood -1946.715359, best rearrangement setting 5
Bootstrap[57]: Time 0.310843 seconds, bootstrap likelihood -1937.310583, best rearrangement setting 7
Bootstrap[58]: Time 0.278805 seconds, bootstrap likelihood -1886.507458, best rearrangement setting 10
Bootstrap[59]: Time 0.287713 seconds, bootstrap likelihood -1837.097374, best rearrangement setting 9
Bootstrap[60]: Time 0.317746 seconds, bootstrap likelihood -1969.377538, best rearrangement setting 7
Bootstrap[61]: Time 0.257379 seconds, bootstrap likelihood -1978.649470, best rearrangement setting 5
Bootstrap[62]: Time 0.279906 seconds, bootstrap likelihood -2004.286791, best rearrangement setting 11
Bootstrap[63]: Time 0.274045 seconds, bootstrap likelihood -1777.316000, best rearrangement setting 12
Bootstrap[64]: Time 0.294151 seconds, bootstrap likelihood -2106.042541, best rearrangement setting 7
Bootstrap[65]: Time 0.318274 seconds, bootstrap likelihood -2070.796582, best rearrangement setting 5
Bootstrap[66]: Time 0.280245 seconds, bootstrap likelihood -1846.165897, best rearrangement setting 5
Bootstrap[67]: Time 0.282348 seconds, bootstrap likelihood -1882.652931, best rearrangement setting 15
Bootstrap[68]: Time 0.269501 seconds, bootstrap likelihood -2036.536879, best rearrangement setting 11
Bootstrap[69]: Time 0.285592 seconds, bootstrap likelihood -1794.599680, best rearrangement setting 5
Bootstrap[70]: Time 0.288022 seconds, bootstrap likelihood -1795.002691, best rearrangement setting 8
Bootstrap[71]: Time 0.295110 seconds, bootstrap likelihood -1862.432121, best rearrangement setting 10
Bootstrap[72]: Time 0.309372 seconds, bootstrap likelihood -2052.943237, best rearrangement setting 11
Bootstrap[73]: Time 0.244856 seconds, bootstrap likelihood -2020.727211, best rearrangement setting 9
Bootstrap[74]: Time 0.287454 seconds, bootstrap likelihood -1910.246975, best rearrangement setting 5
Bootstrap[75]: Time 0.291858 seconds, bootstrap likelihood -2136.942939, best rearrangement setting 8
Bootstrap[76]: Time 0.315618 seconds, bootstrap likelihood -2070.304115, best rearrangement setting 9
Bootstrap[77]: Time 0.343446 seconds, bootstrap likelihood -1993.032591, best rearrangement setting 11
Bootstrap[78]: Time 0.288735 seconds, bootstrap likelihood -1898.636125, best rearrangement setting 15
Bootstrap[79]: Time 0.319970 seconds, bootstrap likelihood -2007.962948, best rearrangement setting 9
Bootstrap[80]: Time 0.302626 seconds, bootstrap likelihood -1981.640671, best rearrangement setting 15
Bootstrap[81]: Time 0.270774 seconds, bootstrap likelihood -1955.437692, best rearrangement setting 7
Bootstrap[82]: Time 0.305613 seconds, bootstrap likelihood -1763.453554, best rearrangement setting 6
Bootstrap[83]: Time 0.302203 seconds, bootstrap likelihood -1998.387818, best rearrangement setting 10
Bootstrap[84]: Time 0.392838 seconds, bootstrap likelihood -1922.576009, best rearrangement setting 11
Bootstrap[85]: Time 0.477935 seconds, bootstrap likelihood -2206.997895, best rearrangement setting 8
Bootstrap[86]: Time 0.448553 seconds, bootstrap likelihood -2052.380293, best rearrangement setting 7
Bootstrap[87]: Time 0.267591 seconds, bootstrap likelihood -2042.100898, best rearrangement setting 7
Bootstrap[88]: Time 0.300586 seconds, bootstrap likelihood -1945.934295, best rearrangement setting 12
Bootstrap[89]: Time 0.318883 seconds, bootstrap likelihood -1901.891643, best rearrangement setting 10
Bootstrap[90]: Time 0.324807 seconds, bootstrap likelihood -1998.992612, best rearrangement setting 8
Bootstrap[91]: Time 0.316592 seconds, bootstrap likelihood -1985.704879, best rearrangement setting 12
Bootstrap[92]: Time 0.312227 seconds, bootstrap likelihood -1813.435508, best rearrangement setting 13
Bootstrap[93]: Time 0.308160 seconds, bootstrap likelihood -1967.052781, best rearrangement setting 15
Bootstrap[94]: Time 0.263510 seconds, bootstrap likelihood -1712.773812, best rearrangement setting 5
Bootstrap[95]: Time 0.337235 seconds, bootstrap likelihood -1783.248700, best rearrangement setting 5
Bootstrap[96]: Time 0.299036 seconds, bootstrap likelihood -2152.162051, best rearrangement setting 13
Bootstrap[97]: Time 0.290247 seconds, bootstrap likelihood -1869.162070, best rearrangement setting 11
Bootstrap[98]: Time 0.339345 seconds, bootstrap likelihood -2112.671826, best rearrangement setting 6
Bootstrap[99]: Time 0.128552 seconds, bootstrap likelihood -1997.734390, best rearrangement setting 14


Overall Time for 100 Rapid Bootstraps 30.871870 seconds
Average Time per Rapid Bootstrap 0.308719 seconds

Starting ML Search ...

Fast ML optimization finished

Fast ML search Time: 23.772947 seconds

Slow ML Search 0 Likelihood: -1994.625541
Slow ML Search 1 Likelihood: -1994.625541
Slow ML Search 2 Likelihood: -1994.625541
Slow ML Search 3 Likelihood: -1994.625541
Slow ML Search 4 Likelihood: -1994.625541
Slow ML Search 5 Likelihood: -1994.625541
Slow ML Search 6 Likelihood: -1994.625541
Slow ML Search 7 Likelihood: -1994.625541
Slow ML Search 8 Likelihood: -1994.625541
Slow ML Search 9 Likelihood: -1994.625541
Slow ML optimization finished

Slow ML search Time: 7.059383 seconds
Thorough ML search Time: 0.570142 seconds

Final ML Optimization Likelihood: -1994.625541

Model Information:

Model Parameters of Partition 0, Name: No Name Provided, Type of Data: AA
alpha: 0.809401
Tree-Length: 5.076567
rate A <-> R: 0.399182
rate A <-> N: 0.259945
rate A <-> D: 0.371058
rate A <-> C: 2.337364
rate A <-> Q: 0.910775
rate A <-> E: 0.975241
rate A <-> G: 1.940106
rate A <-> H: 0.336984
rate A <-> I: 0.140697
rate A <-> L: 0.371240
rate A <-> K: 0.503815
rate A <-> M: 1.055520
rate A <-> F: 0.238237
rate A <-> P: 1.105868
rate A <-> S: 4.439041
rate A <-> T: 2.009090
rate A <-> W: 0.169702
rate A <-> Y: 0.205613
rate A <-> V: 2.392567
rate R <-> N: 0.706048
rate R <-> D: 0.116398
rate R <-> C: 0.501968
rate R <-> Q: 2.636754
rate R <-> E: 0.341785
rate R <-> G: 0.366408
rate R <-> H: 2.278690
rate R <-> I: 0.119250
rate R <-> L: 0.283449
rate R <-> K: 5.940467
rate R <-> M: 0.454623
rate R <-> F: 0.049508
rate R <-> P: 0.312264
rate R <-> S: 0.805843
rate R <-> T: 0.543695
rate R <-> W: 0.557424
rate R <-> Y: 0.295274
rate R <-> V: 0.160471
rate N <-> D: 4.766737
rate N <-> C: 0.496537
rate N <-> Q: 1.592389
rate N <-> E: 0.508692
rate N <-> G: 1.350015
rate N <-> H: 4.234381
rate N <-> I: 0.179830
rate N <-> L: 0.064256
rate N <-> K: 2.014327
rate N <-> M: 0.348390
rate N <-> F: 0.084068
rate N <-> P: 0.151925
rate N <-> S: 3.764032
rate N <-> T: 1.878729
rate N <-> W: 0.042610
rate N <-> Y: 0.574720
rate N <-> V: 0.078587
rate D <-> C: 0.058743
rate D <-> Q: 0.491483
rate D <-> E: 4.924234
rate D <-> G: 0.793424
rate D <-> H: 0.870603
rate D <-> I: 0.010038
rate D <-> L: 0.014157
rate D <-> K: 0.265711
rate D <-> M: 0.023991
rate D <-> F: 0.016354
rate D <-> P: 0.370412
rate D <-> S: 1.164675
rate D <-> T: 0.399902
rate D <-> W: 0.028068
rate D <-> Y: 0.126872
rate D <-> V: 0.035653
rate C <-> Q: 0.079639
rate C <-> E: 0.003286
rate C <-> G: 0.534566
rate C <-> H: 0.601499
rate C <-> I: 0.301083
rate C <-> L: 0.557800
rate C <-> K: 0.012457
rate C <-> M: 0.839207
rate C <-> F: 1.037881
rate C <-> P: 0.070787
rate C <-> S: 2.614753
rate C <-> T: 1.073780
rate C <-> W: 0.629281
rate C <-> Y: 1.094488
rate C <-> V: 1.839864
rate Q <-> E: 3.876936
rate Q <-> G: 0.251626
rate Q <-> H: 4.520102
rate Q <-> I: 0.068413
rate Q <-> L: 0.546954
rate Q <-> K: 3.037150
rate Q <-> M: 1.570619
rate Q <-> F: 0.033669
rate Q <-> P: 0.586241
rate Q <-> S: 1.149231
rate Q <-> T: 1.014297
rate Q <-> W: 0.221802
rate Q <-> Y: 0.241650
rate Q <-> V: 0.197511
rate E <-> G: 0.327583
rate E <-> H: 0.398044
rate E <-> I: 0.041567
rate E <-> L: 0.065426
rate E <-> K: 1.697022
rate E <-> M: 0.163145
rate E <-> F: 0.017664
rate E <-> P: 0.393844
rate E <-> S: 0.574671
rate E <-> T: 0.567695
rate E <-> W: 0.073107
rate E <-> Y: 0.112720
rate E <-> V: 0.230098
rate G <-> H: 0.292498
rate G <-> I: 0.008174
rate G <-> L: 0.041563
rate G <-> K: 0.278555
rate G <-> M: 0.131033
rate G <-> F: 0.084125
rate G <-> P: 0.184955
rate G <-> S: 1.633930
rate G <-> T: 0.121922
rate G <-> W: 0.252125
rate G <-> Y: 0.051346
rate G <-> V: 0.072026
rate H <-> I: 0.102245
rate H <-> L: 0.343988
rate H <-> K: 0.654763
rate H <-> M: 0.415502
rate H <-> F: 0.640560
rate H <-> P: 0.477834
rate H <-> S: 0.929667
rate H <-> T: 0.548649
rate H <-> W: 0.560661
rate H <-> Y: 4.983361
rate H <-> V: 0.111759
rate I <-> L: 3.892408
rate I <-> K: 0.149373
rate I <-> M: 4.013113
rate I <-> F: 1.044902
rate I <-> P: 0.073509
rate I <-> S: 0.060198
rate I <-> T: 0.970728
rate I <-> W: 0.104854
rate I <-> Y: 0.218350
rate I <-> V: 10.000000
rate L <-> K: 0.129119
rate L <-> M: 5.927594
rate L <-> F: 2.434657
rate L <-> P: 0.233879
rate L <-> S: 0.171176
rate L <-> T: 0.284471
rate L <-> W: 0.581863
rate L <-> Y: 0.281383
rate L <-> V: 1.598956
rate K <-> M: 0.616581
rate K <-> F: 0.022460
rate K <-> P: 0.366530
rate K <-> S: 0.703048
rate K <-> T: 1.067567
rate K <-> W: 0.046864
rate K <-> Y: 0.123890
rate K <-> V: 0.173913
rate M <-> F: 1.689205
rate M <-> P: 0.093763
rate M <-> S: 0.325811
rate M <-> T: 1.897216
rate M <-> W: 0.653740
rate M <-> Y: 0.451968
rate M <-> V: 1.782983
rate F <-> P: 0.088706
rate F <-> S: 0.339765
rate F <-> T: 0.154944
rate F <-> W: 2.307349
rate F <-> Y: 7.328222
rate F <-> V: 0.614777
rate P <-> S: 1.256567
rate P <-> T: 0.536635
rate P <-> W: 0.089332
rate P <-> Y: 0.084151
rate P <-> V: 0.278428
rate S <-> T: 6.077767
rate S <-> W: 0.233693
rate S <-> Y: 0.376132
rate S <-> V: 0.092373
rate T <-> W: 0.132241
rate T <-> Y: 0.230856
rate T <-> V: 2.054781
rate W <-> Y: 2.959699
rate W <-> V: 0.177959
rate Y <-> V: 0.234116

freq pi(A): 0.075594
freq pi(R): 0.060475
freq pi(N): 0.032397
freq pi(D): 0.063355
freq pi(C): 0.028798
freq pi(Q): 0.028798
freq pi(E): 0.061915
freq pi(G): 0.061195
freq pi(H): 0.020878
freq pi(I): 0.055436
freq pi(L): 0.114471
freq pi(K): 0.060475
freq pi(M): 0.012959
freq pi(F): 0.035277
freq pi(P): 0.035277
freq pi(S): 0.071994
freq pi(T): 0.052556
freq pi(W): 0.020878
freq pi(Y): 0.035997
freq pi(V): 0.071274


ML search took 31.425683 secs or 0.008729 hours

Combined Bootstrap and ML search took 62.297780 secs or 0.017305 hours

Drawing Bootstrap Support Values on best-scoring ML tree ...



Found 1 tree in File /in/RAxML_bestTree.EOG091G0M12.clustalo.aln.ALICUT.LGF



Found 1 tree in File /in/RAxML_bestTree.EOG091G0M12.clustalo.aln.ALICUT.LGF

Program execution info written to /in/RAxML_info.EOG091G0M12.clustalo.aln.ALICUT.LGF
All 100 bootstrapped trees written to: /in/RAxML_bootstrap.EOG091G0M12.clustalo.aln.ALICUT.LGF

Best-scoring ML tree written to: /in/RAxML_bestTree.EOG091G0M12.clustalo.aln.ALICUT.LGF

Best-scoring ML tree with support values written to: /in/RAxML_bipartitions.EOG091G0M12.clustalo.aln.ALICUT.LGF

Best-scoring ML tree with support values as branch labels written to: /in/RAxML_bipartitionsBranchLabels.EOG091G0M12.clustalo.aln.ALICUT.LGF

Overall execution time for full ML analysis: 62.299768 secs or 0.017305 hours or 0.000721 days

