
RAxML can't, parse the alignment file as phylip file 
it will now try to parse it as FASTA file


This is the RAxML Master Pthread

This is RAxML Worker Pthread Number: 1


This is RAxML version 8.2.12 released by Alexandros Stamatakis on May 2018.

With greatly appreciated code contributions by:
Andre Aberer      (HITS)
Simon Berger      (HITS)
Alexey Kozlov     (HITS)
Kassian Kobert    (HITS)
David Dao         (KIT and HITS)
Sarah Lutteropp   (KIT and HITS)
Nick Pattengale   (Sandia)
Wayne Pfeiffer    (SDSC)
Akifumi S. Tanabe (NRIFS)
Charlie Taylor    (UF)


Alignment has 97 distinct alignment patterns

Proportion of gaps and completely undetermined characters in this alignment: 4.92%

RAxML rapid bootstrapping and subsequent ML search

Using 1 distinct models/data partitions with joint branch length optimization



Executing 100 rapid bootstrap inferences and thereafter a thorough ML search 

All free model parameters will be estimated by RAxML
GAMMA model of rate heterogeneity, ML estimate of alpha-parameter

GAMMA Model parameters will be estimated up to an accuracy of 0.1000000000 Log Likelihood units

Partition: 0
Alignment Patterns: 97
Name: No Name Provided
DataType: AA
Substitution Matrix: VT
Using fixed base frequencies




RAxML was called as follows:

raxml -f a -T 2 -m PROTGAMMAVT -p 12345 -x 12345 -# 100 -s ALICUT_EOG091G0K6O.clustalo.aln.fasta -n EOG091G0K6O.clustalo.aln.ALICUT.VT 



Time for BS model parameter optimization 0.022585
Bootstrap[0]: Time 0.482187 seconds, bootstrap likelihood -1908.361524, best rearrangement setting 13
Bootstrap[1]: Time 0.431458 seconds, bootstrap likelihood -2055.222736, best rearrangement setting 13
Bootstrap[2]: Time 0.441670 seconds, bootstrap likelihood -1997.854167, best rearrangement setting 12
Bootstrap[3]: Time 0.441702 seconds, bootstrap likelihood -1884.219682, best rearrangement setting 15
Bootstrap[4]: Time 0.473746 seconds, bootstrap likelihood -2052.763981, best rearrangement setting 10
Bootstrap[5]: Time 0.377578 seconds, bootstrap likelihood -2299.202088, best rearrangement setting 10
Bootstrap[6]: Time 0.388292 seconds, bootstrap likelihood -2005.697734, best rearrangement setting 6
Bootstrap[7]: Time 0.395283 seconds, bootstrap likelihood -2275.748163, best rearrangement setting 14
Bootstrap[8]: Time 0.542718 seconds, bootstrap likelihood -2074.835042, best rearrangement setting 5
Bootstrap[9]: Time 0.427780 seconds, bootstrap likelihood -1759.192723, best rearrangement setting 7
Bootstrap[10]: Time 0.428906 seconds, bootstrap likelihood -2175.921728, best rearrangement setting 7
Bootstrap[11]: Time 0.444017 seconds, bootstrap likelihood -2314.055971, best rearrangement setting 5
Bootstrap[12]: Time 0.369557 seconds, bootstrap likelihood -2236.182166, best rearrangement setting 8
Bootstrap[13]: Time 0.403798 seconds, bootstrap likelihood -2202.854272, best rearrangement setting 7
Bootstrap[14]: Time 0.401233 seconds, bootstrap likelihood -2256.758057, best rearrangement setting 12
Bootstrap[15]: Time 0.394907 seconds, bootstrap likelihood -1873.299411, best rearrangement setting 15
Bootstrap[16]: Time 0.400854 seconds, bootstrap likelihood -2134.592966, best rearrangement setting 12
Bootstrap[17]: Time 0.486174 seconds, bootstrap likelihood -1894.714230, best rearrangement setting 12
Bootstrap[18]: Time 0.409051 seconds, bootstrap likelihood -2245.245396, best rearrangement setting 5
Bootstrap[19]: Time 0.430718 seconds, bootstrap likelihood -2301.287649, best rearrangement setting 8
Bootstrap[20]: Time 0.448338 seconds, bootstrap likelihood -2117.280819, best rearrangement setting 10
Bootstrap[21]: Time 0.426301 seconds, bootstrap likelihood -2336.089083, best rearrangement setting 6
Bootstrap[22]: Time 0.438381 seconds, bootstrap likelihood -2127.805063, best rearrangement setting 5
Bootstrap[23]: Time 0.495282 seconds, bootstrap likelihood -2275.331985, best rearrangement setting 7
Bootstrap[24]: Time 0.460904 seconds, bootstrap likelihood -2124.879444, best rearrangement setting 8
Bootstrap[25]: Time 0.426751 seconds, bootstrap likelihood -1946.522194, best rearrangement setting 6
Bootstrap[26]: Time 0.459855 seconds, bootstrap likelihood -2220.660404, best rearrangement setting 12
Bootstrap[27]: Time 0.402088 seconds, bootstrap likelihood -2066.025742, best rearrangement setting 10
Bootstrap[28]: Time 0.463934 seconds, bootstrap likelihood -2230.956721, best rearrangement setting 11
Bootstrap[29]: Time 0.382881 seconds, bootstrap likelihood -1706.480050, best rearrangement setting 12
Bootstrap[30]: Time 0.493416 seconds, bootstrap likelihood -2242.871198, best rearrangement setting 15
Bootstrap[31]: Time 0.486885 seconds, bootstrap likelihood -2294.946650, best rearrangement setting 15
Bootstrap[32]: Time 0.491880 seconds, bootstrap likelihood -2210.611557, best rearrangement setting 6
Bootstrap[33]: Time 0.533077 seconds, bootstrap likelihood -1957.991362, best rearrangement setting 15
Bootstrap[34]: Time 0.490836 seconds, bootstrap likelihood -2099.968296, best rearrangement setting 11
Bootstrap[35]: Time 0.447745 seconds, bootstrap likelihood -2326.088010, best rearrangement setting 8
Bootstrap[36]: Time 0.498206 seconds, bootstrap likelihood -2312.851817, best rearrangement setting 9
Bootstrap[37]: Time 0.412507 seconds, bootstrap likelihood -2296.555629, best rearrangement setting 11
Bootstrap[38]: Time 0.398502 seconds, bootstrap likelihood -1922.658968, best rearrangement setting 8
Bootstrap[39]: Time 0.464447 seconds, bootstrap likelihood -2069.389726, best rearrangement setting 13
Bootstrap[40]: Time 0.409966 seconds, bootstrap likelihood -2209.981589, best rearrangement setting 13
Bootstrap[41]: Time 0.489039 seconds, bootstrap likelihood -2017.526532, best rearrangement setting 10
Bootstrap[42]: Time 0.380958 seconds, bootstrap likelihood -2102.223122, best rearrangement setting 5
Bootstrap[43]: Time 0.417133 seconds, bootstrap likelihood -1789.034949, best rearrangement setting 14
Bootstrap[44]: Time 0.416403 seconds, bootstrap likelihood -2023.233887, best rearrangement setting 10
Bootstrap[45]: Time 0.422147 seconds, bootstrap likelihood -2145.442405, best rearrangement setting 15
Bootstrap[46]: Time 0.370997 seconds, bootstrap likelihood -2398.551950, best rearrangement setting 14
Bootstrap[47]: Time 0.412497 seconds, bootstrap likelihood -1989.525839, best rearrangement setting 8
Bootstrap[48]: Time 0.402397 seconds, bootstrap likelihood -2281.015656, best rearrangement setting 6
Bootstrap[49]: Time 0.331702 seconds, bootstrap likelihood -2218.524906, best rearrangement setting 7
Bootstrap[50]: Time 0.423078 seconds, bootstrap likelihood -2205.988572, best rearrangement setting 7
Bootstrap[51]: Time 0.472284 seconds, bootstrap likelihood -1940.506066, best rearrangement setting 11
Bootstrap[52]: Time 0.401835 seconds, bootstrap likelihood -2107.320570, best rearrangement setting 12
Bootstrap[53]: Time 0.417749 seconds, bootstrap likelihood -1973.179647, best rearrangement setting 8
Bootstrap[54]: Time 0.519381 seconds, bootstrap likelihood -2059.719199, best rearrangement setting 9
Bootstrap[55]: Time 0.384894 seconds, bootstrap likelihood -2135.659529, best rearrangement setting 11
Bootstrap[56]: Time 0.458344 seconds, bootstrap likelihood -1949.297485, best rearrangement setting 5
Bootstrap[57]: Time 0.359436 seconds, bootstrap likelihood -1917.466508, best rearrangement setting 7
Bootstrap[58]: Time 0.392164 seconds, bootstrap likelihood -2118.441681, best rearrangement setting 10
Bootstrap[59]: Time 0.413781 seconds, bootstrap likelihood -1952.313563, best rearrangement setting 9
Bootstrap[60]: Time 0.427859 seconds, bootstrap likelihood -2303.795435, best rearrangement setting 7
Bootstrap[61]: Time 0.407372 seconds, bootstrap likelihood -2061.667134, best rearrangement setting 5
Bootstrap[62]: Time 0.440334 seconds, bootstrap likelihood -2231.533232, best rearrangement setting 11
Bootstrap[63]: Time 0.441088 seconds, bootstrap likelihood -1947.161094, best rearrangement setting 12
Bootstrap[64]: Time 0.420868 seconds, bootstrap likelihood -2097.303005, best rearrangement setting 7
Bootstrap[65]: Time 0.438071 seconds, bootstrap likelihood -1990.291979, best rearrangement setting 5
Bootstrap[66]: Time 0.467454 seconds, bootstrap likelihood -2371.503369, best rearrangement setting 5
Bootstrap[67]: Time 0.424180 seconds, bootstrap likelihood -1779.362794, best rearrangement setting 15
Bootstrap[68]: Time 0.620152 seconds, bootstrap likelihood -2281.003077, best rearrangement setting 11
Bootstrap[69]: Time 0.488140 seconds, bootstrap likelihood -2220.088366, best rearrangement setting 5
Bootstrap[70]: Time 0.413998 seconds, bootstrap likelihood -2315.049313, best rearrangement setting 8
Bootstrap[71]: Time 0.557643 seconds, bootstrap likelihood -2322.925516, best rearrangement setting 10
Bootstrap[72]: Time 0.622661 seconds, bootstrap likelihood -2328.623246, best rearrangement setting 11
Bootstrap[73]: Time 0.602369 seconds, bootstrap likelihood -1913.099777, best rearrangement setting 9
Bootstrap[74]: Time 0.604128 seconds, bootstrap likelihood -2038.170613, best rearrangement setting 5
Bootstrap[75]: Time 0.660780 seconds, bootstrap likelihood -2149.954572, best rearrangement setting 8
Bootstrap[76]: Time 0.517223 seconds, bootstrap likelihood -2024.505532, best rearrangement setting 9
Bootstrap[77]: Time 0.444044 seconds, bootstrap likelihood -2068.407251, best rearrangement setting 11
Bootstrap[78]: Time 0.395769 seconds, bootstrap likelihood -2001.416335, best rearrangement setting 15
Bootstrap[79]: Time 0.392624 seconds, bootstrap likelihood -2082.999308, best rearrangement setting 9
Bootstrap[80]: Time 0.410856 seconds, bootstrap likelihood -2169.262689, best rearrangement setting 15
Bootstrap[81]: Time 0.366014 seconds, bootstrap likelihood -2164.236286, best rearrangement setting 7
Bootstrap[82]: Time 0.376222 seconds, bootstrap likelihood -2064.903660, best rearrangement setting 6
Bootstrap[83]: Time 0.495674 seconds, bootstrap likelihood -2146.203436, best rearrangement setting 10
Bootstrap[84]: Time 0.390463 seconds, bootstrap likelihood -1837.887814, best rearrangement setting 11
Bootstrap[85]: Time 0.413359 seconds, bootstrap likelihood -2137.630449, best rearrangement setting 8
Bootstrap[86]: Time 0.495946 seconds, bootstrap likelihood -2358.543723, best rearrangement setting 7
Bootstrap[87]: Time 0.426825 seconds, bootstrap likelihood -2143.437258, best rearrangement setting 7
Bootstrap[88]: Time 0.414363 seconds, bootstrap likelihood -1897.760593, best rearrangement setting 12
Bootstrap[89]: Time 0.437874 seconds, bootstrap likelihood -2020.058098, best rearrangement setting 10
Bootstrap[90]: Time 0.394797 seconds, bootstrap likelihood -2019.394333, best rearrangement setting 8
Bootstrap[91]: Time 0.426897 seconds, bootstrap likelihood -2126.754877, best rearrangement setting 12
Bootstrap[92]: Time 0.558718 seconds, bootstrap likelihood -2242.816911, best rearrangement setting 13
Bootstrap[93]: Time 0.421445 seconds, bootstrap likelihood -1960.633826, best rearrangement setting 15
Bootstrap[94]: Time 0.427516 seconds, bootstrap likelihood -2090.447936, best rearrangement setting 5
Bootstrap[95]: Time 0.472843 seconds, bootstrap likelihood -2025.425463, best rearrangement setting 5
Bootstrap[96]: Time 0.466810 seconds, bootstrap likelihood -2054.694485, best rearrangement setting 13
Bootstrap[97]: Time 0.392587 seconds, bootstrap likelihood -1984.873218, best rearrangement setting 11
Bootstrap[98]: Time 0.408733 seconds, bootstrap likelihood -2040.570723, best rearrangement setting 6
Bootstrap[99]: Time 0.432370 seconds, bootstrap likelihood -2146.753804, best rearrangement setting 14


Overall Time for 100 Rapid Bootstraps 44.423581 seconds
Average Time per Rapid Bootstrap 0.444236 seconds

Starting ML Search ...

Fast ML optimization finished

Fast ML search Time: 44.641616 seconds

Slow ML Search 0 Likelihood: -2126.070379
Slow ML Search 1 Likelihood: -2126.070379
Slow ML Search 2 Likelihood: -2126.070379
Slow ML Search 3 Likelihood: -2126.070379
Slow ML Search 4 Likelihood: -2126.070379
Slow ML Search 5 Likelihood: -2126.070379
Slow ML Search 6 Likelihood: -2126.070379
Slow ML Search 7 Likelihood: -2126.070379
Slow ML Search 8 Likelihood: -2126.070379
Slow ML Search 9 Likelihood: -2126.070379
Slow ML optimization finished

Slow ML search Time: 10.074548 seconds
Thorough ML search Time: 0.880655 seconds

Final ML Optimization Likelihood: -2126.070379

Model Information:

Model Parameters of Partition 0, Name: No Name Provided, Type of Data: AA
alpha: 0.850716
Tree-Length: 6.034413
rate A <-> R: 0.834583
rate A <-> N: 0.819222
rate A <-> D: 0.925128
rate A <-> C: 1.662834
rate A <-> Q: 1.489630
rate A <-> E: 1.571977
rate A <-> G: 2.244786
rate A <-> H: 0.646533
rate A <-> I: 0.598954
rate A <-> L: 0.724706
rate A <-> K: 1.003975
rate A <-> M: 1.277922
rate A <-> F: 0.462817
rate A <-> P: 1.839289
rate A <-> S: 4.317169
rate A <-> T: 3.556293
rate A <-> W: 0.369031
rate A <-> Y: 0.363867
rate A <-> V: 3.126612
rate R <-> N: 1.057005
rate R <-> D: 0.507678
rate R <-> C: 0.969161
rate R <-> Q: 3.706116
rate R <-> E: 0.910540
rate R <-> G: 0.882254
rate R <-> H: 3.310623
rate R <-> I: 0.290663
rate R <-> L: 0.563890
rate R <-> K: 6.735276
rate R <-> M: 0.839689
rate R <-> F: 0.284069
rate R <-> P: 0.880246
rate R <-> S: 1.291137
rate R <-> T: 0.898505
rate R <-> W: 1.019983
rate R <-> Y: 0.599251
rate R <-> V: 0.524914
rate N <-> D: 5.283707
rate N <-> C: 0.657885
rate N <-> Q: 2.026715
rate N <-> E: 1.351007
rate N <-> G: 1.621579
rate N <-> H: 4.166924
rate N <-> I: 0.617181
rate N <-> L: 0.275555
rate N <-> K: 2.960717
rate N <-> M: 0.630595
rate N <-> F: 0.339203
rate N <-> P: 0.477627
rate N <-> S: 4.117178
rate N <-> T: 2.612296
rate N <-> W: 0.121598
rate N <-> Y: 0.732534
rate N <-> V: 0.308350
rate D <-> C: 0.152794
rate D <-> Q: 1.113600
rate D <-> E: 6.514078
rate D <-> G: 1.287041
rate D <-> H: 1.442865
rate D <-> I: 0.145342
rate D <-> L: 0.240316
rate D <-> K: 0.976390
rate D <-> M: 0.274004
rate D <-> F: 0.112629
rate D <-> P: 0.720410
rate D <-> S: 1.490086
rate D <-> T: 1.013038
rate D <-> W: 0.167861
rate D <-> Y: 0.500750
rate D <-> V: 0.308919
rate C <-> Q: 0.308444
rate C <-> E: 0.303852
rate C <-> G: 0.741925
rate C <-> H: 1.021773
rate C <-> I: 0.613643
rate C <-> L: 0.946775
rate C <-> K: 0.226660
rate C <-> M: 0.821160
rate C <-> F: 1.139920
rate C <-> P: 0.290879
rate C <-> S: 2.445168
rate C <-> T: 1.180471
rate C <-> W: 1.094282
rate C <-> Y: 1.450943
rate C <-> V: 1.521385
rate Q <-> E: 4.580442
rate Q <-> G: 0.590073
rate Q <-> H: 5.375081
rate Q <-> I: 0.328297
rate Q <-> L: 0.895459
rate Q <-> K: 4.069075
rate Q <-> M: 1.284628
rate Q <-> F: 0.240264
rate Q <-> P: 1.547723
rate Q <-> S: 1.559457
rate Q <-> T: 1.450723
rate Q <-> W: 0.602375
rate Q <-> Y: 0.617470
rate Q <-> V: 0.428089
rate E <-> G: 0.931902
rate E <-> H: 1.099990
rate E <-> I: 0.271332
rate E <-> L: 0.377243
rate E <-> K: 2.910662
rate E <-> M: 0.502385
rate E <-> F: 0.155799
rate E <-> P: 1.017473
rate E <-> S: 1.228644
rate E <-> T: 1.065021
rate E <-> W: 0.282284
rate E <-> Y: 0.391188
rate E <-> V: 0.601130
rate G <-> H: 0.575626
rate G <-> I: 0.194183
rate G <-> L: 0.240616
rate G <-> K: 0.601466
rate G <-> M: 0.400379
rate G <-> F: 0.248352
rate G <-> P: 0.520740
rate G <-> S: 2.059969
rate G <-> T: 0.480570
rate G <-> W: 0.628642
rate G <-> Y: 0.226886
rate G <-> V: 0.416416
rate H <-> I: 0.389159
rate H <-> L: 0.723799
rate H <-> K: 1.215976
rate H <-> M: 0.928418
rate H <-> F: 0.916414
rate H <-> P: 1.235167
rate H <-> S: 1.324547
rate H <-> T: 1.084968
rate H <-> W: 0.423720
rate H <-> Y: 5.216687
rate H <-> V: 0.358586
rate I <-> L: 4.035459
rate I <-> K: 0.419843
rate I <-> M: 4.545028
rate I <-> F: 1.537308
rate I <-> P: 0.323501
rate I <-> S: 0.406611
rate I <-> T: 1.771324
rate I <-> W: 0.376835
rate I <-> Y: 0.580033
rate I <-> V: 10.000000
rate L <-> K: 0.379369
rate L <-> M: 5.400938
rate L <-> F: 2.932276
rate L <-> P: 0.678032
rate L <-> S: 0.602017
rate L <-> T: 0.685272
rate L <-> W: 1.020855
rate L <-> Y: 0.837242
rate L <-> V: 2.384069
rate K <-> M: 1.151735
rate K <-> F: 0.262931
rate K <-> P: 0.935857
rate K <-> S: 1.329706
rate K <-> T: 1.715451
rate K <-> W: 0.393461
rate K <-> Y: 0.526826
rate K <-> V: 0.524515
rate M <-> F: 1.559973
rate M <-> P: 0.333034
rate M <-> S: 0.716569
rate M <-> T: 2.261053
rate M <-> W: 0.987060
rate M <-> Y: 0.732819
rate M <-> V: 2.728754
rate F <-> P: 0.251922
rate F <-> S: 0.744920
rate F <-> T: 0.462769
rate F <-> W: 2.248947
rate F <-> Y: 6.982383
rate F <-> V: 1.145687
rate P <-> S: 2.384594
rate P <-> T: 1.310123
rate P <-> W: 0.290868
rate P <-> Y: 0.324019
rate P <-> V: 0.402442
rate S <-> T: 5.949061
rate S <-> W: 0.456610
rate S <-> Y: 0.641920
rate S <-> V: 0.625649
rate T <-> W: 0.303518
rate T <-> Y: 0.575832
rate T <-> V: 2.302318
rate W <-> Y: 3.050994
rate W <-> V: 0.380488
rate Y <-> V: 0.672362

freq pi(A): 0.077076
freq pi(R): 0.050082
freq pi(N): 0.046238
freq pi(D): 0.053793
freq pi(C): 0.014453
freq pi(Q): 0.040892
freq pi(E): 0.063358
freq pi(G): 0.065567
freq pi(H): 0.021880
freq pi(I): 0.059197
freq pi(L): 0.097646
freq pi(K): 0.059208
freq pi(M): 0.022070
freq pi(F): 0.041351
freq pi(P): 0.047687
freq pi(S): 0.070730
freq pi(T): 0.056776
freq pi(W): 0.012702
freq pi(Y): 0.032375
freq pi(V): 0.066919


ML search took 55.619636 secs or 0.015450 hours

Combined Bootstrap and ML search took 100.043438 secs or 0.027790 hours

Drawing Bootstrap Support Values on best-scoring ML tree ...



Found 1 tree in File /in/RAxML_bestTree.EOG091G0K6O.clustalo.aln.ALICUT.VT



Found 1 tree in File /in/RAxML_bestTree.EOG091G0K6O.clustalo.aln.ALICUT.VT

Program execution info written to /in/RAxML_info.EOG091G0K6O.clustalo.aln.ALICUT.VT
All 100 bootstrapped trees written to: /in/RAxML_bootstrap.EOG091G0K6O.clustalo.aln.ALICUT.VT

Best-scoring ML tree written to: /in/RAxML_bestTree.EOG091G0K6O.clustalo.aln.ALICUT.VT

Best-scoring ML tree with support values written to: /in/RAxML_bipartitions.EOG091G0K6O.clustalo.aln.ALICUT.VT

Best-scoring ML tree with support values as branch labels written to: /in/RAxML_bipartitionsBranchLabels.EOG091G0K6O.clustalo.aln.ALICUT.VT

Overall execution time for full ML analysis: 100.045759 secs or 0.027790 hours or 0.001158 days

