
RAxML can't, parse the alignment file as phylip file 
it will now try to parse it as FASTA file


This is the RAxML Master Pthread

This is RAxML Worker Pthread Number: 1


This is RAxML version 8.2.12 released by Alexandros Stamatakis on May 2018.

With greatly appreciated code contributions by:
Andre Aberer      (HITS)
Simon Berger      (HITS)
Alexey Kozlov     (HITS)
Kassian Kobert    (HITS)
David Dao         (KIT and HITS)
Sarah Lutteropp   (KIT and HITS)
Nick Pattengale   (Sandia)
Wayne Pfeiffer    (SDSC)
Akifumi S. Tanabe (NRIFS)
Charlie Taylor    (UF)


Alignment has 229 distinct alignment patterns

Proportion of gaps and completely undetermined characters in this alignment: 8.59%

RAxML rapid bootstrapping and subsequent ML search

Using 1 distinct models/data partitions with joint branch length optimization



Executing 100 rapid bootstrap inferences and thereafter a thorough ML search 

All free model parameters will be estimated by RAxML
GAMMA model of rate heterogeneity, ML estimate of alpha-parameter

GAMMA Model parameters will be estimated up to an accuracy of 0.1000000000 Log Likelihood units

Partition: 0
Alignment Patterns: 229
Name: No Name Provided
DataType: AA
Substitution Matrix: LG
Using empirical base frequencies




RAxML was called as follows:

raxml -f a -T 2 -m PROTGAMMALGF -p 12345 -x 12345 -# 100 -s ALICUT_EOG091G06MR.clustalo.aln.fasta -n EOG091G06MR.clustalo.aln.ALICUT.LGF 



Time for BS model parameter optimization 0.032987
Bootstrap[0]: Time 0.667944 seconds, bootstrap likelihood -3803.569842, best rearrangement setting 13
Bootstrap[1]: Time 0.553869 seconds, bootstrap likelihood -3651.695858, best rearrangement setting 13
Bootstrap[2]: Time 0.554219 seconds, bootstrap likelihood -3607.382299, best rearrangement setting 12
Bootstrap[3]: Time 0.563225 seconds, bootstrap likelihood -3744.598254, best rearrangement setting 15
Bootstrap[4]: Time 0.565120 seconds, bootstrap likelihood -3664.477050, best rearrangement setting 10
Bootstrap[5]: Time 0.544983 seconds, bootstrap likelihood -3736.031586, best rearrangement setting 10
Bootstrap[6]: Time 0.262425 seconds, bootstrap likelihood -3946.123886, best rearrangement setting 6
Bootstrap[7]: Time 0.520955 seconds, bootstrap likelihood -3727.396705, best rearrangement setting 14
Bootstrap[8]: Time 0.535669 seconds, bootstrap likelihood -3699.616094, best rearrangement setting 5
Bootstrap[9]: Time 0.537847 seconds, bootstrap likelihood -3875.797944, best rearrangement setting 7
Bootstrap[10]: Time 0.541954 seconds, bootstrap likelihood -3618.026471, best rearrangement setting 7
Bootstrap[11]: Time 0.494644 seconds, bootstrap likelihood -3637.948472, best rearrangement setting 5
Bootstrap[12]: Time 0.566054 seconds, bootstrap likelihood -3943.944260, best rearrangement setting 8
Bootstrap[13]: Time 0.605900 seconds, bootstrap likelihood -3984.911988, best rearrangement setting 7
Bootstrap[14]: Time 0.559454 seconds, bootstrap likelihood -3776.405213, best rearrangement setting 12
Bootstrap[15]: Time 0.665739 seconds, bootstrap likelihood -3846.983837, best rearrangement setting 15
Bootstrap[16]: Time 0.562393 seconds, bootstrap likelihood -3830.877761, best rearrangement setting 12
Bootstrap[17]: Time 0.552699 seconds, bootstrap likelihood -3685.794576, best rearrangement setting 12
Bootstrap[18]: Time 0.547316 seconds, bootstrap likelihood -3833.582095, best rearrangement setting 5
Bootstrap[19]: Time 0.522571 seconds, bootstrap likelihood -3833.080943, best rearrangement setting 8
Bootstrap[20]: Time 0.570029 seconds, bootstrap likelihood -3593.557227, best rearrangement setting 10
Bootstrap[21]: Time 0.536054 seconds, bootstrap likelihood -3854.413148, best rearrangement setting 6
Bootstrap[22]: Time 0.266692 seconds, bootstrap likelihood -3682.768582, best rearrangement setting 5
Bootstrap[23]: Time 0.266069 seconds, bootstrap likelihood -3689.124719, best rearrangement setting 7
Bootstrap[24]: Time 0.526932 seconds, bootstrap likelihood -3731.491207, best rearrangement setting 8
Bootstrap[25]: Time 0.523387 seconds, bootstrap likelihood -3685.639606, best rearrangement setting 6
Bootstrap[26]: Time 0.839545 seconds, bootstrap likelihood -3588.939489, best rearrangement setting 12
Bootstrap[27]: Time 0.678048 seconds, bootstrap likelihood -3568.833018, best rearrangement setting 10
Bootstrap[28]: Time 0.535108 seconds, bootstrap likelihood -3750.523322, best rearrangement setting 11
Bootstrap[29]: Time 0.483498 seconds, bootstrap likelihood -3559.518661, best rearrangement setting 12
Bootstrap[30]: Time 0.566591 seconds, bootstrap likelihood -3749.474813, best rearrangement setting 15
Bootstrap[31]: Time 0.519351 seconds, bootstrap likelihood -3728.219109, best rearrangement setting 15
Bootstrap[32]: Time 0.555446 seconds, bootstrap likelihood -3707.068893, best rearrangement setting 6
Bootstrap[33]: Time 0.563190 seconds, bootstrap likelihood -3591.827116, best rearrangement setting 15
Bootstrap[34]: Time 0.545872 seconds, bootstrap likelihood -3916.307817, best rearrangement setting 11
Bootstrap[35]: Time 0.543213 seconds, bootstrap likelihood -3679.373156, best rearrangement setting 8
Bootstrap[36]: Time 0.452143 seconds, bootstrap likelihood -3546.357545, best rearrangement setting 9
Bootstrap[37]: Time 0.541905 seconds, bootstrap likelihood -3542.535860, best rearrangement setting 11
Bootstrap[38]: Time 0.590953 seconds, bootstrap likelihood -3922.898753, best rearrangement setting 8
Bootstrap[39]: Time 0.557944 seconds, bootstrap likelihood -3625.522417, best rearrangement setting 13
Bootstrap[40]: Time 0.577425 seconds, bootstrap likelihood -3676.998253, best rearrangement setting 13
Bootstrap[41]: Time 0.504085 seconds, bootstrap likelihood -3869.861816, best rearrangement setting 10
Bootstrap[42]: Time 0.530656 seconds, bootstrap likelihood -3672.806512, best rearrangement setting 5
Bootstrap[43]: Time 0.582349 seconds, bootstrap likelihood -3842.785831, best rearrangement setting 14
Bootstrap[44]: Time 0.547007 seconds, bootstrap likelihood -3797.334365, best rearrangement setting 10
Bootstrap[45]: Time 0.527878 seconds, bootstrap likelihood -3859.418169, best rearrangement setting 15
Bootstrap[46]: Time 0.520990 seconds, bootstrap likelihood -3775.586402, best rearrangement setting 14
Bootstrap[47]: Time 0.514766 seconds, bootstrap likelihood -3838.524513, best rearrangement setting 8
Bootstrap[48]: Time 0.569473 seconds, bootstrap likelihood -3772.973429, best rearrangement setting 6
Bootstrap[49]: Time 0.558739 seconds, bootstrap likelihood -3307.080368, best rearrangement setting 7
Bootstrap[50]: Time 0.552213 seconds, bootstrap likelihood -3686.826527, best rearrangement setting 7
Bootstrap[51]: Time 0.533233 seconds, bootstrap likelihood -3844.523785, best rearrangement setting 11
Bootstrap[52]: Time 0.504076 seconds, bootstrap likelihood -3561.092383, best rearrangement setting 12
Bootstrap[53]: Time 0.555681 seconds, bootstrap likelihood -3815.910918, best rearrangement setting 8
Bootstrap[54]: Time 0.494343 seconds, bootstrap likelihood -3865.598610, best rearrangement setting 9
Bootstrap[55]: Time 0.530332 seconds, bootstrap likelihood -3719.971354, best rearrangement setting 11
Bootstrap[56]: Time 0.561455 seconds, bootstrap likelihood -3702.154095, best rearrangement setting 5
Bootstrap[57]: Time 0.519585 seconds, bootstrap likelihood -3557.846898, best rearrangement setting 7
Bootstrap[58]: Time 0.545860 seconds, bootstrap likelihood -3574.300502, best rearrangement setting 10
Bootstrap[59]: Time 0.528792 seconds, bootstrap likelihood -3586.909991, best rearrangement setting 9
Bootstrap[60]: Time 0.508869 seconds, bootstrap likelihood -3799.439867, best rearrangement setting 7
Bootstrap[61]: Time 0.581010 seconds, bootstrap likelihood -3886.406760, best rearrangement setting 5
Bootstrap[62]: Time 0.566538 seconds, bootstrap likelihood -3616.783756, best rearrangement setting 11
Bootstrap[63]: Time 0.547258 seconds, bootstrap likelihood -3789.056172, best rearrangement setting 12
Bootstrap[64]: Time 0.533633 seconds, bootstrap likelihood -3681.823834, best rearrangement setting 7
Bootstrap[65]: Time 0.558846 seconds, bootstrap likelihood -3794.654868, best rearrangement setting 5
Bootstrap[66]: Time 0.500876 seconds, bootstrap likelihood -3833.956675, best rearrangement setting 5
Bootstrap[67]: Time 0.555081 seconds, bootstrap likelihood -3534.414426, best rearrangement setting 15
Bootstrap[68]: Time 0.524796 seconds, bootstrap likelihood -3648.711469, best rearrangement setting 11
Bootstrap[69]: Time 0.512110 seconds, bootstrap likelihood -3547.824902, best rearrangement setting 5
Bootstrap[70]: Time 0.625721 seconds, bootstrap likelihood -3784.565919, best rearrangement setting 8
Bootstrap[71]: Time 0.502159 seconds, bootstrap likelihood -3560.842664, best rearrangement setting 10
Bootstrap[72]: Time 0.534188 seconds, bootstrap likelihood -3689.201870, best rearrangement setting 11
Bootstrap[73]: Time 0.510335 seconds, bootstrap likelihood -3817.937795, best rearrangement setting 9
Bootstrap[74]: Time 0.548028 seconds, bootstrap likelihood -3690.283683, best rearrangement setting 5
Bootstrap[75]: Time 0.527915 seconds, bootstrap likelihood -3847.279136, best rearrangement setting 8
Bootstrap[76]: Time 0.558598 seconds, bootstrap likelihood -3708.167893, best rearrangement setting 9
Bootstrap[77]: Time 0.502248 seconds, bootstrap likelihood -3795.052493, best rearrangement setting 11
Bootstrap[78]: Time 0.558541 seconds, bootstrap likelihood -3722.947754, best rearrangement setting 15
Bootstrap[79]: Time 0.526238 seconds, bootstrap likelihood -4147.999729, best rearrangement setting 9
Bootstrap[80]: Time 0.563531 seconds, bootstrap likelihood -3806.303974, best rearrangement setting 15
Bootstrap[81]: Time 0.516715 seconds, bootstrap likelihood -3685.149571, best rearrangement setting 7
Bootstrap[82]: Time 0.525176 seconds, bootstrap likelihood -3552.290555, best rearrangement setting 6
Bootstrap[83]: Time 0.588185 seconds, bootstrap likelihood -3726.577280, best rearrangement setting 10
Bootstrap[84]: Time 0.499185 seconds, bootstrap likelihood -3729.095916, best rearrangement setting 11
Bootstrap[85]: Time 0.532139 seconds, bootstrap likelihood -3644.268973, best rearrangement setting 8
Bootstrap[86]: Time 0.594130 seconds, bootstrap likelihood -3671.723117, best rearrangement setting 7
Bootstrap[87]: Time 0.510412 seconds, bootstrap likelihood -3726.769025, best rearrangement setting 7
Bootstrap[88]: Time 0.555985 seconds, bootstrap likelihood -4016.547910, best rearrangement setting 12
Bootstrap[89]: Time 0.509073 seconds, bootstrap likelihood -3565.557648, best rearrangement setting 10
Bootstrap[90]: Time 0.529739 seconds, bootstrap likelihood -3670.876619, best rearrangement setting 8
Bootstrap[91]: Time 0.537826 seconds, bootstrap likelihood -3813.865980, best rearrangement setting 12
Bootstrap[92]: Time 0.581576 seconds, bootstrap likelihood -3751.185552, best rearrangement setting 13
Bootstrap[93]: Time 0.530995 seconds, bootstrap likelihood -3631.133221, best rearrangement setting 15
Bootstrap[94]: Time 0.528480 seconds, bootstrap likelihood -3635.724651, best rearrangement setting 5
Bootstrap[95]: Time 0.544615 seconds, bootstrap likelihood -3567.983766, best rearrangement setting 5
Bootstrap[96]: Time 0.590439 seconds, bootstrap likelihood -3778.161641, best rearrangement setting 13
Bootstrap[97]: Time 0.569148 seconds, bootstrap likelihood -3679.430130, best rearrangement setting 11
Bootstrap[98]: Time 0.562600 seconds, bootstrap likelihood -3713.801049, best rearrangement setting 6
Bootstrap[99]: Time 0.588287 seconds, bootstrap likelihood -3798.265512, best rearrangement setting 14


Overall Time for 100 Rapid Bootstraps 54.104961 seconds
Average Time per Rapid Bootstrap 0.541050 seconds

Starting ML Search ...

Fast ML optimization finished

Fast ML search Time: 44.910354 seconds

Slow ML Search 0 Likelihood: -3722.849741
Slow ML Search 1 Likelihood: -3722.849741
Slow ML Search 2 Likelihood: -3722.849741
Slow ML Search 3 Likelihood: -3722.849741
Slow ML Search 4 Likelihood: -3722.849741
Slow ML Search 5 Likelihood: -3722.856257
Slow ML Search 6 Likelihood: -3722.856257
Slow ML Search 7 Likelihood: -3722.856257
Slow ML Search 8 Likelihood: -3722.856257
Slow ML Search 9 Likelihood: -3722.856257
Slow ML optimization finished

Slow ML search Time: 17.997388 seconds
Thorough ML search Time: 0.836588 seconds

Final ML Optimization Likelihood: -3722.849741

Model Information:

Model Parameters of Partition 0, Name: No Name Provided, Type of Data: AA
alpha: 1.005176
Tree-Length: 4.766932
rate A <-> R: 0.399182
rate A <-> N: 0.259945
rate A <-> D: 0.371058
rate A <-> C: 2.337364
rate A <-> Q: 0.910775
rate A <-> E: 0.975241
rate A <-> G: 1.940106
rate A <-> H: 0.336984
rate A <-> I: 0.140697
rate A <-> L: 0.371240
rate A <-> K: 0.503815
rate A <-> M: 1.055520
rate A <-> F: 0.238237
rate A <-> P: 1.105868
rate A <-> S: 4.439041
rate A <-> T: 2.009090
rate A <-> W: 0.169702
rate A <-> Y: 0.205613
rate A <-> V: 2.392567
rate R <-> N: 0.706048
rate R <-> D: 0.116398
rate R <-> C: 0.501968
rate R <-> Q: 2.636754
rate R <-> E: 0.341785
rate R <-> G: 0.366408
rate R <-> H: 2.278690
rate R <-> I: 0.119250
rate R <-> L: 0.283449
rate R <-> K: 5.940467
rate R <-> M: 0.454623
rate R <-> F: 0.049508
rate R <-> P: 0.312264
rate R <-> S: 0.805843
rate R <-> T: 0.543695
rate R <-> W: 0.557424
rate R <-> Y: 0.295274
rate R <-> V: 0.160471
rate N <-> D: 4.766737
rate N <-> C: 0.496537
rate N <-> Q: 1.592389
rate N <-> E: 0.508692
rate N <-> G: 1.350015
rate N <-> H: 4.234381
rate N <-> I: 0.179830
rate N <-> L: 0.064256
rate N <-> K: 2.014327
rate N <-> M: 0.348390
rate N <-> F: 0.084068
rate N <-> P: 0.151925
rate N <-> S: 3.764032
rate N <-> T: 1.878729
rate N <-> W: 0.042610
rate N <-> Y: 0.574720
rate N <-> V: 0.078587
rate D <-> C: 0.058743
rate D <-> Q: 0.491483
rate D <-> E: 4.924234
rate D <-> G: 0.793424
rate D <-> H: 0.870603
rate D <-> I: 0.010038
rate D <-> L: 0.014157
rate D <-> K: 0.265711
rate D <-> M: 0.023991
rate D <-> F: 0.016354
rate D <-> P: 0.370412
rate D <-> S: 1.164675
rate D <-> T: 0.399902
rate D <-> W: 0.028068
rate D <-> Y: 0.126872
rate D <-> V: 0.035653
rate C <-> Q: 0.079639
rate C <-> E: 0.003286
rate C <-> G: 0.534566
rate C <-> H: 0.601499
rate C <-> I: 0.301083
rate C <-> L: 0.557800
rate C <-> K: 0.012457
rate C <-> M: 0.839207
rate C <-> F: 1.037881
rate C <-> P: 0.070787
rate C <-> S: 2.614753
rate C <-> T: 1.073780
rate C <-> W: 0.629281
rate C <-> Y: 1.094488
rate C <-> V: 1.839864
rate Q <-> E: 3.876936
rate Q <-> G: 0.251626
rate Q <-> H: 4.520102
rate Q <-> I: 0.068413
rate Q <-> L: 0.546954
rate Q <-> K: 3.037150
rate Q <-> M: 1.570619
rate Q <-> F: 0.033669
rate Q <-> P: 0.586241
rate Q <-> S: 1.149231
rate Q <-> T: 1.014297
rate Q <-> W: 0.221802
rate Q <-> Y: 0.241650
rate Q <-> V: 0.197511
rate E <-> G: 0.327583
rate E <-> H: 0.398044
rate E <-> I: 0.041567
rate E <-> L: 0.065426
rate E <-> K: 1.697022
rate E <-> M: 0.163145
rate E <-> F: 0.017664
rate E <-> P: 0.393844
rate E <-> S: 0.574671
rate E <-> T: 0.567695
rate E <-> W: 0.073107
rate E <-> Y: 0.112720
rate E <-> V: 0.230098
rate G <-> H: 0.292498
rate G <-> I: 0.008174
rate G <-> L: 0.041563
rate G <-> K: 0.278555
rate G <-> M: 0.131033
rate G <-> F: 0.084125
rate G <-> P: 0.184955
rate G <-> S: 1.633930
rate G <-> T: 0.121922
rate G <-> W: 0.252125
rate G <-> Y: 0.051346
rate G <-> V: 0.072026
rate H <-> I: 0.102245
rate H <-> L: 0.343988
rate H <-> K: 0.654763
rate H <-> M: 0.415502
rate H <-> F: 0.640560
rate H <-> P: 0.477834
rate H <-> S: 0.929667
rate H <-> T: 0.548649
rate H <-> W: 0.560661
rate H <-> Y: 4.983361
rate H <-> V: 0.111759
rate I <-> L: 3.892408
rate I <-> K: 0.149373
rate I <-> M: 4.013113
rate I <-> F: 1.044902
rate I <-> P: 0.073509
rate I <-> S: 0.060198
rate I <-> T: 0.970728
rate I <-> W: 0.104854
rate I <-> Y: 0.218350
rate I <-> V: 10.000000
rate L <-> K: 0.129119
rate L <-> M: 5.927594
rate L <-> F: 2.434657
rate L <-> P: 0.233879
rate L <-> S: 0.171176
rate L <-> T: 0.284471
rate L <-> W: 0.581863
rate L <-> Y: 0.281383
rate L <-> V: 1.598956
rate K <-> M: 0.616581
rate K <-> F: 0.022460
rate K <-> P: 0.366530
rate K <-> S: 0.703048
rate K <-> T: 1.067567
rate K <-> W: 0.046864
rate K <-> Y: 0.123890
rate K <-> V: 0.173913
rate M <-> F: 1.689205
rate M <-> P: 0.093763
rate M <-> S: 0.325811
rate M <-> T: 1.897216
rate M <-> W: 0.653740
rate M <-> Y: 0.451968
rate M <-> V: 1.782983
rate F <-> P: 0.088706
rate F <-> S: 0.339765
rate F <-> T: 0.154944
rate F <-> W: 2.307349
rate F <-> Y: 7.328222
rate F <-> V: 0.614777
rate P <-> S: 1.256567
rate P <-> T: 0.536635
rate P <-> W: 0.089332
rate P <-> Y: 0.084151
rate P <-> V: 0.278428
rate S <-> T: 6.077767
rate S <-> W: 0.233693
rate S <-> Y: 0.376132
rate S <-> V: 0.092373
rate T <-> W: 0.132241
rate T <-> Y: 0.230856
rate T <-> V: 2.054781
rate W <-> Y: 2.959699
rate W <-> V: 0.177959
rate Y <-> V: 0.234116

freq pi(A): 0.043976
freq pi(R): 0.046478
freq pi(N): 0.026457
freq pi(D): 0.067930
freq pi(C): 0.023239
freq pi(Q): 0.047551
freq pi(E): 0.069003
freq pi(G): 0.052914
freq pi(H): 0.021094
freq pi(I): 0.044333
freq pi(L): 0.105113
freq pi(K): 0.085806
freq pi(M): 0.021809
freq pi(F): 0.057562
freq pi(P): 0.038970
freq pi(S): 0.073293
freq pi(T): 0.047193
freq pi(W): 0.016446
freq pi(Y): 0.051841
freq pi(V): 0.058992


ML search took 63.766512 secs or 0.017713 hours

Combined Bootstrap and ML search took 117.871739 secs or 0.032742 hours

Drawing Bootstrap Support Values on best-scoring ML tree ...



Found 1 tree in File /in/RAxML_bestTree.EOG091G06MR.clustalo.aln.ALICUT.LGF



Found 1 tree in File /in/RAxML_bestTree.EOG091G06MR.clustalo.aln.ALICUT.LGF

Program execution info written to /in/RAxML_info.EOG091G06MR.clustalo.aln.ALICUT.LGF
All 100 bootstrapped trees written to: /in/RAxML_bootstrap.EOG091G06MR.clustalo.aln.ALICUT.LGF

Best-scoring ML tree written to: /in/RAxML_bestTree.EOG091G06MR.clustalo.aln.ALICUT.LGF

Best-scoring ML tree with support values written to: /in/RAxML_bipartitions.EOG091G06MR.clustalo.aln.ALICUT.LGF

Best-scoring ML tree with support values as branch labels written to: /in/RAxML_bipartitionsBranchLabels.EOG091G06MR.clustalo.aln.ALICUT.LGF

Overall execution time for full ML analysis: 117.873958 secs or 0.032743 hours or 0.001364 days

