
	reading taxa from FASTA ...


	C.intestinalis       -> sites: 4466  
	H.robusta            -> sites: 4466  
	L.gigantea           -> sites: 4466  
	T.solium             -> sites: 4466  
	M.lignano            -> sites: 4466  
	E.granulosus         -> sites: 4466  
	C.sinensis           -> sites: 4466  
	D.rerio              -> sites: 4466  
	G.turnbulli          -> sites: 4466  
	D.melanogaster       -> sites: 4466  
	H.microstoma         -> sites: 4466  
	S.mansoni            -> sites: 4466  
	G.salaris            -> sites: 4466  
	E.nipponicum         -> sites: 4466  
	O.viverrini          -> sites: 4466  
	R.norvegicus         -> sites: 4466  


	data type             : amino acid sequences

	input ...

	infile		: EOG091G0BKZ.clustalo.aln.fasta
	random pairs	: 200000000000000000
	window size	: 6
	indels		: ambiguous
	tree file	: -
	node level	: -
	strict profile	: -
	outgroup	: -
	matrix          : BLOSUM62

	number of taxa        : 16
	random number of pairs: 200000000000000000

	generates threshhold value for amino acid data
	using BLOSUM62

	checks for (potential) identical taxa


	scores site patterns ...


	max number of different pairs is 120
	max random pairs are scored!

	pair: 1      ->	taxon1: C.intestin	taxon2: H.robusta 
	            	positions below base line: 4262
	pair: 2      ->	taxon1: C.intestin	taxon2: L.gigantea
	            	positions below base line: 4209
	pair: 3      ->	taxon1: C.intestin	taxon2: T.solium  
	            	positions below base line: 4248
	pair: 4      ->	taxon1: C.intestin	taxon2: M.lignano 
	            	positions below base line: 4288
	pair: 5      ->	taxon1: C.intestin	taxon2: E.granulos
	            	positions below base line: 4251
	pair: 6      ->	taxon1: C.intestin	taxon2: C.sinensis
	            	positions below base line: 4260
	pair: 7      ->	taxon1: C.intestin	taxon2: D.rerio   
	            	positions below base line: 4193
	pair: 8      ->	taxon1: C.intestin	taxon2: G.turnbull
	            	positions below base line: 4334
	pair: 9      ->	taxon1: C.intestin	taxon2: D.melanoga
	            	positions below base line: 4213
	pair: 10     ->	taxon1: C.intestin	taxon2: H.microsto
	            	positions below base line: 4252
	pair: 11     ->	taxon1: C.intestin	taxon2: S.mansoni 
	            	positions below base line: 4246
	pair: 12     ->	taxon1: C.intestin	taxon2: G.salaris 
	            	positions below base line: 4257
	pair: 13     ->	taxon1: C.intestin	taxon2: E.nipponic
	            	positions below base line: 4326
	pair: 14     ->	taxon1: C.intestin	taxon2: O.viverrin
	            	positions below base line: 4245
	pair: 15     ->	taxon1: C.intestin	taxon2: R.norvegic
	            	positions below base line: 4163
	pair: 16     ->	taxon1: H.robusta 	taxon2: L.gigantea
	            	positions below base line: 4221
	pair: 17     ->	taxon1: H.robusta 	taxon2: T.solium  
	            	positions below base line: 4248
	pair: 18     ->	taxon1: H.robusta 	taxon2: M.lignano 
	            	positions below base line: 4271
	pair: 19     ->	taxon1: H.robusta 	taxon2: E.granulos
	            	positions below base line: 4242
	pair: 20     ->	taxon1: H.robusta 	taxon2: C.sinensis
	            	positions below base line: 4251
	pair: 21     ->	taxon1: H.robusta 	taxon2: D.rerio   
	            	positions below base line: 4240
	pair: 22     ->	taxon1: H.robusta 	taxon2: G.turnbull
	            	positions below base line: 4321
	pair: 23     ->	taxon1: H.robusta 	taxon2: D.melanoga
	            	positions below base line: 4226
	pair: 24     ->	taxon1: H.robusta 	taxon2: H.microsto
	            	positions below base line: 4253
	pair: 25     ->	taxon1: H.robusta 	taxon2: S.mansoni 
	            	positions below base line: 4250
	pair: 26     ->	taxon1: H.robusta 	taxon2: G.salaris 
	            	positions below base line: 4265
	pair: 27     ->	taxon1: H.robusta 	taxon2: E.nipponic
	            	positions below base line: 4305
	pair: 28     ->	taxon1: H.robusta 	taxon2: O.viverrin
	            	positions below base line: 4237
	pair: 29     ->	taxon1: H.robusta 	taxon2: R.norvegic
	            	positions below base line: 4255
	pair: 30     ->	taxon1: L.gigantea	taxon2: T.solium  
	            	positions below base line: 4244
	pair: 31     ->	taxon1: L.gigantea	taxon2: M.lignano 
	            	positions below base line: 4233
	pair: 32     ->	taxon1: L.gigantea	taxon2: E.granulos
	            	positions below base line: 4219
	pair: 33     ->	taxon1: L.gigantea	taxon2: C.sinensis
	            	positions below base line: 4225
	pair: 34     ->	taxon1: L.gigantea	taxon2: D.rerio   
	            	positions below base line: 4186
	pair: 35     ->	taxon1: L.gigantea	taxon2: G.turnbull
	            	positions below base line: 4317
	pair: 36     ->	taxon1: L.gigantea	taxon2: D.melanoga
	            	positions below base line: 4179
	pair: 37     ->	taxon1: L.gigantea	taxon2: H.microsto
	            	positions below base line: 4231
	pair: 38     ->	taxon1: L.gigantea	taxon2: S.mansoni 
	            	positions below base line: 4223
	pair: 39     ->	taxon1: L.gigantea	taxon2: G.salaris 
	            	positions below base line: 4233
	pair: 40     ->	taxon1: L.gigantea	taxon2: E.nipponic
	            	positions below base line: 4318
	pair: 41     ->	taxon1: L.gigantea	taxon2: O.viverrin
	            	positions below base line: 4212
	pair: 42     ->	taxon1: L.gigantea	taxon2: R.norvegic
	            	positions below base line: 4198
	pair: 43     ->	taxon1: T.solium  	taxon2: M.lignano 
	            	positions below base line: 4217
	pair: 44     ->	taxon1: T.solium  	taxon2: E.granulos
	            	positions below base line: 4159
	pair: 45     ->	taxon1: T.solium  	taxon2: C.sinensis
	            	positions below base line: 4195
	pair: 46     ->	taxon1: T.solium  	taxon2: D.rerio   
	            	positions below base line: 4245
	pair: 47     ->	taxon1: T.solium  	taxon2: G.turnbull
	            	positions below base line: 4302
	pair: 48     ->	taxon1: T.solium  	taxon2: D.melanoga
	            	positions below base line: 4227
	pair: 49     ->	taxon1: T.solium  	taxon2: H.microsto
	            	positions below base line: 4155
	pair: 50     ->	taxon1: T.solium  	taxon2: S.mansoni 
	            	positions below base line: 4197
	pair: 51     ->	taxon1: T.solium  	taxon2: G.salaris 
	            	positions below base line: 4216
	pair: 52     ->	taxon1: T.solium  	taxon2: E.nipponic
	            	positions below base line: 4322
	pair: 53     ->	taxon1: T.solium  	taxon2: O.viverrin
	            	positions below base line: 4175
	pair: 54     ->	taxon1: T.solium  	taxon2: R.norvegic
	            	positions below base line: 4237
	pair: 55     ->	taxon1: M.lignano 	taxon2: E.granulos
	            	positions below base line: 4238
	pair: 56     ->	taxon1: M.lignano 	taxon2: C.sinensis
	            	positions below base line: 4228
	pair: 57     ->	taxon1: M.lignano 	taxon2: D.rerio   
	            	positions below base line: 4281
	pair: 58     ->	taxon1: M.lignano 	taxon2: G.turnbull
	            	positions below base line: 4310
	pair: 59     ->	taxon1: M.lignano 	taxon2: D.melanoga
	            	positions below base line: 4240
	pair: 60     ->	taxon1: M.lignano 	taxon2: H.microsto
	            	positions below base line: 4227
	pair: 61     ->	taxon1: M.lignano 	taxon2: S.mansoni 
	            	positions below base line: 4230
	pair: 62     ->	taxon1: M.lignano 	taxon2: G.salaris 
	            	positions below base line: 4216
	pair: 63     ->	taxon1: M.lignano 	taxon2: E.nipponic
	            	positions below base line: 4335
	pair: 64     ->	taxon1: M.lignano 	taxon2: O.viverrin
	            	positions below base line: 4215
	pair: 65     ->	taxon1: M.lignano 	taxon2: R.norvegic
	            	positions below base line: 4275
	pair: 66     ->	taxon1: E.granulos	taxon2: C.sinensis
	            	positions below base line: 4207
	pair: 67     ->	taxon1: E.granulos	taxon2: D.rerio   
	            	positions below base line: 4238
	pair: 68     ->	taxon1: E.granulos	taxon2: G.turnbull
	            	positions below base line: 4293
	pair: 69     ->	taxon1: E.granulos	taxon2: D.melanoga
	            	positions below base line: 4210
	pair: 70     ->	taxon1: E.granulos	taxon2: H.microsto
	            	positions below base line: 4181
	pair: 71     ->	taxon1: E.granulos	taxon2: S.mansoni 
	            	positions below base line: 4200
	pair: 72     ->	taxon1: E.granulos	taxon2: G.salaris 
	            	positions below base line: 4232
	pair: 73     ->	taxon1: E.granulos	taxon2: E.nipponic
	            	positions below base line: 4329
	pair: 74     ->	taxon1: E.granulos	taxon2: O.viverrin
	            	positions below base line: 4203
	pair: 75     ->	taxon1: E.granulos	taxon2: R.norvegic
	            	positions below base line: 4243
	pair: 76     ->	taxon1: C.sinensis	taxon2: D.rerio   
	            	positions below base line: 4251
	pair: 77     ->	taxon1: C.sinensis	taxon2: G.turnbull
	            	positions below base line: 4284
	pair: 78     ->	taxon1: C.sinensis	taxon2: D.melanoga
	            	positions below base line: 4223
	pair: 79     ->	taxon1: C.sinensis	taxon2: H.microsto
	            	positions below base line: 4182
	pair: 80     ->	taxon1: C.sinensis	taxon2: S.mansoni 
	            	positions below base line: 4145
	pair: 81     ->	taxon1: C.sinensis	taxon2: G.salaris 
	            	positions below base line: 4208
	pair: 82     ->	taxon1: C.sinensis	taxon2: E.nipponic
	            	positions below base line: 4336
	pair: 83     ->	taxon1: C.sinensis	taxon2: O.viverrin
	            	positions below base line: 4086
	pair: 84     ->	taxon1: C.sinensis	taxon2: R.norvegic
	            	positions below base line: 4256
	pair: 85     ->	taxon1: D.rerio   	taxon2: G.turnbull
	            	positions below base line: 4343
	pair: 86     ->	taxon1: D.rerio   	taxon2: D.melanoga
	            	positions below base line: 4204
	pair: 87     ->	taxon1: D.rerio   	taxon2: H.microsto
	            	positions below base line: 4244
	pair: 88     ->	taxon1: D.rerio   	taxon2: S.mansoni 
	            	positions below base line: 4261
	pair: 89     ->	taxon1: D.rerio   	taxon2: G.salaris 
	            	positions below base line: 4269
	pair: 90     ->	taxon1: D.rerio   	taxon2: E.nipponic
	            	positions below base line: 4313
	pair: 91     ->	taxon1: D.rerio   	taxon2: O.viverrin
	            	positions below base line: 4239
	pair: 92     ->	taxon1: D.rerio   	taxon2: R.norvegic
	            	positions below base line: 4129
	pair: 93     ->	taxon1: G.turnbull	taxon2: D.melanoga
	            	positions below base line: 4310
	pair: 94     ->	taxon1: G.turnbull	taxon2: H.microsto
	            	positions below base line: 4294
	pair: 95     ->	taxon1: G.turnbull	taxon2: S.mansoni 
	            	positions below base line: 4271
	pair: 96     ->	taxon1: G.turnbull	taxon2: G.salaris 
	            	positions below base line: 4295
	pair: 97     ->	taxon1: G.turnbull	taxon2: E.nipponic
	            	positions below base line: 4362
	pair: 98     ->	taxon1: G.turnbull	taxon2: O.viverrin
	            	positions below base line: 4278
	pair: 99     ->	taxon1: G.turnbull	taxon2: R.norvegic
	            	positions below base line: 4333
	pair: 100    ->	taxon1: D.melanoga	taxon2: H.microsto
	            	positions below base line: 4214
	pair: 101    ->	taxon1: D.melanoga	taxon2: S.mansoni 
	            	positions below base line: 4208
	pair: 102    ->	taxon1: D.melanoga	taxon2: G.salaris 
	            	positions below base line: 4233
	pair: 103    ->	taxon1: D.melanoga	taxon2: E.nipponic
	            	positions below base line: 4313
	pair: 104    ->	taxon1: D.melanoga	taxon2: O.viverrin
	            	positions below base line: 4220
	pair: 105    ->	taxon1: D.melanoga	taxon2: R.norvegic
	            	positions below base line: 4198
	pair: 106    ->	taxon1: H.microsto	taxon2: S.mansoni 
	            	positions below base line: 4140
	pair: 107    ->	taxon1: H.microsto	taxon2: G.salaris 
	            	positions below base line: 4213
	pair: 108    ->	taxon1: H.microsto	taxon2: E.nipponic
	            	positions below base line: 4322
	pair: 109    ->	taxon1: H.microsto	taxon2: O.viverrin
	            	positions below base line: 4136
	pair: 110    ->	taxon1: H.microsto	taxon2: R.norvegic
	            	positions below base line: 4246
	pair: 111    ->	taxon1: S.mansoni 	taxon2: G.salaris 
	            	positions below base line: 4226
	pair: 112    ->	taxon1: S.mansoni 	taxon2: E.nipponic
	            	positions below base line: 4322
	pair: 113    ->	taxon1: S.mansoni 	taxon2: O.viverrin
	            	positions below base line: 4114
	pair: 114    ->	taxon1: S.mansoni 	taxon2: R.norvegic
	            	positions below base line: 4233
	pair: 115    ->	taxon1: G.salaris 	taxon2: E.nipponic
	            	positions below base line: 4315
	pair: 116    ->	taxon1: G.salaris 	taxon2: O.viverrin
	            	positions below base line: 4202
	pair: 117    ->	taxon1: G.salaris 	taxon2: R.norvegic
	            	positions below base line: 4258
	pair: 118    ->	taxon1: E.nipponic	taxon2: O.viverrin
	            	positions below base line: 4306
	pair: 119    ->	taxon1: E.nipponic	taxon2: R.norvegic
	            	positions below base line: 4313
	pair: 120    ->	taxon1: O.viverrin	taxon2: R.norvegic
	            	positions below base line: 4241

	generates quality profile from collected scores ...


	scoring done ...


	generates vector plot from collected scores ...


Argument "-" treated as 0 in increment (++) at /usr/bin/Aliscore.pl line 1213.
	Profile written to EOG091G0BKZ.clustalo.aln.fasta_Profile_random.txt
	List   written to EOG091G0BKZ.clustalo.aln.fasta_List_random.txt

	time used: 6.02 sec

