
	reading taxa from FASTA ...


	O.viverrini          -> sites: 736   
	H.microstoma         -> sites: 736   
	E.granulosus         -> sites: 736   
	D.melanogaster       -> sites: 736   
	H.robusta            -> sites: 736   
	C.sinensis           -> sites: 736   
	T.solium             -> sites: 736   
	R.norvegicus         -> sites: 736   
	G.turnbulli          -> sites: 736   
	D.rerio              -> sites: 736   
	G.salaris            -> sites: 736   
	C.intestinalis       -> sites: 736   
	S.mansoni            -> sites: 736   


	data type             : amino acid sequences

	input ...

	infile		: EOG091G06U0.clustalo.aln.fasta
	random pairs	: 200000000000000000
	window size	: 6
	indels		: ambiguous
	tree file	: -
	node level	: -
	strict profile	: -
	outgroup	: -
	matrix          : BLOSUM62

	number of taxa        : 13
	random number of pairs: 200000000000000000

	generates threshhold value for amino acid data
	using BLOSUM62

	checks for (potential) identical taxa


	scores site patterns ...


	max number of different pairs is 78
	max random pairs are scored!

	pair: 1      ->	taxon1: O.viverrin	taxon2: H.microsto
	            	positions below base line: 302
	pair: 2      ->	taxon1: O.viverrin	taxon2: E.granulos
	            	positions below base line: 320
	pair: 3      ->	taxon1: O.viverrin	taxon2: D.melanoga
	            	positions below base line: 353
	pair: 4      ->	taxon1: O.viverrin	taxon2: H.robusta 
	            	positions below base line: 317
	pair: 5      ->	taxon1: O.viverrin	taxon2: C.sinensis
	            	positions below base line: 266
	pair: 6      ->	taxon1: O.viverrin	taxon2: T.solium  
	            	positions below base line: 322
	pair: 7      ->	taxon1: O.viverrin	taxon2: R.norvegic
	            	positions below base line: 310
	pair: 8      ->	taxon1: O.viverrin	taxon2: G.turnbull
	            	positions below base line: 322
	pair: 9      ->	taxon1: O.viverrin	taxon2: D.rerio   
	            	positions below base line: 323
	pair: 10     ->	taxon1: O.viverrin	taxon2: G.salaris 
	            	positions below base line: 528
	pair: 11     ->	taxon1: O.viverrin	taxon2: C.intestin
	            	positions below base line: 348
	pair: 12     ->	taxon1: O.viverrin	taxon2: S.mansoni 
	            	positions below base line: 302
	pair: 13     ->	taxon1: H.microsto	taxon2: E.granulos
	            	positions below base line: 231
	pair: 14     ->	taxon1: H.microsto	taxon2: D.melanoga
	            	positions below base line: 317
	pair: 15     ->	taxon1: H.microsto	taxon2: H.robusta 
	            	positions below base line: 299
	pair: 16     ->	taxon1: H.microsto	taxon2: C.sinensis
	            	positions below base line: 289
	pair: 17     ->	taxon1: H.microsto	taxon2: T.solium  
	            	positions below base line: 225
	pair: 18     ->	taxon1: H.microsto	taxon2: R.norvegic
	            	positions below base line: 299
	pair: 19     ->	taxon1: H.microsto	taxon2: G.turnbull
	            	positions below base line: 248
	pair: 20     ->	taxon1: H.microsto	taxon2: D.rerio   
	            	positions below base line: 308
	pair: 21     ->	taxon1: H.microsto	taxon2: G.salaris 
	            	positions below base line: 479
	pair: 22     ->	taxon1: H.microsto	taxon2: C.intestin
	            	positions below base line: 318
	pair: 23     ->	taxon1: H.microsto	taxon2: S.mansoni 
	            	positions below base line: 306
	pair: 24     ->	taxon1: E.granulos	taxon2: D.melanoga
	            	positions below base line: 328
	pair: 25     ->	taxon1: E.granulos	taxon2: H.robusta 
	            	positions below base line: 299
	pair: 26     ->	taxon1: E.granulos	taxon2: C.sinensis
	            	positions below base line: 322
	pair: 27     ->	taxon1: E.granulos	taxon2: T.solium  
	            	positions below base line: 207
	pair: 28     ->	taxon1: E.granulos	taxon2: R.norvegic
	            	positions below base line: 302
	pair: 29     ->	taxon1: E.granulos	taxon2: G.turnbull
	            	positions below base line: 268
	pair: 30     ->	taxon1: E.granulos	taxon2: D.rerio   
	            	positions below base line: 294
	pair: 31     ->	taxon1: E.granulos	taxon2: G.salaris 
	            	positions below base line: 490
	pair: 32     ->	taxon1: E.granulos	taxon2: C.intestin
	            	positions below base line: 315
	pair: 33     ->	taxon1: E.granulos	taxon2: S.mansoni 
	            	positions below base line: 318
	pair: 34     ->	taxon1: D.melanoga	taxon2: H.robusta 
	            	positions below base line: 292
	pair: 35     ->	taxon1: D.melanoga	taxon2: C.sinensis
	            	positions below base line: 351
	pair: 36     ->	taxon1: D.melanoga	taxon2: T.solium  
	            	positions below base line: 327
	pair: 37     ->	taxon1: D.melanoga	taxon2: R.norvegic
	            	positions below base line: 281
	pair: 38     ->	taxon1: D.melanoga	taxon2: G.turnbull
	            	positions below base line: 321
	pair: 39     ->	taxon1: D.melanoga	taxon2: D.rerio   
	            	positions below base line: 279
	pair: 40     ->	taxon1: D.melanoga	taxon2: G.salaris 
	            	positions below base line: 512
	pair: 41     ->	taxon1: D.melanoga	taxon2: C.intestin
	            	positions below base line: 300
	pair: 42     ->	taxon1: D.melanoga	taxon2: S.mansoni 
	            	positions below base line: 340
	pair: 43     ->	taxon1: H.robusta 	taxon2: C.sinensis
	            	positions below base line: 323
	pair: 44     ->	taxon1: H.robusta 	taxon2: T.solium  
	            	positions below base line: 302
	pair: 45     ->	taxon1: H.robusta 	taxon2: R.norvegic
	            	positions below base line: 257
	pair: 46     ->	taxon1: H.robusta 	taxon2: G.turnbull
	            	positions below base line: 283
	pair: 47     ->	taxon1: H.robusta 	taxon2: D.rerio   
	            	positions below base line: 262
	pair: 48     ->	taxon1: H.robusta 	taxon2: G.salaris 
	            	positions below base line: 491
	pair: 49     ->	taxon1: H.robusta 	taxon2: C.intestin
	            	positions below base line: 282
	pair: 50     ->	taxon1: H.robusta 	taxon2: S.mansoni 
	            	positions below base line: 314
	pair: 51     ->	taxon1: C.sinensis	taxon2: T.solium  
	            	positions below base line: 331
	pair: 52     ->	taxon1: C.sinensis	taxon2: R.norvegic
	            	positions below base line: 311
	pair: 53     ->	taxon1: C.sinensis	taxon2: G.turnbull
	            	positions below base line: 307
	pair: 54     ->	taxon1: C.sinensis	taxon2: D.rerio   
	            	positions below base line: 325
	pair: 55     ->	taxon1: C.sinensis	taxon2: G.salaris 
	            	positions below base line: 517
	pair: 56     ->	taxon1: C.sinensis	taxon2: C.intestin
	            	positions below base line: 337
	pair: 57     ->	taxon1: C.sinensis	taxon2: S.mansoni 
	            	positions below base line: 298
	pair: 58     ->	taxon1: T.solium  	taxon2: R.norvegic
	            	positions below base line: 307
	pair: 59     ->	taxon1: T.solium  	taxon2: G.turnbull
	            	positions below base line: 271
	pair: 60     ->	taxon1: T.solium  	taxon2: D.rerio   
	            	positions below base line: 300
	pair: 61     ->	taxon1: T.solium  	taxon2: G.salaris 
	            	positions below base line: 489
	pair: 62     ->	taxon1: T.solium  	taxon2: C.intestin
	            	positions below base line: 320
	pair: 63     ->	taxon1: T.solium  	taxon2: S.mansoni 
	            	positions below base line: 320
	pair: 64     ->	taxon1: R.norvegic	taxon2: G.turnbull
	            	positions below base line: 276
	pair: 65     ->	taxon1: R.norvegic	taxon2: D.rerio   
	            	positions below base line: 240
	pair: 66     ->	taxon1: R.norvegic	taxon2: G.salaris 
	            	positions below base line: 490
	pair: 67     ->	taxon1: R.norvegic	taxon2: C.intestin
	            	positions below base line: 265
	pair: 68     ->	taxon1: R.norvegic	taxon2: S.mansoni 
	            	positions below base line: 314
	pair: 69     ->	taxon1: G.turnbull	taxon2: D.rerio   
	            	positions below base line: 299
	pair: 70     ->	taxon1: G.turnbull	taxon2: G.salaris 
	            	positions below base line: 469
	pair: 71     ->	taxon1: G.turnbull	taxon2: C.intestin
	            	positions below base line: 304
	pair: 72     ->	taxon1: G.turnbull	taxon2: S.mansoni 
	            	positions below base line: 312
	pair: 73     ->	taxon1: D.rerio   	taxon2: G.salaris 
	            	positions below base line: 499
	pair: 74     ->	taxon1: D.rerio   	taxon2: C.intestin
	            	positions below base line: 281
	pair: 75     ->	taxon1: D.rerio   	taxon2: S.mansoni 
	            	positions below base line: 319
	pair: 76     ->	taxon1: G.salaris 	taxon2: C.intestin
	            	positions below base line: 500
	pair: 77     ->	taxon1: G.salaris 	taxon2: S.mansoni 
	            	positions below base line: 526
	pair: 78     ->	taxon1: C.intestin	taxon2: S.mansoni 
	            	positions below base line: 336

	generates quality profile from collected scores ...


	scoring done ...


	generates vector plot from collected scores ...


Argument "-" treated as 0 in increment (++) at /usr/bin/Aliscore.pl line 1213.
	Profile written to EOG091G06U0.clustalo.aln.fasta_Profile_random.txt
	List   written to EOG091G06U0.clustalo.aln.fasta_List_random.txt

	time used: 4 sec

