
RAxML can't, parse the alignment file as phylip file 
it will now try to parse it as FASTA file


This is the RAxML Master Pthread

This is RAxML Worker Pthread Number: 1

This is RAxML Worker Pthread Number: 2

This is RAxML Worker Pthread Number: 4

This is RAxML Worker Pthread Number: 5

This is RAxML Worker Pthread Number: 3


This is RAxML version 8.2.12 released by Alexandros Stamatakis on May 2018.

With greatly appreciated code contributions by:
Andre Aberer      (HITS)
Simon Berger      (HITS)
Alexey Kozlov     (HITS)
Kassian Kobert    (HITS)
David Dao         (KIT and HITS)
Sarah Lutteropp   (KIT and HITS)
Nick Pattengale   (Sandia)
Wayne Pfeiffer    (SDSC)
Akifumi S. Tanabe (NRIFS)
Charlie Taylor    (UF)


Alignment has 284 distinct alignment patterns

Proportion of gaps and completely undetermined characters in this alignment: 4.68%

RAxML rapid bootstrapping and subsequent ML search

Using 1 distinct models/data partitions with joint branch length optimization



Executing 100 rapid bootstrap inferences and thereafter a thorough ML search 

All free model parameters will be estimated by RAxML
GAMMA model of rate heterogeneity, ML estimate of alpha-parameter

GAMMA Model parameters will be estimated up to an accuracy of 0.1000000000 Log Likelihood units

Partition: 0
Alignment Patterns: 284
Name: No Name Provided
DataType: AA
Substitution Matrix: LG
Using empirical base frequencies




RAxML was called as follows:

raxml -f a -T 6 -m PROTGAMMALGF -p 12345 -x 12345 -# 100 -s ALICUT_EOG091G069C.clustalo.aln.fasta -n EOG091G069C.clustalo.aln.ALICUT.LGF 



Time for BS model parameter optimization 0.027553
Bootstrap[0]: Time 0.528962 seconds, bootstrap likelihood -4886.427802, best rearrangement setting 13
Bootstrap[1]: Time 0.429073 seconds, bootstrap likelihood -5133.192650, best rearrangement setting 13
Bootstrap[2]: Time 0.370080 seconds, bootstrap likelihood -4888.389759, best rearrangement setting 12
Bootstrap[3]: Time 0.449904 seconds, bootstrap likelihood -5154.710939, best rearrangement setting 15
Bootstrap[4]: Time 0.425684 seconds, bootstrap likelihood -4917.366983, best rearrangement setting 10
Bootstrap[5]: Time 0.382064 seconds, bootstrap likelihood -4884.170003, best rearrangement setting 10
Bootstrap[6]: Time 0.386466 seconds, bootstrap likelihood -4600.269315, best rearrangement setting 6
Bootstrap[7]: Time 0.366838 seconds, bootstrap likelihood -5035.154998, best rearrangement setting 14
Bootstrap[8]: Time 0.393867 seconds, bootstrap likelihood -5020.197294, best rearrangement setting 5
Bootstrap[9]: Time 0.423214 seconds, bootstrap likelihood -4900.322936, best rearrangement setting 7
Bootstrap[10]: Time 0.446761 seconds, bootstrap likelihood -4687.981758, best rearrangement setting 7
Bootstrap[11]: Time 0.201928 seconds, bootstrap likelihood -4994.493622, best rearrangement setting 5
Bootstrap[12]: Time 0.429698 seconds, bootstrap likelihood -5035.656852, best rearrangement setting 8
Bootstrap[13]: Time 0.410759 seconds, bootstrap likelihood -5022.380196, best rearrangement setting 7
Bootstrap[14]: Time 0.386699 seconds, bootstrap likelihood -4837.262187, best rearrangement setting 12
Bootstrap[15]: Time 0.405303 seconds, bootstrap likelihood -5014.908570, best rearrangement setting 15
Bootstrap[16]: Time 0.412724 seconds, bootstrap likelihood -4847.523645, best rearrangement setting 12
Bootstrap[17]: Time 0.398563 seconds, bootstrap likelihood -4773.728270, best rearrangement setting 12
Bootstrap[18]: Time 0.412243 seconds, bootstrap likelihood -5117.217382, best rearrangement setting 5
Bootstrap[19]: Time 0.400656 seconds, bootstrap likelihood -4772.772460, best rearrangement setting 8
Bootstrap[20]: Time 0.394639 seconds, bootstrap likelihood -4977.279655, best rearrangement setting 10
Bootstrap[21]: Time 0.464211 seconds, bootstrap likelihood -5081.259635, best rearrangement setting 6
Bootstrap[22]: Time 0.392415 seconds, bootstrap likelihood -5057.999168, best rearrangement setting 5
Bootstrap[23]: Time 0.405979 seconds, bootstrap likelihood -5172.211179, best rearrangement setting 7
Bootstrap[24]: Time 0.400745 seconds, bootstrap likelihood -4967.238449, best rearrangement setting 8
Bootstrap[25]: Time 0.397171 seconds, bootstrap likelihood -5010.935023, best rearrangement setting 6
Bootstrap[26]: Time 0.402891 seconds, bootstrap likelihood -4987.880117, best rearrangement setting 12
Bootstrap[27]: Time 0.436328 seconds, bootstrap likelihood -4915.362702, best rearrangement setting 10
Bootstrap[28]: Time 0.382189 seconds, bootstrap likelihood -4918.679196, best rearrangement setting 11
Bootstrap[29]: Time 0.396146 seconds, bootstrap likelihood -4855.322219, best rearrangement setting 12
Bootstrap[30]: Time 0.433500 seconds, bootstrap likelihood -5483.505170, best rearrangement setting 15
Bootstrap[31]: Time 0.388601 seconds, bootstrap likelihood -5080.995190, best rearrangement setting 15
Bootstrap[32]: Time 0.410055 seconds, bootstrap likelihood -5042.866349, best rearrangement setting 6
Bootstrap[33]: Time 0.391688 seconds, bootstrap likelihood -5103.808245, best rearrangement setting 15
Bootstrap[34]: Time 0.403436 seconds, bootstrap likelihood -5111.066280, best rearrangement setting 11
Bootstrap[35]: Time 0.393473 seconds, bootstrap likelihood -4876.994170, best rearrangement setting 8
Bootstrap[36]: Time 0.418231 seconds, bootstrap likelihood -4976.143559, best rearrangement setting 9
Bootstrap[37]: Time 0.191929 seconds, bootstrap likelihood -5128.428932, best rearrangement setting 11
Bootstrap[38]: Time 0.419318 seconds, bootstrap likelihood -5298.258049, best rearrangement setting 8
Bootstrap[39]: Time 0.201242 seconds, bootstrap likelihood -5225.601359, best rearrangement setting 13
Bootstrap[40]: Time 0.414965 seconds, bootstrap likelihood -4706.852659, best rearrangement setting 13
Bootstrap[41]: Time 0.386943 seconds, bootstrap likelihood -4758.030175, best rearrangement setting 10
Bootstrap[42]: Time 0.404395 seconds, bootstrap likelihood -5012.261867, best rearrangement setting 5
Bootstrap[43]: Time 0.441172 seconds, bootstrap likelihood -4956.348459, best rearrangement setting 14
Bootstrap[44]: Time 0.380281 seconds, bootstrap likelihood -4876.830926, best rearrangement setting 10
Bootstrap[45]: Time 0.422769 seconds, bootstrap likelihood -4847.427683, best rearrangement setting 15
Bootstrap[46]: Time 0.407935 seconds, bootstrap likelihood -4969.524627, best rearrangement setting 14
Bootstrap[47]: Time 0.387068 seconds, bootstrap likelihood -5148.035157, best rearrangement setting 8
Bootstrap[48]: Time 0.422067 seconds, bootstrap likelihood -5282.556423, best rearrangement setting 6
Bootstrap[49]: Time 0.394578 seconds, bootstrap likelihood -4787.473831, best rearrangement setting 7
Bootstrap[50]: Time 0.396651 seconds, bootstrap likelihood -4956.509431, best rearrangement setting 7
Bootstrap[51]: Time 0.407160 seconds, bootstrap likelihood -5152.053445, best rearrangement setting 11
Bootstrap[52]: Time 0.408231 seconds, bootstrap likelihood -5099.759958, best rearrangement setting 12
Bootstrap[53]: Time 0.390278 seconds, bootstrap likelihood -5095.680810, best rearrangement setting 8
Bootstrap[54]: Time 0.394933 seconds, bootstrap likelihood -4680.059683, best rearrangement setting 9
Bootstrap[55]: Time 0.447380 seconds, bootstrap likelihood -5206.323894, best rearrangement setting 11
Bootstrap[56]: Time 0.425684 seconds, bootstrap likelihood -5100.561951, best rearrangement setting 5
Bootstrap[57]: Time 0.418586 seconds, bootstrap likelihood -4930.432693, best rearrangement setting 7
Bootstrap[58]: Time 0.190266 seconds, bootstrap likelihood -4725.651777, best rearrangement setting 10
Bootstrap[59]: Time 0.407223 seconds, bootstrap likelihood -4784.062774, best rearrangement setting 9
Bootstrap[60]: Time 0.417486 seconds, bootstrap likelihood -4854.945006, best rearrangement setting 7
Bootstrap[61]: Time 0.426190 seconds, bootstrap likelihood -4984.195988, best rearrangement setting 5
Bootstrap[62]: Time 0.382703 seconds, bootstrap likelihood -4561.564881, best rearrangement setting 11
Bootstrap[63]: Time 0.420853 seconds, bootstrap likelihood -4964.371557, best rearrangement setting 12
Bootstrap[64]: Time 0.462075 seconds, bootstrap likelihood -5160.638080, best rearrangement setting 7
Bootstrap[65]: Time 0.391325 seconds, bootstrap likelihood -4956.015925, best rearrangement setting 5
Bootstrap[66]: Time 0.367700 seconds, bootstrap likelihood -4765.233286, best rearrangement setting 5
Bootstrap[67]: Time 0.405594 seconds, bootstrap likelihood -5072.887150, best rearrangement setting 15
Bootstrap[68]: Time 0.368847 seconds, bootstrap likelihood -4977.096280, best rearrangement setting 11
Bootstrap[69]: Time 0.418209 seconds, bootstrap likelihood -5143.803349, best rearrangement setting 5
Bootstrap[70]: Time 0.434597 seconds, bootstrap likelihood -5060.261877, best rearrangement setting 8
Bootstrap[71]: Time 0.419683 seconds, bootstrap likelihood -5003.353472, best rearrangement setting 10
Bootstrap[72]: Time 0.439231 seconds, bootstrap likelihood -5170.492689, best rearrangement setting 11
Bootstrap[73]: Time 0.423947 seconds, bootstrap likelihood -4985.138481, best rearrangement setting 9
Bootstrap[74]: Time 0.399209 seconds, bootstrap likelihood -5226.096870, best rearrangement setting 5
Bootstrap[75]: Time 0.438151 seconds, bootstrap likelihood -4716.746644, best rearrangement setting 8
Bootstrap[76]: Time 0.398317 seconds, bootstrap likelihood -4978.404100, best rearrangement setting 9
Bootstrap[77]: Time 0.407581 seconds, bootstrap likelihood -4989.613184, best rearrangement setting 11
Bootstrap[78]: Time 0.394277 seconds, bootstrap likelihood -5029.151870, best rearrangement setting 15
Bootstrap[79]: Time 0.386187 seconds, bootstrap likelihood -4902.879941, best rearrangement setting 9
Bootstrap[80]: Time 0.443975 seconds, bootstrap likelihood -4815.788190, best rearrangement setting 15
Bootstrap[81]: Time 0.446203 seconds, bootstrap likelihood -5402.345323, best rearrangement setting 7
Bootstrap[82]: Time 0.417299 seconds, bootstrap likelihood -4735.462045, best rearrangement setting 6
Bootstrap[83]: Time 0.436108 seconds, bootstrap likelihood -4933.487282, best rearrangement setting 10
Bootstrap[84]: Time 0.402895 seconds, bootstrap likelihood -4880.822283, best rearrangement setting 11
Bootstrap[85]: Time 0.385046 seconds, bootstrap likelihood -4869.490381, best rearrangement setting 8
Bootstrap[86]: Time 0.377893 seconds, bootstrap likelihood -4711.423771, best rearrangement setting 7
Bootstrap[87]: Time 0.393214 seconds, bootstrap likelihood -4963.085928, best rearrangement setting 7
Bootstrap[88]: Time 0.406349 seconds, bootstrap likelihood -4977.859474, best rearrangement setting 12
Bootstrap[89]: Time 0.448945 seconds, bootstrap likelihood -4869.535277, best rearrangement setting 10
Bootstrap[90]: Time 0.409599 seconds, bootstrap likelihood -5091.865690, best rearrangement setting 8
Bootstrap[91]: Time 0.415323 seconds, bootstrap likelihood -4924.022154, best rearrangement setting 12
Bootstrap[92]: Time 0.427833 seconds, bootstrap likelihood -5049.206090, best rearrangement setting 13
Bootstrap[93]: Time 0.418077 seconds, bootstrap likelihood -4890.185965, best rearrangement setting 15
Bootstrap[94]: Time 0.402270 seconds, bootstrap likelihood -4746.494757, best rearrangement setting 5
Bootstrap[95]: Time 0.376894 seconds, bootstrap likelihood -4711.880239, best rearrangement setting 5
Bootstrap[96]: Time 0.400996 seconds, bootstrap likelihood -4655.987811, best rearrangement setting 13
Bootstrap[97]: Time 0.443694 seconds, bootstrap likelihood -4805.058132, best rearrangement setting 11
Bootstrap[98]: Time 0.421461 seconds, bootstrap likelihood -5064.957316, best rearrangement setting 6
Bootstrap[99]: Time 0.399152 seconds, bootstrap likelihood -4879.521647, best rearrangement setting 14


Overall Time for 100 Rapid Bootstraps 40.232961 seconds
Average Time per Rapid Bootstrap 0.402330 seconds

Starting ML Search ...

Fast ML optimization finished

Fast ML search Time: 29.322712 seconds

Slow ML Search 0 Likelihood: -5005.424694
Slow ML Search 1 Likelihood: -5005.424694
Slow ML Search 2 Likelihood: -5005.424694
Slow ML Search 3 Likelihood: -5005.424694
Slow ML Search 4 Likelihood: -5005.424694
Slow ML Search 5 Likelihood: -5005.424694
Slow ML Search 6 Likelihood: -5005.424694
Slow ML Search 7 Likelihood: -5005.424694
Slow ML Search 8 Likelihood: -5005.424694
Slow ML Search 9 Likelihood: -5005.424694
Slow ML optimization finished

Slow ML search Time: 7.907623 seconds
Thorough ML search Time: 0.665735 seconds

Final ML Optimization Likelihood: -5005.424694

Model Information:

Model Parameters of Partition 0, Name: No Name Provided, Type of Data: AA
alpha: 1.070347
Tree-Length: 3.846161
rate A <-> R: 0.399182
rate A <-> N: 0.259945
rate A <-> D: 0.371058
rate A <-> C: 2.337364
rate A <-> Q: 0.910775
rate A <-> E: 0.975241
rate A <-> G: 1.940106
rate A <-> H: 0.336984
rate A <-> I: 0.140697
rate A <-> L: 0.371240
rate A <-> K: 0.503815
rate A <-> M: 1.055520
rate A <-> F: 0.238237
rate A <-> P: 1.105868
rate A <-> S: 4.439041
rate A <-> T: 2.009090
rate A <-> W: 0.169702
rate A <-> Y: 0.205613
rate A <-> V: 2.392567
rate R <-> N: 0.706048
rate R <-> D: 0.116398
rate R <-> C: 0.501968
rate R <-> Q: 2.636754
rate R <-> E: 0.341785
rate R <-> G: 0.366408
rate R <-> H: 2.278690
rate R <-> I: 0.119250
rate R <-> L: 0.283449
rate R <-> K: 5.940467
rate R <-> M: 0.454623
rate R <-> F: 0.049508
rate R <-> P: 0.312264
rate R <-> S: 0.805843
rate R <-> T: 0.543695
rate R <-> W: 0.557424
rate R <-> Y: 0.295274
rate R <-> V: 0.160471
rate N <-> D: 4.766737
rate N <-> C: 0.496537
rate N <-> Q: 1.592389
rate N <-> E: 0.508692
rate N <-> G: 1.350015
rate N <-> H: 4.234381
rate N <-> I: 0.179830
rate N <-> L: 0.064256
rate N <-> K: 2.014327
rate N <-> M: 0.348390
rate N <-> F: 0.084068
rate N <-> P: 0.151925
rate N <-> S: 3.764032
rate N <-> T: 1.878729
rate N <-> W: 0.042610
rate N <-> Y: 0.574720
rate N <-> V: 0.078587
rate D <-> C: 0.058743
rate D <-> Q: 0.491483
rate D <-> E: 4.924234
rate D <-> G: 0.793424
rate D <-> H: 0.870603
rate D <-> I: 0.010038
rate D <-> L: 0.014157
rate D <-> K: 0.265711
rate D <-> M: 0.023991
rate D <-> F: 0.016354
rate D <-> P: 0.370412
rate D <-> S: 1.164675
rate D <-> T: 0.399902
rate D <-> W: 0.028068
rate D <-> Y: 0.126872
rate D <-> V: 0.035653
rate C <-> Q: 0.079639
rate C <-> E: 0.003286
rate C <-> G: 0.534566
rate C <-> H: 0.601499
rate C <-> I: 0.301083
rate C <-> L: 0.557800
rate C <-> K: 0.012457
rate C <-> M: 0.839207
rate C <-> F: 1.037881
rate C <-> P: 0.070787
rate C <-> S: 2.614753
rate C <-> T: 1.073780
rate C <-> W: 0.629281
rate C <-> Y: 1.094488
rate C <-> V: 1.839864
rate Q <-> E: 3.876936
rate Q <-> G: 0.251626
rate Q <-> H: 4.520102
rate Q <-> I: 0.068413
rate Q <-> L: 0.546954
rate Q <-> K: 3.037150
rate Q <-> M: 1.570619
rate Q <-> F: 0.033669
rate Q <-> P: 0.586241
rate Q <-> S: 1.149231
rate Q <-> T: 1.014297
rate Q <-> W: 0.221802
rate Q <-> Y: 0.241650
rate Q <-> V: 0.197511
rate E <-> G: 0.327583
rate E <-> H: 0.398044
rate E <-> I: 0.041567
rate E <-> L: 0.065426
rate E <-> K: 1.697022
rate E <-> M: 0.163145
rate E <-> F: 0.017664
rate E <-> P: 0.393844
rate E <-> S: 0.574671
rate E <-> T: 0.567695
rate E <-> W: 0.073107
rate E <-> Y: 0.112720
rate E <-> V: 0.230098
rate G <-> H: 0.292498
rate G <-> I: 0.008174
rate G <-> L: 0.041563
rate G <-> K: 0.278555
rate G <-> M: 0.131033
rate G <-> F: 0.084125
rate G <-> P: 0.184955
rate G <-> S: 1.633930
rate G <-> T: 0.121922
rate G <-> W: 0.252125
rate G <-> Y: 0.051346
rate G <-> V: 0.072026
rate H <-> I: 0.102245
rate H <-> L: 0.343988
rate H <-> K: 0.654763
rate H <-> M: 0.415502
rate H <-> F: 0.640560
rate H <-> P: 0.477834
rate H <-> S: 0.929667
rate H <-> T: 0.548649
rate H <-> W: 0.560661
rate H <-> Y: 4.983361
rate H <-> V: 0.111759
rate I <-> L: 3.892408
rate I <-> K: 0.149373
rate I <-> M: 4.013113
rate I <-> F: 1.044902
rate I <-> P: 0.073509
rate I <-> S: 0.060198
rate I <-> T: 0.970728
rate I <-> W: 0.104854
rate I <-> Y: 0.218350
rate I <-> V: 10.000000
rate L <-> K: 0.129119
rate L <-> M: 5.927594
rate L <-> F: 2.434657
rate L <-> P: 0.233879
rate L <-> S: 0.171176
rate L <-> T: 0.284471
rate L <-> W: 0.581863
rate L <-> Y: 0.281383
rate L <-> V: 1.598956
rate K <-> M: 0.616581
rate K <-> F: 0.022460
rate K <-> P: 0.366530
rate K <-> S: 0.703048
rate K <-> T: 1.067567
rate K <-> W: 0.046864
rate K <-> Y: 0.123890
rate K <-> V: 0.173913
rate M <-> F: 1.689205
rate M <-> P: 0.093763
rate M <-> S: 0.325811
rate M <-> T: 1.897216
rate M <-> W: 0.653740
rate M <-> Y: 0.451968
rate M <-> V: 1.782983
rate F <-> P: 0.088706
rate F <-> S: 0.339765
rate F <-> T: 0.154944
rate F <-> W: 2.307349
rate F <-> Y: 7.328222
rate F <-> V: 0.614777
rate P <-> S: 1.256567
rate P <-> T: 0.536635
rate P <-> W: 0.089332
rate P <-> Y: 0.084151
rate P <-> V: 0.278428
rate S <-> T: 6.077767
rate S <-> W: 0.233693
rate S <-> Y: 0.376132
rate S <-> V: 0.092373
rate T <-> W: 0.132241
rate T <-> Y: 0.230856
rate T <-> V: 2.054781
rate W <-> Y: 2.959699
rate W <-> V: 0.177959
rate Y <-> V: 0.234116

freq pi(A): 0.059694
freq pi(R): 0.046751
freq pi(N): 0.037242
freq pi(D): 0.050713
freq pi(C): 0.016376
freq pi(Q): 0.037771
freq pi(E): 0.057581
freq pi(G): 0.068146
freq pi(H): 0.029054
freq pi(I): 0.050713
freq pi(L): 0.078711
freq pi(K): 0.071580
freq pi(M): 0.025885
freq pi(F): 0.049392
freq pi(P): 0.058637
freq pi(S): 0.076070
freq pi(T): 0.051506
freq pi(W): 0.019017
freq pi(Y): 0.067882
freq pi(V): 0.047279


ML search took 37.927951 secs or 0.010536 hours

Combined Bootstrap and ML search took 78.161173 secs or 0.021711 hours

Drawing Bootstrap Support Values on best-scoring ML tree ...



Found 1 tree in File /in/RAxML_bestTree.EOG091G069C.clustalo.aln.ALICUT.LGF



Found 1 tree in File /in/RAxML_bestTree.EOG091G069C.clustalo.aln.ALICUT.LGF

Program execution info written to /in/RAxML_info.EOG091G069C.clustalo.aln.ALICUT.LGF
All 100 bootstrapped trees written to: /in/RAxML_bootstrap.EOG091G069C.clustalo.aln.ALICUT.LGF

Best-scoring ML tree written to: /in/RAxML_bestTree.EOG091G069C.clustalo.aln.ALICUT.LGF

Best-scoring ML tree with support values written to: /in/RAxML_bipartitions.EOG091G069C.clustalo.aln.ALICUT.LGF

Best-scoring ML tree with support values as branch labels written to: /in/RAxML_bipartitionsBranchLabels.EOG091G069C.clustalo.aln.ALICUT.LGF

Overall execution time for full ML analysis: 78.164492 secs or 0.021712 hours or 0.000905 days

