
	reading taxa from FASTA ...


	E.granulosus         -> sites: 962   
	H.robusta            -> sites: 962   
	R.norvegicus         -> sites: 962   
	G.turnbulli          -> sites: 962   
	H.microstoma         -> sites: 962   
	C.intestinalis       -> sites: 962   
	D.rerio              -> sites: 962   
	D.melanogaster       -> sites: 962   
	L.gigantea           -> sites: 962   
	G.salaris            -> sites: 962   
	O.viverrini          -> sites: 962   
	C.sinensis           -> sites: 962   


	data type             : amino acid sequences

	input ...

	infile		: EOG091G040G.clustalo.aln.fasta
	random pairs	: 200000000000000000
	window size	: 6
	indels		: ambiguous
	tree file	: -
	node level	: -
	strict profile	: -
	outgroup	: -
	matrix          : BLOSUM62

	number of taxa        : 12
	random number of pairs: 200000000000000000

	generates threshhold value for amino acid data
	using BLOSUM62

	checks for (potential) identical taxa


	scores site patterns ...


	max number of different pairs is 66
	max random pairs are scored!

	pair: 1      ->	taxon1: E.granulos	taxon2: H.robusta 
	            	positions below base line: 347
	pair: 2      ->	taxon1: E.granulos	taxon2: R.norvegic
	            	positions below base line: 352
	pair: 3      ->	taxon1: E.granulos	taxon2: G.turnbull
	            	positions below base line: 335
	pair: 4      ->	taxon1: E.granulos	taxon2: H.microsto
	            	positions below base line: 391
	pair: 5      ->	taxon1: E.granulos	taxon2: C.intestin
	            	positions below base line: 356
	pair: 6      ->	taxon1: E.granulos	taxon2: D.rerio   
	            	positions below base line: 355
	pair: 7      ->	taxon1: E.granulos	taxon2: D.melanoga
	            	positions below base line: 353
	pair: 8      ->	taxon1: E.granulos	taxon2: L.gigantea
	            	positions below base line: 345
	pair: 9      ->	taxon1: E.granulos	taxon2: G.salaris 
	            	positions below base line: 331
	pair: 10     ->	taxon1: E.granulos	taxon2: O.viverrin
	            	positions below base line: 338
	pair: 11     ->	taxon1: E.granulos	taxon2: C.sinensis
	            	positions below base line: 381
	pair: 12     ->	taxon1: H.robusta 	taxon2: R.norvegic
	            	positions below base line: 296
	pair: 13     ->	taxon1: H.robusta 	taxon2: G.turnbull
	            	positions below base line: 316
	pair: 14     ->	taxon1: H.robusta 	taxon2: H.microsto
	            	positions below base line: 417
	pair: 15     ->	taxon1: H.robusta 	taxon2: C.intestin
	            	positions below base line: 326
	pair: 16     ->	taxon1: H.robusta 	taxon2: D.rerio   
	            	positions below base line: 295
	pair: 17     ->	taxon1: H.robusta 	taxon2: D.melanoga
	            	positions below base line: 321
	pair: 18     ->	taxon1: H.robusta 	taxon2: L.gigantea
	            	positions below base line: 288
	pair: 19     ->	taxon1: H.robusta 	taxon2: G.salaris 
	            	positions below base line: 329
	pair: 20     ->	taxon1: H.robusta 	taxon2: O.viverrin
	            	positions below base line: 347
	pair: 21     ->	taxon1: H.robusta 	taxon2: C.sinensis
	            	positions below base line: 387
	pair: 22     ->	taxon1: R.norvegic	taxon2: G.turnbull
	            	positions below base line: 330
	pair: 23     ->	taxon1: R.norvegic	taxon2: H.microsto
	            	positions below base line: 406
	pair: 24     ->	taxon1: R.norvegic	taxon2: C.intestin
	            	positions below base line: 298
	pair: 25     ->	taxon1: R.norvegic	taxon2: D.rerio   
	            	positions below base line: 261
	pair: 26     ->	taxon1: R.norvegic	taxon2: D.melanoga
	            	positions below base line: 306
	pair: 27     ->	taxon1: R.norvegic	taxon2: L.gigantea
	            	positions below base line: 287
	pair: 28     ->	taxon1: R.norvegic	taxon2: G.salaris 
	            	positions below base line: 335
	pair: 29     ->	taxon1: R.norvegic	taxon2: O.viverrin
	            	positions below base line: 341
	pair: 30     ->	taxon1: R.norvegic	taxon2: C.sinensis
	            	positions below base line: 377
	pair: 31     ->	taxon1: G.turnbull	taxon2: H.microsto
	            	positions below base line: 367
	pair: 32     ->	taxon1: G.turnbull	taxon2: C.intestin
	            	positions below base line: 325
	pair: 33     ->	taxon1: G.turnbull	taxon2: D.rerio   
	            	positions below base line: 304
	pair: 34     ->	taxon1: G.turnbull	taxon2: D.melanoga
	            	positions below base line: 322
	pair: 35     ->	taxon1: G.turnbull	taxon2: L.gigantea
	            	positions below base line: 310
	pair: 36     ->	taxon1: G.turnbull	taxon2: G.salaris 
	            	positions below base line: 292
	pair: 37     ->	taxon1: G.turnbull	taxon2: O.viverrin
	            	positions below base line: 301
	pair: 38     ->	taxon1: G.turnbull	taxon2: C.sinensis
	            	positions below base line: 338
	pair: 39     ->	taxon1: H.microsto	taxon2: C.intestin
	            	positions below base line: 415
	pair: 40     ->	taxon1: H.microsto	taxon2: D.rerio   
	            	positions below base line: 407
	pair: 41     ->	taxon1: H.microsto	taxon2: D.melanoga
	            	positions below base line: 419
	pair: 42     ->	taxon1: H.microsto	taxon2: L.gigantea
	            	positions below base line: 403
	pair: 43     ->	taxon1: H.microsto	taxon2: G.salaris 
	            	positions below base line: 413
	pair: 44     ->	taxon1: H.microsto	taxon2: O.viverrin
	            	positions below base line: 361
	pair: 45     ->	taxon1: H.microsto	taxon2: C.sinensis
	            	positions below base line: 399
	pair: 46     ->	taxon1: C.intestin	taxon2: D.rerio   
	            	positions below base line: 275
	pair: 47     ->	taxon1: C.intestin	taxon2: D.melanoga
	            	positions below base line: 319
	pair: 48     ->	taxon1: C.intestin	taxon2: L.gigantea
	            	positions below base line: 294
	pair: 49     ->	taxon1: C.intestin	taxon2: G.salaris 
	            	positions below base line: 337
	pair: 50     ->	taxon1: C.intestin	taxon2: O.viverrin
	            	positions below base line: 332
	pair: 51     ->	taxon1: C.intestin	taxon2: C.sinensis
	            	positions below base line: 384
	pair: 52     ->	taxon1: D.rerio   	taxon2: D.melanoga
	            	positions below base line: 304
	pair: 53     ->	taxon1: D.rerio   	taxon2: L.gigantea
	            	positions below base line: 283
	pair: 54     ->	taxon1: D.rerio   	taxon2: G.salaris 
	            	positions below base line: 340
	pair: 55     ->	taxon1: D.rerio   	taxon2: O.viverrin
	            	positions below base line: 312
	pair: 56     ->	taxon1: D.rerio   	taxon2: C.sinensis
	            	positions below base line: 353
	pair: 57     ->	taxon1: D.melanoga	taxon2: L.gigantea
	            	positions below base line: 303
	pair: 58     ->	taxon1: D.melanoga	taxon2: G.salaris 
	            	positions below base line: 346
	pair: 59     ->	taxon1: D.melanoga	taxon2: O.viverrin
	            	positions below base line: 346
	pair: 60     ->	taxon1: D.melanoga	taxon2: C.sinensis
	            	positions below base line: 392
	pair: 61     ->	taxon1: L.gigantea	taxon2: G.salaris 
	            	positions below base line: 318
	pair: 62     ->	taxon1: L.gigantea	taxon2: O.viverrin
	            	positions below base line: 335
	pair: 63     ->	taxon1: L.gigantea	taxon2: C.sinensis
	            	positions below base line: 382
	pair: 64     ->	taxon1: G.salaris 	taxon2: O.viverrin
	            	positions below base line: 339
	pair: 65     ->	taxon1: G.salaris 	taxon2: C.sinensis
	            	positions below base line: 378
	pair: 66     ->	taxon1: O.viverrin	taxon2: C.sinensis
	            	positions below base line: 223

	generates quality profile from collected scores ...


	scoring done ...


	generates vector plot from collected scores ...


Argument "-" treated as 0 in increment (++) at /usr/bin/Aliscore.pl line 1213.
	Profile written to EOG091G040G.clustalo.aln.fasta_Profile_random.txt
	List   written to EOG091G040G.clustalo.aln.fasta_List_random.txt

	time used: 3.98 sec

