
	reading taxa from FASTA ...


	C.intestinalis       -> sites: 2103  
	L.gigantea           -> sites: 2103  
	D.melanogaster       -> sites: 2103  
	G.salaris            -> sites: 2103  
	S.mansoni            -> sites: 2103  
	T.solium             -> sites: 2103  
	R.norvegicus         -> sites: 2103  
	E.granulosus         -> sites: 2103  
	C.sinensis           -> sites: 2103  
	D.rerio              -> sites: 2103  
	H.robusta            -> sites: 2103  
	H.microstoma         -> sites: 2103  


	data type             : amino acid sequences

	input ...

	infile		: EOG091G0HML.clustalo.aln.fasta
	random pairs	: 200000000000000000
	window size	: 6
	indels		: ambiguous
	tree file	: -
	node level	: -
	strict profile	: -
	outgroup	: -
	matrix          : BLOSUM62

	number of taxa        : 12
	random number of pairs: 200000000000000000

	generates threshhold value for amino acid data
	using BLOSUM62

	checks for (potential) identical taxa


	scores site patterns ...


	max number of different pairs is 66
	max random pairs are scored!

	pair: 1      ->	taxon1: C.intestin	taxon2: L.gigantea
	            	positions below base line: 1828
	pair: 2      ->	taxon1: C.intestin	taxon2: D.melanoga
	            	positions below base line: 1824
	pair: 3      ->	taxon1: C.intestin	taxon2: G.salaris 
	            	positions below base line: 1914
	pair: 4      ->	taxon1: C.intestin	taxon2: S.mansoni 
	            	positions below base line: 1919
	pair: 5      ->	taxon1: C.intestin	taxon2: T.solium  
	            	positions below base line: 1939
	pair: 6      ->	taxon1: C.intestin	taxon2: R.norvegic
	            	positions below base line: 1793
	pair: 7      ->	taxon1: C.intestin	taxon2: E.granulos
	            	positions below base line: 1915
	pair: 8      ->	taxon1: C.intestin	taxon2: C.sinensis
	            	positions below base line: 1899
	pair: 9      ->	taxon1: C.intestin	taxon2: D.rerio   
	            	positions below base line: 1814
	pair: 10     ->	taxon1: C.intestin	taxon2: H.robusta 
	            	positions below base line: 1846
	pair: 11     ->	taxon1: C.intestin	taxon2: H.microsto
	            	positions below base line: 1930
	pair: 12     ->	taxon1: L.gigantea	taxon2: D.melanoga
	            	positions below base line: 1839
	pair: 13     ->	taxon1: L.gigantea	taxon2: G.salaris 
	            	positions below base line: 1882
	pair: 14     ->	taxon1: L.gigantea	taxon2: S.mansoni 
	            	positions below base line: 1909
	pair: 15     ->	taxon1: L.gigantea	taxon2: T.solium  
	            	positions below base line: 1919
	pair: 16     ->	taxon1: L.gigantea	taxon2: R.norvegic
	            	positions below base line: 1812
	pair: 17     ->	taxon1: L.gigantea	taxon2: E.granulos
	            	positions below base line: 1895
	pair: 18     ->	taxon1: L.gigantea	taxon2: C.sinensis
	            	positions below base line: 1877
	pair: 19     ->	taxon1: L.gigantea	taxon2: D.rerio   
	            	positions below base line: 1811
	pair: 20     ->	taxon1: L.gigantea	taxon2: H.robusta 
	            	positions below base line: 1835
	pair: 21     ->	taxon1: L.gigantea	taxon2: H.microsto
	            	positions below base line: 1897
	pair: 22     ->	taxon1: D.melanoga	taxon2: G.salaris 
	            	positions below base line: 1884
	pair: 23     ->	taxon1: D.melanoga	taxon2: S.mansoni 
	            	positions below base line: 1899
	pair: 24     ->	taxon1: D.melanoga	taxon2: T.solium  
	            	positions below base line: 1908
	pair: 25     ->	taxon1: D.melanoga	taxon2: R.norvegic
	            	positions below base line: 1847
	pair: 26     ->	taxon1: D.melanoga	taxon2: E.granulos
	            	positions below base line: 1881
	pair: 27     ->	taxon1: D.melanoga	taxon2: C.sinensis
	            	positions below base line: 1890
	pair: 28     ->	taxon1: D.melanoga	taxon2: D.rerio   
	            	positions below base line: 1854
	pair: 29     ->	taxon1: D.melanoga	taxon2: H.robusta 
	            	positions below base line: 1856
	pair: 30     ->	taxon1: D.melanoga	taxon2: H.microsto
	            	positions below base line: 1898
	pair: 31     ->	taxon1: G.salaris 	taxon2: S.mansoni 
	            	positions below base line: 1893
	pair: 32     ->	taxon1: G.salaris 	taxon2: T.solium  
	            	positions below base line: 1908
	pair: 33     ->	taxon1: G.salaris 	taxon2: R.norvegic
	            	positions below base line: 1900
	pair: 34     ->	taxon1: G.salaris 	taxon2: E.granulos
	            	positions below base line: 1886
	pair: 35     ->	taxon1: G.salaris 	taxon2: C.sinensis
	            	positions below base line: 1863
	pair: 36     ->	taxon1: G.salaris 	taxon2: D.rerio   
	            	positions below base line: 1888
	pair: 37     ->	taxon1: G.salaris 	taxon2: H.robusta 
	            	positions below base line: 1902
	pair: 38     ->	taxon1: G.salaris 	taxon2: H.microsto
	            	positions below base line: 1857
	pair: 39     ->	taxon1: S.mansoni 	taxon2: T.solium  
	            	positions below base line: 1897
	pair: 40     ->	taxon1: S.mansoni 	taxon2: R.norvegic
	            	positions below base line: 1922
	pair: 41     ->	taxon1: S.mansoni 	taxon2: E.granulos
	            	positions below base line: 1886
	pair: 42     ->	taxon1: S.mansoni 	taxon2: C.sinensis
	            	positions below base line: 1806
	pair: 43     ->	taxon1: S.mansoni 	taxon2: D.rerio   
	            	positions below base line: 1906
	pair: 44     ->	taxon1: S.mansoni 	taxon2: H.robusta 
	            	positions below base line: 1912
	pair: 45     ->	taxon1: S.mansoni 	taxon2: H.microsto
	            	positions below base line: 1893
	pair: 46     ->	taxon1: T.solium  	taxon2: R.norvegic
	            	positions below base line: 1928
	pair: 47     ->	taxon1: T.solium  	taxon2: E.granulos
	            	positions below base line: 1676
	pair: 48     ->	taxon1: T.solium  	taxon2: C.sinensis
	            	positions below base line: 1885
	pair: 49     ->	taxon1: T.solium  	taxon2: D.rerio   
	            	positions below base line: 1904
	pair: 50     ->	taxon1: T.solium  	taxon2: H.robusta 
	            	positions below base line: 1915
	pair: 51     ->	taxon1: T.solium  	taxon2: H.microsto
	            	positions below base line: 1803
	pair: 52     ->	taxon1: R.norvegic	taxon2: E.granulos
	            	positions below base line: 1918
	pair: 53     ->	taxon1: R.norvegic	taxon2: C.sinensis
	            	positions below base line: 1894
	pair: 54     ->	taxon1: R.norvegic	taxon2: D.rerio   
	            	positions below base line: 1726
	pair: 55     ->	taxon1: R.norvegic	taxon2: H.robusta 
	            	positions below base line: 1834
	pair: 56     ->	taxon1: R.norvegic	taxon2: H.microsto
	            	positions below base line: 1900
	pair: 57     ->	taxon1: E.granulos	taxon2: C.sinensis
	            	positions below base line: 1873
	pair: 58     ->	taxon1: E.granulos	taxon2: D.rerio   
	            	positions below base line: 1902
	pair: 59     ->	taxon1: E.granulos	taxon2: H.robusta 
	            	positions below base line: 1921
	pair: 60     ->	taxon1: E.granulos	taxon2: H.microsto
	            	positions below base line: 1778
	pair: 61     ->	taxon1: C.sinensis	taxon2: D.rerio   
	            	positions below base line: 1884
	pair: 62     ->	taxon1: C.sinensis	taxon2: H.robusta 
	            	positions below base line: 1899
	pair: 63     ->	taxon1: C.sinensis	taxon2: H.microsto
	            	positions below base line: 1875
	pair: 64     ->	taxon1: D.rerio   	taxon2: H.robusta 
	            	positions below base line: 1823
	pair: 65     ->	taxon1: D.rerio   	taxon2: H.microsto
	            	positions below base line: 1920
	pair: 66     ->	taxon1: H.robusta 	taxon2: H.microsto
	            	positions below base line: 1926

	generates quality profile from collected scores ...


	scoring done ...


	generates vector plot from collected scores ...


Argument "-" treated as 0 in increment (++) at /usr/bin/Aliscore.pl line 1213.
	Profile written to EOG091G0HML.clustalo.aln.fasta_Profile_random.txt
	List   written to EOG091G0HML.clustalo.aln.fasta_List_random.txt

	time used: 4.3 sec

