
RAxML can't, parse the alignment file as phylip file 
it will now try to parse it as FASTA file


This is the RAxML Master Pthread

This is RAxML Worker Pthread Number: 1


This is RAxML version 8.2.12 released by Alexandros Stamatakis on May 2018.

With greatly appreciated code contributions by:
Andre Aberer      (HITS)
Simon Berger      (HITS)
Alexey Kozlov     (HITS)
Kassian Kobert    (HITS)
David Dao         (KIT and HITS)
Sarah Lutteropp   (KIT and HITS)
Nick Pattengale   (Sandia)
Wayne Pfeiffer    (SDSC)
Akifumi S. Tanabe (NRIFS)
Charlie Taylor    (UF)


Alignment has 58 distinct alignment patterns

Proportion of gaps and completely undetermined characters in this alignment: 7.97%

RAxML rapid bootstrapping and subsequent ML search

Using 1 distinct models/data partitions with joint branch length optimization



Executing 100 rapid bootstrap inferences and thereafter a thorough ML search 

All free model parameters will be estimated by RAxML
GAMMA model of rate heterogeneity, ML estimate of alpha-parameter

GAMMA Model parameters will be estimated up to an accuracy of 0.1000000000 Log Likelihood units

Partition: 0
Alignment Patterns: 58
Name: No Name Provided
DataType: AA
Substitution Matrix: WAG
Using empirical base frequencies




RAxML was called as follows:

raxml -f a -T 2 -m PROTGAMMAWAGF -p 12345 -x 12345 -# 100 -s ALICUT_EOG091G0M22.clustalo.aln.fasta -n EOG091G0M22.clustalo.aln.ALICUT.WAGF 



Time for BS model parameter optimization 0.015629
Bootstrap[0]: Time 0.295187 seconds, bootstrap likelihood -1179.989416, best rearrangement setting 13
Bootstrap[1]: Time 0.268310 seconds, bootstrap likelihood -1249.939694, best rearrangement setting 13
Bootstrap[2]: Time 0.229553 seconds, bootstrap likelihood -962.583182, best rearrangement setting 12
Bootstrap[3]: Time 0.238314 seconds, bootstrap likelihood -1228.994986, best rearrangement setting 15
Bootstrap[4]: Time 0.212420 seconds, bootstrap likelihood -1092.053377, best rearrangement setting 10
Bootstrap[5]: Time 0.299080 seconds, bootstrap likelihood -1093.164023, best rearrangement setting 10
Bootstrap[6]: Time 0.293930 seconds, bootstrap likelihood -1150.931271, best rearrangement setting 6
Bootstrap[7]: Time 0.328967 seconds, bootstrap likelihood -1154.277987, best rearrangement setting 14
Bootstrap[8]: Time 0.339887 seconds, bootstrap likelihood -1294.583166, best rearrangement setting 5
Bootstrap[9]: Time 0.305537 seconds, bootstrap likelihood -1313.699765, best rearrangement setting 7
Bootstrap[10]: Time 0.321966 seconds, bootstrap likelihood -1203.968989, best rearrangement setting 7
Bootstrap[11]: Time 0.250276 seconds, bootstrap likelihood -1153.061529, best rearrangement setting 5
Bootstrap[12]: Time 0.946938 seconds, bootstrap likelihood -1152.523664, best rearrangement setting 8
Bootstrap[13]: Time 0.242607 seconds, bootstrap likelihood -1136.780059, best rearrangement setting 7
Bootstrap[14]: Time 0.284965 seconds, bootstrap likelihood -1250.911343, best rearrangement setting 12
Bootstrap[15]: Time 0.260026 seconds, bootstrap likelihood -1107.070783, best rearrangement setting 15
Bootstrap[16]: Time 0.257757 seconds, bootstrap likelihood -1296.975641, best rearrangement setting 12
Bootstrap[17]: Time 0.237514 seconds, bootstrap likelihood -1145.938667, best rearrangement setting 12
Bootstrap[18]: Time 0.384189 seconds, bootstrap likelihood -1170.437920, best rearrangement setting 5
Bootstrap[19]: Time 0.381002 seconds, bootstrap likelihood -1095.130042, best rearrangement setting 8
Bootstrap[20]: Time 0.297877 seconds, bootstrap likelihood -1101.940356, best rearrangement setting 10
Bootstrap[21]: Time 0.405931 seconds, bootstrap likelihood -1144.618837, best rearrangement setting 6
Bootstrap[22]: Time 0.381116 seconds, bootstrap likelihood -1111.597418, best rearrangement setting 5
Bootstrap[23]: Time 0.347671 seconds, bootstrap likelihood -981.002450, best rearrangement setting 7
Bootstrap[24]: Time 0.403329 seconds, bootstrap likelihood -1116.812357, best rearrangement setting 8
Bootstrap[25]: Time 0.323554 seconds, bootstrap likelihood -1063.993848, best rearrangement setting 6
Bootstrap[26]: Time 0.316870 seconds, bootstrap likelihood -1042.267885, best rearrangement setting 12
Bootstrap[27]: Time 0.447953 seconds, bootstrap likelihood -1260.579683, best rearrangement setting 10
Bootstrap[28]: Time 0.374327 seconds, bootstrap likelihood -1013.706562, best rearrangement setting 11
Bootstrap[29]: Time 0.329597 seconds, bootstrap likelihood -1136.895258, best rearrangement setting 12
Bootstrap[30]: Time 0.395380 seconds, bootstrap likelihood -1041.986803, best rearrangement setting 15
Bootstrap[31]: Time 0.370100 seconds, bootstrap likelihood -1253.961181, best rearrangement setting 15
Bootstrap[32]: Time 0.363236 seconds, bootstrap likelihood -1103.720669, best rearrangement setting 6
Bootstrap[33]: Time 0.447517 seconds, bootstrap likelihood -1107.813983, best rearrangement setting 15
Bootstrap[34]: Time 0.313202 seconds, bootstrap likelihood -1148.247796, best rearrangement setting 11
Bootstrap[35]: Time 0.410038 seconds, bootstrap likelihood -1199.806077, best rearrangement setting 8
Bootstrap[36]: Time 0.379978 seconds, bootstrap likelihood -1211.557959, best rearrangement setting 9
Bootstrap[37]: Time 0.332992 seconds, bootstrap likelihood -1031.935270, best rearrangement setting 11
Bootstrap[38]: Time 0.401772 seconds, bootstrap likelihood -1186.745816, best rearrangement setting 8
Bootstrap[39]: Time 0.428916 seconds, bootstrap likelihood -1335.210421, best rearrangement setting 13
Bootstrap[40]: Time 0.290516 seconds, bootstrap likelihood -1094.120726, best rearrangement setting 13
Bootstrap[41]: Time 0.452030 seconds, bootstrap likelihood -1127.550632, best rearrangement setting 10
Bootstrap[42]: Time 0.397736 seconds, bootstrap likelihood -1160.878207, best rearrangement setting 5
Bootstrap[43]: Time 0.438857 seconds, bootstrap likelihood -1122.720519, best rearrangement setting 14
Bootstrap[44]: Time 0.440500 seconds, bootstrap likelihood -1161.111596, best rearrangement setting 10
Bootstrap[45]: Time 0.347540 seconds, bootstrap likelihood -1007.053429, best rearrangement setting 15
Bootstrap[46]: Time 0.451403 seconds, bootstrap likelihood -1286.472721, best rearrangement setting 14
Bootstrap[47]: Time 0.296642 seconds, bootstrap likelihood -1033.870299, best rearrangement setting 8
Bootstrap[48]: Time 0.394007 seconds, bootstrap likelihood -1131.726761, best rearrangement setting 6
Bootstrap[49]: Time 0.383692 seconds, bootstrap likelihood -1063.439911, best rearrangement setting 7
Bootstrap[50]: Time 0.341630 seconds, bootstrap likelihood -1018.278968, best rearrangement setting 7
Bootstrap[51]: Time 0.363733 seconds, bootstrap likelihood -1096.307728, best rearrangement setting 11
Bootstrap[52]: Time 0.439968 seconds, bootstrap likelihood -1120.761754, best rearrangement setting 12
Bootstrap[53]: Time 0.306745 seconds, bootstrap likelihood -1196.194942, best rearrangement setting 8
Bootstrap[54]: Time 0.469837 seconds, bootstrap likelihood -1157.535243, best rearrangement setting 9
Bootstrap[55]: Time 0.471835 seconds, bootstrap likelihood -1129.149884, best rearrangement setting 11
Bootstrap[56]: Time 0.344846 seconds, bootstrap likelihood -1223.726704, best rearrangement setting 5
Bootstrap[57]: Time 0.378517 seconds, bootstrap likelihood -1207.968299, best rearrangement setting 7
Bootstrap[58]: Time 0.376010 seconds, bootstrap likelihood -1196.130024, best rearrangement setting 10
Bootstrap[59]: Time 0.422755 seconds, bootstrap likelihood -1165.659532, best rearrangement setting 9
Bootstrap[60]: Time 0.417693 seconds, bootstrap likelihood -1119.593482, best rearrangement setting 7
Bootstrap[61]: Time 0.348336 seconds, bootstrap likelihood -1146.382740, best rearrangement setting 5
Bootstrap[62]: Time 0.414177 seconds, bootstrap likelihood -1070.464449, best rearrangement setting 11
Bootstrap[63]: Time 0.416278 seconds, bootstrap likelihood -1059.173556, best rearrangement setting 12
Bootstrap[64]: Time 0.409928 seconds, bootstrap likelihood -1017.702349, best rearrangement setting 7
Bootstrap[65]: Time 0.433472 seconds, bootstrap likelihood -1035.031317, best rearrangement setting 5
Bootstrap[66]: Time 0.410298 seconds, bootstrap likelihood -1185.991111, best rearrangement setting 5
Bootstrap[67]: Time 0.362497 seconds, bootstrap likelihood -1110.994239, best rearrangement setting 15
Bootstrap[68]: Time 0.374131 seconds, bootstrap likelihood -1188.090066, best rearrangement setting 11
Bootstrap[69]: Time 0.222812 seconds, bootstrap likelihood -1279.329639, best rearrangement setting 5
Bootstrap[70]: Time 0.234190 seconds, bootstrap likelihood -1093.995615, best rearrangement setting 8
Bootstrap[71]: Time 0.211267 seconds, bootstrap likelihood -1147.367015, best rearrangement setting 10
Bootstrap[72]: Time 0.240574 seconds, bootstrap likelihood -1149.823537, best rearrangement setting 11
Bootstrap[73]: Time 0.228353 seconds, bootstrap likelihood -1208.278476, best rearrangement setting 9
Bootstrap[74]: Time 0.228449 seconds, bootstrap likelihood -1271.702970, best rearrangement setting 5
Bootstrap[75]: Time 0.267398 seconds, bootstrap likelihood -1182.196098, best rearrangement setting 8
Bootstrap[76]: Time 0.196515 seconds, bootstrap likelihood -1130.585566, best rearrangement setting 9
Bootstrap[77]: Time 0.215388 seconds, bootstrap likelihood -1137.497293, best rearrangement setting 11
Bootstrap[78]: Time 0.240662 seconds, bootstrap likelihood -1229.793997, best rearrangement setting 15
Bootstrap[79]: Time 0.217705 seconds, bootstrap likelihood -1125.710678, best rearrangement setting 9
Bootstrap[80]: Time 0.232992 seconds, bootstrap likelihood -998.525511, best rearrangement setting 15
Bootstrap[81]: Time 0.272320 seconds, bootstrap likelihood -1175.645916, best rearrangement setting 7
Bootstrap[82]: Time 0.238704 seconds, bootstrap likelihood -1082.481239, best rearrangement setting 6
Bootstrap[83]: Time 0.201422 seconds, bootstrap likelihood -1131.496377, best rearrangement setting 10
Bootstrap[84]: Time 0.227119 seconds, bootstrap likelihood -962.386889, best rearrangement setting 11
Bootstrap[85]: Time 0.235134 seconds, bootstrap likelihood -1223.155639, best rearrangement setting 8
Bootstrap[86]: Time 0.224599 seconds, bootstrap likelihood -1048.017940, best rearrangement setting 7
Bootstrap[87]: Time 0.273603 seconds, bootstrap likelihood -1077.534923, best rearrangement setting 7
Bootstrap[88]: Time 0.217009 seconds, bootstrap likelihood -1037.956447, best rearrangement setting 12
Bootstrap[89]: Time 0.242214 seconds, bootstrap likelihood -1131.746284, best rearrangement setting 10
Bootstrap[90]: Time 0.249317 seconds, bootstrap likelihood -1395.244000, best rearrangement setting 8
Bootstrap[91]: Time 0.274702 seconds, bootstrap likelihood -1152.574343, best rearrangement setting 12
Bootstrap[92]: Time 0.259570 seconds, bootstrap likelihood -1180.170959, best rearrangement setting 13
Bootstrap[93]: Time 0.263629 seconds, bootstrap likelihood -1140.677748, best rearrangement setting 15
Bootstrap[94]: Time 0.205918 seconds, bootstrap likelihood -1057.862486, best rearrangement setting 5
Bootstrap[95]: Time 0.237154 seconds, bootstrap likelihood -1232.000461, best rearrangement setting 5
Bootstrap[96]: Time 0.264271 seconds, bootstrap likelihood -1014.059701, best rearrangement setting 13
Bootstrap[97]: Time 0.241071 seconds, bootstrap likelihood -1216.522316, best rearrangement setting 11
Bootstrap[98]: Time 0.219008 seconds, bootstrap likelihood -1091.735554, best rearrangement setting 6
Bootstrap[99]: Time 0.214242 seconds, bootstrap likelihood -1144.116230, best rearrangement setting 14


Overall Time for 100 Rapid Bootstraps 32.559673 seconds
Average Time per Rapid Bootstrap 0.325597 seconds

Starting ML Search ...

Fast ML optimization finished

Fast ML search Time: 16.484153 seconds

Slow ML Search 0 Likelihood: -1161.603672
Slow ML Search 1 Likelihood: -1161.603672
Slow ML Search 2 Likelihood: -1161.603672
Slow ML Search 3 Likelihood: -1161.603672
Slow ML Search 4 Likelihood: -1161.603672
Slow ML Search 5 Likelihood: -1161.603672
Slow ML Search 6 Likelihood: -1161.603672
Slow ML Search 7 Likelihood: -1161.603672
Slow ML Search 8 Likelihood: -1161.603672
Slow ML Search 9 Likelihood: -1161.603672
Slow ML optimization finished

Slow ML search Time: 5.651144 seconds
Thorough ML search Time: 0.437961 seconds

Final ML Optimization Likelihood: -1161.603672

Model Information:

Model Parameters of Partition 0, Name: No Name Provided, Type of Data: AA
alpha: 1.722910
Tree-Length: 4.644377
rate A <-> R: 0.705217
rate A <-> N: 0.651871
rate A <-> D: 0.944853
rate A <-> C: 1.313132
rate A <-> Q: 1.161697
rate A <-> E: 2.023768
rate A <-> G: 1.811361
rate A <-> H: 0.405245
rate A <-> I: 0.247190
rate A <-> L: 0.508758
rate A <-> K: 1.158714
rate A <-> M: 1.142388
rate A <-> F: 0.269129
rate A <-> P: 1.839272
rate A <-> S: 4.309757
rate A <-> T: 2.711966
rate A <-> W: 0.144647
rate A <-> Y: 0.307794
rate A <-> V: 2.564804
rate R <-> N: 0.812328
rate R <-> D: 0.188337
rate R <-> C: 0.675324
rate R <-> Q: 3.881068
rate R <-> E: 0.561488
rate R <-> G: 0.747529
rate R <-> H: 2.732474
rate R <-> I: 0.239064
rate R <-> L: 0.636302
rate R <-> K: 6.842111
rate R <-> M: 0.873463
rate R <-> F: 0.131322
rate R <-> P: 0.868767
rate R <-> S: 1.565200
rate R <-> T: 0.708850
rate R <-> W: 1.488141
rate R <-> Y: 0.487813
rate R <-> V: 0.322004
rate N <-> D: 6.941838
rate N <-> C: 0.339146
rate N <-> Q: 1.973636
rate N <-> E: 1.211049
rate N <-> G: 1.439096
rate N <-> H: 5.058353
rate N <-> I: 0.708624
rate N <-> L: 0.168166
rate N <-> K: 3.851035
rate N <-> M: 0.253437
rate N <-> F: 0.122949
rate N <-> P: 0.249423
rate N <-> S: 5.081291
rate N <-> T: 2.595553
rate N <-> W: 0.091950
rate N <-> Y: 1.388516
rate N <-> V: 0.250912
rate D <-> C: 0.038734
rate D <-> Q: 0.788594
rate D <-> E: 7.894033
rate D <-> G: 1.106701
rate D <-> H: 1.189925
rate D <-> I: 0.050423
rate D <-> L: 0.108428
rate D <-> K: 0.613523
rate D <-> M: 0.132656
rate D <-> F: 0.059748
rate D <-> P: 0.542089
rate D <-> S: 1.370309
rate D <-> T: 0.479289
rate D <-> W: 0.165915
rate D <-> Y: 0.416441
rate D <-> V: 0.194769
rate C <-> Q: 0.126345
rate C <-> E: 0.027300
rate C <-> G: 0.392101
rate C <-> H: 0.318326
rate C <-> I: 0.217528
rate C <-> L: 0.491334
rate C <-> K: 0.094657
rate C <-> M: 0.499255
rate C <-> F: 0.508892
rate C <-> P: 0.139880
rate C <-> S: 1.799778
rate C <-> T: 0.655881
rate C <-> W: 0.916817
rate C <-> Y: 0.695323
rate C <-> V: 1.281296
rate Q <-> E: 6.993045
rate Q <-> G: 0.421991
rate Q <-> H: 5.490277
rate Q <-> I: 0.145650
rate Q <-> L: 1.111694
rate Q <-> K: 4.979863
rate Q <-> M: 1.975707
rate Q <-> F: 0.127755
rate Q <-> P: 1.193372
rate Q <-> S: 1.315472
rate Q <-> T: 1.096912
rate Q <-> W: 0.275833
rate Q <-> Y: 0.291141
rate Q <-> V: 0.385206
rate E <-> G: 0.725860
rate E <-> H: 0.728811
rate E <-> I: 0.162882
rate E <-> L: 0.197234
rate E <-> K: 3.304348
rate E <-> M: 0.402905
rate E <-> F: 0.103735
rate E <-> P: 0.872432
rate E <-> S: 0.901307
rate E <-> T: 1.051954
rate E <-> W: 0.200167
rate E <-> Y: 0.250985
rate E <-> V: 0.752728
rate G <-> H: 0.318886
rate G <-> I: 0.038932
rate G <-> L: 0.078380
rate G <-> K: 0.477616
rate G <-> M: 0.222597
rate G <-> F: 0.063840
rate G <-> P: 0.311419
rate G <-> S: 1.715597
rate G <-> T: 0.288741
rate G <-> W: 0.430853
rate G <-> Y: 0.132464
rate G <-> V: 0.239406
rate H <-> I: 0.176684
rate H <-> L: 0.638592
rate H <-> K: 1.138471
rate H <-> M: 0.516718
rate H <-> F: 0.868616
rate H <-> P: 0.890131
rate H <-> S: 0.946350
rate H <-> T: 0.605151
rate H <-> W: 0.335710
rate H <-> Y: 4.952425
rate H <-> V: 0.151328
rate I <-> L: 4.054275
rate I <-> K: 0.414039
rate I <-> M: 5.443417
rate I <-> F: 1.354596
rate I <-> P: 0.127765
rate I <-> S: 0.408423
rate I <-> T: 1.864345
rate I <-> W: 0.271672
rate I <-> Y: 0.537212
rate I <-> V: 10.000000
rate L <-> K: 0.329299
rate L <-> M: 6.206155
rate L <-> F: 2.704371
rate L <-> P: 0.531681
rate L <-> S: 0.440769
rate L <-> T: 0.417606
rate L <-> W: 0.850637
rate L <-> Y: 0.509657
rate L <-> V: 2.301842
rate K <-> M: 1.194528
rate K <-> F: 0.113582
rate K <-> P: 0.712025
rate K <-> S: 1.236534
rate K <-> T: 1.773337
rate K <-> W: 0.175808
rate K <-> Y: 0.170386
rate K <-> V: 0.390516
rate M <-> F: 1.522292
rate M <-> P: 0.219054
rate M <-> S: 0.631487
rate M <-> T: 1.938450
rate M <-> W: 0.659361
rate M <-> Y: 0.547782
rate M <-> V: 2.631851
rate F <-> P: 0.206416
rate F <-> S: 0.698005
rate F <-> T: 0.219788
rate F <-> W: 1.955736
rate F <-> Y: 8.252183
rate F <-> V: 0.830926
rate P <-> S: 2.062675
rate P <-> T: 1.016946
rate P <-> W: 0.178238
rate P <-> Y: 0.276228
rate P <-> V: 0.402602
rate S <-> T: 5.597561
rate S <-> W: 0.669635
rate S <-> Y: 1.006218
rate S <-> V: 0.297571
rate T <-> W: 0.141746
rate T <-> Y: 0.372250
rate T <-> V: 1.774935
rate W <-> Y: 3.177720
rate W <-> V: 0.467146
rate Y <-> V: 0.402401

freq pi(A): 0.050619
freq pi(R): 0.067492
freq pi(N): 0.028121
freq pi(D): 0.042745
freq pi(C): 0.026997
freq pi(Q): 0.024747
freq pi(E): 0.064117
freq pi(G): 0.151856
freq pi(H): 0.014623
freq pi(I): 0.049494
freq pi(L): 0.038245
freq pi(K): 0.076490
freq pi(M): 0.005624
freq pi(F): 0.061867
freq pi(P): 0.059618
freq pi(S): 0.037120
freq pi(T): 0.037120
freq pi(W): 0.014623
freq pi(Y): 0.058493
freq pi(V): 0.089989


ML search took 22.595418 secs or 0.006277 hours

Combined Bootstrap and ML search took 55.155307 secs or 0.015321 hours

Drawing Bootstrap Support Values on best-scoring ML tree ...



Found 1 tree in File /in/RAxML_bestTree.EOG091G0M22.clustalo.aln.ALICUT.WAGF



Found 1 tree in File /in/RAxML_bestTree.EOG091G0M22.clustalo.aln.ALICUT.WAGF

Program execution info written to /in/RAxML_info.EOG091G0M22.clustalo.aln.ALICUT.WAGF
All 100 bootstrapped trees written to: /in/RAxML_bootstrap.EOG091G0M22.clustalo.aln.ALICUT.WAGF

Best-scoring ML tree written to: /in/RAxML_bestTree.EOG091G0M22.clustalo.aln.ALICUT.WAGF

Best-scoring ML tree with support values written to: /in/RAxML_bipartitions.EOG091G0M22.clustalo.aln.ALICUT.WAGF

Best-scoring ML tree with support values as branch labels written to: /in/RAxML_bipartitionsBranchLabels.EOG091G0M22.clustalo.aln.ALICUT.WAGF

Overall execution time for full ML analysis: 55.157780 secs or 0.015322 hours or 0.000638 days

