
	reading taxa from FASTA ...


	G.salaris            -> sites: 1122  
	C.sinensis           -> sites: 1122  
	R.norvegicus         -> sites: 1122  
	C.intestinalis       -> sites: 1122  
	T.solium             -> sites: 1122  
	G.turnbulli          -> sites: 1122  
	O.viverrini          -> sites: 1122  
	H.microstoma         -> sites: 1122  
	D.rerio              -> sites: 1122  
	S.mediterranea       -> sites: 1122  
	E.granulosus         -> sites: 1122  
	H.robusta            -> sites: 1122  
	S.mansoni            -> sites: 1122  


	data type             : amino acid sequences

	input ...

	infile		: EOG091G1817.clustalo.aln.fasta
	random pairs	: 200000000000000000
	window size	: 6
	indels		: ambiguous
	tree file	: -
	node level	: -
	strict profile	: -
	outgroup	: -
	matrix          : BLOSUM62

	number of taxa        : 13
	random number of pairs: 200000000000000000

	generates threshhold value for amino acid data
	using BLOSUM62

	checks for (potential) identical taxa


	scores site patterns ...


	max number of different pairs is 78
	max random pairs are scored!

	pair: 1      ->	taxon1: G.salaris 	taxon2: C.sinensis
	            	positions below base line: 768
	pair: 2      ->	taxon1: G.salaris 	taxon2: R.norvegic
	            	positions below base line: 798
	pair: 3      ->	taxon1: G.salaris 	taxon2: C.intestin
	            	positions below base line: 807
	pair: 4      ->	taxon1: G.salaris 	taxon2: T.solium  
	            	positions below base line: 803
	pair: 5      ->	taxon1: G.salaris 	taxon2: G.turnbull
	            	positions below base line: 647
	pair: 6      ->	taxon1: G.salaris 	taxon2: O.viverrin
	            	positions below base line: 780
	pair: 7      ->	taxon1: G.salaris 	taxon2: H.microsto
	            	positions below base line: 761
	pair: 8      ->	taxon1: G.salaris 	taxon2: D.rerio   
	            	positions below base line: 803
	pair: 9      ->	taxon1: G.salaris 	taxon2: S.mediterr
	            	positions below base line: 844
	pair: 10     ->	taxon1: G.salaris 	taxon2: E.granulos
	            	positions below base line: 780
	pair: 11     ->	taxon1: G.salaris 	taxon2: H.robusta 
	            	positions below base line: 809
	pair: 12     ->	taxon1: G.salaris 	taxon2: S.mansoni 
	            	positions below base line: 711
	pair: 13     ->	taxon1: C.sinensis	taxon2: R.norvegic
	            	positions below base line: 820
	pair: 14     ->	taxon1: C.sinensis	taxon2: C.intestin
	            	positions below base line: 848
	pair: 15     ->	taxon1: C.sinensis	taxon2: T.solium  
	            	positions below base line: 829
	pair: 16     ->	taxon1: C.sinensis	taxon2: G.turnbull
	            	positions below base line: 818
	pair: 17     ->	taxon1: C.sinensis	taxon2: O.viverrin
	            	positions below base line: 577
	pair: 18     ->	taxon1: C.sinensis	taxon2: H.microsto
	            	positions below base line: 772
	pair: 19     ->	taxon1: C.sinensis	taxon2: D.rerio   
	            	positions below base line: 832
	pair: 20     ->	taxon1: C.sinensis	taxon2: S.mediterr
	            	positions below base line: 826
	pair: 21     ->	taxon1: C.sinensis	taxon2: E.granulos
	            	positions below base line: 775
	pair: 22     ->	taxon1: C.sinensis	taxon2: H.robusta 
	            	positions below base line: 816
	pair: 23     ->	taxon1: C.sinensis	taxon2: S.mansoni 
	            	positions below base line: 679
	pair: 24     ->	taxon1: R.norvegic	taxon2: C.intestin
	            	positions below base line: 587
	pair: 25     ->	taxon1: R.norvegic	taxon2: T.solium  
	            	positions below base line: 820
	pair: 26     ->	taxon1: R.norvegic	taxon2: G.turnbull
	            	positions below base line: 831
	pair: 27     ->	taxon1: R.norvegic	taxon2: O.viverrin
	            	positions below base line: 834
	pair: 28     ->	taxon1: R.norvegic	taxon2: H.microsto
	            	positions below base line: 816
	pair: 29     ->	taxon1: R.norvegic	taxon2: D.rerio   
	            	positions below base line: 351
	pair: 30     ->	taxon1: R.norvegic	taxon2: S.mediterr
	            	positions below base line: 839
	pair: 31     ->	taxon1: R.norvegic	taxon2: E.granulos
	            	positions below base line: 814
	pair: 32     ->	taxon1: R.norvegic	taxon2: H.robusta 
	            	positions below base line: 639
	pair: 33     ->	taxon1: R.norvegic	taxon2: S.mansoni 
	            	positions below base line: 766
	pair: 34     ->	taxon1: C.intestin	taxon2: T.solium  
	            	positions below base line: 862
	pair: 35     ->	taxon1: C.intestin	taxon2: G.turnbull
	            	positions below base line: 881
	pair: 36     ->	taxon1: C.intestin	taxon2: O.viverrin
	            	positions below base line: 863
	pair: 37     ->	taxon1: C.intestin	taxon2: H.microsto
	            	positions below base line: 842
	pair: 38     ->	taxon1: C.intestin	taxon2: D.rerio   
	            	positions below base line: 604
	pair: 39     ->	taxon1: C.intestin	taxon2: S.mediterr
	            	positions below base line: 878
	pair: 40     ->	taxon1: C.intestin	taxon2: E.granulos
	            	positions below base line: 848
	pair: 41     ->	taxon1: C.intestin	taxon2: H.robusta 
	            	positions below base line: 671
	pair: 42     ->	taxon1: C.intestin	taxon2: S.mansoni 
	            	positions below base line: 803
	pair: 43     ->	taxon1: T.solium  	taxon2: G.turnbull
	            	positions below base line: 863
	pair: 44     ->	taxon1: T.solium  	taxon2: O.viverrin
	            	positions below base line: 841
	pair: 45     ->	taxon1: T.solium  	taxon2: H.microsto
	            	positions below base line: 754
	pair: 46     ->	taxon1: T.solium  	taxon2: D.rerio   
	            	positions below base line: 849
	pair: 47     ->	taxon1: T.solium  	taxon2: S.mediterr
	            	positions below base line: 908
	pair: 48     ->	taxon1: T.solium  	taxon2: E.granulos
	            	positions below base line: 654
	pair: 49     ->	taxon1: T.solium  	taxon2: H.robusta 
	            	positions below base line: 855
	pair: 50     ->	taxon1: T.solium  	taxon2: S.mansoni 
	            	positions below base line: 775
	pair: 51     ->	taxon1: G.turnbull	taxon2: O.viverrin
	            	positions below base line: 840
	pair: 52     ->	taxon1: G.turnbull	taxon2: H.microsto
	            	positions below base line: 799
	pair: 53     ->	taxon1: G.turnbull	taxon2: D.rerio   
	            	positions below base line: 855
	pair: 54     ->	taxon1: G.turnbull	taxon2: S.mediterr
	            	positions below base line: 903
	pair: 55     ->	taxon1: G.turnbull	taxon2: E.granulos
	            	positions below base line: 821
	pair: 56     ->	taxon1: G.turnbull	taxon2: H.robusta 
	            	positions below base line: 831
	pair: 57     ->	taxon1: G.turnbull	taxon2: S.mansoni 
	            	positions below base line: 782
	pair: 58     ->	taxon1: O.viverrin	taxon2: H.microsto
	            	positions below base line: 800
	pair: 59     ->	taxon1: O.viverrin	taxon2: D.rerio   
	            	positions below base line: 846
	pair: 60     ->	taxon1: O.viverrin	taxon2: S.mediterr
	            	positions below base line: 846
	pair: 61     ->	taxon1: O.viverrin	taxon2: E.granulos
	            	positions below base line: 801
	pair: 62     ->	taxon1: O.viverrin	taxon2: H.robusta 
	            	positions below base line: 831
	pair: 63     ->	taxon1: O.viverrin	taxon2: S.mansoni 
	            	positions below base line: 704
	pair: 64     ->	taxon1: H.microsto	taxon2: D.rerio   
	            	positions below base line: 819
	pair: 65     ->	taxon1: H.microsto	taxon2: S.mediterr
	            	positions below base line: 852
	pair: 66     ->	taxon1: H.microsto	taxon2: E.granulos
	            	positions below base line: 645
	pair: 67     ->	taxon1: H.microsto	taxon2: H.robusta 
	            	positions below base line: 819
	pair: 68     ->	taxon1: H.microsto	taxon2: S.mansoni 
	            	positions below base line: 689
	pair: 69     ->	taxon1: D.rerio   	taxon2: S.mediterr
	            	positions below base line: 851
	pair: 70     ->	taxon1: D.rerio   	taxon2: E.granulos
	            	positions below base line: 836
	pair: 71     ->	taxon1: D.rerio   	taxon2: H.robusta 
	            	positions below base line: 642
	pair: 72     ->	taxon1: D.rerio   	taxon2: S.mansoni 
	            	positions below base line: 804
	pair: 73     ->	taxon1: S.mediterr	taxon2: E.granulos
	            	positions below base line: 859
	pair: 74     ->	taxon1: S.mediterr	taxon2: H.robusta 
	            	positions below base line: 860
	pair: 75     ->	taxon1: S.mediterr	taxon2: S.mansoni 
	            	positions below base line: 825
	pair: 76     ->	taxon1: E.granulos	taxon2: H.robusta 
	            	positions below base line: 825
	pair: 77     ->	taxon1: E.granulos	taxon2: S.mansoni 
	            	positions below base line: 728
	pair: 78     ->	taxon1: H.robusta 	taxon2: S.mansoni 
	            	positions below base line: 782

	generates quality profile from collected scores ...


	scoring done ...


	generates vector plot from collected scores ...


Argument "-" treated as 0 in increment (++) at /usr/bin/Aliscore.pl line 1213.
	Profile written to EOG091G1817.clustalo.aln.fasta_Profile_random.txt
	List   written to EOG091G1817.clustalo.aln.fasta_List_random.txt

	time used: 4.07 sec

