
RAxML can't, parse the alignment file as phylip file 
it will now try to parse it as FASTA file


This is the RAxML Master Pthread

This is RAxML Worker Pthread Number: 1


This is RAxML version 8.2.12 released by Alexandros Stamatakis on May 2018.

With greatly appreciated code contributions by:
Andre Aberer      (HITS)
Simon Berger      (HITS)
Alexey Kozlov     (HITS)
Kassian Kobert    (HITS)
David Dao         (KIT and HITS)
Sarah Lutteropp   (KIT and HITS)
Nick Pattengale   (Sandia)
Wayne Pfeiffer    (SDSC)
Akifumi S. Tanabe (NRIFS)
Charlie Taylor    (UF)


Alignment has 110 distinct alignment patterns

Proportion of gaps and completely undetermined characters in this alignment: 2.27%

RAxML rapid bootstrapping and subsequent ML search

Using 1 distinct models/data partitions with joint branch length optimization



Executing 100 rapid bootstrap inferences and thereafter a thorough ML search 

All free model parameters will be estimated by RAxML
GAMMA model of rate heterogeneity, ML estimate of alpha-parameter

GAMMA Model parameters will be estimated up to an accuracy of 0.1000000000 Log Likelihood units

Partition: 0
Alignment Patterns: 110
Name: No Name Provided
DataType: AA
Substitution Matrix: JTT
Using empirical base frequencies




RAxML was called as follows:

raxml -f a -T 2 -m PROTGAMMAJTTF -p 12345 -x 12345 -# 100 -s ALICUT_EOG091G0RM8.clustalo.aln.fasta -n EOG091G0RM8.clustalo.aln.ALICUT.JTTF 



Time for BS model parameter optimization 0.040540
Bootstrap[0]: Time 0.660583 seconds, bootstrap likelihood -2122.766515, best rearrangement setting 13
Bootstrap[1]: Time 0.472146 seconds, bootstrap likelihood -2065.541572, best rearrangement setting 13
Bootstrap[2]: Time 0.559089 seconds, bootstrap likelihood -1905.613388, best rearrangement setting 12
Bootstrap[3]: Time 0.455899 seconds, bootstrap likelihood -1810.765976, best rearrangement setting 15
Bootstrap[4]: Time 0.572976 seconds, bootstrap likelihood -2126.018487, best rearrangement setting 10
Bootstrap[5]: Time 0.483065 seconds, bootstrap likelihood -2006.236993, best rearrangement setting 10
Bootstrap[6]: Time 0.545638 seconds, bootstrap likelihood -1956.120929, best rearrangement setting 6
Bootstrap[7]: Time 0.581717 seconds, bootstrap likelihood -2176.653529, best rearrangement setting 14
Bootstrap[8]: Time 0.525906 seconds, bootstrap likelihood -2117.780982, best rearrangement setting 5
Bootstrap[9]: Time 0.630227 seconds, bootstrap likelihood -2120.861812, best rearrangement setting 7
Bootstrap[10]: Time 0.511670 seconds, bootstrap likelihood -2050.978725, best rearrangement setting 7
Bootstrap[11]: Time 0.495469 seconds, bootstrap likelihood -1947.528513, best rearrangement setting 5
Bootstrap[12]: Time 0.463847 seconds, bootstrap likelihood -2181.789700, best rearrangement setting 8
Bootstrap[13]: Time 0.495229 seconds, bootstrap likelihood -2159.911534, best rearrangement setting 7
Bootstrap[14]: Time 0.586636 seconds, bootstrap likelihood -2103.041552, best rearrangement setting 12
Bootstrap[15]: Time 0.525857 seconds, bootstrap likelihood -2099.860215, best rearrangement setting 15
Bootstrap[16]: Time 0.498405 seconds, bootstrap likelihood -2196.347276, best rearrangement setting 12
Bootstrap[17]: Time 0.392253 seconds, bootstrap likelihood -2107.394268, best rearrangement setting 12
Bootstrap[18]: Time 0.556072 seconds, bootstrap likelihood -2066.591070, best rearrangement setting 5
Bootstrap[19]: Time 0.546172 seconds, bootstrap likelihood -2166.448531, best rearrangement setting 8
Bootstrap[20]: Time 0.557424 seconds, bootstrap likelihood -2178.978691, best rearrangement setting 10
Bootstrap[21]: Time 0.556194 seconds, bootstrap likelihood -1960.837173, best rearrangement setting 6
Bootstrap[22]: Time 0.503495 seconds, bootstrap likelihood -2226.538266, best rearrangement setting 5
Bootstrap[23]: Time 0.579735 seconds, bootstrap likelihood -2088.498237, best rearrangement setting 7
Bootstrap[24]: Time 0.485934 seconds, bootstrap likelihood -2042.247607, best rearrangement setting 8
Bootstrap[25]: Time 0.556625 seconds, bootstrap likelihood -2063.029517, best rearrangement setting 6
Bootstrap[26]: Time 0.488445 seconds, bootstrap likelihood -2263.767573, best rearrangement setting 12
Bootstrap[27]: Time 0.614199 seconds, bootstrap likelihood -2068.883194, best rearrangement setting 10
Bootstrap[28]: Time 0.428295 seconds, bootstrap likelihood -2031.988031, best rearrangement setting 11
Bootstrap[29]: Time 0.482069 seconds, bootstrap likelihood -1957.679375, best rearrangement setting 12
Bootstrap[30]: Time 0.386614 seconds, bootstrap likelihood -2131.855267, best rearrangement setting 15
Bootstrap[31]: Time 0.374095 seconds, bootstrap likelihood -2015.874309, best rearrangement setting 15
Bootstrap[32]: Time 0.348467 seconds, bootstrap likelihood -2168.888526, best rearrangement setting 6
Bootstrap[33]: Time 0.379628 seconds, bootstrap likelihood -2077.488832, best rearrangement setting 15
Bootstrap[34]: Time 0.333753 seconds, bootstrap likelihood -2076.288788, best rearrangement setting 11
Bootstrap[35]: Time 0.398701 seconds, bootstrap likelihood -2198.035385, best rearrangement setting 8
Bootstrap[36]: Time 0.325449 seconds, bootstrap likelihood -1976.608835, best rearrangement setting 9
Bootstrap[37]: Time 0.306104 seconds, bootstrap likelihood -2087.763495, best rearrangement setting 11
Bootstrap[38]: Time 0.388311 seconds, bootstrap likelihood -2286.643671, best rearrangement setting 8
Bootstrap[39]: Time 0.309228 seconds, bootstrap likelihood -2018.268295, best rearrangement setting 13
Bootstrap[40]: Time 0.381431 seconds, bootstrap likelihood -2319.616192, best rearrangement setting 13
Bootstrap[41]: Time 0.295310 seconds, bootstrap likelihood -2047.034786, best rearrangement setting 10
Bootstrap[42]: Time 0.304137 seconds, bootstrap likelihood -2118.994610, best rearrangement setting 5
Bootstrap[43]: Time 0.359371 seconds, bootstrap likelihood -2158.804442, best rearrangement setting 14
Bootstrap[44]: Time 0.348845 seconds, bootstrap likelihood -2122.903021, best rearrangement setting 10
Bootstrap[45]: Time 0.309923 seconds, bootstrap likelihood -2065.485215, best rearrangement setting 15
Bootstrap[46]: Time 0.317660 seconds, bootstrap likelihood -2021.763782, best rearrangement setting 14
Bootstrap[47]: Time 0.325847 seconds, bootstrap likelihood -2238.124102, best rearrangement setting 8
Bootstrap[48]: Time 0.355299 seconds, bootstrap likelihood -1955.237360, best rearrangement setting 6
Bootstrap[49]: Time 0.356771 seconds, bootstrap likelihood -2002.700348, best rearrangement setting 7
Bootstrap[50]: Time 0.326437 seconds, bootstrap likelihood -2079.040930, best rearrangement setting 7
Bootstrap[51]: Time 0.350179 seconds, bootstrap likelihood -2011.629920, best rearrangement setting 11
Bootstrap[52]: Time 0.346966 seconds, bootstrap likelihood -2105.862938, best rearrangement setting 12
Bootstrap[53]: Time 0.285111 seconds, bootstrap likelihood -2073.162515, best rearrangement setting 8
Bootstrap[54]: Time 0.280724 seconds, bootstrap likelihood -2016.833454, best rearrangement setting 9
Bootstrap[55]: Time 0.328351 seconds, bootstrap likelihood -1918.392687, best rearrangement setting 11
Bootstrap[56]: Time 0.320563 seconds, bootstrap likelihood -2128.386332, best rearrangement setting 5
Bootstrap[57]: Time 0.340194 seconds, bootstrap likelihood -1990.731908, best rearrangement setting 7
Bootstrap[58]: Time 0.319396 seconds, bootstrap likelihood -2150.419860, best rearrangement setting 10
Bootstrap[59]: Time 0.349706 seconds, bootstrap likelihood -2099.189872, best rearrangement setting 9
Bootstrap[60]: Time 0.383264 seconds, bootstrap likelihood -1975.141935, best rearrangement setting 7
Bootstrap[61]: Time 0.342660 seconds, bootstrap likelihood -2013.100614, best rearrangement setting 5
Bootstrap[62]: Time 0.368535 seconds, bootstrap likelihood -2033.760437, best rearrangement setting 11
Bootstrap[63]: Time 0.340110 seconds, bootstrap likelihood -2181.884689, best rearrangement setting 12
Bootstrap[64]: Time 0.345719 seconds, bootstrap likelihood -1910.842604, best rearrangement setting 7
Bootstrap[65]: Time 0.293700 seconds, bootstrap likelihood -2053.385170, best rearrangement setting 5
Bootstrap[66]: Time 0.335724 seconds, bootstrap likelihood -2183.518188, best rearrangement setting 5
Bootstrap[67]: Time 0.340211 seconds, bootstrap likelihood -2134.997978, best rearrangement setting 15
Bootstrap[68]: Time 0.360259 seconds, bootstrap likelihood -2053.684325, best rearrangement setting 11
Bootstrap[69]: Time 0.345833 seconds, bootstrap likelihood -2112.679416, best rearrangement setting 5
Bootstrap[70]: Time 0.354686 seconds, bootstrap likelihood -2102.730178, best rearrangement setting 8
Bootstrap[71]: Time 0.331761 seconds, bootstrap likelihood -2074.092279, best rearrangement setting 10
Bootstrap[72]: Time 0.334466 seconds, bootstrap likelihood -2028.239243, best rearrangement setting 11
Bootstrap[73]: Time 0.306265 seconds, bootstrap likelihood -2019.897302, best rearrangement setting 9
Bootstrap[74]: Time 0.304110 seconds, bootstrap likelihood -2142.309459, best rearrangement setting 5
Bootstrap[75]: Time 0.307135 seconds, bootstrap likelihood -1993.422048, best rearrangement setting 8
Bootstrap[76]: Time 0.284941 seconds, bootstrap likelihood -1843.248291, best rearrangement setting 9
Bootstrap[77]: Time 0.356442 seconds, bootstrap likelihood -2159.093953, best rearrangement setting 11
Bootstrap[78]: Time 0.320403 seconds, bootstrap likelihood -2143.878858, best rearrangement setting 15
Bootstrap[79]: Time 0.302465 seconds, bootstrap likelihood -2167.101881, best rearrangement setting 9
Bootstrap[80]: Time 0.318862 seconds, bootstrap likelihood -2039.976908, best rearrangement setting 15
Bootstrap[81]: Time 0.351061 seconds, bootstrap likelihood -2211.166694, best rearrangement setting 7
Bootstrap[82]: Time 0.347165 seconds, bootstrap likelihood -1971.700481, best rearrangement setting 6
Bootstrap[83]: Time 0.321491 seconds, bootstrap likelihood -2092.115071, best rearrangement setting 10
Bootstrap[84]: Time 0.334263 seconds, bootstrap likelihood -2198.439981, best rearrangement setting 11
Bootstrap[85]: Time 0.344149 seconds, bootstrap likelihood -1969.834523, best rearrangement setting 8
Bootstrap[86]: Time 0.321224 seconds, bootstrap likelihood -2088.326507, best rearrangement setting 7
Bootstrap[87]: Time 0.330818 seconds, bootstrap likelihood -2153.825032, best rearrangement setting 7
Bootstrap[88]: Time 0.347387 seconds, bootstrap likelihood -2081.561520, best rearrangement setting 12
Bootstrap[89]: Time 0.337111 seconds, bootstrap likelihood -2008.189844, best rearrangement setting 10
Bootstrap[90]: Time 0.299266 seconds, bootstrap likelihood -2096.810619, best rearrangement setting 8
Bootstrap[91]: Time 0.367688 seconds, bootstrap likelihood -2088.466831, best rearrangement setting 12
Bootstrap[92]: Time 0.365467 seconds, bootstrap likelihood -2075.381897, best rearrangement setting 13
Bootstrap[93]: Time 0.358603 seconds, bootstrap likelihood -2109.215210, best rearrangement setting 15
Bootstrap[94]: Time 0.346850 seconds, bootstrap likelihood -1977.817210, best rearrangement setting 5
Bootstrap[95]: Time 0.309141 seconds, bootstrap likelihood -2030.332612, best rearrangement setting 5
Bootstrap[96]: Time 0.328842 seconds, bootstrap likelihood -1974.738256, best rearrangement setting 13
Bootstrap[97]: Time 0.286586 seconds, bootstrap likelihood -2099.242209, best rearrangement setting 11
Bootstrap[98]: Time 0.361236 seconds, bootstrap likelihood -2164.911357, best rearrangement setting 6
Bootstrap[99]: Time 0.324021 seconds, bootstrap likelihood -2214.269799, best rearrangement setting 14


Overall Time for 100 Rapid Bootstraps 39.342333 seconds
Average Time per Rapid Bootstrap 0.393423 seconds

Starting ML Search ...

Fast ML optimization finished

Fast ML search Time: 24.429498 seconds

Slow ML Search 0 Likelihood: -2092.057880
Slow ML Search 1 Likelihood: -2092.057880
Slow ML Search 2 Likelihood: -2092.057880
Slow ML Search 3 Likelihood: -2092.057880
Slow ML Search 4 Likelihood: -2092.057880
Slow ML Search 5 Likelihood: -2092.057880
Slow ML Search 6 Likelihood: -2092.057880
Slow ML Search 7 Likelihood: -2092.057880
Slow ML Search 8 Likelihood: -2092.057880
Slow ML Search 9 Likelihood: -2092.057880
Slow ML optimization finished

Slow ML search Time: 6.594095 seconds
Thorough ML search Time: 0.568687 seconds

Final ML Optimization Likelihood: -2092.057880

Model Information:

Model Parameters of Partition 0, Name: No Name Provided, Type of Data: AA
alpha: 1.837495
Tree-Length: 5.820110
rate A <-> R: 0.603538
rate A <-> N: 0.561915
rate A <-> D: 0.842872
rate A <-> C: 0.582726
rate A <-> Q: 0.593132
rate A <-> E: 1.092612
rate A <-> G: 1.862643
rate A <-> H: 0.280957
rate A <-> I: 0.374610
rate A <-> L: 0.312175
rate A <-> K: 0.364204
rate A <-> M: 0.561915
rate A <-> F: 0.156087
rate A <-> P: 2.018730
rate A <-> S: 3.933403
rate A <-> T: 4.942768
rate A <-> W: 0.093652
rate A <-> Y: 0.114464
rate A <-> V: 3.100937
rate R <-> N: 0.468262
rate R <-> D: 0.166493
rate R <-> C: 1.175858
rate R <-> Q: 3.225806
rate R <-> E: 0.301769
rate R <-> G: 1.425598
rate R <-> H: 3.413111
rate R <-> I: 0.228928
rate R <-> L: 0.395421
rate R <-> K: 6.722164
rate R <-> M: 0.457856
rate R <-> F: 0.052029
rate R <-> P: 0.770031
rate R <-> S: 1.050989
rate R <-> T: 0.665973
rate R <-> W: 1.311134
rate R <-> Y: 0.208117
rate R <-> V: 0.176899
rate N <-> D: 5.494277
rate N <-> C: 0.353798
rate N <-> Q: 0.894901
rate N <-> E: 0.603538
rate N <-> G: 0.842872
rate N <-> H: 4.068678
rate N <-> I: 0.489074
rate N <-> L: 0.124870
rate N <-> K: 2.736733
rate N <-> M: 0.312175
rate N <-> F: 0.104058
rate N <-> P: 0.156087
rate N <-> S: 5.234131
rate N <-> T: 2.414152
rate N <-> W: 0.083247
rate N <-> Y: 0.728408
rate N <-> V: 0.166493
rate D <-> C: 0.104058
rate D <-> Q: 0.509886
rate D <-> E: 7.981270
rate D <-> G: 1.352758
rate D <-> H: 1.165453
rate D <-> I: 0.114464
rate D <-> L: 0.072841
rate D <-> K: 0.270552
rate D <-> M: 0.156087
rate D <-> F: 0.041623
rate D <-> P: 0.156087
rate D <-> S: 0.613944
rate D <-> T: 0.395421
rate D <-> W: 0.041623
rate D <-> Y: 0.478668
rate D <-> V: 0.322581
rate C <-> Q: 0.093652
rate C <-> E: 0.052029
rate C <-> G: 0.613944
rate C <-> H: 0.718002
rate C <-> I: 0.176899
rate C <-> L: 0.239334
rate C <-> K: 0.072841
rate C <-> M: 0.322581
rate C <-> F: 0.811655
rate C <-> P: 0.145682
rate C <-> S: 2.320499
rate C <-> T: 0.437045
rate C <-> W: 1.196670
rate C <-> Y: 2.174818
rate C <-> V: 0.645161
rate Q <-> E: 3.361082
rate Q <-> G: 0.270552
rate Q <-> H: 6.212279
rate Q <-> I: 0.093652
rate Q <-> L: 0.749220
rate Q <-> K: 3.038502
rate Q <-> M: 0.447451
rate Q <-> F: 0.041623
rate Q <-> P: 1.706556
rate Q <-> S: 0.551509
rate Q <-> T: 0.530697
rate Q <-> W: 0.187305
rate Q <-> Y: 0.249740
rate Q <-> V: 0.208117
rate E <-> G: 1.238293
rate E <-> H: 0.270552
rate E <-> I: 0.124870
rate E <-> L: 0.093652
rate E <-> K: 1.883455
rate E <-> M: 0.187305
rate E <-> F: 0.052029
rate E <-> P: 0.187305
rate E <-> S: 0.312175
rate E <-> T: 0.332986
rate E <-> W: 0.104058
rate E <-> Y: 0.072841
rate E <-> V: 0.468262
rate G <-> H: 0.239334
rate G <-> I: 0.062435
rate G <-> L: 0.062435
rate G <-> K: 0.280957
rate G <-> M: 0.145682
rate G <-> F: 0.052029
rate G <-> P: 0.249740
rate G <-> S: 2.091571
rate G <-> T: 0.343392
rate G <-> W: 0.572320
rate G <-> Y: 0.083247
rate G <-> V: 0.489074
rate H <-> I: 0.166493
rate H <-> L: 0.582726
rate H <-> K: 0.468262
rate H <-> M: 0.343392
rate H <-> F: 0.416233
rate H <-> P: 1.196670
rate H <-> S: 0.759625
rate H <-> T: 0.478668
rate H <-> W: 0.083247
rate H <-> Y: 5.962539
rate H <-> V: 0.114464
rate I <-> L: 2.382934
rate I <-> K: 0.218522
rate I <-> M: 4.984391
rate I <-> F: 0.926119
rate I <-> P: 0.104058
rate I <-> S: 0.416233
rate I <-> T: 2.549428
rate I <-> W: 0.093652
rate I <-> Y: 0.332986
rate I <-> V: 10.000000
rate L <-> K: 0.145682
rate L <-> M: 4.037461
rate L <-> F: 2.580645
rate L <-> P: 1.061394
rate L <-> S: 0.613944
rate L <-> T: 0.260146
rate L <-> W: 0.541103
rate L <-> Y: 0.249740
rate L <-> V: 1.873049
rate K <-> M: 0.676379
rate K <-> F: 0.041623
rate K <-> P: 0.218522
rate K <-> S: 0.489074
rate K <-> T: 1.071800
rate K <-> W: 0.104058
rate K <-> Y: 0.083247
rate K <-> V: 0.145682
rate M <-> F: 0.447451
rate M <-> P: 0.166493
rate M <-> S: 0.301769
rate M <-> T: 2.351717
rate M <-> W: 0.249740
rate M <-> Y: 0.187305
rate M <-> V: 3.361082
rate F <-> P: 0.176899
rate F <-> S: 0.957336
rate F <-> T: 0.124870
rate F <-> W: 0.551509
rate F <-> Y: 5.577523
rate F <-> V: 0.645161
rate P <-> S: 2.965661
rate P <-> T: 1.227888
rate P <-> W: 0.062435
rate P <-> Y: 0.104058
rate P <-> V: 0.239334
rate S <-> T: 4.963580
rate S <-> W: 0.364204
rate S <-> Y: 0.655567
rate S <-> V: 0.395421
rate T <-> W: 0.124870
rate T <-> Y: 0.218522
rate T <-> V: 1.165453
rate W <-> Y: 0.738814
rate W <-> V: 0.260146
rate Y <-> V: 0.166493

freq pi(A): 0.061841
freq pi(R): 0.034434
freq pi(N): 0.020379
freq pi(D): 0.023893
freq pi(C): 0.052706
freq pi(Q): 0.034434
freq pi(E): 0.021082
freq pi(G): 0.047786
freq pi(H): 0.019677
freq pi(I): 0.085734
freq pi(L): 0.156711
freq pi(K): 0.028110
freq pi(M): 0.038651
freq pi(F): 0.064652
freq pi(P): 0.027407
freq pi(S): 0.059733
freq pi(T): 0.070977
freq pi(W): 0.035137
freq pi(Y): 0.035840
freq pi(V): 0.080815


ML search took 31.614517 secs or 0.008782 hours

Combined Bootstrap and ML search took 70.957055 secs or 0.019710 hours

Drawing Bootstrap Support Values on best-scoring ML tree ...



Found 1 tree in File /in/RAxML_bestTree.EOG091G0RM8.clustalo.aln.ALICUT.JTTF



Found 1 tree in File /in/RAxML_bestTree.EOG091G0RM8.clustalo.aln.ALICUT.JTTF

Program execution info written to /in/RAxML_info.EOG091G0RM8.clustalo.aln.ALICUT.JTTF
All 100 bootstrapped trees written to: /in/RAxML_bootstrap.EOG091G0RM8.clustalo.aln.ALICUT.JTTF

Best-scoring ML tree written to: /in/RAxML_bestTree.EOG091G0RM8.clustalo.aln.ALICUT.JTTF

Best-scoring ML tree with support values written to: /in/RAxML_bipartitions.EOG091G0RM8.clustalo.aln.ALICUT.JTTF

Best-scoring ML tree with support values as branch labels written to: /in/RAxML_bipartitionsBranchLabels.EOG091G0RM8.clustalo.aln.ALICUT.JTTF

Overall execution time for full ML analysis: 70.959073 secs or 0.019711 hours or 0.000821 days

