
	reading taxa from FASTA ...


	S.mediterranea       -> sites: 1190  
	C.elegans            -> sites: 1190  
	H.microstoma         -> sites: 1190  
	R.norvegicus         -> sites: 1190  
	G.salaris            -> sites: 1190  
	S.mansoni            -> sites: 1190  
	C.intestinalis       -> sites: 1190  
	D.melanogaster       -> sites: 1190  
	D.rerio              -> sites: 1190  
	E.granulosus         -> sites: 1190  
	O.viverrini          -> sites: 1190  
	T.solium             -> sites: 1190  


	data type             : amino acid sequences

	input ...

	infile		: EOG091G0HOK.clustalo.aln.fasta
	random pairs	: 200000000000000000
	window size	: 6
	indels		: ambiguous
	tree file	: -
	node level	: -
	strict profile	: -
	outgroup	: -
	matrix          : BLOSUM62

	number of taxa        : 12
	random number of pairs: 200000000000000000

	generates threshhold value for amino acid data
	using BLOSUM62

	checks for (potential) identical taxa


	scores site patterns ...


	max number of different pairs is 66
	max random pairs are scored!

	pair: 1      ->	taxon1: S.mediterr	taxon2: C.elegans 
	            	positions below base line: 877
	pair: 2      ->	taxon1: S.mediterr	taxon2: H.microsto
	            	positions below base line: 862
	pair: 3      ->	taxon1: S.mediterr	taxon2: R.norvegic
	            	positions below base line: 836
	pair: 4      ->	taxon1: S.mediterr	taxon2: G.salaris 
	            	positions below base line: 1041
	pair: 5      ->	taxon1: S.mediterr	taxon2: S.mansoni 
	            	positions below base line: 962
	pair: 6      ->	taxon1: S.mediterr	taxon2: C.intestin
	            	positions below base line: 1042
	pair: 7      ->	taxon1: S.mediterr	taxon2: D.melanoga
	            	positions below base line: 909
	pair: 8      ->	taxon1: S.mediterr	taxon2: D.rerio   
	            	positions below base line: 824
	pair: 9      ->	taxon1: S.mediterr	taxon2: E.granulos
	            	positions below base line: 885
	pair: 10     ->	taxon1: S.mediterr	taxon2: O.viverrin
	            	positions below base line: 992
	pair: 11     ->	taxon1: S.mediterr	taxon2: T.solium  
	            	positions below base line: 879
	pair: 12     ->	taxon1: C.elegans 	taxon2: H.microsto
	            	positions below base line: 934
	pair: 13     ->	taxon1: C.elegans 	taxon2: R.norvegic
	            	positions below base line: 887
	pair: 14     ->	taxon1: C.elegans 	taxon2: G.salaris 
	            	positions below base line: 1048
	pair: 15     ->	taxon1: C.elegans 	taxon2: S.mansoni 
	            	positions below base line: 1000
	pair: 16     ->	taxon1: C.elegans 	taxon2: C.intestin
	            	positions below base line: 1059
	pair: 17     ->	taxon1: C.elegans 	taxon2: D.melanoga
	            	positions below base line: 898
	pair: 18     ->	taxon1: C.elegans 	taxon2: D.rerio   
	            	positions below base line: 881
	pair: 19     ->	taxon1: C.elegans 	taxon2: E.granulos
	            	positions below base line: 944
	pair: 20     ->	taxon1: C.elegans 	taxon2: O.viverrin
	            	positions below base line: 993
	pair: 21     ->	taxon1: C.elegans 	taxon2: T.solium  
	            	positions below base line: 948
	pair: 22     ->	taxon1: H.microsto	taxon2: R.norvegic
	            	positions below base line: 881
	pair: 23     ->	taxon1: H.microsto	taxon2: G.salaris 
	            	positions below base line: 1077
	pair: 24     ->	taxon1: H.microsto	taxon2: S.mansoni 
	            	positions below base line: 959
	pair: 25     ->	taxon1: H.microsto	taxon2: C.intestin
	            	positions below base line: 1072
	pair: 26     ->	taxon1: H.microsto	taxon2: D.melanoga
	            	positions below base line: 917
	pair: 27     ->	taxon1: H.microsto	taxon2: D.rerio   
	            	positions below base line: 876
	pair: 28     ->	taxon1: H.microsto	taxon2: E.granulos
	            	positions below base line: 822
	pair: 29     ->	taxon1: H.microsto	taxon2: O.viverrin
	            	positions below base line: 1007
	pair: 30     ->	taxon1: H.microsto	taxon2: T.solium  
	            	positions below base line: 814
	pair: 31     ->	taxon1: R.norvegic	taxon2: G.salaris 
	            	positions below base line: 1059
	pair: 32     ->	taxon1: R.norvegic	taxon2: S.mansoni 
	            	positions below base line: 988
	pair: 33     ->	taxon1: R.norvegic	taxon2: C.intestin
	            	positions below base line: 1052
	pair: 34     ->	taxon1: R.norvegic	taxon2: D.melanoga
	            	positions below base line: 895
	pair: 35     ->	taxon1: R.norvegic	taxon2: D.rerio   
	            	positions below base line: 708
	pair: 36     ->	taxon1: R.norvegic	taxon2: E.granulos
	            	positions below base line: 895
	pair: 37     ->	taxon1: R.norvegic	taxon2: O.viverrin
	            	positions below base line: 994
	pair: 38     ->	taxon1: R.norvegic	taxon2: T.solium  
	            	positions below base line: 884
	pair: 39     ->	taxon1: G.salaris 	taxon2: S.mansoni 
	            	positions below base line: 1068
	pair: 40     ->	taxon1: G.salaris 	taxon2: C.intestin
	            	positions below base line: 1042
	pair: 41     ->	taxon1: G.salaris 	taxon2: D.melanoga
	            	positions below base line: 1056
	pair: 42     ->	taxon1: G.salaris 	taxon2: D.rerio   
	            	positions below base line: 1058
	pair: 43     ->	taxon1: G.salaris 	taxon2: E.granulos
	            	positions below base line: 1096
	pair: 44     ->	taxon1: G.salaris 	taxon2: O.viverrin
	            	positions below base line: 1082
	pair: 45     ->	taxon1: G.salaris 	taxon2: T.solium  
	            	positions below base line: 1088
	pair: 46     ->	taxon1: S.mansoni 	taxon2: C.intestin
	            	positions below base line: 1059
	pair: 47     ->	taxon1: S.mansoni 	taxon2: D.melanoga
	            	positions below base line: 989
	pair: 48     ->	taxon1: S.mansoni 	taxon2: D.rerio   
	            	positions below base line: 994
	pair: 49     ->	taxon1: S.mansoni 	taxon2: E.granulos
	            	positions below base line: 975
	pair: 50     ->	taxon1: S.mansoni 	taxon2: O.viverrin
	            	positions below base line: 913
	pair: 51     ->	taxon1: S.mansoni 	taxon2: T.solium  
	            	positions below base line: 976
	pair: 52     ->	taxon1: C.intestin	taxon2: D.melanoga
	            	positions below base line: 1073
	pair: 53     ->	taxon1: C.intestin	taxon2: D.rerio   
	            	positions below base line: 1043
	pair: 54     ->	taxon1: C.intestin	taxon2: E.granulos
	            	positions below base line: 1085
	pair: 55     ->	taxon1: C.intestin	taxon2: O.viverrin
	            	positions below base line: 1087
	pair: 56     ->	taxon1: C.intestin	taxon2: T.solium  
	            	positions below base line: 1081
	pair: 57     ->	taxon1: D.melanoga	taxon2: D.rerio   
	            	positions below base line: 882
	pair: 58     ->	taxon1: D.melanoga	taxon2: E.granulos
	            	positions below base line: 952
	pair: 59     ->	taxon1: D.melanoga	taxon2: O.viverrin
	            	positions below base line: 1039
	pair: 60     ->	taxon1: D.melanoga	taxon2: T.solium  
	            	positions below base line: 943
	pair: 61     ->	taxon1: D.rerio   	taxon2: E.granulos
	            	positions below base line: 889
	pair: 62     ->	taxon1: D.rerio   	taxon2: O.viverrin
	            	positions below base line: 1002
	pair: 63     ->	taxon1: D.rerio   	taxon2: T.solium  
	            	positions below base line: 870
	pair: 64     ->	taxon1: E.granulos	taxon2: O.viverrin
	            	positions below base line: 1020
	pair: 65     ->	taxon1: E.granulos	taxon2: T.solium  
	            	positions below base line: 769
	pair: 66     ->	taxon1: O.viverrin	taxon2: T.solium  
	            	positions below base line: 1033

	generates quality profile from collected scores ...


	scoring done ...


	generates vector plot from collected scores ...


Argument "-" treated as 0 in increment (++) at /usr/bin/Aliscore.pl line 1213.
	Profile written to EOG091G0HOK.clustalo.aln.fasta_Profile_random.txt
	List   written to EOG091G0HOK.clustalo.aln.fasta_List_random.txt

	time used: 5.75 sec

