
	reading taxa from FASTA ...


	H.robusta            -> sites: 1552  
	D.melanogaster       -> sites: 1552  
	D.rerio              -> sites: 1552  
	N.vectensis          -> sites: 1552  
	C.intestinalis       -> sites: 1552  
	R.norvegicus         -> sites: 1552  
	E.granulosus         -> sites: 1552  
	T.solium             -> sites: 1552  
	S.mansoni            -> sites: 1552  
	H.microstoma         -> sites: 1552  
	M.lignano            -> sites: 1552  
	G.turnbulli          -> sites: 1552  
	C.sinensis           -> sites: 1552  


	data type             : amino acid sequences

	input ...

	infile		: EOG091G02BK.clustalo.aln.fasta
	random pairs	: 200000000000000000
	window size	: 6
	indels		: ambiguous
	tree file	: -
	node level	: -
	strict profile	: -
	outgroup	: -
	matrix          : BLOSUM62

	number of taxa        : 13
	random number of pairs: 200000000000000000

	generates threshhold value for amino acid data
	using BLOSUM62

	checks for (potential) identical taxa


	scores site patterns ...


	max number of different pairs is 78
	max random pairs are scored!

	pair: 1      ->	taxon1: H.robusta 	taxon2: D.melanoga
	            	positions below base line: 820
	pair: 2      ->	taxon1: H.robusta 	taxon2: D.rerio   
	            	positions below base line: 810
	pair: 3      ->	taxon1: H.robusta 	taxon2: N.vectensi
	            	positions below base line: 895
	pair: 4      ->	taxon1: H.robusta 	taxon2: C.intestin
	            	positions below base line: 836
	pair: 5      ->	taxon1: H.robusta 	taxon2: R.norvegic
	            	positions below base line: 799
	pair: 6      ->	taxon1: H.robusta 	taxon2: E.granulos
	            	positions below base line: 1026
	pair: 7      ->	taxon1: H.robusta 	taxon2: T.solium  
	            	positions below base line: 1010
	pair: 8      ->	taxon1: H.robusta 	taxon2: S.mansoni 
	            	positions below base line: 947
	pair: 9      ->	taxon1: H.robusta 	taxon2: H.microsto
	            	positions below base line: 985
	pair: 10     ->	taxon1: H.robusta 	taxon2: M.lignano 
	            	positions below base line: 867
	pair: 11     ->	taxon1: H.robusta 	taxon2: G.turnbull
	            	positions below base line: 1143
	pair: 12     ->	taxon1: H.robusta 	taxon2: C.sinensis
	            	positions below base line: 926
	pair: 13     ->	taxon1: D.melanoga	taxon2: D.rerio   
	            	positions below base line: 807
	pair: 14     ->	taxon1: D.melanoga	taxon2: N.vectensi
	            	positions below base line: 878
	pair: 15     ->	taxon1: D.melanoga	taxon2: C.intestin
	            	positions below base line: 807
	pair: 16     ->	taxon1: D.melanoga	taxon2: R.norvegic
	            	positions below base line: 802
	pair: 17     ->	taxon1: D.melanoga	taxon2: E.granulos
	            	positions below base line: 1009
	pair: 18     ->	taxon1: D.melanoga	taxon2: T.solium  
	            	positions below base line: 1009
	pair: 19     ->	taxon1: D.melanoga	taxon2: S.mansoni 
	            	positions below base line: 941
	pair: 20     ->	taxon1: D.melanoga	taxon2: H.microsto
	            	positions below base line: 972
	pair: 21     ->	taxon1: D.melanoga	taxon2: M.lignano 
	            	positions below base line: 824
	pair: 22     ->	taxon1: D.melanoga	taxon2: G.turnbull
	            	positions below base line: 1130
	pair: 23     ->	taxon1: D.melanoga	taxon2: C.sinensis
	            	positions below base line: 898
	pair: 24     ->	taxon1: D.rerio   	taxon2: N.vectensi
	            	positions below base line: 861
	pair: 25     ->	taxon1: D.rerio   	taxon2: C.intestin
	            	positions below base line: 787
	pair: 26     ->	taxon1: D.rerio   	taxon2: R.norvegic
	            	positions below base line: 695
	pair: 27     ->	taxon1: D.rerio   	taxon2: E.granulos
	            	positions below base line: 1029
	pair: 28     ->	taxon1: D.rerio   	taxon2: T.solium  
	            	positions below base line: 1015
	pair: 29     ->	taxon1: D.rerio   	taxon2: S.mansoni 
	            	positions below base line: 916
	pair: 30     ->	taxon1: D.rerio   	taxon2: H.microsto
	            	positions below base line: 995
	pair: 31     ->	taxon1: D.rerio   	taxon2: M.lignano 
	            	positions below base line: 835
	pair: 32     ->	taxon1: D.rerio   	taxon2: G.turnbull
	            	positions below base line: 1127
	pair: 33     ->	taxon1: D.rerio   	taxon2: C.sinensis
	            	positions below base line: 924
	pair: 34     ->	taxon1: N.vectensi	taxon2: C.intestin
	            	positions below base line: 884
	pair: 35     ->	taxon1: N.vectensi	taxon2: R.norvegic
	            	positions below base line: 839
	pair: 36     ->	taxon1: N.vectensi	taxon2: E.granulos
	            	positions below base line: 1075
	pair: 37     ->	taxon1: N.vectensi	taxon2: T.solium  
	            	positions below base line: 1055
	pair: 38     ->	taxon1: N.vectensi	taxon2: S.mansoni 
	            	positions below base line: 999
	pair: 39     ->	taxon1: N.vectensi	taxon2: H.microsto
	            	positions below base line: 1021
	pair: 40     ->	taxon1: N.vectensi	taxon2: M.lignano 
	            	positions below base line: 899
	pair: 41     ->	taxon1: N.vectensi	taxon2: G.turnbull
	            	positions below base line: 1173
	pair: 42     ->	taxon1: N.vectensi	taxon2: C.sinensis
	            	positions below base line: 963
	pair: 43     ->	taxon1: C.intestin	taxon2: R.norvegic
	            	positions below base line: 791
	pair: 44     ->	taxon1: C.intestin	taxon2: E.granulos
	            	positions below base line: 1026
	pair: 45     ->	taxon1: C.intestin	taxon2: T.solium  
	            	positions below base line: 1026
	pair: 46     ->	taxon1: C.intestin	taxon2: S.mansoni 
	            	positions below base line: 935
	pair: 47     ->	taxon1: C.intestin	taxon2: H.microsto
	            	positions below base line: 1009
	pair: 48     ->	taxon1: C.intestin	taxon2: M.lignano 
	            	positions below base line: 853
	pair: 49     ->	taxon1: C.intestin	taxon2: G.turnbull
	            	positions below base line: 1126
	pair: 50     ->	taxon1: C.intestin	taxon2: C.sinensis
	            	positions below base line: 922
	pair: 51     ->	taxon1: R.norvegic	taxon2: E.granulos
	            	positions below base line: 1022
	pair: 52     ->	taxon1: R.norvegic	taxon2: T.solium  
	            	positions below base line: 1016
	pair: 53     ->	taxon1: R.norvegic	taxon2: S.mansoni 
	            	positions below base line: 928
	pair: 54     ->	taxon1: R.norvegic	taxon2: H.microsto
	            	positions below base line: 1002
	pair: 55     ->	taxon1: R.norvegic	taxon2: M.lignano 
	            	positions below base line: 824
	pair: 56     ->	taxon1: R.norvegic	taxon2: G.turnbull
	            	positions below base line: 1147
	pair: 57     ->	taxon1: R.norvegic	taxon2: C.sinensis
	            	positions below base line: 935
	pair: 58     ->	taxon1: E.granulos	taxon2: T.solium  
	            	positions below base line: 772
	pair: 59     ->	taxon1: E.granulos	taxon2: S.mansoni 
	            	positions below base line: 1019
	pair: 60     ->	taxon1: E.granulos	taxon2: H.microsto
	            	positions below base line: 913
	pair: 61     ->	taxon1: E.granulos	taxon2: M.lignano 
	            	positions below base line: 1013
	pair: 62     ->	taxon1: E.granulos	taxon2: G.turnbull
	            	positions below base line: 1157
	pair: 63     ->	taxon1: E.granulos	taxon2: C.sinensis
	            	positions below base line: 1035
	pair: 64     ->	taxon1: T.solium  	taxon2: S.mansoni 
	            	positions below base line: 1006
	pair: 65     ->	taxon1: T.solium  	taxon2: H.microsto
	            	positions below base line: 912
	pair: 66     ->	taxon1: T.solium  	taxon2: M.lignano 
	            	positions below base line: 1000
	pair: 67     ->	taxon1: T.solium  	taxon2: G.turnbull
	            	positions below base line: 1150
	pair: 68     ->	taxon1: T.solium  	taxon2: C.sinensis
	            	positions below base line: 1011
	pair: 69     ->	taxon1: S.mansoni 	taxon2: H.microsto
	            	positions below base line: 990
	pair: 70     ->	taxon1: S.mansoni 	taxon2: M.lignano 
	            	positions below base line: 937
	pair: 71     ->	taxon1: S.mansoni 	taxon2: G.turnbull
	            	positions below base line: 1109
	pair: 72     ->	taxon1: S.mansoni 	taxon2: C.sinensis
	            	positions below base line: 928
	pair: 73     ->	taxon1: H.microsto	taxon2: M.lignano 
	            	positions below base line: 982
	pair: 74     ->	taxon1: H.microsto	taxon2: G.turnbull
	            	positions below base line: 1164
	pair: 75     ->	taxon1: H.microsto	taxon2: C.sinensis
	            	positions below base line: 1001
	pair: 76     ->	taxon1: M.lignano 	taxon2: G.turnbull
	            	positions below base line: 1148
	pair: 77     ->	taxon1: M.lignano 	taxon2: C.sinensis
	            	positions below base line: 918
	pair: 78     ->	taxon1: G.turnbull	taxon2: C.sinensis
	            	positions below base line: 1152

	generates quality profile from collected scores ...


	scoring done ...


	generates vector plot from collected scores ...


Argument "-" treated as 0 in increment (++) at /usr/bin/Aliscore.pl line 1213.
	Profile written to EOG091G02BK.clustalo.aln.fasta_Profile_random.txt
	List   written to EOG091G02BK.clustalo.aln.fasta_List_random.txt

	time used: 4.28 sec

