
	reading taxa from FASTA ...


	G.turnbulli          -> sites: 426   
	R.norvegicus         -> sites: 426   
	C.intestinalis       -> sites: 426   
	H.microstoma         -> sites: 426   
	D.rerio              -> sites: 426   
	O.viverrini          -> sites: 426   
	D.melanogaster       -> sites: 426   
	E.granulosus         -> sites: 426   
	G.salaris            -> sites: 426   
	C.elegans            -> sites: 426   
	T.solium             -> sites: 426   


	data type             : amino acid sequences

	input ...

	infile		: EOG091G0HC5.clustalo.aln.fasta
	random pairs	: 200000000000000000
	window size	: 6
	indels		: ambiguous
	tree file	: -
	node level	: -
	strict profile	: -
	outgroup	: -
	matrix          : BLOSUM62

	number of taxa        : 11
	random number of pairs: 200000000000000000

	generates threshhold value for amino acid data
	using BLOSUM62

	checks for (potential) identical taxa


	scores site patterns ...


	max number of different pairs is 55
	max random pairs are scored!

	pair: 1      ->	taxon1: G.turnbull	taxon2: R.norvegic
	            	positions below base line: 283
	pair: 2      ->	taxon1: G.turnbull	taxon2: C.intestin
	            	positions below base line: 328
	pair: 3      ->	taxon1: G.turnbull	taxon2: H.microsto
	            	positions below base line: 269
	pair: 4      ->	taxon1: G.turnbull	taxon2: D.rerio   
	            	positions below base line: 273
	pair: 5      ->	taxon1: G.turnbull	taxon2: O.viverrin
	            	positions below base line: 253
	pair: 6      ->	taxon1: G.turnbull	taxon2: D.melanoga
	            	positions below base line: 297
	pair: 7      ->	taxon1: G.turnbull	taxon2: E.granulos
	            	positions below base line: 254
	pair: 8      ->	taxon1: G.turnbull	taxon2: G.salaris 
	            	positions below base line: 168
	pair: 9      ->	taxon1: G.turnbull	taxon2: C.elegans 
	            	positions below base line: 277
	pair: 10     ->	taxon1: G.turnbull	taxon2: T.solium  
	            	positions below base line: 259
	pair: 11     ->	taxon1: R.norvegic	taxon2: C.intestin
	            	positions below base line: 288
	pair: 12     ->	taxon1: R.norvegic	taxon2: H.microsto
	            	positions below base line: 303
	pair: 13     ->	taxon1: R.norvegic	taxon2: D.rerio   
	            	positions below base line: 151
	pair: 14     ->	taxon1: R.norvegic	taxon2: O.viverrin
	            	positions below base line: 271
	pair: 15     ->	taxon1: R.norvegic	taxon2: D.melanoga
	            	positions below base line: 219
	pair: 16     ->	taxon1: R.norvegic	taxon2: E.granulos
	            	positions below base line: 272
	pair: 17     ->	taxon1: R.norvegic	taxon2: G.salaris 
	            	positions below base line: 298
	pair: 18     ->	taxon1: R.norvegic	taxon2: C.elegans 
	            	positions below base line: 232
	pair: 19     ->	taxon1: R.norvegic	taxon2: T.solium  
	            	positions below base line: 267
	pair: 20     ->	taxon1: C.intestin	taxon2: H.microsto
	            	positions below base line: 327
	pair: 21     ->	taxon1: C.intestin	taxon2: D.rerio   
	            	positions below base line: 287
	pair: 22     ->	taxon1: C.intestin	taxon2: O.viverrin
	            	positions below base line: 326
	pair: 23     ->	taxon1: C.intestin	taxon2: D.melanoga
	            	positions below base line: 301
	pair: 24     ->	taxon1: C.intestin	taxon2: E.granulos
	            	positions below base line: 338
	pair: 25     ->	taxon1: C.intestin	taxon2: G.salaris 
	            	positions below base line: 329
	pair: 26     ->	taxon1: C.intestin	taxon2: C.elegans 
	            	positions below base line: 317
	pair: 27     ->	taxon1: C.intestin	taxon2: T.solium  
	            	positions below base line: 343
	pair: 28     ->	taxon1: H.microsto	taxon2: D.rerio   
	            	positions below base line: 294
	pair: 29     ->	taxon1: H.microsto	taxon2: O.viverrin
	            	positions below base line: 245
	pair: 30     ->	taxon1: H.microsto	taxon2: D.melanoga
	            	positions below base line: 312
	pair: 31     ->	taxon1: H.microsto	taxon2: E.granulos
	            	positions below base line: 233
	pair: 32     ->	taxon1: H.microsto	taxon2: G.salaris 
	            	positions below base line: 276
	pair: 33     ->	taxon1: H.microsto	taxon2: C.elegans 
	            	positions below base line: 301
	pair: 34     ->	taxon1: H.microsto	taxon2: T.solium  
	            	positions below base line: 249
	pair: 35     ->	taxon1: D.rerio   	taxon2: O.viverrin
	            	positions below base line: 278
	pair: 36     ->	taxon1: D.rerio   	taxon2: D.melanoga
	            	positions below base line: 216
	pair: 37     ->	taxon1: D.rerio   	taxon2: E.granulos
	            	positions below base line: 271
	pair: 38     ->	taxon1: D.rerio   	taxon2: G.salaris 
	            	positions below base line: 283
	pair: 39     ->	taxon1: D.rerio   	taxon2: C.elegans 
	            	positions below base line: 235
	pair: 40     ->	taxon1: D.rerio   	taxon2: T.solium  
	            	positions below base line: 254
	pair: 41     ->	taxon1: O.viverrin	taxon2: D.melanoga
	            	positions below base line: 282
	pair: 42     ->	taxon1: O.viverrin	taxon2: E.granulos
	            	positions below base line: 244
	pair: 43     ->	taxon1: O.viverrin	taxon2: G.salaris 
	            	positions below base line: 276
	pair: 44     ->	taxon1: O.viverrin	taxon2: C.elegans 
	            	positions below base line: 286
	pair: 45     ->	taxon1: O.viverrin	taxon2: T.solium  
	            	positions below base line: 234
	pair: 46     ->	taxon1: D.melanoga	taxon2: E.granulos
	            	positions below base line: 294
	pair: 47     ->	taxon1: D.melanoga	taxon2: G.salaris 
	            	positions below base line: 313
	pair: 48     ->	taxon1: D.melanoga	taxon2: C.elegans 
	            	positions below base line: 257
	pair: 49     ->	taxon1: D.melanoga	taxon2: T.solium  
	            	positions below base line: 296
	pair: 50     ->	taxon1: E.granulos	taxon2: G.salaris 
	            	positions below base line: 278
	pair: 51     ->	taxon1: E.granulos	taxon2: C.elegans 
	            	positions below base line: 288
	pair: 52     ->	taxon1: E.granulos	taxon2: T.solium  
	            	positions below base line: 153
	pair: 53     ->	taxon1: G.salaris 	taxon2: C.elegans 
	            	positions below base line: 301
	pair: 54     ->	taxon1: G.salaris 	taxon2: T.solium  
	            	positions below base line: 288
	pair: 55     ->	taxon1: C.elegans 	taxon2: T.solium  
	            	positions below base line: 275

	generates quality profile from collected scores ...


	scoring done ...


	generates vector plot from collected scores ...


Argument "-" treated as 0 in increment (++) at /usr/bin/Aliscore.pl line 1213.
	Profile written to EOG091G0HC5.clustalo.aln.fasta_Profile_random.txt
	List   written to EOG091G0HC5.clustalo.aln.fasta_List_random.txt

	time used: 4.48 sec

