
	reading taxa from FASTA ...


	H.microstoma         -> sites: 125   
	E.granulosus         -> sites: 125   
	G.salaris            -> sites: 125   
	E.nipponicum         -> sites: 125   
	S.mediterranea       -> sites: 125   
	R.norvegicus         -> sites: 125   
	D.rerio              -> sites: 125   
	T.solium             -> sites: 125   
	C.elegans            -> sites: 125   
	G.turnbulli          -> sites: 125   
	D.melanogaster       -> sites: 125   
	O.viverrini          -> sites: 125   


	data type             : amino acid sequences

	input ...

	infile		: EOG091G113O.clustalo.aln.fasta
	random pairs	: 200000000000000000
	window size	: 6
	indels		: ambiguous
	tree file	: -
	node level	: -
	strict profile	: -
	outgroup	: -
	matrix          : BLOSUM62

	number of taxa        : 12
	random number of pairs: 200000000000000000

	generates threshhold value for amino acid data
	using BLOSUM62

	checks for (potential) identical taxa


	scores site patterns ...


	max number of different pairs is 66
	max random pairs are scored!

	pair: 1      ->	taxon1: H.microsto	taxon2: E.granulos
	            	positions below base line: 40
	pair: 2      ->	taxon1: H.microsto	taxon2: G.salaris 
	            	positions below base line: 37
	pair: 3      ->	taxon1: H.microsto	taxon2: E.nipponic
	            	positions below base line: 58
	pair: 4      ->	taxon1: H.microsto	taxon2: S.mediterr
	            	positions below base line: 43
	pair: 5      ->	taxon1: H.microsto	taxon2: R.norvegic
	            	positions below base line: 46
	pair: 6      ->	taxon1: H.microsto	taxon2: D.rerio   
	            	positions below base line: 46
	pair: 7      ->	taxon1: H.microsto	taxon2: T.solium  
	            	positions below base line: 45
	pair: 8      ->	taxon1: H.microsto	taxon2: C.elegans 
	            	positions below base line: 41
	pair: 9      ->	taxon1: H.microsto	taxon2: G.turnbull
	            	positions below base line: 37
	pair: 10     ->	taxon1: H.microsto	taxon2: D.melanoga
	            	positions below base line: 47
	pair: 11     ->	taxon1: H.microsto	taxon2: O.viverrin
	            	positions below base line: 55
	pair: 12     ->	taxon1: E.granulos	taxon2: G.salaris 
	            	positions below base line: 40
	pair: 13     ->	taxon1: E.granulos	taxon2: E.nipponic
	            	positions below base line: 52
	pair: 14     ->	taxon1: E.granulos	taxon2: S.mediterr
	            	positions below base line: 43
	pair: 15     ->	taxon1: E.granulos	taxon2: R.norvegic
	            	positions below base line: 40
	pair: 16     ->	taxon1: E.granulos	taxon2: D.rerio   
	            	positions below base line: 46
	pair: 17     ->	taxon1: E.granulos	taxon2: T.solium  
	            	positions below base line: 51
	pair: 18     ->	taxon1: E.granulos	taxon2: C.elegans 
	            	positions below base line: 44
	pair: 19     ->	taxon1: E.granulos	taxon2: G.turnbull
	            	positions below base line: 43
	pair: 20     ->	taxon1: E.granulos	taxon2: D.melanoga
	            	positions below base line: 42
	pair: 21     ->	taxon1: E.granulos	taxon2: O.viverrin
	            	positions below base line: 53
	pair: 22     ->	taxon1: G.salaris 	taxon2: E.nipponic
	            	positions below base line: 50
	pair: 23     ->	taxon1: G.salaris 	taxon2: S.mediterr
	            	positions below base line: 40
	pair: 24     ->	taxon1: G.salaris 	taxon2: R.norvegic
	            	positions below base line: 37
	pair: 25     ->	taxon1: G.salaris 	taxon2: D.rerio   
	            	positions below base line: 39
	pair: 26     ->	taxon1: G.salaris 	taxon2: T.solium  
	            	positions below base line: 50
	pair: 27     ->	taxon1: G.salaris 	taxon2: C.elegans 
	            	positions below base line: 42
	pair: 28     ->	taxon1: G.salaris 	taxon2: G.turnbull
	            	positions below base line: 26
	pair: 29     ->	taxon1: G.salaris 	taxon2: D.melanoga
	            	positions below base line: 42
	pair: 30     ->	taxon1: G.salaris 	taxon2: O.viverrin
	            	positions below base line: 59
	pair: 31     ->	taxon1: E.nipponic	taxon2: S.mediterr
	            	positions below base line: 60
	pair: 32     ->	taxon1: E.nipponic	taxon2: R.norvegic
	            	positions below base line: 53
	pair: 33     ->	taxon1: E.nipponic	taxon2: D.rerio   
	            	positions below base line: 50
	pair: 34     ->	taxon1: E.nipponic	taxon2: T.solium  
	            	positions below base line: 57
	pair: 35     ->	taxon1: E.nipponic	taxon2: C.elegans 
	            	positions below base line: 60
	pair: 36     ->	taxon1: E.nipponic	taxon2: G.turnbull
	            	positions below base line: 57
	pair: 37     ->	taxon1: E.nipponic	taxon2: D.melanoga
	            	positions below base line: 57
	pair: 38     ->	taxon1: E.nipponic	taxon2: O.viverrin
	            	positions below base line: 61
	pair: 39     ->	taxon1: S.mediterr	taxon2: R.norvegic
	            	positions below base line: 38
	pair: 40     ->	taxon1: S.mediterr	taxon2: D.rerio   
	            	positions below base line: 42
	pair: 41     ->	taxon1: S.mediterr	taxon2: T.solium  
	            	positions below base line: 49
	pair: 42     ->	taxon1: S.mediterr	taxon2: C.elegans 
	            	positions below base line: 41
	pair: 43     ->	taxon1: S.mediterr	taxon2: G.turnbull
	            	positions below base line: 40
	pair: 44     ->	taxon1: S.mediterr	taxon2: D.melanoga
	            	positions below base line: 37
	pair: 45     ->	taxon1: S.mediterr	taxon2: O.viverrin
	            	positions below base line: 59
	pair: 46     ->	taxon1: R.norvegic	taxon2: D.rerio   
	            	positions below base line: 39
	pair: 47     ->	taxon1: R.norvegic	taxon2: T.solium  
	            	positions below base line: 49
	pair: 48     ->	taxon1: R.norvegic	taxon2: C.elegans 
	            	positions below base line: 41
	pair: 49     ->	taxon1: R.norvegic	taxon2: G.turnbull
	            	positions below base line: 39
	pair: 50     ->	taxon1: R.norvegic	taxon2: D.melanoga
	            	positions below base line: 33
	pair: 51     ->	taxon1: R.norvegic	taxon2: O.viverrin
	            	positions below base line: 60
	pair: 52     ->	taxon1: D.rerio   	taxon2: T.solium  
	            	positions below base line: 49
	pair: 53     ->	taxon1: D.rerio   	taxon2: C.elegans 
	            	positions below base line: 40
	pair: 54     ->	taxon1: D.rerio   	taxon2: G.turnbull
	            	positions below base line: 39
	pair: 55     ->	taxon1: D.rerio   	taxon2: D.melanoga
	            	positions below base line: 39
	pair: 56     ->	taxon1: D.rerio   	taxon2: O.viverrin
	            	positions below base line: 54
	pair: 57     ->	taxon1: T.solium  	taxon2: C.elegans 
	            	positions below base line: 57
	pair: 58     ->	taxon1: T.solium  	taxon2: G.turnbull
	            	positions below base line: 46
	pair: 59     ->	taxon1: T.solium  	taxon2: D.melanoga
	            	positions below base line: 52
	pair: 60     ->	taxon1: T.solium  	taxon2: O.viverrin
	            	positions below base line: 60
	pair: 61     ->	taxon1: C.elegans 	taxon2: G.turnbull
	            	positions below base line: 42
	pair: 62     ->	taxon1: C.elegans 	taxon2: D.melanoga
	            	positions below base line: 42
	pair: 63     ->	taxon1: C.elegans 	taxon2: O.viverrin
	            	positions below base line: 64
	pair: 64     ->	taxon1: G.turnbull	taxon2: D.melanoga
	            	positions below base line: 42
	pair: 65     ->	taxon1: G.turnbull	taxon2: O.viverrin
	            	positions below base line: 59
	pair: 66     ->	taxon1: D.melanoga	taxon2: O.viverrin
	            	positions below base line: 52

	generates quality profile from collected scores ...


	scoring done ...


	generates vector plot from collected scores ...


Argument "-" treated as 0 in increment (++) at /usr/bin/Aliscore.pl line 1213.
	Profile written to EOG091G113O.clustalo.aln.fasta_Profile_random.txt
	List   written to EOG091G113O.clustalo.aln.fasta_List_random.txt

	time used: 3.65 sec

