
	reading taxa from FASTA ...


	S.mediterranea       -> sites: 275   
	C.sinensis           -> sites: 275   
	H.microstoma         -> sites: 275   
	E.nipponicum         -> sites: 275   
	R.norvegicus         -> sites: 275   
	C.intestinalis       -> sites: 275   
	H.robusta            -> sites: 275   
	S.mansoni            -> sites: 275   
	D.melanogaster       -> sites: 275   
	D.rerio              -> sites: 275   
	T.solium             -> sites: 275   


	data type             : amino acid sequences

	input ...

	infile		: EOG091G0XXE.clustalo.aln.fasta
	random pairs	: 200000000000000000
	window size	: 6
	indels		: ambiguous
	tree file	: -
	node level	: -
	strict profile	: -
	outgroup	: -
	matrix          : BLOSUM62

	number of taxa        : 11
	random number of pairs: 200000000000000000

	generates threshhold value for amino acid data
	using BLOSUM62

	checks for (potential) identical taxa


	scores site patterns ...


	max number of different pairs is 55
	max random pairs are scored!

	pair: 1      ->	taxon1: S.mediterr	taxon2: C.sinensis
	            	positions below base line: 114
	pair: 2      ->	taxon1: S.mediterr	taxon2: H.microsto
	            	positions below base line: 145
	pair: 3      ->	taxon1: S.mediterr	taxon2: E.nipponic
	            	positions below base line: 103
	pair: 4      ->	taxon1: S.mediterr	taxon2: R.norvegic
	            	positions below base line: 85
	pair: 5      ->	taxon1: S.mediterr	taxon2: C.intestin
	            	positions below base line: 107
	pair: 6      ->	taxon1: S.mediterr	taxon2: H.robusta 
	            	positions below base line: 92
	pair: 7      ->	taxon1: S.mediterr	taxon2: S.mansoni 
	            	positions below base line: 163
	pair: 8      ->	taxon1: S.mediterr	taxon2: D.melanoga
	            	positions below base line: 114
	pair: 9      ->	taxon1: S.mediterr	taxon2: D.rerio   
	            	positions below base line: 81
	pair: 10     ->	taxon1: S.mediterr	taxon2: T.solium  
	            	positions below base line: 114
	pair: 11     ->	taxon1: C.sinensis	taxon2: H.microsto
	            	positions below base line: 147
	pair: 12     ->	taxon1: C.sinensis	taxon2: E.nipponic
	            	positions below base line: 124
	pair: 13     ->	taxon1: C.sinensis	taxon2: R.norvegic
	            	positions below base line: 119
	pair: 14     ->	taxon1: C.sinensis	taxon2: C.intestin
	            	positions below base line: 109
	pair: 15     ->	taxon1: C.sinensis	taxon2: H.robusta 
	            	positions below base line: 107
	pair: 16     ->	taxon1: C.sinensis	taxon2: S.mansoni 
	            	positions below base line: 150
	pair: 17     ->	taxon1: C.sinensis	taxon2: D.melanoga
	            	positions below base line: 115
	pair: 18     ->	taxon1: C.sinensis	taxon2: D.rerio   
	            	positions below base line: 114
	pair: 19     ->	taxon1: C.sinensis	taxon2: T.solium  
	            	positions below base line: 98
	pair: 20     ->	taxon1: H.microsto	taxon2: E.nipponic
	            	positions below base line: 155
	pair: 21     ->	taxon1: H.microsto	taxon2: R.norvegic
	            	positions below base line: 159
	pair: 22     ->	taxon1: H.microsto	taxon2: C.intestin
	            	positions below base line: 139
	pair: 23     ->	taxon1: H.microsto	taxon2: H.robusta 
	            	positions below base line: 156
	pair: 24     ->	taxon1: H.microsto	taxon2: S.mansoni 
	            	positions below base line: 185
	pair: 25     ->	taxon1: H.microsto	taxon2: D.melanoga
	            	positions below base line: 155
	pair: 26     ->	taxon1: H.microsto	taxon2: D.rerio   
	            	positions below base line: 151
	pair: 27     ->	taxon1: H.microsto	taxon2: T.solium  
	            	positions below base line: 106
	pair: 28     ->	taxon1: E.nipponic	taxon2: R.norvegic
	            	positions below base line: 114
	pair: 29     ->	taxon1: E.nipponic	taxon2: C.intestin
	            	positions below base line: 119
	pair: 30     ->	taxon1: E.nipponic	taxon2: H.robusta 
	            	positions below base line: 115
	pair: 31     ->	taxon1: E.nipponic	taxon2: S.mansoni 
	            	positions below base line: 158
	pair: 32     ->	taxon1: E.nipponic	taxon2: D.melanoga
	            	positions below base line: 113
	pair: 33     ->	taxon1: E.nipponic	taxon2: D.rerio   
	            	positions below base line: 115
	pair: 34     ->	taxon1: E.nipponic	taxon2: T.solium  
	            	positions below base line: 96
	pair: 35     ->	taxon1: R.norvegic	taxon2: C.intestin
	            	positions below base line: 77
	pair: 36     ->	taxon1: R.norvegic	taxon2: H.robusta 
	            	positions below base line: 92
	pair: 37     ->	taxon1: R.norvegic	taxon2: S.mansoni 
	            	positions below base line: 164
	pair: 38     ->	taxon1: R.norvegic	taxon2: D.melanoga
	            	positions below base line: 104
	pair: 39     ->	taxon1: R.norvegic	taxon2: D.rerio   
	            	positions below base line: 37
	pair: 40     ->	taxon1: R.norvegic	taxon2: T.solium  
	            	positions below base line: 119
	pair: 41     ->	taxon1: C.intestin	taxon2: H.robusta 
	            	positions below base line: 98
	pair: 42     ->	taxon1: C.intestin	taxon2: S.mansoni 
	            	positions below base line: 145
	pair: 43     ->	taxon1: C.intestin	taxon2: D.melanoga
	            	positions below base line: 116
	pair: 44     ->	taxon1: C.intestin	taxon2: D.rerio   
	            	positions below base line: 83
	pair: 45     ->	taxon1: C.intestin	taxon2: T.solium  
	            	positions below base line: 103
	pair: 46     ->	taxon1: H.robusta 	taxon2: S.mansoni 
	            	positions below base line: 166
	pair: 47     ->	taxon1: H.robusta 	taxon2: D.melanoga
	            	positions below base line: 107
	pair: 48     ->	taxon1: H.robusta 	taxon2: D.rerio   
	            	positions below base line: 88
	pair: 49     ->	taxon1: H.robusta 	taxon2: T.solium  
	            	positions below base line: 109
	pair: 50     ->	taxon1: S.mansoni 	taxon2: D.melanoga
	            	positions below base line: 163
	pair: 51     ->	taxon1: S.mansoni 	taxon2: D.rerio   
	            	positions below base line: 147
	pair: 52     ->	taxon1: S.mansoni 	taxon2: T.solium  
	            	positions below base line: 127
	pair: 53     ->	taxon1: D.melanoga	taxon2: D.rerio   
	            	positions below base line: 98
	pair: 54     ->	taxon1: D.melanoga	taxon2: T.solium  
	            	positions below base line: 119
	pair: 55     ->	taxon1: D.rerio   	taxon2: T.solium  
	            	positions below base line: 102

	generates quality profile from collected scores ...


	scoring done ...


	generates vector plot from collected scores ...


Argument "-" treated as 0 in increment (++) at /usr/bin/Aliscore.pl line 1213.
	Profile written to EOG091G0XXE.clustalo.aln.fasta_Profile_random.txt
	List   written to EOG091G0XXE.clustalo.aln.fasta_List_random.txt

	time used: 3.73 sec

