
WARNING: The number of threads is currently set to 1
You can specify the number of threads to run via -T numberOfThreads
NumberOfThreads must be set to an integer value greater than 1

RAxML, will now set the number of threads automatically to 2 !


RAxML can't, parse the alignment file as phylip file 
it will now try to parse it as FASTA file



IMPORTANT WARNING: Sequences C.sinensis and O.viverrini are exactly identical

IMPORTANT WARNING
Found 1 sequence that is exactly identical to other sequences in the alignment.
Normally they should be excluded from the analysis.

Just in case you might need it, an alignment file with 
sequence duplicates removed is printed to file ALICUT_EOG091G03TZ.clustalo.aln.fasta.reduced

This is the RAxML Master Pthread

This is RAxML Worker Pthread Number: 1


This is RAxML version 8.2.12 released by Alexandros Stamatakis on May 2018.

With greatly appreciated code contributions by:
Andre Aberer      (HITS)
Simon Berger      (HITS)
Alexey Kozlov     (HITS)
Kassian Kobert    (HITS)
David Dao         (KIT and HITS)
Sarah Lutteropp   (KIT and HITS)
Nick Pattengale   (Sandia)
Wayne Pfeiffer    (SDSC)
Akifumi S. Tanabe (NRIFS)
Charlie Taylor    (UF)


Alignment has 199 distinct alignment patterns

Proportion of gaps and completely undetermined characters in this alignment: 2.45%

RAxML rapid bootstrapping and subsequent ML search

Using 1 distinct models/data partitions with joint branch length optimization



Executing 100 rapid bootstrap inferences and thereafter a thorough ML search 

All free model parameters will be estimated by RAxML
GAMMA model of rate heterogeneity, ML estimate of alpha-parameter

GAMMA Model parameters will be estimated up to an accuracy of 0.1000000000 Log Likelihood units

Partition: 0
Alignment Patterns: 199
Name: No Name Provided
DataType: AA
Substitution Matrix: RTREV
Using empirical base frequencies




RAxML was called as follows:

raxml -f a -T 1 -m PROTGAMMARTREVF -p 12345 -x 12345 -# 100 -s ALICUT_EOG091G03TZ.clustalo.aln.fasta -n EOG091G03TZ.clustalo.aln.ALICUT.RTREVF 



Time for BS model parameter optimization 0.096638
Bootstrap[0]: Time 0.539639 seconds, bootstrap likelihood -3014.016029, best rearrangement setting 13
Bootstrap[1]: Time 0.444306 seconds, bootstrap likelihood -2973.536025, best rearrangement setting 13
Bootstrap[2]: Time 0.424179 seconds, bootstrap likelihood -2930.728759, best rearrangement setting 12
Bootstrap[3]: Time 0.419639 seconds, bootstrap likelihood -3059.795197, best rearrangement setting 15
Bootstrap[4]: Time 0.450833 seconds, bootstrap likelihood -3145.336537, best rearrangement setting 10
Bootstrap[5]: Time 0.443744 seconds, bootstrap likelihood -2970.792138, best rearrangement setting 10
Bootstrap[6]: Time 0.375500 seconds, bootstrap likelihood -2992.583219, best rearrangement setting 6
Bootstrap[7]: Time 0.417623 seconds, bootstrap likelihood -2998.662645, best rearrangement setting 14
Bootstrap[8]: Time 0.438669 seconds, bootstrap likelihood -2901.950280, best rearrangement setting 5
Bootstrap[9]: Time 0.407600 seconds, bootstrap likelihood -3006.349858, best rearrangement setting 7
Bootstrap[10]: Time 0.418816 seconds, bootstrap likelihood -3091.351226, best rearrangement setting 7
Bootstrap[11]: Time 0.428483 seconds, bootstrap likelihood -2922.627585, best rearrangement setting 5
Bootstrap[12]: Time 0.381478 seconds, bootstrap likelihood -2949.298552, best rearrangement setting 8
Bootstrap[13]: Time 0.443062 seconds, bootstrap likelihood -3046.502609, best rearrangement setting 7
Bootstrap[14]: Time 0.426343 seconds, bootstrap likelihood -3028.624152, best rearrangement setting 12
Bootstrap[15]: Time 0.436570 seconds, bootstrap likelihood -2968.179964, best rearrangement setting 15
Bootstrap[16]: Time 0.356409 seconds, bootstrap likelihood -2976.950577, best rearrangement setting 12
Bootstrap[17]: Time 0.415887 seconds, bootstrap likelihood -2902.367340, best rearrangement setting 12
Bootstrap[18]: Time 0.371953 seconds, bootstrap likelihood -3038.751168, best rearrangement setting 5
Bootstrap[19]: Time 0.456791 seconds, bootstrap likelihood -3048.890308, best rearrangement setting 8
Bootstrap[20]: Time 0.411069 seconds, bootstrap likelihood -2902.976946, best rearrangement setting 10
Bootstrap[21]: Time 0.463054 seconds, bootstrap likelihood -3031.459926, best rearrangement setting 6
Bootstrap[22]: Time 0.416190 seconds, bootstrap likelihood -2938.421309, best rearrangement setting 5
Bootstrap[23]: Time 0.381416 seconds, bootstrap likelihood -2950.632390, best rearrangement setting 7
Bootstrap[24]: Time 0.456333 seconds, bootstrap likelihood -3027.525263, best rearrangement setting 8
Bootstrap[25]: Time 0.444680 seconds, bootstrap likelihood -3003.981201, best rearrangement setting 6
Bootstrap[26]: Time 0.410263 seconds, bootstrap likelihood -3005.172267, best rearrangement setting 12
Bootstrap[27]: Time 0.434367 seconds, bootstrap likelihood -2912.000666, best rearrangement setting 10
Bootstrap[28]: Time 0.471297 seconds, bootstrap likelihood -2900.136891, best rearrangement setting 11
Bootstrap[29]: Time 0.347868 seconds, bootstrap likelihood -2994.670952, best rearrangement setting 12
Bootstrap[30]: Time 0.432815 seconds, bootstrap likelihood -3019.019153, best rearrangement setting 15
Bootstrap[31]: Time 0.404921 seconds, bootstrap likelihood -2993.086481, best rearrangement setting 15
Bootstrap[32]: Time 0.433863 seconds, bootstrap likelihood -3061.097063, best rearrangement setting 6
Bootstrap[33]: Time 0.435892 seconds, bootstrap likelihood -2851.102488, best rearrangement setting 15
Bootstrap[34]: Time 0.408748 seconds, bootstrap likelihood -2899.527844, best rearrangement setting 11
Bootstrap[35]: Time 0.434602 seconds, bootstrap likelihood -3010.076348, best rearrangement setting 8
Bootstrap[36]: Time 0.469963 seconds, bootstrap likelihood -3081.682858, best rearrangement setting 9
Bootstrap[37]: Time 0.386776 seconds, bootstrap likelihood -2960.768223, best rearrangement setting 11
Bootstrap[38]: Time 0.130769 seconds, bootstrap likelihood -2946.762832, best rearrangement setting 8
Bootstrap[39]: Time 0.167704 seconds, bootstrap likelihood -2971.063380, best rearrangement setting 13
Bootstrap[40]: Time 0.387195 seconds, bootstrap likelihood -2882.675472, best rearrangement setting 13
Bootstrap[41]: Time 0.394772 seconds, bootstrap likelihood -2940.401112, best rearrangement setting 10
Bootstrap[42]: Time 0.450785 seconds, bootstrap likelihood -2955.811551, best rearrangement setting 5
Bootstrap[43]: Time 0.409357 seconds, bootstrap likelihood -2860.059974, best rearrangement setting 14
Bootstrap[44]: Time 0.412353 seconds, bootstrap likelihood -3035.526744, best rearrangement setting 10
Bootstrap[45]: Time 0.483203 seconds, bootstrap likelihood -3018.027578, best rearrangement setting 15
Bootstrap[46]: Time 0.429967 seconds, bootstrap likelihood -2943.899995, best rearrangement setting 14
Bootstrap[47]: Time 0.399451 seconds, bootstrap likelihood -3015.553526, best rearrangement setting 8
Bootstrap[48]: Time 0.392741 seconds, bootstrap likelihood -3068.040599, best rearrangement setting 6
Bootstrap[49]: Time 0.473765 seconds, bootstrap likelihood -3023.697939, best rearrangement setting 7
Bootstrap[50]: Time 0.437683 seconds, bootstrap likelihood -3029.260009, best rearrangement setting 7
Bootstrap[51]: Time 0.417873 seconds, bootstrap likelihood -2912.078985, best rearrangement setting 11
Bootstrap[52]: Time 0.472521 seconds, bootstrap likelihood -3055.760576, best rearrangement setting 12
Bootstrap[53]: Time 0.408884 seconds, bootstrap likelihood -2890.498932, best rearrangement setting 8
Bootstrap[54]: Time 0.521602 seconds, bootstrap likelihood -3038.524190, best rearrangement setting 9
Bootstrap[55]: Time 0.481284 seconds, bootstrap likelihood -3013.820769, best rearrangement setting 11
Bootstrap[56]: Time 0.471566 seconds, bootstrap likelihood -2942.965685, best rearrangement setting 5
Bootstrap[57]: Time 0.380672 seconds, bootstrap likelihood -3120.668768, best rearrangement setting 7
Bootstrap[58]: Time 0.464664 seconds, bootstrap likelihood -3010.776405, best rearrangement setting 10
Bootstrap[59]: Time 0.450669 seconds, bootstrap likelihood -2875.248572, best rearrangement setting 9
Bootstrap[60]: Time 0.482558 seconds, bootstrap likelihood -3077.721996, best rearrangement setting 7
Bootstrap[61]: Time 0.451741 seconds, bootstrap likelihood -2962.758444, best rearrangement setting 5
Bootstrap[62]: Time 0.194654 seconds, bootstrap likelihood -3011.444404, best rearrangement setting 11
Bootstrap[63]: Time 0.414001 seconds, bootstrap likelihood -2984.552593, best rearrangement setting 12
Bootstrap[64]: Time 0.429996 seconds, bootstrap likelihood -3020.478671, best rearrangement setting 7
Bootstrap[65]: Time 0.416765 seconds, bootstrap likelihood -2979.503675, best rearrangement setting 5
Bootstrap[66]: Time 0.422283 seconds, bootstrap likelihood -3019.154210, best rearrangement setting 5
Bootstrap[67]: Time 0.457700 seconds, bootstrap likelihood -2994.210178, best rearrangement setting 15
Bootstrap[68]: Time 0.454095 seconds, bootstrap likelihood -3013.335242, best rearrangement setting 11
Bootstrap[69]: Time 0.437476 seconds, bootstrap likelihood -2975.881694, best rearrangement setting 5
Bootstrap[70]: Time 0.419855 seconds, bootstrap likelihood -3011.126941, best rearrangement setting 8
Bootstrap[71]: Time 0.424304 seconds, bootstrap likelihood -3003.203711, best rearrangement setting 10
Bootstrap[72]: Time 0.457378 seconds, bootstrap likelihood -2854.914936, best rearrangement setting 11
Bootstrap[73]: Time 0.442399 seconds, bootstrap likelihood -2940.178198, best rearrangement setting 9
Bootstrap[74]: Time 0.466262 seconds, bootstrap likelihood -2965.670538, best rearrangement setting 5
Bootstrap[75]: Time 0.456020 seconds, bootstrap likelihood -3001.371273, best rearrangement setting 8
Bootstrap[76]: Time 0.431995 seconds, bootstrap likelihood -3024.300224, best rearrangement setting 9
Bootstrap[77]: Time 0.443643 seconds, bootstrap likelihood -2955.536079, best rearrangement setting 11
Bootstrap[78]: Time 0.453452 seconds, bootstrap likelihood -2997.941264, best rearrangement setting 15
Bootstrap[79]: Time 0.434453 seconds, bootstrap likelihood -2931.516648, best rearrangement setting 9
Bootstrap[80]: Time 0.464433 seconds, bootstrap likelihood -2978.587105, best rearrangement setting 15
Bootstrap[81]: Time 0.426209 seconds, bootstrap likelihood -3007.023110, best rearrangement setting 7
Bootstrap[82]: Time 0.487411 seconds, bootstrap likelihood -2882.773751, best rearrangement setting 6
Bootstrap[83]: Time 0.388586 seconds, bootstrap likelihood -3035.206932, best rearrangement setting 10
Bootstrap[84]: Time 0.423784 seconds, bootstrap likelihood -2947.584494, best rearrangement setting 11
Bootstrap[85]: Time 0.385557 seconds, bootstrap likelihood -3071.512400, best rearrangement setting 8
Bootstrap[86]: Time 0.433382 seconds, bootstrap likelihood -2909.539830, best rearrangement setting 7
Bootstrap[87]: Time 0.445353 seconds, bootstrap likelihood -2979.687998, best rearrangement setting 7
Bootstrap[88]: Time 0.373225 seconds, bootstrap likelihood -2883.896043, best rearrangement setting 12
Bootstrap[89]: Time 0.466131 seconds, bootstrap likelihood -2933.250041, best rearrangement setting 10
Bootstrap[90]: Time 0.353200 seconds, bootstrap likelihood -3158.585776, best rearrangement setting 8
Bootstrap[91]: Time 0.393973 seconds, bootstrap likelihood -2912.570305, best rearrangement setting 12
Bootstrap[92]: Time 0.410822 seconds, bootstrap likelihood -3034.795517, best rearrangement setting 13
Bootstrap[93]: Time 0.498031 seconds, bootstrap likelihood -2972.224735, best rearrangement setting 15
Bootstrap[94]: Time 0.465023 seconds, bootstrap likelihood -2956.094731, best rearrangement setting 5
Bootstrap[95]: Time 0.413418 seconds, bootstrap likelihood -2982.042128, best rearrangement setting 5
Bootstrap[96]: Time 0.208314 seconds, bootstrap likelihood -3143.637574, best rearrangement setting 13
Bootstrap[97]: Time 0.448041 seconds, bootstrap likelihood -3087.270314, best rearrangement setting 11
Bootstrap[98]: Time 0.478963 seconds, bootstrap likelihood -3030.641607, best rearrangement setting 6
Bootstrap[99]: Time 0.418939 seconds, bootstrap likelihood -2933.108158, best rearrangement setting 14


Overall Time for 100 Rapid Bootstraps 42.171661 seconds
Average Time per Rapid Bootstrap 0.421717 seconds

Starting ML Search ...

Fast ML optimization finished

Fast ML search Time: 33.782828 seconds

Slow ML Search 0 Likelihood: -3000.321337
Slow ML Search 1 Likelihood: -3000.321337
Slow ML Search 2 Likelihood: -3000.321337
Slow ML Search 3 Likelihood: -3000.321337
Slow ML Search 4 Likelihood: -3000.321337
Slow ML Search 5 Likelihood: -3000.321337
Slow ML Search 6 Likelihood: -3000.321337
Slow ML Search 7 Likelihood: -3000.321337
Slow ML Search 8 Likelihood: -3000.321337
Slow ML Search 9 Likelihood: -3000.321337
Slow ML optimization finished

Slow ML search Time: 8.040296 seconds
Thorough ML search Time: 0.660004 seconds

Final ML Optimization Likelihood: -3000.321376

Model Information:

Model Parameters of Partition 0, Name: No Name Provided, Type of Data: AA
alpha: 4.863030
Tree-Length: 6.202704
rate A <-> R: 0.324427
rate A <-> N: 0.486641
rate A <-> D: 0.095420
rate A <-> C: 4.188931
rate A <-> Q: 0.305344
rate A <-> E: 0.772901
rate A <-> G: 1.288168
rate A <-> H: 0.286260
rate A <-> I: 0.009542
rate A <-> L: 0.429389
rate A <-> K: 0.362595
rate A <-> M: 2.242366
rate A <-> F: 0.009542
rate A <-> P: 0.925573
rate A <-> S: 4.389313
rate A <-> T: 2.461832
rate A <-> W: 0.047710
rate A <-> Y: 0.524809
rate A <-> V: 1.879771
rate R <-> N: 0.333969
rate R <-> D: 0.286260
rate R <-> C: 0.877863
rate R <-> Q: 2.108779
rate R <-> E: 0.095420
rate R <-> G: 0.391221
rate R <-> H: 0.858779
rate R <-> I: 0.229008
rate R <-> L: 0.171756
rate R <-> K: 5.658397
rate R <-> M: 0.543893
rate R <-> F: 0.066794
rate R <-> P: 0.229008
rate R <-> S: 0.973282
rate R <-> T: 0.610687
rate R <-> W: 0.124046
rate R <-> Y: 0.448473
rate R <-> V: 0.276718
rate N <-> D: 3.664122
rate N <-> C: 1.221374
rate N <-> Q: 2.251908
rate N <-> E: 0.753817
rate N <-> G: 0.896947
rate N <-> H: 3.053435
rate N <-> I: 0.333969
rate N <-> L: 0.143130
rate N <-> K: 1.173664
rate N <-> M: 0.009542
rate N <-> F: 0.467557
rate N <-> P: 0.314885
rate N <-> S: 2.805344
rate N <-> T: 1.412214
rate N <-> W: 0.152672
rate N <-> Y: 0.267176
rate N <-> V: 0.200382
rate D <-> C: 0.009542
rate D <-> Q: 0.744275
rate D <-> E: 5.171756
rate D <-> G: 0.582061
rate D <-> H: 0.868321
rate D <-> I: 0.009542
rate D <-> L: 0.047710
rate D <-> K: 0.190840
rate D <-> M: 0.009542
rate D <-> F: 0.009542
rate D <-> P: 0.524809
rate D <-> S: 1.297710
rate D <-> T: 0.524809
rate D <-> W: 0.009542
rate D <-> Y: 0.009542
rate D <-> V: 0.057252
rate C <-> Q: 0.667939
rate C <-> E: 0.009542
rate C <-> G: 0.458015
rate C <-> H: 1.183206
rate C <-> I: 0.992366
rate C <-> L: 1.049618
rate C <-> K: 0.152672
rate C <-> M: 1.488550
rate C <-> F: 0.667939
rate C <-> P: 0.009542
rate C <-> S: 0.715649
rate C <-> T: 1.116412
rate C <-> W: 0.524809
rate C <-> Y: 1.250000
rate C <-> V: 2.814885
rate Q <-> E: 3.549618
rate Q <-> G: 0.171756
rate Q <-> H: 3.692748
rate Q <-> I: 0.314885
rate Q <-> L: 0.515267
rate Q <-> K: 2.948473
rate Q <-> M: 1.507634
rate Q <-> F: 0.009542
rate Q <-> P: 0.648855
rate Q <-> S: 2.146947
rate Q <-> T: 1.393130
rate Q <-> W: 0.095420
rate Q <-> Y: 0.429389
rate Q <-> V: 0.343511
rate E <-> G: 0.667939
rate E <-> H: 0.324427
rate E <-> I: 0.009542
rate E <-> L: 0.200382
rate E <-> K: 1.345420
rate E <-> M: 0.009542
rate E <-> F: 0.009542
rate E <-> P: 0.496183
rate E <-> S: 0.906489
rate E <-> T: 0.782443
rate E <-> W: 0.162214
rate E <-> Y: 0.009542
rate E <-> V: 0.333969
rate G <-> H: 0.648855
rate G <-> I: 0.009542
rate G <-> L: 0.028626
rate G <-> K: 0.286260
rate G <-> M: 0.353053
rate G <-> F: 0.066794
rate G <-> P: 0.162214
rate G <-> S: 1.450382
rate G <-> T: 0.066794
rate G <-> W: 0.219466
rate G <-> Y: 0.200382
rate G <-> V: 0.028626
rate H <-> I: 0.324427
rate H <-> L: 0.486641
rate H <-> K: 0.725191
rate H <-> M: 1.106870
rate H <-> F: 1.345420
rate H <-> P: 0.419847
rate H <-> S: 1.746183
rate H <-> T: 0.467557
rate H <-> W: 0.458015
rate H <-> Y: 2.929389
rate H <-> V: 0.009542
rate I <-> L: 3.673664
rate I <-> K: 0.324427
rate I <-> M: 3.578244
rate I <-> F: 0.610687
rate I <-> P: 0.095420
rate I <-> S: 0.038168
rate I <-> T: 0.687023
rate I <-> W: 0.372137
rate I <-> Y: 0.248092
rate I <-> V: 10.000000
rate L <-> K: 0.219466
rate L <-> M: 5.543893
rate L <-> F: 1.708015
rate L <-> P: 0.209924
rate L <-> S: 0.229008
rate L <-> T: 0.238550
rate L <-> W: 0.448473
rate L <-> Y: 0.610687
rate L <-> V: 1.068702
rate K <-> M: 1.278626
rate K <-> F: 0.133588
rate K <-> P: 0.410305
rate K <-> S: 0.734733
rate K <-> T: 1.049618
rate K <-> W: 0.057252
rate K <-> Y: 0.009542
rate K <-> V: 0.181298
rate M <-> F: 2.356870
rate M <-> P: 0.009542
rate M <-> S: 0.009542
rate M <-> T: 1.250000
rate M <-> W: 1.059160
rate M <-> Y: 0.706107
rate M <-> V: 2.251908
rate F <-> P: 0.104962
rate F <-> S: 0.190840
rate F <-> T: 0.658397
rate F <-> W: 1.736641
rate F <-> Y: 9.704198
rate F <-> V: 0.877863
rate P <-> S: 1.278626
rate P <-> T: 0.591603
rate P <-> W: 0.085878
rate P <-> Y: 0.133588
rate P <-> V: 0.238550
rate S <-> T: 6.402672
rate S <-> W: 0.133588
rate S <-> Y: 0.295802
rate S <-> V: 0.372137
rate T <-> W: 0.009542
rate T <-> Y: 0.324427
rate T <-> V: 1.870229
rate W <-> Y: 1.679389
rate W <-> V: 0.248092
rate Y <-> V: 0.562977

freq pi(A): 0.061044
freq pi(R): 0.060578
freq pi(N): 0.037745
freq pi(D): 0.028425
freq pi(C): 0.024231
freq pi(Q): 0.044734
freq pi(E): 0.065238
freq pi(G): 0.028425
freq pi(H): 0.028891
freq pi(I): 0.061044
freq pi(L): 0.169618
freq pi(K): 0.063840
freq pi(M): 0.032619
freq pi(F): 0.064306
freq pi(P): 0.012582
freq pi(S): 0.062442
freq pi(T): 0.036813
freq pi(W): 0.005126
freq pi(Y): 0.033085
freq pi(V): 0.079217


ML search took 42.502674 secs or 0.011806 hours

Combined Bootstrap and ML search took 84.674539 secs or 0.023521 hours

Drawing Bootstrap Support Values on best-scoring ML tree ...



Found 1 tree in File /in/RAxML_bestTree.EOG091G03TZ.clustalo.aln.ALICUT.RTREVF



Found 1 tree in File /in/RAxML_bestTree.EOG091G03TZ.clustalo.aln.ALICUT.RTREVF

Program execution info written to /in/RAxML_info.EOG091G03TZ.clustalo.aln.ALICUT.RTREVF
All 100 bootstrapped trees written to: /in/RAxML_bootstrap.EOG091G03TZ.clustalo.aln.ALICUT.RTREVF

Best-scoring ML tree written to: /in/RAxML_bestTree.EOG091G03TZ.clustalo.aln.ALICUT.RTREVF

Best-scoring ML tree with support values written to: /in/RAxML_bipartitions.EOG091G03TZ.clustalo.aln.ALICUT.RTREVF

Best-scoring ML tree with support values as branch labels written to: /in/RAxML_bipartitionsBranchLabels.EOG091G03TZ.clustalo.aln.ALICUT.RTREVF

Overall execution time for full ML analysis: 84.676281 secs or 0.023521 hours or 0.000980 days

