
	reading taxa from FASTA ...


	D.rerio              -> sites: 710   
	D.melanogaster       -> sites: 710   
	C.sinensis           -> sites: 710   
	H.microstoma         -> sites: 710   
	C.intestinalis       -> sites: 710   
	O.viverrini          -> sites: 710   
	S.mediterranea       -> sites: 710   
	S.mansoni            -> sites: 710   
	R.norvegicus         -> sites: 710   
	T.solium             -> sites: 710   
	C.elegans            -> sites: 710   


	data type             : amino acid sequences

	input ...

	infile		: EOG091G0GDF.clustalo.aln.fasta
	random pairs	: 200000000000000000
	window size	: 6
	indels		: ambiguous
	tree file	: -
	node level	: -
	strict profile	: -
	outgroup	: -
	matrix          : BLOSUM62

	number of taxa        : 11
	random number of pairs: 200000000000000000

	generates threshhold value for amino acid data
	using BLOSUM62

	checks for (potential) identical taxa


	scores site patterns ...


	max number of different pairs is 55
	max random pairs are scored!

	pair: 1      ->	taxon1: D.rerio   	taxon2: D.melanoga
	            	positions below base line: 453
	pair: 2      ->	taxon1: D.rerio   	taxon2: C.sinensis
	            	positions below base line: 401
	pair: 3      ->	taxon1: D.rerio   	taxon2: H.microsto
	            	positions below base line: 491
	pair: 4      ->	taxon1: D.rerio   	taxon2: C.intestin
	            	positions below base line: 330
	pair: 5      ->	taxon1: D.rerio   	taxon2: O.viverrin
	            	positions below base line: 378
	pair: 6      ->	taxon1: D.rerio   	taxon2: S.mediterr
	            	positions below base line: 391
	pair: 7      ->	taxon1: D.rerio   	taxon2: S.mansoni 
	            	positions below base line: 411
	pair: 8      ->	taxon1: D.rerio   	taxon2: R.norvegic
	            	positions below base line: 284
	pair: 9      ->	taxon1: D.rerio   	taxon2: T.solium  
	            	positions below base line: 499
	pair: 10     ->	taxon1: D.rerio   	taxon2: C.elegans 
	            	positions below base line: 404
	pair: 11     ->	taxon1: D.melanoga	taxon2: C.sinensis
	            	positions below base line: 476
	pair: 12     ->	taxon1: D.melanoga	taxon2: H.microsto
	            	positions below base line: 536
	pair: 13     ->	taxon1: D.melanoga	taxon2: C.intestin
	            	positions below base line: 453
	pair: 14     ->	taxon1: D.melanoga	taxon2: O.viverrin
	            	positions below base line: 476
	pair: 15     ->	taxon1: D.melanoga	taxon2: S.mediterr
	            	positions below base line: 479
	pair: 16     ->	taxon1: D.melanoga	taxon2: S.mansoni 
	            	positions below base line: 475
	pair: 17     ->	taxon1: D.melanoga	taxon2: R.norvegic
	            	positions below base line: 442
	pair: 18     ->	taxon1: D.melanoga	taxon2: T.solium  
	            	positions below base line: 550
	pair: 19     ->	taxon1: D.melanoga	taxon2: C.elegans 
	            	positions below base line: 468
	pair: 20     ->	taxon1: C.sinensis	taxon2: H.microsto
	            	positions below base line: 481
	pair: 21     ->	taxon1: C.sinensis	taxon2: C.intestin
	            	positions below base line: 392
	pair: 22     ->	taxon1: C.sinensis	taxon2: O.viverrin
	            	positions below base line: 340
	pair: 23     ->	taxon1: C.sinensis	taxon2: S.mediterr
	            	positions below base line: 394
	pair: 24     ->	taxon1: C.sinensis	taxon2: S.mansoni 
	            	positions below base line: 368
	pair: 25     ->	taxon1: C.sinensis	taxon2: R.norvegic
	            	positions below base line: 393
	pair: 26     ->	taxon1: C.sinensis	taxon2: T.solium  
	            	positions below base line: 498
	pair: 27     ->	taxon1: C.sinensis	taxon2: C.elegans 
	            	positions below base line: 430
	pair: 28     ->	taxon1: H.microsto	taxon2: C.intestin
	            	positions below base line: 479
	pair: 29     ->	taxon1: H.microsto	taxon2: O.viverrin
	            	positions below base line: 492
	pair: 30     ->	taxon1: H.microsto	taxon2: S.mediterr
	            	positions below base line: 500
	pair: 31     ->	taxon1: H.microsto	taxon2: S.mansoni 
	            	positions below base line: 482
	pair: 32     ->	taxon1: H.microsto	taxon2: R.norvegic
	            	positions below base line: 493
	pair: 33     ->	taxon1: H.microsto	taxon2: T.solium  
	            	positions below base line: 537
	pair: 34     ->	taxon1: H.microsto	taxon2: C.elegans 
	            	positions below base line: 518
	pair: 35     ->	taxon1: C.intestin	taxon2: O.viverrin
	            	positions below base line: 377
	pair: 36     ->	taxon1: C.intestin	taxon2: S.mediterr
	            	positions below base line: 375
	pair: 37     ->	taxon1: C.intestin	taxon2: S.mansoni 
	            	positions below base line: 412
	pair: 38     ->	taxon1: C.intestin	taxon2: R.norvegic
	            	positions below base line: 309
	pair: 39     ->	taxon1: C.intestin	taxon2: T.solium  
	            	positions below base line: 495
	pair: 40     ->	taxon1: C.intestin	taxon2: C.elegans 
	            	positions below base line: 404
	pair: 41     ->	taxon1: O.viverrin	taxon2: S.mediterr
	            	positions below base line: 403
	pair: 42     ->	taxon1: O.viverrin	taxon2: S.mansoni 
	            	positions below base line: 350
	pair: 43     ->	taxon1: O.viverrin	taxon2: R.norvegic
	            	positions below base line: 371
	pair: 44     ->	taxon1: O.viverrin	taxon2: T.solium  
	            	positions below base line: 488
	pair: 45     ->	taxon1: O.viverrin	taxon2: C.elegans 
	            	positions below base line: 392
	pair: 46     ->	taxon1: S.mediterr	taxon2: S.mansoni 
	            	positions below base line: 440
	pair: 47     ->	taxon1: S.mediterr	taxon2: R.norvegic
	            	positions below base line: 379
	pair: 48     ->	taxon1: S.mediterr	taxon2: T.solium  
	            	positions below base line: 504
	pair: 49     ->	taxon1: S.mediterr	taxon2: C.elegans 
	            	positions below base line: 434
	pair: 50     ->	taxon1: S.mansoni 	taxon2: R.norvegic
	            	positions below base line: 393
	pair: 51     ->	taxon1: S.mansoni 	taxon2: T.solium  
	            	positions below base line: 522
	pair: 52     ->	taxon1: S.mansoni 	taxon2: C.elegans 
	            	positions below base line: 430
	pair: 53     ->	taxon1: R.norvegic	taxon2: T.solium  
	            	positions below base line: 503
	pair: 54     ->	taxon1: R.norvegic	taxon2: C.elegans 
	            	positions below base line: 367
	pair: 55     ->	taxon1: T.solium  	taxon2: C.elegans 
	            	positions below base line: 527

	generates quality profile from collected scores ...


	scoring done ...


	generates vector plot from collected scores ...


Argument "-" treated as 0 in increment (++) at /usr/bin/Aliscore.pl line 1213.
	Profile written to EOG091G0GDF.clustalo.aln.fasta_Profile_random.txt
	List   written to EOG091G0GDF.clustalo.aln.fasta_List_random.txt

	time used: 4.21 sec

