--2018-12-15 01:17:10--  http://www.orthodb.org/fasta?query=EOG091G011X&level=33208
Resolving www.orthodb.org (www.orthodb.org)... 142.93.108.123, 2a03:b0c0:3:e0::1b:1
Connecting to www.orthodb.org (www.orthodb.org)|142.93.108.123|:80... connected.
HTTP request sent, awaiting response... 301 Moved Permanently
Location: https://www.orthodb.org/fasta?query=EOG091G011X&level=33208 [following]
--2018-12-15 01:17:11--  https://www.orthodb.org/fasta?query=EOG091G011X&level=33208
Connecting to www.orthodb.org (www.orthodb.org)|142.93.108.123|:443... connected.
HTTP request sent, awaiting response... 200 OK
Length: 695751 (679K) [text/plain]
Saving to: ‘EOG091G011X/EOG091G011X.orthodb.fasta’

     0K .......... .......... .......... .......... ..........  7% 1,36M 0s
    50K .......... .......... .......... .......... .......... 14% 1,21M 0s
   100K .......... .......... .......... .......... .......... 22% 2,41M 0s
   150K .......... .......... .......... .......... .......... 29% 3,23M 0s
   200K .......... .......... .......... .......... .......... 36% 7,12M 0s
   250K .......... .......... .......... .......... .......... 44% 2,47M 0s
   300K .......... .......... .......... .......... .......... 51% 2,58M 0s
   350K .......... .......... .......... .......... .......... 58% 2,38M 0s
   400K .......... .......... .......... .......... .......... 66% 2,48M 0s
   450K .......... .......... .......... .......... .......... 73% 18,1M 0s
   500K .......... .......... .......... .......... .......... 80% 1,88M 0s
   550K .......... .......... .......... .......... .......... 88% 3,06M 0s
   600K .......... .......... .......... .......... .......... 95% 3,01M 0s
   650K .......... .......... .........                       100% 28,2M=0,3s

2018-12-15 01:17:11 (2,56 MB/s) - ‘EOG091G011X/EOG091G011X.orthodb.fasta’ saved [695751/695751]

