--2018-12-14 09:12:44--  http://www.orthodb.org/fasta?query=EOG091G00AH&level=33208
Resolving www.orthodb.org (www.orthodb.org)... 167.99.129.42, 2a03:b0c0:3:d0::d19:7001
Connecting to www.orthodb.org (www.orthodb.org)|167.99.129.42|:80... connected.
HTTP request sent, awaiting response... 301 Moved Permanently
Location: https://www.orthodb.org/fasta?query=EOG091G00AH&level=33208 [following]
--2018-12-14 09:12:44--  https://www.orthodb.org/fasta?query=EOG091G00AH&level=33208
Connecting to www.orthodb.org (www.orthodb.org)|167.99.129.42|:443... connected.
HTTP request sent, awaiting response... 200 OK
Length: 1045211 (1021K) [text/plain]
Saving to: ‘EOG091G00AH/EOG091G00AH.orthodb.fasta’

     0K .......... .......... .......... .......... ..........  4% 1,30M 1s
    50K .......... .......... .......... .......... ..........  9% 2,02M 1s
   100K .......... .......... .......... .......... .......... 14% 1,33M 1s
   150K .......... .......... .......... .......... .......... 19% 3,17M 0s
   200K .......... .......... .......... .......... .......... 24% 4,48M 0s
   250K .......... .......... .......... .......... .......... 29% 2,82M 0s
   300K .......... .......... .......... .......... .......... 34% 2,51M 0s
   350K .......... .......... .......... .......... .......... 39% 2,48M 0s
   400K .......... .......... .......... .......... .......... 44% 2,59M 0s
   450K .......... .......... .......... .......... .......... 48% 3,19M 0s
   500K .......... .......... .......... .......... .......... 53% 6,48M 0s
   550K .......... .......... .......... .......... .......... 58% 2,44M 0s
   600K .......... .......... .......... .......... .......... 63% 2,05M 0s
   650K .......... .......... .......... .......... .......... 68% 3,04M 0s
   700K .......... .......... .......... .......... .......... 73% 3,29M 0s
   750K .......... .......... .......... .......... .......... 78% 5,49M 0s
   800K .......... .......... .......... .......... .......... 83% 2,87M 0s
   850K .......... .......... .......... .......... .......... 88% 2,09M 0s
   900K .......... .......... .......... .......... .......... 93% 3,00M 0s
   950K .......... .......... .......... .......... .......... 97% 2,43M 0s
  1000K .......... ..........                                 100% 10,7M=0,4s

2018-12-14 09:12:45 (2,59 MB/s) - ‘EOG091G00AH/EOG091G00AH.orthodb.fasta’ saved [1045211/1045211]

