
	reading taxa from FASTA ...


	T.solium             -> sites: 1578  
	C.intestinalis       -> sites: 1578  
	G.salaris            -> sites: 1578  
	D.melanogaster       -> sites: 1578  
	H.microstoma         -> sites: 1578  
	G.turnbulli          -> sites: 1578  
	S.mediterranea       -> sites: 1578  
	H.robusta            -> sites: 1578  
	E.granulosus         -> sites: 1578  
	R.norvegicus         -> sites: 1578  
	D.rerio              -> sites: 1578  


	data type             : amino acid sequences

	input ...

	infile		: EOG091G0R3S.clustalo.aln.fasta
	random pairs	: 200000000000000000
	window size	: 6
	indels		: ambiguous
	tree file	: -
	node level	: -
	strict profile	: -
	outgroup	: -
	matrix          : BLOSUM62

	number of taxa        : 11
	random number of pairs: 200000000000000000

	generates threshhold value for amino acid data
	using BLOSUM62

	checks for (potential) identical taxa


	scores site patterns ...


	max number of different pairs is 55
	max random pairs are scored!

	pair: 1      ->	taxon1: T.solium  	taxon2: C.intestin
	            	positions below base line: 1358
	pair: 2      ->	taxon1: T.solium  	taxon2: G.salaris 
	            	positions below base line: 1346
	pair: 3      ->	taxon1: T.solium  	taxon2: D.melanoga
	            	positions below base line: 1356
	pair: 4      ->	taxon1: T.solium  	taxon2: H.microsto
	            	positions below base line: 1063
	pair: 5      ->	taxon1: T.solium  	taxon2: G.turnbull
	            	positions below base line: 1425
	pair: 6      ->	taxon1: T.solium  	taxon2: S.mediterr
	            	positions below base line: 1383
	pair: 7      ->	taxon1: T.solium  	taxon2: H.robusta 
	            	positions below base line: 1402
	pair: 8      ->	taxon1: T.solium  	taxon2: E.granulos
	            	positions below base line: 760
	pair: 9      ->	taxon1: T.solium  	taxon2: R.norvegic
	            	positions below base line: 1370
	pair: 10     ->	taxon1: T.solium  	taxon2: D.rerio   
	            	positions below base line: 1366
	pair: 11     ->	taxon1: C.intestin	taxon2: G.salaris 
	            	positions below base line: 1435
	pair: 12     ->	taxon1: C.intestin	taxon2: D.melanoga
	            	positions below base line: 1341
	pair: 13     ->	taxon1: C.intestin	taxon2: H.microsto
	            	positions below base line: 1414
	pair: 14     ->	taxon1: C.intestin	taxon2: G.turnbull
	            	positions below base line: 1433
	pair: 15     ->	taxon1: C.intestin	taxon2: S.mediterr
	            	positions below base line: 1357
	pair: 16     ->	taxon1: C.intestin	taxon2: H.robusta 
	            	positions below base line: 1384
	pair: 17     ->	taxon1: C.intestin	taxon2: E.granulos
	            	positions below base line: 1371
	pair: 18     ->	taxon1: C.intestin	taxon2: R.norvegic
	            	positions below base line: 1343
	pair: 19     ->	taxon1: C.intestin	taxon2: D.rerio   
	            	positions below base line: 1350
	pair: 20     ->	taxon1: G.salaris 	taxon2: D.melanoga
	            	positions below base line: 1448
	pair: 21     ->	taxon1: G.salaris 	taxon2: H.microsto
	            	positions below base line: 1338
	pair: 22     ->	taxon1: G.salaris 	taxon2: G.turnbull
	            	positions below base line: 1330
	pair: 23     ->	taxon1: G.salaris 	taxon2: S.mediterr
	            	positions below base line: 1424
	pair: 24     ->	taxon1: G.salaris 	taxon2: H.robusta 
	            	positions below base line: 1462
	pair: 25     ->	taxon1: G.salaris 	taxon2: E.granulos
	            	positions below base line: 1352
	pair: 26     ->	taxon1: G.salaris 	taxon2: R.norvegic
	            	positions below base line: 1455
	pair: 27     ->	taxon1: G.salaris 	taxon2: D.rerio   
	            	positions below base line: 1451
	pair: 28     ->	taxon1: D.melanoga	taxon2: H.microsto
	            	positions below base line: 1402
	pair: 29     ->	taxon1: D.melanoga	taxon2: G.turnbull
	            	positions below base line: 1425
	pair: 30     ->	taxon1: D.melanoga	taxon2: S.mediterr
	            	positions below base line: 1353
	pair: 31     ->	taxon1: D.melanoga	taxon2: H.robusta 
	            	positions below base line: 1359
	pair: 32     ->	taxon1: D.melanoga	taxon2: E.granulos
	            	positions below base line: 1363
	pair: 33     ->	taxon1: D.melanoga	taxon2: R.norvegic
	            	positions below base line: 1320
	pair: 34     ->	taxon1: D.melanoga	taxon2: D.rerio   
	            	positions below base line: 1276
	pair: 35     ->	taxon1: H.microsto	taxon2: G.turnbull
	            	positions below base line: 1466
	pair: 36     ->	taxon1: H.microsto	taxon2: S.mediterr
	            	positions below base line: 1425
	pair: 37     ->	taxon1: H.microsto	taxon2: H.robusta 
	            	positions below base line: 1427
	pair: 38     ->	taxon1: H.microsto	taxon2: E.granulos
	            	positions below base line: 1110
	pair: 39     ->	taxon1: H.microsto	taxon2: R.norvegic
	            	positions below base line: 1416
	pair: 40     ->	taxon1: H.microsto	taxon2: D.rerio   
	            	positions below base line: 1423
	pair: 41     ->	taxon1: G.turnbull	taxon2: S.mediterr
	            	positions below base line: 1431
	pair: 42     ->	taxon1: G.turnbull	taxon2: H.robusta 
	            	positions below base line: 1451
	pair: 43     ->	taxon1: G.turnbull	taxon2: E.granulos
	            	positions below base line: 1409
	pair: 44     ->	taxon1: G.turnbull	taxon2: R.norvegic
	            	positions below base line: 1435
	pair: 45     ->	taxon1: G.turnbull	taxon2: D.rerio   
	            	positions below base line: 1446
	pair: 46     ->	taxon1: S.mediterr	taxon2: H.robusta 
	            	positions below base line: 1377
	pair: 47     ->	taxon1: S.mediterr	taxon2: E.granulos
	            	positions below base line: 1379
	pair: 48     ->	taxon1: S.mediterr	taxon2: R.norvegic
	            	positions below base line: 1343
	pair: 49     ->	taxon1: S.mediterr	taxon2: D.rerio   
	            	positions below base line: 1352
	pair: 50     ->	taxon1: H.robusta 	taxon2: E.granulos
	            	positions below base line: 1408
	pair: 51     ->	taxon1: H.robusta 	taxon2: R.norvegic
	            	positions below base line: 1368
	pair: 52     ->	taxon1: H.robusta 	taxon2: D.rerio   
	            	positions below base line: 1346
	pair: 53     ->	taxon1: E.granulos	taxon2: R.norvegic
	            	positions below base line: 1379
	pair: 54     ->	taxon1: E.granulos	taxon2: D.rerio   
	            	positions below base line: 1366
	pair: 55     ->	taxon1: R.norvegic	taxon2: D.rerio   
	            	positions below base line: 1284

	generates quality profile from collected scores ...


	scoring done ...


	generates vector plot from collected scores ...


Argument "-" treated as 0 in increment (++) at /usr/bin/Aliscore.pl line 1213.
	Profile written to EOG091G0R3S.clustalo.aln.fasta_Profile_random.txt
	List   written to EOG091G0R3S.clustalo.aln.fasta_List_random.txt

	time used: 4.06 sec

