
	reading taxa from FASTA ...


	O.viverrini          -> sites: 1349  
	H.microstoma         -> sites: 1349  
	T.solium             -> sites: 1349  
	C.elegans            -> sites: 1349  
	E.granulosus         -> sites: 1349  
	D.melanogaster       -> sites: 1349  
	G.salaris            -> sites: 1349  
	D.rerio              -> sites: 1349  
	R.norvegicus         -> sites: 1349  
	G.turnbulli          -> sites: 1349  
	C.intestinalis       -> sites: 1349  


	data type             : amino acid sequences

	input ...

	infile		: EOG091G05GZ.clustalo.aln.fasta
	random pairs	: 200000000000000000
	window size	: 6
	indels		: ambiguous
	tree file	: -
	node level	: -
	strict profile	: -
	outgroup	: -
	matrix          : BLOSUM62

	number of taxa        : 11
	random number of pairs: 200000000000000000

	generates threshhold value for amino acid data
	using BLOSUM62

	checks for (potential) identical taxa


	scores site patterns ...


	max number of different pairs is 55
	max random pairs are scored!

	pair: 1      ->	taxon1: O.viverrin	taxon2: H.microsto
	            	positions below base line: 963
	pair: 2      ->	taxon1: O.viverrin	taxon2: T.solium  
	            	positions below base line: 1136
	pair: 3      ->	taxon1: O.viverrin	taxon2: C.elegans 
	            	positions below base line: 1105
	pair: 4      ->	taxon1: O.viverrin	taxon2: E.granulos
	            	positions below base line: 879
	pair: 5      ->	taxon1: O.viverrin	taxon2: D.melanoga
	            	positions below base line: 948
	pair: 6      ->	taxon1: O.viverrin	taxon2: G.salaris 
	            	positions below base line: 1186
	pair: 7      ->	taxon1: O.viverrin	taxon2: D.rerio   
	            	positions below base line: 920
	pair: 8      ->	taxon1: O.viverrin	taxon2: R.norvegic
	            	positions below base line: 930
	pair: 9      ->	taxon1: O.viverrin	taxon2: G.turnbull
	            	positions below base line: 1066
	pair: 10     ->	taxon1: O.viverrin	taxon2: C.intestin
	            	positions below base line: 927
	pair: 11     ->	taxon1: H.microsto	taxon2: T.solium  
	            	positions below base line: 1102
	pair: 12     ->	taxon1: H.microsto	taxon2: C.elegans 
	            	positions below base line: 1157
	pair: 13     ->	taxon1: H.microsto	taxon2: E.granulos
	            	positions below base line: 875
	pair: 14     ->	taxon1: H.microsto	taxon2: D.melanoga
	            	positions below base line: 1056
	pair: 15     ->	taxon1: H.microsto	taxon2: G.salaris 
	            	positions below base line: 1230
	pair: 16     ->	taxon1: H.microsto	taxon2: D.rerio   
	            	positions below base line: 1013
	pair: 17     ->	taxon1: H.microsto	taxon2: R.norvegic
	            	positions below base line: 1011
	pair: 18     ->	taxon1: H.microsto	taxon2: G.turnbull
	            	positions below base line: 1117
	pair: 19     ->	taxon1: H.microsto	taxon2: C.intestin
	            	positions below base line: 1013
	pair: 20     ->	taxon1: T.solium  	taxon2: C.elegans 
	            	positions below base line: 1218
	pair: 21     ->	taxon1: T.solium  	taxon2: E.granulos
	            	positions below base line: 688
	pair: 22     ->	taxon1: T.solium  	taxon2: D.melanoga
	            	positions below base line: 1201
	pair: 23     ->	taxon1: T.solium  	taxon2: G.salaris 
	            	positions below base line: 1291
	pair: 24     ->	taxon1: T.solium  	taxon2: D.rerio   
	            	positions below base line: 1157
	pair: 25     ->	taxon1: T.solium  	taxon2: R.norvegic
	            	positions below base line: 1156
	pair: 26     ->	taxon1: T.solium  	taxon2: G.turnbull
	            	positions below base line: 1251
	pair: 27     ->	taxon1: T.solium  	taxon2: C.intestin
	            	positions below base line: 1169
	pair: 28     ->	taxon1: C.elegans 	taxon2: E.granulos
	            	positions below base line: 1119
	pair: 29     ->	taxon1: C.elegans 	taxon2: D.melanoga
	            	positions below base line: 1096
	pair: 30     ->	taxon1: C.elegans 	taxon2: G.salaris 
	            	positions below base line: 1225
	pair: 31     ->	taxon1: C.elegans 	taxon2: D.rerio   
	            	positions below base line: 1071
	pair: 32     ->	taxon1: C.elegans 	taxon2: R.norvegic
	            	positions below base line: 1079
	pair: 33     ->	taxon1: C.elegans 	taxon2: G.turnbull
	            	positions below base line: 1240
	pair: 34     ->	taxon1: C.elegans 	taxon2: C.intestin
	            	positions below base line: 1095
	pair: 35     ->	taxon1: E.granulos	taxon2: D.melanoga
	            	positions below base line: 1086
	pair: 36     ->	taxon1: E.granulos	taxon2: G.salaris 
	            	positions below base line: 1237
	pair: 37     ->	taxon1: E.granulos	taxon2: D.rerio   
	            	positions below base line: 1015
	pair: 38     ->	taxon1: E.granulos	taxon2: R.norvegic
	            	positions below base line: 983
	pair: 39     ->	taxon1: E.granulos	taxon2: G.turnbull
	            	positions below base line: 1058
	pair: 40     ->	taxon1: E.granulos	taxon2: C.intestin
	            	positions below base line: 1013
	pair: 41     ->	taxon1: D.melanoga	taxon2: G.salaris 
	            	positions below base line: 1194
	pair: 42     ->	taxon1: D.melanoga	taxon2: D.rerio   
	            	positions below base line: 860
	pair: 43     ->	taxon1: D.melanoga	taxon2: R.norvegic
	            	positions below base line: 877
	pair: 44     ->	taxon1: D.melanoga	taxon2: G.turnbull
	            	positions below base line: 1131
	pair: 45     ->	taxon1: D.melanoga	taxon2: C.intestin
	            	positions below base line: 903
	pair: 46     ->	taxon1: G.salaris 	taxon2: D.rerio   
	            	positions below base line: 1193
	pair: 47     ->	taxon1: G.salaris 	taxon2: R.norvegic
	            	positions below base line: 1190
	pair: 48     ->	taxon1: G.salaris 	taxon2: G.turnbull
	            	positions below base line: 1105
	pair: 49     ->	taxon1: G.salaris 	taxon2: C.intestin
	            	positions below base line: 1208
	pair: 50     ->	taxon1: D.rerio   	taxon2: R.norvegic
	            	positions below base line: 606
	pair: 51     ->	taxon1: D.rerio   	taxon2: G.turnbull
	            	positions below base line: 1094
	pair: 52     ->	taxon1: D.rerio   	taxon2: C.intestin
	            	positions below base line: 755
	pair: 53     ->	taxon1: R.norvegic	taxon2: G.turnbull
	            	positions below base line: 1075
	pair: 54     ->	taxon1: R.norvegic	taxon2: C.intestin
	            	positions below base line: 780
	pair: 55     ->	taxon1: G.turnbull	taxon2: C.intestin
	            	positions below base line: 1110

	generates quality profile from collected scores ...


	scoring done ...


	generates vector plot from collected scores ...


Argument "-" treated as 0 in increment (++) at /usr/bin/Aliscore.pl line 1213.
	Profile written to EOG091G05GZ.clustalo.aln.fasta_Profile_random.txt
	List   written to EOG091G05GZ.clustalo.aln.fasta_List_random.txt

	time used: 4.42 sec

