
	reading taxa from FASTA ...


	S.mediterranea       -> sites: 2256  
	D.melanogaster       -> sites: 2256  
	D.rerio              -> sites: 2256  
	G.salaris            -> sites: 2256  
	R.norvegicus         -> sites: 2256  
	C.sinensis           -> sites: 2256  
	H.robusta            -> sites: 2256  
	H.microstoma         -> sites: 2256  
	M.lignano            -> sites: 2256  
	T.solium             -> sites: 2256  
	C.intestinalis       -> sites: 2256  
	E.granulosus         -> sites: 2256  


	data type             : amino acid sequences

	input ...

	infile		: EOG091G03QC.clustalo.aln.fasta
	random pairs	: 200000000000000000
	window size	: 6
	indels		: ambiguous
	tree file	: -
	node level	: -
	strict profile	: -
	outgroup	: -
	matrix          : BLOSUM62

	number of taxa        : 12
	random number of pairs: 200000000000000000

	generates threshhold value for amino acid data
	using BLOSUM62

	checks for (potential) identical taxa


	scores site patterns ...


	max number of different pairs is 66
	max random pairs are scored!

	pair: 1      ->	taxon1: S.mediterr	taxon2: D.melanoga
	            	positions below base line: 2046
	pair: 2      ->	taxon1: S.mediterr	taxon2: D.rerio   
	            	positions below base line: 1799
	pair: 3      ->	taxon1: S.mediterr	taxon2: G.salaris 
	            	positions below base line: 1913
	pair: 4      ->	taxon1: S.mediterr	taxon2: R.norvegic
	            	positions below base line: 1788
	pair: 5      ->	taxon1: S.mediterr	taxon2: C.sinensis
	            	positions below base line: 2071
	pair: 6      ->	taxon1: S.mediterr	taxon2: H.robusta 
	            	positions below base line: 1820
	pair: 7      ->	taxon1: S.mediterr	taxon2: H.microsto
	            	positions below base line: 1983
	pair: 8      ->	taxon1: S.mediterr	taxon2: M.lignano 
	            	positions below base line: 1879
	pair: 9      ->	taxon1: S.mediterr	taxon2: T.solium  
	            	positions below base line: 1915
	pair: 10     ->	taxon1: S.mediterr	taxon2: C.intestin
	            	positions below base line: 1811
	pair: 11     ->	taxon1: S.mediterr	taxon2: E.granulos
	            	positions below base line: 1904
	pair: 12     ->	taxon1: D.melanoga	taxon2: D.rerio   
	            	positions below base line: 2025
	pair: 13     ->	taxon1: D.melanoga	taxon2: G.salaris 
	            	positions below base line: 2115
	pair: 14     ->	taxon1: D.melanoga	taxon2: R.norvegic
	            	positions below base line: 2022
	pair: 15     ->	taxon1: D.melanoga	taxon2: C.sinensis
	            	positions below base line: 1453
	pair: 16     ->	taxon1: D.melanoga	taxon2: H.robusta 
	            	positions below base line: 2047
	pair: 17     ->	taxon1: D.melanoga	taxon2: H.microsto
	            	positions below base line: 2122
	pair: 18     ->	taxon1: D.melanoga	taxon2: M.lignano 
	            	positions below base line: 1949
	pair: 19     ->	taxon1: D.melanoga	taxon2: T.solium  
	            	positions below base line: 2099
	pair: 20     ->	taxon1: D.melanoga	taxon2: C.intestin
	            	positions below base line: 2023
	pair: 21     ->	taxon1: D.melanoga	taxon2: E.granulos
	            	positions below base line: 2064
	pair: 22     ->	taxon1: D.rerio   	taxon2: G.salaris 
	            	positions below base line: 1891
	pair: 23     ->	taxon1: D.rerio   	taxon2: R.norvegic
	            	positions below base line: 1495
	pair: 24     ->	taxon1: D.rerio   	taxon2: C.sinensis
	            	positions below base line: 2056
	pair: 25     ->	taxon1: D.rerio   	taxon2: H.robusta 
	            	positions below base line: 1716
	pair: 26     ->	taxon1: D.rerio   	taxon2: H.microsto
	            	positions below base line: 1983
	pair: 27     ->	taxon1: D.rerio   	taxon2: M.lignano 
	            	positions below base line: 1799
	pair: 28     ->	taxon1: D.rerio   	taxon2: T.solium  
	            	positions below base line: 1913
	pair: 29     ->	taxon1: D.rerio   	taxon2: C.intestin
	            	positions below base line: 1679
	pair: 30     ->	taxon1: D.rerio   	taxon2: E.granulos
	            	positions below base line: 1895
	pair: 31     ->	taxon1: G.salaris 	taxon2: R.norvegic
	            	positions below base line: 1915
	pair: 32     ->	taxon1: G.salaris 	taxon2: C.sinensis
	            	positions below base line: 2115
	pair: 33     ->	taxon1: G.salaris 	taxon2: H.robusta 
	            	positions below base line: 1908
	pair: 34     ->	taxon1: G.salaris 	taxon2: H.microsto
	            	positions below base line: 2012
	pair: 35     ->	taxon1: G.salaris 	taxon2: M.lignano 
	            	positions below base line: 1999
	pair: 36     ->	taxon1: G.salaris 	taxon2: T.solium  
	            	positions below base line: 1997
	pair: 37     ->	taxon1: G.salaris 	taxon2: C.intestin
	            	positions below base line: 1938
	pair: 38     ->	taxon1: G.salaris 	taxon2: E.granulos
	            	positions below base line: 1986
	pair: 39     ->	taxon1: R.norvegic	taxon2: C.sinensis
	            	positions below base line: 2075
	pair: 40     ->	taxon1: R.norvegic	taxon2: H.robusta 
	            	positions below base line: 1727
	pair: 41     ->	taxon1: R.norvegic	taxon2: H.microsto
	            	positions below base line: 1997
	pair: 42     ->	taxon1: R.norvegic	taxon2: M.lignano 
	            	positions below base line: 1782
	pair: 43     ->	taxon1: R.norvegic	taxon2: T.solium  
	            	positions below base line: 1915
	pair: 44     ->	taxon1: R.norvegic	taxon2: C.intestin
	            	positions below base line: 1705
	pair: 45     ->	taxon1: R.norvegic	taxon2: E.granulos
	            	positions below base line: 1904
	pair: 46     ->	taxon1: C.sinensis	taxon2: H.robusta 
	            	positions below base line: 2101
	pair: 47     ->	taxon1: C.sinensis	taxon2: H.microsto
	            	positions below base line: 2152
	pair: 48     ->	taxon1: C.sinensis	taxon2: M.lignano 
	            	positions below base line: 2009
	pair: 49     ->	taxon1: C.sinensis	taxon2: T.solium  
	            	positions below base line: 2132
	pair: 50     ->	taxon1: C.sinensis	taxon2: C.intestin
	            	positions below base line: 2052
	pair: 51     ->	taxon1: C.sinensis	taxon2: E.granulos
	            	positions below base line: 2108
	pair: 52     ->	taxon1: H.robusta 	taxon2: H.microsto
	            	positions below base line: 1983
	pair: 53     ->	taxon1: H.robusta 	taxon2: M.lignano 
	            	positions below base line: 1854
	pair: 54     ->	taxon1: H.robusta 	taxon2: T.solium  
	            	positions below base line: 1926
	pair: 55     ->	taxon1: H.robusta 	taxon2: C.intestin
	            	positions below base line: 1780
	pair: 56     ->	taxon1: H.robusta 	taxon2: E.granulos
	            	positions below base line: 1914
	pair: 57     ->	taxon1: H.microsto	taxon2: M.lignano 
	            	positions below base line: 2056
	pair: 58     ->	taxon1: H.microsto	taxon2: T.solium  
	            	positions below base line: 2023
	pair: 59     ->	taxon1: H.microsto	taxon2: C.intestin
	            	positions below base line: 2009
	pair: 60     ->	taxon1: H.microsto	taxon2: E.granulos
	            	positions below base line: 1967
	pair: 61     ->	taxon1: M.lignano 	taxon2: T.solium  
	            	positions below base line: 1968
	pair: 62     ->	taxon1: M.lignano 	taxon2: C.intestin
	            	positions below base line: 1833
	pair: 63     ->	taxon1: M.lignano 	taxon2: E.granulos
	            	positions below base line: 1953
	pair: 64     ->	taxon1: T.solium  	taxon2: C.intestin
	            	positions below base line: 1946
	pair: 65     ->	taxon1: T.solium  	taxon2: E.granulos
	            	positions below base line: 1831
	pair: 66     ->	taxon1: C.intestin	taxon2: E.granulos
	            	positions below base line: 1912

	generates quality profile from collected scores ...


	scoring done ...


	generates vector plot from collected scores ...


Argument "-" treated as 0 in increment (++) at /usr/bin/Aliscore.pl line 1213.
	Profile written to EOG091G03QC.clustalo.aln.fasta_Profile_random.txt
	List   written to EOG091G03QC.clustalo.aln.fasta_List_random.txt

	time used: 4.68 sec

