--2018-12-11 12:30:29--  http://www.orthodb.org/fasta?query=EOG091G00Q0&level=33208
Resolving www.orthodb.org (www.orthodb.org)... 167.99.129.42, 2a03:b0c0:3:d0::d19:7001
Connecting to www.orthodb.org (www.orthodb.org)|167.99.129.42|:80... connected.
HTTP request sent, awaiting response... 301 Moved Permanently
Location: https://www.orthodb.org/fasta?query=EOG091G00Q0&level=33208 [following]
--2018-12-11 12:30:30--  https://www.orthodb.org/fasta?query=EOG091G00Q0&level=33208
Connecting to www.orthodb.org (www.orthodb.org)|167.99.129.42|:443... connected.
HTTP request sent, awaiting response... 200 OK
Length: 688476 (672K) [text/plain]
Saving to: ‘EOG091G00Q0/EOG091G00Q0.orthodb.fasta’

     0K .......... .......... .......... .......... ..........  7% 1,41M 0s
    50K .......... .......... .......... .......... .......... 14% 1,26M 0s
   100K .......... .......... .......... .......... .......... 22% 2,28M 0s
   150K .......... .......... .......... .......... .......... 29% 2,30M 0s
   200K .......... .......... .......... .......... .......... 37% 2,60M 0s
   250K .......... .......... .......... .......... .......... 44% 3,37M 0s
   300K .......... .......... .......... .......... .......... 52% 6,11M 0s
   350K .......... .......... .......... .......... .......... 59% 1,98M 0s
   400K .......... .......... .......... .......... .......... 66% 2,55M 0s
   450K .......... .......... .......... .......... .......... 74% 2,54M 0s
   500K .......... .......... .......... .......... .......... 81% 3,06M 0s
   550K .......... .......... .......... .......... .......... 89% 3,07M 0s
   600K .......... .......... .......... .......... .......... 96% 5,33M 0s
   650K .......... .......... ..                              100% 1,76M=0,3s

2018-12-11 12:30:30 (2,40 MB/s) - ‘EOG091G00Q0/EOG091G00Q0.orthodb.fasta’ saved [688476/688476]

