
	reading taxa from FASTA ...


	T.solium             -> sites: 941   
	H.robusta            -> sites: 941   
	S.mediterranea       -> sites: 941   
	G.salaris            -> sites: 941   
	H.microstoma         -> sites: 941   
	G.turnbulli          -> sites: 941   
	S.mansoni            -> sites: 941   
	E.nipponicum         -> sites: 941   
	D.rerio              -> sites: 941   
	E.granulosus         -> sites: 941   
	C.intestinalis       -> sites: 941   
	L.gigantea           -> sites: 941   
	R.norvegicus         -> sites: 941   
	D.melanogaster       -> sites: 941   
	O.viverrini          -> sites: 941   


	data type             : amino acid sequences

	input ...

	infile		: EOG091G07OD.clustalo.aln.fasta
	random pairs	: 200000000000000000
	window size	: 6
	indels		: ambiguous
	tree file	: -
	node level	: -
	strict profile	: -
	outgroup	: -
	matrix          : BLOSUM62

	number of taxa        : 15
	random number of pairs: 200000000000000000

	generates threshhold value for amino acid data
	using BLOSUM62

	checks for (potential) identical taxa


	scores site patterns ...


	max number of different pairs is 105
	max random pairs are scored!

	pair: 1      ->	taxon1: T.solium  	taxon2: H.robusta 
	            	positions below base line: 559
	pair: 2      ->	taxon1: T.solium  	taxon2: S.mediterr
	            	positions below base line: 746
	pair: 3      ->	taxon1: T.solium  	taxon2: G.salaris 
	            	positions below base line: 622
	pair: 4      ->	taxon1: T.solium  	taxon2: H.microsto
	            	positions below base line: 615
	pair: 5      ->	taxon1: T.solium  	taxon2: G.turnbull
	            	positions below base line: 675
	pair: 6      ->	taxon1: T.solium  	taxon2: S.mansoni 
	            	positions below base line: 547
	pair: 7      ->	taxon1: T.solium  	taxon2: E.nipponic
	            	positions below base line: 609
	pair: 8      ->	taxon1: T.solium  	taxon2: D.rerio   
	            	positions below base line: 551
	pair: 9      ->	taxon1: T.solium  	taxon2: E.granulos
	            	positions below base line: 589
	pair: 10     ->	taxon1: T.solium  	taxon2: C.intestin
	            	positions below base line: 543
	pair: 11     ->	taxon1: T.solium  	taxon2: L.gigantea
	            	positions below base line: 546
	pair: 12     ->	taxon1: T.solium  	taxon2: R.norvegic
	            	positions below base line: 597
	pair: 13     ->	taxon1: T.solium  	taxon2: D.melanoga
	            	positions below base line: 542
	pair: 14     ->	taxon1: T.solium  	taxon2: O.viverrin
	            	positions below base line: 502
	pair: 15     ->	taxon1: H.robusta 	taxon2: S.mediterr
	            	positions below base line: 765
	pair: 16     ->	taxon1: H.robusta 	taxon2: G.salaris 
	            	positions below base line: 655
	pair: 17     ->	taxon1: H.robusta 	taxon2: H.microsto
	            	positions below base line: 668
	pair: 18     ->	taxon1: H.robusta 	taxon2: G.turnbull
	            	positions below base line: 699
	pair: 19     ->	taxon1: H.robusta 	taxon2: S.mansoni 
	            	positions below base line: 570
	pair: 20     ->	taxon1: H.robusta 	taxon2: E.nipponic
	            	positions below base line: 615
	pair: 21     ->	taxon1: H.robusta 	taxon2: D.rerio   
	            	positions below base line: 503
	pair: 22     ->	taxon1: H.robusta 	taxon2: E.granulos
	            	positions below base line: 664
	pair: 23     ->	taxon1: H.robusta 	taxon2: C.intestin
	            	positions below base line: 531
	pair: 24     ->	taxon1: H.robusta 	taxon2: L.gigantea
	            	positions below base line: 505
	pair: 25     ->	taxon1: H.robusta 	taxon2: R.norvegic
	            	positions below base line: 555
	pair: 26     ->	taxon1: H.robusta 	taxon2: D.melanoga
	            	positions below base line: 530
	pair: 27     ->	taxon1: H.robusta 	taxon2: O.viverrin
	            	positions below base line: 535
	pair: 28     ->	taxon1: S.mediterr	taxon2: G.salaris 
	            	positions below base line: 798
	pair: 29     ->	taxon1: S.mediterr	taxon2: H.microsto
	            	positions below base line: 760
	pair: 30     ->	taxon1: S.mediterr	taxon2: G.turnbull
	            	positions below base line: 821
	pair: 31     ->	taxon1: S.mediterr	taxon2: S.mansoni 
	            	positions below base line: 752
	pair: 32     ->	taxon1: S.mediterr	taxon2: E.nipponic
	            	positions below base line: 766
	pair: 33     ->	taxon1: S.mediterr	taxon2: D.rerio   
	            	positions below base line: 736
	pair: 34     ->	taxon1: S.mediterr	taxon2: E.granulos
	            	positions below base line: 814
	pair: 35     ->	taxon1: S.mediterr	taxon2: C.intestin
	            	positions below base line: 757
	pair: 36     ->	taxon1: S.mediterr	taxon2: L.gigantea
	            	positions below base line: 766
	pair: 37     ->	taxon1: S.mediterr	taxon2: R.norvegic
	            	positions below base line: 737
	pair: 38     ->	taxon1: S.mediterr	taxon2: D.melanoga
	            	positions below base line: 764
	pair: 39     ->	taxon1: S.mediterr	taxon2: O.viverrin
	            	positions below base line: 756
	pair: 40     ->	taxon1: G.salaris 	taxon2: H.microsto
	            	positions below base line: 701
	pair: 41     ->	taxon1: G.salaris 	taxon2: G.turnbull
	            	positions below base line: 711
	pair: 42     ->	taxon1: G.salaris 	taxon2: S.mansoni 
	            	positions below base line: 661
	pair: 43     ->	taxon1: G.salaris 	taxon2: E.nipponic
	            	positions below base line: 695
	pair: 44     ->	taxon1: G.salaris 	taxon2: D.rerio   
	            	positions below base line: 652
	pair: 45     ->	taxon1: G.salaris 	taxon2: E.granulos
	            	positions below base line: 702
	pair: 46     ->	taxon1: G.salaris 	taxon2: C.intestin
	            	positions below base line: 652
	pair: 47     ->	taxon1: G.salaris 	taxon2: L.gigantea
	            	positions below base line: 658
	pair: 48     ->	taxon1: G.salaris 	taxon2: R.norvegic
	            	positions below base line: 649
	pair: 49     ->	taxon1: G.salaris 	taxon2: D.melanoga
	            	positions below base line: 648
	pair: 50     ->	taxon1: G.salaris 	taxon2: O.viverrin
	            	positions below base line: 647
	pair: 51     ->	taxon1: H.microsto	taxon2: G.turnbull
	            	positions below base line: 746
	pair: 52     ->	taxon1: H.microsto	taxon2: S.mansoni 
	            	positions below base line: 657
	pair: 53     ->	taxon1: H.microsto	taxon2: E.nipponic
	            	positions below base line: 688
	pair: 54     ->	taxon1: H.microsto	taxon2: D.rerio   
	            	positions below base line: 668
	pair: 55     ->	taxon1: H.microsto	taxon2: E.granulos
	            	positions below base line: 712
	pair: 56     ->	taxon1: H.microsto	taxon2: C.intestin
	            	positions below base line: 663
	pair: 57     ->	taxon1: H.microsto	taxon2: L.gigantea
	            	positions below base line: 657
	pair: 58     ->	taxon1: H.microsto	taxon2: R.norvegic
	            	positions below base line: 677
	pair: 59     ->	taxon1: H.microsto	taxon2: D.melanoga
	            	positions below base line: 671
	pair: 60     ->	taxon1: H.microsto	taxon2: O.viverrin
	            	positions below base line: 639
	pair: 61     ->	taxon1: G.turnbull	taxon2: S.mansoni 
	            	positions below base line: 710
	pair: 62     ->	taxon1: G.turnbull	taxon2: E.nipponic
	            	positions below base line: 708
	pair: 63     ->	taxon1: G.turnbull	taxon2: D.rerio   
	            	positions below base line: 675
	pair: 64     ->	taxon1: G.turnbull	taxon2: E.granulos
	            	positions below base line: 728
	pair: 65     ->	taxon1: G.turnbull	taxon2: C.intestin
	            	positions below base line: 705
	pair: 66     ->	taxon1: G.turnbull	taxon2: L.gigantea
	            	positions below base line: 693
	pair: 67     ->	taxon1: G.turnbull	taxon2: R.norvegic
	            	positions below base line: 723
	pair: 68     ->	taxon1: G.turnbull	taxon2: D.melanoga
	            	positions below base line: 672
	pair: 69     ->	taxon1: G.turnbull	taxon2: O.viverrin
	            	positions below base line: 679
	pair: 70     ->	taxon1: S.mansoni 	taxon2: E.nipponic
	            	positions below base line: 615
	pair: 71     ->	taxon1: S.mansoni 	taxon2: D.rerio   
	            	positions below base line: 577
	pair: 72     ->	taxon1: S.mansoni 	taxon2: E.granulos
	            	positions below base line: 677
	pair: 73     ->	taxon1: S.mansoni 	taxon2: C.intestin
	            	positions below base line: 591
	pair: 74     ->	taxon1: S.mansoni 	taxon2: L.gigantea
	            	positions below base line: 584
	pair: 75     ->	taxon1: S.mansoni 	taxon2: R.norvegic
	            	positions below base line: 601
	pair: 76     ->	taxon1: S.mansoni 	taxon2: D.melanoga
	            	positions below base line: 554
	pair: 77     ->	taxon1: S.mansoni 	taxon2: O.viverrin
	            	positions below base line: 499
	pair: 78     ->	taxon1: E.nipponic	taxon2: D.rerio   
	            	positions below base line: 623
	pair: 79     ->	taxon1: E.nipponic	taxon2: E.granulos
	            	positions below base line: 695
	pair: 80     ->	taxon1: E.nipponic	taxon2: C.intestin
	            	positions below base line: 624
	pair: 81     ->	taxon1: E.nipponic	taxon2: L.gigantea
	            	positions below base line: 605
	pair: 82     ->	taxon1: E.nipponic	taxon2: R.norvegic
	            	positions below base line: 655
	pair: 83     ->	taxon1: E.nipponic	taxon2: D.melanoga
	            	positions below base line: 613
	pair: 84     ->	taxon1: E.nipponic	taxon2: O.viverrin
	            	positions below base line: 596
	pair: 85     ->	taxon1: D.rerio   	taxon2: E.granulos
	            	positions below base line: 672
	pair: 86     ->	taxon1: D.rerio   	taxon2: C.intestin
	            	positions below base line: 497
	pair: 87     ->	taxon1: D.rerio   	taxon2: L.gigantea
	            	positions below base line: 509
	pair: 88     ->	taxon1: D.rerio   	taxon2: R.norvegic
	            	positions below base line: 512
	pair: 89     ->	taxon1: D.rerio   	taxon2: D.melanoga
	            	positions below base line: 510
	pair: 90     ->	taxon1: D.rerio   	taxon2: O.viverrin
	            	positions below base line: 549
	pair: 91     ->	taxon1: E.granulos	taxon2: C.intestin
	            	positions below base line: 670
	pair: 92     ->	taxon1: E.granulos	taxon2: L.gigantea
	            	positions below base line: 668
	pair: 93     ->	taxon1: E.granulos	taxon2: R.norvegic
	            	positions below base line: 714
	pair: 94     ->	taxon1: E.granulos	taxon2: D.melanoga
	            	positions below base line: 666
	pair: 95     ->	taxon1: E.granulos	taxon2: O.viverrin
	            	positions below base line: 632
	pair: 96     ->	taxon1: C.intestin	taxon2: L.gigantea
	            	positions below base line: 506
	pair: 97     ->	taxon1: C.intestin	taxon2: R.norvegic
	            	positions below base line: 557
	pair: 98     ->	taxon1: C.intestin	taxon2: D.melanoga
	            	positions below base line: 516
	pair: 99     ->	taxon1: C.intestin	taxon2: O.viverrin
	            	positions below base line: 549
	pair: 100    ->	taxon1: L.gigantea	taxon2: R.norvegic
	            	positions below base line: 554
	pair: 101    ->	taxon1: L.gigantea	taxon2: D.melanoga
	            	positions below base line: 532
	pair: 102    ->	taxon1: L.gigantea	taxon2: O.viverrin
	            	positions below base line: 539
	pair: 103    ->	taxon1: R.norvegic	taxon2: D.melanoga
	            	positions below base line: 557
	pair: 104    ->	taxon1: R.norvegic	taxon2: O.viverrin
	            	positions below base line: 598
	pair: 105    ->	taxon1: D.melanoga	taxon2: O.viverrin
	            	positions below base line: 525

	generates quality profile from collected scores ...


	scoring done ...


	generates vector plot from collected scores ...


Argument "-" treated as 0 in increment (++) at /usr/bin/Aliscore.pl line 1213.
	Profile written to EOG091G07OD.clustalo.aln.fasta_Profile_random.txt
	List   written to EOG091G07OD.clustalo.aln.fasta_List_random.txt

	time used: 4.11 sec

