--2018-12-11 12:46:40--  http://www.orthodb.org/fasta?query=EOG091G01TH&level=33208
Resolving www.orthodb.org (www.orthodb.org)... 142.93.108.123, 2a03:b0c0:3:d0::d24:5001
Connecting to www.orthodb.org (www.orthodb.org)|142.93.108.123|:80... connected.
HTTP request sent, awaiting response... 301 Moved Permanently
Location: https://www.orthodb.org/fasta?query=EOG091G01TH&level=33208 [following]
--2018-12-11 12:46:40--  https://www.orthodb.org/fasta?query=EOG091G01TH&level=33208
Connecting to www.orthodb.org (www.orthodb.org)|142.93.108.123|:443... connected.
HTTP request sent, awaiting response... 200 OK
Length: 508004 (496K) [text/plain]
Saving to: ‘EOG091G01TH/EOG091G01TH.orthodb.fasta’

     0K .......... .......... .......... .......... .......... 10% 1,22M 0s
    50K .......... .......... .......... .......... .......... 20% 1,16M 0s
   100K .......... .......... .......... .......... .......... 30% 2,30M 0s
   150K .......... .......... .......... .......... .......... 40% 2,25M 0s
   200K .......... .......... .......... .......... .......... 50% 2,50M 0s
   250K .......... .......... .......... .......... .......... 60% 1,94M 0s
   300K .......... .......... .......... .......... .......... 70% 2,26M 0s
   350K .......... .......... .......... .......... .......... 80% 3,17M 0s
   400K .......... .......... .......... .......... .......... 90% 12,7M 0s
   450K .......... .......... .......... .......... ......    100% 2,37M=0,2s

2018-12-11 12:46:41 (2,11 MB/s) - ‘EOG091G01TH/EOG091G01TH.orthodb.fasta’ saved [508004/508004]

