
	reading taxa from FASTA ...


	S.mediterranea       -> sites: 658   
	C.intestinalis       -> sites: 658   
	C.sinensis           -> sites: 658   
	D.rerio              -> sites: 658   
	H.robusta            -> sites: 658   
	H.microstoma         -> sites: 658   
	S.mansoni            -> sites: 658   
	R.norvegicus         -> sites: 658   
	D.melanogaster       -> sites: 658   
	O.viverrini          -> sites: 658   
	L.gigantea           -> sites: 658   
	G.turnbulli          -> sites: 658   
	G.salaris            -> sites: 658   
	E.granulosus         -> sites: 658   


	data type             : amino acid sequences

	input ...

	infile		: EOG091G17K3.clustalo.aln.fasta
	random pairs	: 200000000000000000
	window size	: 6
	indels		: ambiguous
	tree file	: -
	node level	: -
	strict profile	: -
	outgroup	: -
	matrix          : BLOSUM62

	number of taxa        : 14
	random number of pairs: 200000000000000000

	generates threshhold value for amino acid data
	using BLOSUM62

	checks for (potential) identical taxa


	scores site patterns ...


	max number of different pairs is 91
	max random pairs are scored!

	pair: 1      ->	taxon1: S.mediterr	taxon2: C.intestin
	            	positions below base line: 545
	pair: 2      ->	taxon1: S.mediterr	taxon2: C.sinensis
	            	positions below base line: 561
	pair: 3      ->	taxon1: S.mediterr	taxon2: D.rerio   
	            	positions below base line: 561
	pair: 4      ->	taxon1: S.mediterr	taxon2: H.robusta 
	            	positions below base line: 544
	pair: 5      ->	taxon1: S.mediterr	taxon2: H.microsto
	            	positions below base line: 543
	pair: 6      ->	taxon1: S.mediterr	taxon2: S.mansoni 
	            	positions below base line: 545
	pair: 7      ->	taxon1: S.mediterr	taxon2: R.norvegic
	            	positions below base line: 550
	pair: 8      ->	taxon1: S.mediterr	taxon2: D.melanoga
	            	positions below base line: 550
	pair: 9      ->	taxon1: S.mediterr	taxon2: O.viverrin
	            	positions below base line: 552
	pair: 10     ->	taxon1: S.mediterr	taxon2: L.gigantea
	            	positions below base line: 536
	pair: 11     ->	taxon1: S.mediterr	taxon2: G.turnbull
	            	positions below base line: 556
	pair: 12     ->	taxon1: S.mediterr	taxon2: G.salaris 
	            	positions below base line: 552
	pair: 13     ->	taxon1: S.mediterr	taxon2: E.granulos
	            	positions below base line: 552
	pair: 14     ->	taxon1: C.intestin	taxon2: C.sinensis
	            	positions below base line: 496
	pair: 15     ->	taxon1: C.intestin	taxon2: D.rerio   
	            	positions below base line: 432
	pair: 16     ->	taxon1: C.intestin	taxon2: H.robusta 
	            	positions below base line: 454
	pair: 17     ->	taxon1: C.intestin	taxon2: H.microsto
	            	positions below base line: 467
	pair: 18     ->	taxon1: C.intestin	taxon2: S.mansoni 
	            	positions below base line: 470
	pair: 19     ->	taxon1: C.intestin	taxon2: R.norvegic
	            	positions below base line: 436
	pair: 20     ->	taxon1: C.intestin	taxon2: D.melanoga
	            	positions below base line: 440
	pair: 21     ->	taxon1: C.intestin	taxon2: O.viverrin
	            	positions below base line: 485
	pair: 22     ->	taxon1: C.intestin	taxon2: L.gigantea
	            	positions below base line: 412
	pair: 23     ->	taxon1: C.intestin	taxon2: G.turnbull
	            	positions below base line: 476
	pair: 24     ->	taxon1: C.intestin	taxon2: G.salaris 
	            	positions below base line: 475
	pair: 25     ->	taxon1: C.intestin	taxon2: E.granulos
	            	positions below base line: 473
	pair: 26     ->	taxon1: C.sinensis	taxon2: D.rerio   
	            	positions below base line: 466
	pair: 27     ->	taxon1: C.sinensis	taxon2: H.robusta 
	            	positions below base line: 475
	pair: 28     ->	taxon1: C.sinensis	taxon2: H.microsto
	            	positions below base line: 450
	pair: 29     ->	taxon1: C.sinensis	taxon2: S.mansoni 
	            	positions below base line: 457
	pair: 30     ->	taxon1: C.sinensis	taxon2: R.norvegic
	            	positions below base line: 505
	pair: 31     ->	taxon1: C.sinensis	taxon2: D.melanoga
	            	positions below base line: 476
	pair: 32     ->	taxon1: C.sinensis	taxon2: O.viverrin
	            	positions below base line: 394
	pair: 33     ->	taxon1: C.sinensis	taxon2: L.gigantea
	            	positions below base line: 476
	pair: 34     ->	taxon1: C.sinensis	taxon2: G.turnbull
	            	positions below base line: 508
	pair: 35     ->	taxon1: C.sinensis	taxon2: G.salaris 
	            	positions below base line: 513
	pair: 36     ->	taxon1: C.sinensis	taxon2: E.granulos
	            	positions below base line: 448
	pair: 37     ->	taxon1: D.rerio   	taxon2: H.robusta 
	            	positions below base line: 459
	pair: 38     ->	taxon1: D.rerio   	taxon2: H.microsto
	            	positions below base line: 478
	pair: 39     ->	taxon1: D.rerio   	taxon2: S.mansoni 
	            	positions below base line: 487
	pair: 40     ->	taxon1: D.rerio   	taxon2: R.norvegic
	            	positions below base line: 439
	pair: 41     ->	taxon1: D.rerio   	taxon2: D.melanoga
	            	positions below base line: 450
	pair: 42     ->	taxon1: D.rerio   	taxon2: O.viverrin
	            	positions below base line: 442
	pair: 43     ->	taxon1: D.rerio   	taxon2: L.gigantea
	            	positions below base line: 420
	pair: 44     ->	taxon1: D.rerio   	taxon2: G.turnbull
	            	positions below base line: 478
	pair: 45     ->	taxon1: D.rerio   	taxon2: G.salaris 
	            	positions below base line: 478
	pair: 46     ->	taxon1: D.rerio   	taxon2: E.granulos
	            	positions below base line: 477
	pair: 47     ->	taxon1: H.robusta 	taxon2: H.microsto
	            	positions below base line: 462
	pair: 48     ->	taxon1: H.robusta 	taxon2: S.mansoni 
	            	positions below base line: 462
	pair: 49     ->	taxon1: H.robusta 	taxon2: R.norvegic
	            	positions below base line: 454
	pair: 50     ->	taxon1: H.robusta 	taxon2: D.melanoga
	            	positions below base line: 447
	pair: 51     ->	taxon1: H.robusta 	taxon2: O.viverrin
	            	positions below base line: 464
	pair: 52     ->	taxon1: H.robusta 	taxon2: L.gigantea
	            	positions below base line: 433
	pair: 53     ->	taxon1: H.robusta 	taxon2: G.turnbull
	            	positions below base line: 481
	pair: 54     ->	taxon1: H.robusta 	taxon2: G.salaris 
	            	positions below base line: 491
	pair: 55     ->	taxon1: H.robusta 	taxon2: E.granulos
	            	positions below base line: 473
	pair: 56     ->	taxon1: H.microsto	taxon2: S.mansoni 
	            	positions below base line: 447
	pair: 57     ->	taxon1: H.microsto	taxon2: R.norvegic
	            	positions below base line: 482
	pair: 58     ->	taxon1: H.microsto	taxon2: D.melanoga
	            	positions below base line: 458
	pair: 59     ->	taxon1: H.microsto	taxon2: O.viverrin
	            	positions below base line: 456
	pair: 60     ->	taxon1: H.microsto	taxon2: L.gigantea
	            	positions below base line: 466
	pair: 61     ->	taxon1: H.microsto	taxon2: G.turnbull
	            	positions below base line: 473
	pair: 62     ->	taxon1: H.microsto	taxon2: G.salaris 
	            	positions below base line: 481
	pair: 63     ->	taxon1: H.microsto	taxon2: E.granulos
	            	positions below base line: 375
	pair: 64     ->	taxon1: S.mansoni 	taxon2: R.norvegic
	            	positions below base line: 491
	pair: 65     ->	taxon1: S.mansoni 	taxon2: D.melanoga
	            	positions below base line: 458
	pair: 66     ->	taxon1: S.mansoni 	taxon2: O.viverrin
	            	positions below base line: 454
	pair: 67     ->	taxon1: S.mansoni 	taxon2: L.gigantea
	            	positions below base line: 473
	pair: 68     ->	taxon1: S.mansoni 	taxon2: G.turnbull
	            	positions below base line: 485
	pair: 69     ->	taxon1: S.mansoni 	taxon2: G.salaris 
	            	positions below base line: 485
	pair: 70     ->	taxon1: S.mansoni 	taxon2: E.granulos
	            	positions below base line: 446
	pair: 71     ->	taxon1: R.norvegic	taxon2: D.melanoga
	            	positions below base line: 472
	pair: 72     ->	taxon1: R.norvegic	taxon2: O.viverrin
	            	positions below base line: 498
	pair: 73     ->	taxon1: R.norvegic	taxon2: L.gigantea
	            	positions below base line: 434
	pair: 74     ->	taxon1: R.norvegic	taxon2: G.turnbull
	            	positions below base line: 494
	pair: 75     ->	taxon1: R.norvegic	taxon2: G.salaris 
	            	positions below base line: 486
	pair: 76     ->	taxon1: R.norvegic	taxon2: E.granulos
	            	positions below base line: 476
	pair: 77     ->	taxon1: D.melanoga	taxon2: O.viverrin
	            	positions below base line: 468
	pair: 78     ->	taxon1: D.melanoga	taxon2: L.gigantea
	            	positions below base line: 444
	pair: 79     ->	taxon1: D.melanoga	taxon2: G.turnbull
	            	positions below base line: 466
	pair: 80     ->	taxon1: D.melanoga	taxon2: G.salaris 
	            	positions below base line: 496
	pair: 81     ->	taxon1: D.melanoga	taxon2: E.granulos
	            	positions below base line: 442
	pair: 82     ->	taxon1: O.viverrin	taxon2: L.gigantea
	            	positions below base line: 466
	pair: 83     ->	taxon1: O.viverrin	taxon2: G.turnbull
	            	positions below base line: 493
	pair: 84     ->	taxon1: O.viverrin	taxon2: G.salaris 
	            	positions below base line: 504
	pair: 85     ->	taxon1: O.viverrin	taxon2: E.granulos
	            	positions below base line: 445
	pair: 86     ->	taxon1: L.gigantea	taxon2: G.turnbull
	            	positions below base line: 474
	pair: 87     ->	taxon1: L.gigantea	taxon2: G.salaris 
	            	positions below base line: 474
	pair: 88     ->	taxon1: L.gigantea	taxon2: E.granulos
	            	positions below base line: 462
	pair: 89     ->	taxon1: G.turnbull	taxon2: G.salaris 
	            	positions below base line: 446
	pair: 90     ->	taxon1: G.turnbull	taxon2: E.granulos
	            	positions below base line: 478
	pair: 91     ->	taxon1: G.salaris 	taxon2: E.granulos
	            	positions below base line: 479

	generates quality profile from collected scores ...


	scoring done ...


	generates vector plot from collected scores ...


Argument "-" treated as 0 in increment (++) at /usr/bin/Aliscore.pl line 1213.
	Profile written to EOG091G17K3.clustalo.aln.fasta_Profile_random.txt
	List   written to EOG091G17K3.clustalo.aln.fasta_List_random.txt

	time used: 3.96 sec

