INFO	****************** Start a BUSCO 3.0.2 analysis, current time: 12/09/2018 15:39:28 ******************
INFO	Configuration loaded from /usr/src/busco/config/config.ini
INFO	Init tools...
INFO	Check dependencies...
INFO	Check input file...
INFO	To reproduce this run: python /usr/bin/run_BUSCO.py -i clonorchis_sinensis.PRJDA72781.WBPS12.genomic.fa -o C_sinensis -l ./metazoa_odb9/ -m genome -c 2 -sp fly
INFO	Mode is: genome
INFO	The lineage dataset is: metazoa_odb9 (eukaryota)
INFO	Temp directory is ./tmp/
INFO	****** Phase 1 of 2, initial predictions ******
INFO	****** Step 1/3, current time: 12/09/2018 15:39:32 ******
INFO	Create blast database...
INFO	[makeblastdb]	Building a new DB, current time: 12/09/2018 15:39:32
INFO	[makeblastdb]	New DB name:   /home/working/tmp/C_sinensis_2524210508
INFO	[makeblastdb]	New DB title:  clonorchis_sinensis.PRJDA72781.WBPS12.genomic.fa
INFO	[makeblastdb]	Sequence type: Nucleotide
INFO	[makeblastdb]	Keep MBits: T
INFO	[makeblastdb]	Maximum file size: 1000000000B
INFO	[makeblastdb]	Adding sequences from FASTA; added 4348 sequences in 4.82643 seconds.
INFO	[makeblastdb]	1 of 1 task(s) completed at 12/09/2018 15:39:37
INFO	Running tblastn, writing output to /home/working/run_C_sinensis/blast_output/tblastn_C_sinensis.tsv...
INFO	[tblastn]	1 of 1 task(s) completed at 12/09/2018 15:50:04
INFO	****** Step 2/3, current time: 12/09/2018 15:50:04 ******
INFO	Maximum number of candidate contig per BUSCO limited to: 3
INFO	Getting coordinates for candidate regions...
INFO	Pre-Augustus scaffold extraction...
INFO	Running Augustus prediction using fly as species:
INFO	[augustus]	Please find all logs related to Augustus errors here: /home/working/run_C_sinensis/augustus_output/augustus.log
INFO	[augustus]	85 of 850 task(s) completed at 12/09/2018 16:03:43
INFO	[augustus]	170 of 850 task(s) completed at 12/09/2018 16:10:54
INFO	[augustus]	255 of 850 task(s) completed at 12/09/2018 16:17:14
INFO	[augustus]	340 of 850 task(s) completed at 12/09/2018 16:22:48
INFO	[augustus]	425 of 850 task(s) completed at 12/09/2018 16:27:43
INFO	[augustus]	510 of 850 task(s) completed at 12/09/2018 16:32:06
INFO	[augustus]	595 of 850 task(s) completed at 12/09/2018 16:35:27
INFO	[augustus]	680 of 850 task(s) completed at 12/09/2018 16:38:39
INFO	[augustus]	765 of 850 task(s) completed at 12/09/2018 16:41:23
INFO	[augustus]	850 of 850 task(s) completed at 12/09/2018 16:44:03
INFO	Extracting predicted proteins...
INFO	****** Step 3/3, current time: 12/09/2018 16:44:04 ******
INFO	Running HMMER to confirm orthology of predicted proteins:
INFO	[hmmsearch]	55 of 545 task(s) completed at 12/09/2018 16:44:05
INFO	[hmmsearch]	109 of 545 task(s) completed at 12/09/2018 16:44:06
INFO	[hmmsearch]	164 of 545 task(s) completed at 12/09/2018 16:44:06
INFO	[hmmsearch]	218 of 545 task(s) completed at 12/09/2018 16:44:06
INFO	[hmmsearch]	273 of 545 task(s) completed at 12/09/2018 16:44:07
INFO	[hmmsearch]	327 of 545 task(s) completed at 12/09/2018 16:44:07
INFO	[hmmsearch]	382 of 545 task(s) completed at 12/09/2018 16:44:07
INFO	[hmmsearch]	436 of 545 task(s) completed at 12/09/2018 16:44:07
INFO	[hmmsearch]	491 of 545 task(s) completed at 12/09/2018 16:44:08
INFO	[hmmsearch]	545 of 545 task(s) completed at 12/09/2018 16:44:08
INFO	Results:
INFO	C:35.5%[S:34.8%,D:0.7%],F:6.9%,M:57.6%,n:978
INFO	347 Complete BUSCOs (C)
INFO	340 Complete and single-copy BUSCOs (S)
INFO	7 Complete and duplicated BUSCOs (D)
INFO	67 Fragmented BUSCOs (F)
INFO	564 Missing BUSCOs (M)
INFO	978 Total BUSCO groups searched
INFO	****** Phase 2 of 2, predictions using species specific training ******
INFO	****** Step 1/3, current time: 12/09/2018 16:44:08 ******
INFO	Extracting missing and fragmented buscos from the ancestral_variants file...
INFO	Running tblastn, writing output to /home/working/run_C_sinensis/blast_output/tblastn_C_sinensis_missing_and_frag_rerun.tsv...
INFO	[tblastn]	1 of 1 task(s) completed at 12/09/2018 18:02:54
INFO	Maximum number of candidate contig per BUSCO limited to: 3
INFO	Getting coordinates for candidate regions...
INFO	****** Step 2/3, current time: 12/09/2018 18:02:54 ******
INFO	Training Augustus using Single-Copy Complete BUSCOs:
INFO	Converting predicted genes to short genbank files at 12/09/2018 18:02:54...
INFO	All files converted to short genbank files, now running the training scripts at 12/09/2018 18:07:50...
INFO	Pre-Augustus scaffold extraction...
INFO	Re-running Augustus with the new metaparameters, number of target BUSCOs: 631
INFO	[augustus]	54 of 535 task(s) completed at 12/09/2018 18:12:21
INFO	[augustus]	107 of 535 task(s) completed at 12/09/2018 18:16:51
INFO	[augustus]	161 of 535 task(s) completed at 12/09/2018 18:20:49
INFO	[augustus]	214 of 535 task(s) completed at 12/09/2018 18:24:45
INFO	[augustus]	268 of 535 task(s) completed at 12/09/2018 18:28:25
INFO	[augustus]	321 of 535 task(s) completed at 12/09/2018 18:33:28
INFO	[augustus]	375 of 535 task(s) completed at 12/09/2018 18:36:54
INFO	[augustus]	428 of 535 task(s) completed at 12/09/2018 18:41:24
INFO	[augustus]	482 of 535 task(s) completed at 12/09/2018 18:46:09
INFO	[augustus]	535 of 535 task(s) completed at 12/09/2018 18:48:47
INFO	Extracting predicted proteins...
INFO	****** Step 3/3, current time: 12/09/2018 18:48:51 ******
INFO	Running HMMER to confirm orthology of predicted proteins:
INFO	[hmmsearch]	Error: Failed to open sequence file /home/working/run_C_sinensis/augustus_output/extracted_proteins/EOG091G02FR.faa.1 for reading
INFO	[hmmsearch]	Error: Failed to open sequence file /home/working/run_C_sinensis/augustus_output/extracted_proteins/EOG091G06DH.faa.1 for reading
INFO	[hmmsearch]	Error: Failed to open sequence file /home/working/run_C_sinensis/augustus_output/extracted_proteins/EOG091G03O0.faa.1 for reading
INFO	[hmmsearch]	Error: Failed to open sequence file /home/working/run_C_sinensis/augustus_output/extracted_proteins/EOG091G0IQD.faa.1 for reading
INFO	[hmmsearch]	Error: Failed to open sequence file /home/working/run_C_sinensis/augustus_output/extracted_proteins/EOG091G0C7Y.faa.1 for reading
INFO	[hmmsearch]	Error: Failed to open sequence file /home/working/run_C_sinensis/augustus_output/extracted_proteins/EOG091G0BUH.faa.1 for reading
INFO	[hmmsearch]	Error: Failed to open sequence file /home/working/run_C_sinensis/augustus_output/extracted_proteins/EOG091G0LPW.faa.1 for reading
INFO	[hmmsearch]	Error: Failed to open sequence file /home/working/run_C_sinensis/augustus_output/extracted_proteins/EOG091G0IZD.faa.1 for reading
INFO	[hmmsearch]	Error: Failed to open sequence file /home/working/run_C_sinensis/augustus_output/extracted_proteins/EOG091G15N9.faa.1 for reading
INFO	[hmmsearch]	Error: Failed to open sequence file /home/working/run_C_sinensis/augustus_output/extracted_proteins/EOG091G02C8.faa.1 for reading
INFO	[hmmsearch]	Error: Failed to open sequence file /home/working/run_C_sinensis/augustus_output/extracted_proteins/EOG091G03TX.faa.1 for reading
INFO	[hmmsearch]	Error: Failed to open sequence file /home/working/run_C_sinensis/augustus_output/extracted_proteins/EOG091G00MA.faa.1 for reading
INFO	[hmmsearch]	Error: Failed to open sequence file /home/working/run_C_sinensis/augustus_output/extracted_proteins/EOG091G02LY.faa.1 for reading
INFO	[hmmsearch]	Error: Failed to open sequence file /home/working/run_C_sinensis/augustus_output/extracted_proteins/EOG091G0Q7M.faa.1 for reading
INFO	[hmmsearch]	Error: Failed to open sequence file /home/working/run_C_sinensis/augustus_output/extracted_proteins/EOG091G0DTB.faa.1 for reading
INFO	[hmmsearch]	Error: Failed to open sequence file /home/working/run_C_sinensis/augustus_output/extracted_proteins/EOG091G0DXV.faa.1 for reading
INFO	[hmmsearch]	Error: Failed to open sequence file /home/working/run_C_sinensis/augustus_output/extracted_proteins/EOG091G0QRW.faa.1 for reading
INFO	[hmmsearch]	Error: Failed to open sequence file /home/working/run_C_sinensis/augustus_output/extracted_proteins/EOG091G0525.faa.1 for reading
INFO	[hmmsearch]	Error: Failed to open sequence file /home/working/run_C_sinensis/augustus_output/extracted_proteins/EOG091G0GI9.faa.1 for reading
INFO	[hmmsearch]	28 of 272 task(s) completed at 12/09/2018 18:48:51
INFO	[hmmsearch]	Error: Failed to open sequence file /home/working/run_C_sinensis/augustus_output/extracted_proteins/EOG091G0HYF.faa.1 for reading
INFO	[hmmsearch]	Error: Failed to open sequence file /home/working/run_C_sinensis/augustus_output/extracted_proteins/EOG091G0ONT.faa.1 for reading
INFO	[hmmsearch]	Error: Failed to open sequence file /home/working/run_C_sinensis/augustus_output/extracted_proteins/EOG091G08UU.faa.1 for reading
INFO	[hmmsearch]	Error: Failed to open sequence file /home/working/run_C_sinensis/augustus_output/extracted_proteins/EOG091G09V2.faa.1 for reading
INFO	[hmmsearch]	Error: Failed to open sequence file /home/working/run_C_sinensis/augustus_output/extracted_proteins/EOG091G05Q6.faa.1 for reading
INFO	[hmmsearch]	Error: Failed to open sequence file /home/working/run_C_sinensis/augustus_output/extracted_proteins/EOG091G0ZEJ.faa.1 for reading
INFO	[hmmsearch]	Error: Failed to open sequence file /home/working/run_C_sinensis/augustus_output/extracted_proteins/EOG091G0OFC.faa.2 for reading
INFO	[hmmsearch]	Error: Failed to open sequence file /home/working/run_C_sinensis/augustus_output/extracted_proteins/EOG091G146E.faa.2 for reading
INFO	[hmmsearch]	Error: Failed to open sequence file /home/working/run_C_sinensis/augustus_output/extracted_proteins/EOG091G036T.faa.1 for reading
INFO	[hmmsearch]	Error: Failed to open sequence file /home/working/run_C_sinensis/augustus_output/extracted_proteins/EOG091G053R.faa.1 for reading
INFO	[hmmsearch]	Error: Failed to open sequence file /home/working/run_C_sinensis/augustus_output/extracted_proteins/EOG091G028G.faa.1 for reading
INFO	[hmmsearch]	Error: Failed to open sequence file /home/working/run_C_sinensis/augustus_output/extracted_proteins/EOG091G0OHF.faa.1 for reading
INFO	[hmmsearch]	Error: Failed to open sequence file /home/working/run_C_sinensis/augustus_output/extracted_proteins/EOG091G0SOZ.faa.1 for reading
INFO	[hmmsearch]	Error: Failed to open sequence file /home/working/run_C_sinensis/augustus_output/extracted_proteins/EOG091G0AOO.faa.1 for reading
INFO	[hmmsearch]	Error: Failed to open sequence file /home/working/run_C_sinensis/augustus_output/extracted_proteins/EOG091G073F.faa.1 for reading
INFO	[hmmsearch]	Error: Failed to open sequence file /home/working/run_C_sinensis/augustus_output/extracted_proteins/EOG091G00VZ.faa.1 for reading
INFO	[hmmsearch]	Error: Failed to open sequence file /home/working/run_C_sinensis/augustus_output/extracted_proteins/EOG091G0J98.faa.1 for reading
INFO	[hmmsearch]	Error: Failed to open sequence file /home/working/run_C_sinensis/augustus_output/extracted_proteins/EOG091G0IS6.faa.1 for reading
INFO	[hmmsearch]	Error: Failed to open sequence file /home/working/run_C_sinensis/augustus_output/extracted_proteins/EOG091G04GW.faa.1 for reading
INFO	[hmmsearch]	Error: Failed to open sequence file /home/working/run_C_sinensis/augustus_output/extracted_proteins/EOG091G050A.faa.1 for reading
INFO	[hmmsearch]	55 of 272 task(s) completed at 12/09/2018 18:48:51
INFO	[hmmsearch]	Error: Failed to open sequence file /home/working/run_C_sinensis/augustus_output/extracted_proteins/EOG091G0RT1.faa.2 for reading
INFO	[hmmsearch]	Error: Failed to open sequence file /home/working/run_C_sinensis/augustus_output/extracted_proteins/EOG091G0JHN.faa.1 for reading
INFO	[hmmsearch]	Error: Failed to open sequence file /home/working/run_C_sinensis/augustus_output/extracted_proteins/EOG091G132G.faa.1 for reading
INFO	[hmmsearch]	Error: Failed to open sequence file /home/working/run_C_sinensis/augustus_output/extracted_proteins/EOG091G0IWR.faa.1 for reading
INFO	[hmmsearch]	Error: Failed to open sequence file /home/working/run_C_sinensis/augustus_output/extracted_proteins/EOG091G02O5.faa.1 for reading
INFO	[hmmsearch]	Error: Failed to open sequence file /home/working/run_C_sinensis/augustus_output/extracted_proteins/EOG091G0977.faa.1 for reading
INFO	[hmmsearch]	Error: Failed to open sequence file /home/working/run_C_sinensis/augustus_output/extracted_proteins/EOG091G0IMD.faa.1 for reading
INFO	[hmmsearch]	Error: Failed to open sequence file /home/working/run_C_sinensis/augustus_output/extracted_proteins/EOG091G0ILS.faa.1 for reading
INFO	[hmmsearch]	Error: Failed to open sequence file /home/working/run_C_sinensis/augustus_output/extracted_proteins/EOG091G0OWC.faa.1 for reading
INFO	[hmmsearch]	Error: Failed to open sequence file /home/working/run_C_sinensis/augustus_output/extracted_proteins/EOG091G0CF7.faa.1 for reading
INFO	[hmmsearch]	Error: Failed to open sequence file /home/working/run_C_sinensis/augustus_output/extracted_proteins/EOG091G0AVA.faa.1 for reading
INFO	[hmmsearch]	Error: Failed to open sequence file /home/working/run_C_sinensis/augustus_output/extracted_proteins/EOG091G01XI.faa.1 for reading
INFO	[hmmsearch]	Error: Failed to open sequence file /home/working/run_C_sinensis/augustus_output/extracted_proteins/EOG091G04EX.faa.1 for reading
INFO	[hmmsearch]	Error: Failed to open sequence file /home/working/run_C_sinensis/augustus_output/extracted_proteins/EOG091G0JWC.faa.1 for reading
INFO	[hmmsearch]	Error: Failed to open sequence file /home/working/run_C_sinensis/augustus_output/extracted_proteins/EOG091G0NH9.faa.1 for reading
INFO	[hmmsearch]	Error: Failed to open sequence file /home/working/run_C_sinensis/augustus_output/extracted_proteins/EOG091G0L84.faa.2 for reading
INFO	[hmmsearch]	Error: Failed to open sequence file /home/working/run_C_sinensis/augustus_output/extracted_proteins/EOG091G046Y.faa.1 for reading
INFO	[hmmsearch]	Error: Failed to open sequence file /home/working/run_C_sinensis/augustus_output/extracted_proteins/EOG091G0NIY.faa.1 for reading
INFO	[hmmsearch]	Error: Failed to open sequence file /home/working/run_C_sinensis/augustus_output/extracted_proteins/EOG091G0B9B.faa.1 for reading
INFO	[hmmsearch]	Error: Failed to open sequence file /home/working/run_C_sinensis/augustus_output/extracted_proteins/EOG091G09D8.faa.1 for reading
INFO	[hmmsearch]	82 of 272 task(s) completed at 12/09/2018 18:48:51
INFO	[hmmsearch]	Error: Failed to open sequence file /home/working/run_C_sinensis/augustus_output/extracted_proteins/EOG091G0A98.faa.1 for reading
INFO	[hmmsearch]	Error: Failed to open sequence file /home/working/run_C_sinensis/augustus_output/extracted_proteins/EOG091G08ZR.faa.1 for reading
INFO	[hmmsearch]	Error: Failed to open sequence file /home/working/run_C_sinensis/augustus_output/extracted_proteins/EOG091G113O.faa.1 for reading
INFO	[hmmsearch]	Error: Failed to open sequence file /home/working/run_C_sinensis/augustus_output/extracted_proteins/EOG091G114S.faa.1 for reading
INFO	[hmmsearch]	Error: Failed to open sequence file /home/working/run_C_sinensis/augustus_output/extracted_proteins/EOG091G088L.faa.1 for reading
INFO	[hmmsearch]	Error: Failed to open sequence file /home/working/run_C_sinensis/augustus_output/extracted_proteins/EOG091G0DTD.faa.1 for reading
INFO	[hmmsearch]	Error: Failed to open sequence file /home/working/run_C_sinensis/augustus_output/extracted_proteins/EOG091G0CID.faa.1 for reading
INFO	[hmmsearch]	Error: Failed to open sequence file /home/working/run_C_sinensis/augustus_output/extracted_proteins/EOG091G0DQS.faa.1 for reading
INFO	[hmmsearch]	Error: Failed to open sequence file /home/working/run_C_sinensis/augustus_output/extracted_proteins/EOG091G075K.faa.1 for reading
INFO	[hmmsearch]	Error: Failed to open sequence file /home/working/run_C_sinensis/augustus_output/extracted_proteins/EOG091G0UQ0.faa.1 for reading
INFO	[hmmsearch]	Error: Failed to open sequence file /home/working/run_C_sinensis/augustus_output/extracted_proteins/EOG091G0W6G.faa.1 for reading
INFO	[hmmsearch]	Error: Failed to open sequence file /home/working/run_C_sinensis/augustus_output/extracted_proteins/EOG091G09BP.faa.1 for reading
INFO	[hmmsearch]	Error: Failed to open sequence file /home/working/run_C_sinensis/augustus_output/extracted_proteins/EOG091G0R3S.faa.1 for reading
INFO	[hmmsearch]	Error: Failed to open sequence file /home/working/run_C_sinensis/augustus_output/extracted_proteins/EOG091G0BCO.faa.1 for reading
INFO	[hmmsearch]	Error: Failed to open sequence file /home/working/run_C_sinensis/augustus_output/extracted_proteins/EOG091G02VO.faa.1 for reading
INFO	[hmmsearch]	Error: Failed to open sequence file /home/working/run_C_sinensis/augustus_output/extracted_proteins/EOG091G16EY.faa.1 for reading
INFO	[hmmsearch]	109 of 272 task(s) completed at 12/09/2018 18:48:52
INFO	[hmmsearch]	Error: Failed to open sequence file /home/working/run_C_sinensis/augustus_output/extracted_proteins/EOG091G13XF.faa.1 for reading
INFO	[hmmsearch]	Error: Failed to open sequence file /home/working/run_C_sinensis/augustus_output/extracted_proteins/EOG091G0CR4.faa.1 for reading
INFO	[hmmsearch]	Error: Failed to open sequence file /home/working/run_C_sinensis/augustus_output/extracted_proteins/EOG091G0WPV.faa.1 for reading
INFO	[hmmsearch]	Error: Failed to open sequence file /home/working/run_C_sinensis/augustus_output/extracted_proteins/EOG091G0A79.faa.1 for reading
INFO	[hmmsearch]	Error: Failed to open sequence file /home/working/run_C_sinensis/augustus_output/extracted_proteins/EOG091G0KNT.faa.1 for reading
INFO	[hmmsearch]	Error: Failed to open sequence file /home/working/run_C_sinensis/augustus_output/extracted_proteins/EOG091G07IK.faa.1 for reading
INFO	[hmmsearch]	Error: Failed to open sequence file /home/working/run_C_sinensis/augustus_output/extracted_proteins/EOG091G05XY.faa.1 for reading
INFO	[hmmsearch]	Error: Failed to open sequence file /home/working/run_C_sinensis/augustus_output/extracted_proteins/EOG091G0YYA.faa.1 for reading
INFO	[hmmsearch]	Error: Failed to open sequence file /home/working/run_C_sinensis/augustus_output/extracted_proteins/EOG091G07Z5.faa.1 for reading
INFO	[hmmsearch]	Error: Failed to open sequence file /home/working/run_C_sinensis/augustus_output/extracted_proteins/EOG091G01XD.faa.1 for reading
INFO	[hmmsearch]	Error: Failed to open sequence file /home/working/run_C_sinensis/augustus_output/extracted_proteins/EOG091G0R04.faa.1 for reading
INFO	[hmmsearch]	Error: Failed to open sequence file /home/working/run_C_sinensis/augustus_output/extracted_proteins/EOG091G06LW.faa.1 for reading
INFO	[hmmsearch]	Error: Failed to open sequence file /home/working/run_C_sinensis/augustus_output/extracted_proteins/EOG091G0J56.faa.1 for reading
INFO	[hmmsearch]	Error: Failed to open sequence file /home/working/run_C_sinensis/augustus_output/extracted_proteins/EOG091G116R.faa.1 for reading
INFO	[hmmsearch]	Error: Failed to open sequence file /home/working/run_C_sinensis/augustus_output/extracted_proteins/EOG091G0EVK.faa.1 for reading
INFO	[hmmsearch]	Error: Failed to open sequence file /home/working/run_C_sinensis/augustus_output/extracted_proteins/EOG091G0IXY.faa.1 for reading
INFO	[hmmsearch]	Error: Failed to open sequence file /home/working/run_C_sinensis/augustus_output/extracted_proteins/EOG091G0XHF.faa.1 for reading
INFO	[hmmsearch]	Error: Failed to open sequence file /home/working/run_C_sinensis/augustus_output/extracted_proteins/EOG091G05NK.faa.1 for reading
INFO	[hmmsearch]	Error: Failed to open sequence file /home/working/run_C_sinensis/augustus_output/extracted_proteins/EOG091G0I2Z.faa.1 for reading
INFO	[hmmsearch]	Error: Failed to open sequence file /home/working/run_C_sinensis/augustus_output/extracted_proteins/EOG091G0JBZ.faa.1 for reading
INFO	[hmmsearch]	Error: Failed to open sequence file /home/working/run_C_sinensis/augustus_output/extracted_proteins/EOG091G0HAI.faa.1 for reading
INFO	[hmmsearch]	Error: Failed to open sequence file /home/working/run_C_sinensis/augustus_output/extracted_proteins/EOG091G0HAI.faa.3 for reading
INFO	[hmmsearch]	Error: Failed to open sequence file /home/working/run_C_sinensis/augustus_output/extracted_proteins/EOG091G0DBF.faa.1 for reading
INFO	[hmmsearch]	Error: Failed to open sequence file /home/working/run_C_sinensis/augustus_output/extracted_proteins/EOG091G0CFP.faa.1 for reading
INFO	[hmmsearch]	136 of 272 task(s) completed at 12/09/2018 18:48:52
INFO	[hmmsearch]	Error: Failed to open sequence file /home/working/run_C_sinensis/augustus_output/extracted_proteins/EOG091G0AKW.faa.1 for reading
INFO	[hmmsearch]	Error: Failed to open sequence file /home/working/run_C_sinensis/augustus_output/extracted_proteins/EOG091G0PVT.faa.1 for reading
INFO	[hmmsearch]	Error: Failed to open sequence file /home/working/run_C_sinensis/augustus_output/extracted_proteins/EOG091G0LT0.faa.1 for reading
INFO	[hmmsearch]	Error: Failed to open sequence file /home/working/run_C_sinensis/augustus_output/extracted_proteins/EOG091G0M12.faa.2 for reading
INFO	[hmmsearch]	Error: Failed to open sequence file /home/working/run_C_sinensis/augustus_output/extracted_proteins/EOG091G00GM.faa.1 for reading
INFO	[hmmsearch]	Error: Failed to open sequence file /home/working/run_C_sinensis/augustus_output/extracted_proteins/EOG091G0KC3.faa.1 for reading
INFO	[hmmsearch]	Error: Failed to open sequence file /home/working/run_C_sinensis/augustus_output/extracted_proteins/EOG091G01GC.faa.1 for reading
INFO	[hmmsearch]	Error: Failed to open sequence file /home/working/run_C_sinensis/augustus_output/extracted_proteins/EOG091G0YBP.faa.1 for reading
INFO	[hmmsearch]	Error: Failed to open sequence file /home/working/run_C_sinensis/augustus_output/extracted_proteins/EOG091G0MP6.faa.1 for reading
INFO	[hmmsearch]	Error: Failed to open sequence file /home/working/run_C_sinensis/augustus_output/extracted_proteins/EOG091G0DTE.faa.2 for reading
INFO	[hmmsearch]	Error: Failed to open sequence file /home/working/run_C_sinensis/augustus_output/extracted_proteins/EOG091G0O5A.faa.1 for reading
INFO	[hmmsearch]	Error: Failed to open sequence file /home/working/run_C_sinensis/augustus_output/extracted_proteins/EOG091G0DYU.faa.1 for reading
INFO	[hmmsearch]	Error: Failed to open sequence file /home/working/run_C_sinensis/augustus_output/extracted_proteins/EOG091G0LCK.faa.1 for reading
INFO	[hmmsearch]	Error: Failed to open sequence file /home/working/run_C_sinensis/augustus_output/extracted_proteins/EOG091G099D.faa.1 for reading
INFO	[hmmsearch]	Error: Failed to open sequence file /home/working/run_C_sinensis/augustus_output/extracted_proteins/EOG091G13P1.faa.1 for reading
INFO	[hmmsearch]	Error: Failed to open sequence file /home/working/run_C_sinensis/augustus_output/extracted_proteins/EOG091G04FV.faa.1 for reading
INFO	[hmmsearch]	Error: Failed to open sequence file /home/working/run_C_sinensis/augustus_output/extracted_proteins/EOG091G0A27.faa.1 for reading
INFO	[hmmsearch]	Error: Failed to open sequence file /home/working/run_C_sinensis/augustus_output/extracted_proteins/EOG091G06Y7.faa.1 for reading
INFO	[hmmsearch]	Error: Failed to open sequence file /home/working/run_C_sinensis/augustus_output/extracted_proteins/EOG091G0L3L.faa.2 for reading
INFO	[hmmsearch]	164 of 272 task(s) completed at 12/09/2018 18:48:52
INFO	[hmmsearch]	Error: Failed to open sequence file /home/working/run_C_sinensis/augustus_output/extracted_proteins/EOG091G074U.faa.1 for reading
INFO	[hmmsearch]	Error: Failed to open sequence file /home/working/run_C_sinensis/augustus_output/extracted_proteins/EOG091G0DUX.faa.1 for reading
INFO	[hmmsearch]	Error: Failed to open sequence file /home/working/run_C_sinensis/augustus_output/extracted_proteins/EOG091G0GUK.faa.2 for reading
INFO	[hmmsearch]	Error: Failed to open sequence file /home/working/run_C_sinensis/augustus_output/extracted_proteins/EOG091G0K92.faa.1 for reading
INFO	[hmmsearch]	Error: Failed to open sequence file /home/working/run_C_sinensis/augustus_output/extracted_proteins/EOG091G02E4.faa.1 for reading
INFO	[hmmsearch]	Error: Failed to open sequence file /home/working/run_C_sinensis/augustus_output/extracted_proteins/EOG091G0H6A.faa.1 for reading
INFO	[hmmsearch]	Error: Failed to open sequence file /home/working/run_C_sinensis/augustus_output/extracted_proteins/EOG091G11QL.faa.1 for reading
INFO	[hmmsearch]	Error: Failed to open sequence file /home/working/run_C_sinensis/augustus_output/extracted_proteins/EOG091G0HQ3.faa.1 for reading
INFO	[hmmsearch]	Error: Failed to open sequence file /home/working/run_C_sinensis/augustus_output/extracted_proteins/EOG091G0LMY.faa.1 for reading
INFO	[hmmsearch]	Error: Failed to open sequence file /home/working/run_C_sinensis/augustus_output/extracted_proteins/EOG091G0FAM.faa.1 for reading
INFO	[hmmsearch]	Error: Failed to open sequence file /home/working/run_C_sinensis/augustus_output/extracted_proteins/EOG091G0M0S.faa.1 for reading
INFO	[hmmsearch]	Error: Failed to open sequence file /home/working/run_C_sinensis/augustus_output/extracted_proteins/EOG091G0321.faa.1 for reading
INFO	[hmmsearch]	Error: Failed to open sequence file /home/working/run_C_sinensis/augustus_output/extracted_proteins/EOG091G0TWR.faa.3 for reading
INFO	[hmmsearch]	Error: Failed to open sequence file /home/working/run_C_sinensis/augustus_output/extracted_proteins/EOG091G0W26.faa.2 for reading
INFO	[hmmsearch]	Error: Failed to open sequence file /home/working/run_C_sinensis/augustus_output/extracted_proteins/EOG091G0DQ3.faa.2 for reading
INFO	[hmmsearch]	Error: Failed to open sequence file /home/working/run_C_sinensis/augustus_output/extracted_proteins/EOG091G01S9.faa.1 for reading
INFO	[hmmsearch]	Error: Failed to open sequence file /home/working/run_C_sinensis/augustus_output/extracted_proteins/EOG091G0U3W.faa.1 for reading
INFO	[hmmsearch]	Error: Failed to open sequence file /home/working/run_C_sinensis/augustus_output/extracted_proteins/EOG091G0FWS.faa.1 for reading
INFO	[hmmsearch]	Error: Failed to open sequence file /home/working/run_C_sinensis/augustus_output/extracted_proteins/EOG091G0Y35.faa.1 for reading
INFO	[hmmsearch]	Error: Failed to open sequence file /home/working/run_C_sinensis/augustus_output/extracted_proteins/EOG091G0XZC.faa.1 for reading
INFO	[hmmsearch]	Error: Failed to open sequence file /home/working/run_C_sinensis/augustus_output/extracted_proteins/EOG091G0P4K.faa.1 for reading
INFO	[hmmsearch]	Error: Failed to open sequence file /home/working/run_C_sinensis/augustus_output/extracted_proteins/EOG091G0E06.faa.1 for reading
INFO	[hmmsearch]	191 of 272 task(s) completed at 12/09/2018 18:48:52
INFO	[hmmsearch]	Error: Failed to open sequence file /home/working/run_C_sinensis/augustus_output/extracted_proteins/EOG091G05ZE.faa.1 for reading
INFO	[hmmsearch]	Error: Failed to open sequence file /home/working/run_C_sinensis/augustus_output/extracted_proteins/EOG091G0CEW.faa.1 for reading
INFO	[hmmsearch]	Error: Failed to open sequence file /home/working/run_C_sinensis/augustus_output/extracted_proteins/EOG091G024J.faa.1 for reading
INFO	[hmmsearch]	Error: Failed to open sequence file /home/working/run_C_sinensis/augustus_output/extracted_proteins/EOG091G0HT4.faa.1 for reading
INFO	[hmmsearch]	Error: Failed to open sequence file /home/working/run_C_sinensis/augustus_output/extracted_proteins/EOG091G049W.faa.2 for reading
INFO	[hmmsearch]	Error: Failed to open sequence file /home/working/run_C_sinensis/augustus_output/extracted_proteins/EOG091G09GA.faa.1 for reading
INFO	[hmmsearch]	Error: Failed to open sequence file /home/working/run_C_sinensis/augustus_output/extracted_proteins/EOG091G0BNI.faa.1 for reading
INFO	[hmmsearch]	Error: Failed to open sequence file /home/working/run_C_sinensis/augustus_output/extracted_proteins/EOG091G1549.faa.1 for reading
INFO	[hmmsearch]	Error: Failed to open sequence file /home/working/run_C_sinensis/augustus_output/extracted_proteins/EOG091G07DR.faa.1 for reading
INFO	[hmmsearch]	Error: Failed to open sequence file /home/working/run_C_sinensis/augustus_output/extracted_proteins/EOG091G0QE1.faa.1 for reading
INFO	[hmmsearch]	Error: Failed to open sequence file /home/working/run_C_sinensis/augustus_output/extracted_proteins/EOG091G00QT.faa.1 for reading
INFO	[hmmsearch]	Error: Failed to open sequence file /home/working/run_C_sinensis/augustus_output/extracted_proteins/EOG091G126L.faa.1 for reading
INFO	[hmmsearch]	Error: Failed to open sequence file /home/working/run_C_sinensis/augustus_output/extracted_proteins/EOG091G0YUO.faa.1 for reading
INFO	[hmmsearch]	Error: Failed to open sequence file /home/working/run_C_sinensis/augustus_output/extracted_proteins/EOG091G0EHZ.faa.1 for reading
INFO	[hmmsearch]	Error: Failed to open sequence file /home/working/run_C_sinensis/augustus_output/extracted_proteins/EOG091G0FOR.faa.1 for reading
INFO	[hmmsearch]	Error: Failed to open sequence file /home/working/run_C_sinensis/augustus_output/extracted_proteins/EOG091G03C0.faa.1 for reading
INFO	[hmmsearch]	Error: Failed to open sequence file /home/working/run_C_sinensis/augustus_output/extracted_proteins/EOG091G038X.faa.1 for reading
INFO	[hmmsearch]	218 of 272 task(s) completed at 12/09/2018 18:48:53
INFO	[hmmsearch]	Error: Failed to open sequence file /home/working/run_C_sinensis/augustus_output/extracted_proteins/EOG091G0SB2.faa.1 for reading
INFO	[hmmsearch]	Error: Failed to open sequence file /home/working/run_C_sinensis/augustus_output/extracted_proteins/EOG091G0DQT.faa.1 for reading
INFO	[hmmsearch]	Error: Failed to open sequence file /home/working/run_C_sinensis/augustus_output/extracted_proteins/EOG091G0GOU.faa.1 for reading
INFO	[hmmsearch]	Error: Failed to open sequence file /home/working/run_C_sinensis/augustus_output/extracted_proteins/EOG091G0KRZ.faa.1 for reading
INFO	[hmmsearch]	Error: Failed to open sequence file /home/working/run_C_sinensis/augustus_output/extracted_proteins/EOG091G0XVD.faa.2 for reading
INFO	[hmmsearch]	Error: Failed to open sequence file /home/working/run_C_sinensis/augustus_output/extracted_proteins/EOG091G0X8F.faa.1 for reading
INFO	[hmmsearch]	Error: Failed to open sequence file /home/working/run_C_sinensis/augustus_output/extracted_proteins/EOG091G0TA6.faa.1 for reading
INFO	[hmmsearch]	Error: Failed to open sequence file /home/working/run_C_sinensis/augustus_output/extracted_proteins/EOG091G0IQ7.faa.1 for reading
INFO	[hmmsearch]	245 of 272 task(s) completed at 12/09/2018 18:48:53
INFO	[hmmsearch]	Error: Failed to open sequence file /home/working/run_C_sinensis/augustus_output/extracted_proteins/EOG091G0IDS.faa.2 for reading
INFO	[hmmsearch]	Error: Failed to open sequence file /home/working/run_C_sinensis/augustus_output/extracted_proteins/EOG091G0MDT.faa.2 for reading
INFO	[hmmsearch]	Error: Failed to open sequence file /home/working/run_C_sinensis/augustus_output/extracted_proteins/EOG091G1311.faa.2 for reading
INFO	[hmmsearch]	272 of 272 task(s) completed at 12/09/2018 18:48:53
INFO	Results:
INFO	C:36.6%[S:35.9%,D:0.7%],F:7.0%,M:56.4%,n:978
INFO	358 Complete BUSCOs (C)
INFO	351 Complete and single-copy BUSCOs (S)
INFO	7 Complete and duplicated BUSCOs (D)
INFO	68 Fragmented BUSCOs (F)
INFO	552 Missing BUSCOs (M)
INFO	978 Total BUSCO groups searched
INFO	BUSCO analysis done. Total running time: 11365.99900341034 seconds
INFO	Results written in /home/working/run_C_sinensis/

