
	reading taxa from FASTA ...


	D.rerio              -> sites: 576   
	E.granulosus         -> sites: 576   
	R.norvegicus         -> sites: 576   
	O.viverrini          -> sites: 576   
	T.solium             -> sites: 576   
	C.intestinalis       -> sites: 576   
	S.mediterranea       -> sites: 576   
	H.microstoma         -> sites: 576   
	H.robusta            -> sites: 576   
	C.sinensis           -> sites: 576   


	data type             : amino acid sequences

	input ...

	infile		: EOG091G0D04.clustalo.aln.fasta
	random pairs	: 200000000000000000
	window size	: 6
	indels		: ambiguous
	tree file	: -
	node level	: -
	strict profile	: -
	outgroup	: -
	matrix          : BLOSUM62

	number of taxa        : 10
	random number of pairs: 200000000000000000

	generates threshhold value for amino acid data
	using BLOSUM62

	checks for (potential) identical taxa


	scores site patterns ...


	max number of different pairs is 45
	max random pairs are scored!

	pair: 1      ->	taxon1: D.rerio   	taxon2: E.granulos
	            	positions below base line: 390
	pair: 2      ->	taxon1: D.rerio   	taxon2: R.norvegic
	            	positions below base line: 253
	pair: 3      ->	taxon1: D.rerio   	taxon2: O.viverrin
	            	positions below base line: 339
	pair: 4      ->	taxon1: D.rerio   	taxon2: T.solium  
	            	positions below base line: 330
	pair: 5      ->	taxon1: D.rerio   	taxon2: C.intestin
	            	positions below base line: 303
	pair: 6      ->	taxon1: D.rerio   	taxon2: S.mediterr
	            	positions below base line: 326
	pair: 7      ->	taxon1: D.rerio   	taxon2: H.microsto
	            	positions below base line: 340
	pair: 8      ->	taxon1: D.rerio   	taxon2: H.robusta 
	            	positions below base line: 348
	pair: 9      ->	taxon1: D.rerio   	taxon2: C.sinensis
	            	positions below base line: 330
	pair: 10     ->	taxon1: E.granulos	taxon2: R.norvegic
	            	positions below base line: 400
	pair: 11     ->	taxon1: E.granulos	taxon2: O.viverrin
	            	positions below base line: 406
	pair: 12     ->	taxon1: E.granulos	taxon2: T.solium  
	            	positions below base line: 324
	pair: 13     ->	taxon1: E.granulos	taxon2: C.intestin
	            	positions below base line: 394
	pair: 14     ->	taxon1: E.granulos	taxon2: S.mediterr
	            	positions below base line: 393
	pair: 15     ->	taxon1: E.granulos	taxon2: H.microsto
	            	positions below base line: 406
	pair: 16     ->	taxon1: E.granulos	taxon2: H.robusta 
	            	positions below base line: 410
	pair: 17     ->	taxon1: E.granulos	taxon2: C.sinensis
	            	positions below base line: 406
	pair: 18     ->	taxon1: R.norvegic	taxon2: O.viverrin
	            	positions below base line: 333
	pair: 19     ->	taxon1: R.norvegic	taxon2: T.solium  
	            	positions below base line: 329
	pair: 20     ->	taxon1: R.norvegic	taxon2: C.intestin
	            	positions below base line: 285
	pair: 21     ->	taxon1: R.norvegic	taxon2: S.mediterr
	            	positions below base line: 326
	pair: 22     ->	taxon1: R.norvegic	taxon2: H.microsto
	            	positions below base line: 363
	pair: 23     ->	taxon1: R.norvegic	taxon2: H.robusta 
	            	positions below base line: 353
	pair: 24     ->	taxon1: R.norvegic	taxon2: C.sinensis
	            	positions below base line: 322
	pair: 25     ->	taxon1: O.viverrin	taxon2: T.solium  
	            	positions below base line: 347
	pair: 26     ->	taxon1: O.viverrin	taxon2: C.intestin
	            	positions below base line: 335
	pair: 27     ->	taxon1: O.viverrin	taxon2: S.mediterr
	            	positions below base line: 351
	pair: 28     ->	taxon1: O.viverrin	taxon2: H.microsto
	            	positions below base line: 371
	pair: 29     ->	taxon1: O.viverrin	taxon2: H.robusta 
	            	positions below base line: 358
	pair: 30     ->	taxon1: O.viverrin	taxon2: C.sinensis
	            	positions below base line: 252
	pair: 31     ->	taxon1: T.solium  	taxon2: C.intestin
	            	positions below base line: 334
	pair: 32     ->	taxon1: T.solium  	taxon2: S.mediterr
	            	positions below base line: 319
	pair: 33     ->	taxon1: T.solium  	taxon2: H.microsto
	            	positions below base line: 324
	pair: 34     ->	taxon1: T.solium  	taxon2: H.robusta 
	            	positions below base line: 349
	pair: 35     ->	taxon1: T.solium  	taxon2: C.sinensis
	            	positions below base line: 345
	pair: 36     ->	taxon1: C.intestin	taxon2: S.mediterr
	            	positions below base line: 329
	pair: 37     ->	taxon1: C.intestin	taxon2: H.microsto
	            	positions below base line: 356
	pair: 38     ->	taxon1: C.intestin	taxon2: H.robusta 
	            	positions below base line: 358
	pair: 39     ->	taxon1: C.intestin	taxon2: C.sinensis
	            	positions below base line: 309
	pair: 40     ->	taxon1: S.mediterr	taxon2: H.microsto
	            	positions below base line: 360
	pair: 41     ->	taxon1: S.mediterr	taxon2: H.robusta 
	            	positions below base line: 350
	pair: 42     ->	taxon1: S.mediterr	taxon2: C.sinensis
	            	positions below base line: 350
	pair: 43     ->	taxon1: H.microsto	taxon2: H.robusta 
	            	positions below base line: 374
	pair: 44     ->	taxon1: H.microsto	taxon2: C.sinensis
	            	positions below base line: 355
	pair: 45     ->	taxon1: H.robusta 	taxon2: C.sinensis
	            	positions below base line: 361

	generates quality profile from collected scores ...


	scoring done ...


	generates vector plot from collected scores ...


Argument "-" treated as 0 in increment (++) at /usr/bin/Aliscore.pl line 1213.
	Profile written to EOG091G0D04.clustalo.aln.fasta_Profile_random.txt
	List   written to EOG091G0D04.clustalo.aln.fasta_List_random.txt

	time used: 4.18 sec

