
RAxML can't, parse the alignment file as phylip file 
it will now try to parse it as FASTA file


This is the RAxML Master Pthread

This is RAxML Worker Pthread Number: 1

This is RAxML Worker Pthread Number: 2

This is RAxML Worker Pthread Number: 3

This is RAxML Worker Pthread Number: 5

This is RAxML Worker Pthread Number: 4


This is RAxML version 8.2.12 released by Alexandros Stamatakis on May 2018.

With greatly appreciated code contributions by:
Andre Aberer      (HITS)
Simon Berger      (HITS)
Alexey Kozlov     (HITS)
Kassian Kobert    (HITS)
David Dao         (KIT and HITS)
Sarah Lutteropp   (KIT and HITS)
Nick Pattengale   (Sandia)
Wayne Pfeiffer    (SDSC)
Akifumi S. Tanabe (NRIFS)
Charlie Taylor    (UF)


Alignment has 88 distinct alignment patterns

Proportion of gaps and completely undetermined characters in this alignment: 3.62%

RAxML rapid bootstrapping and subsequent ML search

Using 1 distinct models/data partitions with joint branch length optimization



Executing 100 rapid bootstrap inferences and thereafter a thorough ML search 

All free model parameters will be estimated by RAxML
GAMMA model of rate heterogeneity, ML estimate of alpha-parameter

GAMMA Model parameters will be estimated up to an accuracy of 0.1000000000 Log Likelihood units

Partition: 0
Alignment Patterns: 88
Name: No Name Provided
DataType: AA
Substitution Matrix: LG
Using empirical base frequencies




RAxML was called as follows:

raxml -f a -T 6 -m PROTGAMMALGF -p 12345 -x 12345 -# 100 -s ALICUT_EOG091G0ZRG.clustalo.aln.fasta -n EOG091G0ZRG.clustalo.aln.ALICUT.LGF 


Partition No Name Provided number 0 has a problem, the number of expected states is 20 the number of states that are present is 19.
Please go and fix your data!

Partition No Name Provided number 0 has a problem, the number of expected states is 20 the number of states that are present is 19.
Please go and fix your data!


Time for BS model parameter optimization 0.033553
Bootstrap[0]: Time 0.340175 seconds, bootstrap likelihood -1207.535774, best rearrangement setting 13
Bootstrap[1]: Time 0.341016 seconds, bootstrap likelihood -1232.752984, best rearrangement setting 13
Bootstrap[2]: Time 0.315514 seconds, bootstrap likelihood -1274.019568, best rearrangement setting 12
Bootstrap[3]: Time 0.316327 seconds, bootstrap likelihood -1193.383158, best rearrangement setting 15
Bootstrap[4]: Time 0.281450 seconds, bootstrap likelihood -1250.942261, best rearrangement setting 10
Bootstrap[5]: Time 0.316332 seconds, bootstrap likelihood -1224.887190, best rearrangement setting 10
Bootstrap[6]: Time 0.323241 seconds, bootstrap likelihood -1280.098713, best rearrangement setting 6
Bootstrap[7]: Time 0.291965 seconds, bootstrap likelihood -1237.699072, best rearrangement setting 14
Bootstrap[8]: Time 0.252067 seconds, bootstrap likelihood -1109.540388, best rearrangement setting 5
Bootstrap[9]: Time 0.299849 seconds, bootstrap likelihood -1169.712113, best rearrangement setting 7
Bootstrap[10]: Time 0.298852 seconds, bootstrap likelihood -1019.413576, best rearrangement setting 7
Bootstrap[11]: Time 0.328752 seconds, bootstrap likelihood -1356.475584, best rearrangement setting 5
Bootstrap[12]: Time 0.325103 seconds, bootstrap likelihood -1264.258755, best rearrangement setting 8
Bootstrap[13]: Time 0.350010 seconds, bootstrap likelihood -1408.618346, best rearrangement setting 7
Bootstrap[14]: Time 0.309904 seconds, bootstrap likelihood -1171.242691, best rearrangement setting 12
Bootstrap[15]: Time 0.313774 seconds, bootstrap likelihood -1333.245190, best rearrangement setting 15
Bootstrap[16]: Time 0.271906 seconds, bootstrap likelihood -1089.359813, best rearrangement setting 12
Bootstrap[17]: Time 0.323558 seconds, bootstrap likelihood -1260.380674, best rearrangement setting 12
Bootstrap[18]: Time 0.302174 seconds, bootstrap likelihood -1179.776207, best rearrangement setting 5
Bootstrap[19]: Time 0.340784 seconds, bootstrap likelihood -1130.547804, best rearrangement setting 8
Bootstrap[20]: Time 0.254517 seconds, bootstrap likelihood -1211.918249, best rearrangement setting 10
Bootstrap[21]: Time 0.286955 seconds, bootstrap likelihood -1262.799727, best rearrangement setting 6
Bootstrap[22]: Time 0.280157 seconds, bootstrap likelihood -1063.315919, best rearrangement setting 5
Bootstrap[23]: Time 0.286404 seconds, bootstrap likelihood -1110.059761, best rearrangement setting 7
Bootstrap[24]: Time 0.292887 seconds, bootstrap likelihood -1316.339216, best rearrangement setting 8
Bootstrap[25]: Time 0.242565 seconds, bootstrap likelihood -1130.003628, best rearrangement setting 6
Bootstrap[26]: Time 0.286414 seconds, bootstrap likelihood -1224.278591, best rearrangement setting 12
Bootstrap[27]: Time 0.337738 seconds, bootstrap likelihood -1208.508999, best rearrangement setting 10
Bootstrap[28]: Time 0.342389 seconds, bootstrap likelihood -1288.015102, best rearrangement setting 11
Bootstrap[29]: Time 0.294494 seconds, bootstrap likelihood -1258.597467, best rearrangement setting 12
Bootstrap[30]: Time 0.403017 seconds, bootstrap likelihood -1133.945612, best rearrangement setting 15
Bootstrap[31]: Time 0.370820 seconds, bootstrap likelihood -1208.752953, best rearrangement setting 15
Bootstrap[32]: Time 0.324261 seconds, bootstrap likelihood -1007.845732, best rearrangement setting 6
Bootstrap[33]: Time 0.312120 seconds, bootstrap likelihood -1382.991759, best rearrangement setting 15
Bootstrap[34]: Time 0.301748 seconds, bootstrap likelihood -1237.294883, best rearrangement setting 11
Bootstrap[35]: Time 0.295380 seconds, bootstrap likelihood -1124.825610, best rearrangement setting 8
Bootstrap[36]: Time 0.331231 seconds, bootstrap likelihood -1275.499783, best rearrangement setting 9
Bootstrap[37]: Time 0.305590 seconds, bootstrap likelihood -1118.911226, best rearrangement setting 11
Bootstrap[38]: Time 0.281984 seconds, bootstrap likelihood -1240.306619, best rearrangement setting 8
Bootstrap[39]: Time 0.267907 seconds, bootstrap likelihood -1117.350750, best rearrangement setting 13
Bootstrap[40]: Time 0.291598 seconds, bootstrap likelihood -1085.187011, best rearrangement setting 13
Bootstrap[41]: Time 0.388719 seconds, bootstrap likelihood -1177.263256, best rearrangement setting 10
Bootstrap[42]: Time 0.294705 seconds, bootstrap likelihood -1323.208855, best rearrangement setting 5
Bootstrap[43]: Time 0.291877 seconds, bootstrap likelihood -1308.574715, best rearrangement setting 14
Bootstrap[44]: Time 0.416895 seconds, bootstrap likelihood -1119.821613, best rearrangement setting 10
Bootstrap[45]: Time 0.272090 seconds, bootstrap likelihood -1001.491908, best rearrangement setting 15
Bootstrap[46]: Time 0.277992 seconds, bootstrap likelihood -1026.111724, best rearrangement setting 14
Bootstrap[47]: Time 0.318281 seconds, bootstrap likelihood -1196.593520, best rearrangement setting 8
Bootstrap[48]: Time 0.247791 seconds, bootstrap likelihood -1223.164366, best rearrangement setting 6
Bootstrap[49]: Time 0.279427 seconds, bootstrap likelihood -1206.528055, best rearrangement setting 7
Bootstrap[50]: Time 0.269353 seconds, bootstrap likelihood -1340.348435, best rearrangement setting 7
Bootstrap[51]: Time 0.280733 seconds, bootstrap likelihood -1137.351918, best rearrangement setting 11
Bootstrap[52]: Time 0.309818 seconds, bootstrap likelihood -1243.655210, best rearrangement setting 12
Bootstrap[53]: Time 0.342901 seconds, bootstrap likelihood -1141.905991, best rearrangement setting 8
Bootstrap[54]: Time 0.318285 seconds, bootstrap likelihood -1293.815690, best rearrangement setting 9
Bootstrap[55]: Time 0.349900 seconds, bootstrap likelihood -1311.082042, best rearrangement setting 11
Bootstrap[56]: Time 0.385948 seconds, bootstrap likelihood -1307.812467, best rearrangement setting 5
Bootstrap[57]: Time 0.277979 seconds, bootstrap likelihood -1139.331490, best rearrangement setting 7
Bootstrap[58]: Time 0.316525 seconds, bootstrap likelihood -1217.553289, best rearrangement setting 10
Bootstrap[59]: Time 0.349734 seconds, bootstrap likelihood -1301.264927, best rearrangement setting 9
Bootstrap[60]: Time 0.301939 seconds, bootstrap likelihood -1173.700732, best rearrangement setting 7
Bootstrap[61]: Time 0.273986 seconds, bootstrap likelihood -1160.774867, best rearrangement setting 5
Bootstrap[62]: Time 0.253211 seconds, bootstrap likelihood -1215.129573, best rearrangement setting 11
Bootstrap[63]: Time 0.292827 seconds, bootstrap likelihood -1216.335199, best rearrangement setting 12
Bootstrap[64]: Time 0.127110 seconds, bootstrap likelihood -1153.057147, best rearrangement setting 7
Bootstrap[65]: Time 0.300201 seconds, bootstrap likelihood -1135.401059, best rearrangement setting 5
Bootstrap[66]: Time 0.259188 seconds, bootstrap likelihood -1141.569980, best rearrangement setting 5
Bootstrap[67]: Time 0.233312 seconds, bootstrap likelihood -1045.072841, best rearrangement setting 15
Bootstrap[68]: Time 0.305166 seconds, bootstrap likelihood -1407.769317, best rearrangement setting 11
Bootstrap[69]: Time 0.274014 seconds, bootstrap likelihood -1171.646611, best rearrangement setting 5
Bootstrap[70]: Time 0.295877 seconds, bootstrap likelihood -1141.945076, best rearrangement setting 8
Bootstrap[71]: Time 0.241012 seconds, bootstrap likelihood -1083.914532, best rearrangement setting 10
Bootstrap[72]: Time 0.383717 seconds, bootstrap likelihood -1288.246299, best rearrangement setting 11
Bootstrap[73]: Time 0.295397 seconds, bootstrap likelihood -1095.523481, best rearrangement setting 9
Bootstrap[74]: Time 0.283264 seconds, bootstrap likelihood -1136.401043, best rearrangement setting 5
Bootstrap[75]: Time 0.308261 seconds, bootstrap likelihood -1135.032046, best rearrangement setting 8
Bootstrap[76]: Time 0.336591 seconds, bootstrap likelihood -1073.216270, best rearrangement setting 9
Bootstrap[77]: Time 0.300536 seconds, bootstrap likelihood -1264.173799, best rearrangement setting 11
Bootstrap[78]: Time 0.304783 seconds, bootstrap likelihood -1203.096005, best rearrangement setting 15
Bootstrap[79]: Time 0.261183 seconds, bootstrap likelihood -1178.853978, best rearrangement setting 9
Bootstrap[80]: Time 0.242451 seconds, bootstrap likelihood -1288.574363, best rearrangement setting 15
Bootstrap[81]: Time 0.297122 seconds, bootstrap likelihood -1160.571788, best rearrangement setting 7
Bootstrap[82]: Time 0.297832 seconds, bootstrap likelihood -1157.439444, best rearrangement setting 6
Bootstrap[83]: Time 0.303989 seconds, bootstrap likelihood -1288.912943, best rearrangement setting 10
Bootstrap[84]: Time 0.285858 seconds, bootstrap likelihood -1276.346250, best rearrangement setting 11
Bootstrap[85]: Time 0.269057 seconds, bootstrap likelihood -1251.650123, best rearrangement setting 8
Bootstrap[86]: Time 0.269896 seconds, bootstrap likelihood -1201.136415, best rearrangement setting 7
Bootstrap[87]: Time 0.253088 seconds, bootstrap likelihood -1154.643874, best rearrangement setting 7
Bootstrap[88]: Time 0.303622 seconds, bootstrap likelihood -1218.690554, best rearrangement setting 12
Bootstrap[89]: Time 0.321496 seconds, bootstrap likelihood -1172.575776, best rearrangement setting 10
Bootstrap[90]: Time 0.323044 seconds, bootstrap likelihood -1154.072269, best rearrangement setting 8
Bootstrap[91]: Time 0.287322 seconds, bootstrap likelihood -1333.066431, best rearrangement setting 12
Bootstrap[92]: Time 0.325739 seconds, bootstrap likelihood -1175.034055, best rearrangement setting 13
Bootstrap[93]: Time 0.239288 seconds, bootstrap likelihood -1215.892689, best rearrangement setting 15
Bootstrap[94]: Time 0.327819 seconds, bootstrap likelihood -1206.485955, best rearrangement setting 5
Bootstrap[95]: Time 0.342639 seconds, bootstrap likelihood -1328.746741, best rearrangement setting 5
Bootstrap[96]: Time 0.315607 seconds, bootstrap likelihood -1238.749613, best rearrangement setting 13
Bootstrap[97]: Time 0.332719 seconds, bootstrap likelihood -1281.028663, best rearrangement setting 11
Bootstrap[98]: Time 0.264345 seconds, bootstrap likelihood -1032.197740, best rearrangement setting 6
Bootstrap[99]: Time 0.315391 seconds, bootstrap likelihood -1120.916933, best rearrangement setting 14


Overall Time for 100 Rapid Bootstraps 30.195217 seconds
Average Time per Rapid Bootstrap 0.301952 seconds

Starting ML Search ...

Fast ML optimization finished

Fast ML search Time: 21.183845 seconds

Slow ML Search 0 Likelihood: -1212.787393
Slow ML Search 1 Likelihood: -1212.787393
Slow ML Search 2 Likelihood: -1212.787393
Slow ML Search 3 Likelihood: -1212.787393
Slow ML Search 4 Likelihood: -1212.787393
Slow ML Search 5 Likelihood: -1212.787393
Slow ML Search 6 Likelihood: -1212.787393
Slow ML Search 7 Likelihood: -1212.787393
Slow ML Search 8 Likelihood: -1212.787393
Slow ML Search 9 Likelihood: -1212.787453
Slow ML optimization finished

Slow ML search Time: 5.227043 seconds
Thorough ML search Time: 0.423041 seconds

Final ML Optimization Likelihood: -1212.787393

Model Information:

Model Parameters of Partition 0, Name: No Name Provided, Type of Data: AA
alpha: 0.441438
Tree-Length: 2.786742
rate A <-> R: 0.399182
rate A <-> N: 0.259945
rate A <-> D: 0.371058
rate A <-> C: 2.337364
rate A <-> Q: 0.910775
rate A <-> E: 0.975241
rate A <-> G: 1.940106
rate A <-> H: 0.336984
rate A <-> I: 0.140697
rate A <-> L: 0.371240
rate A <-> K: 0.503815
rate A <-> M: 1.055520
rate A <-> F: 0.238237
rate A <-> P: 1.105868
rate A <-> S: 4.439041
rate A <-> T: 2.009090
rate A <-> W: 0.169702
rate A <-> Y: 0.205613
rate A <-> V: 2.392567
rate R <-> N: 0.706048
rate R <-> D: 0.116398
rate R <-> C: 0.501968
rate R <-> Q: 2.636754
rate R <-> E: 0.341785
rate R <-> G: 0.366408
rate R <-> H: 2.278690
rate R <-> I: 0.119250
rate R <-> L: 0.283449
rate R <-> K: 5.940467
rate R <-> M: 0.454623
rate R <-> F: 0.049508
rate R <-> P: 0.312264
rate R <-> S: 0.805843
rate R <-> T: 0.543695
rate R <-> W: 0.557424
rate R <-> Y: 0.295274
rate R <-> V: 0.160471
rate N <-> D: 4.766737
rate N <-> C: 0.496537
rate N <-> Q: 1.592389
rate N <-> E: 0.508692
rate N <-> G: 1.350015
rate N <-> H: 4.234381
rate N <-> I: 0.179830
rate N <-> L: 0.064256
rate N <-> K: 2.014327
rate N <-> M: 0.348390
rate N <-> F: 0.084068
rate N <-> P: 0.151925
rate N <-> S: 3.764032
rate N <-> T: 1.878729
rate N <-> W: 0.042610
rate N <-> Y: 0.574720
rate N <-> V: 0.078587
rate D <-> C: 0.058743
rate D <-> Q: 0.491483
rate D <-> E: 4.924234
rate D <-> G: 0.793424
rate D <-> H: 0.870603
rate D <-> I: 0.010038
rate D <-> L: 0.014157
rate D <-> K: 0.265711
rate D <-> M: 0.023991
rate D <-> F: 0.016354
rate D <-> P: 0.370412
rate D <-> S: 1.164675
rate D <-> T: 0.399902
rate D <-> W: 0.028068
rate D <-> Y: 0.126872
rate D <-> V: 0.035653
rate C <-> Q: 0.079639
rate C <-> E: 0.003286
rate C <-> G: 0.534566
rate C <-> H: 0.601499
rate C <-> I: 0.301083
rate C <-> L: 0.557800
rate C <-> K: 0.012457
rate C <-> M: 0.839207
rate C <-> F: 1.037881
rate C <-> P: 0.070787
rate C <-> S: 2.614753
rate C <-> T: 1.073780
rate C <-> W: 0.629281
rate C <-> Y: 1.094488
rate C <-> V: 1.839864
rate Q <-> E: 3.876936
rate Q <-> G: 0.251626
rate Q <-> H: 4.520102
rate Q <-> I: 0.068413
rate Q <-> L: 0.546954
rate Q <-> K: 3.037150
rate Q <-> M: 1.570619
rate Q <-> F: 0.033669
rate Q <-> P: 0.586241
rate Q <-> S: 1.149231
rate Q <-> T: 1.014297
rate Q <-> W: 0.221802
rate Q <-> Y: 0.241650
rate Q <-> V: 0.197511
rate E <-> G: 0.327583
rate E <-> H: 0.398044
rate E <-> I: 0.041567
rate E <-> L: 0.065426
rate E <-> K: 1.697022
rate E <-> M: 0.163145
rate E <-> F: 0.017664
rate E <-> P: 0.393844
rate E <-> S: 0.574671
rate E <-> T: 0.567695
rate E <-> W: 0.073107
rate E <-> Y: 0.112720
rate E <-> V: 0.230098
rate G <-> H: 0.292498
rate G <-> I: 0.008174
rate G <-> L: 0.041563
rate G <-> K: 0.278555
rate G <-> M: 0.131033
rate G <-> F: 0.084125
rate G <-> P: 0.184955
rate G <-> S: 1.633930
rate G <-> T: 0.121922
rate G <-> W: 0.252125
rate G <-> Y: 0.051346
rate G <-> V: 0.072026
rate H <-> I: 0.102245
rate H <-> L: 0.343988
rate H <-> K: 0.654763
rate H <-> M: 0.415502
rate H <-> F: 0.640560
rate H <-> P: 0.477834
rate H <-> S: 0.929667
rate H <-> T: 0.548649
rate H <-> W: 0.560661
rate H <-> Y: 4.983361
rate H <-> V: 0.111759
rate I <-> L: 3.892408
rate I <-> K: 0.149373
rate I <-> M: 4.013113
rate I <-> F: 1.044902
rate I <-> P: 0.073509
rate I <-> S: 0.060198
rate I <-> T: 0.970728
rate I <-> W: 0.104854
rate I <-> Y: 0.218350
rate I <-> V: 10.000000
rate L <-> K: 0.129119
rate L <-> M: 5.927594
rate L <-> F: 2.434657
rate L <-> P: 0.233879
rate L <-> S: 0.171176
rate L <-> T: 0.284471
rate L <-> W: 0.581863
rate L <-> Y: 0.281383
rate L <-> V: 1.598956
rate K <-> M: 0.616581
rate K <-> F: 0.022460
rate K <-> P: 0.366530
rate K <-> S: 0.703048
rate K <-> T: 1.067567
rate K <-> W: 0.046864
rate K <-> Y: 0.123890
rate K <-> V: 0.173913
rate M <-> F: 1.689205
rate M <-> P: 0.093763
rate M <-> S: 0.325811
rate M <-> T: 1.897216
rate M <-> W: 0.653740
rate M <-> Y: 0.451968
rate M <-> V: 1.782983
rate F <-> P: 0.088706
rate F <-> S: 0.339765
rate F <-> T: 0.154944
rate F <-> W: 2.307349
rate F <-> Y: 7.328222
rate F <-> V: 0.614777
rate P <-> S: 1.256567
rate P <-> T: 0.536635
rate P <-> W: 0.089332
rate P <-> Y: 0.084151
rate P <-> V: 0.278428
rate S <-> T: 6.077767
rate S <-> W: 0.233693
rate S <-> Y: 0.376132
rate S <-> V: 0.092373
rate T <-> W: 0.132241
rate T <-> Y: 0.230856
rate T <-> V: 2.054781
rate W <-> Y: 2.959699
rate W <-> V: 0.177959
rate Y <-> V: 0.234116

freq pi(A): 0.032028
freq pi(R): 0.088588
freq pi(N): 0.034754
freq pi(D): 0.009540
freq pi(C): 0.005452
freq pi(Q): 0.029984
freq pi(E): 0.060649
freq pi(G): 0.086544
freq pi(H): 0.040205
freq pi(I): 0.074278
freq pi(L): 0.083137
freq pi(K): 0.108350
freq pi(M): 0.039524
freq pi(F): 0.040205
freq pi(P): 0.066782
freq pi(S): 0.055879
freq pi(T): 0.038842
freq pi(W): 0.001000
freq pi(Y): 0.036117
freq pi(V): 0.068145


ML search took 26.858756 secs or 0.007461 hours

Combined Bootstrap and ML search took 57.054310 secs or 0.015848 hours

Drawing Bootstrap Support Values on best-scoring ML tree ...



Found 1 tree in File /in/RAxML_bestTree.EOG091G0ZRG.clustalo.aln.ALICUT.LGF



Found 1 tree in File /in/RAxML_bestTree.EOG091G0ZRG.clustalo.aln.ALICUT.LGF

Program execution info written to /in/RAxML_info.EOG091G0ZRG.clustalo.aln.ALICUT.LGF
All 100 bootstrapped trees written to: /in/RAxML_bootstrap.EOG091G0ZRG.clustalo.aln.ALICUT.LGF

Best-scoring ML tree written to: /in/RAxML_bestTree.EOG091G0ZRG.clustalo.aln.ALICUT.LGF

Best-scoring ML tree with support values written to: /in/RAxML_bipartitions.EOG091G0ZRG.clustalo.aln.ALICUT.LGF

Best-scoring ML tree with support values as branch labels written to: /in/RAxML_bipartitionsBranchLabels.EOG091G0ZRG.clustalo.aln.ALICUT.LGF

Overall execution time for full ML analysis: 57.057184 secs or 0.015849 hours or 0.000660 days

