
	reading taxa from FASTA ...


	C.sinensis           -> sites: 1784  
	G.turnbulli          -> sites: 1784  
	H.microstoma         -> sites: 1784  
	R.norvegicus         -> sites: 1784  
	D.rerio              -> sites: 1784  
	G.salaris            -> sites: 1784  
	D.melanogaster       -> sites: 1784  
	E.granulosus         -> sites: 1784  
	T.solium             -> sites: 1784  
	M.lignano            -> sites: 1784  
	H.robusta            -> sites: 1784  
	C.intestinalis       -> sites: 1784  
	L.gigantea           -> sites: 1784  


	data type             : amino acid sequences

	input ...

	infile		: EOG091G0ARE.clustalo.aln.fasta
	random pairs	: 200000000000000000
	window size	: 6
	indels		: ambiguous
	tree file	: -
	node level	: -
	strict profile	: -
	outgroup	: -
	matrix          : BLOSUM62

	number of taxa        : 13
	random number of pairs: 200000000000000000

	generates threshhold value for amino acid data
	using BLOSUM62

	checks for (potential) identical taxa


	scores site patterns ...


	max number of different pairs is 78
	max random pairs are scored!

	pair: 1      ->	taxon1: C.sinensis	taxon2: G.turnbull
	            	positions below base line: 1390
	pair: 2      ->	taxon1: C.sinensis	taxon2: H.microsto
	            	positions below base line: 1303
	pair: 3      ->	taxon1: C.sinensis	taxon2: R.norvegic
	            	positions below base line: 1356
	pair: 4      ->	taxon1: C.sinensis	taxon2: D.rerio   
	            	positions below base line: 1350
	pair: 5      ->	taxon1: C.sinensis	taxon2: G.salaris 
	            	positions below base line: 1352
	pair: 6      ->	taxon1: C.sinensis	taxon2: D.melanoga
	            	positions below base line: 1392
	pair: 7      ->	taxon1: C.sinensis	taxon2: E.granulos
	            	positions below base line: 1354
	pair: 8      ->	taxon1: C.sinensis	taxon2: T.solium  
	            	positions below base line: 1353
	pair: 9      ->	taxon1: C.sinensis	taxon2: M.lignano 
	            	positions below base line: 1414
	pair: 10     ->	taxon1: C.sinensis	taxon2: H.robusta 
	            	positions below base line: 1357
	pair: 11     ->	taxon1: C.sinensis	taxon2: C.intestin
	            	positions below base line: 1338
	pair: 12     ->	taxon1: C.sinensis	taxon2: L.gigantea
	            	positions below base line: 1348
	pair: 13     ->	taxon1: G.turnbull	taxon2: H.microsto
	            	positions below base line: 1337
	pair: 14     ->	taxon1: G.turnbull	taxon2: R.norvegic
	            	positions below base line: 1415
	pair: 15     ->	taxon1: G.turnbull	taxon2: D.rerio   
	            	positions below base line: 1400
	pair: 16     ->	taxon1: G.turnbull	taxon2: G.salaris 
	            	positions below base line: 1222
	pair: 17     ->	taxon1: G.turnbull	taxon2: D.melanoga
	            	positions below base line: 1446
	pair: 18     ->	taxon1: G.turnbull	taxon2: E.granulos
	            	positions below base line: 1425
	pair: 19     ->	taxon1: G.turnbull	taxon2: T.solium  
	            	positions below base line: 1355
	pair: 20     ->	taxon1: G.turnbull	taxon2: M.lignano 
	            	positions below base line: 1476
	pair: 21     ->	taxon1: G.turnbull	taxon2: H.robusta 
	            	positions below base line: 1429
	pair: 22     ->	taxon1: G.turnbull	taxon2: C.intestin
	            	positions below base line: 1388
	pair: 23     ->	taxon1: G.turnbull	taxon2: L.gigantea
	            	positions below base line: 1389
	pair: 24     ->	taxon1: H.microsto	taxon2: R.norvegic
	            	positions below base line: 1382
	pair: 25     ->	taxon1: H.microsto	taxon2: D.rerio   
	            	positions below base line: 1380
	pair: 26     ->	taxon1: H.microsto	taxon2: G.salaris 
	            	positions below base line: 1315
	pair: 27     ->	taxon1: H.microsto	taxon2: D.melanoga
	            	positions below base line: 1406
	pair: 28     ->	taxon1: H.microsto	taxon2: E.granulos
	            	positions below base line: 1261
	pair: 29     ->	taxon1: H.microsto	taxon2: T.solium  
	            	positions below base line: 1151
	pair: 30     ->	taxon1: H.microsto	taxon2: M.lignano 
	            	positions below base line: 1431
	pair: 31     ->	taxon1: H.microsto	taxon2: H.robusta 
	            	positions below base line: 1370
	pair: 32     ->	taxon1: H.microsto	taxon2: C.intestin
	            	positions below base line: 1369
	pair: 33     ->	taxon1: H.microsto	taxon2: L.gigantea
	            	positions below base line: 1345
	pair: 34     ->	taxon1: R.norvegic	taxon2: D.rerio   
	            	positions below base line: 1163
	pair: 35     ->	taxon1: R.norvegic	taxon2: G.salaris 
	            	positions below base line: 1397
	pair: 36     ->	taxon1: R.norvegic	taxon2: D.melanoga
	            	positions below base line: 1293
	pair: 37     ->	taxon1: R.norvegic	taxon2: E.granulos
	            	positions below base line: 1408
	pair: 38     ->	taxon1: R.norvegic	taxon2: T.solium  
	            	positions below base line: 1422
	pair: 39     ->	taxon1: R.norvegic	taxon2: M.lignano 
	            	positions below base line: 1378
	pair: 40     ->	taxon1: R.norvegic	taxon2: H.robusta 
	            	positions below base line: 1281
	pair: 41     ->	taxon1: R.norvegic	taxon2: C.intestin
	            	positions below base line: 1279
	pair: 42     ->	taxon1: R.norvegic	taxon2: L.gigantea
	            	positions below base line: 1246
	pair: 43     ->	taxon1: D.rerio   	taxon2: G.salaris 
	            	positions below base line: 1403
	pair: 44     ->	taxon1: D.rerio   	taxon2: D.melanoga
	            	positions below base line: 1290
	pair: 45     ->	taxon1: D.rerio   	taxon2: E.granulos
	            	positions below base line: 1410
	pair: 46     ->	taxon1: D.rerio   	taxon2: T.solium  
	            	positions below base line: 1418
	pair: 47     ->	taxon1: D.rerio   	taxon2: M.lignano 
	            	positions below base line: 1357
	pair: 48     ->	taxon1: D.rerio   	taxon2: H.robusta 
	            	positions below base line: 1295
	pair: 49     ->	taxon1: D.rerio   	taxon2: C.intestin
	            	positions below base line: 1284
	pair: 50     ->	taxon1: D.rerio   	taxon2: L.gigantea
	            	positions below base line: 1219
	pair: 51     ->	taxon1: G.salaris 	taxon2: D.melanoga
	            	positions below base line: 1446
	pair: 52     ->	taxon1: G.salaris 	taxon2: E.granulos
	            	positions below base line: 1377
	pair: 53     ->	taxon1: G.salaris 	taxon2: T.solium  
	            	positions below base line: 1357
	pair: 54     ->	taxon1: G.salaris 	taxon2: M.lignano 
	            	positions below base line: 1432
	pair: 55     ->	taxon1: G.salaris 	taxon2: H.robusta 
	            	positions below base line: 1397
	pair: 56     ->	taxon1: G.salaris 	taxon2: C.intestin
	            	positions below base line: 1370
	pair: 57     ->	taxon1: G.salaris 	taxon2: L.gigantea
	            	positions below base line: 1374
	pair: 58     ->	taxon1: D.melanoga	taxon2: E.granulos
	            	positions below base line: 1453
	pair: 59     ->	taxon1: D.melanoga	taxon2: T.solium  
	            	positions below base line: 1464
	pair: 60     ->	taxon1: D.melanoga	taxon2: M.lignano 
	            	positions below base line: 1387
	pair: 61     ->	taxon1: D.melanoga	taxon2: H.robusta 
	            	positions below base line: 1304
	pair: 62     ->	taxon1: D.melanoga	taxon2: C.intestin
	            	positions below base line: 1309
	pair: 63     ->	taxon1: D.melanoga	taxon2: L.gigantea
	            	positions below base line: 1316
	pair: 64     ->	taxon1: E.granulos	taxon2: T.solium  
	            	positions below base line: 1306
	pair: 65     ->	taxon1: E.granulos	taxon2: M.lignano 
	            	positions below base line: 1461
	pair: 66     ->	taxon1: E.granulos	taxon2: H.robusta 
	            	positions below base line: 1409
	pair: 67     ->	taxon1: E.granulos	taxon2: C.intestin
	            	positions below base line: 1404
	pair: 68     ->	taxon1: E.granulos	taxon2: L.gigantea
	            	positions below base line: 1393
	pair: 69     ->	taxon1: T.solium  	taxon2: M.lignano 
	            	positions below base line: 1469
	pair: 70     ->	taxon1: T.solium  	taxon2: H.robusta 
	            	positions below base line: 1398
	pair: 71     ->	taxon1: T.solium  	taxon2: C.intestin
	            	positions below base line: 1407
	pair: 72     ->	taxon1: T.solium  	taxon2: L.gigantea
	            	positions below base line: 1392
	pair: 73     ->	taxon1: M.lignano 	taxon2: H.robusta 
	            	positions below base line: 1377
	pair: 74     ->	taxon1: M.lignano 	taxon2: C.intestin
	            	positions below base line: 1397
	pair: 75     ->	taxon1: M.lignano 	taxon2: L.gigantea
	            	positions below base line: 1379
	pair: 76     ->	taxon1: H.robusta 	taxon2: C.intestin
	            	positions below base line: 1315
	pair: 77     ->	taxon1: H.robusta 	taxon2: L.gigantea
	            	positions below base line: 1256
	pair: 78     ->	taxon1: C.intestin	taxon2: L.gigantea
	            	positions below base line: 1298

	generates quality profile from collected scores ...


	scoring done ...


	generates vector plot from collected scores ...


Argument "-" treated as 0 in increment (++) at /usr/bin/Aliscore.pl line 1213.
	Profile written to EOG091G0ARE.clustalo.aln.fasta_Profile_random.txt
	List   written to EOG091G0ARE.clustalo.aln.fasta_List_random.txt

	time used: 4.23 sec

