
	reading taxa from FASTA ...


	G.turnbulli          -> sites: 940   
	R.norvegicus         -> sites: 940   
	E.nipponicum         -> sites: 940   
	T.solium             -> sites: 940   
	C.intestinalis       -> sites: 940   
	E.granulosus         -> sites: 940   
	L.gigantea           -> sites: 940   
	H.robusta            -> sites: 940   
	G.salaris            -> sites: 940   
	D.melanogaster       -> sites: 940   
	D.rerio              -> sites: 940   
	P.xenopodis          -> sites: 940   
	H.microstoma         -> sites: 940   
	O.viverrini          -> sites: 940   


	data type             : amino acid sequences

	input ...

	infile		: EOG091G0I8J.clustalo.aln.fasta
	random pairs	: 200000000000000000
	window size	: 6
	indels		: ambiguous
	tree file	: -
	node level	: -
	strict profile	: -
	outgroup	: -
	matrix          : BLOSUM62

	number of taxa        : 14
	random number of pairs: 200000000000000000

	generates threshhold value for amino acid data
	using BLOSUM62

	checks for (potential) identical taxa


	scores site patterns ...


	max number of different pairs is 91
	max random pairs are scored!

	pair: 1      ->	taxon1: G.turnbull	taxon2: R.norvegic
	            	positions below base line: 760
	pair: 2      ->	taxon1: G.turnbull	taxon2: E.nipponic
	            	positions below base line: 743
	pair: 3      ->	taxon1: G.turnbull	taxon2: T.solium  
	            	positions below base line: 740
	pair: 4      ->	taxon1: G.turnbull	taxon2: C.intestin
	            	positions below base line: 759
	pair: 5      ->	taxon1: G.turnbull	taxon2: E.granulos
	            	positions below base line: 756
	pair: 6      ->	taxon1: G.turnbull	taxon2: L.gigantea
	            	positions below base line: 805
	pair: 7      ->	taxon1: G.turnbull	taxon2: H.robusta 
	            	positions below base line: 744
	pair: 8      ->	taxon1: G.turnbull	taxon2: G.salaris 
	            	positions below base line: 628
	pair: 9      ->	taxon1: G.turnbull	taxon2: D.melanoga
	            	positions below base line: 765
	pair: 10     ->	taxon1: G.turnbull	taxon2: D.rerio   
	            	positions below base line: 766
	pair: 11     ->	taxon1: G.turnbull	taxon2: P.xenopodi
	            	positions below base line: 834
	pair: 12     ->	taxon1: G.turnbull	taxon2: H.microsto
	            	positions below base line: 735
	pair: 13     ->	taxon1: G.turnbull	taxon2: O.viverrin
	            	positions below base line: 728
	pair: 14     ->	taxon1: R.norvegic	taxon2: E.nipponic
	            	positions below base line: 725
	pair: 15     ->	taxon1: R.norvegic	taxon2: T.solium  
	            	positions below base line: 740
	pair: 16     ->	taxon1: R.norvegic	taxon2: C.intestin
	            	positions below base line: 559
	pair: 17     ->	taxon1: R.norvegic	taxon2: E.granulos
	            	positions below base line: 773
	pair: 18     ->	taxon1: R.norvegic	taxon2: L.gigantea
	            	positions below base line: 776
	pair: 19     ->	taxon1: R.norvegic	taxon2: H.robusta 
	            	positions below base line: 666
	pair: 20     ->	taxon1: R.norvegic	taxon2: G.salaris 
	            	positions below base line: 746
	pair: 21     ->	taxon1: R.norvegic	taxon2: D.melanoga
	            	positions below base line: 673
	pair: 22     ->	taxon1: R.norvegic	taxon2: D.rerio   
	            	positions below base line: 440
	pair: 23     ->	taxon1: R.norvegic	taxon2: P.xenopodi
	            	positions below base line: 817
	pair: 24     ->	taxon1: R.norvegic	taxon2: H.microsto
	            	positions below base line: 716
	pair: 25     ->	taxon1: R.norvegic	taxon2: O.viverrin
	            	positions below base line: 697
	pair: 26     ->	taxon1: E.nipponic	taxon2: T.solium  
	            	positions below base line: 702
	pair: 27     ->	taxon1: E.nipponic	taxon2: C.intestin
	            	positions below base line: 734
	pair: 28     ->	taxon1: E.nipponic	taxon2: E.granulos
	            	positions below base line: 750
	pair: 29     ->	taxon1: E.nipponic	taxon2: L.gigantea
	            	positions below base line: 784
	pair: 30     ->	taxon1: E.nipponic	taxon2: H.robusta 
	            	positions below base line: 707
	pair: 31     ->	taxon1: E.nipponic	taxon2: G.salaris 
	            	positions below base line: 716
	pair: 32     ->	taxon1: E.nipponic	taxon2: D.melanoga
	            	positions below base line: 742
	pair: 33     ->	taxon1: E.nipponic	taxon2: D.rerio   
	            	positions below base line: 737
	pair: 34     ->	taxon1: E.nipponic	taxon2: P.xenopodi
	            	positions below base line: 817
	pair: 35     ->	taxon1: E.nipponic	taxon2: H.microsto
	            	positions below base line: 708
	pair: 36     ->	taxon1: E.nipponic	taxon2: O.viverrin
	            	positions below base line: 720
	pair: 37     ->	taxon1: T.solium  	taxon2: C.intestin
	            	positions below base line: 750
	pair: 38     ->	taxon1: T.solium  	taxon2: E.granulos
	            	positions below base line: 570
	pair: 39     ->	taxon1: T.solium  	taxon2: L.gigantea
	            	positions below base line: 787
	pair: 40     ->	taxon1: T.solium  	taxon2: H.robusta 
	            	positions below base line: 737
	pair: 41     ->	taxon1: T.solium  	taxon2: G.salaris 
	            	positions below base line: 726
	pair: 42     ->	taxon1: T.solium  	taxon2: D.melanoga
	            	positions below base line: 755
	pair: 43     ->	taxon1: T.solium  	taxon2: D.rerio   
	            	positions below base line: 735
	pair: 44     ->	taxon1: T.solium  	taxon2: P.xenopodi
	            	positions below base line: 769
	pair: 45     ->	taxon1: T.solium  	taxon2: H.microsto
	            	positions below base line: 603
	pair: 46     ->	taxon1: T.solium  	taxon2: O.viverrin
	            	positions below base line: 689
	pair: 47     ->	taxon1: C.intestin	taxon2: E.granulos
	            	positions below base line: 787
	pair: 48     ->	taxon1: C.intestin	taxon2: L.gigantea
	            	positions below base line: 778
	pair: 49     ->	taxon1: C.intestin	taxon2: H.robusta 
	            	positions below base line: 672
	pair: 50     ->	taxon1: C.intestin	taxon2: G.salaris 
	            	positions below base line: 752
	pair: 51     ->	taxon1: C.intestin	taxon2: D.melanoga
	            	positions below base line: 674
	pair: 52     ->	taxon1: C.intestin	taxon2: D.rerio   
	            	positions below base line: 550
	pair: 53     ->	taxon1: C.intestin	taxon2: P.xenopodi
	            	positions below base line: 820
	pair: 54     ->	taxon1: C.intestin	taxon2: H.microsto
	            	positions below base line: 736
	pair: 55     ->	taxon1: C.intestin	taxon2: O.viverrin
	            	positions below base line: 692
	pair: 56     ->	taxon1: E.granulos	taxon2: L.gigantea
	            	positions below base line: 823
	pair: 57     ->	taxon1: E.granulos	taxon2: H.robusta 
	            	positions below base line: 769
	pair: 58     ->	taxon1: E.granulos	taxon2: G.salaris 
	            	positions below base line: 763
	pair: 59     ->	taxon1: E.granulos	taxon2: D.melanoga
	            	positions below base line: 780
	pair: 60     ->	taxon1: E.granulos	taxon2: D.rerio   
	            	positions below base line: 770
	pair: 61     ->	taxon1: E.granulos	taxon2: P.xenopodi
	            	positions below base line: 833
	pair: 62     ->	taxon1: E.granulos	taxon2: H.microsto
	            	positions below base line: 644
	pair: 63     ->	taxon1: E.granulos	taxon2: O.viverrin
	            	positions below base line: 722
	pair: 64     ->	taxon1: L.gigantea	taxon2: H.robusta 
	            	positions below base line: 760
	pair: 65     ->	taxon1: L.gigantea	taxon2: G.salaris 
	            	positions below base line: 786
	pair: 66     ->	taxon1: L.gigantea	taxon2: D.melanoga
	            	positions below base line: 787
	pair: 67     ->	taxon1: L.gigantea	taxon2: D.rerio   
	            	positions below base line: 775
	pair: 68     ->	taxon1: L.gigantea	taxon2: P.xenopodi
	            	positions below base line: 836
	pair: 69     ->	taxon1: L.gigantea	taxon2: H.microsto
	            	positions below base line: 786
	pair: 70     ->	taxon1: L.gigantea	taxon2: O.viverrin
	            	positions below base line: 787
	pair: 71     ->	taxon1: H.robusta 	taxon2: G.salaris 
	            	positions below base line: 745
	pair: 72     ->	taxon1: H.robusta 	taxon2: D.melanoga
	            	positions below base line: 693
	pair: 73     ->	taxon1: H.robusta 	taxon2: D.rerio   
	            	positions below base line: 665
	pair: 74     ->	taxon1: H.robusta 	taxon2: P.xenopodi
	            	positions below base line: 820
	pair: 75     ->	taxon1: H.robusta 	taxon2: H.microsto
	            	positions below base line: 719
	pair: 76     ->	taxon1: H.robusta 	taxon2: O.viverrin
	            	positions below base line: 705
	pair: 77     ->	taxon1: G.salaris 	taxon2: D.melanoga
	            	positions below base line: 751
	pair: 78     ->	taxon1: G.salaris 	taxon2: D.rerio   
	            	positions below base line: 752
	pair: 79     ->	taxon1: G.salaris 	taxon2: P.xenopodi
	            	positions below base line: 830
	pair: 80     ->	taxon1: G.salaris 	taxon2: H.microsto
	            	positions below base line: 730
	pair: 81     ->	taxon1: G.salaris 	taxon2: O.viverrin
	            	positions below base line: 722
	pair: 82     ->	taxon1: D.melanoga	taxon2: D.rerio   
	            	positions below base line: 677
	pair: 83     ->	taxon1: D.melanoga	taxon2: P.xenopodi
	            	positions below base line: 819
	pair: 84     ->	taxon1: D.melanoga	taxon2: H.microsto
	            	positions below base line: 743
	pair: 85     ->	taxon1: D.melanoga	taxon2: O.viverrin
	            	positions below base line: 729
	pair: 86     ->	taxon1: D.rerio   	taxon2: P.xenopodi
	            	positions below base line: 817
	pair: 87     ->	taxon1: D.rerio   	taxon2: H.microsto
	            	positions below base line: 710
	pair: 88     ->	taxon1: D.rerio   	taxon2: O.viverrin
	            	positions below base line: 700
	pair: 89     ->	taxon1: P.xenopodi	taxon2: H.microsto
	            	positions below base line: 795
	pair: 90     ->	taxon1: P.xenopodi	taxon2: O.viverrin
	            	positions below base line: 813
	pair: 91     ->	taxon1: H.microsto	taxon2: O.viverrin
	            	positions below base line: 646

	generates quality profile from collected scores ...


	scoring done ...


	generates vector plot from collected scores ...


Argument "-" treated as 0 in increment (++) at /usr/bin/Aliscore.pl line 1213.
	Profile written to EOG091G0I8J.clustalo.aln.fasta_Profile_random.txt
	List   written to EOG091G0I8J.clustalo.aln.fasta_List_random.txt

	time used: 4.04 sec

