
	reading taxa from FASTA ...


	D.rerio              -> sites: 274   
	S.mansoni            -> sites: 274   
	D.melanogaster       -> sites: 274   
	H.microstoma         -> sites: 274   
	C.sinensis           -> sites: 274   
	L.gigantea           -> sites: 274   
	C.intestinalis       -> sites: 274   
	H.robusta            -> sites: 274   
	T.solium             -> sites: 274   
	R.norvegicus         -> sites: 274   
	E.nipponicum         -> sites: 274   
	S.mediterranea       -> sites: 274   


	data type             : amino acid sequences

	input ...

	infile		: EOG091G0XXE.clustalo.aln.fasta
	random pairs	: 200000000000000000
	window size	: 6
	indels		: ambiguous
	tree file	: -
	node level	: -
	strict profile	: -
	outgroup	: -
	matrix          : BLOSUM62

	number of taxa        : 12
	random number of pairs: 200000000000000000

	generates threshhold value for amino acid data
	using BLOSUM62

	checks for (potential) identical taxa


	scores site patterns ...


	max number of different pairs is 66
	max random pairs are scored!

	pair: 1      ->	taxon1: D.rerio   	taxon2: S.mansoni 
	            	positions below base line: 143
	pair: 2      ->	taxon1: D.rerio   	taxon2: D.melanoga
	            	positions below base line: 97
	pair: 3      ->	taxon1: D.rerio   	taxon2: H.microsto
	            	positions below base line: 151
	pair: 4      ->	taxon1: D.rerio   	taxon2: C.sinensis
	            	positions below base line: 113
	pair: 5      ->	taxon1: D.rerio   	taxon2: L.gigantea
	            	positions below base line: 91
	pair: 6      ->	taxon1: D.rerio   	taxon2: C.intestin
	            	positions below base line: 83
	pair: 7      ->	taxon1: D.rerio   	taxon2: H.robusta 
	            	positions below base line: 88
	pair: 8      ->	taxon1: D.rerio   	taxon2: T.solium  
	            	positions below base line: 102
	pair: 9      ->	taxon1: D.rerio   	taxon2: R.norvegic
	            	positions below base line: 43
	pair: 10     ->	taxon1: D.rerio   	taxon2: E.nipponic
	            	positions below base line: 108
	pair: 11     ->	taxon1: D.rerio   	taxon2: S.mediterr
	            	positions below base line: 89
	pair: 12     ->	taxon1: S.mansoni 	taxon2: D.melanoga
	            	positions below base line: 173
	pair: 13     ->	taxon1: S.mansoni 	taxon2: H.microsto
	            	positions below base line: 185
	pair: 14     ->	taxon1: S.mansoni 	taxon2: C.sinensis
	            	positions below base line: 150
	pair: 15     ->	taxon1: S.mansoni 	taxon2: L.gigantea
	            	positions below base line: 164
	pair: 16     ->	taxon1: S.mansoni 	taxon2: C.intestin
	            	positions below base line: 144
	pair: 17     ->	taxon1: S.mansoni 	taxon2: H.robusta 
	            	positions below base line: 165
	pair: 18     ->	taxon1: S.mansoni 	taxon2: T.solium  
	            	positions below base line: 129
	pair: 19     ->	taxon1: S.mansoni 	taxon2: R.norvegic
	            	positions below base line: 163
	pair: 20     ->	taxon1: S.mansoni 	taxon2: E.nipponic
	            	positions below base line: 168
	pair: 21     ->	taxon1: S.mansoni 	taxon2: S.mediterr
	            	positions below base line: 163
	pair: 22     ->	taxon1: D.melanoga	taxon2: H.microsto
	            	positions below base line: 159
	pair: 23     ->	taxon1: D.melanoga	taxon2: C.sinensis
	            	positions below base line: 114
	pair: 24     ->	taxon1: D.melanoga	taxon2: L.gigantea
	            	positions below base line: 90
	pair: 25     ->	taxon1: D.melanoga	taxon2: C.intestin
	            	positions below base line: 118
	pair: 26     ->	taxon1: D.melanoga	taxon2: H.robusta 
	            	positions below base line: 104
	pair: 27     ->	taxon1: D.melanoga	taxon2: T.solium  
	            	positions below base line: 121
	pair: 28     ->	taxon1: D.melanoga	taxon2: R.norvegic
	            	positions below base line: 98
	pair: 29     ->	taxon1: D.melanoga	taxon2: E.nipponic
	            	positions below base line: 112
	pair: 30     ->	taxon1: D.melanoga	taxon2: S.mediterr
	            	positions below base line: 113
	pair: 31     ->	taxon1: H.microsto	taxon2: C.sinensis
	            	positions below base line: 147
	pair: 32     ->	taxon1: H.microsto	taxon2: L.gigantea
	            	positions below base line: 156
	pair: 33     ->	taxon1: H.microsto	taxon2: C.intestin
	            	positions below base line: 139
	pair: 34     ->	taxon1: H.microsto	taxon2: H.robusta 
	            	positions below base line: 156
	pair: 35     ->	taxon1: H.microsto	taxon2: T.solium  
	            	positions below base line: 106
	pair: 36     ->	taxon1: H.microsto	taxon2: R.norvegic
	            	positions below base line: 159
	pair: 37     ->	taxon1: H.microsto	taxon2: E.nipponic
	            	positions below base line: 157
	pair: 38     ->	taxon1: H.microsto	taxon2: S.mediterr
	            	positions below base line: 145
	pair: 39     ->	taxon1: C.sinensis	taxon2: L.gigantea
	            	positions below base line: 114
	pair: 40     ->	taxon1: C.sinensis	taxon2: C.intestin
	            	positions below base line: 108
	pair: 41     ->	taxon1: C.sinensis	taxon2: H.robusta 
	            	positions below base line: 106
	pair: 42     ->	taxon1: C.sinensis	taxon2: T.solium  
	            	positions below base line: 101
	pair: 43     ->	taxon1: C.sinensis	taxon2: R.norvegic
	            	positions below base line: 118
	pair: 44     ->	taxon1: C.sinensis	taxon2: E.nipponic
	            	positions below base line: 122
	pair: 45     ->	taxon1: C.sinensis	taxon2: S.mediterr
	            	positions below base line: 115
	pair: 46     ->	taxon1: L.gigantea	taxon2: C.intestin
	            	positions below base line: 98
	pair: 47     ->	taxon1: L.gigantea	taxon2: H.robusta 
	            	positions below base line: 94
	pair: 48     ->	taxon1: L.gigantea	taxon2: T.solium  
	            	positions below base line: 95
	pair: 49     ->	taxon1: L.gigantea	taxon2: R.norvegic
	            	positions below base line: 92
	pair: 50     ->	taxon1: L.gigantea	taxon2: E.nipponic
	            	positions below base line: 92
	pair: 51     ->	taxon1: L.gigantea	taxon2: S.mediterr
	            	positions below base line: 89
	pair: 52     ->	taxon1: C.intestin	taxon2: H.robusta 
	            	positions below base line: 95
	pair: 53     ->	taxon1: C.intestin	taxon2: T.solium  
	            	positions below base line: 107
	pair: 54     ->	taxon1: C.intestin	taxon2: R.norvegic
	            	positions below base line: 77
	pair: 55     ->	taxon1: C.intestin	taxon2: E.nipponic
	            	positions below base line: 121
	pair: 56     ->	taxon1: C.intestin	taxon2: S.mediterr
	            	positions below base line: 107
	pair: 57     ->	taxon1: H.robusta 	taxon2: T.solium  
	            	positions below base line: 109
	pair: 58     ->	taxon1: H.robusta 	taxon2: R.norvegic
	            	positions below base line: 92
	pair: 59     ->	taxon1: H.robusta 	taxon2: E.nipponic
	            	positions below base line: 111
	pair: 60     ->	taxon1: H.robusta 	taxon2: S.mediterr
	            	positions below base line: 97
	pair: 61     ->	taxon1: T.solium  	taxon2: R.norvegic
	            	positions below base line: 119
	pair: 62     ->	taxon1: T.solium  	taxon2: E.nipponic
	            	positions below base line: 104
	pair: 63     ->	taxon1: T.solium  	taxon2: S.mediterr
	            	positions below base line: 115
	pair: 64     ->	taxon1: R.norvegic	taxon2: E.nipponic
	            	positions below base line: 111
	pair: 65     ->	taxon1: R.norvegic	taxon2: S.mediterr
	            	positions below base line: 87
	pair: 66     ->	taxon1: E.nipponic	taxon2: S.mediterr
	            	positions below base line: 100

	generates quality profile from collected scores ...


	scoring done ...


	generates vector plot from collected scores ...


Argument "-" treated as 0 in increment (++) at /usr/bin/Aliscore.pl line 1213.
	Profile written to EOG091G0XXE.clustalo.aln.fasta_Profile_random.txt
	List   written to EOG091G0XXE.clustalo.aln.fasta_List_random.txt

	time used: 3.74 sec

