
	reading taxa from FASTA ...


	G.turnbulli          -> sites: 722   
	D.rerio              -> sites: 722   
	S.mediterranea       -> sites: 722   
	C.intestinalis       -> sites: 722   
	H.microstoma         -> sites: 722   
	R.norvegicus         -> sites: 722   
	M.lignano            -> sites: 722   
	H.robusta            -> sites: 722   
	T.solium             -> sites: 722   
	G.salaris            -> sites: 722   
	D.melanogaster       -> sites: 722   
	L.gigantea           -> sites: 722   


	data type             : amino acid sequences

	input ...

	infile		: EOG091G05ZE.clustalo.aln.fasta
	random pairs	: 200000000000000000
	window size	: 6
	indels		: ambiguous
	tree file	: -
	node level	: -
	strict profile	: -
	outgroup	: -
	matrix          : BLOSUM62

	number of taxa        : 12
	random number of pairs: 200000000000000000

	generates threshhold value for amino acid data
	using BLOSUM62

	checks for (potential) identical taxa


	scores site patterns ...


	max number of different pairs is 66
	max random pairs are scored!

	pair: 1      ->	taxon1: G.turnbull	taxon2: D.rerio   
	            	positions below base line: 507
	pair: 2      ->	taxon1: G.turnbull	taxon2: S.mediterr
	            	positions below base line: 477
	pair: 3      ->	taxon1: G.turnbull	taxon2: C.intestin
	            	positions below base line: 721
	pair: 4      ->	taxon1: G.turnbull	taxon2: H.microsto
	            	positions below base line: 460
	pair: 5      ->	taxon1: G.turnbull	taxon2: R.norvegic
	            	positions below base line: 508
	pair: 6      ->	taxon1: G.turnbull	taxon2: M.lignano 
	            	positions below base line: 520
	pair: 7      ->	taxon1: G.turnbull	taxon2: H.robusta 
	            	positions below base line: 510
	pair: 8      ->	taxon1: G.turnbull	taxon2: T.solium  
	            	positions below base line: 514
	pair: 9      ->	taxon1: G.turnbull	taxon2: G.salaris 
	            	positions below base line: 374
	pair: 10     ->	taxon1: G.turnbull	taxon2: D.melanoga
	            	positions below base line: 520
	pair: 11     ->	taxon1: G.turnbull	taxon2: L.gigantea
	            	positions below base line: 494
	pair: 12     ->	taxon1: D.rerio   	taxon2: S.mediterr
	            	positions below base line: 445
	pair: 13     ->	taxon1: D.rerio   	taxon2: C.intestin
	            	positions below base line: 548
	pair: 14     ->	taxon1: D.rerio   	taxon2: H.microsto
	            	positions below base line: 520
	pair: 15     ->	taxon1: D.rerio   	taxon2: R.norvegic
	            	positions below base line: 115
	pair: 16     ->	taxon1: D.rerio   	taxon2: M.lignano 
	            	positions below base line: 275
	pair: 17     ->	taxon1: D.rerio   	taxon2: H.robusta 
	            	positions below base line: 267
	pair: 18     ->	taxon1: D.rerio   	taxon2: T.solium  
	            	positions below base line: 514
	pair: 19     ->	taxon1: D.rerio   	taxon2: G.salaris 
	            	positions below base line: 368
	pair: 20     ->	taxon1: D.rerio   	taxon2: D.melanoga
	            	positions below base line: 273
	pair: 21     ->	taxon1: D.rerio   	taxon2: L.gigantea
	            	positions below base line: 223
	pair: 22     ->	taxon1: S.mediterr	taxon2: C.intestin
	            	positions below base line: 696
	pair: 23     ->	taxon1: S.mediterr	taxon2: H.microsto
	            	positions below base line: 514
	pair: 24     ->	taxon1: S.mediterr	taxon2: R.norvegic
	            	positions below base line: 469
	pair: 25     ->	taxon1: S.mediterr	taxon2: M.lignano 
	            	positions below base line: 489
	pair: 26     ->	taxon1: S.mediterr	taxon2: H.robusta 
	            	positions below base line: 459
	pair: 27     ->	taxon1: S.mediterr	taxon2: T.solium  
	            	positions below base line: 542
	pair: 28     ->	taxon1: S.mediterr	taxon2: G.salaris 
	            	positions below base line: 452
	pair: 29     ->	taxon1: S.mediterr	taxon2: D.melanoga
	            	positions below base line: 447
	pair: 30     ->	taxon1: S.mediterr	taxon2: L.gigantea
	            	positions below base line: 411
	pair: 31     ->	taxon1: C.intestin	taxon2: H.microsto
	            	positions below base line: 721
	pair: 32     ->	taxon1: C.intestin	taxon2: R.norvegic
	            	positions below base line: 548
	pair: 33     ->	taxon1: C.intestin	taxon2: M.lignano 
	            	positions below base line: 550
	pair: 34     ->	taxon1: C.intestin	taxon2: H.robusta 
	            	positions below base line: 538
	pair: 35     ->	taxon1: C.intestin	taxon2: T.solium  
	            	positions below base line: 671
	pair: 36     ->	taxon1: C.intestin	taxon2: G.salaris 
	            	positions below base line: 559
	pair: 37     ->	taxon1: C.intestin	taxon2: D.melanoga
	            	positions below base line: 571
	pair: 38     ->	taxon1: C.intestin	taxon2: L.gigantea
	            	positions below base line: 551
	pair: 39     ->	taxon1: H.microsto	taxon2: R.norvegic
	            	positions below base line: 540
	pair: 40     ->	taxon1: H.microsto	taxon2: M.lignano 
	            	positions below base line: 534
	pair: 41     ->	taxon1: H.microsto	taxon2: H.robusta 
	            	positions below base line: 512
	pair: 42     ->	taxon1: H.microsto	taxon2: T.solium  
	            	positions below base line: 471
	pair: 43     ->	taxon1: H.microsto	taxon2: G.salaris 
	            	positions below base line: 500
	pair: 44     ->	taxon1: H.microsto	taxon2: D.melanoga
	            	positions below base line: 546
	pair: 45     ->	taxon1: H.microsto	taxon2: L.gigantea
	            	positions below base line: 528
	pair: 46     ->	taxon1: R.norvegic	taxon2: M.lignano 
	            	positions below base line: 286
	pair: 47     ->	taxon1: R.norvegic	taxon2: H.robusta 
	            	positions below base line: 276
	pair: 48     ->	taxon1: R.norvegic	taxon2: T.solium  
	            	positions below base line: 527
	pair: 49     ->	taxon1: R.norvegic	taxon2: G.salaris 
	            	positions below base line: 349
	pair: 50     ->	taxon1: R.norvegic	taxon2: D.melanoga
	            	positions below base line: 290
	pair: 51     ->	taxon1: R.norvegic	taxon2: L.gigantea
	            	positions below base line: 226
	pair: 52     ->	taxon1: M.lignano 	taxon2: H.robusta 
	            	positions below base line: 298
	pair: 53     ->	taxon1: M.lignano 	taxon2: T.solium  
	            	positions below base line: 523
	pair: 54     ->	taxon1: M.lignano 	taxon2: G.salaris 
	            	positions below base line: 354
	pair: 55     ->	taxon1: M.lignano 	taxon2: D.melanoga
	            	positions below base line: 333
	pair: 56     ->	taxon1: M.lignano 	taxon2: L.gigantea
	            	positions below base line: 287
	pair: 57     ->	taxon1: H.robusta 	taxon2: T.solium  
	            	positions below base line: 517
	pair: 58     ->	taxon1: H.robusta 	taxon2: G.salaris 
	            	positions below base line: 334
	pair: 59     ->	taxon1: H.robusta 	taxon2: D.melanoga
	            	positions below base line: 314
	pair: 60     ->	taxon1: H.robusta 	taxon2: L.gigantea
	            	positions below base line: 252
	pair: 61     ->	taxon1: T.solium  	taxon2: G.salaris 
	            	positions below base line: 463
	pair: 62     ->	taxon1: T.solium  	taxon2: D.melanoga
	            	positions below base line: 546
	pair: 63     ->	taxon1: T.solium  	taxon2: L.gigantea
	            	positions below base line: 502
	pair: 64     ->	taxon1: G.salaris 	taxon2: D.melanoga
	            	positions below base line: 388
	pair: 65     ->	taxon1: G.salaris 	taxon2: L.gigantea
	            	positions below base line: 350
	pair: 66     ->	taxon1: D.melanoga	taxon2: L.gigantea
	            	positions below base line: 257

	generates quality profile from collected scores ...


	scoring done ...


	generates vector plot from collected scores ...


Argument "-" treated as 0 in increment (++) at /usr/bin/Aliscore.pl line 1213.
	Profile written to EOG091G05ZE.clustalo.aln.fasta_Profile_random.txt
	List   written to EOG091G05ZE.clustalo.aln.fasta_List_random.txt

	time used: 3.83 sec

