
	reading taxa from FASTA ...


	D.melanogaster       -> sites: 171   
	S.mediterranea       -> sites: 171   
	C.intestinalis       -> sites: 171   
	E.granulosus         -> sites: 171   
	R.norvegicus         -> sites: 171   
	D.rerio              -> sites: 171   
	O.viverrini          -> sites: 171   
	S.mansoni            -> sites: 171   
	G.salaris            -> sites: 171   
	C.sinensis           -> sites: 171   
	P.xenopodis          -> sites: 171   
	G.turnbulli          -> sites: 171   
	T.solium             -> sites: 171   


	data type             : amino acid sequences

	input ...

	infile		: EOG091G0ZLI.clustalo.aln.fasta
	random pairs	: 200000000000000000
	window size	: 6
	indels		: ambiguous
	tree file	: -
	node level	: -
	strict profile	: -
	outgroup	: -
	matrix          : BLOSUM62

	number of taxa        : 13
	random number of pairs: 200000000000000000

	generates threshhold value for amino acid data
	using BLOSUM62

	checks for (potential) identical taxa


	scores site patterns ...


	max number of different pairs is 78
	max random pairs are scored!

	pair: 1      ->	taxon1: D.melanoga	taxon2: S.mediterr
	            	positions below base line: 90
	pair: 2      ->	taxon1: D.melanoga	taxon2: C.intestin
	            	positions below base line: 82
	pair: 3      ->	taxon1: D.melanoga	taxon2: E.granulos
	            	positions below base line: 89
	pair: 4      ->	taxon1: D.melanoga	taxon2: R.norvegic
	            	positions below base line: 82
	pair: 5      ->	taxon1: D.melanoga	taxon2: D.rerio   
	            	positions below base line: 82
	pair: 6      ->	taxon1: D.melanoga	taxon2: O.viverrin
	            	positions below base line: 102
	pair: 7      ->	taxon1: D.melanoga	taxon2: S.mansoni 
	            	positions below base line: 82
	pair: 8      ->	taxon1: D.melanoga	taxon2: G.salaris 
	            	positions below base line: 82
	pair: 9      ->	taxon1: D.melanoga	taxon2: C.sinensis
	            	positions below base line: 100
	pair: 10     ->	taxon1: D.melanoga	taxon2: P.xenopodi
	            	positions below base line: 82
	pair: 11     ->	taxon1: D.melanoga	taxon2: G.turnbull
	            	positions below base line: 82
	pair: 12     ->	taxon1: D.melanoga	taxon2: T.solium  
	            	positions below base line: 90
	pair: 13     ->	taxon1: S.mediterr	taxon2: C.intestin
	            	positions below base line: 93
	pair: 14     ->	taxon1: S.mediterr	taxon2: E.granulos
	            	positions below base line: 96
	pair: 15     ->	taxon1: S.mediterr	taxon2: R.norvegic
	            	positions below base line: 89
	pair: 16     ->	taxon1: S.mediterr	taxon2: D.rerio   
	            	positions below base line: 90
	pair: 17     ->	taxon1: S.mediterr	taxon2: O.viverrin
	            	positions below base line: 103
	pair: 18     ->	taxon1: S.mediterr	taxon2: S.mansoni 
	            	positions below base line: 91
	pair: 19     ->	taxon1: S.mediterr	taxon2: G.salaris 
	            	positions below base line: 91
	pair: 20     ->	taxon1: S.mediterr	taxon2: C.sinensis
	            	positions below base line: 103
	pair: 21     ->	taxon1: S.mediterr	taxon2: P.xenopodi
	            	positions below base line: 93
	pair: 22     ->	taxon1: S.mediterr	taxon2: G.turnbull
	            	positions below base line: 91
	pair: 23     ->	taxon1: S.mediterr	taxon2: T.solium  
	            	positions below base line: 103
	pair: 24     ->	taxon1: C.intestin	taxon2: E.granulos
	            	positions below base line: 93
	pair: 25     ->	taxon1: C.intestin	taxon2: R.norvegic
	            	positions below base line: 82
	pair: 26     ->	taxon1: C.intestin	taxon2: D.rerio   
	            	positions below base line: 82
	pair: 27     ->	taxon1: C.intestin	taxon2: O.viverrin
	            	positions below base line: 98
	pair: 28     ->	taxon1: C.intestin	taxon2: S.mansoni 
	            	positions below base line: 82
	pair: 29     ->	taxon1: C.intestin	taxon2: G.salaris 
	            	positions below base line: 82
	pair: 30     ->	taxon1: C.intestin	taxon2: C.sinensis
	            	positions below base line: 99
	pair: 31     ->	taxon1: C.intestin	taxon2: P.xenopodi
	            	positions below base line: 82
	pair: 32     ->	taxon1: C.intestin	taxon2: G.turnbull
	            	positions below base line: 82
	pair: 33     ->	taxon1: C.intestin	taxon2: T.solium  
	            	positions below base line: 85
	pair: 34     ->	taxon1: E.granulos	taxon2: R.norvegic
	            	positions below base line: 90
	pair: 35     ->	taxon1: E.granulos	taxon2: D.rerio   
	            	positions below base line: 90
	pair: 36     ->	taxon1: E.granulos	taxon2: O.viverrin
	            	positions below base line: 101
	pair: 37     ->	taxon1: E.granulos	taxon2: S.mansoni 
	            	positions below base line: 89
	pair: 38     ->	taxon1: E.granulos	taxon2: G.salaris 
	            	positions below base line: 89
	pair: 39     ->	taxon1: E.granulos	taxon2: C.sinensis
	            	positions below base line: 101
	pair: 40     ->	taxon1: E.granulos	taxon2: P.xenopodi
	            	positions below base line: 89
	pair: 41     ->	taxon1: E.granulos	taxon2: G.turnbull
	            	positions below base line: 89
	pair: 42     ->	taxon1: E.granulos	taxon2: T.solium  
	            	positions below base line: 99
	pair: 43     ->	taxon1: R.norvegic	taxon2: D.rerio   
	            	positions below base line: 82
	pair: 44     ->	taxon1: R.norvegic	taxon2: O.viverrin
	            	positions below base line: 98
	pair: 45     ->	taxon1: R.norvegic	taxon2: S.mansoni 
	            	positions below base line: 82
	pair: 46     ->	taxon1: R.norvegic	taxon2: G.salaris 
	            	positions below base line: 82
	pair: 47     ->	taxon1: R.norvegic	taxon2: C.sinensis
	            	positions below base line: 100
	pair: 48     ->	taxon1: R.norvegic	taxon2: P.xenopodi
	            	positions below base line: 82
	pair: 49     ->	taxon1: R.norvegic	taxon2: G.turnbull
	            	positions below base line: 82
	pair: 50     ->	taxon1: R.norvegic	taxon2: T.solium  
	            	positions below base line: 86
	pair: 51     ->	taxon1: D.rerio   	taxon2: O.viverrin
	            	positions below base line: 98
	pair: 52     ->	taxon1: D.rerio   	taxon2: S.mansoni 
	            	positions below base line: 82
	pair: 53     ->	taxon1: D.rerio   	taxon2: G.salaris 
	            	positions below base line: 82
	pair: 54     ->	taxon1: D.rerio   	taxon2: C.sinensis
	            	positions below base line: 100
	pair: 55     ->	taxon1: D.rerio   	taxon2: P.xenopodi
	            	positions below base line: 82
	pair: 56     ->	taxon1: D.rerio   	taxon2: G.turnbull
	            	positions below base line: 82
	pair: 57     ->	taxon1: D.rerio   	taxon2: T.solium  
	            	positions below base line: 87
	pair: 58     ->	taxon1: O.viverrin	taxon2: S.mansoni 
	            	positions below base line: 98
	pair: 59     ->	taxon1: O.viverrin	taxon2: G.salaris 
	            	positions below base line: 98
	pair: 60     ->	taxon1: O.viverrin	taxon2: C.sinensis
	            	positions below base line: 77
	pair: 61     ->	taxon1: O.viverrin	taxon2: P.xenopodi
	            	positions below base line: 98
	pair: 62     ->	taxon1: O.viverrin	taxon2: G.turnbull
	            	positions below base line: 98
	pair: 63     ->	taxon1: O.viverrin	taxon2: T.solium  
	            	positions below base line: 101
	pair: 64     ->	taxon1: S.mansoni 	taxon2: G.salaris 
	            	positions below base line: 82
	pair: 65     ->	taxon1: S.mansoni 	taxon2: C.sinensis
	            	positions below base line: 102
	pair: 66     ->	taxon1: S.mansoni 	taxon2: P.xenopodi
	            	positions below base line: 82
	pair: 67     ->	taxon1: S.mansoni 	taxon2: G.turnbull
	            	positions below base line: 82
	pair: 68     ->	taxon1: S.mansoni 	taxon2: T.solium  
	            	positions below base line: 92
	pair: 69     ->	taxon1: G.salaris 	taxon2: C.sinensis
	            	positions below base line: 102
	pair: 70     ->	taxon1: G.salaris 	taxon2: P.xenopodi
	            	positions below base line: 82
	pair: 71     ->	taxon1: G.salaris 	taxon2: G.turnbull
	            	positions below base line: 82
	pair: 72     ->	taxon1: G.salaris 	taxon2: T.solium  
	            	positions below base line: 92
	pair: 73     ->	taxon1: C.sinensis	taxon2: P.xenopodi
	            	positions below base line: 102
	pair: 74     ->	taxon1: C.sinensis	taxon2: G.turnbull
	            	positions below base line: 102
	pair: 75     ->	taxon1: C.sinensis	taxon2: T.solium  
	            	positions below base line: 101
	pair: 76     ->	taxon1: P.xenopodi	taxon2: G.turnbull
	            	positions below base line: 82
	pair: 77     ->	taxon1: P.xenopodi	taxon2: T.solium  
	            	positions below base line: 92
	pair: 78     ->	taxon1: G.turnbull	taxon2: T.solium  
	            	positions below base line: 92

	generates quality profile from collected scores ...


	scoring done ...


	generates vector plot from collected scores ...


Argument "-" treated as 0 in increment (++) at /usr/bin/Aliscore.pl line 1213.
	Profile written to EOG091G0ZLI.clustalo.aln.fasta_Profile_random.txt
	List   written to EOG091G0ZLI.clustalo.aln.fasta_List_random.txt

	time used: 3.65 sec

