--2018-12-14 10:42:18--  http://www.orthodb.org/fasta?query=EOG091G03JF&level=33208
Resolving www.orthodb.org (www.orthodb.org)... 142.93.108.123, 2a03:b0c0:3:e0::1b:1
Connecting to www.orthodb.org (www.orthodb.org)|142.93.108.123|:80... connected.
HTTP request sent, awaiting response... 301 Moved Permanently
Location: https://www.orthodb.org/fasta?query=EOG091G03JF&level=33208 [following]
--2018-12-14 10:42:18--  https://www.orthodb.org/fasta?query=EOG091G03JF&level=33208
Connecting to www.orthodb.org (www.orthodb.org)|142.93.108.123|:443... connected.
HTTP request sent, awaiting response... 200 OK
Length: 445739 (435K) [text/plain]
Saving to: ‘EOG091G03JF/EOG091G03JF.orthodb.fasta’

     0K .......... .......... .......... .......... .......... 11% 1,20M 0s
    50K .......... .......... .......... .......... .......... 22% 2,59M 0s
   100K .......... .......... .......... .......... .......... 34% 2,36M 0s
   150K .......... .......... .......... .......... .......... 45% 2,23M 0s
   200K .......... .......... .......... .......... .......... 57% 2,44M 0s
   250K .......... .......... .......... .......... .......... 68% 1,34M 0s
   300K .......... .......... .......... .......... .......... 80% 3,29M 0s
   350K .......... .......... .......... .......... .......... 91% 2,87M 0s
   400K .......... .......... .......... .....                100% 12,5M=0,2s

2018-12-14 10:42:19 (2,20 MB/s) - ‘EOG091G03JF/EOG091G03JF.orthodb.fasta’ saved [445739/445739]

