
	reading taxa from FASTA ...


	S.mediterranea       -> sites: 1459  
	G.salaris            -> sites: 1459  
	D.melanogaster       -> sites: 1459  
	C.sinensis           -> sites: 1459  
	H.robusta            -> sites: 1459  
	C.intestinalis       -> sites: 1459  
	R.norvegicus         -> sites: 1459  
	O.viverrini          -> sites: 1459  
	E.granulosus         -> sites: 1459  
	H.microstoma         -> sites: 1459  
	G.turnbulli          -> sites: 1459  
	T.solium             -> sites: 1459  
	N.vectensis          -> sites: 1459  
	D.rerio              -> sites: 1459  


	data type             : amino acid sequences

	input ...

	infile		: EOG091G03JF.clustalo.aln.fasta
	random pairs	: 200000000000000000
	window size	: 6
	indels		: ambiguous
	tree file	: -
	node level	: -
	strict profile	: -
	outgroup	: -
	matrix          : BLOSUM62

	number of taxa        : 14
	random number of pairs: 200000000000000000

	generates threshhold value for amino acid data
	using BLOSUM62

	checks for (potential) identical taxa


	scores site patterns ...


	max number of different pairs is 91
	max random pairs are scored!

	pair: 1      ->	taxon1: S.mediterr	taxon2: G.salaris 
	            	positions below base line: 1182
	pair: 2      ->	taxon1: S.mediterr	taxon2: D.melanoga
	            	positions below base line: 1103
	pair: 3      ->	taxon1: S.mediterr	taxon2: C.sinensis
	            	positions below base line: 1286
	pair: 4      ->	taxon1: S.mediterr	taxon2: H.robusta 
	            	positions below base line: 1085
	pair: 5      ->	taxon1: S.mediterr	taxon2: C.intestin
	            	positions below base line: 1057
	pair: 6      ->	taxon1: S.mediterr	taxon2: R.norvegic
	            	positions below base line: 1067
	pair: 7      ->	taxon1: S.mediterr	taxon2: O.viverrin
	            	positions below base line: 1140
	pair: 8      ->	taxon1: S.mediterr	taxon2: E.granulos
	            	positions below base line: 1017
	pair: 9      ->	taxon1: S.mediterr	taxon2: H.microsto
	            	positions below base line: 1123
	pair: 10     ->	taxon1: S.mediterr	taxon2: G.turnbull
	            	positions below base line: 1221
	pair: 11     ->	taxon1: S.mediterr	taxon2: T.solium  
	            	positions below base line: 1068
	pair: 12     ->	taxon1: S.mediterr	taxon2: N.vectensi
	            	positions below base line: 1076
	pair: 13     ->	taxon1: S.mediterr	taxon2: D.rerio   
	            	positions below base line: 1077
	pair: 14     ->	taxon1: G.salaris 	taxon2: D.melanoga
	            	positions below base line: 1161
	pair: 15     ->	taxon1: G.salaris 	taxon2: C.sinensis
	            	positions below base line: 1224
	pair: 16     ->	taxon1: G.salaris 	taxon2: H.robusta 
	            	positions below base line: 1144
	pair: 17     ->	taxon1: G.salaris 	taxon2: C.intestin
	            	positions below base line: 1154
	pair: 18     ->	taxon1: G.salaris 	taxon2: R.norvegic
	            	positions below base line: 1125
	pair: 19     ->	taxon1: G.salaris 	taxon2: O.viverrin
	            	positions below base line: 1161
	pair: 20     ->	taxon1: G.salaris 	taxon2: E.granulos
	            	positions below base line: 1033
	pair: 21     ->	taxon1: G.salaris 	taxon2: H.microsto
	            	positions below base line: 1093
	pair: 22     ->	taxon1: G.salaris 	taxon2: G.turnbull
	            	positions below base line: 788
	pair: 23     ->	taxon1: G.salaris 	taxon2: T.solium  
	            	positions below base line: 1122
	pair: 24     ->	taxon1: G.salaris 	taxon2: N.vectensi
	            	positions below base line: 1145
	pair: 25     ->	taxon1: G.salaris 	taxon2: D.rerio   
	            	positions below base line: 1125
	pair: 26     ->	taxon1: D.melanoga	taxon2: C.sinensis
	            	positions below base line: 1271
	pair: 27     ->	taxon1: D.melanoga	taxon2: H.robusta 
	            	positions below base line: 800
	pair: 28     ->	taxon1: D.melanoga	taxon2: C.intestin
	            	positions below base line: 892
	pair: 29     ->	taxon1: D.melanoga	taxon2: R.norvegic
	            	positions below base line: 819
	pair: 30     ->	taxon1: D.melanoga	taxon2: O.viverrin
	            	positions below base line: 1104
	pair: 31     ->	taxon1: D.melanoga	taxon2: E.granulos
	            	positions below base line: 975
	pair: 32     ->	taxon1: D.melanoga	taxon2: H.microsto
	            	positions below base line: 1112
	pair: 33     ->	taxon1: D.melanoga	taxon2: G.turnbull
	            	positions below base line: 1231
	pair: 34     ->	taxon1: D.melanoga	taxon2: T.solium  
	            	positions below base line: 1025
	pair: 35     ->	taxon1: D.melanoga	taxon2: N.vectensi
	            	positions below base line: 914
	pair: 36     ->	taxon1: D.melanoga	taxon2: D.rerio   
	            	positions below base line: 820
	pair: 37     ->	taxon1: C.sinensis	taxon2: H.robusta 
	            	positions below base line: 1238
	pair: 38     ->	taxon1: C.sinensis	taxon2: C.intestin
	            	positions below base line: 1252
	pair: 39     ->	taxon1: C.sinensis	taxon2: R.norvegic
	            	positions below base line: 1224
	pair: 40     ->	taxon1: C.sinensis	taxon2: O.viverrin
	            	positions below base line: 965
	pair: 41     ->	taxon1: C.sinensis	taxon2: E.granulos
	            	positions below base line: 1015
	pair: 42     ->	taxon1: C.sinensis	taxon2: H.microsto
	            	positions below base line: 1061
	pair: 43     ->	taxon1: C.sinensis	taxon2: G.turnbull
	            	positions below base line: 1226
	pair: 44     ->	taxon1: C.sinensis	taxon2: T.solium  
	            	positions below base line: 1120
	pair: 45     ->	taxon1: C.sinensis	taxon2: N.vectensi
	            	positions below base line: 1231
	pair: 46     ->	taxon1: C.sinensis	taxon2: D.rerio   
	            	positions below base line: 1236
	pair: 47     ->	taxon1: H.robusta 	taxon2: C.intestin
	            	positions below base line: 856
	pair: 48     ->	taxon1: H.robusta 	taxon2: R.norvegic
	            	positions below base line: 804
	pair: 49     ->	taxon1: H.robusta 	taxon2: O.viverrin
	            	positions below base line: 1080
	pair: 50     ->	taxon1: H.robusta 	taxon2: E.granulos
	            	positions below base line: 973
	pair: 51     ->	taxon1: H.robusta 	taxon2: H.microsto
	            	positions below base line: 1114
	pair: 52     ->	taxon1: H.robusta 	taxon2: G.turnbull
	            	positions below base line: 1214
	pair: 53     ->	taxon1: H.robusta 	taxon2: T.solium  
	            	positions below base line: 1014
	pair: 54     ->	taxon1: H.robusta 	taxon2: N.vectensi
	            	positions below base line: 867
	pair: 55     ->	taxon1: H.robusta 	taxon2: D.rerio   
	            	positions below base line: 804
	pair: 56     ->	taxon1: C.intestin	taxon2: R.norvegic
	            	positions below base line: 824
	pair: 57     ->	taxon1: C.intestin	taxon2: O.viverrin
	            	positions below base line: 1113
	pair: 58     ->	taxon1: C.intestin	taxon2: E.granulos
	            	positions below base line: 971
	pair: 59     ->	taxon1: C.intestin	taxon2: H.microsto
	            	positions below base line: 1120
	pair: 60     ->	taxon1: C.intestin	taxon2: G.turnbull
	            	positions below base line: 1213
	pair: 61     ->	taxon1: C.intestin	taxon2: T.solium  
	            	positions below base line: 1013
	pair: 62     ->	taxon1: C.intestin	taxon2: N.vectensi
	            	positions below base line: 876
	pair: 63     ->	taxon1: C.intestin	taxon2: D.rerio   
	            	positions below base line: 833
	pair: 64     ->	taxon1: R.norvegic	taxon2: O.viverrin
	            	positions below base line: 1069
	pair: 65     ->	taxon1: R.norvegic	taxon2: E.granulos
	            	positions below base line: 955
	pair: 66     ->	taxon1: R.norvegic	taxon2: H.microsto
	            	positions below base line: 1105
	pair: 67     ->	taxon1: R.norvegic	taxon2: G.turnbull
	            	positions below base line: 1195
	pair: 68     ->	taxon1: R.norvegic	taxon2: T.solium  
	            	positions below base line: 1006
	pair: 69     ->	taxon1: R.norvegic	taxon2: N.vectensi
	            	positions below base line: 799
	pair: 70     ->	taxon1: R.norvegic	taxon2: D.rerio   
	            	positions below base line: 522
	pair: 71     ->	taxon1: O.viverrin	taxon2: E.granulos
	            	positions below base line: 975
	pair: 72     ->	taxon1: O.viverrin	taxon2: H.microsto
	            	positions below base line: 1074
	pair: 73     ->	taxon1: O.viverrin	taxon2: G.turnbull
	            	positions below base line: 1209
	pair: 74     ->	taxon1: O.viverrin	taxon2: T.solium  
	            	positions below base line: 997
	pair: 75     ->	taxon1: O.viverrin	taxon2: N.vectensi
	            	positions below base line: 1088
	pair: 76     ->	taxon1: O.viverrin	taxon2: D.rerio   
	            	positions below base line: 1070
	pair: 77     ->	taxon1: E.granulos	taxon2: H.microsto
	            	positions below base line: 582
	pair: 78     ->	taxon1: E.granulos	taxon2: G.turnbull
	            	positions below base line: 1110
	pair: 79     ->	taxon1: E.granulos	taxon2: T.solium  
	            	positions below base line: 591
	pair: 80     ->	taxon1: E.granulos	taxon2: N.vectensi
	            	positions below base line: 978
	pair: 81     ->	taxon1: E.granulos	taxon2: D.rerio   
	            	positions below base line: 958
	pair: 82     ->	taxon1: H.microsto	taxon2: G.turnbull
	            	positions below base line: 1131
	pair: 83     ->	taxon1: H.microsto	taxon2: T.solium  
	            	positions below base line: 817
	pair: 84     ->	taxon1: H.microsto	taxon2: N.vectensi
	            	positions below base line: 1095
	pair: 85     ->	taxon1: H.microsto	taxon2: D.rerio   
	            	positions below base line: 1114
	pair: 86     ->	taxon1: G.turnbull	taxon2: T.solium  
	            	positions below base line: 1126
	pair: 87     ->	taxon1: G.turnbull	taxon2: N.vectensi
	            	positions below base line: 1196
	pair: 88     ->	taxon1: G.turnbull	taxon2: D.rerio   
	            	positions below base line: 1193
	pair: 89     ->	taxon1: T.solium  	taxon2: N.vectensi
	            	positions below base line: 1026
	pair: 90     ->	taxon1: T.solium  	taxon2: D.rerio   
	            	positions below base line: 1005
	pair: 91     ->	taxon1: N.vectensi	taxon2: D.rerio   
	            	positions below base line: 777

	generates quality profile from collected scores ...


	scoring done ...


	generates vector plot from collected scores ...


Argument "-" treated as 0 in increment (++) at /usr/bin/Aliscore.pl line 1213.
	Profile written to EOG091G03JF.clustalo.aln.fasta_Profile_random.txt
	List   written to EOG091G03JF.clustalo.aln.fasta_List_random.txt

	time used: 5.29 sec

