--2018-12-14 09:28:37--  http://www.orthodb.org/fasta?query=EOG091G017G&level=33208
Resolving www.orthodb.org (www.orthodb.org)... 167.99.129.42, 2a03:b0c0:3:e0::1b:1
Connecting to www.orthodb.org (www.orthodb.org)|167.99.129.42|:80... connected.
HTTP request sent, awaiting response... 301 Moved Permanently
Location: https://www.orthodb.org/fasta?query=EOG091G017G&level=33208 [following]
--2018-12-14 09:28:37--  https://www.orthodb.org/fasta?query=EOG091G017G&level=33208
Connecting to www.orthodb.org (www.orthodb.org)|167.99.129.42|:443... connected.
HTTP request sent, awaiting response... 200 OK
Length: 1136706 (1,1M) [text/plain]
Saving to: ‘EOG091G017G/EOG091G017G.orthodb.fasta’

     0K .......... .......... .......... .......... ..........  4%  450K 2s
    50K .......... .......... .......... .......... ..........  9% 10,4M 1s
   100K .......... .......... .......... .......... .......... 13% 3,80M 1s
   150K .......... .......... .......... .......... .......... 18% 3,11M 1s
   200K .......... .......... .......... .......... .......... 22% 3,41M 1s
   250K .......... .......... .......... .......... .......... 27% 3,41M 0s
   300K .......... .......... .......... .......... .......... 31% 17,9M 0s
   350K .......... .......... .......... .......... .......... 36% 3,04M 0s
   400K .......... .......... .......... .......... .......... 40% 3,33M 0s
   450K .......... .......... .......... .......... .......... 45% 3,30M 0s
   500K .......... .......... .......... .......... .......... 49% 15,1M 0s
   550K .......... .......... .......... .......... .......... 54% 3,17M 0s
   600K .......... .......... .......... .......... .......... 58% 3,26M 0s
   650K .......... .......... .......... .......... .......... 63% 3,30M 0s
   700K .......... .......... .......... .......... .......... 67% 3,83M 0s
   750K .......... .......... .......... .......... .......... 72% 2,72M 0s
   800K .......... .......... .......... .......... .......... 76% 2,06M 0s
   850K .......... .......... .......... .......... .......... 81% 3,31M 0s
   900K .......... .......... .......... .......... .......... 85% 2,54M 0s
   950K .......... .......... .......... .......... .......... 90% 3,16M 0s
  1000K .......... .......... .......... .......... .......... 94% 6,24M 0s
  1050K .......... .......... .......... .......... .......... 99% 2,20M 0s
  1100K ..........                                            100% 14,4M=0,4s

2018-12-14 09:28:38 (2,68 MB/s) - ‘EOG091G017G/EOG091G017G.orthodb.fasta’ saved [1136706/1136706]

