
	reading taxa from FASTA ...


	S.mansoni            -> sites: 550   
	E.granulosus         -> sites: 550   
	G.turnbulli          -> sites: 550   
	M.lignano            -> sites: 550   
	O.viverrini          -> sites: 550   
	T.solium             -> sites: 550   
	D.rerio              -> sites: 550   
	D.melanogaster       -> sites: 550   
	C.intestinalis       -> sites: 550   
	R.norvegicus         -> sites: 550   
	C.elegans            -> sites: 550   
	G.salaris            -> sites: 550   


	data type             : amino acid sequences

	input ...

	infile		: EOG091G0977.clustalo.aln.fasta
	random pairs	: 200000000000000000
	window size	: 6
	indels		: ambiguous
	tree file	: -
	node level	: -
	strict profile	: -
	outgroup	: -
	matrix          : BLOSUM62

	number of taxa        : 12
	random number of pairs: 200000000000000000

	generates threshhold value for amino acid data
	using BLOSUM62

	checks for (potential) identical taxa


	scores site patterns ...


	max number of different pairs is 66
	max random pairs are scored!

	pair: 1      ->	taxon1: S.mansoni 	taxon2: E.granulos
	            	positions below base line: 262
	pair: 2      ->	taxon1: S.mansoni 	taxon2: G.turnbull
	            	positions below base line: 303
	pair: 3      ->	taxon1: S.mansoni 	taxon2: M.lignano 
	            	positions below base line: 269
	pair: 4      ->	taxon1: S.mansoni 	taxon2: O.viverrin
	            	positions below base line: 185
	pair: 5      ->	taxon1: S.mansoni 	taxon2: T.solium  
	            	positions below base line: 293
	pair: 6      ->	taxon1: S.mansoni 	taxon2: D.rerio   
	            	positions below base line: 228
	pair: 7      ->	taxon1: S.mansoni 	taxon2: D.melanoga
	            	positions below base line: 247
	pair: 8      ->	taxon1: S.mansoni 	taxon2: C.intestin
	            	positions below base line: 228
	pair: 9      ->	taxon1: S.mansoni 	taxon2: R.norvegic
	            	positions below base line: 222
	pair: 10     ->	taxon1: S.mansoni 	taxon2: C.elegans 
	            	positions below base line: 264
	pair: 11     ->	taxon1: S.mansoni 	taxon2: G.salaris 
	            	positions below base line: 277
	pair: 12     ->	taxon1: E.granulos	taxon2: G.turnbull
	            	positions below base line: 320
	pair: 13     ->	taxon1: E.granulos	taxon2: M.lignano 
	            	positions below base line: 326
	pair: 14     ->	taxon1: E.granulos	taxon2: O.viverrin
	            	positions below base line: 263
	pair: 15     ->	taxon1: E.granulos	taxon2: T.solium  
	            	positions below base line: 254
	pair: 16     ->	taxon1: E.granulos	taxon2: D.rerio   
	            	positions below base line: 287
	pair: 17     ->	taxon1: E.granulos	taxon2: D.melanoga
	            	positions below base line: 298
	pair: 18     ->	taxon1: E.granulos	taxon2: C.intestin
	            	positions below base line: 285
	pair: 19     ->	taxon1: E.granulos	taxon2: R.norvegic
	            	positions below base line: 275
	pair: 20     ->	taxon1: E.granulos	taxon2: C.elegans 
	            	positions below base line: 298
	pair: 21     ->	taxon1: E.granulos	taxon2: G.salaris 
	            	positions below base line: 300
	pair: 22     ->	taxon1: G.turnbull	taxon2: M.lignano 
	            	positions below base line: 331
	pair: 23     ->	taxon1: G.turnbull	taxon2: O.viverrin
	            	positions below base line: 321
	pair: 24     ->	taxon1: G.turnbull	taxon2: T.solium  
	            	positions below base line: 314
	pair: 25     ->	taxon1: G.turnbull	taxon2: D.rerio   
	            	positions below base line: 315
	pair: 26     ->	taxon1: G.turnbull	taxon2: D.melanoga
	            	positions below base line: 323
	pair: 27     ->	taxon1: G.turnbull	taxon2: C.intestin
	            	positions below base line: 307
	pair: 28     ->	taxon1: G.turnbull	taxon2: R.norvegic
	            	positions below base line: 309
	pair: 29     ->	taxon1: G.turnbull	taxon2: C.elegans 
	            	positions below base line: 339
	pair: 30     ->	taxon1: G.turnbull	taxon2: G.salaris 
	            	positions below base line: 267
	pair: 31     ->	taxon1: M.lignano 	taxon2: O.viverrin
	            	positions below base line: 265
	pair: 32     ->	taxon1: M.lignano 	taxon2: T.solium  
	            	positions below base line: 332
	pair: 33     ->	taxon1: M.lignano 	taxon2: D.rerio   
	            	positions below base line: 295
	pair: 34     ->	taxon1: M.lignano 	taxon2: D.melanoga
	            	positions below base line: 286
	pair: 35     ->	taxon1: M.lignano 	taxon2: C.intestin
	            	positions below base line: 291
	pair: 36     ->	taxon1: M.lignano 	taxon2: R.norvegic
	            	positions below base line: 309
	pair: 37     ->	taxon1: M.lignano 	taxon2: C.elegans 
	            	positions below base line: 324
	pair: 38     ->	taxon1: M.lignano 	taxon2: G.salaris 
	            	positions below base line: 306
	pair: 39     ->	taxon1: O.viverrin	taxon2: T.solium  
	            	positions below base line: 280
	pair: 40     ->	taxon1: O.viverrin	taxon2: D.rerio   
	            	positions below base line: 224
	pair: 41     ->	taxon1: O.viverrin	taxon2: D.melanoga
	            	positions below base line: 222
	pair: 42     ->	taxon1: O.viverrin	taxon2: C.intestin
	            	positions below base line: 232
	pair: 43     ->	taxon1: O.viverrin	taxon2: R.norvegic
	            	positions below base line: 227
	pair: 44     ->	taxon1: O.viverrin	taxon2: C.elegans 
	            	positions below base line: 250
	pair: 45     ->	taxon1: O.viverrin	taxon2: G.salaris 
	            	positions below base line: 266
	pair: 46     ->	taxon1: T.solium  	taxon2: D.rerio   
	            	positions below base line: 305
	pair: 47     ->	taxon1: T.solium  	taxon2: D.melanoga
	            	positions below base line: 322
	pair: 48     ->	taxon1: T.solium  	taxon2: C.intestin
	            	positions below base line: 299
	pair: 49     ->	taxon1: T.solium  	taxon2: R.norvegic
	            	positions below base line: 297
	pair: 50     ->	taxon1: T.solium  	taxon2: C.elegans 
	            	positions below base line: 319
	pair: 51     ->	taxon1: T.solium  	taxon2: G.salaris 
	            	positions below base line: 311
	pair: 52     ->	taxon1: D.rerio   	taxon2: D.melanoga
	            	positions below base line: 197
	pair: 53     ->	taxon1: D.rerio   	taxon2: C.intestin
	            	positions below base line: 184
	pair: 54     ->	taxon1: D.rerio   	taxon2: R.norvegic
	            	positions below base line: 136
	pair: 55     ->	taxon1: D.rerio   	taxon2: C.elegans 
	            	positions below base line: 250
	pair: 56     ->	taxon1: D.rerio   	taxon2: G.salaris 
	            	positions below base line: 284
	pair: 57     ->	taxon1: D.melanoga	taxon2: C.intestin
	            	positions below base line: 213
	pair: 58     ->	taxon1: D.melanoga	taxon2: R.norvegic
	            	positions below base line: 202
	pair: 59     ->	taxon1: D.melanoga	taxon2: C.elegans 
	            	positions below base line: 258
	pair: 60     ->	taxon1: D.melanoga	taxon2: G.salaris 
	            	positions below base line: 319
	pair: 61     ->	taxon1: C.intestin	taxon2: R.norvegic
	            	positions below base line: 178
	pair: 62     ->	taxon1: C.intestin	taxon2: C.elegans 
	            	positions below base line: 271
	pair: 63     ->	taxon1: C.intestin	taxon2: G.salaris 
	            	positions below base line: 294
	pair: 64     ->	taxon1: R.norvegic	taxon2: C.elegans 
	            	positions below base line: 242
	pair: 65     ->	taxon1: R.norvegic	taxon2: G.salaris 
	            	positions below base line: 287
	pair: 66     ->	taxon1: C.elegans 	taxon2: G.salaris 
	            	positions below base line: 313

	generates quality profile from collected scores ...


	scoring done ...


	generates vector plot from collected scores ...


Argument "-" treated as 0 in increment (++) at /usr/bin/Aliscore.pl line 1213.
	Profile written to EOG091G0977.clustalo.aln.fasta_Profile_random.txt
	List   written to EOG091G0977.clustalo.aln.fasta_List_random.txt

	time used: 4.63 sec

