
	reading taxa from FASTA ...


	G.salaris            -> sites: 152   
	E.granulosus         -> sites: 152   
	O.viverrini          -> sites: 152   
	T.solium             -> sites: 152   
	H.microstoma         -> sites: 152   
	P.xenopodis          -> sites: 152   
	R.norvegicus         -> sites: 152   
	D.melanogaster       -> sites: 152   
	H.robusta            -> sites: 152   
	C.sinensis           -> sites: 152   
	E.nipponicum         -> sites: 152   
	S.mediterranea       -> sites: 152   
	C.intestinalis       -> sites: 152   
	S.mansoni            -> sites: 152   
	G.turnbulli          -> sites: 152   
	N.vectensis          -> sites: 152   
	D.rerio              -> sites: 152   


	data type             : amino acid sequences

	input ...

	infile		: EOG091G0YU6.clustalo.aln.fasta
	random pairs	: 200000000000000000
	window size	: 6
	indels		: ambiguous
	tree file	: -
	node level	: -
	strict profile	: -
	outgroup	: -
	matrix          : BLOSUM62

	number of taxa        : 17
	random number of pairs: 200000000000000000

	generates threshhold value for amino acid data
	using BLOSUM62

	checks for (potential) identical taxa

	C.sinensis           pot. sim. to O.viverrini         

	taxa excluded:

	C.sinensis                    

	scores site patterns ...


	max number of different pairs is 120
	max random pairs are scored!

	pair: 1      ->	taxon1: G.salaris 	taxon2: E.granulos
	            	positions below base line: 54
	pair: 2      ->	taxon1: G.salaris 	taxon2: O.viverrin
	            	positions below base line: 50
	pair: 3      ->	taxon1: G.salaris 	taxon2: T.solium  
	            	positions below base line: 55
	pair: 4      ->	taxon1: G.salaris 	taxon2: H.microsto
	            	positions below base line: 54
	pair: 5      ->	taxon1: G.salaris 	taxon2: P.xenopodi
	            	positions below base line: 53
	pair: 6      ->	taxon1: G.salaris 	taxon2: R.norvegic
	            	positions below base line: 59
	pair: 7      ->	taxon1: G.salaris 	taxon2: D.melanoga
	            	positions below base line: 57
	pair: 8      ->	taxon1: G.salaris 	taxon2: H.robusta 
	            	positions below base line: 61
	pair: 9      ->	taxon1: G.salaris 	taxon2: E.nipponic
	            	positions below base line: 52
	pair: 10     ->	taxon1: G.salaris 	taxon2: S.mediterr
	            	positions below base line: 58
	pair: 11     ->	taxon1: G.salaris 	taxon2: C.intestin
	            	positions below base line: 62
	pair: 12     ->	taxon1: G.salaris 	taxon2: S.mansoni 
	            	positions below base line: 54
	pair: 13     ->	taxon1: G.salaris 	taxon2: G.turnbull
	            	positions below base line: 59
	pair: 14     ->	taxon1: G.salaris 	taxon2: N.vectensi
	            	positions below base line: 58
	pair: 15     ->	taxon1: G.salaris 	taxon2: D.rerio   
	            	positions below base line: 59
	pair: 16     ->	taxon1: E.granulos	taxon2: O.viverrin
	            	positions below base line: 41
	pair: 17     ->	taxon1: E.granulos	taxon2: T.solium  
	            	positions below base line: 47
	pair: 18     ->	taxon1: E.granulos	taxon2: H.microsto
	            	positions below base line: 31
	pair: 19     ->	taxon1: E.granulos	taxon2: P.xenopodi
	            	positions below base line: 40
	pair: 20     ->	taxon1: E.granulos	taxon2: R.norvegic
	            	positions below base line: 42
	pair: 21     ->	taxon1: E.granulos	taxon2: D.melanoga
	            	positions below base line: 32
	pair: 22     ->	taxon1: E.granulos	taxon2: H.robusta 
	            	positions below base line: 43
	pair: 23     ->	taxon1: E.granulos	taxon2: E.nipponic
	            	positions below base line: 40
	pair: 24     ->	taxon1: E.granulos	taxon2: S.mediterr
	            	positions below base line: 44
	pair: 25     ->	taxon1: E.granulos	taxon2: C.intestin
	            	positions below base line: 43
	pair: 26     ->	taxon1: E.granulos	taxon2: S.mansoni 
	            	positions below base line: 45
	pair: 27     ->	taxon1: E.granulos	taxon2: G.turnbull
	            	positions below base line: 48
	pair: 28     ->	taxon1: E.granulos	taxon2: N.vectensi
	            	positions below base line: 37
	pair: 29     ->	taxon1: E.granulos	taxon2: D.rerio   
	            	positions below base line: 42
	pair: 30     ->	taxon1: O.viverrin	taxon2: T.solium  
	            	positions below base line: 48
	pair: 31     ->	taxon1: O.viverrin	taxon2: H.microsto
	            	positions below base line: 44
	pair: 32     ->	taxon1: O.viverrin	taxon2: P.xenopodi
	            	positions below base line: 39
	pair: 33     ->	taxon1: O.viverrin	taxon2: R.norvegic
	            	positions below base line: 38
	pair: 34     ->	taxon1: O.viverrin	taxon2: D.melanoga
	            	positions below base line: 34
	pair: 35     ->	taxon1: O.viverrin	taxon2: H.robusta 
	            	positions below base line: 39
	pair: 36     ->	taxon1: O.viverrin	taxon2: E.nipponic
	            	positions below base line: 43
	pair: 37     ->	taxon1: O.viverrin	taxon2: S.mediterr
	            	positions below base line: 36
	pair: 38     ->	taxon1: O.viverrin	taxon2: C.intestin
	            	positions below base line: 36
	pair: 39     ->	taxon1: O.viverrin	taxon2: S.mansoni 
	            	positions below base line: 41
	pair: 40     ->	taxon1: O.viverrin	taxon2: G.turnbull
	            	positions below base line: 50
	pair: 41     ->	taxon1: O.viverrin	taxon2: N.vectensi
	            	positions below base line: 36
	pair: 42     ->	taxon1: O.viverrin	taxon2: D.rerio   
	            	positions below base line: 38
	pair: 43     ->	taxon1: T.solium  	taxon2: H.microsto
	            	positions below base line: 47
	pair: 44     ->	taxon1: T.solium  	taxon2: P.xenopodi
	            	positions below base line: 46
	pair: 45     ->	taxon1: T.solium  	taxon2: R.norvegic
	            	positions below base line: 46
	pair: 46     ->	taxon1: T.solium  	taxon2: D.melanoga
	            	positions below base line: 48
	pair: 47     ->	taxon1: T.solium  	taxon2: H.robusta 
	            	positions below base line: 50
	pair: 48     ->	taxon1: T.solium  	taxon2: E.nipponic
	            	positions below base line: 48
	pair: 49     ->	taxon1: T.solium  	taxon2: S.mediterr
	            	positions below base line: 48
	pair: 50     ->	taxon1: T.solium  	taxon2: C.intestin
	            	positions below base line: 49
	pair: 51     ->	taxon1: T.solium  	taxon2: S.mansoni 
	            	positions below base line: 52
	pair: 52     ->	taxon1: T.solium  	taxon2: G.turnbull
	            	positions below base line: 53
	pair: 53     ->	taxon1: T.solium  	taxon2: N.vectensi
	            	positions below base line: 48
	pair: 54     ->	taxon1: T.solium  	taxon2: D.rerio   
	            	positions below base line: 48
	pair: 55     ->	taxon1: H.microsto	taxon2: P.xenopodi
	            	positions below base line: 44
	pair: 56     ->	taxon1: H.microsto	taxon2: R.norvegic
	            	positions below base line: 42
	pair: 57     ->	taxon1: H.microsto	taxon2: D.melanoga
	            	positions below base line: 35
	pair: 58     ->	taxon1: H.microsto	taxon2: H.robusta 
	            	positions below base line: 43
	pair: 59     ->	taxon1: H.microsto	taxon2: E.nipponic
	            	positions below base line: 44
	pair: 60     ->	taxon1: H.microsto	taxon2: S.mediterr
	            	positions below base line: 46
	pair: 61     ->	taxon1: H.microsto	taxon2: C.intestin
	            	positions below base line: 43
	pair: 62     ->	taxon1: H.microsto	taxon2: S.mansoni 
	            	positions below base line: 44
	pair: 63     ->	taxon1: H.microsto	taxon2: G.turnbull
	            	positions below base line: 48
	pair: 64     ->	taxon1: H.microsto	taxon2: N.vectensi
	            	positions below base line: 39
	pair: 65     ->	taxon1: H.microsto	taxon2: D.rerio   
	            	positions below base line: 42
	pair: 66     ->	taxon1: P.xenopodi	taxon2: R.norvegic
	            	positions below base line: 45
	pair: 67     ->	taxon1: P.xenopodi	taxon2: D.melanoga
	            	positions below base line: 46
	pair: 68     ->	taxon1: P.xenopodi	taxon2: H.robusta 
	            	positions below base line: 46
	pair: 69     ->	taxon1: P.xenopodi	taxon2: E.nipponic
	            	positions below base line: 44
	pair: 70     ->	taxon1: P.xenopodi	taxon2: S.mediterr
	            	positions below base line: 46
	pair: 71     ->	taxon1: P.xenopodi	taxon2: C.intestin
	            	positions below base line: 42
	pair: 72     ->	taxon1: P.xenopodi	taxon2: S.mansoni 
	            	positions below base line: 45
	pair: 73     ->	taxon1: P.xenopodi	taxon2: G.turnbull
	            	positions below base line: 52
	pair: 74     ->	taxon1: P.xenopodi	taxon2: N.vectensi
	            	positions below base line: 43
	pair: 75     ->	taxon1: P.xenopodi	taxon2: D.rerio   
	            	positions below base line: 45
	pair: 76     ->	taxon1: R.norvegic	taxon2: D.melanoga
	            	positions below base line: 38
	pair: 77     ->	taxon1: R.norvegic	taxon2: H.robusta 
	            	positions below base line: 39
	pair: 78     ->	taxon1: R.norvegic	taxon2: E.nipponic
	            	positions below base line: 45
	pair: 79     ->	taxon1: R.norvegic	taxon2: S.mediterr
	            	positions below base line: 40
	pair: 80     ->	taxon1: R.norvegic	taxon2: C.intestin
	            	positions below base line: 32
	pair: 81     ->	taxon1: R.norvegic	taxon2: S.mansoni 
	            	positions below base line: 45
	pair: 82     ->	taxon1: R.norvegic	taxon2: G.turnbull
	            	positions below base line: 51
	pair: 83     ->	taxon1: R.norvegic	taxon2: N.vectensi
	            	positions below base line: 30
	pair: 84     ->	taxon1: R.norvegic	taxon2: D.rerio   
	            	positions below base line: 27
	pair: 85     ->	taxon1: D.melanoga	taxon2: H.robusta 
	            	positions below base line: 39
	pair: 86     ->	taxon1: D.melanoga	taxon2: E.nipponic
	            	positions below base line: 49
	pair: 87     ->	taxon1: D.melanoga	taxon2: S.mediterr
	            	positions below base line: 38
	pair: 88     ->	taxon1: D.melanoga	taxon2: C.intestin
	            	positions below base line: 36
	pair: 89     ->	taxon1: D.melanoga	taxon2: S.mansoni 
	            	positions below base line: 43
	pair: 90     ->	taxon1: D.melanoga	taxon2: G.turnbull
	            	positions below base line: 47
	pair: 91     ->	taxon1: D.melanoga	taxon2: N.vectensi
	            	positions below base line: 36
	pair: 92     ->	taxon1: D.melanoga	taxon2: D.rerio   
	            	positions below base line: 38
	pair: 93     ->	taxon1: H.robusta 	taxon2: E.nipponic
	            	positions below base line: 49
	pair: 94     ->	taxon1: H.robusta 	taxon2: S.mediterr
	            	positions below base line: 39
	pair: 95     ->	taxon1: H.robusta 	taxon2: C.intestin
	            	positions below base line: 39
	pair: 96     ->	taxon1: H.robusta 	taxon2: S.mansoni 
	            	positions below base line: 42
	pair: 97     ->	taxon1: H.robusta 	taxon2: G.turnbull
	            	positions below base line: 53
	pair: 98     ->	taxon1: H.robusta 	taxon2: N.vectensi
	            	positions below base line: 39
	pair: 99     ->	taxon1: H.robusta 	taxon2: D.rerio   
	            	positions below base line: 39
	pair: 100    ->	taxon1: E.nipponic	taxon2: S.mediterr
	            	positions below base line: 48
	pair: 101    ->	taxon1: E.nipponic	taxon2: C.intestin
	            	positions below base line: 45
	pair: 102    ->	taxon1: E.nipponic	taxon2: S.mansoni 
	            	positions below base line: 47
	pair: 103    ->	taxon1: E.nipponic	taxon2: G.turnbull
	            	positions below base line: 52
	pair: 104    ->	taxon1: E.nipponic	taxon2: N.vectensi
	            	positions below base line: 48
	pair: 105    ->	taxon1: E.nipponic	taxon2: D.rerio   
	            	positions below base line: 45
	pair: 106    ->	taxon1: S.mediterr	taxon2: C.intestin
	            	positions below base line: 40
	pair: 107    ->	taxon1: S.mediterr	taxon2: S.mansoni 
	            	positions below base line: 45
	pair: 108    ->	taxon1: S.mediterr	taxon2: G.turnbull
	            	positions below base line: 47
	pair: 109    ->	taxon1: S.mediterr	taxon2: N.vectensi
	            	positions below base line: 40
	pair: 110    ->	taxon1: S.mediterr	taxon2: D.rerio   
	            	positions below base line: 39
	pair: 111    ->	taxon1: C.intestin	taxon2: S.mansoni 
	            	positions below base line: 39
	pair: 112    ->	taxon1: C.intestin	taxon2: G.turnbull
	            	positions below base line: 49
	pair: 113    ->	taxon1: C.intestin	taxon2: N.vectensi
	            	positions below base line: 34
	pair: 114    ->	taxon1: C.intestin	taxon2: D.rerio   
	            	positions below base line: 32
	pair: 115    ->	taxon1: S.mansoni 	taxon2: G.turnbull
	            	positions below base line: 52
	pair: 116    ->	taxon1: S.mansoni 	taxon2: N.vectensi
	            	positions below base line: 39
	pair: 117    ->	taxon1: S.mansoni 	taxon2: D.rerio   
	            	positions below base line: 45
	pair: 118    ->	taxon1: G.turnbull	taxon2: N.vectensi
	            	positions below base line: 49
	pair: 119    ->	taxon1: G.turnbull	taxon2: D.rerio   
	            	positions below base line: 51
	pair: 120    ->	taxon1: N.vectensi	taxon2: D.rerio   
	            	positions below base line: 30

	generates quality profile from collected scores ...


	scoring done ...


	generates vector plot from collected scores ...


Argument "-" treated as 0 in increment (++) at /usr/bin/Aliscore.pl line 1213.
	Profile written to EOG091G0YU6.clustalo.aln.fasta_Profile_random.txt
	List   written to EOG091G0YU6.clustalo.aln.fasta_List_random.txt

	time used: 3.75 sec

