
RAxML can't, parse the alignment file as phylip file 
it will now try to parse it as FASTA file


This is the RAxML Master Pthread

This is RAxML Worker Pthread Number: 1


This is RAxML version 8.2.12 released by Alexandros Stamatakis on May 2018.

With greatly appreciated code contributions by:
Andre Aberer      (HITS)
Simon Berger      (HITS)
Alexey Kozlov     (HITS)
Kassian Kobert    (HITS)
David Dao         (KIT and HITS)
Sarah Lutteropp   (KIT and HITS)
Nick Pattengale   (Sandia)
Wayne Pfeiffer    (SDSC)
Akifumi S. Tanabe (NRIFS)
Charlie Taylor    (UF)


Alignment has 184 distinct alignment patterns

Proportion of gaps and completely undetermined characters in this alignment: 7.50%

RAxML rapid bootstrapping and subsequent ML search

Using 1 distinct models/data partitions with joint branch length optimization



Executing 100 rapid bootstrap inferences and thereafter a thorough ML search 

All free model parameters will be estimated by RAxML
GAMMA model of rate heterogeneity, ML estimate of alpha-parameter

GAMMA Model parameters will be estimated up to an accuracy of 0.1000000000 Log Likelihood units

Partition: 0
Alignment Patterns: 184
Name: No Name Provided
DataType: AA
Substitution Matrix: RTREV
Using empirical base frequencies




RAxML was called as follows:

raxml -f a -T 2 -m PROTGAMMARTREVF -p 12345 -x 12345 -# 100 -s ALICUT_EOG091G0D26.clustalo.aln.fasta -n EOG091G0D26.clustalo.aln.ALICUT.RTREVF 



Time for BS model parameter optimization 0.029514
Bootstrap[0]: Time 0.601521 seconds, bootstrap likelihood -2863.714990, best rearrangement setting 13
Bootstrap[1]: Time 0.489922 seconds, bootstrap likelihood -2830.335670, best rearrangement setting 13
Bootstrap[2]: Time 0.519681 seconds, bootstrap likelihood -3058.956743, best rearrangement setting 12
Bootstrap[3]: Time 0.453490 seconds, bootstrap likelihood -2944.758532, best rearrangement setting 15
Bootstrap[4]: Time 0.499761 seconds, bootstrap likelihood -3053.339420, best rearrangement setting 10
Bootstrap[5]: Time 0.545505 seconds, bootstrap likelihood -2798.361281, best rearrangement setting 10
Bootstrap[6]: Time 0.474063 seconds, bootstrap likelihood -2847.167967, best rearrangement setting 6
Bootstrap[7]: Time 0.447270 seconds, bootstrap likelihood -2717.815298, best rearrangement setting 14
Bootstrap[8]: Time 0.574031 seconds, bootstrap likelihood -3076.279843, best rearrangement setting 5
Bootstrap[9]: Time 0.488408 seconds, bootstrap likelihood -2754.697919, best rearrangement setting 7
Bootstrap[10]: Time 0.482041 seconds, bootstrap likelihood -2861.846810, best rearrangement setting 7
Bootstrap[11]: Time 0.491121 seconds, bootstrap likelihood -2940.158034, best rearrangement setting 5
Bootstrap[12]: Time 0.480080 seconds, bootstrap likelihood -2748.131674, best rearrangement setting 8
Bootstrap[13]: Time 0.542394 seconds, bootstrap likelihood -2711.580636, best rearrangement setting 7
Bootstrap[14]: Time 0.471233 seconds, bootstrap likelihood -2683.053481, best rearrangement setting 12
Bootstrap[15]: Time 0.510391 seconds, bootstrap likelihood -2654.571415, best rearrangement setting 15
Bootstrap[16]: Time 0.519920 seconds, bootstrap likelihood -3007.710989, best rearrangement setting 12
Bootstrap[17]: Time 0.497869 seconds, bootstrap likelihood -2874.647265, best rearrangement setting 12
Bootstrap[18]: Time 0.468643 seconds, bootstrap likelihood -2937.597033, best rearrangement setting 5
Bootstrap[19]: Time 0.455955 seconds, bootstrap likelihood -3066.982281, best rearrangement setting 8
Bootstrap[20]: Time 0.476142 seconds, bootstrap likelihood -2718.956323, best rearrangement setting 10
Bootstrap[21]: Time 0.469268 seconds, bootstrap likelihood -2774.888778, best rearrangement setting 6
Bootstrap[22]: Time 0.474539 seconds, bootstrap likelihood -2553.058341, best rearrangement setting 5
Bootstrap[23]: Time 0.517347 seconds, bootstrap likelihood -3040.843011, best rearrangement setting 7
Bootstrap[24]: Time 0.445929 seconds, bootstrap likelihood -2719.013163, best rearrangement setting 8
Bootstrap[25]: Time 0.471338 seconds, bootstrap likelihood -2785.411263, best rearrangement setting 6
Bootstrap[26]: Time 0.512506 seconds, bootstrap likelihood -2978.824930, best rearrangement setting 12
Bootstrap[27]: Time 0.487825 seconds, bootstrap likelihood -2774.518316, best rearrangement setting 10
Bootstrap[28]: Time 0.209833 seconds, bootstrap likelihood -2716.575234, best rearrangement setting 11
Bootstrap[29]: Time 0.477077 seconds, bootstrap likelihood -2828.230951, best rearrangement setting 12
Bootstrap[30]: Time 0.502614 seconds, bootstrap likelihood -2831.362546, best rearrangement setting 15
Bootstrap[31]: Time 0.482631 seconds, bootstrap likelihood -2929.097990, best rearrangement setting 15
Bootstrap[32]: Time 0.523184 seconds, bootstrap likelihood -2937.889119, best rearrangement setting 6
Bootstrap[33]: Time 0.472415 seconds, bootstrap likelihood -2759.397557, best rearrangement setting 15
Bootstrap[34]: Time 0.443083 seconds, bootstrap likelihood -2769.056534, best rearrangement setting 11
Bootstrap[35]: Time 0.509199 seconds, bootstrap likelihood -2774.471151, best rearrangement setting 8
Bootstrap[36]: Time 0.471716 seconds, bootstrap likelihood -2693.722518, best rearrangement setting 9
Bootstrap[37]: Time 0.426633 seconds, bootstrap likelihood -2892.172500, best rearrangement setting 11
Bootstrap[38]: Time 0.205234 seconds, bootstrap likelihood -2853.004622, best rearrangement setting 8
Bootstrap[39]: Time 0.420523 seconds, bootstrap likelihood -2793.699667, best rearrangement setting 13
Bootstrap[40]: Time 0.449876 seconds, bootstrap likelihood -2713.569142, best rearrangement setting 13
Bootstrap[41]: Time 0.502265 seconds, bootstrap likelihood -2729.865714, best rearrangement setting 10
Bootstrap[42]: Time 0.448674 seconds, bootstrap likelihood -2780.359475, best rearrangement setting 5
Bootstrap[43]: Time 0.460195 seconds, bootstrap likelihood -2792.809339, best rearrangement setting 14
Bootstrap[44]: Time 0.475590 seconds, bootstrap likelihood -2734.062022, best rearrangement setting 10
Bootstrap[45]: Time 0.428775 seconds, bootstrap likelihood -2791.876560, best rearrangement setting 15
Bootstrap[46]: Time 0.434763 seconds, bootstrap likelihood -2783.223842, best rearrangement setting 14
Bootstrap[47]: Time 0.428640 seconds, bootstrap likelihood -2568.485115, best rearrangement setting 8
Bootstrap[48]: Time 0.448403 seconds, bootstrap likelihood -2831.287758, best rearrangement setting 6
Bootstrap[49]: Time 0.517706 seconds, bootstrap likelihood -2791.148561, best rearrangement setting 7
Bootstrap[50]: Time 0.470102 seconds, bootstrap likelihood -2784.238129, best rearrangement setting 7
Bootstrap[51]: Time 0.463709 seconds, bootstrap likelihood -2857.203403, best rearrangement setting 11
Bootstrap[52]: Time 0.458210 seconds, bootstrap likelihood -2758.116640, best rearrangement setting 12
Bootstrap[53]: Time 0.591108 seconds, bootstrap likelihood -3049.230118, best rearrangement setting 8
Bootstrap[54]: Time 0.212485 seconds, bootstrap likelihood -2891.791428, best rearrangement setting 9
Bootstrap[55]: Time 0.405047 seconds, bootstrap likelihood -2723.511902, best rearrangement setting 11
Bootstrap[56]: Time 0.486984 seconds, bootstrap likelihood -2950.829071, best rearrangement setting 5
Bootstrap[57]: Time 0.554747 seconds, bootstrap likelihood -2778.239319, best rearrangement setting 7
Bootstrap[58]: Time 0.725012 seconds, bootstrap likelihood -2769.460283, best rearrangement setting 10
Bootstrap[59]: Time 0.580314 seconds, bootstrap likelihood -2751.125218, best rearrangement setting 9
Bootstrap[60]: Time 0.441987 seconds, bootstrap likelihood -2628.614413, best rearrangement setting 7
Bootstrap[61]: Time 0.480044 seconds, bootstrap likelihood -2778.662693, best rearrangement setting 5
Bootstrap[62]: Time 0.777063 seconds, bootstrap likelihood -2728.888944, best rearrangement setting 11
Bootstrap[63]: Time 0.639838 seconds, bootstrap likelihood -2695.138919, best rearrangement setting 12
Bootstrap[64]: Time 0.790971 seconds, bootstrap likelihood -2818.894857, best rearrangement setting 7
Bootstrap[65]: Time 0.800336 seconds, bootstrap likelihood -2806.126541, best rearrangement setting 5
Bootstrap[66]: Time 0.810830 seconds, bootstrap likelihood -2651.076878, best rearrangement setting 5
Bootstrap[67]: Time 0.596056 seconds, bootstrap likelihood -2930.079995, best rearrangement setting 15
Bootstrap[68]: Time 0.721196 seconds, bootstrap likelihood -2801.888643, best rearrangement setting 11
Bootstrap[69]: Time 0.774352 seconds, bootstrap likelihood -2748.141372, best rearrangement setting 5
Bootstrap[70]: Time 0.763778 seconds, bootstrap likelihood -2895.842026, best rearrangement setting 8
Bootstrap[71]: Time 0.280268 seconds, bootstrap likelihood -2897.000724, best rearrangement setting 10
Bootstrap[72]: Time 0.808575 seconds, bootstrap likelihood -3039.179014, best rearrangement setting 11
Bootstrap[73]: Time 0.655404 seconds, bootstrap likelihood -3148.948080, best rearrangement setting 9
Bootstrap[74]: Time 0.773335 seconds, bootstrap likelihood -3012.851317, best rearrangement setting 5
Bootstrap[75]: Time 0.766865 seconds, bootstrap likelihood -2912.536198, best rearrangement setting 8
Bootstrap[76]: Time 0.498474 seconds, bootstrap likelihood -2887.853041, best rearrangement setting 9
Bootstrap[77]: Time 0.537638 seconds, bootstrap likelihood -2851.547133, best rearrangement setting 11
Bootstrap[78]: Time 0.479798 seconds, bootstrap likelihood -2919.512514, best rearrangement setting 15
Bootstrap[79]: Time 0.471977 seconds, bootstrap likelihood -2898.214635, best rearrangement setting 9
Bootstrap[80]: Time 0.413400 seconds, bootstrap likelihood -2640.093358, best rearrangement setting 15
Bootstrap[81]: Time 0.460805 seconds, bootstrap likelihood -2855.734395, best rearrangement setting 7
Bootstrap[82]: Time 0.473455 seconds, bootstrap likelihood -2849.623547, best rearrangement setting 6
Bootstrap[83]: Time 0.498922 seconds, bootstrap likelihood -2803.082842, best rearrangement setting 10
Bootstrap[84]: Time 0.392098 seconds, bootstrap likelihood -2789.997401, best rearrangement setting 11
Bootstrap[85]: Time 0.431604 seconds, bootstrap likelihood -2830.734328, best rearrangement setting 8
Bootstrap[86]: Time 0.443195 seconds, bootstrap likelihood -3009.284332, best rearrangement setting 7
Bootstrap[87]: Time 0.464287 seconds, bootstrap likelihood -2767.492158, best rearrangement setting 7
Bootstrap[88]: Time 0.563865 seconds, bootstrap likelihood -2937.268903, best rearrangement setting 12
Bootstrap[89]: Time 0.459413 seconds, bootstrap likelihood -2764.717236, best rearrangement setting 10
Bootstrap[90]: Time 0.451326 seconds, bootstrap likelihood -2796.561447, best rearrangement setting 8
Bootstrap[91]: Time 0.233694 seconds, bootstrap likelihood -2854.802303, best rearrangement setting 12
Bootstrap[92]: Time 0.465069 seconds, bootstrap likelihood -2707.735511, best rearrangement setting 13
Bootstrap[93]: Time 0.460010 seconds, bootstrap likelihood -2687.367518, best rearrangement setting 15
Bootstrap[94]: Time 0.467617 seconds, bootstrap likelihood -2917.182260, best rearrangement setting 5
Bootstrap[95]: Time 0.499746 seconds, bootstrap likelihood -2759.586739, best rearrangement setting 5
Bootstrap[96]: Time 0.436402 seconds, bootstrap likelihood -2628.503245, best rearrangement setting 13
Bootstrap[97]: Time 0.473469 seconds, bootstrap likelihood -2622.693322, best rearrangement setting 11
Bootstrap[98]: Time 0.553180 seconds, bootstrap likelihood -2984.099048, best rearrangement setting 6
Bootstrap[99]: Time 0.463754 seconds, bootstrap likelihood -2635.497756, best rearrangement setting 14


Overall Time for 100 Rapid Bootstraps 50.547654 seconds
Average Time per Rapid Bootstrap 0.505477 seconds

Starting ML Search ...

Fast ML optimization finished

Fast ML search Time: 35.929271 seconds

Slow ML Search 0 Likelihood: -2852.531390
Slow ML Search 1 Likelihood: -2852.531390
Slow ML Search 2 Likelihood: -2852.531390
Slow ML Search 3 Likelihood: -2852.531390
Slow ML Search 4 Likelihood: -2852.531390
Slow ML Search 5 Likelihood: -2852.531390
Slow ML Search 6 Likelihood: -2852.531390
Slow ML Search 7 Likelihood: -2852.531390
Slow ML Search 8 Likelihood: -2852.531390
Slow ML Search 9 Likelihood: -2852.531390
Slow ML optimization finished

Slow ML search Time: 11.805080 seconds
Thorough ML search Time: 0.825591 seconds

Final ML Optimization Likelihood: -2852.531390

Model Information:

Model Parameters of Partition 0, Name: No Name Provided, Type of Data: AA
alpha: 1.095276
Tree-Length: 3.599729
rate A <-> R: 0.324427
rate A <-> N: 0.486641
rate A <-> D: 0.095420
rate A <-> C: 4.188931
rate A <-> Q: 0.305344
rate A <-> E: 0.772901
rate A <-> G: 1.288168
rate A <-> H: 0.286260
rate A <-> I: 0.009542
rate A <-> L: 0.429389
rate A <-> K: 0.362595
rate A <-> M: 2.242366
rate A <-> F: 0.009542
rate A <-> P: 0.925573
rate A <-> S: 4.389313
rate A <-> T: 2.461832
rate A <-> W: 0.047710
rate A <-> Y: 0.524809
rate A <-> V: 1.879771
rate R <-> N: 0.333969
rate R <-> D: 0.286260
rate R <-> C: 0.877863
rate R <-> Q: 2.108779
rate R <-> E: 0.095420
rate R <-> G: 0.391221
rate R <-> H: 0.858779
rate R <-> I: 0.229008
rate R <-> L: 0.171756
rate R <-> K: 5.658397
rate R <-> M: 0.543893
rate R <-> F: 0.066794
rate R <-> P: 0.229008
rate R <-> S: 0.973282
rate R <-> T: 0.610687
rate R <-> W: 0.124046
rate R <-> Y: 0.448473
rate R <-> V: 0.276718
rate N <-> D: 3.664122
rate N <-> C: 1.221374
rate N <-> Q: 2.251908
rate N <-> E: 0.753817
rate N <-> G: 0.896947
rate N <-> H: 3.053435
rate N <-> I: 0.333969
rate N <-> L: 0.143130
rate N <-> K: 1.173664
rate N <-> M: 0.009542
rate N <-> F: 0.467557
rate N <-> P: 0.314885
rate N <-> S: 2.805344
rate N <-> T: 1.412214
rate N <-> W: 0.152672
rate N <-> Y: 0.267176
rate N <-> V: 0.200382
rate D <-> C: 0.009542
rate D <-> Q: 0.744275
rate D <-> E: 5.171756
rate D <-> G: 0.582061
rate D <-> H: 0.868321
rate D <-> I: 0.009542
rate D <-> L: 0.047710
rate D <-> K: 0.190840
rate D <-> M: 0.009542
rate D <-> F: 0.009542
rate D <-> P: 0.524809
rate D <-> S: 1.297710
rate D <-> T: 0.524809
rate D <-> W: 0.009542
rate D <-> Y: 0.009542
rate D <-> V: 0.057252
rate C <-> Q: 0.667939
rate C <-> E: 0.009542
rate C <-> G: 0.458015
rate C <-> H: 1.183206
rate C <-> I: 0.992366
rate C <-> L: 1.049618
rate C <-> K: 0.152672
rate C <-> M: 1.488550
rate C <-> F: 0.667939
rate C <-> P: 0.009542
rate C <-> S: 0.715649
rate C <-> T: 1.116412
rate C <-> W: 0.524809
rate C <-> Y: 1.250000
rate C <-> V: 2.814885
rate Q <-> E: 3.549618
rate Q <-> G: 0.171756
rate Q <-> H: 3.692748
rate Q <-> I: 0.314885
rate Q <-> L: 0.515267
rate Q <-> K: 2.948473
rate Q <-> M: 1.507634
rate Q <-> F: 0.009542
rate Q <-> P: 0.648855
rate Q <-> S: 2.146947
rate Q <-> T: 1.393130
rate Q <-> W: 0.095420
rate Q <-> Y: 0.429389
rate Q <-> V: 0.343511
rate E <-> G: 0.667939
rate E <-> H: 0.324427
rate E <-> I: 0.009542
rate E <-> L: 0.200382
rate E <-> K: 1.345420
rate E <-> M: 0.009542
rate E <-> F: 0.009542
rate E <-> P: 0.496183
rate E <-> S: 0.906489
rate E <-> T: 0.782443
rate E <-> W: 0.162214
rate E <-> Y: 0.009542
rate E <-> V: 0.333969
rate G <-> H: 0.648855
rate G <-> I: 0.009542
rate G <-> L: 0.028626
rate G <-> K: 0.286260
rate G <-> M: 0.353053
rate G <-> F: 0.066794
rate G <-> P: 0.162214
rate G <-> S: 1.450382
rate G <-> T: 0.066794
rate G <-> W: 0.219466
rate G <-> Y: 0.200382
rate G <-> V: 0.028626
rate H <-> I: 0.324427
rate H <-> L: 0.486641
rate H <-> K: 0.725191
rate H <-> M: 1.106870
rate H <-> F: 1.345420
rate H <-> P: 0.419847
rate H <-> S: 1.746183
rate H <-> T: 0.467557
rate H <-> W: 0.458015
rate H <-> Y: 2.929389
rate H <-> V: 0.009542
rate I <-> L: 3.673664
rate I <-> K: 0.324427
rate I <-> M: 3.578244
rate I <-> F: 0.610687
rate I <-> P: 0.095420
rate I <-> S: 0.038168
rate I <-> T: 0.687023
rate I <-> W: 0.372137
rate I <-> Y: 0.248092
rate I <-> V: 10.000000
rate L <-> K: 0.219466
rate L <-> M: 5.543893
rate L <-> F: 1.708015
rate L <-> P: 0.209924
rate L <-> S: 0.229008
rate L <-> T: 0.238550
rate L <-> W: 0.448473
rate L <-> Y: 0.610687
rate L <-> V: 1.068702
rate K <-> M: 1.278626
rate K <-> F: 0.133588
rate K <-> P: 0.410305
rate K <-> S: 0.734733
rate K <-> T: 1.049618
rate K <-> W: 0.057252
rate K <-> Y: 0.009542
rate K <-> V: 0.181298
rate M <-> F: 2.356870
rate M <-> P: 0.009542
rate M <-> S: 0.009542
rate M <-> T: 1.250000
rate M <-> W: 1.059160
rate M <-> Y: 0.706107
rate M <-> V: 2.251908
rate F <-> P: 0.104962
rate F <-> S: 0.190840
rate F <-> T: 0.658397
rate F <-> W: 1.736641
rate F <-> Y: 9.704198
rate F <-> V: 0.877863
rate P <-> S: 1.278626
rate P <-> T: 0.591603
rate P <-> W: 0.085878
rate P <-> Y: 0.133588
rate P <-> V: 0.238550
rate S <-> T: 6.402672
rate S <-> W: 0.133588
rate S <-> Y: 0.295802
rate S <-> V: 0.372137
rate T <-> W: 0.009542
rate T <-> Y: 0.324427
rate T <-> V: 1.870229
rate W <-> Y: 1.679389
rate W <-> V: 0.248092
rate Y <-> V: 0.562977

freq pi(A): 0.050226
freq pi(R): 0.066694
freq pi(N): 0.055167
freq pi(D): 0.061342
freq pi(C): 0.016056
freq pi(Q): 0.030054
freq pi(E): 0.069988
freq pi(G): 0.047345
freq pi(H): 0.039522
freq pi(I): 0.064224
freq pi(L): 0.088102
freq pi(K): 0.079457
freq pi(M): 0.016056
freq pi(F): 0.051462
freq pi(P): 0.072458
freq pi(S): 0.055990
freq pi(T): 0.040346
freq pi(W): 0.009469
freq pi(Y): 0.023055
freq pi(V): 0.062989


ML search took 48.583406 secs or 0.013495 hours

Combined Bootstrap and ML search took 99.131293 secs or 0.027536 hours

Drawing Bootstrap Support Values on best-scoring ML tree ...



Found 1 tree in File /in/RAxML_bestTree.EOG091G0D26.clustalo.aln.ALICUT.RTREVF



Found 1 tree in File /in/RAxML_bestTree.EOG091G0D26.clustalo.aln.ALICUT.RTREVF

Program execution info written to /in/RAxML_info.EOG091G0D26.clustalo.aln.ALICUT.RTREVF
All 100 bootstrapped trees written to: /in/RAxML_bootstrap.EOG091G0D26.clustalo.aln.ALICUT.RTREVF

Best-scoring ML tree written to: /in/RAxML_bestTree.EOG091G0D26.clustalo.aln.ALICUT.RTREVF

Best-scoring ML tree with support values written to: /in/RAxML_bipartitions.EOG091G0D26.clustalo.aln.ALICUT.RTREVF

Best-scoring ML tree with support values as branch labels written to: /in/RAxML_bipartitionsBranchLabels.EOG091G0D26.clustalo.aln.ALICUT.RTREVF

Overall execution time for full ML analysis: 99.133300 secs or 0.027537 hours or 0.001147 days

