
	reading taxa from FASTA ...


	C.sinensis           -> sites: 523   
	T.solium             -> sites: 523   
	O.viverrini          -> sites: 523   
	N.vectensis          -> sites: 523   
	R.norvegicus         -> sites: 523   
	H.robusta            -> sites: 523   
	D.melanogaster       -> sites: 523   
	G.turnbulli          -> sites: 523   
	H.microstoma         -> sites: 523   
	D.rerio              -> sites: 523   
	G.salaris            -> sites: 523   
	E.granulosus         -> sites: 523   
	C.intestinalis       -> sites: 523   


	data type             : amino acid sequences

	input ...

	infile		: EOG091G06HP.clustalo.aln.fasta
	random pairs	: 200000000000000000
	window size	: 6
	indels		: ambiguous
	tree file	: -
	node level	: -
	strict profile	: -
	outgroup	: -
	matrix          : BLOSUM62

	number of taxa        : 13
	random number of pairs: 200000000000000000

	generates threshhold value for amino acid data
	using BLOSUM62

	checks for (potential) identical taxa


	scores site patterns ...


	max number of different pairs is 78
	max random pairs are scored!

	pair: 1      ->	taxon1: C.sinensis	taxon2: T.solium  
	            	positions below base line: 177
	pair: 2      ->	taxon1: C.sinensis	taxon2: O.viverrin
	            	positions below base line: 70
	pair: 3      ->	taxon1: C.sinensis	taxon2: N.vectensi
	            	positions below base line: 124
	pair: 4      ->	taxon1: C.sinensis	taxon2: R.norvegic
	            	positions below base line: 129
	pair: 5      ->	taxon1: C.sinensis	taxon2: H.robusta 
	            	positions below base line: 130
	pair: 6      ->	taxon1: C.sinensis	taxon2: D.melanoga
	            	positions below base line: 135
	pair: 7      ->	taxon1: C.sinensis	taxon2: G.turnbull
	            	positions below base line: 150
	pair: 8      ->	taxon1: C.sinensis	taxon2: H.microsto
	            	positions below base line: 264
	pair: 9      ->	taxon1: C.sinensis	taxon2: D.rerio   
	            	positions below base line: 124
	pair: 10     ->	taxon1: C.sinensis	taxon2: G.salaris 
	            	positions below base line: 125
	pair: 11     ->	taxon1: C.sinensis	taxon2: E.granulos
	            	positions below base line: 119
	pair: 12     ->	taxon1: C.sinensis	taxon2: C.intestin
	            	positions below base line: 126
	pair: 13     ->	taxon1: T.solium  	taxon2: O.viverrin
	            	positions below base line: 202
	pair: 14     ->	taxon1: T.solium  	taxon2: N.vectensi
	            	positions below base line: 204
	pair: 15     ->	taxon1: T.solium  	taxon2: R.norvegic
	            	positions below base line: 206
	pair: 16     ->	taxon1: T.solium  	taxon2: H.robusta 
	            	positions below base line: 207
	pair: 17     ->	taxon1: T.solium  	taxon2: D.melanoga
	            	positions below base line: 204
	pair: 18     ->	taxon1: T.solium  	taxon2: G.turnbull
	            	positions below base line: 217
	pair: 19     ->	taxon1: T.solium  	taxon2: H.microsto
	            	positions below base line: 266
	pair: 20     ->	taxon1: T.solium  	taxon2: D.rerio   
	            	positions below base line: 201
	pair: 21     ->	taxon1: T.solium  	taxon2: G.salaris 
	            	positions below base line: 205
	pair: 22     ->	taxon1: T.solium  	taxon2: E.granulos
	            	positions below base line: 151
	pair: 23     ->	taxon1: T.solium  	taxon2: C.intestin
	            	positions below base line: 206
	pair: 24     ->	taxon1: O.viverrin	taxon2: N.vectensi
	            	positions below base line: 135
	pair: 25     ->	taxon1: O.viverrin	taxon2: R.norvegic
	            	positions below base line: 137
	pair: 26     ->	taxon1: O.viverrin	taxon2: H.robusta 
	            	positions below base line: 130
	pair: 27     ->	taxon1: O.viverrin	taxon2: D.melanoga
	            	positions below base line: 146
	pair: 28     ->	taxon1: O.viverrin	taxon2: G.turnbull
	            	positions below base line: 149
	pair: 29     ->	taxon1: O.viverrin	taxon2: H.microsto
	            	positions below base line: 264
	pair: 30     ->	taxon1: O.viverrin	taxon2: D.rerio   
	            	positions below base line: 130
	pair: 31     ->	taxon1: O.viverrin	taxon2: G.salaris 
	            	positions below base line: 128
	pair: 32     ->	taxon1: O.viverrin	taxon2: E.granulos
	            	positions below base line: 145
	pair: 33     ->	taxon1: O.viverrin	taxon2: C.intestin
	            	positions below base line: 139
	pair: 34     ->	taxon1: N.vectensi	taxon2: R.norvegic
	            	positions below base line: 84
	pair: 35     ->	taxon1: N.vectensi	taxon2: H.robusta 
	            	positions below base line: 87
	pair: 36     ->	taxon1: N.vectensi	taxon2: D.melanoga
	            	positions below base line: 110
	pair: 37     ->	taxon1: N.vectensi	taxon2: G.turnbull
	            	positions below base line: 133
	pair: 38     ->	taxon1: N.vectensi	taxon2: H.microsto
	            	positions below base line: 274
	pair: 39     ->	taxon1: N.vectensi	taxon2: D.rerio   
	            	positions below base line: 75
	pair: 40     ->	taxon1: N.vectensi	taxon2: G.salaris 
	            	positions below base line: 119
	pair: 41     ->	taxon1: N.vectensi	taxon2: E.granulos
	            	positions below base line: 148
	pair: 42     ->	taxon1: N.vectensi	taxon2: C.intestin
	            	positions below base line: 84
	pair: 43     ->	taxon1: R.norvegic	taxon2: H.robusta 
	            	positions below base line: 96
	pair: 44     ->	taxon1: R.norvegic	taxon2: D.melanoga
	            	positions below base line: 122
	pair: 45     ->	taxon1: R.norvegic	taxon2: G.turnbull
	            	positions below base line: 142
	pair: 46     ->	taxon1: R.norvegic	taxon2: H.microsto
	            	positions below base line: 272
	pair: 47     ->	taxon1: R.norvegic	taxon2: D.rerio   
	            	positions below base line: 41
	pair: 48     ->	taxon1: R.norvegic	taxon2: G.salaris 
	            	positions below base line: 124
	pair: 49     ->	taxon1: R.norvegic	taxon2: E.granulos
	            	positions below base line: 149
	pair: 50     ->	taxon1: R.norvegic	taxon2: C.intestin
	            	positions below base line: 70
	pair: 51     ->	taxon1: H.robusta 	taxon2: D.melanoga
	            	positions below base line: 125
	pair: 52     ->	taxon1: H.robusta 	taxon2: G.turnbull
	            	positions below base line: 154
	pair: 53     ->	taxon1: H.robusta 	taxon2: H.microsto
	            	positions below base line: 284
	pair: 54     ->	taxon1: H.robusta 	taxon2: D.rerio   
	            	positions below base line: 91
	pair: 55     ->	taxon1: H.robusta 	taxon2: G.salaris 
	            	positions below base line: 118
	pair: 56     ->	taxon1: H.robusta 	taxon2: E.granulos
	            	positions below base line: 164
	pair: 57     ->	taxon1: H.robusta 	taxon2: C.intestin
	            	positions below base line: 99
	pair: 58     ->	taxon1: D.melanoga	taxon2: G.turnbull
	            	positions below base line: 150
	pair: 59     ->	taxon1: D.melanoga	taxon2: H.microsto
	            	positions below base line: 278
	pair: 60     ->	taxon1: D.melanoga	taxon2: D.rerio   
	            	positions below base line: 115
	pair: 61     ->	taxon1: D.melanoga	taxon2: G.salaris 
	            	positions below base line: 141
	pair: 62     ->	taxon1: D.melanoga	taxon2: E.granulos
	            	positions below base line: 136
	pair: 63     ->	taxon1: D.melanoga	taxon2: C.intestin
	            	positions below base line: 111
	pair: 64     ->	taxon1: G.turnbull	taxon2: H.microsto
	            	positions below base line: 277
	pair: 65     ->	taxon1: G.turnbull	taxon2: D.rerio   
	            	positions below base line: 129
	pair: 66     ->	taxon1: G.turnbull	taxon2: G.salaris 
	            	positions below base line: 90
	pair: 67     ->	taxon1: G.turnbull	taxon2: E.granulos
	            	positions below base line: 165
	pair: 68     ->	taxon1: G.turnbull	taxon2: C.intestin
	            	positions below base line: 126
	pair: 69     ->	taxon1: H.microsto	taxon2: D.rerio   
	            	positions below base line: 272
	pair: 70     ->	taxon1: H.microsto	taxon2: G.salaris 
	            	positions below base line: 276
	pair: 71     ->	taxon1: H.microsto	taxon2: E.granulos
	            	positions below base line: 266
	pair: 72     ->	taxon1: H.microsto	taxon2: C.intestin
	            	positions below base line: 270
	pair: 73     ->	taxon1: D.rerio   	taxon2: G.salaris 
	            	positions below base line: 123
	pair: 74     ->	taxon1: D.rerio   	taxon2: E.granulos
	            	positions below base line: 148
	pair: 75     ->	taxon1: D.rerio   	taxon2: C.intestin
	            	positions below base line: 72
	pair: 76     ->	taxon1: G.salaris 	taxon2: E.granulos
	            	positions below base line: 153
	pair: 77     ->	taxon1: G.salaris 	taxon2: C.intestin
	            	positions below base line: 127
	pair: 78     ->	taxon1: E.granulos	taxon2: C.intestin
	            	positions below base line: 152

	generates quality profile from collected scores ...


	scoring done ...


	generates vector plot from collected scores ...


Argument "-" treated as 0 in increment (++) at /usr/bin/Aliscore.pl line 1213.
	Profile written to EOG091G06HP.clustalo.aln.fasta_Profile_random.txt
	List   written to EOG091G06HP.clustalo.aln.fasta_List_random.txt

	time used: 3.97 sec

