
WARNING: The number of threads is currently set to 1
You can specify the number of threads to run via -T numberOfThreads
NumberOfThreads must be set to an integer value greater than 1

RAxML, will now set the number of threads automatically to 2 !


RAxML can't, parse the alignment file as phylip file 
it will now try to parse it as FASTA file


This is the RAxML Master Pthread

This is RAxML Worker Pthread Number: 1


This is RAxML version 8.2.12 released by Alexandros Stamatakis on May 2018.

With greatly appreciated code contributions by:
Andre Aberer      (HITS)
Simon Berger      (HITS)
Alexey Kozlov     (HITS)
Kassian Kobert    (HITS)
David Dao         (KIT and HITS)
Sarah Lutteropp   (KIT and HITS)
Nick Pattengale   (Sandia)
Wayne Pfeiffer    (SDSC)
Akifumi S. Tanabe (NRIFS)
Charlie Taylor    (UF)


Alignment has 340 distinct alignment patterns

Proportion of gaps and completely undetermined characters in this alignment: 11.46%

RAxML rapid bootstrapping and subsequent ML search

Using 1 distinct models/data partitions with joint branch length optimization



Executing 100 rapid bootstrap inferences and thereafter a thorough ML search 

All free model parameters will be estimated by RAxML
GAMMA model of rate heterogeneity, ML estimate of alpha-parameter

GAMMA Model parameters will be estimated up to an accuracy of 0.1000000000 Log Likelihood units

Partition: 0
Alignment Patterns: 340
Name: No Name Provided
DataType: AA
Substitution Matrix: LG
Using empirical base frequencies




RAxML was called as follows:

raxml -f a -T 1 -m PROTGAMMALGF -p 12345 -x 12345 -# 100 -s ALICUT_EOG091G05SE.clustalo.aln.fasta -n EOG091G05SE.clustalo.aln.ALICUT.LGF 



Time for BS model parameter optimization 0.046821
Bootstrap[0]: Time 0.804030 seconds, bootstrap likelihood -4995.346047, best rearrangement setting 13
Bootstrap[1]: Time 0.754074 seconds, bootstrap likelihood -5068.885881, best rearrangement setting 13
Bootstrap[2]: Time 0.701507 seconds, bootstrap likelihood -4897.696007, best rearrangement setting 12
Bootstrap[3]: Time 0.688315 seconds, bootstrap likelihood -5225.601020, best rearrangement setting 15
Bootstrap[4]: Time 0.706818 seconds, bootstrap likelihood -5049.507373, best rearrangement setting 10
Bootstrap[5]: Time 0.736364 seconds, bootstrap likelihood -5252.982258, best rearrangement setting 10
Bootstrap[6]: Time 0.721142 seconds, bootstrap likelihood -5144.791380, best rearrangement setting 6
Bootstrap[7]: Time 0.733096 seconds, bootstrap likelihood -5266.531487, best rearrangement setting 14
Bootstrap[8]: Time 0.726523 seconds, bootstrap likelihood -5106.107140, best rearrangement setting 5
Bootstrap[9]: Time 0.724749 seconds, bootstrap likelihood -5231.321585, best rearrangement setting 7
Bootstrap[10]: Time 0.697997 seconds, bootstrap likelihood -5096.034414, best rearrangement setting 7
Bootstrap[11]: Time 0.677713 seconds, bootstrap likelihood -5224.482981, best rearrangement setting 5
Bootstrap[12]: Time 0.647125 seconds, bootstrap likelihood -5099.948522, best rearrangement setting 8
Bootstrap[13]: Time 0.692208 seconds, bootstrap likelihood -5369.459478, best rearrangement setting 7
Bootstrap[14]: Time 0.699477 seconds, bootstrap likelihood -5073.240393, best rearrangement setting 12
Bootstrap[15]: Time 0.743929 seconds, bootstrap likelihood -5055.716890, best rearrangement setting 15
Bootstrap[16]: Time 0.669093 seconds, bootstrap likelihood -5063.571195, best rearrangement setting 12
Bootstrap[17]: Time 0.677834 seconds, bootstrap likelihood -5150.543098, best rearrangement setting 12
Bootstrap[18]: Time 0.727637 seconds, bootstrap likelihood -4957.852786, best rearrangement setting 5
Bootstrap[19]: Time 0.723296 seconds, bootstrap likelihood -5346.467174, best rearrangement setting 8
Bootstrap[20]: Time 0.661013 seconds, bootstrap likelihood -5157.675790, best rearrangement setting 10
Bootstrap[21]: Time 0.625318 seconds, bootstrap likelihood -5080.033373, best rearrangement setting 6
Bootstrap[22]: Time 0.644556 seconds, bootstrap likelihood -5186.279799, best rearrangement setting 5
Bootstrap[23]: Time 0.757390 seconds, bootstrap likelihood -5261.967586, best rearrangement setting 7
Bootstrap[24]: Time 0.646845 seconds, bootstrap likelihood -4990.821349, best rearrangement setting 8
Bootstrap[25]: Time 0.692134 seconds, bootstrap likelihood -5154.251622, best rearrangement setting 6
Bootstrap[26]: Time 0.692382 seconds, bootstrap likelihood -5274.972248, best rearrangement setting 12
Bootstrap[27]: Time 0.647792 seconds, bootstrap likelihood -5096.105595, best rearrangement setting 10
Bootstrap[28]: Time 0.709079 seconds, bootstrap likelihood -5230.308617, best rearrangement setting 11
Bootstrap[29]: Time 0.714267 seconds, bootstrap likelihood -5153.403747, best rearrangement setting 12
Bootstrap[30]: Time 0.678222 seconds, bootstrap likelihood -5122.530752, best rearrangement setting 15
Bootstrap[31]: Time 0.764011 seconds, bootstrap likelihood -5229.930408, best rearrangement setting 15
Bootstrap[32]: Time 0.658565 seconds, bootstrap likelihood -4783.737374, best rearrangement setting 6
Bootstrap[33]: Time 0.750544 seconds, bootstrap likelihood -5243.224590, best rearrangement setting 15
Bootstrap[34]: Time 0.701525 seconds, bootstrap likelihood -5072.820166, best rearrangement setting 11
Bootstrap[35]: Time 0.704302 seconds, bootstrap likelihood -5068.257728, best rearrangement setting 8
Bootstrap[36]: Time 0.695253 seconds, bootstrap likelihood -5000.790118, best rearrangement setting 9
Bootstrap[37]: Time 0.748443 seconds, bootstrap likelihood -4911.717675, best rearrangement setting 11
Bootstrap[38]: Time 0.701473 seconds, bootstrap likelihood -4887.879435, best rearrangement setting 8
Bootstrap[39]: Time 0.735399 seconds, bootstrap likelihood -4955.327361, best rearrangement setting 13
Bootstrap[40]: Time 0.722205 seconds, bootstrap likelihood -4950.998725, best rearrangement setting 13
Bootstrap[41]: Time 0.688093 seconds, bootstrap likelihood -5385.484561, best rearrangement setting 10
Bootstrap[42]: Time 0.730435 seconds, bootstrap likelihood -5266.751523, best rearrangement setting 5
Bootstrap[43]: Time 0.722989 seconds, bootstrap likelihood -5038.820361, best rearrangement setting 14
Bootstrap[44]: Time 0.630231 seconds, bootstrap likelihood -5118.715055, best rearrangement setting 10
Bootstrap[45]: Time 0.693249 seconds, bootstrap likelihood -5434.277826, best rearrangement setting 15
Bootstrap[46]: Time 0.730044 seconds, bootstrap likelihood -4973.635297, best rearrangement setting 14
Bootstrap[47]: Time 0.682085 seconds, bootstrap likelihood -5108.564830, best rearrangement setting 8
Bootstrap[48]: Time 0.683473 seconds, bootstrap likelihood -5224.911068, best rearrangement setting 6
Bootstrap[49]: Time 0.682189 seconds, bootstrap likelihood -5187.962289, best rearrangement setting 7
Bootstrap[50]: Time 0.769689 seconds, bootstrap likelihood -5357.132336, best rearrangement setting 7
Bootstrap[51]: Time 0.689602 seconds, bootstrap likelihood -5026.859638, best rearrangement setting 11
Bootstrap[52]: Time 0.672363 seconds, bootstrap likelihood -5255.881608, best rearrangement setting 12
Bootstrap[53]: Time 0.656834 seconds, bootstrap likelihood -4974.679425, best rearrangement setting 8
Bootstrap[54]: Time 0.689195 seconds, bootstrap likelihood -4950.099170, best rearrangement setting 9
Bootstrap[55]: Time 0.801642 seconds, bootstrap likelihood -5229.100944, best rearrangement setting 11
Bootstrap[56]: Time 0.754336 seconds, bootstrap likelihood -5225.986425, best rearrangement setting 5
Bootstrap[57]: Time 0.642435 seconds, bootstrap likelihood -4957.844640, best rearrangement setting 7
Bootstrap[58]: Time 0.656215 seconds, bootstrap likelihood -5051.649235, best rearrangement setting 10
Bootstrap[59]: Time 0.667127 seconds, bootstrap likelihood -5197.095049, best rearrangement setting 9
Bootstrap[60]: Time 0.644624 seconds, bootstrap likelihood -5133.664340, best rearrangement setting 7
Bootstrap[61]: Time 0.689471 seconds, bootstrap likelihood -5172.975958, best rearrangement setting 5
Bootstrap[62]: Time 0.330174 seconds, bootstrap likelihood -5339.778875, best rearrangement setting 11
Bootstrap[63]: Time 0.667735 seconds, bootstrap likelihood -5184.100399, best rearrangement setting 12
Bootstrap[64]: Time 0.710890 seconds, bootstrap likelihood -5031.769051, best rearrangement setting 7
Bootstrap[65]: Time 0.698404 seconds, bootstrap likelihood -4830.340896, best rearrangement setting 5
Bootstrap[66]: Time 0.707346 seconds, bootstrap likelihood -5094.895666, best rearrangement setting 5
Bootstrap[67]: Time 0.713884 seconds, bootstrap likelihood -5283.485955, best rearrangement setting 15
Bootstrap[68]: Time 0.719985 seconds, bootstrap likelihood -5100.822505, best rearrangement setting 11
Bootstrap[69]: Time 0.657217 seconds, bootstrap likelihood -5166.273449, best rearrangement setting 5
Bootstrap[70]: Time 0.665687 seconds, bootstrap likelihood -4966.699863, best rearrangement setting 8
Bootstrap[71]: Time 0.725003 seconds, bootstrap likelihood -5146.844715, best rearrangement setting 10
Bootstrap[72]: Time 0.724570 seconds, bootstrap likelihood -5200.604031, best rearrangement setting 11
Bootstrap[73]: Time 0.734496 seconds, bootstrap likelihood -5187.408006, best rearrangement setting 9
Bootstrap[74]: Time 0.723423 seconds, bootstrap likelihood -4882.026749, best rearrangement setting 5
Bootstrap[75]: Time 0.704288 seconds, bootstrap likelihood -5168.114483, best rearrangement setting 8
Bootstrap[76]: Time 0.727612 seconds, bootstrap likelihood -5181.070186, best rearrangement setting 9
Bootstrap[77]: Time 0.694108 seconds, bootstrap likelihood -5519.449342, best rearrangement setting 11
Bootstrap[78]: Time 0.695233 seconds, bootstrap likelihood -5206.890793, best rearrangement setting 15
Bootstrap[79]: Time 0.684046 seconds, bootstrap likelihood -5112.126271, best rearrangement setting 9
Bootstrap[80]: Time 0.756564 seconds, bootstrap likelihood -5254.472542, best rearrangement setting 15
Bootstrap[81]: Time 0.678116 seconds, bootstrap likelihood -5250.335455, best rearrangement setting 7
Bootstrap[82]: Time 0.738457 seconds, bootstrap likelihood -5338.161729, best rearrangement setting 6
Bootstrap[83]: Time 0.689718 seconds, bootstrap likelihood -5163.882935, best rearrangement setting 10
Bootstrap[84]: Time 0.691682 seconds, bootstrap likelihood -4932.706347, best rearrangement setting 11
Bootstrap[85]: Time 0.703524 seconds, bootstrap likelihood -5011.371924, best rearrangement setting 8
Bootstrap[86]: Time 0.715808 seconds, bootstrap likelihood -5172.885892, best rearrangement setting 7
Bootstrap[87]: Time 0.706770 seconds, bootstrap likelihood -4850.543958, best rearrangement setting 7
Bootstrap[88]: Time 0.608674 seconds, bootstrap likelihood -4970.180786, best rearrangement setting 12
Bootstrap[89]: Time 0.697907 seconds, bootstrap likelihood -5435.109829, best rearrangement setting 10
Bootstrap[90]: Time 0.715246 seconds, bootstrap likelihood -5235.971992, best rearrangement setting 8
Bootstrap[91]: Time 0.701285 seconds, bootstrap likelihood -4972.349724, best rearrangement setting 12
Bootstrap[92]: Time 0.682534 seconds, bootstrap likelihood -5194.483186, best rearrangement setting 13
Bootstrap[93]: Time 0.690764 seconds, bootstrap likelihood -5192.003651, best rearrangement setting 15
Bootstrap[94]: Time 0.600087 seconds, bootstrap likelihood -5146.600351, best rearrangement setting 5
Bootstrap[95]: Time 0.684206 seconds, bootstrap likelihood -4979.672533, best rearrangement setting 5
Bootstrap[96]: Time 0.759946 seconds, bootstrap likelihood -5143.118709, best rearrangement setting 13
Bootstrap[97]: Time 0.729220 seconds, bootstrap likelihood -5120.521205, best rearrangement setting 11
Bootstrap[98]: Time 0.728996 seconds, bootstrap likelihood -4839.298972, best rearrangement setting 6
Bootstrap[99]: Time 0.749893 seconds, bootstrap likelihood -5044.659219, best rearrangement setting 14


Overall Time for 100 Rapid Bootstraps 69.814090 seconds
Average Time per Rapid Bootstrap 0.698141 seconds

Starting ML Search ...

Fast ML optimization finished

Fast ML search Time: 56.632794 seconds

Slow ML Search 0 Likelihood: -5163.624136
Slow ML Search 1 Likelihood: -5163.624136
Slow ML Search 2 Likelihood: -5163.624136
Slow ML Search 3 Likelihood: -5163.624136
Slow ML Search 4 Likelihood: -5163.624136
Slow ML Search 5 Likelihood: -5163.624136
Slow ML Search 6 Likelihood: -5163.624136
Slow ML Search 7 Likelihood: -5163.624136
Slow ML Search 8 Likelihood: -5163.624136
Slow ML Search 9 Likelihood: -5163.624136
Slow ML optimization finished

Slow ML search Time: 17.401958 seconds
Thorough ML search Time: 1.117458 seconds

Final ML Optimization Likelihood: -5163.624138

Model Information:

Model Parameters of Partition 0, Name: No Name Provided, Type of Data: AA
alpha: 1.416019
Tree-Length: 4.366531
rate A <-> R: 0.399182
rate A <-> N: 0.259945
rate A <-> D: 0.371058
rate A <-> C: 2.337364
rate A <-> Q: 0.910775
rate A <-> E: 0.975241
rate A <-> G: 1.940106
rate A <-> H: 0.336984
rate A <-> I: 0.140697
rate A <-> L: 0.371240
rate A <-> K: 0.503815
rate A <-> M: 1.055520
rate A <-> F: 0.238237
rate A <-> P: 1.105868
rate A <-> S: 4.439041
rate A <-> T: 2.009090
rate A <-> W: 0.169702
rate A <-> Y: 0.205613
rate A <-> V: 2.392567
rate R <-> N: 0.706048
rate R <-> D: 0.116398
rate R <-> C: 0.501968
rate R <-> Q: 2.636754
rate R <-> E: 0.341785
rate R <-> G: 0.366408
rate R <-> H: 2.278690
rate R <-> I: 0.119250
rate R <-> L: 0.283449
rate R <-> K: 5.940467
rate R <-> M: 0.454623
rate R <-> F: 0.049508
rate R <-> P: 0.312264
rate R <-> S: 0.805843
rate R <-> T: 0.543695
rate R <-> W: 0.557424
rate R <-> Y: 0.295274
rate R <-> V: 0.160471
rate N <-> D: 4.766737
rate N <-> C: 0.496537
rate N <-> Q: 1.592389
rate N <-> E: 0.508692
rate N <-> G: 1.350015
rate N <-> H: 4.234381
rate N <-> I: 0.179830
rate N <-> L: 0.064256
rate N <-> K: 2.014327
rate N <-> M: 0.348390
rate N <-> F: 0.084068
rate N <-> P: 0.151925
rate N <-> S: 3.764032
rate N <-> T: 1.878729
rate N <-> W: 0.042610
rate N <-> Y: 0.574720
rate N <-> V: 0.078587
rate D <-> C: 0.058743
rate D <-> Q: 0.491483
rate D <-> E: 4.924234
rate D <-> G: 0.793424
rate D <-> H: 0.870603
rate D <-> I: 0.010038
rate D <-> L: 0.014157
rate D <-> K: 0.265711
rate D <-> M: 0.023991
rate D <-> F: 0.016354
rate D <-> P: 0.370412
rate D <-> S: 1.164675
rate D <-> T: 0.399902
rate D <-> W: 0.028068
rate D <-> Y: 0.126872
rate D <-> V: 0.035653
rate C <-> Q: 0.079639
rate C <-> E: 0.003286
rate C <-> G: 0.534566
rate C <-> H: 0.601499
rate C <-> I: 0.301083
rate C <-> L: 0.557800
rate C <-> K: 0.012457
rate C <-> M: 0.839207
rate C <-> F: 1.037881
rate C <-> P: 0.070787
rate C <-> S: 2.614753
rate C <-> T: 1.073780
rate C <-> W: 0.629281
rate C <-> Y: 1.094488
rate C <-> V: 1.839864
rate Q <-> E: 3.876936
rate Q <-> G: 0.251626
rate Q <-> H: 4.520102
rate Q <-> I: 0.068413
rate Q <-> L: 0.546954
rate Q <-> K: 3.037150
rate Q <-> M: 1.570619
rate Q <-> F: 0.033669
rate Q <-> P: 0.586241
rate Q <-> S: 1.149231
rate Q <-> T: 1.014297
rate Q <-> W: 0.221802
rate Q <-> Y: 0.241650
rate Q <-> V: 0.197511
rate E <-> G: 0.327583
rate E <-> H: 0.398044
rate E <-> I: 0.041567
rate E <-> L: 0.065426
rate E <-> K: 1.697022
rate E <-> M: 0.163145
rate E <-> F: 0.017664
rate E <-> P: 0.393844
rate E <-> S: 0.574671
rate E <-> T: 0.567695
rate E <-> W: 0.073107
rate E <-> Y: 0.112720
rate E <-> V: 0.230098
rate G <-> H: 0.292498
rate G <-> I: 0.008174
rate G <-> L: 0.041563
rate G <-> K: 0.278555
rate G <-> M: 0.131033
rate G <-> F: 0.084125
rate G <-> P: 0.184955
rate G <-> S: 1.633930
rate G <-> T: 0.121922
rate G <-> W: 0.252125
rate G <-> Y: 0.051346
rate G <-> V: 0.072026
rate H <-> I: 0.102245
rate H <-> L: 0.343988
rate H <-> K: 0.654763
rate H <-> M: 0.415502
rate H <-> F: 0.640560
rate H <-> P: 0.477834
rate H <-> S: 0.929667
rate H <-> T: 0.548649
rate H <-> W: 0.560661
rate H <-> Y: 4.983361
rate H <-> V: 0.111759
rate I <-> L: 3.892408
rate I <-> K: 0.149373
rate I <-> M: 4.013113
rate I <-> F: 1.044902
rate I <-> P: 0.073509
rate I <-> S: 0.060198
rate I <-> T: 0.970728
rate I <-> W: 0.104854
rate I <-> Y: 0.218350
rate I <-> V: 10.000000
rate L <-> K: 0.129119
rate L <-> M: 5.927594
rate L <-> F: 2.434657
rate L <-> P: 0.233879
rate L <-> S: 0.171176
rate L <-> T: 0.284471
rate L <-> W: 0.581863
rate L <-> Y: 0.281383
rate L <-> V: 1.598956
rate K <-> M: 0.616581
rate K <-> F: 0.022460
rate K <-> P: 0.366530
rate K <-> S: 0.703048
rate K <-> T: 1.067567
rate K <-> W: 0.046864
rate K <-> Y: 0.123890
rate K <-> V: 0.173913
rate M <-> F: 1.689205
rate M <-> P: 0.093763
rate M <-> S: 0.325811
rate M <-> T: 1.897216
rate M <-> W: 0.653740
rate M <-> Y: 0.451968
rate M <-> V: 1.782983
rate F <-> P: 0.088706
rate F <-> S: 0.339765
rate F <-> T: 0.154944
rate F <-> W: 2.307349
rate F <-> Y: 7.328222
rate F <-> V: 0.614777
rate P <-> S: 1.256567
rate P <-> T: 0.536635
rate P <-> W: 0.089332
rate P <-> Y: 0.084151
rate P <-> V: 0.278428
rate S <-> T: 6.077767
rate S <-> W: 0.233693
rate S <-> Y: 0.376132
rate S <-> V: 0.092373
rate T <-> W: 0.132241
rate T <-> Y: 0.230856
rate T <-> V: 2.054781
rate W <-> Y: 2.959699
rate W <-> V: 0.177959
rate Y <-> V: 0.234116

freq pi(A): 0.057532
freq pi(R): 0.054756
freq pi(N): 0.048448
freq pi(D): 0.059046
freq pi(C): 0.019177
freq pi(Q): 0.050719
freq pi(E): 0.087560
freq pi(G): 0.035327
freq pi(H): 0.027504
freq pi(I): 0.058037
freq pi(L): 0.173101
freq pi(K): 0.056271
freq pi(M): 0.039112
freq pi(F): 0.040373
freq pi(P): 0.024981
freq pi(S): 0.056018
freq pi(T): 0.032299
freq pi(W): 0.002271
freq pi(Y): 0.021196
freq pi(V): 0.056271


ML search took 75.171763 secs or 0.020881 hours

Combined Bootstrap and ML search took 144.986093 secs or 0.040274 hours

Drawing Bootstrap Support Values on best-scoring ML tree ...



Found 1 tree in File /in/RAxML_bestTree.EOG091G05SE.clustalo.aln.ALICUT.LGF



Found 1 tree in File /in/RAxML_bestTree.EOG091G05SE.clustalo.aln.ALICUT.LGF

Program execution info written to /in/RAxML_info.EOG091G05SE.clustalo.aln.ALICUT.LGF
All 100 bootstrapped trees written to: /in/RAxML_bootstrap.EOG091G05SE.clustalo.aln.ALICUT.LGF

Best-scoring ML tree written to: /in/RAxML_bestTree.EOG091G05SE.clustalo.aln.ALICUT.LGF

Best-scoring ML tree with support values written to: /in/RAxML_bipartitions.EOG091G05SE.clustalo.aln.ALICUT.LGF

Best-scoring ML tree with support values as branch labels written to: /in/RAxML_bipartitionsBranchLabels.EOG091G05SE.clustalo.aln.ALICUT.LGF

Overall execution time for full ML analysis: 144.987888 secs or 0.040274 hours or 0.001678 days

