
	reading taxa from FASTA ...


	R.norvegicus         -> sites: 822   
	H.microstoma         -> sites: 822   
	T.solium             -> sites: 822   
	S.mediterranea       -> sites: 822   
	D.rerio              -> sites: 822   
	C.intestinalis       -> sites: 822   
	S.mansoni            -> sites: 822   
	D.melanogaster       -> sites: 822   
	O.viverrini          -> sites: 822   
	G.salaris            -> sites: 822   
	H.robusta            -> sites: 822   
	N.vectensis          -> sites: 822   
	E.granulosus         -> sites: 822   
	C.sinensis           -> sites: 822   


	data type             : amino acid sequences

	input ...

	infile		: EOG091G0D26.clustalo.aln.fasta
	random pairs	: 200000000000000000
	window size	: 6
	indels		: ambiguous
	tree file	: -
	node level	: -
	strict profile	: -
	outgroup	: -
	matrix          : BLOSUM62

	number of taxa        : 14
	random number of pairs: 200000000000000000

	generates threshhold value for amino acid data
	using BLOSUM62

	checks for (potential) identical taxa


	scores site patterns ...


	max number of different pairs is 91
	max random pairs are scored!

	pair: 1      ->	taxon1: R.norvegic	taxon2: H.microsto
	            	positions below base line: 628
	pair: 2      ->	taxon1: R.norvegic	taxon2: T.solium  
	            	positions below base line: 609
	pair: 3      ->	taxon1: R.norvegic	taxon2: S.mediterr
	            	positions below base line: 685
	pair: 4      ->	taxon1: R.norvegic	taxon2: D.rerio   
	            	positions below base line: 445
	pair: 5      ->	taxon1: R.norvegic	taxon2: C.intestin
	            	positions below base line: 560
	pair: 6      ->	taxon1: R.norvegic	taxon2: S.mansoni 
	            	positions below base line: 621
	pair: 7      ->	taxon1: R.norvegic	taxon2: D.melanoga
	            	positions below base line: 594
	pair: 8      ->	taxon1: R.norvegic	taxon2: O.viverrin
	            	positions below base line: 610
	pair: 9      ->	taxon1: R.norvegic	taxon2: G.salaris 
	            	positions below base line: 686
	pair: 10     ->	taxon1: R.norvegic	taxon2: H.robusta 
	            	positions below base line: 603
	pair: 11     ->	taxon1: R.norvegic	taxon2: N.vectensi
	            	positions below base line: 535
	pair: 12     ->	taxon1: R.norvegic	taxon2: E.granulos
	            	positions below base line: 608
	pair: 13     ->	taxon1: R.norvegic	taxon2: C.sinensis
	            	positions below base line: 634
	pair: 14     ->	taxon1: H.microsto	taxon2: T.solium  
	            	positions below base line: 565
	pair: 15     ->	taxon1: H.microsto	taxon2: S.mediterr
	            	positions below base line: 678
	pair: 16     ->	taxon1: H.microsto	taxon2: D.rerio   
	            	positions below base line: 631
	pair: 17     ->	taxon1: H.microsto	taxon2: C.intestin
	            	positions below base line: 632
	pair: 18     ->	taxon1: H.microsto	taxon2: S.mansoni 
	            	positions below base line: 630
	pair: 19     ->	taxon1: H.microsto	taxon2: D.melanoga
	            	positions below base line: 621
	pair: 20     ->	taxon1: H.microsto	taxon2: O.viverrin
	            	positions below base line: 620
	pair: 21     ->	taxon1: H.microsto	taxon2: G.salaris 
	            	positions below base line: 683
	pair: 22     ->	taxon1: H.microsto	taxon2: H.robusta 
	            	positions below base line: 600
	pair: 23     ->	taxon1: H.microsto	taxon2: N.vectensi
	            	positions below base line: 657
	pair: 24     ->	taxon1: H.microsto	taxon2: E.granulos
	            	positions below base line: 575
	pair: 25     ->	taxon1: H.microsto	taxon2: C.sinensis
	            	positions below base line: 619
	pair: 26     ->	taxon1: T.solium  	taxon2: S.mediterr
	            	positions below base line: 677
	pair: 27     ->	taxon1: T.solium  	taxon2: D.rerio   
	            	positions below base line: 609
	pair: 28     ->	taxon1: T.solium  	taxon2: C.intestin
	            	positions below base line: 611
	pair: 29     ->	taxon1: T.solium  	taxon2: S.mansoni 
	            	positions below base line: 609
	pair: 30     ->	taxon1: T.solium  	taxon2: D.melanoga
	            	positions below base line: 604
	pair: 31     ->	taxon1: T.solium  	taxon2: O.viverrin
	            	positions below base line: 610
	pair: 32     ->	taxon1: T.solium  	taxon2: G.salaris 
	            	positions below base line: 688
	pair: 33     ->	taxon1: T.solium  	taxon2: H.robusta 
	            	positions below base line: 588
	pair: 34     ->	taxon1: T.solium  	taxon2: N.vectensi
	            	positions below base line: 619
	pair: 35     ->	taxon1: T.solium  	taxon2: E.granulos
	            	positions below base line: 521
	pair: 36     ->	taxon1: T.solium  	taxon2: C.sinensis
	            	positions below base line: 611
	pair: 37     ->	taxon1: S.mediterr	taxon2: D.rerio   
	            	positions below base line: 697
	pair: 38     ->	taxon1: S.mediterr	taxon2: C.intestin
	            	positions below base line: 707
	pair: 39     ->	taxon1: S.mediterr	taxon2: S.mansoni 
	            	positions below base line: 699
	pair: 40     ->	taxon1: S.mediterr	taxon2: D.melanoga
	            	positions below base line: 687
	pair: 41     ->	taxon1: S.mediterr	taxon2: O.viverrin
	            	positions below base line: 683
	pair: 42     ->	taxon1: S.mediterr	taxon2: G.salaris 
	            	positions below base line: 742
	pair: 43     ->	taxon1: S.mediterr	taxon2: H.robusta 
	            	positions below base line: 674
	pair: 44     ->	taxon1: S.mediterr	taxon2: N.vectensi
	            	positions below base line: 720
	pair: 45     ->	taxon1: S.mediterr	taxon2: E.granulos
	            	positions below base line: 684
	pair: 46     ->	taxon1: S.mediterr	taxon2: C.sinensis
	            	positions below base line: 685
	pair: 47     ->	taxon1: D.rerio   	taxon2: C.intestin
	            	positions below base line: 567
	pair: 48     ->	taxon1: D.rerio   	taxon2: S.mansoni 
	            	positions below base line: 620
	pair: 49     ->	taxon1: D.rerio   	taxon2: D.melanoga
	            	positions below base line: 591
	pair: 50     ->	taxon1: D.rerio   	taxon2: O.viverrin
	            	positions below base line: 621
	pair: 51     ->	taxon1: D.rerio   	taxon2: G.salaris 
	            	positions below base line: 684
	pair: 52     ->	taxon1: D.rerio   	taxon2: H.robusta 
	            	positions below base line: 600
	pair: 53     ->	taxon1: D.rerio   	taxon2: N.vectensi
	            	positions below base line: 532
	pair: 54     ->	taxon1: D.rerio   	taxon2: E.granulos
	            	positions below base line: 607
	pair: 55     ->	taxon1: D.rerio   	taxon2: C.sinensis
	            	positions below base line: 625
	pair: 56     ->	taxon1: C.intestin	taxon2: S.mansoni 
	            	positions below base line: 639
	pair: 57     ->	taxon1: C.intestin	taxon2: D.melanoga
	            	positions below base line: 601
	pair: 58     ->	taxon1: C.intestin	taxon2: O.viverrin
	            	positions below base line: 622
	pair: 59     ->	taxon1: C.intestin	taxon2: G.salaris 
	            	positions below base line: 699
	pair: 60     ->	taxon1: C.intestin	taxon2: H.robusta 
	            	positions below base line: 611
	pair: 61     ->	taxon1: C.intestin	taxon2: N.vectensi
	            	positions below base line: 580
	pair: 62     ->	taxon1: C.intestin	taxon2: E.granulos
	            	positions below base line: 607
	pair: 63     ->	taxon1: C.intestin	taxon2: C.sinensis
	            	positions below base line: 636
	pair: 64     ->	taxon1: S.mansoni 	taxon2: D.melanoga
	            	positions below base line: 626
	pair: 65     ->	taxon1: S.mansoni 	taxon2: O.viverrin
	            	positions below base line: 563
	pair: 66     ->	taxon1: S.mansoni 	taxon2: G.salaris 
	            	positions below base line: 710
	pair: 67     ->	taxon1: S.mansoni 	taxon2: H.robusta 
	            	positions below base line: 617
	pair: 68     ->	taxon1: S.mansoni 	taxon2: N.vectensi
	            	positions below base line: 646
	pair: 69     ->	taxon1: S.mansoni 	taxon2: E.granulos
	            	positions below base line: 621
	pair: 70     ->	taxon1: S.mansoni 	taxon2: C.sinensis
	            	positions below base line: 536
	pair: 71     ->	taxon1: D.melanoga	taxon2: O.viverrin
	            	positions below base line: 618
	pair: 72     ->	taxon1: D.melanoga	taxon2: G.salaris 
	            	positions below base line: 692
	pair: 73     ->	taxon1: D.melanoga	taxon2: H.robusta 
	            	positions below base line: 589
	pair: 74     ->	taxon1: D.melanoga	taxon2: N.vectensi
	            	positions below base line: 600
	pair: 75     ->	taxon1: D.melanoga	taxon2: E.granulos
	            	positions below base line: 596
	pair: 76     ->	taxon1: D.melanoga	taxon2: C.sinensis
	            	positions below base line: 621
	pair: 77     ->	taxon1: O.viverrin	taxon2: G.salaris 
	            	positions below base line: 711
	pair: 78     ->	taxon1: O.viverrin	taxon2: H.robusta 
	            	positions below base line: 615
	pair: 79     ->	taxon1: O.viverrin	taxon2: N.vectensi
	            	positions below base line: 639
	pair: 80     ->	taxon1: O.viverrin	taxon2: E.granulos
	            	positions below base line: 629
	pair: 81     ->	taxon1: O.viverrin	taxon2: C.sinensis
	            	positions below base line: 474
	pair: 82     ->	taxon1: G.salaris 	taxon2: H.robusta 
	            	positions below base line: 695
	pair: 83     ->	taxon1: G.salaris 	taxon2: N.vectensi
	            	positions below base line: 679
	pair: 84     ->	taxon1: G.salaris 	taxon2: E.granulos
	            	positions below base line: 694
	pair: 85     ->	taxon1: G.salaris 	taxon2: C.sinensis
	            	positions below base line: 707
	pair: 86     ->	taxon1: H.robusta 	taxon2: N.vectensi
	            	positions below base line: 611
	pair: 87     ->	taxon1: H.robusta 	taxon2: E.granulos
	            	positions below base line: 577
	pair: 88     ->	taxon1: H.robusta 	taxon2: C.sinensis
	            	positions below base line: 624
	pair: 89     ->	taxon1: N.vectensi	taxon2: E.granulos
	            	positions below base line: 612
	pair: 90     ->	taxon1: N.vectensi	taxon2: C.sinensis
	            	positions below base line: 657
	pair: 91     ->	taxon1: E.granulos	taxon2: C.sinensis
	            	positions below base line: 614

	generates quality profile from collected scores ...


	scoring done ...


	generates vector plot from collected scores ...


Argument "-" treated as 0 in increment (++) at /usr/bin/Aliscore.pl line 1213.
	Profile written to EOG091G0D26.clustalo.aln.fasta_Profile_random.txt
	List   written to EOG091G0D26.clustalo.aln.fasta_List_random.txt

	time used: 4.51 sec

