
	reading taxa from FASTA ...


	G.turnbulli          -> sites: 2073  
	C.elegans            -> sites: 2073  
	G.salaris            -> sites: 2073  
	D.melanogaster       -> sites: 2073  
	D.rerio              -> sites: 2073  
	O.viverrini          -> sites: 2073  
	R.norvegicus         -> sites: 2073  
	H.microstoma         -> sites: 2073  
	C.intestinalis       -> sites: 2073  
	C.sinensis           -> sites: 2073  
	E.granulosus         -> sites: 2073  
	S.mediterranea       -> sites: 2073  
	T.solium             -> sites: 2073  


	data type             : amino acid sequences

	input ...

	infile		: EOG091G03I1.clustalo.aln.fasta
	random pairs	: 200000000000000000
	window size	: 6
	indels		: ambiguous
	tree file	: -
	node level	: -
	strict profile	: -
	outgroup	: -
	matrix          : BLOSUM62

	number of taxa        : 13
	random number of pairs: 200000000000000000

	generates threshhold value for amino acid data
	using BLOSUM62

	checks for (potential) identical taxa


	scores site patterns ...


	max number of different pairs is 78
	max random pairs are scored!

	pair: 1      ->	taxon1: G.turnbull	taxon2: C.elegans 
	            	positions below base line: 1748
	pair: 2      ->	taxon1: G.turnbull	taxon2: G.salaris 
	            	positions below base line: 1658
	pair: 3      ->	taxon1: G.turnbull	taxon2: D.melanoga
	            	positions below base line: 1752
	pair: 4      ->	taxon1: G.turnbull	taxon2: D.rerio   
	            	positions below base line: 1800
	pair: 5      ->	taxon1: G.turnbull	taxon2: O.viverrin
	            	positions below base line: 1835
	pair: 6      ->	taxon1: G.turnbull	taxon2: R.norvegic
	            	positions below base line: 1965
	pair: 7      ->	taxon1: G.turnbull	taxon2: H.microsto
	            	positions below base line: 1721
	pair: 8      ->	taxon1: G.turnbull	taxon2: C.intestin
	            	positions below base line: 1759
	pair: 9      ->	taxon1: G.turnbull	taxon2: C.sinensis
	            	positions below base line: 1831
	pair: 10     ->	taxon1: G.turnbull	taxon2: E.granulos
	            	positions below base line: 1801
	pair: 11     ->	taxon1: G.turnbull	taxon2: S.mediterr
	            	positions below base line: 1901
	pair: 12     ->	taxon1: G.turnbull	taxon2: T.solium  
	            	positions below base line: 1782
	pair: 13     ->	taxon1: C.elegans 	taxon2: G.salaris 
	            	positions below base line: 1743
	pair: 14     ->	taxon1: C.elegans 	taxon2: D.melanoga
	            	positions below base line: 1570
	pair: 15     ->	taxon1: C.elegans 	taxon2: D.rerio   
	            	positions below base line: 1764
	pair: 16     ->	taxon1: C.elegans 	taxon2: O.viverrin
	            	positions below base line: 1850
	pair: 17     ->	taxon1: C.elegans 	taxon2: R.norvegic
	            	positions below base line: 2002
	pair: 18     ->	taxon1: C.elegans 	taxon2: H.microsto
	            	positions below base line: 1746
	pair: 19     ->	taxon1: C.elegans 	taxon2: C.intestin
	            	positions below base line: 1573
	pair: 20     ->	taxon1: C.elegans 	taxon2: C.sinensis
	            	positions below base line: 1836
	pair: 21     ->	taxon1: C.elegans 	taxon2: E.granulos
	            	positions below base line: 1821
	pair: 22     ->	taxon1: C.elegans 	taxon2: S.mediterr
	            	positions below base line: 1900
	pair: 23     ->	taxon1: C.elegans 	taxon2: T.solium  
	            	positions below base line: 1769
	pair: 24     ->	taxon1: G.salaris 	taxon2: D.melanoga
	            	positions below base line: 1744
	pair: 25     ->	taxon1: G.salaris 	taxon2: D.rerio   
	            	positions below base line: 1795
	pair: 26     ->	taxon1: G.salaris 	taxon2: O.viverrin
	            	positions below base line: 1817
	pair: 27     ->	taxon1: G.salaris 	taxon2: R.norvegic
	            	positions below base line: 2031
	pair: 28     ->	taxon1: G.salaris 	taxon2: H.microsto
	            	positions below base line: 1739
	pair: 29     ->	taxon1: G.salaris 	taxon2: C.intestin
	            	positions below base line: 1710
	pair: 30     ->	taxon1: G.salaris 	taxon2: C.sinensis
	            	positions below base line: 1821
	pair: 31     ->	taxon1: G.salaris 	taxon2: E.granulos
	            	positions below base line: 1788
	pair: 32     ->	taxon1: G.salaris 	taxon2: S.mediterr
	            	positions below base line: 1893
	pair: 33     ->	taxon1: G.salaris 	taxon2: T.solium  
	            	positions below base line: 1764
	pair: 34     ->	taxon1: D.melanoga	taxon2: D.rerio   
	            	positions below base line: 1751
	pair: 35     ->	taxon1: D.melanoga	taxon2: O.viverrin
	            	positions below base line: 1831
	pair: 36     ->	taxon1: D.melanoga	taxon2: R.norvegic
	            	positions below base line: 2020
	pair: 37     ->	taxon1: D.melanoga	taxon2: H.microsto
	            	positions below base line: 1731
	pair: 38     ->	taxon1: D.melanoga	taxon2: C.intestin
	            	positions below base line: 1549
	pair: 39     ->	taxon1: D.melanoga	taxon2: C.sinensis
	            	positions below base line: 1827
	pair: 40     ->	taxon1: D.melanoga	taxon2: E.granulos
	            	positions below base line: 1797
	pair: 41     ->	taxon1: D.melanoga	taxon2: S.mediterr
	            	positions below base line: 1880
	pair: 42     ->	taxon1: D.melanoga	taxon2: T.solium  
	            	positions below base line: 1741
	pair: 43     ->	taxon1: D.rerio   	taxon2: O.viverrin
	            	positions below base line: 1872
	pair: 44     ->	taxon1: D.rerio   	taxon2: R.norvegic
	            	positions below base line: 1833
	pair: 45     ->	taxon1: D.rerio   	taxon2: H.microsto
	            	positions below base line: 1765
	pair: 46     ->	taxon1: D.rerio   	taxon2: C.intestin
	            	positions below base line: 1740
	pair: 47     ->	taxon1: D.rerio   	taxon2: C.sinensis
	            	positions below base line: 1856
	pair: 48     ->	taxon1: D.rerio   	taxon2: E.granulos
	            	positions below base line: 1721
	pair: 49     ->	taxon1: D.rerio   	taxon2: S.mediterr
	            	positions below base line: 1815
	pair: 50     ->	taxon1: D.rerio   	taxon2: T.solium  
	            	positions below base line: 1670
	pair: 51     ->	taxon1: O.viverrin	taxon2: R.norvegic
	            	positions below base line: 2067
	pair: 52     ->	taxon1: O.viverrin	taxon2: H.microsto
	            	positions below base line: 1786
	pair: 53     ->	taxon1: O.viverrin	taxon2: C.intestin
	            	positions below base line: 1842
	pair: 54     ->	taxon1: O.viverrin	taxon2: C.sinensis
	            	positions below base line: 1534
	pair: 55     ->	taxon1: O.viverrin	taxon2: E.granulos
	            	positions below base line: 1735
	pair: 56     ->	taxon1: O.viverrin	taxon2: S.mediterr
	            	positions below base line: 1931
	pair: 57     ->	taxon1: O.viverrin	taxon2: T.solium  
	            	positions below base line: 1785
	pair: 58     ->	taxon1: R.norvegic	taxon2: H.microsto
	            	positions below base line: 2017
	pair: 59     ->	taxon1: R.norvegic	taxon2: C.intestin
	            	positions below base line: 2013
	pair: 60     ->	taxon1: R.norvegic	taxon2: C.sinensis
	            	positions below base line: 2067
	pair: 61     ->	taxon1: R.norvegic	taxon2: E.granulos
	            	positions below base line: 2037
	pair: 62     ->	taxon1: R.norvegic	taxon2: S.mediterr
	            	positions below base line: 2072
	pair: 63     ->	taxon1: R.norvegic	taxon2: T.solium  
	            	positions below base line: 2021
	pair: 64     ->	taxon1: H.microsto	taxon2: C.intestin
	            	positions below base line: 1732
	pair: 65     ->	taxon1: H.microsto	taxon2: C.sinensis
	            	positions below base line: 1777
	pair: 66     ->	taxon1: H.microsto	taxon2: E.granulos
	            	positions below base line: 1652
	pair: 67     ->	taxon1: H.microsto	taxon2: S.mediterr
	            	positions below base line: 1891
	pair: 68     ->	taxon1: H.microsto	taxon2: T.solium  
	            	positions below base line: 1605
	pair: 69     ->	taxon1: C.intestin	taxon2: C.sinensis
	            	positions below base line: 1829
	pair: 70     ->	taxon1: C.intestin	taxon2: E.granulos
	            	positions below base line: 1766
	pair: 71     ->	taxon1: C.intestin	taxon2: S.mediterr
	            	positions below base line: 1894
	pair: 72     ->	taxon1: C.intestin	taxon2: T.solium  
	            	positions below base line: 1740
	pair: 73     ->	taxon1: C.sinensis	taxon2: E.granulos
	            	positions below base line: 1705
	pair: 74     ->	taxon1: C.sinensis	taxon2: S.mediterr
	            	positions below base line: 1909
	pair: 75     ->	taxon1: C.sinensis	taxon2: T.solium  
	            	positions below base line: 1724
	pair: 76     ->	taxon1: E.granulos	taxon2: S.mediterr
	            	positions below base line: 1826
	pair: 77     ->	taxon1: E.granulos	taxon2: T.solium  
	            	positions below base line: 1162
	pair: 78     ->	taxon1: S.mediterr	taxon2: T.solium  
	            	positions below base line: 1843

	generates quality profile from collected scores ...


	scoring done ...


	generates vector plot from collected scores ...


Argument "-" treated as 0 in increment (++) at /usr/bin/Aliscore.pl line 1213.
	Profile written to EOG091G03I1.clustalo.aln.fasta_Profile_random.txt
	List   written to EOG091G03I1.clustalo.aln.fasta_List_random.txt

	time used: 4.39 sec

