--2018-12-11 13:04:57--  http://www.orthodb.org/fasta?query=EOG091G03I1&level=33208
Resolving www.orthodb.org (www.orthodb.org)... 167.99.137.12, 2a03:b0c0:3:e0::1b:1
Connecting to www.orthodb.org (www.orthodb.org)|167.99.137.12|:80... connected.
HTTP request sent, awaiting response... 301 Moved Permanently
Location: https://www.orthodb.org/fasta?query=EOG091G03I1&level=33208 [following]
--2018-12-11 13:04:57--  https://www.orthodb.org/fasta?query=EOG091G03I1&level=33208
Connecting to www.orthodb.org (www.orthodb.org)|167.99.137.12|:443... connected.
HTTP request sent, awaiting response... 200 OK
Length: 1013085 (989K) [text/plain]
Saving to: ‘EOG091G03I1/EOG091G03I1.orthodb.fasta’

     0K .......... .......... .......... .......... ..........  5% 1,33M 1s
    50K .......... .......... .......... .......... .......... 10% 1,15M 1s
   100K .......... .......... .......... .......... .......... 15% 2,38M 1s
   150K .......... .......... .......... .......... .......... 20% 2,12M 0s
   200K .......... .......... .......... .......... .......... 25% 3,35M 0s
   250K .......... .......... .......... .......... .......... 30% 5,49M 0s
   300K .......... .......... .......... .......... .......... 35% 1,08M 0s
   350K .......... .......... .......... .......... .......... 40% 3,19M 0s
   400K .......... .......... .......... .......... .......... 45% 3,57M 0s
   450K .......... .......... .......... .......... .......... 50% 3,42M 0s
   500K .......... .......... .......... .......... .......... 55% 7,94M 0s
   550K .......... .......... .......... .......... .......... 60% 2,61M 0s
   600K .......... .......... .......... .......... .......... 65% 3,19M 0s
   650K .......... .......... .......... .......... .......... 70% 3,40M 0s
   700K .......... .......... .......... .......... .......... 75% 2,52M 0s
   750K .......... .......... .......... .......... .......... 80% 2,13M 0s
   800K .......... .......... .......... .......... .......... 85% 13,3M 0s
   850K .......... .......... .......... .......... .......... 90% 2,40M 0s
   900K .......... .......... .......... .......... .......... 96% 2,58M 0s
   950K .......... .......... .......... .........            100% 2,21M=0,4s

2018-12-11 13:04:58 (2,47 MB/s) - ‘EOG091G03I1/EOG091G03I1.orthodb.fasta’ saved [1013085/1013085]

