--2018-12-14 09:18:26--  http://www.orthodb.org/fasta?query=EOG091G00UD&level=33208
Resolving www.orthodb.org (www.orthodb.org)... 167.99.129.42, 2a03:b0c0:3:d0::d19:7001
Connecting to www.orthodb.org (www.orthodb.org)|167.99.129.42|:80... connected.
HTTP request sent, awaiting response... 301 Moved Permanently
Location: https://www.orthodb.org/fasta?query=EOG091G00UD&level=33208 [following]
--2018-12-14 09:18:27--  https://www.orthodb.org/fasta?query=EOG091G00UD&level=33208
Connecting to www.orthodb.org (www.orthodb.org)|167.99.129.42|:443... connected.
HTTP request sent, awaiting response... 200 OK
Length: 755806 (738K) [text/plain]
Saving to: ‘EOG091G00UD/EOG091G00UD.orthodb.fasta’

     0K .......... .......... .......... .......... ..........  6% 1,35M 0s
    50K .......... .......... .......... .......... .......... 13% 1,16M 0s
   100K .......... .......... .......... .......... .......... 20% 2,57M 0s
   150K .......... .......... .......... .......... .......... 27% 2,44M 0s
   200K .......... .......... .......... .......... .......... 33% 3,14M 0s
   250K .......... .......... .......... .......... .......... 40% 5,48M 0s
   300K .......... .......... .......... .......... .......... 47% 2,99M 0s
   350K .......... .......... .......... .......... .......... 54% 2,50M 0s
   400K .......... .......... .......... .......... .......... 60% 2,34M 0s
   450K .......... .......... .......... .......... .......... 67% 2,55M 0s
   500K .......... .......... .......... .......... .......... 74% 3,17M 0s
   550K .......... .......... .......... .......... .......... 81% 5,84M 0s
   600K .......... .......... .......... .......... .......... 88% 2,62M 0s
   650K .......... .......... .......... .......... .......... 94% 2,34M 0s
   700K .......... .......... .......... ........             100% 2,49M=0,3s

2018-12-14 09:18:28 (2,44 MB/s) - ‘EOG091G00UD/EOG091G00UD.orthodb.fasta’ saved [755806/755806]

