
	reading taxa from FASTA ...


	H.robusta            -> sites: 476   
	S.mansoni            -> sites: 476   
	R.norvegicus         -> sites: 476   
	C.intestinalis       -> sites: 476   
	S.mediterranea       -> sites: 476   
	E.granulosus         -> sites: 476   
	G.salaris            -> sites: 476   
	N.vectensis          -> sites: 476   
	H.microstoma         -> sites: 476   
	D.melanogaster       -> sites: 476   
	C.sinensis           -> sites: 476   
	D.rerio              -> sites: 476   


	data type             : amino acid sequences

	input ...

	infile		: EOG091G07EJ.clustalo.aln.fasta
	random pairs	: 200000000000000000
	window size	: 6
	indels		: ambiguous
	tree file	: -
	node level	: -
	strict profile	: -
	outgroup	: -
	matrix          : BLOSUM62

	number of taxa        : 12
	random number of pairs: 200000000000000000

	generates threshhold value for amino acid data
	using BLOSUM62

	checks for (potential) identical taxa


	scores site patterns ...


	max number of different pairs is 66
	max random pairs are scored!

	pair: 1      ->	taxon1: H.robusta 	taxon2: S.mansoni 
	            	positions below base line: 173
	pair: 2      ->	taxon1: H.robusta 	taxon2: R.norvegic
	            	positions below base line: 198
	pair: 3      ->	taxon1: H.robusta 	taxon2: C.intestin
	            	positions below base line: 253
	pair: 4      ->	taxon1: H.robusta 	taxon2: S.mediterr
	            	positions below base line: 160
	pair: 5      ->	taxon1: H.robusta 	taxon2: E.granulos
	            	positions below base line: 179
	pair: 6      ->	taxon1: H.robusta 	taxon2: G.salaris 
	            	positions below base line: 201
	pair: 7      ->	taxon1: H.robusta 	taxon2: N.vectensi
	            	positions below base line: 194
	pair: 8      ->	taxon1: H.robusta 	taxon2: H.microsto
	            	positions below base line: 185
	pair: 9      ->	taxon1: H.robusta 	taxon2: D.melanoga
	            	positions below base line: 121
	pair: 10     ->	taxon1: H.robusta 	taxon2: C.sinensis
	            	positions below base line: 167
	pair: 11     ->	taxon1: H.robusta 	taxon2: D.rerio   
	            	positions below base line: 194
	pair: 12     ->	taxon1: S.mansoni 	taxon2: R.norvegic
	            	positions below base line: 218
	pair: 13     ->	taxon1: S.mansoni 	taxon2: C.intestin
	            	positions below base line: 252
	pair: 14     ->	taxon1: S.mansoni 	taxon2: S.mediterr
	            	positions below base line: 146
	pair: 15     ->	taxon1: S.mansoni 	taxon2: E.granulos
	            	positions below base line: 105
	pair: 16     ->	taxon1: S.mansoni 	taxon2: G.salaris 
	            	positions below base line: 123
	pair: 17     ->	taxon1: S.mansoni 	taxon2: N.vectensi
	            	positions below base line: 199
	pair: 18     ->	taxon1: S.mansoni 	taxon2: H.microsto
	            	positions below base line: 124
	pair: 19     ->	taxon1: S.mansoni 	taxon2: D.melanoga
	            	positions below base line: 178
	pair: 20     ->	taxon1: S.mansoni 	taxon2: C.sinensis
	            	positions below base line: 99
	pair: 21     ->	taxon1: S.mansoni 	taxon2: D.rerio   
	            	positions below base line: 207
	pair: 22     ->	taxon1: R.norvegic	taxon2: C.intestin
	            	positions below base line: 246
	pair: 23     ->	taxon1: R.norvegic	taxon2: S.mediterr
	            	positions below base line: 202
	pair: 24     ->	taxon1: R.norvegic	taxon2: E.granulos
	            	positions below base line: 234
	pair: 25     ->	taxon1: R.norvegic	taxon2: G.salaris 
	            	positions below base line: 212
	pair: 26     ->	taxon1: R.norvegic	taxon2: N.vectensi
	            	positions below base line: 139
	pair: 27     ->	taxon1: R.norvegic	taxon2: H.microsto
	            	positions below base line: 244
	pair: 28     ->	taxon1: R.norvegic	taxon2: D.melanoga
	            	positions below base line: 183
	pair: 29     ->	taxon1: R.norvegic	taxon2: C.sinensis
	            	positions below base line: 216
	pair: 30     ->	taxon1: R.norvegic	taxon2: D.rerio   
	            	positions below base line: 75
	pair: 31     ->	taxon1: C.intestin	taxon2: S.mediterr
	            	positions below base line: 268
	pair: 32     ->	taxon1: C.intestin	taxon2: E.granulos
	            	positions below base line: 262
	pair: 33     ->	taxon1: C.intestin	taxon2: G.salaris 
	            	positions below base line: 257
	pair: 34     ->	taxon1: C.intestin	taxon2: N.vectensi
	            	positions below base line: 261
	pair: 35     ->	taxon1: C.intestin	taxon2: H.microsto
	            	positions below base line: 262
	pair: 36     ->	taxon1: C.intestin	taxon2: D.melanoga
	            	positions below base line: 233
	pair: 37     ->	taxon1: C.intestin	taxon2: C.sinensis
	            	positions below base line: 253
	pair: 38     ->	taxon1: C.intestin	taxon2: D.rerio   
	            	positions below base line: 223
	pair: 39     ->	taxon1: S.mediterr	taxon2: E.granulos
	            	positions below base line: 156
	pair: 40     ->	taxon1: S.mediterr	taxon2: G.salaris 
	            	positions below base line: 168
	pair: 41     ->	taxon1: S.mediterr	taxon2: N.vectensi
	            	positions below base line: 204
	pair: 42     ->	taxon1: S.mediterr	taxon2: H.microsto
	            	positions below base line: 156
	pair: 43     ->	taxon1: S.mediterr	taxon2: D.melanoga
	            	positions below base line: 180
	pair: 44     ->	taxon1: S.mediterr	taxon2: C.sinensis
	            	positions below base line: 152
	pair: 45     ->	taxon1: S.mediterr	taxon2: D.rerio   
	            	positions below base line: 197
	pair: 46     ->	taxon1: E.granulos	taxon2: G.salaris 
	            	positions below base line: 110
	pair: 47     ->	taxon1: E.granulos	taxon2: N.vectensi
	            	positions below base line: 203
	pair: 48     ->	taxon1: E.granulos	taxon2: H.microsto
	            	positions below base line: 101
	pair: 49     ->	taxon1: E.granulos	taxon2: D.melanoga
	            	positions below base line: 170
	pair: 50     ->	taxon1: E.granulos	taxon2: C.sinensis
	            	positions below base line: 104
	pair: 51     ->	taxon1: E.granulos	taxon2: D.rerio   
	            	positions below base line: 231
	pair: 52     ->	taxon1: G.salaris 	taxon2: N.vectensi
	            	positions below base line: 209
	pair: 53     ->	taxon1: G.salaris 	taxon2: H.microsto
	            	positions below base line: 131
	pair: 54     ->	taxon1: G.salaris 	taxon2: D.melanoga
	            	positions below base line: 193
	pair: 55     ->	taxon1: G.salaris 	taxon2: C.sinensis
	            	positions below base line: 125
	pair: 56     ->	taxon1: G.salaris 	taxon2: D.rerio   
	            	positions below base line: 221
	pair: 57     ->	taxon1: N.vectensi	taxon2: H.microsto
	            	positions below base line: 212
	pair: 58     ->	taxon1: N.vectensi	taxon2: D.melanoga
	            	positions below base line: 181
	pair: 59     ->	taxon1: N.vectensi	taxon2: C.sinensis
	            	positions below base line: 193
	pair: 60     ->	taxon1: N.vectensi	taxon2: D.rerio   
	            	positions below base line: 132
	pair: 61     ->	taxon1: H.microsto	taxon2: D.melanoga
	            	positions below base line: 193
	pair: 62     ->	taxon1: H.microsto	taxon2: C.sinensis
	            	positions below base line: 105
	pair: 63     ->	taxon1: H.microsto	taxon2: D.rerio   
	            	positions below base line: 230
	pair: 64     ->	taxon1: D.melanoga	taxon2: C.sinensis
	            	positions below base line: 169
	pair: 65     ->	taxon1: D.melanoga	taxon2: D.rerio   
	            	positions below base line: 189
	pair: 66     ->	taxon1: C.sinensis	taxon2: D.rerio   
	            	positions below base line: 197

	generates quality profile from collected scores ...


	scoring done ...


	generates vector plot from collected scores ...


Argument "-" treated as 0 in increment (++) at /usr/bin/Aliscore.pl line 1213.
	Profile written to EOG091G07EJ.clustalo.aln.fasta_Profile_random.txt
	List   written to EOG091G07EJ.clustalo.aln.fasta_List_random.txt

	time used: 3.82 sec

