
WARNING: The number of threads is currently set to 1
You can specify the number of threads to run via -T numberOfThreads
NumberOfThreads must be set to an integer value greater than 1

RAxML, will now set the number of threads automatically to 2 !


RAxML can't, parse the alignment file as phylip file 
it will now try to parse it as FASTA file


This is the RAxML Master Pthread

This is RAxML Worker Pthread Number: 1


This is RAxML version 8.2.12 released by Alexandros Stamatakis on May 2018.

With greatly appreciated code contributions by:
Andre Aberer      (HITS)
Simon Berger      (HITS)
Alexey Kozlov     (HITS)
Kassian Kobert    (HITS)
David Dao         (KIT and HITS)
Sarah Lutteropp   (KIT and HITS)
Nick Pattengale   (Sandia)
Wayne Pfeiffer    (SDSC)
Akifumi S. Tanabe (NRIFS)
Charlie Taylor    (UF)


Alignment has 33 distinct alignment patterns

Proportion of gaps and completely undetermined characters in this alignment: 10.02%

RAxML rapid bootstrapping and subsequent ML search

Using 1 distinct models/data partitions with joint branch length optimization



Executing 100 rapid bootstrap inferences and thereafter a thorough ML search 

All free model parameters will be estimated by RAxML
GAMMA model of rate heterogeneity, ML estimate of alpha-parameter

GAMMA Model parameters will be estimated up to an accuracy of 0.1000000000 Log Likelihood units

Partition: 0
Alignment Patterns: 33
Name: No Name Provided
DataType: AA
Substitution Matrix: LG
Using empirical base frequencies




RAxML was called as follows:

raxml -f a -T 1 -m PROTGAMMALGF -p 12345 -x 12345 -# 100 -s ALICUT_EOG091G03XO.clustalo.aln.fasta -n EOG091G03XO.clustalo.aln.ALICUT.LGF 


Partition No Name Provided number 0 has a problem, the number of expected states is 20 the number of states that are present is 19.
Please go and fix your data!

Partition No Name Provided number 0 has a problem, the number of expected states is 20 the number of states that are present is 19.
Please go and fix your data!


Time for BS model parameter optimization 0.010122
Bootstrap[0]: Time 0.244583 seconds, bootstrap likelihood -575.637436, best rearrangement setting 13
Bootstrap[1]: Time 0.174924 seconds, bootstrap likelihood -503.167209, best rearrangement setting 13
Bootstrap[2]: Time 0.188421 seconds, bootstrap likelihood -519.172870, best rearrangement setting 12
Bootstrap[3]: Time 0.210153 seconds, bootstrap likelihood -626.250519, best rearrangement setting 15
Bootstrap[4]: Time 0.234504 seconds, bootstrap likelihood -670.150541, best rearrangement setting 10
Bootstrap[5]: Time 0.177011 seconds, bootstrap likelihood -578.577247, best rearrangement setting 10
Bootstrap[6]: Time 0.169185 seconds, bootstrap likelihood -549.879429, best rearrangement setting 6
Bootstrap[7]: Time 0.249496 seconds, bootstrap likelihood -618.308658, best rearrangement setting 14
Bootstrap[8]: Time 0.220364 seconds, bootstrap likelihood -610.742492, best rearrangement setting 5
Bootstrap[9]: Time 0.302236 seconds, bootstrap likelihood -659.165149, best rearrangement setting 7
Bootstrap[10]: Time 0.253299 seconds, bootstrap likelihood -605.156577, best rearrangement setting 7
Bootstrap[11]: Time 0.254944 seconds, bootstrap likelihood -554.530050, best rearrangement setting 5
Bootstrap[12]: Time 0.263699 seconds, bootstrap likelihood -604.666659, best rearrangement setting 8
Bootstrap[13]: Time 0.175950 seconds, bootstrap likelihood -556.013217, best rearrangement setting 7
Bootstrap[14]: Time 0.169509 seconds, bootstrap likelihood -549.196886, best rearrangement setting 12
Bootstrap[15]: Time 0.182250 seconds, bootstrap likelihood -650.814994, best rearrangement setting 15
Bootstrap[16]: Time 0.169316 seconds, bootstrap likelihood -562.340629, best rearrangement setting 12
Bootstrap[17]: Time 0.211319 seconds, bootstrap likelihood -610.699987, best rearrangement setting 12
Bootstrap[18]: Time 0.069017 seconds, bootstrap likelihood -613.560426, best rearrangement setting 5
Bootstrap[19]: Time 0.262824 seconds, bootstrap likelihood -634.297697, best rearrangement setting 8
Bootstrap[20]: Time 0.231940 seconds, bootstrap likelihood -565.078628, best rearrangement setting 10
Bootstrap[21]: Time 0.092397 seconds, bootstrap likelihood -604.796825, best rearrangement setting 6
Bootstrap[22]: Time 0.197376 seconds, bootstrap likelihood -679.118900, best rearrangement setting 5
Bootstrap[23]: Time 0.180251 seconds, bootstrap likelihood -534.212371, best rearrangement setting 7
Bootstrap[24]: Time 0.195926 seconds, bootstrap likelihood -622.755234, best rearrangement setting 8
Bootstrap[25]: Time 0.200435 seconds, bootstrap likelihood -655.113827, best rearrangement setting 6
Bootstrap[26]: Time 0.200329 seconds, bootstrap likelihood -618.314332, best rearrangement setting 12
Bootstrap[27]: Time 0.069524 seconds, bootstrap likelihood -557.065853, best rearrangement setting 10
Bootstrap[28]: Time 0.154970 seconds, bootstrap likelihood -570.618867, best rearrangement setting 11
Bootstrap[29]: Time 0.194274 seconds, bootstrap likelihood -639.636450, best rearrangement setting 12
Bootstrap[30]: Time 0.211060 seconds, bootstrap likelihood -554.153471, best rearrangement setting 15
Bootstrap[31]: Time 0.201788 seconds, bootstrap likelihood -627.453331, best rearrangement setting 15
Bootstrap[32]: Time 0.232658 seconds, bootstrap likelihood -594.094634, best rearrangement setting 6
Bootstrap[33]: Time 0.190859 seconds, bootstrap likelihood -582.280745, best rearrangement setting 15
Bootstrap[34]: Time 0.182074 seconds, bootstrap likelihood -530.740381, best rearrangement setting 11
Bootstrap[35]: Time 0.251873 seconds, bootstrap likelihood -576.654176, best rearrangement setting 8
Bootstrap[36]: Time 0.206592 seconds, bootstrap likelihood -637.334998, best rearrangement setting 9
Bootstrap[37]: Time 0.223103 seconds, bootstrap likelihood -595.145158, best rearrangement setting 11
Bootstrap[38]: Time 0.182711 seconds, bootstrap likelihood -595.549000, best rearrangement setting 8
Bootstrap[39]: Time 0.192811 seconds, bootstrap likelihood -540.459990, best rearrangement setting 13
Bootstrap[40]: Time 0.246314 seconds, bootstrap likelihood -558.047683, best rearrangement setting 13
Bootstrap[41]: Time 0.253491 seconds, bootstrap likelihood -636.830657, best rearrangement setting 10
Bootstrap[42]: Time 0.176443 seconds, bootstrap likelihood -546.458150, best rearrangement setting 5
Bootstrap[43]: Time 0.225748 seconds, bootstrap likelihood -618.729004, best rearrangement setting 14
Bootstrap[44]: Time 0.195258 seconds, bootstrap likelihood -533.478066, best rearrangement setting 10
Bootstrap[45]: Time 0.193279 seconds, bootstrap likelihood -630.679789, best rearrangement setting 15
Bootstrap[46]: Time 0.234762 seconds, bootstrap likelihood -649.914065, best rearrangement setting 14
Bootstrap[47]: Time 0.174318 seconds, bootstrap likelihood -522.112730, best rearrangement setting 8
Bootstrap[48]: Time 0.219021 seconds, bootstrap likelihood -514.277789, best rearrangement setting 6
Bootstrap[49]: Time 0.201787 seconds, bootstrap likelihood -646.818351, best rearrangement setting 7
Bootstrap[50]: Time 0.250486 seconds, bootstrap likelihood -569.463451, best rearrangement setting 7
Bootstrap[51]: Time 0.217158 seconds, bootstrap likelihood -540.490245, best rearrangement setting 11
Bootstrap[52]: Time 0.201747 seconds, bootstrap likelihood -578.954844, best rearrangement setting 12
Bootstrap[53]: Time 0.193673 seconds, bootstrap likelihood -599.074823, best rearrangement setting 8
Bootstrap[54]: Time 0.256493 seconds, bootstrap likelihood -457.877351, best rearrangement setting 9
Bootstrap[55]: Time 0.216482 seconds, bootstrap likelihood -610.839355, best rearrangement setting 11
Bootstrap[56]: Time 0.184690 seconds, bootstrap likelihood -533.466084, best rearrangement setting 5
Bootstrap[57]: Time 0.252640 seconds, bootstrap likelihood -648.095640, best rearrangement setting 7
Bootstrap[58]: Time 0.199783 seconds, bootstrap likelihood -566.126438, best rearrangement setting 10
Bootstrap[59]: Time 0.196941 seconds, bootstrap likelihood -550.943954, best rearrangement setting 9
Bootstrap[60]: Time 0.211333 seconds, bootstrap likelihood -616.689227, best rearrangement setting 7
Bootstrap[61]: Time 0.200539 seconds, bootstrap likelihood -590.906455, best rearrangement setting 5
Bootstrap[62]: Time 0.232278 seconds, bootstrap likelihood -652.843061, best rearrangement setting 11
Bootstrap[63]: Time 0.211562 seconds, bootstrap likelihood -639.036935, best rearrangement setting 12
Bootstrap[64]: Time 0.218512 seconds, bootstrap likelihood -557.342350, best rearrangement setting 7
Bootstrap[65]: Time 0.210346 seconds, bootstrap likelihood -517.068186, best rearrangement setting 5
Bootstrap[66]: Time 0.217974 seconds, bootstrap likelihood -643.798909, best rearrangement setting 5
Bootstrap[67]: Time 0.198271 seconds, bootstrap likelihood -637.663954, best rearrangement setting 15
Bootstrap[68]: Time 0.236378 seconds, bootstrap likelihood -587.984357, best rearrangement setting 11
Bootstrap[69]: Time 0.149653 seconds, bootstrap likelihood -568.431860, best rearrangement setting 5
Bootstrap[70]: Time 0.204736 seconds, bootstrap likelihood -621.006366, best rearrangement setting 8
Bootstrap[71]: Time 0.207860 seconds, bootstrap likelihood -551.690377, best rearrangement setting 10
Bootstrap[72]: Time 0.164919 seconds, bootstrap likelihood -540.733822, best rearrangement setting 11
Bootstrap[73]: Time 0.177037 seconds, bootstrap likelihood -619.627449, best rearrangement setting 9
Bootstrap[74]: Time 0.197113 seconds, bootstrap likelihood -513.277894, best rearrangement setting 5
Bootstrap[75]: Time 0.204416 seconds, bootstrap likelihood -570.436867, best rearrangement setting 8
Bootstrap[76]: Time 0.249069 seconds, bootstrap likelihood -647.546147, best rearrangement setting 9
Bootstrap[77]: Time 0.230616 seconds, bootstrap likelihood -585.400342, best rearrangement setting 11
Bootstrap[78]: Time 0.172410 seconds, bootstrap likelihood -522.434842, best rearrangement setting 15
Bootstrap[79]: Time 0.187195 seconds, bootstrap likelihood -639.043924, best rearrangement setting 9
Bootstrap[80]: Time 0.199065 seconds, bootstrap likelihood -615.777388, best rearrangement setting 15
Bootstrap[81]: Time 0.228050 seconds, bootstrap likelihood -611.509132, best rearrangement setting 7
Bootstrap[82]: Time 0.161010 seconds, bootstrap likelihood -644.160651, best rearrangement setting 6
Bootstrap[83]: Time 0.234348 seconds, bootstrap likelihood -661.262201, best rearrangement setting 10
Bootstrap[84]: Time 0.214285 seconds, bootstrap likelihood -595.331987, best rearrangement setting 11
Bootstrap[85]: Time 0.173987 seconds, bootstrap likelihood -562.650892, best rearrangement setting 8
Bootstrap[86]: Time 0.227433 seconds, bootstrap likelihood -554.984259, best rearrangement setting 7
Bootstrap[87]: Time 0.204824 seconds, bootstrap likelihood -666.052896, best rearrangement setting 7
Bootstrap[88]: Time 0.204948 seconds, bootstrap likelihood -492.205738, best rearrangement setting 12
Bootstrap[89]: Time 0.285901 seconds, bootstrap likelihood -612.569391, best rearrangement setting 10
Bootstrap[90]: Time 0.204218 seconds, bootstrap likelihood -670.509471, best rearrangement setting 8
Bootstrap[91]: Time 0.210583 seconds, bootstrap likelihood -579.483068, best rearrangement setting 12
Bootstrap[92]: Time 0.196473 seconds, bootstrap likelihood -447.583901, best rearrangement setting 13
Bootstrap[93]: Time 0.235321 seconds, bootstrap likelihood -524.382773, best rearrangement setting 15
Bootstrap[94]: Time 0.205694 seconds, bootstrap likelihood -486.784908, best rearrangement setting 5
Bootstrap[95]: Time 0.187764 seconds, bootstrap likelihood -575.869421, best rearrangement setting 5
Bootstrap[96]: Time 0.197332 seconds, bootstrap likelihood -583.246231, best rearrangement setting 13
Bootstrap[97]: Time 0.271976 seconds, bootstrap likelihood -535.566666, best rearrangement setting 11
Bootstrap[98]: Time 0.183352 seconds, bootstrap likelihood -601.541576, best rearrangement setting 6
Bootstrap[99]: Time 0.209479 seconds, bootstrap likelihood -619.924268, best rearrangement setting 14


Overall Time for 100 Rapid Bootstraps 20.598087 seconds
Average Time per Rapid Bootstrap 0.205981 seconds

Starting ML Search ...

Fast ML optimization finished

Fast ML search Time: 18.163635 seconds

Slow ML Search 0 Likelihood: -613.829199
Slow ML Search 1 Likelihood: -613.829199
Slow ML Search 2 Likelihood: -613.829199
Slow ML Search 3 Likelihood: -613.829199
Slow ML Search 4 Likelihood: -613.829199
Slow ML Search 5 Likelihood: -613.829199
Slow ML Search 6 Likelihood: -613.829199
Slow ML Search 7 Likelihood: -613.829199
Slow ML Search 8 Likelihood: -613.829199
Slow ML Search 9 Likelihood: -613.829199
Slow ML optimization finished

Slow ML search Time: 3.945805 seconds
Thorough ML search Time: 0.313738 seconds

Final ML Optimization Likelihood: -613.830700

Model Information:

Model Parameters of Partition 0, Name: No Name Provided, Type of Data: AA
alpha: 2.829255
Tree-Length: 10.292637
rate A <-> R: 0.399182
rate A <-> N: 0.259945
rate A <-> D: 0.371058
rate A <-> C: 2.337364
rate A <-> Q: 0.910775
rate A <-> E: 0.975241
rate A <-> G: 1.940106
rate A <-> H: 0.336984
rate A <-> I: 0.140697
rate A <-> L: 0.371240
rate A <-> K: 0.503815
rate A <-> M: 1.055520
rate A <-> F: 0.238237
rate A <-> P: 1.105868
rate A <-> S: 4.439041
rate A <-> T: 2.009090
rate A <-> W: 0.169702
rate A <-> Y: 0.205613
rate A <-> V: 2.392567
rate R <-> N: 0.706048
rate R <-> D: 0.116398
rate R <-> C: 0.501968
rate R <-> Q: 2.636754
rate R <-> E: 0.341785
rate R <-> G: 0.366408
rate R <-> H: 2.278690
rate R <-> I: 0.119250
rate R <-> L: 0.283449
rate R <-> K: 5.940467
rate R <-> M: 0.454623
rate R <-> F: 0.049508
rate R <-> P: 0.312264
rate R <-> S: 0.805843
rate R <-> T: 0.543695
rate R <-> W: 0.557424
rate R <-> Y: 0.295274
rate R <-> V: 0.160471
rate N <-> D: 4.766737
rate N <-> C: 0.496537
rate N <-> Q: 1.592389
rate N <-> E: 0.508692
rate N <-> G: 1.350015
rate N <-> H: 4.234381
rate N <-> I: 0.179830
rate N <-> L: 0.064256
rate N <-> K: 2.014327
rate N <-> M: 0.348390
rate N <-> F: 0.084068
rate N <-> P: 0.151925
rate N <-> S: 3.764032
rate N <-> T: 1.878729
rate N <-> W: 0.042610
rate N <-> Y: 0.574720
rate N <-> V: 0.078587
rate D <-> C: 0.058743
rate D <-> Q: 0.491483
rate D <-> E: 4.924234
rate D <-> G: 0.793424
rate D <-> H: 0.870603
rate D <-> I: 0.010038
rate D <-> L: 0.014157
rate D <-> K: 0.265711
rate D <-> M: 0.023991
rate D <-> F: 0.016354
rate D <-> P: 0.370412
rate D <-> S: 1.164675
rate D <-> T: 0.399902
rate D <-> W: 0.028068
rate D <-> Y: 0.126872
rate D <-> V: 0.035653
rate C <-> Q: 0.079639
rate C <-> E: 0.003286
rate C <-> G: 0.534566
rate C <-> H: 0.601499
rate C <-> I: 0.301083
rate C <-> L: 0.557800
rate C <-> K: 0.012457
rate C <-> M: 0.839207
rate C <-> F: 1.037881
rate C <-> P: 0.070787
rate C <-> S: 2.614753
rate C <-> T: 1.073780
rate C <-> W: 0.629281
rate C <-> Y: 1.094488
rate C <-> V: 1.839864
rate Q <-> E: 3.876936
rate Q <-> G: 0.251626
rate Q <-> H: 4.520102
rate Q <-> I: 0.068413
rate Q <-> L: 0.546954
rate Q <-> K: 3.037150
rate Q <-> M: 1.570619
rate Q <-> F: 0.033669
rate Q <-> P: 0.586241
rate Q <-> S: 1.149231
rate Q <-> T: 1.014297
rate Q <-> W: 0.221802
rate Q <-> Y: 0.241650
rate Q <-> V: 0.197511
rate E <-> G: 0.327583
rate E <-> H: 0.398044
rate E <-> I: 0.041567
rate E <-> L: 0.065426
rate E <-> K: 1.697022
rate E <-> M: 0.163145
rate E <-> F: 0.017664
rate E <-> P: 0.393844
rate E <-> S: 0.574671
rate E <-> T: 0.567695
rate E <-> W: 0.073107
rate E <-> Y: 0.112720
rate E <-> V: 0.230098
rate G <-> H: 0.292498
rate G <-> I: 0.008174
rate G <-> L: 0.041563
rate G <-> K: 0.278555
rate G <-> M: 0.131033
rate G <-> F: 0.084125
rate G <-> P: 0.184955
rate G <-> S: 1.633930
rate G <-> T: 0.121922
rate G <-> W: 0.252125
rate G <-> Y: 0.051346
rate G <-> V: 0.072026
rate H <-> I: 0.102245
rate H <-> L: 0.343988
rate H <-> K: 0.654763
rate H <-> M: 0.415502
rate H <-> F: 0.640560
rate H <-> P: 0.477834
rate H <-> S: 0.929667
rate H <-> T: 0.548649
rate H <-> W: 0.560661
rate H <-> Y: 4.983361
rate H <-> V: 0.111759
rate I <-> L: 3.892408
rate I <-> K: 0.149373
rate I <-> M: 4.013113
rate I <-> F: 1.044902
rate I <-> P: 0.073509
rate I <-> S: 0.060198
rate I <-> T: 0.970728
rate I <-> W: 0.104854
rate I <-> Y: 0.218350
rate I <-> V: 10.000000
rate L <-> K: 0.129119
rate L <-> M: 5.927594
rate L <-> F: 2.434657
rate L <-> P: 0.233879
rate L <-> S: 0.171176
rate L <-> T: 0.284471
rate L <-> W: 0.581863
rate L <-> Y: 0.281383
rate L <-> V: 1.598956
rate K <-> M: 0.616581
rate K <-> F: 0.022460
rate K <-> P: 0.366530
rate K <-> S: 0.703048
rate K <-> T: 1.067567
rate K <-> W: 0.046864
rate K <-> Y: 0.123890
rate K <-> V: 0.173913
rate M <-> F: 1.689205
rate M <-> P: 0.093763
rate M <-> S: 0.325811
rate M <-> T: 1.897216
rate M <-> W: 0.653740
rate M <-> Y: 0.451968
rate M <-> V: 1.782983
rate F <-> P: 0.088706
rate F <-> S: 0.339765
rate F <-> T: 0.154944
rate F <-> W: 2.307349
rate F <-> Y: 7.328222
rate F <-> V: 0.614777
rate P <-> S: 1.256567
rate P <-> T: 0.536635
rate P <-> W: 0.089332
rate P <-> Y: 0.084151
rate P <-> V: 0.278428
rate S <-> T: 6.077767
rate S <-> W: 0.233693
rate S <-> Y: 0.376132
rate S <-> V: 0.092373
rate T <-> W: 0.132241
rate T <-> Y: 0.230856
rate T <-> V: 2.054781
rate W <-> Y: 2.959699
rate W <-> V: 0.177959
rate Y <-> V: 0.234116

freq pi(A): 0.103523
freq pi(R): 0.025881
freq pi(N): 0.023293
freq pi(D): 0.072466
freq pi(C): 0.001000
freq pi(Q): 0.036233
freq pi(E): 0.131992
freq pi(G): 0.031057
freq pi(H): 0.007764
freq pi(I): 0.077643
freq pi(L): 0.119052
freq pi(K): 0.121640
freq pi(M): 0.005176
freq pi(F): 0.015529
freq pi(P): 0.005176
freq pi(S): 0.139757
freq pi(T): 0.023293
freq pi(W): 0.002588
freq pi(Y): 0.015529
freq pi(V): 0.041409


ML search took 22.442955 secs or 0.006234 hours

Combined Bootstrap and ML search took 43.041219 secs or 0.011956 hours

Drawing Bootstrap Support Values on best-scoring ML tree ...



Found 1 tree in File /in/RAxML_bestTree.EOG091G03XO.clustalo.aln.ALICUT.LGF



Found 1 tree in File /in/RAxML_bestTree.EOG091G03XO.clustalo.aln.ALICUT.LGF

Program execution info written to /in/RAxML_info.EOG091G03XO.clustalo.aln.ALICUT.LGF
All 100 bootstrapped trees written to: /in/RAxML_bootstrap.EOG091G03XO.clustalo.aln.ALICUT.LGF

Best-scoring ML tree written to: /in/RAxML_bestTree.EOG091G03XO.clustalo.aln.ALICUT.LGF

Best-scoring ML tree with support values written to: /in/RAxML_bipartitions.EOG091G03XO.clustalo.aln.ALICUT.LGF

Best-scoring ML tree with support values as branch labels written to: /in/RAxML_bipartitionsBranchLabels.EOG091G03XO.clustalo.aln.ALICUT.LGF

Overall execution time for full ML analysis: 43.043091 secs or 0.011956 hours or 0.000498 days

