
	reading taxa from FASTA ...


	C.elegans            -> sites: 454   
	M.lignano            -> sites: 454   
	D.melanogaster       -> sites: 454   
	G.turnbulli          -> sites: 454   
	H.microstoma         -> sites: 454   
	T.solium             -> sites: 454   
	R.norvegicus         -> sites: 454   
	S.mediterranea       -> sites: 454   
	D.rerio              -> sites: 454   
	G.salaris            -> sites: 454   


	data type             : amino acid sequences

	input ...

	infile		: EOG091G0HYF.clustalo.aln.fasta
	random pairs	: 200000000000000000
	window size	: 6
	indels		: ambiguous
	tree file	: -
	node level	: -
	strict profile	: -
	outgroup	: -
	matrix          : BLOSUM62

	number of taxa        : 10
	random number of pairs: 200000000000000000

	generates threshhold value for amino acid data
	using BLOSUM62

	checks for (potential) identical taxa


	scores site patterns ...


	max number of different pairs is 45
	max random pairs are scored!

	pair: 1      ->	taxon1: C.elegans 	taxon2: M.lignano 
	            	positions below base line: 220
	pair: 2      ->	taxon1: C.elegans 	taxon2: D.melanoga
	            	positions below base line: 204
	pair: 3      ->	taxon1: C.elegans 	taxon2: G.turnbull
	            	positions below base line: 235
	pair: 4      ->	taxon1: C.elegans 	taxon2: H.microsto
	            	positions below base line: 275
	pair: 5      ->	taxon1: C.elegans 	taxon2: T.solium  
	            	positions below base line: 311
	pair: 6      ->	taxon1: C.elegans 	taxon2: R.norvegic
	            	positions below base line: 199
	pair: 7      ->	taxon1: C.elegans 	taxon2: S.mediterr
	            	positions below base line: 253
	pair: 8      ->	taxon1: C.elegans 	taxon2: D.rerio   
	            	positions below base line: 199
	pair: 9      ->	taxon1: C.elegans 	taxon2: G.salaris 
	            	positions below base line: 220
	pair: 10     ->	taxon1: M.lignano 	taxon2: D.melanoga
	            	positions below base line: 223
	pair: 11     ->	taxon1: M.lignano 	taxon2: G.turnbull
	            	positions below base line: 245
	pair: 12     ->	taxon1: M.lignano 	taxon2: H.microsto
	            	positions below base line: 271
	pair: 13     ->	taxon1: M.lignano 	taxon2: T.solium  
	            	positions below base line: 308
	pair: 14     ->	taxon1: M.lignano 	taxon2: R.norvegic
	            	positions below base line: 229
	pair: 15     ->	taxon1: M.lignano 	taxon2: S.mediterr
	            	positions below base line: 258
	pair: 16     ->	taxon1: M.lignano 	taxon2: D.rerio   
	            	positions below base line: 225
	pair: 17     ->	taxon1: M.lignano 	taxon2: G.salaris 
	            	positions below base line: 245
	pair: 18     ->	taxon1: D.melanoga	taxon2: G.turnbull
	            	positions below base line: 224
	pair: 19     ->	taxon1: D.melanoga	taxon2: H.microsto
	            	positions below base line: 270
	pair: 20     ->	taxon1: D.melanoga	taxon2: T.solium  
	            	positions below base line: 306
	pair: 21     ->	taxon1: D.melanoga	taxon2: R.norvegic
	            	positions below base line: 197
	pair: 22     ->	taxon1: D.melanoga	taxon2: S.mediterr
	            	positions below base line: 230
	pair: 23     ->	taxon1: D.melanoga	taxon2: D.rerio   
	            	positions below base line: 197
	pair: 24     ->	taxon1: D.melanoga	taxon2: G.salaris 
	            	positions below base line: 217
	pair: 25     ->	taxon1: G.turnbull	taxon2: H.microsto
	            	positions below base line: 270
	pair: 26     ->	taxon1: G.turnbull	taxon2: T.solium  
	            	positions below base line: 300
	pair: 27     ->	taxon1: G.turnbull	taxon2: R.norvegic
	            	positions below base line: 221
	pair: 28     ->	taxon1: G.turnbull	taxon2: S.mediterr
	            	positions below base line: 241
	pair: 29     ->	taxon1: G.turnbull	taxon2: D.rerio   
	            	positions below base line: 221
	pair: 30     ->	taxon1: G.turnbull	taxon2: G.salaris 
	            	positions below base line: 215
	pair: 31     ->	taxon1: H.microsto	taxon2: T.solium  
	            	positions below base line: 302
	pair: 32     ->	taxon1: H.microsto	taxon2: R.norvegic
	            	positions below base line: 269
	pair: 33     ->	taxon1: H.microsto	taxon2: S.mediterr
	            	positions below base line: 267
	pair: 34     ->	taxon1: H.microsto	taxon2: D.rerio   
	            	positions below base line: 270
	pair: 35     ->	taxon1: H.microsto	taxon2: G.salaris 
	            	positions below base line: 270
	pair: 36     ->	taxon1: T.solium  	taxon2: R.norvegic
	            	positions below base line: 306
	pair: 37     ->	taxon1: T.solium  	taxon2: S.mediterr
	            	positions below base line: 307
	pair: 38     ->	taxon1: T.solium  	taxon2: D.rerio   
	            	positions below base line: 306
	pair: 39     ->	taxon1: T.solium  	taxon2: G.salaris 
	            	positions below base line: 311
	pair: 40     ->	taxon1: R.norvegic	taxon2: S.mediterr
	            	positions below base line: 224
	pair: 41     ->	taxon1: R.norvegic	taxon2: D.rerio   
	            	positions below base line: 197
	pair: 42     ->	taxon1: R.norvegic	taxon2: G.salaris 
	            	positions below base line: 213
	pair: 43     ->	taxon1: S.mediterr	taxon2: D.rerio   
	            	positions below base line: 226
	pair: 44     ->	taxon1: S.mediterr	taxon2: G.salaris 
	            	positions below base line: 232
	pair: 45     ->	taxon1: D.rerio   	taxon2: G.salaris 
	            	positions below base line: 213

	generates quality profile from collected scores ...


	scoring done ...


	generates vector plot from collected scores ...


Argument "-" treated as 0 in increment (++) at /usr/bin/Aliscore.pl line 1213.
	Profile written to EOG091G0HYF.clustalo.aln.fasta_Profile_random.txt
	List   written to EOG091G0HYF.clustalo.aln.fasta_List_random.txt

	time used: 3.86 sec

