
	reading taxa from FASTA ...


	C.intestinalis       -> sites: 394   
	H.microstoma         -> sites: 394   
	E.nipponicum         -> sites: 394   
	G.salaris            -> sites: 394   
	E.granulosus         -> sites: 394   
	D.rerio              -> sites: 394   
	H.robusta            -> sites: 394   
	S.mansoni            -> sites: 394   
	R.norvegicus         -> sites: 394   
	O.viverrini          -> sites: 394   
	T.solium             -> sites: 394   
	D.melanogaster       -> sites: 394   
	G.turnbulli          -> sites: 394   


	data type             : amino acid sequences

	input ...

	infile		: EOG091G114S.clustalo.aln.fasta
	random pairs	: 200000000000000000
	window size	: 6
	indels		: ambiguous
	tree file	: -
	node level	: -
	strict profile	: -
	outgroup	: -
	matrix          : BLOSUM62

	number of taxa        : 13
	random number of pairs: 200000000000000000

	generates threshhold value for amino acid data
	using BLOSUM62

	checks for (potential) identical taxa


	scores site patterns ...


	max number of different pairs is 78
	max random pairs are scored!

	pair: 1      ->	taxon1: C.intestin	taxon2: H.microsto
	            	positions below base line: 335
	pair: 2      ->	taxon1: C.intestin	taxon2: E.nipponic
	            	positions below base line: 328
	pair: 3      ->	taxon1: C.intestin	taxon2: G.salaris 
	            	positions below base line: 327
	pair: 4      ->	taxon1: C.intestin	taxon2: E.granulos
	            	positions below base line: 334
	pair: 5      ->	taxon1: C.intestin	taxon2: D.rerio   
	            	positions below base line: 313
	pair: 6      ->	taxon1: C.intestin	taxon2: H.robusta 
	            	positions below base line: 326
	pair: 7      ->	taxon1: C.intestin	taxon2: S.mansoni 
	            	positions below base line: 333
	pair: 8      ->	taxon1: C.intestin	taxon2: R.norvegic
	            	positions below base line: 327
	pair: 9      ->	taxon1: C.intestin	taxon2: O.viverrin
	            	positions below base line: 332
	pair: 10     ->	taxon1: C.intestin	taxon2: T.solium  
	            	positions below base line: 340
	pair: 11     ->	taxon1: C.intestin	taxon2: D.melanoga
	            	positions below base line: 331
	pair: 12     ->	taxon1: C.intestin	taxon2: G.turnbull
	            	positions below base line: 340
	pair: 13     ->	taxon1: H.microsto	taxon2: E.nipponic
	            	positions below base line: 337
	pair: 14     ->	taxon1: H.microsto	taxon2: G.salaris 
	            	positions below base line: 334
	pair: 15     ->	taxon1: H.microsto	taxon2: E.granulos
	            	positions below base line: 302
	pair: 16     ->	taxon1: H.microsto	taxon2: D.rerio   
	            	positions below base line: 328
	pair: 17     ->	taxon1: H.microsto	taxon2: H.robusta 
	            	positions below base line: 333
	pair: 18     ->	taxon1: H.microsto	taxon2: S.mansoni 
	            	positions below base line: 335
	pair: 19     ->	taxon1: H.microsto	taxon2: R.norvegic
	            	positions below base line: 337
	pair: 20     ->	taxon1: H.microsto	taxon2: O.viverrin
	            	positions below base line: 332
	pair: 21     ->	taxon1: H.microsto	taxon2: T.solium  
	            	positions below base line: 304
	pair: 22     ->	taxon1: H.microsto	taxon2: D.melanoga
	            	positions below base line: 329
	pair: 23     ->	taxon1: H.microsto	taxon2: G.turnbull
	            	positions below base line: 339
	pair: 24     ->	taxon1: E.nipponic	taxon2: G.salaris 
	            	positions below base line: 333
	pair: 25     ->	taxon1: E.nipponic	taxon2: E.granulos
	            	positions below base line: 331
	pair: 26     ->	taxon1: E.nipponic	taxon2: D.rerio   
	            	positions below base line: 309
	pair: 27     ->	taxon1: E.nipponic	taxon2: H.robusta 
	            	positions below base line: 325
	pair: 28     ->	taxon1: E.nipponic	taxon2: S.mansoni 
	            	positions below base line: 332
	pair: 29     ->	taxon1: E.nipponic	taxon2: R.norvegic
	            	positions below base line: 316
	pair: 30     ->	taxon1: E.nipponic	taxon2: O.viverrin
	            	positions below base line: 329
	pair: 31     ->	taxon1: E.nipponic	taxon2: T.solium  
	            	positions below base line: 338
	pair: 32     ->	taxon1: E.nipponic	taxon2: D.melanoga
	            	positions below base line: 329
	pair: 33     ->	taxon1: E.nipponic	taxon2: G.turnbull
	            	positions below base line: 341
	pair: 34     ->	taxon1: G.salaris 	taxon2: E.granulos
	            	positions below base line: 328
	pair: 35     ->	taxon1: G.salaris 	taxon2: D.rerio   
	            	positions below base line: 333
	pair: 36     ->	taxon1: G.salaris 	taxon2: H.robusta 
	            	positions below base line: 328
	pair: 37     ->	taxon1: G.salaris 	taxon2: S.mansoni 
	            	positions below base line: 311
	pair: 38     ->	taxon1: G.salaris 	taxon2: R.norvegic
	            	positions below base line: 329
	pair: 39     ->	taxon1: G.salaris 	taxon2: O.viverrin
	            	positions below base line: 324
	pair: 40     ->	taxon1: G.salaris 	taxon2: T.solium  
	            	positions below base line: 337
	pair: 41     ->	taxon1: G.salaris 	taxon2: D.melanoga
	            	positions below base line: 326
	pair: 42     ->	taxon1: G.salaris 	taxon2: G.turnbull
	            	positions below base line: 318
	pair: 43     ->	taxon1: E.granulos	taxon2: D.rerio   
	            	positions below base line: 327
	pair: 44     ->	taxon1: E.granulos	taxon2: H.robusta 
	            	positions below base line: 330
	pair: 45     ->	taxon1: E.granulos	taxon2: S.mansoni 
	            	positions below base line: 325
	pair: 46     ->	taxon1: E.granulos	taxon2: R.norvegic
	            	positions below base line: 331
	pair: 47     ->	taxon1: E.granulos	taxon2: O.viverrin
	            	positions below base line: 327
	pair: 48     ->	taxon1: E.granulos	taxon2: T.solium  
	            	positions below base line: 293
	pair: 49     ->	taxon1: E.granulos	taxon2: D.melanoga
	            	positions below base line: 327
	pair: 50     ->	taxon1: E.granulos	taxon2: G.turnbull
	            	positions below base line: 330
	pair: 51     ->	taxon1: D.rerio   	taxon2: H.robusta 
	            	positions below base line: 325
	pair: 52     ->	taxon1: D.rerio   	taxon2: S.mansoni 
	            	positions below base line: 328
	pair: 53     ->	taxon1: D.rerio   	taxon2: R.norvegic
	            	positions below base line: 286
	pair: 54     ->	taxon1: D.rerio   	taxon2: O.viverrin
	            	positions below base line: 329
	pair: 55     ->	taxon1: D.rerio   	taxon2: T.solium  
	            	positions below base line: 342
	pair: 56     ->	taxon1: D.rerio   	taxon2: D.melanoga
	            	positions below base line: 321
	pair: 57     ->	taxon1: D.rerio   	taxon2: G.turnbull
	            	positions below base line: 333
	pair: 58     ->	taxon1: H.robusta 	taxon2: S.mansoni 
	            	positions below base line: 328
	pair: 59     ->	taxon1: H.robusta 	taxon2: R.norvegic
	            	positions below base line: 326
	pair: 60     ->	taxon1: H.robusta 	taxon2: O.viverrin
	            	positions below base line: 328
	pair: 61     ->	taxon1: H.robusta 	taxon2: T.solium  
	            	positions below base line: 338
	pair: 62     ->	taxon1: H.robusta 	taxon2: D.melanoga
	            	positions below base line: 328
	pair: 63     ->	taxon1: H.robusta 	taxon2: G.turnbull
	            	positions below base line: 337
	pair: 64     ->	taxon1: S.mansoni 	taxon2: R.norvegic
	            	positions below base line: 318
	pair: 65     ->	taxon1: S.mansoni 	taxon2: O.viverrin
	            	positions below base line: 292
	pair: 66     ->	taxon1: S.mansoni 	taxon2: T.solium  
	            	positions below base line: 339
	pair: 67     ->	taxon1: S.mansoni 	taxon2: D.melanoga
	            	positions below base line: 327
	pair: 68     ->	taxon1: S.mansoni 	taxon2: G.turnbull
	            	positions below base line: 333
	pair: 69     ->	taxon1: R.norvegic	taxon2: O.viverrin
	            	positions below base line: 324
	pair: 70     ->	taxon1: R.norvegic	taxon2: T.solium  
	            	positions below base line: 342
	pair: 71     ->	taxon1: R.norvegic	taxon2: D.melanoga
	            	positions below base line: 316
	pair: 72     ->	taxon1: R.norvegic	taxon2: G.turnbull
	            	positions below base line: 332
	pair: 73     ->	taxon1: O.viverrin	taxon2: T.solium  
	            	positions below base line: 339
	pair: 74     ->	taxon1: O.viverrin	taxon2: D.melanoga
	            	positions below base line: 326
	pair: 75     ->	taxon1: O.viverrin	taxon2: G.turnbull
	            	positions below base line: 338
	pair: 76     ->	taxon1: T.solium  	taxon2: D.melanoga
	            	positions below base line: 339
	pair: 77     ->	taxon1: T.solium  	taxon2: G.turnbull
	            	positions below base line: 337
	pair: 78     ->	taxon1: D.melanoga	taxon2: G.turnbull
	            	positions below base line: 338

	generates quality profile from collected scores ...


	scoring done ...


	generates vector plot from collected scores ...


Argument "-" treated as 0 in increment (++) at /usr/bin/Aliscore.pl line 1213.
	Profile written to EOG091G114S.clustalo.aln.fasta_Profile_random.txt
	List   written to EOG091G114S.clustalo.aln.fasta_List_random.txt

	time used: 3.95 sec

