
RAxML can't, parse the alignment file as phylip file 
it will now try to parse it as FASTA file


This is the RAxML Master Pthread

This is RAxML Worker Pthread Number: 1

This is RAxML Worker Pthread Number: 2

This is RAxML Worker Pthread Number: 3

This is RAxML Worker Pthread Number: 5

This is RAxML Worker Pthread Number: 4


This is RAxML version 8.2.12 released by Alexandros Stamatakis on May 2018.

With greatly appreciated code contributions by:
Andre Aberer      (HITS)
Simon Berger      (HITS)
Alexey Kozlov     (HITS)
Kassian Kobert    (HITS)
David Dao         (KIT and HITS)
Sarah Lutteropp   (KIT and HITS)
Nick Pattengale   (Sandia)
Wayne Pfeiffer    (SDSC)
Akifumi S. Tanabe (NRIFS)
Charlie Taylor    (UF)


Alignment has 183 distinct alignment patterns

Proportion of gaps and completely undetermined characters in this alignment: 2.05%

RAxML rapid bootstrapping and subsequent ML search

Using 1 distinct models/data partitions with joint branch length optimization



Executing 100 rapid bootstrap inferences and thereafter a thorough ML search 

All free model parameters will be estimated by RAxML
GAMMA model of rate heterogeneity, ML estimate of alpha-parameter

GAMMA Model parameters will be estimated up to an accuracy of 0.1000000000 Log Likelihood units

Partition: 0
Alignment Patterns: 183
Name: No Name Provided
DataType: AA
Substitution Matrix: RTREV
Using empirical base frequencies




RAxML was called as follows:

raxml -f a -T 6 -m PROTGAMMARTREVF -p 12345 -x 12345 -# 100 -s ALICUT_EOG091G0E3V.clustalo.aln.fasta -n EOG091G0E3V.clustalo.aln.ALICUT.RTREVF 



Time for BS model parameter optimization 0.024228
Bootstrap[0]: Time 0.496217 seconds, bootstrap likelihood -3440.089743, best rearrangement setting 13
Bootstrap[1]: Time 0.435031 seconds, bootstrap likelihood -3313.887123, best rearrangement setting 13
Bootstrap[2]: Time 0.405906 seconds, bootstrap likelihood -3199.380431, best rearrangement setting 12
Bootstrap[3]: Time 0.380262 seconds, bootstrap likelihood -3253.223850, best rearrangement setting 15
Bootstrap[4]: Time 0.390613 seconds, bootstrap likelihood -3301.900035, best rearrangement setting 10
Bootstrap[5]: Time 0.407604 seconds, bootstrap likelihood -3290.343351, best rearrangement setting 10
Bootstrap[6]: Time 0.445307 seconds, bootstrap likelihood -3448.625180, best rearrangement setting 6
Bootstrap[7]: Time 0.396566 seconds, bootstrap likelihood -3374.577599, best rearrangement setting 14
Bootstrap[8]: Time 0.417421 seconds, bootstrap likelihood -3330.329794, best rearrangement setting 5
Bootstrap[9]: Time 0.400746 seconds, bootstrap likelihood -3486.436606, best rearrangement setting 7
Bootstrap[10]: Time 0.440942 seconds, bootstrap likelihood -3552.743160, best rearrangement setting 7
Bootstrap[11]: Time 0.401718 seconds, bootstrap likelihood -3258.297279, best rearrangement setting 5
Bootstrap[12]: Time 0.422421 seconds, bootstrap likelihood -3335.877641, best rearrangement setting 8
Bootstrap[13]: Time 0.405203 seconds, bootstrap likelihood -3538.702426, best rearrangement setting 7
Bootstrap[14]: Time 0.396769 seconds, bootstrap likelihood -3278.374803, best rearrangement setting 12
Bootstrap[15]: Time 0.393566 seconds, bootstrap likelihood -3228.613326, best rearrangement setting 15
Bootstrap[16]: Time 0.441081 seconds, bootstrap likelihood -3537.418585, best rearrangement setting 12
Bootstrap[17]: Time 0.418637 seconds, bootstrap likelihood -3462.562731, best rearrangement setting 12
Bootstrap[18]: Time 0.439529 seconds, bootstrap likelihood -3599.021953, best rearrangement setting 5
Bootstrap[19]: Time 0.429573 seconds, bootstrap likelihood -3293.886726, best rearrangement setting 8
Bootstrap[20]: Time 0.430110 seconds, bootstrap likelihood -3236.986517, best rearrangement setting 10
Bootstrap[21]: Time 0.394420 seconds, bootstrap likelihood -3543.764544, best rearrangement setting 6
Bootstrap[22]: Time 0.413692 seconds, bootstrap likelihood -3674.414931, best rearrangement setting 5
Bootstrap[23]: Time 0.416633 seconds, bootstrap likelihood -3397.933610, best rearrangement setting 7
Bootstrap[24]: Time 0.436188 seconds, bootstrap likelihood -3376.362764, best rearrangement setting 8
Bootstrap[25]: Time 0.402493 seconds, bootstrap likelihood -3353.556758, best rearrangement setting 6
Bootstrap[26]: Time 0.437809 seconds, bootstrap likelihood -3327.878973, best rearrangement setting 12
Bootstrap[27]: Time 0.414069 seconds, bootstrap likelihood -3350.036049, best rearrangement setting 10
Bootstrap[28]: Time 0.405630 seconds, bootstrap likelihood -3316.338633, best rearrangement setting 11
Bootstrap[29]: Time 0.400331 seconds, bootstrap likelihood -3344.471696, best rearrangement setting 12
Bootstrap[30]: Time 0.450768 seconds, bootstrap likelihood -3599.437924, best rearrangement setting 15
Bootstrap[31]: Time 0.407525 seconds, bootstrap likelihood -3208.632779, best rearrangement setting 15
Bootstrap[32]: Time 0.412878 seconds, bootstrap likelihood -3593.721704, best rearrangement setting 6
Bootstrap[33]: Time 0.440471 seconds, bootstrap likelihood -3339.985963, best rearrangement setting 15
Bootstrap[34]: Time 0.462816 seconds, bootstrap likelihood -3307.497565, best rearrangement setting 11
Bootstrap[35]: Time 0.393742 seconds, bootstrap likelihood -3219.275254, best rearrangement setting 8
Bootstrap[36]: Time 0.399743 seconds, bootstrap likelihood -3291.117633, best rearrangement setting 9
Bootstrap[37]: Time 0.466846 seconds, bootstrap likelihood -3530.196390, best rearrangement setting 11
Bootstrap[38]: Time 0.406214 seconds, bootstrap likelihood -3207.163713, best rearrangement setting 8
Bootstrap[39]: Time 0.390466 seconds, bootstrap likelihood -3029.392777, best rearrangement setting 13
Bootstrap[40]: Time 0.409013 seconds, bootstrap likelihood -3444.072234, best rearrangement setting 13
Bootstrap[41]: Time 0.432470 seconds, bootstrap likelihood -3568.441407, best rearrangement setting 10
Bootstrap[42]: Time 0.374981 seconds, bootstrap likelihood -3125.986200, best rearrangement setting 5
Bootstrap[43]: Time 0.368285 seconds, bootstrap likelihood -3322.731092, best rearrangement setting 14
Bootstrap[44]: Time 0.461780 seconds, bootstrap likelihood -3427.048400, best rearrangement setting 10
Bootstrap[45]: Time 0.421098 seconds, bootstrap likelihood -3287.370700, best rearrangement setting 15
Bootstrap[46]: Time 0.401177 seconds, bootstrap likelihood -3261.304025, best rearrangement setting 14
Bootstrap[47]: Time 0.425724 seconds, bootstrap likelihood -3454.267825, best rearrangement setting 8
Bootstrap[48]: Time 0.421996 seconds, bootstrap likelihood -3445.446404, best rearrangement setting 6
Bootstrap[49]: Time 0.413283 seconds, bootstrap likelihood -3335.045558, best rearrangement setting 7
Bootstrap[50]: Time 0.461510 seconds, bootstrap likelihood -3430.495266, best rearrangement setting 7
Bootstrap[51]: Time 0.399299 seconds, bootstrap likelihood -3280.068546, best rearrangement setting 11
Bootstrap[52]: Time 0.414588 seconds, bootstrap likelihood -3508.376334, best rearrangement setting 12
Bootstrap[53]: Time 0.407896 seconds, bootstrap likelihood -3224.207663, best rearrangement setting 8
Bootstrap[54]: Time 0.414253 seconds, bootstrap likelihood -3321.431290, best rearrangement setting 9
Bootstrap[55]: Time 0.453602 seconds, bootstrap likelihood -3532.163559, best rearrangement setting 11
Bootstrap[56]: Time 0.451757 seconds, bootstrap likelihood -3508.300696, best rearrangement setting 5
Bootstrap[57]: Time 0.397532 seconds, bootstrap likelihood -3347.804977, best rearrangement setting 7
Bootstrap[58]: Time 0.423287 seconds, bootstrap likelihood -3395.497735, best rearrangement setting 10
Bootstrap[59]: Time 0.419621 seconds, bootstrap likelihood -3565.613637, best rearrangement setting 9
Bootstrap[60]: Time 0.418871 seconds, bootstrap likelihood -3404.175889, best rearrangement setting 7
Bootstrap[61]: Time 0.464202 seconds, bootstrap likelihood -3296.829422, best rearrangement setting 5
Bootstrap[62]: Time 0.175018 seconds, bootstrap likelihood -3317.354084, best rearrangement setting 11
Bootstrap[63]: Time 0.424917 seconds, bootstrap likelihood -3478.280137, best rearrangement setting 12
Bootstrap[64]: Time 0.200581 seconds, bootstrap likelihood -3036.661935, best rearrangement setting 7
Bootstrap[65]: Time 0.420719 seconds, bootstrap likelihood -3412.537717, best rearrangement setting 5
Bootstrap[66]: Time 0.446303 seconds, bootstrap likelihood -3325.456611, best rearrangement setting 5
Bootstrap[67]: Time 0.398899 seconds, bootstrap likelihood -3175.828725, best rearrangement setting 15
Bootstrap[68]: Time 0.376786 seconds, bootstrap likelihood -3416.394172, best rearrangement setting 11
Bootstrap[69]: Time 0.431482 seconds, bootstrap likelihood -3219.944249, best rearrangement setting 5
Bootstrap[70]: Time 0.430596 seconds, bootstrap likelihood -3348.212500, best rearrangement setting 8
Bootstrap[71]: Time 0.395431 seconds, bootstrap likelihood -3317.933849, best rearrangement setting 10
Bootstrap[72]: Time 0.396348 seconds, bootstrap likelihood -3164.204343, best rearrangement setting 11
Bootstrap[73]: Time 0.412050 seconds, bootstrap likelihood -3093.225272, best rearrangement setting 9
Bootstrap[74]: Time 0.407992 seconds, bootstrap likelihood -3199.907841, best rearrangement setting 5
Bootstrap[75]: Time 0.435963 seconds, bootstrap likelihood -3388.808562, best rearrangement setting 8
Bootstrap[76]: Time 0.431185 seconds, bootstrap likelihood -3545.558892, best rearrangement setting 9
Bootstrap[77]: Time 0.432485 seconds, bootstrap likelihood -3209.971065, best rearrangement setting 11
Bootstrap[78]: Time 0.430826 seconds, bootstrap likelihood -3328.961736, best rearrangement setting 15
Bootstrap[79]: Time 0.408124 seconds, bootstrap likelihood -3459.222228, best rearrangement setting 9
Bootstrap[80]: Time 0.421789 seconds, bootstrap likelihood -3265.372237, best rearrangement setting 15
Bootstrap[81]: Time 0.406921 seconds, bootstrap likelihood -3400.714979, best rearrangement setting 7
Bootstrap[82]: Time 0.424619 seconds, bootstrap likelihood -3348.012891, best rearrangement setting 6
Bootstrap[83]: Time 0.202873 seconds, bootstrap likelihood -3481.700848, best rearrangement setting 10
Bootstrap[84]: Time 0.432200 seconds, bootstrap likelihood -3454.913440, best rearrangement setting 11
Bootstrap[85]: Time 0.441862 seconds, bootstrap likelihood -3457.586663, best rearrangement setting 8
Bootstrap[86]: Time 0.434811 seconds, bootstrap likelihood -3481.832802, best rearrangement setting 7
Bootstrap[87]: Time 0.211285 seconds, bootstrap likelihood -3392.032381, best rearrangement setting 7
Bootstrap[88]: Time 0.441667 seconds, bootstrap likelihood -3243.474492, best rearrangement setting 12
Bootstrap[89]: Time 0.402339 seconds, bootstrap likelihood -3666.435779, best rearrangement setting 10
Bootstrap[90]: Time 0.380576 seconds, bootstrap likelihood -3033.704670, best rearrangement setting 8
Bootstrap[91]: Time 0.429131 seconds, bootstrap likelihood -3555.150363, best rearrangement setting 12
Bootstrap[92]: Time 0.401531 seconds, bootstrap likelihood -3170.234908, best rearrangement setting 13
Bootstrap[93]: Time 0.420847 seconds, bootstrap likelihood -3623.964041, best rearrangement setting 15
Bootstrap[94]: Time 0.377569 seconds, bootstrap likelihood -3512.233079, best rearrangement setting 5
Bootstrap[95]: Time 0.404579 seconds, bootstrap likelihood -3255.264252, best rearrangement setting 5
Bootstrap[96]: Time 0.440548 seconds, bootstrap likelihood -3297.883370, best rearrangement setting 13
Bootstrap[97]: Time 0.443184 seconds, bootstrap likelihood -3452.527359, best rearrangement setting 11
Bootstrap[98]: Time 0.396521 seconds, bootstrap likelihood -3465.871414, best rearrangement setting 6
Bootstrap[99]: Time 0.441271 seconds, bootstrap likelihood -3533.779773, best rearrangement setting 14


Overall Time for 100 Rapid Bootstraps 41.039505 seconds
Average Time per Rapid Bootstrap 0.410395 seconds

Starting ML Search ...

Fast ML optimization finished

Fast ML search Time: 26.365503 seconds

Slow ML Search 0 Likelihood: -3405.853922
Slow ML Search 1 Likelihood: -3405.853922
Slow ML Search 2 Likelihood: -3405.853922
Slow ML Search 3 Likelihood: -3405.853922
Slow ML Search 4 Likelihood: -3405.853922
Slow ML Search 5 Likelihood: -3405.853922
Slow ML Search 6 Likelihood: -3405.853922
Slow ML Search 7 Likelihood: -3405.853922
Slow ML Search 8 Likelihood: -3405.853922
Slow ML Search 9 Likelihood: -3405.853922
Slow ML optimization finished

Slow ML search Time: 8.554157 seconds
Thorough ML search Time: 0.697000 seconds

Final ML Optimization Likelihood: -3405.853922

Model Information:

Model Parameters of Partition 0, Name: No Name Provided, Type of Data: AA
alpha: 1.278164
Tree-Length: 4.626471
rate A <-> R: 0.324427
rate A <-> N: 0.486641
rate A <-> D: 0.095420
rate A <-> C: 4.188931
rate A <-> Q: 0.305344
rate A <-> E: 0.772901
rate A <-> G: 1.288168
rate A <-> H: 0.286260
rate A <-> I: 0.009542
rate A <-> L: 0.429389
rate A <-> K: 0.362595
rate A <-> M: 2.242366
rate A <-> F: 0.009542
rate A <-> P: 0.925573
rate A <-> S: 4.389313
rate A <-> T: 2.461832
rate A <-> W: 0.047710
rate A <-> Y: 0.524809
rate A <-> V: 1.879771
rate R <-> N: 0.333969
rate R <-> D: 0.286260
rate R <-> C: 0.877863
rate R <-> Q: 2.108779
rate R <-> E: 0.095420
rate R <-> G: 0.391221
rate R <-> H: 0.858779
rate R <-> I: 0.229008
rate R <-> L: 0.171756
rate R <-> K: 5.658397
rate R <-> M: 0.543893
rate R <-> F: 0.066794
rate R <-> P: 0.229008
rate R <-> S: 0.973282
rate R <-> T: 0.610687
rate R <-> W: 0.124046
rate R <-> Y: 0.448473
rate R <-> V: 0.276718
rate N <-> D: 3.664122
rate N <-> C: 1.221374
rate N <-> Q: 2.251908
rate N <-> E: 0.753817
rate N <-> G: 0.896947
rate N <-> H: 3.053435
rate N <-> I: 0.333969
rate N <-> L: 0.143130
rate N <-> K: 1.173664
rate N <-> M: 0.009542
rate N <-> F: 0.467557
rate N <-> P: 0.314885
rate N <-> S: 2.805344
rate N <-> T: 1.412214
rate N <-> W: 0.152672
rate N <-> Y: 0.267176
rate N <-> V: 0.200382
rate D <-> C: 0.009542
rate D <-> Q: 0.744275
rate D <-> E: 5.171756
rate D <-> G: 0.582061
rate D <-> H: 0.868321
rate D <-> I: 0.009542
rate D <-> L: 0.047710
rate D <-> K: 0.190840
rate D <-> M: 0.009542
rate D <-> F: 0.009542
rate D <-> P: 0.524809
rate D <-> S: 1.297710
rate D <-> T: 0.524809
rate D <-> W: 0.009542
rate D <-> Y: 0.009542
rate D <-> V: 0.057252
rate C <-> Q: 0.667939
rate C <-> E: 0.009542
rate C <-> G: 0.458015
rate C <-> H: 1.183206
rate C <-> I: 0.992366
rate C <-> L: 1.049618
rate C <-> K: 0.152672
rate C <-> M: 1.488550
rate C <-> F: 0.667939
rate C <-> P: 0.009542
rate C <-> S: 0.715649
rate C <-> T: 1.116412
rate C <-> W: 0.524809
rate C <-> Y: 1.250000
rate C <-> V: 2.814885
rate Q <-> E: 3.549618
rate Q <-> G: 0.171756
rate Q <-> H: 3.692748
rate Q <-> I: 0.314885
rate Q <-> L: 0.515267
rate Q <-> K: 2.948473
rate Q <-> M: 1.507634
rate Q <-> F: 0.009542
rate Q <-> P: 0.648855
rate Q <-> S: 2.146947
rate Q <-> T: 1.393130
rate Q <-> W: 0.095420
rate Q <-> Y: 0.429389
rate Q <-> V: 0.343511
rate E <-> G: 0.667939
rate E <-> H: 0.324427
rate E <-> I: 0.009542
rate E <-> L: 0.200382
rate E <-> K: 1.345420
rate E <-> M: 0.009542
rate E <-> F: 0.009542
rate E <-> P: 0.496183
rate E <-> S: 0.906489
rate E <-> T: 0.782443
rate E <-> W: 0.162214
rate E <-> Y: 0.009542
rate E <-> V: 0.333969
rate G <-> H: 0.648855
rate G <-> I: 0.009542
rate G <-> L: 0.028626
rate G <-> K: 0.286260
rate G <-> M: 0.353053
rate G <-> F: 0.066794
rate G <-> P: 0.162214
rate G <-> S: 1.450382
rate G <-> T: 0.066794
rate G <-> W: 0.219466
rate G <-> Y: 0.200382
rate G <-> V: 0.028626
rate H <-> I: 0.324427
rate H <-> L: 0.486641
rate H <-> K: 0.725191
rate H <-> M: 1.106870
rate H <-> F: 1.345420
rate H <-> P: 0.419847
rate H <-> S: 1.746183
rate H <-> T: 0.467557
rate H <-> W: 0.458015
rate H <-> Y: 2.929389
rate H <-> V: 0.009542
rate I <-> L: 3.673664
rate I <-> K: 0.324427
rate I <-> M: 3.578244
rate I <-> F: 0.610687
rate I <-> P: 0.095420
rate I <-> S: 0.038168
rate I <-> T: 0.687023
rate I <-> W: 0.372137
rate I <-> Y: 0.248092
rate I <-> V: 10.000000
rate L <-> K: 0.219466
rate L <-> M: 5.543893
rate L <-> F: 1.708015
rate L <-> P: 0.209924
rate L <-> S: 0.229008
rate L <-> T: 0.238550
rate L <-> W: 0.448473
rate L <-> Y: 0.610687
rate L <-> V: 1.068702
rate K <-> M: 1.278626
rate K <-> F: 0.133588
rate K <-> P: 0.410305
rate K <-> S: 0.734733
rate K <-> T: 1.049618
rate K <-> W: 0.057252
rate K <-> Y: 0.009542
rate K <-> V: 0.181298
rate M <-> F: 2.356870
rate M <-> P: 0.009542
rate M <-> S: 0.009542
rate M <-> T: 1.250000
rate M <-> W: 1.059160
rate M <-> Y: 0.706107
rate M <-> V: 2.251908
rate F <-> P: 0.104962
rate F <-> S: 0.190840
rate F <-> T: 0.658397
rate F <-> W: 1.736641
rate F <-> Y: 9.704198
rate F <-> V: 0.877863
rate P <-> S: 1.278626
rate P <-> T: 0.591603
rate P <-> W: 0.085878
rate P <-> Y: 0.133588
rate P <-> V: 0.238550
rate S <-> T: 6.402672
rate S <-> W: 0.133588
rate S <-> Y: 0.295802
rate S <-> V: 0.372137
rate T <-> W: 0.009542
rate T <-> Y: 0.324427
rate T <-> V: 1.870229
rate W <-> Y: 1.679389
rate W <-> V: 0.248092
rate Y <-> V: 0.562977

freq pi(A): 0.054867
freq pi(R): 0.085310
freq pi(N): 0.039292
freq pi(D): 0.037876
freq pi(C): 0.021947
freq pi(Q): 0.027611
freq pi(E): 0.064779
freq pi(G): 0.091327
freq pi(H): 0.020531
freq pi(I): 0.060885
freq pi(L): 0.112566
freq pi(K): 0.048850
freq pi(M): 0.019115
freq pi(F): 0.014513
freq pi(P): 0.036460
freq pi(S): 0.067965
freq pi(T): 0.042124
freq pi(W): 0.011681
freq pi(Y): 0.027965
freq pi(V): 0.114336


ML search took 35.650055 secs or 0.009903 hours

Combined Bootstrap and ML search took 76.689835 secs or 0.021303 hours

Drawing Bootstrap Support Values on best-scoring ML tree ...



Found 1 tree in File /in/RAxML_bestTree.EOG091G0E3V.clustalo.aln.ALICUT.RTREVF



Found 1 tree in File /in/RAxML_bestTree.EOG091G0E3V.clustalo.aln.ALICUT.RTREVF

Program execution info written to /in/RAxML_info.EOG091G0E3V.clustalo.aln.ALICUT.RTREVF
All 100 bootstrapped trees written to: /in/RAxML_bootstrap.EOG091G0E3V.clustalo.aln.ALICUT.RTREVF

Best-scoring ML tree written to: /in/RAxML_bestTree.EOG091G0E3V.clustalo.aln.ALICUT.RTREVF

Best-scoring ML tree with support values written to: /in/RAxML_bipartitions.EOG091G0E3V.clustalo.aln.ALICUT.RTREVF

Best-scoring ML tree with support values as branch labels written to: /in/RAxML_bipartitionsBranchLabels.EOG091G0E3V.clustalo.aln.ALICUT.RTREVF

Overall execution time for full ML analysis: 76.693008 secs or 0.021304 hours or 0.000888 days

