--2018-12-12 15:44:52--  http://www.orthodb.org/fasta?query=EOG091G00UD&level=33208
Resolving www.orthodb.org (www.orthodb.org)... 167.99.129.42, 2a03:b0c0:3:d0::d19:7001
Connecting to www.orthodb.org (www.orthodb.org)|167.99.129.42|:80... connected.
HTTP request sent, awaiting response... 301 Moved Permanently
Location: https://www.orthodb.org/fasta?query=EOG091G00UD&level=33208 [following]
--2018-12-12 15:44:52--  https://www.orthodb.org/fasta?query=EOG091G00UD&level=33208
Connecting to www.orthodb.org (www.orthodb.org)|167.99.129.42|:443... connected.
HTTP request sent, awaiting response... 200 OK
Length: 755806 (738K) [text/plain]
Saving to: ‘EOG091G00UD/EOG091G00UD.orthodb.fasta’

     0K .......... .......... .......... .......... ..........  6% 1,25M 1s
    50K .......... .......... .......... .......... .......... 13%  587K 1s
   100K .......... .......... .......... .......... .......... 20% 1,16M 1s
   150K .......... .......... .......... .......... .......... 27% 2,04M 1s
   200K .......... .......... .......... .......... .......... 33% 1,87M 0s
   250K .......... .......... .......... .......... .......... 40% 2,95M 0s
   300K .......... .......... .......... .......... .......... 47% 3,25M 0s
   350K .......... .......... .......... .......... .......... 54% 1,88M 0s
   400K .......... .......... .......... .......... .......... 60% 2,67M 0s
   450K .......... .......... .......... .......... .......... 67% 3,30M 0s
   500K .......... .......... .......... .......... .......... 74% 21,5M 0s
   550K .......... .......... .......... .......... .......... 81% 3,12M 0s
   600K .......... .......... .......... .......... .......... 88% 2,19M 0s
   650K .......... .......... .......... .......... .......... 94% 2,15M 0s
   700K .......... .......... .......... ........             100% 3,51M=0,4s

2018-12-12 15:44:53 (1,89 MB/s) - ‘EOG091G00UD/EOG091G00UD.orthodb.fasta’ saved [755806/755806]

