
	reading taxa from FASTA ...


	R.norvegicus         -> sites: 321   
	E.granulosus         -> sites: 321   
	C.sinensis           -> sites: 321   
	D.rerio              -> sites: 321   
	H.robusta            -> sites: 321   
	D.melanogaster       -> sites: 321   
	S.mediterranea       -> sites: 321   
	E.nipponicum         -> sites: 321   
	M.lignano            -> sites: 321   
	H.microstoma         -> sites: 321   
	T.solium             -> sites: 321   
	C.intestinalis       -> sites: 321   


	data type             : amino acid sequences

	input ...

	infile		: EOG091G0RM8.clustalo.aln.fasta
	random pairs	: 200000000000000000
	window size	: 6
	indels		: ambiguous
	tree file	: -
	node level	: -
	strict profile	: -
	outgroup	: -
	matrix          : BLOSUM62

	number of taxa        : 12
	random number of pairs: 200000000000000000

	generates threshhold value for amino acid data
	using BLOSUM62

	checks for (potential) identical taxa


	scores site patterns ...


	max number of different pairs is 66
	max random pairs are scored!

	pair: 1      ->	taxon1: R.norvegic	taxon2: E.granulos
	            	positions below base line: 202
	pair: 2      ->	taxon1: R.norvegic	taxon2: C.sinensis
	            	positions below base line: 211
	pair: 3      ->	taxon1: R.norvegic	taxon2: D.rerio   
	            	positions below base line: 144
	pair: 4      ->	taxon1: R.norvegic	taxon2: H.robusta 
	            	positions below base line: 186
	pair: 5      ->	taxon1: R.norvegic	taxon2: D.melanoga
	            	positions below base line: 179
	pair: 6      ->	taxon1: R.norvegic	taxon2: S.mediterr
	            	positions below base line: 183
	pair: 7      ->	taxon1: R.norvegic	taxon2: E.nipponic
	            	positions below base line: 144
	pair: 8      ->	taxon1: R.norvegic	taxon2: M.lignano 
	            	positions below base line: 172
	pair: 9      ->	taxon1: R.norvegic	taxon2: H.microsto
	            	positions below base line: 227
	pair: 10     ->	taxon1: R.norvegic	taxon2: T.solium  
	            	positions below base line: 222
	pair: 11     ->	taxon1: R.norvegic	taxon2: C.intestin
	            	positions below base line: 169
	pair: 12     ->	taxon1: E.granulos	taxon2: C.sinensis
	            	positions below base line: 205
	pair: 13     ->	taxon1: E.granulos	taxon2: D.rerio   
	            	positions below base line: 199
	pair: 14     ->	taxon1: E.granulos	taxon2: H.robusta 
	            	positions below base line: 215
	pair: 15     ->	taxon1: E.granulos	taxon2: D.melanoga
	            	positions below base line: 217
	pair: 16     ->	taxon1: E.granulos	taxon2: S.mediterr
	            	positions below base line: 223
	pair: 17     ->	taxon1: E.granulos	taxon2: E.nipponic
	            	positions below base line: 203
	pair: 18     ->	taxon1: E.granulos	taxon2: M.lignano 
	            	positions below base line: 203
	pair: 19     ->	taxon1: E.granulos	taxon2: H.microsto
	            	positions below base line: 200
	pair: 20     ->	taxon1: E.granulos	taxon2: T.solium  
	            	positions below base line: 188
	pair: 21     ->	taxon1: E.granulos	taxon2: C.intestin
	            	positions below base line: 211
	pair: 22     ->	taxon1: C.sinensis	taxon2: D.rerio   
	            	positions below base line: 220
	pair: 23     ->	taxon1: C.sinensis	taxon2: H.robusta 
	            	positions below base line: 222
	pair: 24     ->	taxon1: C.sinensis	taxon2: D.melanoga
	            	positions below base line: 226
	pair: 25     ->	taxon1: C.sinensis	taxon2: S.mediterr
	            	positions below base line: 241
	pair: 26     ->	taxon1: C.sinensis	taxon2: E.nipponic
	            	positions below base line: 224
	pair: 27     ->	taxon1: C.sinensis	taxon2: M.lignano 
	            	positions below base line: 217
	pair: 28     ->	taxon1: C.sinensis	taxon2: H.microsto
	            	positions below base line: 215
	pair: 29     ->	taxon1: C.sinensis	taxon2: T.solium  
	            	positions below base line: 225
	pair: 30     ->	taxon1: C.sinensis	taxon2: C.intestin
	            	positions below base line: 232
	pair: 31     ->	taxon1: D.rerio   	taxon2: H.robusta 
	            	positions below base line: 183
	pair: 32     ->	taxon1: D.rerio   	taxon2: D.melanoga
	            	positions below base line: 177
	pair: 33     ->	taxon1: D.rerio   	taxon2: S.mediterr
	            	positions below base line: 187
	pair: 34     ->	taxon1: D.rerio   	taxon2: E.nipponic
	            	positions below base line: 144
	pair: 35     ->	taxon1: D.rerio   	taxon2: M.lignano 
	            	positions below base line: 169
	pair: 36     ->	taxon1: D.rerio   	taxon2: H.microsto
	            	positions below base line: 226
	pair: 37     ->	taxon1: D.rerio   	taxon2: T.solium  
	            	positions below base line: 225
	pair: 38     ->	taxon1: D.rerio   	taxon2: C.intestin
	            	positions below base line: 179
	pair: 39     ->	taxon1: H.robusta 	taxon2: D.melanoga
	            	positions below base line: 179
	pair: 40     ->	taxon1: H.robusta 	taxon2: S.mediterr
	            	positions below base line: 183
	pair: 41     ->	taxon1: H.robusta 	taxon2: E.nipponic
	            	positions below base line: 181
	pair: 42     ->	taxon1: H.robusta 	taxon2: M.lignano 
	            	positions below base line: 175
	pair: 43     ->	taxon1: H.robusta 	taxon2: H.microsto
	            	positions below base line: 230
	pair: 44     ->	taxon1: H.robusta 	taxon2: T.solium  
	            	positions below base line: 232
	pair: 45     ->	taxon1: H.robusta 	taxon2: C.intestin
	            	positions below base line: 176
	pair: 46     ->	taxon1: D.melanoga	taxon2: S.mediterr
	            	positions below base line: 205
	pair: 47     ->	taxon1: D.melanoga	taxon2: E.nipponic
	            	positions below base line: 176
	pair: 48     ->	taxon1: D.melanoga	taxon2: M.lignano 
	            	positions below base line: 182
	pair: 49     ->	taxon1: D.melanoga	taxon2: H.microsto
	            	positions below base line: 231
	pair: 50     ->	taxon1: D.melanoga	taxon2: T.solium  
	            	positions below base line: 225
	pair: 51     ->	taxon1: D.melanoga	taxon2: C.intestin
	            	positions below base line: 180
	pair: 52     ->	taxon1: S.mediterr	taxon2: E.nipponic
	            	positions below base line: 190
	pair: 53     ->	taxon1: S.mediterr	taxon2: M.lignano 
	            	positions below base line: 186
	pair: 54     ->	taxon1: S.mediterr	taxon2: H.microsto
	            	positions below base line: 237
	pair: 55     ->	taxon1: S.mediterr	taxon2: T.solium  
	            	positions below base line: 237
	pair: 56     ->	taxon1: S.mediterr	taxon2: C.intestin
	            	positions below base line: 196
	pair: 57     ->	taxon1: E.nipponic	taxon2: M.lignano 
	            	positions below base line: 174
	pair: 58     ->	taxon1: E.nipponic	taxon2: H.microsto
	            	positions below base line: 228
	pair: 59     ->	taxon1: E.nipponic	taxon2: T.solium  
	            	positions below base line: 226
	pair: 60     ->	taxon1: E.nipponic	taxon2: C.intestin
	            	positions below base line: 175
	pair: 61     ->	taxon1: M.lignano 	taxon2: H.microsto
	            	positions below base line: 233
	pair: 62     ->	taxon1: M.lignano 	taxon2: T.solium  
	            	positions below base line: 224
	pair: 63     ->	taxon1: M.lignano 	taxon2: C.intestin
	            	positions below base line: 191
	pair: 64     ->	taxon1: H.microsto	taxon2: T.solium  
	            	positions below base line: 206
	pair: 65     ->	taxon1: H.microsto	taxon2: C.intestin
	            	positions below base line: 233
	pair: 66     ->	taxon1: T.solium  	taxon2: C.intestin
	            	positions below base line: 234

	generates quality profile from collected scores ...


	scoring done ...


	generates vector plot from collected scores ...


Argument "-" treated as 0 in increment (++) at /usr/bin/Aliscore.pl line 1213.
	Profile written to EOG091G0RM8.clustalo.aln.fasta_Profile_random.txt
	List   written to EOG091G0RM8.clustalo.aln.fasta_List_random.txt

	time used: 3.95 sec

