--2018-12-11 12:33:23--  http://www.orthodb.org/fasta?query=EOG091G00UD&level=33208
Resolving www.orthodb.org (www.orthodb.org)... 142.93.108.123, 2a03:b0c0:3:e0::1b:1
Connecting to www.orthodb.org (www.orthodb.org)|142.93.108.123|:80... connected.
HTTP request sent, awaiting response... 301 Moved Permanently
Location: https://www.orthodb.org/fasta?query=EOG091G00UD&level=33208 [following]
--2018-12-11 12:33:23--  https://www.orthodb.org/fasta?query=EOG091G00UD&level=33208
Connecting to www.orthodb.org (www.orthodb.org)|142.93.108.123|:443... connected.
HTTP request sent, awaiting response... 200 OK
Length: 755806 (738K) [text/plain]
Saving to: ‘EOG091G00UD/EOG091G00UD.orthodb.fasta’

     0K .......... .......... .......... .......... ..........  6% 1,18M 1s
    50K .......... .......... .......... .......... .......... 13% 1,24M 1s
   100K .......... .......... .......... .......... .......... 20% 2,17M 0s
   150K .......... .......... .......... .......... .......... 27% 2,25M 0s
   200K .......... .......... .......... .......... .......... 33% 2,52M 0s
   250K .......... .......... .......... .......... .......... 40% 2,42M 0s
   300K .......... .......... .......... .......... .......... 47% 3,09M 0s
   350K .......... .......... .......... .......... .......... 54% 2,32M 0s
   400K .......... .......... .......... .......... .......... 60% 6,76M 0s
   450K .......... .......... .......... .......... .......... 67% 2,45M 0s
   500K .......... .......... .......... .......... .......... 74% 2,32M 0s
   550K .......... .......... .......... .......... .......... 81% 2,35M 0s
   600K .......... .......... .......... .......... .......... 88% 3,24M 0s
   650K .......... .......... .......... .......... .......... 94% 6,70M 0s
   700K .......... .......... .......... ........             100% 1,92M=0,3s

2018-12-11 12:33:24 (2,31 MB/s) - ‘EOG091G00UD/EOG091G00UD.orthodb.fasta’ saved [755806/755806]

