
	reading taxa from FASTA ...


	N.vectensis          -> sites: 398   
	H.robusta            -> sites: 398   
	C.sinensis           -> sites: 398   
	T.solium             -> sites: 398   
	D.melanogaster       -> sites: 398   
	C.intestinalis       -> sites: 398   
	H.microstoma         -> sites: 398   
	S.mansoni            -> sites: 398   
	E.granulosus         -> sites: 398   
	R.norvegicus         -> sites: 398   
	G.salaris            -> sites: 398   
	D.rerio              -> sites: 398   
	G.turnbulli          -> sites: 398   


	data type             : amino acid sequences

	input ...

	infile		: EOG091G0JYQ.clustalo.aln.fasta
	random pairs	: 200000000000000000
	window size	: 6
	indels		: ambiguous
	tree file	: -
	node level	: -
	strict profile	: -
	outgroup	: -
	matrix          : BLOSUM62

	number of taxa        : 13
	random number of pairs: 200000000000000000

	generates threshhold value for amino acid data
	using BLOSUM62

	checks for (potential) identical taxa


	scores site patterns ...


	max number of different pairs is 78
	max random pairs are scored!

	pair: 1      ->	taxon1: N.vectensi	taxon2: H.robusta 
	            	positions below base line: 208
	pair: 2      ->	taxon1: N.vectensi	taxon2: C.sinensis
	            	positions below base line: 195
	pair: 3      ->	taxon1: N.vectensi	taxon2: T.solium  
	            	positions below base line: 204
	pair: 4      ->	taxon1: N.vectensi	taxon2: D.melanoga
	            	positions below base line: 188
	pair: 5      ->	taxon1: N.vectensi	taxon2: C.intestin
	            	positions below base line: 184
	pair: 6      ->	taxon1: N.vectensi	taxon2: H.microsto
	            	positions below base line: 199
	pair: 7      ->	taxon1: N.vectensi	taxon2: S.mansoni 
	            	positions below base line: 196
	pair: 8      ->	taxon1: N.vectensi	taxon2: E.granulos
	            	positions below base line: 202
	pair: 9      ->	taxon1: N.vectensi	taxon2: R.norvegic
	            	positions below base line: 200
	pair: 10     ->	taxon1: N.vectensi	taxon2: G.salaris 
	            	positions below base line: 205
	pair: 11     ->	taxon1: N.vectensi	taxon2: D.rerio   
	            	positions below base line: 203
	pair: 12     ->	taxon1: N.vectensi	taxon2: G.turnbull
	            	positions below base line: 193
	pair: 13     ->	taxon1: H.robusta 	taxon2: C.sinensis
	            	positions below base line: 178
	pair: 14     ->	taxon1: H.robusta 	taxon2: T.solium  
	            	positions below base line: 189
	pair: 15     ->	taxon1: H.robusta 	taxon2: D.melanoga
	            	positions below base line: 172
	pair: 16     ->	taxon1: H.robusta 	taxon2: C.intestin
	            	positions below base line: 187
	pair: 17     ->	taxon1: H.robusta 	taxon2: H.microsto
	            	positions below base line: 187
	pair: 18     ->	taxon1: H.robusta 	taxon2: S.mansoni 
	            	positions below base line: 179
	pair: 19     ->	taxon1: H.robusta 	taxon2: E.granulos
	            	positions below base line: 184
	pair: 20     ->	taxon1: H.robusta 	taxon2: R.norvegic
	            	positions below base line: 176
	pair: 21     ->	taxon1: H.robusta 	taxon2: G.salaris 
	            	positions below base line: 190
	pair: 22     ->	taxon1: H.robusta 	taxon2: D.rerio   
	            	positions below base line: 193
	pair: 23     ->	taxon1: H.robusta 	taxon2: G.turnbull
	            	positions below base line: 183
	pair: 24     ->	taxon1: C.sinensis	taxon2: T.solium  
	            	positions below base line: 186
	pair: 25     ->	taxon1: C.sinensis	taxon2: D.melanoga
	            	positions below base line: 194
	pair: 26     ->	taxon1: C.sinensis	taxon2: C.intestin
	            	positions below base line: 195
	pair: 27     ->	taxon1: C.sinensis	taxon2: H.microsto
	            	positions below base line: 178
	pair: 28     ->	taxon1: C.sinensis	taxon2: S.mansoni 
	            	positions below base line: 169
	pair: 29     ->	taxon1: C.sinensis	taxon2: E.granulos
	            	positions below base line: 183
	pair: 30     ->	taxon1: C.sinensis	taxon2: R.norvegic
	            	positions below base line: 194
	pair: 31     ->	taxon1: C.sinensis	taxon2: G.salaris 
	            	positions below base line: 166
	pair: 32     ->	taxon1: C.sinensis	taxon2: D.rerio   
	            	positions below base line: 210
	pair: 33     ->	taxon1: C.sinensis	taxon2: G.turnbull
	            	positions below base line: 167
	pair: 34     ->	taxon1: T.solium  	taxon2: D.melanoga
	            	positions below base line: 193
	pair: 35     ->	taxon1: T.solium  	taxon2: C.intestin
	            	positions below base line: 199
	pair: 36     ->	taxon1: T.solium  	taxon2: H.microsto
	            	positions below base line: 157
	pair: 37     ->	taxon1: T.solium  	taxon2: S.mansoni 
	            	positions below base line: 186
	pair: 38     ->	taxon1: T.solium  	taxon2: E.granulos
	            	positions below base line: 151
	pair: 39     ->	taxon1: T.solium  	taxon2: R.norvegic
	            	positions below base line: 201
	pair: 40     ->	taxon1: T.solium  	taxon2: G.salaris 
	            	positions below base line: 185
	pair: 41     ->	taxon1: T.solium  	taxon2: D.rerio   
	            	positions below base line: 214
	pair: 42     ->	taxon1: T.solium  	taxon2: G.turnbull
	            	positions below base line: 180
	pair: 43     ->	taxon1: D.melanoga	taxon2: C.intestin
	            	positions below base line: 164
	pair: 44     ->	taxon1: D.melanoga	taxon2: H.microsto
	            	positions below base line: 188
	pair: 45     ->	taxon1: D.melanoga	taxon2: S.mansoni 
	            	positions below base line: 190
	pair: 46     ->	taxon1: D.melanoga	taxon2: E.granulos
	            	positions below base line: 186
	pair: 47     ->	taxon1: D.melanoga	taxon2: R.norvegic
	            	positions below base line: 190
	pair: 48     ->	taxon1: D.melanoga	taxon2: G.salaris 
	            	positions below base line: 197
	pair: 49     ->	taxon1: D.melanoga	taxon2: D.rerio   
	            	positions below base line: 182
	pair: 50     ->	taxon1: D.melanoga	taxon2: G.turnbull
	            	positions below base line: 181
	pair: 51     ->	taxon1: C.intestin	taxon2: H.microsto
	            	positions below base line: 193
	pair: 52     ->	taxon1: C.intestin	taxon2: S.mansoni 
	            	positions below base line: 191
	pair: 53     ->	taxon1: C.intestin	taxon2: E.granulos
	            	positions below base line: 191
	pair: 54     ->	taxon1: C.intestin	taxon2: R.norvegic
	            	positions below base line: 187
	pair: 55     ->	taxon1: C.intestin	taxon2: G.salaris 
	            	positions below base line: 196
	pair: 56     ->	taxon1: C.intestin	taxon2: D.rerio   
	            	positions below base line: 193
	pair: 57     ->	taxon1: C.intestin	taxon2: G.turnbull
	            	positions below base line: 185
	pair: 58     ->	taxon1: H.microsto	taxon2: S.mansoni 
	            	positions below base line: 183
	pair: 59     ->	taxon1: H.microsto	taxon2: E.granulos
	            	positions below base line: 162
	pair: 60     ->	taxon1: H.microsto	taxon2: R.norvegic
	            	positions below base line: 199
	pair: 61     ->	taxon1: H.microsto	taxon2: G.salaris 
	            	positions below base line: 193
	pair: 62     ->	taxon1: H.microsto	taxon2: D.rerio   
	            	positions below base line: 212
	pair: 63     ->	taxon1: H.microsto	taxon2: G.turnbull
	            	positions below base line: 180
	pair: 64     ->	taxon1: S.mansoni 	taxon2: E.granulos
	            	positions below base line: 185
	pair: 65     ->	taxon1: S.mansoni 	taxon2: R.norvegic
	            	positions below base line: 193
	pair: 66     ->	taxon1: S.mansoni 	taxon2: G.salaris 
	            	positions below base line: 177
	pair: 67     ->	taxon1: S.mansoni 	taxon2: D.rerio   
	            	positions below base line: 206
	pair: 68     ->	taxon1: S.mansoni 	taxon2: G.turnbull
	            	positions below base line: 165
	pair: 69     ->	taxon1: E.granulos	taxon2: R.norvegic
	            	positions below base line: 198
	pair: 70     ->	taxon1: E.granulos	taxon2: G.salaris 
	            	positions below base line: 182
	pair: 71     ->	taxon1: E.granulos	taxon2: D.rerio   
	            	positions below base line: 206
	pair: 72     ->	taxon1: E.granulos	taxon2: G.turnbull
	            	positions below base line: 181
	pair: 73     ->	taxon1: R.norvegic	taxon2: G.salaris 
	            	positions below base line: 203
	pair: 74     ->	taxon1: R.norvegic	taxon2: D.rerio   
	            	positions below base line: 143
	pair: 75     ->	taxon1: R.norvegic	taxon2: G.turnbull
	            	positions below base line: 194
	pair: 76     ->	taxon1: G.salaris 	taxon2: D.rerio   
	            	positions below base line: 209
	pair: 77     ->	taxon1: G.salaris 	taxon2: G.turnbull
	            	positions below base line: 175
	pair: 78     ->	taxon1: D.rerio   	taxon2: G.turnbull
	            	positions below base line: 191

	generates quality profile from collected scores ...


	scoring done ...


	generates vector plot from collected scores ...


Argument "-" treated as 0 in increment (++) at /usr/bin/Aliscore.pl line 1213.
	Profile written to EOG091G0JYQ.clustalo.aln.fasta_Profile_random.txt
	List   written to EOG091G0JYQ.clustalo.aln.fasta_List_random.txt

	time used: 3.78 sec

