
	reading taxa from FASTA ...


	D.melanogaster       -> sites: 512   
	H.microstoma         -> sites: 512   
	T.solium             -> sites: 512   
	L.gigantea           -> sites: 512   
	C.intestinalis       -> sites: 512   
	C.sinensis           -> sites: 512   
	H.robusta            -> sites: 512   
	S.mansoni            -> sites: 512   
	G.salaris            -> sites: 512   
	S.mediterranea       -> sites: 512   
	R.norvegicus         -> sites: 512   
	D.rerio              -> sites: 512   
	P.xenopodis          -> sites: 512   


	data type             : amino acid sequences

	input ...

	infile		: EOG091G07D9.clustalo.aln.fasta
	random pairs	: 200000000000000000
	window size	: 6
	indels		: ambiguous
	tree file	: -
	node level	: -
	strict profile	: -
	outgroup	: -
	matrix          : BLOSUM62

	number of taxa        : 13
	random number of pairs: 200000000000000000

	generates threshhold value for amino acid data
	using BLOSUM62

	checks for (potential) identical taxa


	scores site patterns ...


	max number of different pairs is 78
	max random pairs are scored!

	pair: 1      ->	taxon1: D.melanoga	taxon2: H.microsto
	            	positions below base line: 89
	pair: 2      ->	taxon1: D.melanoga	taxon2: T.solium  
	            	positions below base line: 82
	pair: 3      ->	taxon1: D.melanoga	taxon2: L.gigantea
	            	positions below base line: 57
	pair: 4      ->	taxon1: D.melanoga	taxon2: C.intestin
	            	positions below base line: 63
	pair: 5      ->	taxon1: D.melanoga	taxon2: C.sinensis
	            	positions below base line: 76
	pair: 6      ->	taxon1: D.melanoga	taxon2: H.robusta 
	            	positions below base line: 59
	pair: 7      ->	taxon1: D.melanoga	taxon2: S.mansoni 
	            	positions below base line: 80
	pair: 8      ->	taxon1: D.melanoga	taxon2: G.salaris 
	            	positions below base line: 89
	pair: 9      ->	taxon1: D.melanoga	taxon2: S.mediterr
	            	positions below base line: 83
	pair: 10     ->	taxon1: D.melanoga	taxon2: R.norvegic
	            	positions below base line: 61
	pair: 11     ->	taxon1: D.melanoga	taxon2: D.rerio   
	            	positions below base line: 59
	pair: 12     ->	taxon1: D.melanoga	taxon2: P.xenopodi
	            	positions below base line: 217
	pair: 13     ->	taxon1: H.microsto	taxon2: T.solium  
	            	positions below base line: 92
	pair: 14     ->	taxon1: H.microsto	taxon2: L.gigantea
	            	positions below base line: 105
	pair: 15     ->	taxon1: H.microsto	taxon2: C.intestin
	            	positions below base line: 96
	pair: 16     ->	taxon1: H.microsto	taxon2: C.sinensis
	            	positions below base line: 100
	pair: 17     ->	taxon1: H.microsto	taxon2: H.robusta 
	            	positions below base line: 104
	pair: 18     ->	taxon1: H.microsto	taxon2: S.mansoni 
	            	positions below base line: 97
	pair: 19     ->	taxon1: H.microsto	taxon2: G.salaris 
	            	positions below base line: 124
	pair: 20     ->	taxon1: H.microsto	taxon2: S.mediterr
	            	positions below base line: 102
	pair: 21     ->	taxon1: H.microsto	taxon2: R.norvegic
	            	positions below base line: 110
	pair: 22     ->	taxon1: H.microsto	taxon2: D.rerio   
	            	positions below base line: 106
	pair: 23     ->	taxon1: H.microsto	taxon2: P.xenopodi
	            	positions below base line: 214
	pair: 24     ->	taxon1: T.solium  	taxon2: L.gigantea
	            	positions below base line: 83
	pair: 25     ->	taxon1: T.solium  	taxon2: C.intestin
	            	positions below base line: 85
	pair: 26     ->	taxon1: T.solium  	taxon2: C.sinensis
	            	positions below base line: 80
	pair: 27     ->	taxon1: T.solium  	taxon2: H.robusta 
	            	positions below base line: 85
	pair: 28     ->	taxon1: T.solium  	taxon2: S.mansoni 
	            	positions below base line: 77
	pair: 29     ->	taxon1: T.solium  	taxon2: G.salaris 
	            	positions below base line: 98
	pair: 30     ->	taxon1: T.solium  	taxon2: S.mediterr
	            	positions below base line: 72
	pair: 31     ->	taxon1: T.solium  	taxon2: R.norvegic
	            	positions below base line: 95
	pair: 32     ->	taxon1: T.solium  	taxon2: D.rerio   
	            	positions below base line: 91
	pair: 33     ->	taxon1: T.solium  	taxon2: P.xenopodi
	            	positions below base line: 214
	pair: 34     ->	taxon1: L.gigantea	taxon2: C.intestin
	            	positions below base line: 69
	pair: 35     ->	taxon1: L.gigantea	taxon2: C.sinensis
	            	positions below base line: 78
	pair: 36     ->	taxon1: L.gigantea	taxon2: H.robusta 
	            	positions below base line: 59
	pair: 37     ->	taxon1: L.gigantea	taxon2: S.mansoni 
	            	positions below base line: 80
	pair: 38     ->	taxon1: L.gigantea	taxon2: G.salaris 
	            	positions below base line: 96
	pair: 39     ->	taxon1: L.gigantea	taxon2: S.mediterr
	            	positions below base line: 85
	pair: 40     ->	taxon1: L.gigantea	taxon2: R.norvegic
	            	positions below base line: 65
	pair: 41     ->	taxon1: L.gigantea	taxon2: D.rerio   
	            	positions below base line: 62
	pair: 42     ->	taxon1: L.gigantea	taxon2: P.xenopodi
	            	positions below base line: 219
	pair: 43     ->	taxon1: C.intestin	taxon2: C.sinensis
	            	positions below base line: 84
	pair: 44     ->	taxon1: C.intestin	taxon2: H.robusta 
	            	positions below base line: 65
	pair: 45     ->	taxon1: C.intestin	taxon2: S.mansoni 
	            	positions below base line: 89
	pair: 46     ->	taxon1: C.intestin	taxon2: G.salaris 
	            	positions below base line: 100
	pair: 47     ->	taxon1: C.intestin	taxon2: S.mediterr
	            	positions below base line: 88
	pair: 48     ->	taxon1: C.intestin	taxon2: R.norvegic
	            	positions below base line: 68
	pair: 49     ->	taxon1: C.intestin	taxon2: D.rerio   
	            	positions below base line: 64
	pair: 50     ->	taxon1: C.intestin	taxon2: P.xenopodi
	            	positions below base line: 225
	pair: 51     ->	taxon1: C.sinensis	taxon2: H.robusta 
	            	positions below base line: 85
	pair: 52     ->	taxon1: C.sinensis	taxon2: S.mansoni 
	            	positions below base line: 51
	pair: 53     ->	taxon1: C.sinensis	taxon2: G.salaris 
	            	positions below base line: 91
	pair: 54     ->	taxon1: C.sinensis	taxon2: S.mediterr
	            	positions below base line: 69
	pair: 55     ->	taxon1: C.sinensis	taxon2: R.norvegic
	            	positions below base line: 90
	pair: 56     ->	taxon1: C.sinensis	taxon2: D.rerio   
	            	positions below base line: 87
	pair: 57     ->	taxon1: C.sinensis	taxon2: P.xenopodi
	            	positions below base line: 204
	pair: 58     ->	taxon1: H.robusta 	taxon2: S.mansoni 
	            	positions below base line: 86
	pair: 59     ->	taxon1: H.robusta 	taxon2: G.salaris 
	            	positions below base line: 106
	pair: 60     ->	taxon1: H.robusta 	taxon2: S.mediterr
	            	positions below base line: 91
	pair: 61     ->	taxon1: H.robusta 	taxon2: R.norvegic
	            	positions below base line: 62
	pair: 62     ->	taxon1: H.robusta 	taxon2: D.rerio   
	            	positions below base line: 59
	pair: 63     ->	taxon1: H.robusta 	taxon2: P.xenopodi
	            	positions below base line: 221
	pair: 64     ->	taxon1: S.mansoni 	taxon2: G.salaris 
	            	positions below base line: 86
	pair: 65     ->	taxon1: S.mansoni 	taxon2: S.mediterr
	            	positions below base line: 79
	pair: 66     ->	taxon1: S.mansoni 	taxon2: R.norvegic
	            	positions below base line: 91
	pair: 67     ->	taxon1: S.mansoni 	taxon2: D.rerio   
	            	positions below base line: 87
	pair: 68     ->	taxon1: S.mansoni 	taxon2: P.xenopodi
	            	positions below base line: 205
	pair: 69     ->	taxon1: G.salaris 	taxon2: S.mediterr
	            	positions below base line: 93
	pair: 70     ->	taxon1: G.salaris 	taxon2: R.norvegic
	            	positions below base line: 96
	pair: 71     ->	taxon1: G.salaris 	taxon2: D.rerio   
	            	positions below base line: 91
	pair: 72     ->	taxon1: G.salaris 	taxon2: P.xenopodi
	            	positions below base line: 232
	pair: 73     ->	taxon1: S.mediterr	taxon2: R.norvegic
	            	positions below base line: 88
	pair: 74     ->	taxon1: S.mediterr	taxon2: D.rerio   
	            	positions below base line: 85
	pair: 75     ->	taxon1: S.mediterr	taxon2: P.xenopodi
	            	positions below base line: 204
	pair: 76     ->	taxon1: R.norvegic	taxon2: D.rerio   
	            	positions below base line: 54
	pair: 77     ->	taxon1: R.norvegic	taxon2: P.xenopodi
	            	positions below base line: 227
	pair: 78     ->	taxon1: D.rerio   	taxon2: P.xenopodi
	            	positions below base line: 223

	generates quality profile from collected scores ...


	scoring done ...


	generates vector plot from collected scores ...


Argument "-" treated as 0 in increment (++) at /usr/bin/Aliscore.pl line 1213.
	Profile written to EOG091G07D9.clustalo.aln.fasta_Profile_random.txt
	List   written to EOG091G07D9.clustalo.aln.fasta_List_random.txt

	time used: 3.77 sec

