
	reading taxa from FASTA ...


	T.solium             -> sites: 1655  
	D.melanogaster       -> sites: 1655  
	S.mediterranea       -> sites: 1655  
	D.rerio              -> sites: 1655  
	C.intestinalis       -> sites: 1655  
	R.norvegicus         -> sites: 1655  
	E.granulosus         -> sites: 1655  
	H.robusta            -> sites: 1655  
	L.gigantea           -> sites: 1655  
	G.salaris            -> sites: 1655  
	G.turnbulli          -> sites: 1655  
	H.microstoma         -> sites: 1655  


	data type             : amino acid sequences

	input ...

	infile		: EOG091G01GC.clustalo.aln.fasta
	random pairs	: 200000000000000000
	window size	: 6
	indels		: ambiguous
	tree file	: -
	node level	: -
	strict profile	: -
	outgroup	: -
	matrix          : BLOSUM62

	number of taxa        : 12
	random number of pairs: 200000000000000000

	generates threshhold value for amino acid data
	using BLOSUM62

	checks for (potential) identical taxa


	scores site patterns ...


	max number of different pairs is 66
	max random pairs are scored!

	pair: 1      ->	taxon1: T.solium  	taxon2: D.melanoga
	            	positions below base line: 1328
	pair: 2      ->	taxon1: T.solium  	taxon2: S.mediterr
	            	positions below base line: 996
	pair: 3      ->	taxon1: T.solium  	taxon2: D.rerio   
	            	positions below base line: 1050
	pair: 4      ->	taxon1: T.solium  	taxon2: C.intestin
	            	positions below base line: 1088
	pair: 5      ->	taxon1: T.solium  	taxon2: R.norvegic
	            	positions below base line: 1043
	pair: 6      ->	taxon1: T.solium  	taxon2: E.granulos
	            	positions below base line: 648
	pair: 7      ->	taxon1: T.solium  	taxon2: H.robusta 
	            	positions below base line: 1011
	pair: 8      ->	taxon1: T.solium  	taxon2: L.gigantea
	            	positions below base line: 1140
	pair: 9      ->	taxon1: T.solium  	taxon2: G.salaris 
	            	positions below base line: 1238
	pair: 10     ->	taxon1: T.solium  	taxon2: G.turnbull
	            	positions below base line: 1028
	pair: 11     ->	taxon1: T.solium  	taxon2: H.microsto
	            	positions below base line: 941
	pair: 12     ->	taxon1: D.melanoga	taxon2: S.mediterr
	            	positions below base line: 1186
	pair: 13     ->	taxon1: D.melanoga	taxon2: D.rerio   
	            	positions below base line: 1160
	pair: 14     ->	taxon1: D.melanoga	taxon2: C.intestin
	            	positions below base line: 1138
	pair: 15     ->	taxon1: D.melanoga	taxon2: R.norvegic
	            	positions below base line: 1141
	pair: 16     ->	taxon1: D.melanoga	taxon2: E.granulos
	            	positions below base line: 1239
	pair: 17     ->	taxon1: D.melanoga	taxon2: H.robusta 
	            	positions below base line: 1153
	pair: 18     ->	taxon1: D.melanoga	taxon2: L.gigantea
	            	positions below base line: 1198
	pair: 19     ->	taxon1: D.melanoga	taxon2: G.salaris 
	            	positions below base line: 1333
	pair: 20     ->	taxon1: D.melanoga	taxon2: G.turnbull
	            	positions below base line: 1360
	pair: 21     ->	taxon1: D.melanoga	taxon2: H.microsto
	            	positions below base line: 1192
	pair: 22     ->	taxon1: S.mediterr	taxon2: D.rerio   
	            	positions below base line: 755
	pair: 23     ->	taxon1: S.mediterr	taxon2: C.intestin
	            	positions below base line: 775
	pair: 24     ->	taxon1: S.mediterr	taxon2: R.norvegic
	            	positions below base line: 740
	pair: 25     ->	taxon1: S.mediterr	taxon2: E.granulos
	            	positions below base line: 810
	pair: 26     ->	taxon1: S.mediterr	taxon2: H.robusta 
	            	positions below base line: 748
	pair: 27     ->	taxon1: S.mediterr	taxon2: L.gigantea
	            	positions below base line: 852
	pair: 28     ->	taxon1: S.mediterr	taxon2: G.salaris 
	            	positions below base line: 972
	pair: 29     ->	taxon1: S.mediterr	taxon2: G.turnbull
	            	positions below base line: 1039
	pair: 30     ->	taxon1: S.mediterr	taxon2: H.microsto
	            	positions below base line: 765
	pair: 31     ->	taxon1: D.rerio   	taxon2: C.intestin
	            	positions below base line: 642
	pair: 32     ->	taxon1: D.rerio   	taxon2: R.norvegic
	            	positions below base line: 461
	pair: 33     ->	taxon1: D.rerio   	taxon2: E.granulos
	            	positions below base line: 878
	pair: 34     ->	taxon1: D.rerio   	taxon2: H.robusta 
	            	positions below base line: 653
	pair: 35     ->	taxon1: D.rerio   	taxon2: L.gigantea
	            	positions below base line: 688
	pair: 36     ->	taxon1: D.rerio   	taxon2: G.salaris 
	            	positions below base line: 990
	pair: 37     ->	taxon1: D.rerio   	taxon2: G.turnbull
	            	positions below base line: 1127
	pair: 38     ->	taxon1: D.rerio   	taxon2: H.microsto
	            	positions below base line: 855
	pair: 39     ->	taxon1: C.intestin	taxon2: R.norvegic
	            	positions below base line: 632
	pair: 40     ->	taxon1: C.intestin	taxon2: E.granulos
	            	positions below base line: 917
	pair: 41     ->	taxon1: C.intestin	taxon2: H.robusta 
	            	positions below base line: 719
	pair: 42     ->	taxon1: C.intestin	taxon2: L.gigantea
	            	positions below base line: 773
	pair: 43     ->	taxon1: C.intestin	taxon2: G.salaris 
	            	positions below base line: 1019
	pair: 44     ->	taxon1: C.intestin	taxon2: G.turnbull
	            	positions below base line: 1132
	pair: 45     ->	taxon1: C.intestin	taxon2: H.microsto
	            	positions below base line: 850
	pair: 46     ->	taxon1: R.norvegic	taxon2: E.granulos
	            	positions below base line: 865
	pair: 47     ->	taxon1: R.norvegic	taxon2: H.robusta 
	            	positions below base line: 635
	pair: 48     ->	taxon1: R.norvegic	taxon2: L.gigantea
	            	positions below base line: 677
	pair: 49     ->	taxon1: R.norvegic	taxon2: G.salaris 
	            	positions below base line: 992
	pair: 50     ->	taxon1: R.norvegic	taxon2: G.turnbull
	            	positions below base line: 1094
	pair: 51     ->	taxon1: R.norvegic	taxon2: H.microsto
	            	positions below base line: 858
	pair: 52     ->	taxon1: E.granulos	taxon2: H.robusta 
	            	positions below base line: 865
	pair: 53     ->	taxon1: E.granulos	taxon2: L.gigantea
	            	positions below base line: 961
	pair: 54     ->	taxon1: E.granulos	taxon2: G.salaris 
	            	positions below base line: 1037
	pair: 55     ->	taxon1: E.granulos	taxon2: G.turnbull
	            	positions below base line: 1008
	pair: 56     ->	taxon1: E.granulos	taxon2: H.microsto
	            	positions below base line: 730
	pair: 57     ->	taxon1: H.robusta 	taxon2: L.gigantea
	            	positions below base line: 717
	pair: 58     ->	taxon1: H.robusta 	taxon2: G.salaris 
	            	positions below base line: 1012
	pair: 59     ->	taxon1: H.robusta 	taxon2: G.turnbull
	            	positions below base line: 1077
	pair: 60     ->	taxon1: H.robusta 	taxon2: H.microsto
	            	positions below base line: 840
	pair: 61     ->	taxon1: L.gigantea	taxon2: G.salaris 
	            	positions below base line: 999
	pair: 62     ->	taxon1: L.gigantea	taxon2: G.turnbull
	            	positions below base line: 1225
	pair: 63     ->	taxon1: L.gigantea	taxon2: H.microsto
	            	positions below base line: 932
	pair: 64     ->	taxon1: G.salaris 	taxon2: G.turnbull
	            	positions below base line: 1270
	pair: 65     ->	taxon1: G.salaris 	taxon2: H.microsto
	            	positions below base line: 989
	pair: 66     ->	taxon1: G.turnbull	taxon2: H.microsto
	            	positions below base line: 1088

	generates quality profile from collected scores ...


	scoring done ...


	generates vector plot from collected scores ...


Argument "-" treated as 0 in increment (++) at /usr/bin/Aliscore.pl line 1213.
	Profile written to EOG091G01GC.clustalo.aln.fasta_Profile_random.txt
	List   written to EOG091G01GC.clustalo.aln.fasta_List_random.txt

	time used: 4.22 sec

