--2018-12-14 09:36:55--  http://www.orthodb.org/fasta?query=EOG091G01GC&level=33208
Resolving www.orthodb.org (www.orthodb.org)... 142.93.108.123, 2a03:b0c0:3:d0::d19:7001
Connecting to www.orthodb.org (www.orthodb.org)|142.93.108.123|:80... connected.
HTTP request sent, awaiting response... 301 Moved Permanently
Location: https://www.orthodb.org/fasta?query=EOG091G01GC&level=33208 [following]
--2018-12-14 09:36:56--  https://www.orthodb.org/fasta?query=EOG091G01GC&level=33208
Connecting to www.orthodb.org (www.orthodb.org)|142.93.108.123|:443... connected.
HTTP request sent, awaiting response... 200 OK
Length: 680837 (665K) [text/plain]
Saving to: ‘EOG091G01GC/EOG091G01GC.orthodb.fasta’

     0K .......... .......... .......... .......... ..........  7% 1,37M 0s
    50K .......... .......... .......... .......... .......... 15% 2,34M 0s
   100K .......... .......... .......... .......... .......... 22% 2,36M 0s
   150K .......... .......... .......... .......... .......... 30% 2,31M 0s
   200K .......... .......... .......... .......... .......... 37% 2,63M 0s
   250K .......... .......... .......... .......... .......... 45% 4,18M 0s
   300K .......... .......... .......... .......... .......... 52% 4,59M 0s
   350K .......... .......... .......... .......... .......... 60% 2,39M 0s
   400K .......... .......... .......... .......... .......... 67% 2,65M 0s
   450K .......... .......... .......... .......... .......... 75% 2,41M 0s
   500K .......... .......... .......... .......... .......... 82% 2,49M 0s
   550K .......... .......... .......... .......... .......... 90% 3,10M 0s
   600K .......... .......... .......... .......... .......... 97% 8,28M 0s
   650K .......... ....                                       100% 26,9M=0,2s

2018-12-14 09:36:57 (2,71 MB/s) - ‘EOG091G01GC/EOG091G01GC.orthodb.fasta’ saved [680837/680837]

