
	reading taxa from FASTA ...


	M.lignano            -> sites: 365   
	E.granulosus         -> sites: 365   
	O.viverrini          -> sites: 365   
	D.melanogaster       -> sites: 365   
	C.intestinalis       -> sites: 365   
	T.solium             -> sites: 365   
	H.robusta            -> sites: 365   
	D.rerio              -> sites: 365   
	S.mansoni            -> sites: 365   
	C.sinensis           -> sites: 365   
	R.norvegicus         -> sites: 365   
	N.vectensis          -> sites: 365   
	H.microstoma         -> sites: 365   
	S.mediterranea       -> sites: 365   


	data type             : amino acid sequences

	input ...

	infile		: EOG091G0DRZ.clustalo.aln.fasta
	random pairs	: 200000000000000000
	window size	: 6
	indels		: ambiguous
	tree file	: -
	node level	: -
	strict profile	: -
	outgroup	: -
	matrix          : BLOSUM62

	number of taxa        : 14
	random number of pairs: 200000000000000000

	generates threshhold value for amino acid data
	using BLOSUM62

	checks for (potential) identical taxa


	scores site patterns ...


	max number of different pairs is 91
	max random pairs are scored!

	pair: 1      ->	taxon1: M.lignano 	taxon2: E.granulos
	            	positions below base line: 131
	pair: 2      ->	taxon1: M.lignano 	taxon2: O.viverrin
	            	positions below base line: 115
	pair: 3      ->	taxon1: M.lignano 	taxon2: D.melanoga
	            	positions below base line: 69
	pair: 4      ->	taxon1: M.lignano 	taxon2: C.intestin
	            	positions below base line: 117
	pair: 5      ->	taxon1: M.lignano 	taxon2: T.solium  
	            	positions below base line: 128
	pair: 6      ->	taxon1: M.lignano 	taxon2: H.robusta 
	            	positions below base line: 199
	pair: 7      ->	taxon1: M.lignano 	taxon2: D.rerio   
	            	positions below base line: 80
	pair: 8      ->	taxon1: M.lignano 	taxon2: S.mansoni 
	            	positions below base line: 144
	pair: 9      ->	taxon1: M.lignano 	taxon2: C.sinensis
	            	positions below base line: 112
	pair: 10     ->	taxon1: M.lignano 	taxon2: R.norvegic
	            	positions below base line: 94
	pair: 11     ->	taxon1: M.lignano 	taxon2: N.vectensi
	            	positions below base line: 118
	pair: 12     ->	taxon1: M.lignano 	taxon2: H.microsto
	            	positions below base line: 128
	pair: 13     ->	taxon1: M.lignano 	taxon2: S.mediterr
	            	positions below base line: 99
	pair: 14     ->	taxon1: E.granulos	taxon2: O.viverrin
	            	positions below base line: 114
	pair: 15     ->	taxon1: E.granulos	taxon2: D.melanoga
	            	positions below base line: 117
	pair: 16     ->	taxon1: E.granulos	taxon2: C.intestin
	            	positions below base line: 109
	pair: 17     ->	taxon1: E.granulos	taxon2: T.solium  
	            	positions below base line: 50
	pair: 18     ->	taxon1: E.granulos	taxon2: H.robusta 
	            	positions below base line: 201
	pair: 19     ->	taxon1: E.granulos	taxon2: D.rerio   
	            	positions below base line: 108
	pair: 20     ->	taxon1: E.granulos	taxon2: S.mansoni 
	            	positions below base line: 141
	pair: 21     ->	taxon1: E.granulos	taxon2: C.sinensis
	            	positions below base line: 114
	pair: 22     ->	taxon1: E.granulos	taxon2: R.norvegic
	            	positions below base line: 111
	pair: 23     ->	taxon1: E.granulos	taxon2: N.vectensi
	            	positions below base line: 120
	pair: 24     ->	taxon1: E.granulos	taxon2: H.microsto
	            	positions below base line: 86
	pair: 25     ->	taxon1: E.granulos	taxon2: S.mediterr
	            	positions below base line: 124
	pair: 26     ->	taxon1: O.viverrin	taxon2: D.melanoga
	            	positions below base line: 112
	pair: 27     ->	taxon1: O.viverrin	taxon2: C.intestin
	            	positions below base line: 122
	pair: 28     ->	taxon1: O.viverrin	taxon2: T.solium  
	            	positions below base line: 107
	pair: 29     ->	taxon1: O.viverrin	taxon2: H.robusta 
	            	positions below base line: 201
	pair: 30     ->	taxon1: O.viverrin	taxon2: D.rerio   
	            	positions below base line: 84
	pair: 31     ->	taxon1: O.viverrin	taxon2: S.mansoni 
	            	positions below base line: 137
	pair: 32     ->	taxon1: O.viverrin	taxon2: C.sinensis
	            	positions below base line: 56
	pair: 33     ->	taxon1: O.viverrin	taxon2: R.norvegic
	            	positions below base line: 103
	pair: 34     ->	taxon1: O.viverrin	taxon2: N.vectensi
	            	positions below base line: 115
	pair: 35     ->	taxon1: O.viverrin	taxon2: H.microsto
	            	positions below base line: 108
	pair: 36     ->	taxon1: O.viverrin	taxon2: S.mediterr
	            	positions below base line: 117
	pair: 37     ->	taxon1: D.melanoga	taxon2: C.intestin
	            	positions below base line: 118
	pair: 38     ->	taxon1: D.melanoga	taxon2: T.solium  
	            	positions below base line: 102
	pair: 39     ->	taxon1: D.melanoga	taxon2: H.robusta 
	            	positions below base line: 196
	pair: 40     ->	taxon1: D.melanoga	taxon2: D.rerio   
	            	positions below base line: 72
	pair: 41     ->	taxon1: D.melanoga	taxon2: S.mansoni 
	            	positions below base line: 144
	pair: 42     ->	taxon1: D.melanoga	taxon2: C.sinensis
	            	positions below base line: 115
	pair: 43     ->	taxon1: D.melanoga	taxon2: R.norvegic
	            	positions below base line: 95
	pair: 44     ->	taxon1: D.melanoga	taxon2: N.vectensi
	            	positions below base line: 119
	pair: 45     ->	taxon1: D.melanoga	taxon2: H.microsto
	            	positions below base line: 114
	pair: 46     ->	taxon1: D.melanoga	taxon2: S.mediterr
	            	positions below base line: 91
	pair: 47     ->	taxon1: C.intestin	taxon2: T.solium  
	            	positions below base line: 112
	pair: 48     ->	taxon1: C.intestin	taxon2: H.robusta 
	            	positions below base line: 202
	pair: 49     ->	taxon1: C.intestin	taxon2: D.rerio   
	            	positions below base line: 104
	pair: 50     ->	taxon1: C.intestin	taxon2: S.mansoni 
	            	positions below base line: 149
	pair: 51     ->	taxon1: C.intestin	taxon2: C.sinensis
	            	positions below base line: 122
	pair: 52     ->	taxon1: C.intestin	taxon2: R.norvegic
	            	positions below base line: 110
	pair: 53     ->	taxon1: C.intestin	taxon2: N.vectensi
	            	positions below base line: 126
	pair: 54     ->	taxon1: C.intestin	taxon2: H.microsto
	            	positions below base line: 116
	pair: 55     ->	taxon1: C.intestin	taxon2: S.mediterr
	            	positions below base line: 119
	pair: 56     ->	taxon1: T.solium  	taxon2: H.robusta 
	            	positions below base line: 200
	pair: 57     ->	taxon1: T.solium  	taxon2: D.rerio   
	            	positions below base line: 110
	pair: 58     ->	taxon1: T.solium  	taxon2: S.mansoni 
	            	positions below base line: 136
	pair: 59     ->	taxon1: T.solium  	taxon2: C.sinensis
	            	positions below base line: 110
	pair: 60     ->	taxon1: T.solium  	taxon2: R.norvegic
	            	positions below base line: 112
	pair: 61     ->	taxon1: T.solium  	taxon2: N.vectensi
	            	positions below base line: 123
	pair: 62     ->	taxon1: T.solium  	taxon2: H.microsto
	            	positions below base line: 77
	pair: 63     ->	taxon1: T.solium  	taxon2: S.mediterr
	            	positions below base line: 121
	pair: 64     ->	taxon1: H.robusta 	taxon2: D.rerio   
	            	positions below base line: 205
	pair: 65     ->	taxon1: H.robusta 	taxon2: S.mansoni 
	            	positions below base line: 197
	pair: 66     ->	taxon1: H.robusta 	taxon2: C.sinensis
	            	positions below base line: 201
	pair: 67     ->	taxon1: H.robusta 	taxon2: R.norvegic
	            	positions below base line: 203
	pair: 68     ->	taxon1: H.robusta 	taxon2: N.vectensi
	            	positions below base line: 196
	pair: 69     ->	taxon1: H.robusta 	taxon2: H.microsto
	            	positions below base line: 201
	pair: 70     ->	taxon1: H.robusta 	taxon2: S.mediterr
	            	positions below base line: 196
	pair: 71     ->	taxon1: D.rerio   	taxon2: S.mansoni 
	            	positions below base line: 136
	pair: 72     ->	taxon1: D.rerio   	taxon2: C.sinensis
	            	positions below base line: 88
	pair: 73     ->	taxon1: D.rerio   	taxon2: R.norvegic
	            	positions below base line: 57
	pair: 74     ->	taxon1: D.rerio   	taxon2: N.vectensi
	            	positions below base line: 122
	pair: 75     ->	taxon1: D.rerio   	taxon2: H.microsto
	            	positions below base line: 108
	pair: 76     ->	taxon1: D.rerio   	taxon2: S.mediterr
	            	positions below base line: 99
	pair: 77     ->	taxon1: S.mansoni 	taxon2: C.sinensis
	            	positions below base line: 139
	pair: 78     ->	taxon1: S.mansoni 	taxon2: R.norvegic
	            	positions below base line: 139
	pair: 79     ->	taxon1: S.mansoni 	taxon2: N.vectensi
	            	positions below base line: 149
	pair: 80     ->	taxon1: S.mansoni 	taxon2: H.microsto
	            	positions below base line: 136
	pair: 81     ->	taxon1: S.mansoni 	taxon2: S.mediterr
	            	positions below base line: 137
	pair: 82     ->	taxon1: C.sinensis	taxon2: R.norvegic
	            	positions below base line: 108
	pair: 83     ->	taxon1: C.sinensis	taxon2: N.vectensi
	            	positions below base line: 115
	pair: 84     ->	taxon1: C.sinensis	taxon2: H.microsto
	            	positions below base line: 107
	pair: 85     ->	taxon1: C.sinensis	taxon2: S.mediterr
	            	positions below base line: 119
	pair: 86     ->	taxon1: R.norvegic	taxon2: N.vectensi
	            	positions below base line: 127
	pair: 87     ->	taxon1: R.norvegic	taxon2: H.microsto
	            	positions below base line: 121
	pair: 88     ->	taxon1: R.norvegic	taxon2: S.mediterr
	            	positions below base line: 108
	pair: 89     ->	taxon1: N.vectensi	taxon2: H.microsto
	            	positions below base line: 128
	pair: 90     ->	taxon1: N.vectensi	taxon2: S.mediterr
	            	positions below base line: 118
	pair: 91     ->	taxon1: H.microsto	taxon2: S.mediterr
	            	positions below base line: 112

	generates quality profile from collected scores ...


	scoring done ...


	generates vector plot from collected scores ...


Argument "-" treated as 0 in increment (++) at /usr/bin/Aliscore.pl line 1213.
	Profile written to EOG091G0DRZ.clustalo.aln.fasta_Profile_random.txt
	List   written to EOG091G0DRZ.clustalo.aln.fasta_List_random.txt

	time used: 4.22 sec

