
	reading taxa from FASTA ...


	O.viverrini          -> sites: 649   
	H.microstoma         -> sites: 649   
	P.xenopodis          -> sites: 649   
	C.intestinalis       -> sites: 649   
	E.nipponicum         -> sites: 649   
	R.norvegicus         -> sites: 649   
	C.sinensis           -> sites: 649   
	D.melanogaster       -> sites: 649   
	C.elegans            -> sites: 649   
	E.granulosus         -> sites: 649   
	D.rerio              -> sites: 649   
	T.solium             -> sites: 649   
	G.turnbulli          -> sites: 649   
	G.salaris            -> sites: 649   


	data type             : amino acid sequences

	input ...

	infile		: EOG091G0J2W.clustalo.aln.fasta
	random pairs	: 200000000000000000
	window size	: 6
	indels		: ambiguous
	tree file	: -
	node level	: -
	strict profile	: -
	outgroup	: -
	matrix          : BLOSUM62

	number of taxa        : 14
	random number of pairs: 200000000000000000

	generates threshhold value for amino acid data
	using BLOSUM62

	checks for (potential) identical taxa


	scores site patterns ...


	max number of different pairs is 91
	max random pairs are scored!

	pair: 1      ->	taxon1: O.viverrin	taxon2: H.microsto
	            	positions below base line: 501
	pair: 2      ->	taxon1: O.viverrin	taxon2: P.xenopodi
	            	positions below base line: 520
	pair: 3      ->	taxon1: O.viverrin	taxon2: C.intestin
	            	positions below base line: 559
	pair: 4      ->	taxon1: O.viverrin	taxon2: E.nipponic
	            	positions below base line: 513
	pair: 5      ->	taxon1: O.viverrin	taxon2: R.norvegic
	            	positions below base line: 521
	pair: 6      ->	taxon1: O.viverrin	taxon2: C.sinensis
	            	positions below base line: 380
	pair: 7      ->	taxon1: O.viverrin	taxon2: D.melanoga
	            	positions below base line: 511
	pair: 8      ->	taxon1: O.viverrin	taxon2: C.elegans 
	            	positions below base line: 536
	pair: 9      ->	taxon1: O.viverrin	taxon2: E.granulos
	            	positions below base line: 482
	pair: 10     ->	taxon1: O.viverrin	taxon2: D.rerio   
	            	positions below base line: 518
	pair: 11     ->	taxon1: O.viverrin	taxon2: T.solium  
	            	positions below base line: 490
	pair: 12     ->	taxon1: O.viverrin	taxon2: G.turnbull
	            	positions below base line: 525
	pair: 13     ->	taxon1: O.viverrin	taxon2: G.salaris 
	            	positions below base line: 519
	pair: 14     ->	taxon1: H.microsto	taxon2: P.xenopodi
	            	positions below base line: 512
	pair: 15     ->	taxon1: H.microsto	taxon2: C.intestin
	            	positions below base line: 554
	pair: 16     ->	taxon1: H.microsto	taxon2: E.nipponic
	            	positions below base line: 496
	pair: 17     ->	taxon1: H.microsto	taxon2: R.norvegic
	            	positions below base line: 488
	pair: 18     ->	taxon1: H.microsto	taxon2: C.sinensis
	            	positions below base line: 480
	pair: 19     ->	taxon1: H.microsto	taxon2: D.melanoga
	            	positions below base line: 477
	pair: 20     ->	taxon1: H.microsto	taxon2: C.elegans 
	            	positions below base line: 530
	pair: 21     ->	taxon1: H.microsto	taxon2: E.granulos
	            	positions below base line: 437
	pair: 22     ->	taxon1: H.microsto	taxon2: D.rerio   
	            	positions below base line: 476
	pair: 23     ->	taxon1: H.microsto	taxon2: T.solium  
	            	positions below base line: 446
	pair: 24     ->	taxon1: H.microsto	taxon2: G.turnbull
	            	positions below base line: 506
	pair: 25     ->	taxon1: H.microsto	taxon2: G.salaris 
	            	positions below base line: 512
	pair: 26     ->	taxon1: P.xenopodi	taxon2: C.intestin
	            	positions below base line: 568
	pair: 27     ->	taxon1: P.xenopodi	taxon2: E.nipponic
	            	positions below base line: 524
	pair: 28     ->	taxon1: P.xenopodi	taxon2: R.norvegic
	            	positions below base line: 521
	pair: 29     ->	taxon1: P.xenopodi	taxon2: C.sinensis
	            	positions below base line: 507
	pair: 30     ->	taxon1: P.xenopodi	taxon2: D.melanoga
	            	positions below base line: 539
	pair: 31     ->	taxon1: P.xenopodi	taxon2: C.elegans 
	            	positions below base line: 551
	pair: 32     ->	taxon1: P.xenopodi	taxon2: E.granulos
	            	positions below base line: 508
	pair: 33     ->	taxon1: P.xenopodi	taxon2: D.rerio   
	            	positions below base line: 518
	pair: 34     ->	taxon1: P.xenopodi	taxon2: T.solium  
	            	positions below base line: 528
	pair: 35     ->	taxon1: P.xenopodi	taxon2: G.turnbull
	            	positions below base line: 532
	pair: 36     ->	taxon1: P.xenopodi	taxon2: G.salaris 
	            	positions below base line: 533
	pair: 37     ->	taxon1: C.intestin	taxon2: E.nipponic
	            	positions below base line: 507
	pair: 38     ->	taxon1: C.intestin	taxon2: R.norvegic
	            	positions below base line: 496
	pair: 39     ->	taxon1: C.intestin	taxon2: C.sinensis
	            	positions below base line: 560
	pair: 40     ->	taxon1: C.intestin	taxon2: D.melanoga
	            	positions below base line: 524
	pair: 41     ->	taxon1: C.intestin	taxon2: C.elegans 
	            	positions below base line: 522
	pair: 42     ->	taxon1: C.intestin	taxon2: E.granulos
	            	positions below base line: 543
	pair: 43     ->	taxon1: C.intestin	taxon2: D.rerio   
	            	positions below base line: 504
	pair: 44     ->	taxon1: C.intestin	taxon2: T.solium  
	            	positions below base line: 539
	pair: 45     ->	taxon1: C.intestin	taxon2: G.turnbull
	            	positions below base line: 541
	pair: 46     ->	taxon1: C.intestin	taxon2: G.salaris 
	            	positions below base line: 545
	pair: 47     ->	taxon1: E.nipponic	taxon2: R.norvegic
	            	positions below base line: 416
	pair: 48     ->	taxon1: E.nipponic	taxon2: C.sinensis
	            	positions below base line: 506
	pair: 49     ->	taxon1: E.nipponic	taxon2: D.melanoga
	            	positions below base line: 462
	pair: 50     ->	taxon1: E.nipponic	taxon2: C.elegans 
	            	positions below base line: 479
	pair: 51     ->	taxon1: E.nipponic	taxon2: E.granulos
	            	positions below base line: 480
	pair: 52     ->	taxon1: E.nipponic	taxon2: D.rerio   
	            	positions below base line: 320
	pair: 53     ->	taxon1: E.nipponic	taxon2: T.solium  
	            	positions below base line: 487
	pair: 54     ->	taxon1: E.nipponic	taxon2: G.turnbull
	            	positions below base line: 484
	pair: 55     ->	taxon1: E.nipponic	taxon2: G.salaris 
	            	positions below base line: 494
	pair: 56     ->	taxon1: R.norvegic	taxon2: C.sinensis
	            	positions below base line: 515
	pair: 57     ->	taxon1: R.norvegic	taxon2: D.melanoga
	            	positions below base line: 448
	pair: 58     ->	taxon1: R.norvegic	taxon2: C.elegans 
	            	positions below base line: 490
	pair: 59     ->	taxon1: R.norvegic	taxon2: E.granulos
	            	positions below base line: 506
	pair: 60     ->	taxon1: R.norvegic	taxon2: D.rerio   
	            	positions below base line: 391
	pair: 61     ->	taxon1: R.norvegic	taxon2: T.solium  
	            	positions below base line: 517
	pair: 62     ->	taxon1: R.norvegic	taxon2: G.turnbull
	            	positions below base line: 514
	pair: 63     ->	taxon1: R.norvegic	taxon2: G.salaris 
	            	positions below base line: 493
	pair: 64     ->	taxon1: C.sinensis	taxon2: D.melanoga
	            	positions below base line: 496
	pair: 65     ->	taxon1: C.sinensis	taxon2: C.elegans 
	            	positions below base line: 540
	pair: 66     ->	taxon1: C.sinensis	taxon2: E.granulos
	            	positions below base line: 488
	pair: 67     ->	taxon1: C.sinensis	taxon2: D.rerio   
	            	positions below base line: 499
	pair: 68     ->	taxon1: C.sinensis	taxon2: T.solium  
	            	positions below base line: 492
	pair: 69     ->	taxon1: C.sinensis	taxon2: G.turnbull
	            	positions below base line: 525
	pair: 70     ->	taxon1: C.sinensis	taxon2: G.salaris 
	            	positions below base line: 520
	pair: 71     ->	taxon1: D.melanoga	taxon2: C.elegans 
	            	positions below base line: 486
	pair: 72     ->	taxon1: D.melanoga	taxon2: E.granulos
	            	positions below base line: 509
	pair: 73     ->	taxon1: D.melanoga	taxon2: D.rerio   
	            	positions below base line: 440
	pair: 74     ->	taxon1: D.melanoga	taxon2: T.solium  
	            	positions below base line: 514
	pair: 75     ->	taxon1: D.melanoga	taxon2: G.turnbull
	            	positions below base line: 486
	pair: 76     ->	taxon1: D.melanoga	taxon2: G.salaris 
	            	positions below base line: 506
	pair: 77     ->	taxon1: C.elegans 	taxon2: E.granulos
	            	positions below base line: 520
	pair: 78     ->	taxon1: C.elegans 	taxon2: D.rerio   
	            	positions below base line: 478
	pair: 79     ->	taxon1: C.elegans 	taxon2: T.solium  
	            	positions below base line: 519
	pair: 80     ->	taxon1: C.elegans 	taxon2: G.turnbull
	            	positions below base line: 539
	pair: 81     ->	taxon1: C.elegans 	taxon2: G.salaris 
	            	positions below base line: 528
	pair: 82     ->	taxon1: E.granulos	taxon2: D.rerio   
	            	positions below base line: 487
	pair: 83     ->	taxon1: E.granulos	taxon2: T.solium  
	            	positions below base line: 409
	pair: 84     ->	taxon1: E.granulos	taxon2: G.turnbull
	            	positions below base line: 494
	pair: 85     ->	taxon1: E.granulos	taxon2: G.salaris 
	            	positions below base line: 516
	pair: 86     ->	taxon1: D.rerio   	taxon2: T.solium  
	            	positions below base line: 494
	pair: 87     ->	taxon1: D.rerio   	taxon2: G.turnbull
	            	positions below base line: 484
	pair: 88     ->	taxon1: D.rerio   	taxon2: G.salaris 
	            	positions below base line: 489
	pair: 89     ->	taxon1: T.solium  	taxon2: G.turnbull
	            	positions below base line: 502
	pair: 90     ->	taxon1: T.solium  	taxon2: G.salaris 
	            	positions below base line: 529
	pair: 91     ->	taxon1: G.turnbull	taxon2: G.salaris 
	            	positions below base line: 465

	generates quality profile from collected scores ...


	scoring done ...


	generates vector plot from collected scores ...


Argument "-" treated as 0 in increment (++) at /usr/bin/Aliscore.pl line 1213.
	Profile written to EOG091G0J2W.clustalo.aln.fasta_Profile_random.txt
	List   written to EOG091G0J2W.clustalo.aln.fasta_List_random.txt

	time used: 3.86 sec

