
	reading taxa from FASTA ...


	D.rerio              -> sites: 183   
	G.turnbulli          -> sites: 183   
	O.viverrini          -> sites: 183   
	C.sinensis           -> sites: 183   
	C.elegans            -> sites: 183   
	G.salaris            -> sites: 183   
	E.nipponicum         -> sites: 183   
	R.norvegicus         -> sites: 183   
	C.intestinalis       -> sites: 183   
	H.microstoma         -> sites: 183   
	D.melanogaster       -> sites: 183   


	data type             : amino acid sequences

	input ...

	infile		: EOG091G0PEI.clustalo.aln.fasta
	random pairs	: 200000000000000000
	window size	: 6
	indels		: ambiguous
	tree file	: -
	node level	: -
	strict profile	: -
	outgroup	: -
	matrix          : BLOSUM62

	number of taxa        : 11
	random number of pairs: 200000000000000000

	generates threshhold value for amino acid data
	using BLOSUM62

	checks for (potential) identical taxa


	scores site patterns ...


	max number of different pairs is 55
	max random pairs are scored!

	pair: 1      ->	taxon1: D.rerio   	taxon2: G.turnbull
	            	positions below base line: 39
	pair: 2      ->	taxon1: D.rerio   	taxon2: O.viverrin
	            	positions below base line: 41
	pair: 3      ->	taxon1: D.rerio   	taxon2: C.sinensis
	            	positions below base line: 36
	pair: 4      ->	taxon1: D.rerio   	taxon2: C.elegans 
	            	positions below base line: 41
	pair: 5      ->	taxon1: D.rerio   	taxon2: G.salaris 
	            	positions below base line: 42
	pair: 6      ->	taxon1: D.rerio   	taxon2: E.nipponic
	            	positions below base line: 38
	pair: 7      ->	taxon1: D.rerio   	taxon2: R.norvegic
	            	positions below base line: 36
	pair: 8      ->	taxon1: D.rerio   	taxon2: C.intestin
	            	positions below base line: 36
	pair: 9      ->	taxon1: D.rerio   	taxon2: H.microsto
	            	positions below base line: 37
	pair: 10     ->	taxon1: D.rerio   	taxon2: D.melanoga
	            	positions below base line: 36
	pair: 11     ->	taxon1: G.turnbull	taxon2: O.viverrin
	            	positions below base line: 38
	pair: 12     ->	taxon1: G.turnbull	taxon2: C.sinensis
	            	positions below base line: 44
	pair: 13     ->	taxon1: G.turnbull	taxon2: C.elegans 
	            	positions below base line: 41
	pair: 14     ->	taxon1: G.turnbull	taxon2: G.salaris 
	            	positions below base line: 38
	pair: 15     ->	taxon1: G.turnbull	taxon2: E.nipponic
	            	positions below base line: 46
	pair: 16     ->	taxon1: G.turnbull	taxon2: R.norvegic
	            	positions below base line: 39
	pair: 17     ->	taxon1: G.turnbull	taxon2: C.intestin
	            	positions below base line: 39
	pair: 18     ->	taxon1: G.turnbull	taxon2: H.microsto
	            	positions below base line: 42
	pair: 19     ->	taxon1: G.turnbull	taxon2: D.melanoga
	            	positions below base line: 39
	pair: 20     ->	taxon1: O.viverrin	taxon2: C.sinensis
	            	positions below base line: 39
	pair: 21     ->	taxon1: O.viverrin	taxon2: C.elegans 
	            	positions below base line: 41
	pair: 22     ->	taxon1: O.viverrin	taxon2: G.salaris 
	            	positions below base line: 46
	pair: 23     ->	taxon1: O.viverrin	taxon2: E.nipponic
	            	positions below base line: 41
	pair: 24     ->	taxon1: O.viverrin	taxon2: R.norvegic
	            	positions below base line: 41
	pair: 25     ->	taxon1: O.viverrin	taxon2: C.intestin
	            	positions below base line: 41
	pair: 26     ->	taxon1: O.viverrin	taxon2: H.microsto
	            	positions below base line: 40
	pair: 27     ->	taxon1: O.viverrin	taxon2: D.melanoga
	            	positions below base line: 41
	pair: 28     ->	taxon1: C.sinensis	taxon2: C.elegans 
	            	positions below base line: 41
	pair: 29     ->	taxon1: C.sinensis	taxon2: G.salaris 
	            	positions below base line: 46
	pair: 30     ->	taxon1: C.sinensis	taxon2: E.nipponic
	            	positions below base line: 36
	pair: 31     ->	taxon1: C.sinensis	taxon2: R.norvegic
	            	positions below base line: 36
	pair: 32     ->	taxon1: C.sinensis	taxon2: C.intestin
	            	positions below base line: 38
	pair: 33     ->	taxon1: C.sinensis	taxon2: H.microsto
	            	positions below base line: 36
	pair: 34     ->	taxon1: C.sinensis	taxon2: D.melanoga
	            	positions below base line: 36
	pair: 35     ->	taxon1: C.elegans 	taxon2: G.salaris 
	            	positions below base line: 43
	pair: 36     ->	taxon1: C.elegans 	taxon2: E.nipponic
	            	positions below base line: 43
	pair: 37     ->	taxon1: C.elegans 	taxon2: R.norvegic
	            	positions below base line: 41
	pair: 38     ->	taxon1: C.elegans 	taxon2: C.intestin
	            	positions below base line: 41
	pair: 39     ->	taxon1: C.elegans 	taxon2: H.microsto
	            	positions below base line: 41
	pair: 40     ->	taxon1: C.elegans 	taxon2: D.melanoga
	            	positions below base line: 40
	pair: 41     ->	taxon1: G.salaris 	taxon2: E.nipponic
	            	positions below base line: 42
	pair: 42     ->	taxon1: G.salaris 	taxon2: R.norvegic
	            	positions below base line: 42
	pair: 43     ->	taxon1: G.salaris 	taxon2: C.intestin
	            	positions below base line: 42
	pair: 44     ->	taxon1: G.salaris 	taxon2: H.microsto
	            	positions below base line: 42
	pair: 45     ->	taxon1: G.salaris 	taxon2: D.melanoga
	            	positions below base line: 46
	pair: 46     ->	taxon1: E.nipponic	taxon2: R.norvegic
	            	positions below base line: 38
	pair: 47     ->	taxon1: E.nipponic	taxon2: C.intestin
	            	positions below base line: 38
	pair: 48     ->	taxon1: E.nipponic	taxon2: H.microsto
	            	positions below base line: 38
	pair: 49     ->	taxon1: E.nipponic	taxon2: D.melanoga
	            	positions below base line: 38
	pair: 50     ->	taxon1: R.norvegic	taxon2: C.intestin
	            	positions below base line: 36
	pair: 51     ->	taxon1: R.norvegic	taxon2: H.microsto
	            	positions below base line: 37
	pair: 52     ->	taxon1: R.norvegic	taxon2: D.melanoga
	            	positions below base line: 36
	pair: 53     ->	taxon1: C.intestin	taxon2: H.microsto
	            	positions below base line: 37
	pair: 54     ->	taxon1: C.intestin	taxon2: D.melanoga
	            	positions below base line: 36
	pair: 55     ->	taxon1: H.microsto	taxon2: D.melanoga
	            	positions below base line: 37

	generates quality profile from collected scores ...


	scoring done ...


	generates vector plot from collected scores ...


Argument "-" treated as 0 in increment (++) at /usr/bin/Aliscore.pl line 1213.
	Profile written to EOG091G0PEI.clustalo.aln.fasta_Profile_random.txt
	List   written to EOG091G0PEI.clustalo.aln.fasta_List_random.txt

	time used: 3.87 sec

