
	reading taxa from FASTA ...


	T.solium             -> sites: 736   
	E.nipponicum         -> sites: 736   
	E.granulosus         -> sites: 736   
	O.viverrini          -> sites: 736   
	C.sinensis           -> sites: 736   
	R.norvegicus         -> sites: 736   
	D.rerio              -> sites: 736   
	G.turnbulli          -> sites: 736   
	S.mansoni            -> sites: 736   
	N.vectensis          -> sites: 736   
	S.mediterranea       -> sites: 736   
	G.salaris            -> sites: 736   
	H.microstoma         -> sites: 736   
	H.robusta            -> sites: 736   
	D.melanogaster       -> sites: 736   
	P.xenopodis          -> sites: 736   


	data type             : amino acid sequences

	input ...

	infile		: EOG091G0TNU.clustalo.aln.fasta
	random pairs	: 200000000000000000
	window size	: 6
	indels		: ambiguous
	tree file	: -
	node level	: -
	strict profile	: -
	outgroup	: -
	matrix          : BLOSUM62

	number of taxa        : 16
	random number of pairs: 200000000000000000

	generates threshhold value for amino acid data
	using BLOSUM62

	checks for (potential) identical taxa


	scores site patterns ...


	max number of different pairs is 120
	max random pairs are scored!

	pair: 1      ->	taxon1: T.solium  	taxon2: E.nipponic
	            	positions below base line: 626
	pair: 2      ->	taxon1: T.solium  	taxon2: E.granulos
	            	positions below base line: 629
	pair: 3      ->	taxon1: T.solium  	taxon2: O.viverrin
	            	positions below base line: 645
	pair: 4      ->	taxon1: T.solium  	taxon2: C.sinensis
	            	positions below base line: 645
	pair: 5      ->	taxon1: T.solium  	taxon2: R.norvegic
	            	positions below base line: 640
	pair: 6      ->	taxon1: T.solium  	taxon2: D.rerio   
	            	positions below base line: 640
	pair: 7      ->	taxon1: T.solium  	taxon2: G.turnbull
	            	positions below base line: 625
	pair: 8      ->	taxon1: T.solium  	taxon2: S.mansoni 
	            	positions below base line: 643
	pair: 9      ->	taxon1: T.solium  	taxon2: N.vectensi
	            	positions below base line: 640
	pair: 10     ->	taxon1: T.solium  	taxon2: S.mediterr
	            	positions below base line: 640
	pair: 11     ->	taxon1: T.solium  	taxon2: G.salaris 
	            	positions below base line: 644
	pair: 12     ->	taxon1: T.solium  	taxon2: H.microsto
	            	positions below base line: 641
	pair: 13     ->	taxon1: T.solium  	taxon2: H.robusta 
	            	positions below base line: 642
	pair: 14     ->	taxon1: T.solium  	taxon2: D.melanoga
	            	positions below base line: 641
	pair: 15     ->	taxon1: T.solium  	taxon2: P.xenopodi
	            	positions below base line: 643
	pair: 16     ->	taxon1: E.nipponic	taxon2: E.granulos
	            	positions below base line: 629
	pair: 17     ->	taxon1: E.nipponic	taxon2: O.viverrin
	            	positions below base line: 639
	pair: 18     ->	taxon1: E.nipponic	taxon2: C.sinensis
	            	positions below base line: 633
	pair: 19     ->	taxon1: E.nipponic	taxon2: R.norvegic
	            	positions below base line: 636
	pair: 20     ->	taxon1: E.nipponic	taxon2: D.rerio   
	            	positions below base line: 636
	pair: 21     ->	taxon1: E.nipponic	taxon2: G.turnbull
	            	positions below base line: 641
	pair: 22     ->	taxon1: E.nipponic	taxon2: S.mansoni 
	            	positions below base line: 635
	pair: 23     ->	taxon1: E.nipponic	taxon2: N.vectensi
	            	positions below base line: 640
	pair: 24     ->	taxon1: E.nipponic	taxon2: S.mediterr
	            	positions below base line: 643
	pair: 25     ->	taxon1: E.nipponic	taxon2: G.salaris 
	            	positions below base line: 641
	pair: 26     ->	taxon1: E.nipponic	taxon2: H.microsto
	            	positions below base line: 636
	pair: 27     ->	taxon1: E.nipponic	taxon2: H.robusta 
	            	positions below base line: 638
	pair: 28     ->	taxon1: E.nipponic	taxon2: D.melanoga
	            	positions below base line: 640
	pair: 29     ->	taxon1: E.nipponic	taxon2: P.xenopodi
	            	positions below base line: 636
	pair: 30     ->	taxon1: E.granulos	taxon2: O.viverrin
	            	positions below base line: 645
	pair: 31     ->	taxon1: E.granulos	taxon2: C.sinensis
	            	positions below base line: 645
	pair: 32     ->	taxon1: E.granulos	taxon2: R.norvegic
	            	positions below base line: 644
	pair: 33     ->	taxon1: E.granulos	taxon2: D.rerio   
	            	positions below base line: 644
	pair: 34     ->	taxon1: E.granulos	taxon2: G.turnbull
	            	positions below base line: 628
	pair: 35     ->	taxon1: E.granulos	taxon2: S.mansoni 
	            	positions below base line: 643
	pair: 36     ->	taxon1: E.granulos	taxon2: N.vectensi
	            	positions below base line: 644
	pair: 37     ->	taxon1: E.granulos	taxon2: S.mediterr
	            	positions below base line: 643
	pair: 38     ->	taxon1: E.granulos	taxon2: G.salaris 
	            	positions below base line: 643
	pair: 39     ->	taxon1: E.granulos	taxon2: H.microsto
	            	positions below base line: 645
	pair: 40     ->	taxon1: E.granulos	taxon2: H.robusta 
	            	positions below base line: 646
	pair: 41     ->	taxon1: E.granulos	taxon2: D.melanoga
	            	positions below base line: 644
	pair: 42     ->	taxon1: E.granulos	taxon2: P.xenopodi
	            	positions below base line: 647
	pair: 43     ->	taxon1: O.viverrin	taxon2: C.sinensis
	            	positions below base line: 632
	pair: 44     ->	taxon1: O.viverrin	taxon2: R.norvegic
	            	positions below base line: 643
	pair: 45     ->	taxon1: O.viverrin	taxon2: D.rerio   
	            	positions below base line: 643
	pair: 46     ->	taxon1: O.viverrin	taxon2: G.turnbull
	            	positions below base line: 646
	pair: 47     ->	taxon1: O.viverrin	taxon2: S.mansoni 
	            	positions below base line: 627
	pair: 48     ->	taxon1: O.viverrin	taxon2: N.vectensi
	            	positions below base line: 637
	pair: 49     ->	taxon1: O.viverrin	taxon2: S.mediterr
	            	positions below base line: 645
	pair: 50     ->	taxon1: O.viverrin	taxon2: G.salaris 
	            	positions below base line: 645
	pair: 51     ->	taxon1: O.viverrin	taxon2: H.microsto
	            	positions below base line: 639
	pair: 52     ->	taxon1: O.viverrin	taxon2: H.robusta 
	            	positions below base line: 638
	pair: 53     ->	taxon1: O.viverrin	taxon2: D.melanoga
	            	positions below base line: 643
	pair: 54     ->	taxon1: O.viverrin	taxon2: P.xenopodi
	            	positions below base line: 648
	pair: 55     ->	taxon1: C.sinensis	taxon2: R.norvegic
	            	positions below base line: 629
	pair: 56     ->	taxon1: C.sinensis	taxon2: D.rerio   
	            	positions below base line: 634
	pair: 57     ->	taxon1: C.sinensis	taxon2: G.turnbull
	            	positions below base line: 644
	pair: 58     ->	taxon1: C.sinensis	taxon2: S.mansoni 
	            	positions below base line: 640
	pair: 59     ->	taxon1: C.sinensis	taxon2: N.vectensi
	            	positions below base line: 633
	pair: 60     ->	taxon1: C.sinensis	taxon2: S.mediterr
	            	positions below base line: 645
	pair: 61     ->	taxon1: C.sinensis	taxon2: G.salaris 
	            	positions below base line: 638
	pair: 62     ->	taxon1: C.sinensis	taxon2: H.microsto
	            	positions below base line: 645
	pair: 63     ->	taxon1: C.sinensis	taxon2: H.robusta 
	            	positions below base line: 634
	pair: 64     ->	taxon1: C.sinensis	taxon2: D.melanoga
	            	positions below base line: 633
	pair: 65     ->	taxon1: C.sinensis	taxon2: P.xenopodi
	            	positions below base line: 643
	pair: 66     ->	taxon1: R.norvegic	taxon2: D.rerio   
	            	positions below base line: 588
	pair: 67     ->	taxon1: R.norvegic	taxon2: G.turnbull
	            	positions below base line: 645
	pair: 68     ->	taxon1: R.norvegic	taxon2: S.mansoni 
	            	positions below base line: 617
	pair: 69     ->	taxon1: R.norvegic	taxon2: N.vectensi
	            	positions below base line: 597
	pair: 70     ->	taxon1: R.norvegic	taxon2: S.mediterr
	            	positions below base line: 617
	pair: 71     ->	taxon1: R.norvegic	taxon2: G.salaris 
	            	positions below base line: 640
	pair: 72     ->	taxon1: R.norvegic	taxon2: H.microsto
	            	positions below base line: 641
	pair: 73     ->	taxon1: R.norvegic	taxon2: H.robusta 
	            	positions below base line: 597
	pair: 74     ->	taxon1: R.norvegic	taxon2: D.melanoga
	            	positions below base line: 602
	pair: 75     ->	taxon1: R.norvegic	taxon2: P.xenopodi
	            	positions below base line: 636
	pair: 76     ->	taxon1: D.rerio   	taxon2: G.turnbull
	            	positions below base line: 645
	pair: 77     ->	taxon1: D.rerio   	taxon2: S.mansoni 
	            	positions below base line: 619
	pair: 78     ->	taxon1: D.rerio   	taxon2: N.vectensi
	            	positions below base line: 595
	pair: 79     ->	taxon1: D.rerio   	taxon2: S.mediterr
	            	positions below base line: 619
	pair: 80     ->	taxon1: D.rerio   	taxon2: G.salaris 
	            	positions below base line: 639
	pair: 81     ->	taxon1: D.rerio   	taxon2: H.microsto
	            	positions below base line: 641
	pair: 82     ->	taxon1: D.rerio   	taxon2: H.robusta 
	            	positions below base line: 599
	pair: 83     ->	taxon1: D.rerio   	taxon2: D.melanoga
	            	positions below base line: 602
	pair: 84     ->	taxon1: D.rerio   	taxon2: P.xenopodi
	            	positions below base line: 642
	pair: 85     ->	taxon1: G.turnbull	taxon2: S.mansoni 
	            	positions below base line: 643
	pair: 86     ->	taxon1: G.turnbull	taxon2: N.vectensi
	            	positions below base line: 645
	pair: 87     ->	taxon1: G.turnbull	taxon2: S.mediterr
	            	positions below base line: 636
	pair: 88     ->	taxon1: G.turnbull	taxon2: G.salaris 
	            	positions below base line: 642
	pair: 89     ->	taxon1: G.turnbull	taxon2: H.microsto
	            	positions below base line: 646
	pair: 90     ->	taxon1: G.turnbull	taxon2: H.robusta 
	            	positions below base line: 638
	pair: 91     ->	taxon1: G.turnbull	taxon2: D.melanoga
	            	positions below base line: 646
	pair: 92     ->	taxon1: G.turnbull	taxon2: P.xenopodi
	            	positions below base line: 639
	pair: 93     ->	taxon1: S.mansoni 	taxon2: N.vectensi
	            	positions below base line: 625
	pair: 94     ->	taxon1: S.mansoni 	taxon2: S.mediterr
	            	positions below base line: 636
	pair: 95     ->	taxon1: S.mansoni 	taxon2: G.salaris 
	            	positions below base line: 643
	pair: 96     ->	taxon1: S.mansoni 	taxon2: H.microsto
	            	positions below base line: 644
	pair: 97     ->	taxon1: S.mansoni 	taxon2: H.robusta 
	            	positions below base line: 616
	pair: 98     ->	taxon1: S.mansoni 	taxon2: D.melanoga
	            	positions below base line: 622
	pair: 99     ->	taxon1: S.mansoni 	taxon2: P.xenopodi
	            	positions below base line: 642
	pair: 100    ->	taxon1: N.vectensi	taxon2: S.mediterr
	            	positions below base line: 616
	pair: 101    ->	taxon1: N.vectensi	taxon2: G.salaris 
	            	positions below base line: 639
	pair: 102    ->	taxon1: N.vectensi	taxon2: H.microsto
	            	positions below base line: 641
	pair: 103    ->	taxon1: N.vectensi	taxon2: H.robusta 
	            	positions below base line: 593
	pair: 104    ->	taxon1: N.vectensi	taxon2: D.melanoga
	            	positions below base line: 602
	pair: 105    ->	taxon1: N.vectensi	taxon2: P.xenopodi
	            	positions below base line: 636
	pair: 106    ->	taxon1: S.mediterr	taxon2: G.salaris 
	            	positions below base line: 639
	pair: 107    ->	taxon1: S.mediterr	taxon2: H.microsto
	            	positions below base line: 643
	pair: 108    ->	taxon1: S.mediterr	taxon2: H.robusta 
	            	positions below base line: 630
	pair: 109    ->	taxon1: S.mediterr	taxon2: D.melanoga
	            	positions below base line: 620
	pair: 110    ->	taxon1: S.mediterr	taxon2: P.xenopodi
	            	positions below base line: 638
	pair: 111    ->	taxon1: G.salaris 	taxon2: H.microsto
	            	positions below base line: 641
	pair: 112    ->	taxon1: G.salaris 	taxon2: H.robusta 
	            	positions below base line: 646
	pair: 113    ->	taxon1: G.salaris 	taxon2: D.melanoga
	            	positions below base line: 640
	pair: 114    ->	taxon1: G.salaris 	taxon2: P.xenopodi
	            	positions below base line: 647
	pair: 115    ->	taxon1: H.microsto	taxon2: H.robusta 
	            	positions below base line: 643
	pair: 116    ->	taxon1: H.microsto	taxon2: D.melanoga
	            	positions below base line: 642
	pair: 117    ->	taxon1: H.microsto	taxon2: P.xenopodi
	            	positions below base line: 643
	pair: 118    ->	taxon1: H.robusta 	taxon2: D.melanoga
	            	positions below base line: 603
	pair: 119    ->	taxon1: H.robusta 	taxon2: P.xenopodi
	            	positions below base line: 629
	pair: 120    ->	taxon1: D.melanoga	taxon2: P.xenopodi
	            	positions below base line: 637

	generates quality profile from collected scores ...


	scoring done ...


	generates vector plot from collected scores ...


Argument "-" treated as 0 in increment (++) at /usr/bin/Aliscore.pl line 1213.
	Profile written to EOG091G0TNU.clustalo.aln.fasta_Profile_random.txt
	List   written to EOG091G0TNU.clustalo.aln.fasta_List_random.txt

	time used: 4.3 sec

