
RAxML can't, parse the alignment file as phylip file 
it will now try to parse it as FASTA file


This is the RAxML Master Pthread

This is RAxML Worker Pthread Number: 1


This is RAxML version 8.2.12 released by Alexandros Stamatakis on May 2018.

With greatly appreciated code contributions by:
Andre Aberer      (HITS)
Simon Berger      (HITS)
Alexey Kozlov     (HITS)
Kassian Kobert    (HITS)
David Dao         (KIT and HITS)
Sarah Lutteropp   (KIT and HITS)
Nick Pattengale   (Sandia)
Wayne Pfeiffer    (SDSC)
Akifumi S. Tanabe (NRIFS)
Charlie Taylor    (UF)


Alignment has 96 distinct alignment patterns

Proportion of gaps and completely undetermined characters in this alignment: 3.21%

RAxML rapid bootstrapping and subsequent ML search

Using 1 distinct models/data partitions with joint branch length optimization



Executing 100 rapid bootstrap inferences and thereafter a thorough ML search 

All free model parameters will be estimated by RAxML
GAMMA model of rate heterogeneity, ML estimate of alpha-parameter

GAMMA Model parameters will be estimated up to an accuracy of 0.1000000000 Log Likelihood units

Partition: 0
Alignment Patterns: 96
Name: No Name Provided
DataType: AA
Substitution Matrix: RTREV
Using empirical base frequencies




RAxML was called as follows:

raxml -f a -T 2 -m PROTGAMMARTREVF -p 12345 -x 12345 -# 100 -s ALICUT_EOG091G0G6C.clustalo.aln.fasta -n EOG091G0G6C.clustalo.aln.ALICUT.RTREVF 



Time for BS model parameter optimization 0.023453
Bootstrap[0]: Time 0.618429 seconds, bootstrap likelihood -2035.838914, best rearrangement setting 13
Bootstrap[1]: Time 0.575874 seconds, bootstrap likelihood -1927.353376, best rearrangement setting 13
Bootstrap[2]: Time 0.559365 seconds, bootstrap likelihood -1987.029933, best rearrangement setting 12
Bootstrap[3]: Time 0.574346 seconds, bootstrap likelihood -2077.713313, best rearrangement setting 15
Bootstrap[4]: Time 0.487159 seconds, bootstrap likelihood -2073.575934, best rearrangement setting 10
Bootstrap[5]: Time 0.525635 seconds, bootstrap likelihood -2006.622609, best rearrangement setting 10
Bootstrap[6]: Time 0.515170 seconds, bootstrap likelihood -2083.319495, best rearrangement setting 6
Bootstrap[7]: Time 0.527220 seconds, bootstrap likelihood -1955.668033, best rearrangement setting 14
Bootstrap[8]: Time 0.507117 seconds, bootstrap likelihood -1942.481111, best rearrangement setting 5
Bootstrap[9]: Time 0.616365 seconds, bootstrap likelihood -2066.385450, best rearrangement setting 7
Bootstrap[10]: Time 0.580611 seconds, bootstrap likelihood -2044.336549, best rearrangement setting 7
Bootstrap[11]: Time 0.478181 seconds, bootstrap likelihood -2017.669301, best rearrangement setting 5
Bootstrap[12]: Time 0.404967 seconds, bootstrap likelihood -1916.798211, best rearrangement setting 8
Bootstrap[13]: Time 0.516909 seconds, bootstrap likelihood -1962.206415, best rearrangement setting 7
Bootstrap[14]: Time 0.345871 seconds, bootstrap likelihood -2120.708843, best rearrangement setting 12
Bootstrap[15]: Time 0.336767 seconds, bootstrap likelihood -2041.538356, best rearrangement setting 15
Bootstrap[16]: Time 0.304165 seconds, bootstrap likelihood -1952.325482, best rearrangement setting 12
Bootstrap[17]: Time 0.316337 seconds, bootstrap likelihood -2135.826524, best rearrangement setting 12
Bootstrap[18]: Time 0.317118 seconds, bootstrap likelihood -1892.936227, best rearrangement setting 5
Bootstrap[19]: Time 0.322743 seconds, bootstrap likelihood -2202.945825, best rearrangement setting 8
Bootstrap[20]: Time 0.355411 seconds, bootstrap likelihood -2150.864149, best rearrangement setting 10
Bootstrap[21]: Time 0.360899 seconds, bootstrap likelihood -2039.979018, best rearrangement setting 6
Bootstrap[22]: Time 0.368522 seconds, bootstrap likelihood -1972.011705, best rearrangement setting 5
Bootstrap[23]: Time 0.366616 seconds, bootstrap likelihood -1941.838022, best rearrangement setting 7
Bootstrap[24]: Time 0.353978 seconds, bootstrap likelihood -2009.386309, best rearrangement setting 8
Bootstrap[25]: Time 0.335131 seconds, bootstrap likelihood -1872.225218, best rearrangement setting 6
Bootstrap[26]: Time 0.317693 seconds, bootstrap likelihood -2003.712210, best rearrangement setting 12
Bootstrap[27]: Time 0.326885 seconds, bootstrap likelihood -2133.035252, best rearrangement setting 10
Bootstrap[28]: Time 0.326657 seconds, bootstrap likelihood -2132.066067, best rearrangement setting 11
Bootstrap[29]: Time 0.331547 seconds, bootstrap likelihood -2170.949315, best rearrangement setting 12
Bootstrap[30]: Time 0.320088 seconds, bootstrap likelihood -2108.648185, best rearrangement setting 15
Bootstrap[31]: Time 0.344756 seconds, bootstrap likelihood -2173.181194, best rearrangement setting 15
Bootstrap[32]: Time 0.378536 seconds, bootstrap likelihood -2108.705109, best rearrangement setting 6
Bootstrap[33]: Time 0.408139 seconds, bootstrap likelihood -2117.768738, best rearrangement setting 15
Bootstrap[34]: Time 0.358984 seconds, bootstrap likelihood -2055.328874, best rearrangement setting 11
Bootstrap[35]: Time 0.375622 seconds, bootstrap likelihood -1849.502853, best rearrangement setting 8
Bootstrap[36]: Time 0.340484 seconds, bootstrap likelihood -2071.192181, best rearrangement setting 9
Bootstrap[37]: Time 0.291221 seconds, bootstrap likelihood -2028.214387, best rearrangement setting 11
Bootstrap[38]: Time 0.150894 seconds, bootstrap likelihood -2174.364755, best rearrangement setting 8
Bootstrap[39]: Time 0.344314 seconds, bootstrap likelihood -2139.585613, best rearrangement setting 13
Bootstrap[40]: Time 0.365095 seconds, bootstrap likelihood -2117.053221, best rearrangement setting 13
Bootstrap[41]: Time 0.395715 seconds, bootstrap likelihood -1919.930093, best rearrangement setting 10
Bootstrap[42]: Time 0.318368 seconds, bootstrap likelihood -2331.565153, best rearrangement setting 5
Bootstrap[43]: Time 0.332311 seconds, bootstrap likelihood -2023.186384, best rearrangement setting 14
Bootstrap[44]: Time 0.162534 seconds, bootstrap likelihood -2044.653040, best rearrangement setting 10
Bootstrap[45]: Time 0.304170 seconds, bootstrap likelihood -1851.535512, best rearrangement setting 15
Bootstrap[46]: Time 0.377559 seconds, bootstrap likelihood -2014.853753, best rearrangement setting 14
Bootstrap[47]: Time 0.317899 seconds, bootstrap likelihood -1995.821534, best rearrangement setting 8
Bootstrap[48]: Time 0.374391 seconds, bootstrap likelihood -2091.813488, best rearrangement setting 6
Bootstrap[49]: Time 0.331591 seconds, bootstrap likelihood -2080.589921, best rearrangement setting 7
Bootstrap[50]: Time 0.368548 seconds, bootstrap likelihood -2041.054905, best rearrangement setting 7
Bootstrap[51]: Time 0.331081 seconds, bootstrap likelihood -2049.171714, best rearrangement setting 11
Bootstrap[52]: Time 0.313236 seconds, bootstrap likelihood -2220.352381, best rearrangement setting 12
Bootstrap[53]: Time 0.337074 seconds, bootstrap likelihood -2036.382749, best rearrangement setting 8
Bootstrap[54]: Time 0.318243 seconds, bootstrap likelihood -1968.734718, best rearrangement setting 9
Bootstrap[55]: Time 0.356348 seconds, bootstrap likelihood -1959.284043, best rearrangement setting 11
Bootstrap[56]: Time 0.146309 seconds, bootstrap likelihood -1966.281139, best rearrangement setting 5
Bootstrap[57]: Time 0.306638 seconds, bootstrap likelihood -1874.683708, best rearrangement setting 7
Bootstrap[58]: Time 0.325048 seconds, bootstrap likelihood -1986.927579, best rearrangement setting 10
Bootstrap[59]: Time 0.342593 seconds, bootstrap likelihood -1849.405661, best rearrangement setting 9
Bootstrap[60]: Time 0.353112 seconds, bootstrap likelihood -1918.943623, best rearrangement setting 7
Bootstrap[61]: Time 0.368970 seconds, bootstrap likelihood -2013.317432, best rearrangement setting 5
Bootstrap[62]: Time 0.345344 seconds, bootstrap likelihood -1917.768754, best rearrangement setting 11
Bootstrap[63]: Time 0.324912 seconds, bootstrap likelihood -2019.599808, best rearrangement setting 12
Bootstrap[64]: Time 0.346692 seconds, bootstrap likelihood -1947.930147, best rearrangement setting 7
Bootstrap[65]: Time 0.370014 seconds, bootstrap likelihood -1933.261867, best rearrangement setting 5
Bootstrap[66]: Time 0.450616 seconds, bootstrap likelihood -1970.263730, best rearrangement setting 5
Bootstrap[67]: Time 0.529259 seconds, bootstrap likelihood -1993.433092, best rearrangement setting 15
Bootstrap[68]: Time 0.287841 seconds, bootstrap likelihood -1896.882070, best rearrangement setting 11
Bootstrap[69]: Time 0.335816 seconds, bootstrap likelihood -2056.917651, best rearrangement setting 5
Bootstrap[70]: Time 0.411253 seconds, bootstrap likelihood -1928.618084, best rearrangement setting 8
Bootstrap[71]: Time 0.358622 seconds, bootstrap likelihood -2026.920620, best rearrangement setting 10
Bootstrap[72]: Time 0.312600 seconds, bootstrap likelihood -2219.546558, best rearrangement setting 11
Bootstrap[73]: Time 0.355245 seconds, bootstrap likelihood -1992.715876, best rearrangement setting 9
Bootstrap[74]: Time 0.292164 seconds, bootstrap likelihood -2065.224488, best rearrangement setting 5
Bootstrap[75]: Time 0.344429 seconds, bootstrap likelihood -2212.670195, best rearrangement setting 8
Bootstrap[76]: Time 0.346716 seconds, bootstrap likelihood -1951.063891, best rearrangement setting 9
Bootstrap[77]: Time 0.339961 seconds, bootstrap likelihood -1916.004506, best rearrangement setting 11
Bootstrap[78]: Time 0.342972 seconds, bootstrap likelihood -2135.835759, best rearrangement setting 15
Bootstrap[79]: Time 0.342511 seconds, bootstrap likelihood -2028.682156, best rearrangement setting 9
Bootstrap[80]: Time 0.372091 seconds, bootstrap likelihood -2143.652504, best rearrangement setting 15
Bootstrap[81]: Time 0.348352 seconds, bootstrap likelihood -2098.486417, best rearrangement setting 7
Bootstrap[82]: Time 0.316444 seconds, bootstrap likelihood -1982.837676, best rearrangement setting 6
Bootstrap[83]: Time 0.300159 seconds, bootstrap likelihood -1831.845467, best rearrangement setting 10
Bootstrap[84]: Time 0.320419 seconds, bootstrap likelihood -2037.119015, best rearrangement setting 11
Bootstrap[85]: Time 0.353485 seconds, bootstrap likelihood -2079.374431, best rearrangement setting 8
Bootstrap[86]: Time 0.397250 seconds, bootstrap likelihood -2164.864682, best rearrangement setting 7
Bootstrap[87]: Time 0.358293 seconds, bootstrap likelihood -1831.329832, best rearrangement setting 7
Bootstrap[88]: Time 0.304793 seconds, bootstrap likelihood -1950.703015, best rearrangement setting 12
Bootstrap[89]: Time 0.346559 seconds, bootstrap likelihood -1941.867058, best rearrangement setting 10
Bootstrap[90]: Time 0.320799 seconds, bootstrap likelihood -1949.062782, best rearrangement setting 8
Bootstrap[91]: Time 0.363387 seconds, bootstrap likelihood -1923.900289, best rearrangement setting 12
Bootstrap[92]: Time 0.318934 seconds, bootstrap likelihood -1944.227058, best rearrangement setting 13
Bootstrap[93]: Time 0.317016 seconds, bootstrap likelihood -2066.644233, best rearrangement setting 15
Bootstrap[94]: Time 0.359863 seconds, bootstrap likelihood -2167.634488, best rearrangement setting 5
Bootstrap[95]: Time 0.316405 seconds, bootstrap likelihood -1939.986008, best rearrangement setting 5
Bootstrap[96]: Time 0.316105 seconds, bootstrap likelihood -1969.000236, best rearrangement setting 13
Bootstrap[97]: Time 0.312664 seconds, bootstrap likelihood -1912.320348, best rearrangement setting 11
Bootstrap[98]: Time 0.344922 seconds, bootstrap likelihood -1944.820044, best rearrangement setting 6
Bootstrap[99]: Time 0.341865 seconds, bootstrap likelihood -2072.148655, best rearrangement setting 14


Overall Time for 100 Rapid Bootstraps 36.516711 seconds
Average Time per Rapid Bootstrap 0.365167 seconds

Starting ML Search ...

Fast ML optimization finished

Fast ML search Time: 20.834996 seconds

Slow ML Search 0 Likelihood: -2041.074670
Slow ML Search 1 Likelihood: -2041.074670
Slow ML Search 2 Likelihood: -2041.074670
Slow ML Search 3 Likelihood: -2041.074670
Slow ML Search 4 Likelihood: -2041.074670
Slow ML Search 5 Likelihood: -2041.074670
Slow ML Search 6 Likelihood: -2041.074670
Slow ML Search 7 Likelihood: -2041.074670
Slow ML Search 8 Likelihood: -2041.074670
Slow ML Search 9 Likelihood: -2041.074670
Slow ML optimization finished

Slow ML search Time: 8.618507 seconds
Thorough ML search Time: 0.624316 seconds

Final ML Optimization Likelihood: -2041.074670

Model Information:

Model Parameters of Partition 0, Name: No Name Provided, Type of Data: AA
alpha: 1.857657
Tree-Length: 6.108692
rate A <-> R: 0.324427
rate A <-> N: 0.486641
rate A <-> D: 0.095420
rate A <-> C: 4.188931
rate A <-> Q: 0.305344
rate A <-> E: 0.772901
rate A <-> G: 1.288168
rate A <-> H: 0.286260
rate A <-> I: 0.009542
rate A <-> L: 0.429389
rate A <-> K: 0.362595
rate A <-> M: 2.242366
rate A <-> F: 0.009542
rate A <-> P: 0.925573
rate A <-> S: 4.389313
rate A <-> T: 2.461832
rate A <-> W: 0.047710
rate A <-> Y: 0.524809
rate A <-> V: 1.879771
rate R <-> N: 0.333969
rate R <-> D: 0.286260
rate R <-> C: 0.877863
rate R <-> Q: 2.108779
rate R <-> E: 0.095420
rate R <-> G: 0.391221
rate R <-> H: 0.858779
rate R <-> I: 0.229008
rate R <-> L: 0.171756
rate R <-> K: 5.658397
rate R <-> M: 0.543893
rate R <-> F: 0.066794
rate R <-> P: 0.229008
rate R <-> S: 0.973282
rate R <-> T: 0.610687
rate R <-> W: 0.124046
rate R <-> Y: 0.448473
rate R <-> V: 0.276718
rate N <-> D: 3.664122
rate N <-> C: 1.221374
rate N <-> Q: 2.251908
rate N <-> E: 0.753817
rate N <-> G: 0.896947
rate N <-> H: 3.053435
rate N <-> I: 0.333969
rate N <-> L: 0.143130
rate N <-> K: 1.173664
rate N <-> M: 0.009542
rate N <-> F: 0.467557
rate N <-> P: 0.314885
rate N <-> S: 2.805344
rate N <-> T: 1.412214
rate N <-> W: 0.152672
rate N <-> Y: 0.267176
rate N <-> V: 0.200382
rate D <-> C: 0.009542
rate D <-> Q: 0.744275
rate D <-> E: 5.171756
rate D <-> G: 0.582061
rate D <-> H: 0.868321
rate D <-> I: 0.009542
rate D <-> L: 0.047710
rate D <-> K: 0.190840
rate D <-> M: 0.009542
rate D <-> F: 0.009542
rate D <-> P: 0.524809
rate D <-> S: 1.297710
rate D <-> T: 0.524809
rate D <-> W: 0.009542
rate D <-> Y: 0.009542
rate D <-> V: 0.057252
rate C <-> Q: 0.667939
rate C <-> E: 0.009542
rate C <-> G: 0.458015
rate C <-> H: 1.183206
rate C <-> I: 0.992366
rate C <-> L: 1.049618
rate C <-> K: 0.152672
rate C <-> M: 1.488550
rate C <-> F: 0.667939
rate C <-> P: 0.009542
rate C <-> S: 0.715649
rate C <-> T: 1.116412
rate C <-> W: 0.524809
rate C <-> Y: 1.250000
rate C <-> V: 2.814885
rate Q <-> E: 3.549618
rate Q <-> G: 0.171756
rate Q <-> H: 3.692748
rate Q <-> I: 0.314885
rate Q <-> L: 0.515267
rate Q <-> K: 2.948473
rate Q <-> M: 1.507634
rate Q <-> F: 0.009542
rate Q <-> P: 0.648855
rate Q <-> S: 2.146947
rate Q <-> T: 1.393130
rate Q <-> W: 0.095420
rate Q <-> Y: 0.429389
rate Q <-> V: 0.343511
rate E <-> G: 0.667939
rate E <-> H: 0.324427
rate E <-> I: 0.009542
rate E <-> L: 0.200382
rate E <-> K: 1.345420
rate E <-> M: 0.009542
rate E <-> F: 0.009542
rate E <-> P: 0.496183
rate E <-> S: 0.906489
rate E <-> T: 0.782443
rate E <-> W: 0.162214
rate E <-> Y: 0.009542
rate E <-> V: 0.333969
rate G <-> H: 0.648855
rate G <-> I: 0.009542
rate G <-> L: 0.028626
rate G <-> K: 0.286260
rate G <-> M: 0.353053
rate G <-> F: 0.066794
rate G <-> P: 0.162214
rate G <-> S: 1.450382
rate G <-> T: 0.066794
rate G <-> W: 0.219466
rate G <-> Y: 0.200382
rate G <-> V: 0.028626
rate H <-> I: 0.324427
rate H <-> L: 0.486641
rate H <-> K: 0.725191
rate H <-> M: 1.106870
rate H <-> F: 1.345420
rate H <-> P: 0.419847
rate H <-> S: 1.746183
rate H <-> T: 0.467557
rate H <-> W: 0.458015
rate H <-> Y: 2.929389
rate H <-> V: 0.009542
rate I <-> L: 3.673664
rate I <-> K: 0.324427
rate I <-> M: 3.578244
rate I <-> F: 0.610687
rate I <-> P: 0.095420
rate I <-> S: 0.038168
rate I <-> T: 0.687023
rate I <-> W: 0.372137
rate I <-> Y: 0.248092
rate I <-> V: 10.000000
rate L <-> K: 0.219466
rate L <-> M: 5.543893
rate L <-> F: 1.708015
rate L <-> P: 0.209924
rate L <-> S: 0.229008
rate L <-> T: 0.238550
rate L <-> W: 0.448473
rate L <-> Y: 0.610687
rate L <-> V: 1.068702
rate K <-> M: 1.278626
rate K <-> F: 0.133588
rate K <-> P: 0.410305
rate K <-> S: 0.734733
rate K <-> T: 1.049618
rate K <-> W: 0.057252
rate K <-> Y: 0.009542
rate K <-> V: 0.181298
rate M <-> F: 2.356870
rate M <-> P: 0.009542
rate M <-> S: 0.009542
rate M <-> T: 1.250000
rate M <-> W: 1.059160
rate M <-> Y: 0.706107
rate M <-> V: 2.251908
rate F <-> P: 0.104962
rate F <-> S: 0.190840
rate F <-> T: 0.658397
rate F <-> W: 1.736641
rate F <-> Y: 9.704198
rate F <-> V: 0.877863
rate P <-> S: 1.278626
rate P <-> T: 0.591603
rate P <-> W: 0.085878
rate P <-> Y: 0.133588
rate P <-> V: 0.238550
rate S <-> T: 6.402672
rate S <-> W: 0.133588
rate S <-> Y: 0.295802
rate S <-> V: 0.372137
rate T <-> W: 0.009542
rate T <-> Y: 0.324427
rate T <-> V: 1.870229
rate W <-> Y: 1.679389
rate W <-> V: 0.248092
rate Y <-> V: 0.562977

freq pi(A): 0.060994
freq pi(R): 0.061747
freq pi(N): 0.052711
freq pi(D): 0.027861
freq pi(C): 0.008283
freq pi(Q): 0.030873
freq pi(E): 0.063253
freq pi(G): 0.065512
freq pi(H): 0.019578
freq pi(I): 0.063253
freq pi(L): 0.086596
freq pi(K): 0.094127
freq pi(M): 0.024096
freq pi(F): 0.046687
freq pi(P): 0.048946
freq pi(S): 0.054217
freq pi(T): 0.040663
freq pi(W): 0.033133
freq pi(Y): 0.041416
freq pi(V): 0.076054


ML search took 30.100205 secs or 0.008361 hours

Combined Bootstrap and ML search took 66.617156 secs or 0.018505 hours

Drawing Bootstrap Support Values on best-scoring ML tree ...



Found 1 tree in File /in/RAxML_bestTree.EOG091G0G6C.clustalo.aln.ALICUT.RTREVF



Found 1 tree in File /in/RAxML_bestTree.EOG091G0G6C.clustalo.aln.ALICUT.RTREVF

Program execution info written to /in/RAxML_info.EOG091G0G6C.clustalo.aln.ALICUT.RTREVF
All 100 bootstrapped trees written to: /in/RAxML_bootstrap.EOG091G0G6C.clustalo.aln.ALICUT.RTREVF

Best-scoring ML tree written to: /in/RAxML_bestTree.EOG091G0G6C.clustalo.aln.ALICUT.RTREVF

Best-scoring ML tree with support values written to: /in/RAxML_bipartitions.EOG091G0G6C.clustalo.aln.ALICUT.RTREVF

Best-scoring ML tree with support values as branch labels written to: /in/RAxML_bipartitionsBranchLabels.EOG091G0G6C.clustalo.aln.ALICUT.RTREVF

Overall execution time for full ML analysis: 66.619630 secs or 0.018505 hours or 0.000771 days

