
WARNING: The number of threads is currently set to 1
You can specify the number of threads to run via -T numberOfThreads
NumberOfThreads must be set to an integer value greater than 1

RAxML, will now set the number of threads automatically to 2 !


RAxML can't, parse the alignment file as phylip file 
it will now try to parse it as FASTA file


This is the RAxML Master Pthread

This is RAxML Worker Pthread Number: 1


This is RAxML version 8.2.12 released by Alexandros Stamatakis on May 2018.

With greatly appreciated code contributions by:
Andre Aberer      (HITS)
Simon Berger      (HITS)
Alexey Kozlov     (HITS)
Kassian Kobert    (HITS)
David Dao         (KIT and HITS)
Sarah Lutteropp   (KIT and HITS)
Nick Pattengale   (Sandia)
Wayne Pfeiffer    (SDSC)
Akifumi S. Tanabe (NRIFS)
Charlie Taylor    (UF)


Alignment has 216 distinct alignment patterns

Proportion of gaps and completely undetermined characters in this alignment: 13.64%

RAxML rapid bootstrapping and subsequent ML search

Using 1 distinct models/data partitions with joint branch length optimization



Executing 100 rapid bootstrap inferences and thereafter a thorough ML search 

All free model parameters will be estimated by RAxML
GAMMA model of rate heterogeneity, ML estimate of alpha-parameter

GAMMA Model parameters will be estimated up to an accuracy of 0.1000000000 Log Likelihood units

Partition: 0
Alignment Patterns: 216
Name: No Name Provided
DataType: AA
Substitution Matrix: RTREV
Using empirical base frequencies




RAxML was called as follows:

raxml -f a -T 1 -m PROTGAMMARTREVF -p 12345 -x 12345 -# 100 -s ALICUT_EOG091G0HAI.clustalo.aln.fasta -n EOG091G0HAI.clustalo.aln.ALICUT.RTREVF 



Time for BS model parameter optimization 0.034196
Bootstrap[0]: Time 0.587303 seconds, bootstrap likelihood -2071.584377, best rearrangement setting 13
Bootstrap[1]: Time 0.574912 seconds, bootstrap likelihood -2223.902232, best rearrangement setting 13
Bootstrap[2]: Time 0.742481 seconds, bootstrap likelihood -2248.416986, best rearrangement setting 12
Bootstrap[3]: Time 0.567625 seconds, bootstrap likelihood -2452.768737, best rearrangement setting 15
Bootstrap[4]: Time 0.573327 seconds, bootstrap likelihood -2178.727176, best rearrangement setting 10
Bootstrap[5]: Time 0.617983 seconds, bootstrap likelihood -2228.499830, best rearrangement setting 10
Bootstrap[6]: Time 0.574033 seconds, bootstrap likelihood -2178.485090, best rearrangement setting 6
Bootstrap[7]: Time 0.529081 seconds, bootstrap likelihood -1969.996035, best rearrangement setting 14
Bootstrap[8]: Time 0.627429 seconds, bootstrap likelihood -2270.315943, best rearrangement setting 5
Bootstrap[9]: Time 0.528677 seconds, bootstrap likelihood -2190.933918, best rearrangement setting 7
Bootstrap[10]: Time 0.586672 seconds, bootstrap likelihood -2202.529755, best rearrangement setting 7
Bootstrap[11]: Time 0.383821 seconds, bootstrap likelihood -2163.125881, best rearrangement setting 5
Bootstrap[12]: Time 0.655493 seconds, bootstrap likelihood -2256.298343, best rearrangement setting 8
Bootstrap[13]: Time 0.592518 seconds, bootstrap likelihood -2274.351342, best rearrangement setting 7
Bootstrap[14]: Time 0.534443 seconds, bootstrap likelihood -2080.844846, best rearrangement setting 12
Bootstrap[15]: Time 0.719162 seconds, bootstrap likelihood -2231.698352, best rearrangement setting 15
Bootstrap[16]: Time 0.697192 seconds, bootstrap likelihood -2099.116268, best rearrangement setting 12
Bootstrap[17]: Time 0.666853 seconds, bootstrap likelihood -2285.068525, best rearrangement setting 12
Bootstrap[18]: Time 0.277140 seconds, bootstrap likelihood -2220.345466, best rearrangement setting 5
Bootstrap[19]: Time 0.592390 seconds, bootstrap likelihood -2264.548598, best rearrangement setting 8
Bootstrap[20]: Time 0.551597 seconds, bootstrap likelihood -2177.339822, best rearrangement setting 10
Bootstrap[21]: Time 0.672297 seconds, bootstrap likelihood -2249.309662, best rearrangement setting 6
Bootstrap[22]: Time 0.634952 seconds, bootstrap likelihood -2269.982574, best rearrangement setting 5
Bootstrap[23]: Time 0.524734 seconds, bootstrap likelihood -2172.485042, best rearrangement setting 7
Bootstrap[24]: Time 0.623643 seconds, bootstrap likelihood -2158.121383, best rearrangement setting 8
Bootstrap[25]: Time 0.487956 seconds, bootstrap likelihood -2348.159985, best rearrangement setting 6
Bootstrap[26]: Time 0.560950 seconds, bootstrap likelihood -2122.950634, best rearrangement setting 12
Bootstrap[27]: Time 0.658546 seconds, bootstrap likelihood -2218.892847, best rearrangement setting 10
Bootstrap[28]: Time 0.566664 seconds, bootstrap likelihood -2206.541095, best rearrangement setting 11
Bootstrap[29]: Time 0.635562 seconds, bootstrap likelihood -2180.284897, best rearrangement setting 12
Bootstrap[30]: Time 0.495996 seconds, bootstrap likelihood -2145.075102, best rearrangement setting 15
Bootstrap[31]: Time 0.749894 seconds, bootstrap likelihood -2218.637337, best rearrangement setting 15
Bootstrap[32]: Time 0.962371 seconds, bootstrap likelihood -2313.327391, best rearrangement setting 6
Bootstrap[33]: Time 0.843402 seconds, bootstrap likelihood -2103.385725, best rearrangement setting 15
Bootstrap[34]: Time 0.905046 seconds, bootstrap likelihood -2141.884613, best rearrangement setting 11
Bootstrap[35]: Time 0.918623 seconds, bootstrap likelihood -2255.030455, best rearrangement setting 8
Bootstrap[36]: Time 0.901450 seconds, bootstrap likelihood -2237.369678, best rearrangement setting 9
Bootstrap[37]: Time 1.156491 seconds, bootstrap likelihood -2162.791917, best rearrangement setting 11
Bootstrap[38]: Time 0.824749 seconds, bootstrap likelihood -2126.280783, best rearrangement setting 8
Bootstrap[39]: Time 1.133913 seconds, bootstrap likelihood -2180.603524, best rearrangement setting 13
Bootstrap[40]: Time 1.073309 seconds, bootstrap likelihood -2263.705591, best rearrangement setting 13
Bootstrap[41]: Time 0.946087 seconds, bootstrap likelihood -2131.806364, best rearrangement setting 10
Bootstrap[42]: Time 0.708814 seconds, bootstrap likelihood -2252.787118, best rearrangement setting 5
Bootstrap[43]: Time 0.946083 seconds, bootstrap likelihood -2218.072680, best rearrangement setting 14
Bootstrap[44]: Time 0.988485 seconds, bootstrap likelihood -2212.733132, best rearrangement setting 10
Bootstrap[45]: Time 0.957420 seconds, bootstrap likelihood -2157.960640, best rearrangement setting 15
Bootstrap[46]: Time 1.180927 seconds, bootstrap likelihood -2367.288902, best rearrangement setting 14
Bootstrap[47]: Time 0.431284 seconds, bootstrap likelihood -2156.321954, best rearrangement setting 8
Bootstrap[48]: Time 0.839275 seconds, bootstrap likelihood -2278.831068, best rearrangement setting 6
Bootstrap[49]: Time 0.877323 seconds, bootstrap likelihood -2200.710862, best rearrangement setting 7
Bootstrap[50]: Time 1.226689 seconds, bootstrap likelihood -2299.552125, best rearrangement setting 7
Bootstrap[51]: Time 0.890449 seconds, bootstrap likelihood -2229.859171, best rearrangement setting 11
Bootstrap[52]: Time 1.035507 seconds, bootstrap likelihood -2276.897400, best rearrangement setting 12
Bootstrap[53]: Time 1.057992 seconds, bootstrap likelihood -2134.941411, best rearrangement setting 8
Bootstrap[54]: Time 1.014757 seconds, bootstrap likelihood -2205.070413, best rearrangement setting 9
Bootstrap[55]: Time 1.075177 seconds, bootstrap likelihood -2053.042019, best rearrangement setting 11
Bootstrap[56]: Time 1.163076 seconds, bootstrap likelihood -2344.893717, best rearrangement setting 5
Bootstrap[57]: Time 0.974917 seconds, bootstrap likelihood -2179.084411, best rearrangement setting 7
Bootstrap[58]: Time 1.040816 seconds, bootstrap likelihood -2138.273020, best rearrangement setting 10
Bootstrap[59]: Time 0.896295 seconds, bootstrap likelihood -2145.216361, best rearrangement setting 9
Bootstrap[60]: Time 0.896119 seconds, bootstrap likelihood -2306.829545, best rearrangement setting 7
Bootstrap[61]: Time 0.906692 seconds, bootstrap likelihood -2147.848693, best rearrangement setting 5
Bootstrap[62]: Time 0.891127 seconds, bootstrap likelihood -2291.047578, best rearrangement setting 11
Bootstrap[63]: Time 1.188210 seconds, bootstrap likelihood -2127.767172, best rearrangement setting 12
Bootstrap[64]: Time 1.005014 seconds, bootstrap likelihood -2173.445171, best rearrangement setting 7
Bootstrap[65]: Time 0.913495 seconds, bootstrap likelihood -2161.781954, best rearrangement setting 5
Bootstrap[66]: Time 1.097912 seconds, bootstrap likelihood -2246.456799, best rearrangement setting 5
Bootstrap[67]: Time 0.912070 seconds, bootstrap likelihood -2111.540586, best rearrangement setting 15
Bootstrap[68]: Time 1.078948 seconds, bootstrap likelihood -2333.018086, best rearrangement setting 11
Bootstrap[69]: Time 1.413553 seconds, bootstrap likelihood -2210.010109, best rearrangement setting 5
Bootstrap[70]: Time 1.061381 seconds, bootstrap likelihood -2215.204312, best rearrangement setting 8
Bootstrap[71]: Time 1.014389 seconds, bootstrap likelihood -2247.986352, best rearrangement setting 10
Bootstrap[72]: Time 0.958327 seconds, bootstrap likelihood -2069.469994, best rearrangement setting 11
Bootstrap[73]: Time 0.814155 seconds, bootstrap likelihood -2279.492181, best rearrangement setting 9
Bootstrap[74]: Time 0.790904 seconds, bootstrap likelihood -2135.469718, best rearrangement setting 5
Bootstrap[75]: Time 1.003398 seconds, bootstrap likelihood -2104.002022, best rearrangement setting 8
Bootstrap[76]: Time 1.150174 seconds, bootstrap likelihood -2133.598273, best rearrangement setting 9
Bootstrap[77]: Time 1.199124 seconds, bootstrap likelihood -2064.029542, best rearrangement setting 11
Bootstrap[78]: Time 0.964538 seconds, bootstrap likelihood -2291.708357, best rearrangement setting 15
Bootstrap[79]: Time 1.010822 seconds, bootstrap likelihood -2198.037607, best rearrangement setting 9
Bootstrap[80]: Time 0.841389 seconds, bootstrap likelihood -2097.927543, best rearrangement setting 15
Bootstrap[81]: Time 0.867247 seconds, bootstrap likelihood -2288.157527, best rearrangement setting 7
Bootstrap[82]: Time 1.084758 seconds, bootstrap likelihood -2115.962541, best rearrangement setting 6
Bootstrap[83]: Time 1.099177 seconds, bootstrap likelihood -2220.786201, best rearrangement setting 10
Bootstrap[84]: Time 1.051561 seconds, bootstrap likelihood -2336.861463, best rearrangement setting 11
Bootstrap[85]: Time 0.922586 seconds, bootstrap likelihood -2226.060122, best rearrangement setting 8
Bootstrap[86]: Time 0.849651 seconds, bootstrap likelihood -2202.461218, best rearrangement setting 7
Bootstrap[87]: Time 1.113584 seconds, bootstrap likelihood -2136.040644, best rearrangement setting 7
Bootstrap[88]: Time 1.015960 seconds, bootstrap likelihood -2300.468913, best rearrangement setting 12
Bootstrap[89]: Time 0.980589 seconds, bootstrap likelihood -2252.533585, best rearrangement setting 10
Bootstrap[90]: Time 1.021667 seconds, bootstrap likelihood -2168.691898, best rearrangement setting 8
Bootstrap[91]: Time 0.934793 seconds, bootstrap likelihood -2283.602170, best rearrangement setting 12
Bootstrap[92]: Time 0.934759 seconds, bootstrap likelihood -2029.375317, best rearrangement setting 13
Bootstrap[93]: Time 1.013521 seconds, bootstrap likelihood -2136.309713, best rearrangement setting 15
Bootstrap[94]: Time 1.035740 seconds, bootstrap likelihood -2167.818273, best rearrangement setting 5
Bootstrap[95]: Time 0.977417 seconds, bootstrap likelihood -2311.070790, best rearrangement setting 5
Bootstrap[96]: Time 1.032814 seconds, bootstrap likelihood -2291.764526, best rearrangement setting 13
Bootstrap[97]: Time 0.848129 seconds, bootstrap likelihood -2178.768433, best rearrangement setting 11
Bootstrap[98]: Time 1.317776 seconds, bootstrap likelihood -2273.179196, best rearrangement setting 6
Bootstrap[99]: Time 1.281737 seconds, bootstrap likelihood -2122.246221, best rearrangement setting 14


Overall Time for 100 Rapid Bootstraps 86.275220 seconds
Average Time per Rapid Bootstrap 0.862752 seconds

Starting ML Search ...

Fast ML optimization finished

Fast ML search Time: 55.887278 seconds

Slow ML Search 0 Likelihood: -2210.246215
Slow ML Search 1 Likelihood: -2210.246215
Slow ML Search 2 Likelihood: -2210.246215
Slow ML Search 3 Likelihood: -2210.246215
Slow ML Search 4 Likelihood: -2210.246215
Slow ML Search 5 Likelihood: -2210.246215
Slow ML Search 6 Likelihood: -2210.246215
Slow ML Search 7 Likelihood: -2210.246215
Slow ML Search 8 Likelihood: -2210.246215
Slow ML Search 9 Likelihood: -2210.246216
Slow ML optimization finished

Slow ML search Time: 18.342931 seconds
Thorough ML search Time: 1.639713 seconds

Final ML Optimization Likelihood: -2210.246221

Model Information:

Model Parameters of Partition 0, Name: No Name Provided, Type of Data: AA
alpha: 2.401379
Tree-Length: 4.177386
rate A <-> R: 0.324427
rate A <-> N: 0.486641
rate A <-> D: 0.095420
rate A <-> C: 4.188931
rate A <-> Q: 0.305344
rate A <-> E: 0.772901
rate A <-> G: 1.288168
rate A <-> H: 0.286260
rate A <-> I: 0.009542
rate A <-> L: 0.429389
rate A <-> K: 0.362595
rate A <-> M: 2.242366
rate A <-> F: 0.009542
rate A <-> P: 0.925573
rate A <-> S: 4.389313
rate A <-> T: 2.461832
rate A <-> W: 0.047710
rate A <-> Y: 0.524809
rate A <-> V: 1.879771
rate R <-> N: 0.333969
rate R <-> D: 0.286260
rate R <-> C: 0.877863
rate R <-> Q: 2.108779
rate R <-> E: 0.095420
rate R <-> G: 0.391221
rate R <-> H: 0.858779
rate R <-> I: 0.229008
rate R <-> L: 0.171756
rate R <-> K: 5.658397
rate R <-> M: 0.543893
rate R <-> F: 0.066794
rate R <-> P: 0.229008
rate R <-> S: 0.973282
rate R <-> T: 0.610687
rate R <-> W: 0.124046
rate R <-> Y: 0.448473
rate R <-> V: 0.276718
rate N <-> D: 3.664122
rate N <-> C: 1.221374
rate N <-> Q: 2.251908
rate N <-> E: 0.753817
rate N <-> G: 0.896947
rate N <-> H: 3.053435
rate N <-> I: 0.333969
rate N <-> L: 0.143130
rate N <-> K: 1.173664
rate N <-> M: 0.009542
rate N <-> F: 0.467557
rate N <-> P: 0.314885
rate N <-> S: 2.805344
rate N <-> T: 1.412214
rate N <-> W: 0.152672
rate N <-> Y: 0.267176
rate N <-> V: 0.200382
rate D <-> C: 0.009542
rate D <-> Q: 0.744275
rate D <-> E: 5.171756
rate D <-> G: 0.582061
rate D <-> H: 0.868321
rate D <-> I: 0.009542
rate D <-> L: 0.047710
rate D <-> K: 0.190840
rate D <-> M: 0.009542
rate D <-> F: 0.009542
rate D <-> P: 0.524809
rate D <-> S: 1.297710
rate D <-> T: 0.524809
rate D <-> W: 0.009542
rate D <-> Y: 0.009542
rate D <-> V: 0.057252
rate C <-> Q: 0.667939
rate C <-> E: 0.009542
rate C <-> G: 0.458015
rate C <-> H: 1.183206
rate C <-> I: 0.992366
rate C <-> L: 1.049618
rate C <-> K: 0.152672
rate C <-> M: 1.488550
rate C <-> F: 0.667939
rate C <-> P: 0.009542
rate C <-> S: 0.715649
rate C <-> T: 1.116412
rate C <-> W: 0.524809
rate C <-> Y: 1.250000
rate C <-> V: 2.814885
rate Q <-> E: 3.549618
rate Q <-> G: 0.171756
rate Q <-> H: 3.692748
rate Q <-> I: 0.314885
rate Q <-> L: 0.515267
rate Q <-> K: 2.948473
rate Q <-> M: 1.507634
rate Q <-> F: 0.009542
rate Q <-> P: 0.648855
rate Q <-> S: 2.146947
rate Q <-> T: 1.393130
rate Q <-> W: 0.095420
rate Q <-> Y: 0.429389
rate Q <-> V: 0.343511
rate E <-> G: 0.667939
rate E <-> H: 0.324427
rate E <-> I: 0.009542
rate E <-> L: 0.200382
rate E <-> K: 1.345420
rate E <-> M: 0.009542
rate E <-> F: 0.009542
rate E <-> P: 0.496183
rate E <-> S: 0.906489
rate E <-> T: 0.782443
rate E <-> W: 0.162214
rate E <-> Y: 0.009542
rate E <-> V: 0.333969
rate G <-> H: 0.648855
rate G <-> I: 0.009542
rate G <-> L: 0.028626
rate G <-> K: 0.286260
rate G <-> M: 0.353053
rate G <-> F: 0.066794
rate G <-> P: 0.162214
rate G <-> S: 1.450382
rate G <-> T: 0.066794
rate G <-> W: 0.219466
rate G <-> Y: 0.200382
rate G <-> V: 0.028626
rate H <-> I: 0.324427
rate H <-> L: 0.486641
rate H <-> K: 0.725191
rate H <-> M: 1.106870
rate H <-> F: 1.345420
rate H <-> P: 0.419847
rate H <-> S: 1.746183
rate H <-> T: 0.467557
rate H <-> W: 0.458015
rate H <-> Y: 2.929389
rate H <-> V: 0.009542
rate I <-> L: 3.673664
rate I <-> K: 0.324427
rate I <-> M: 3.578244
rate I <-> F: 0.610687
rate I <-> P: 0.095420
rate I <-> S: 0.038168
rate I <-> T: 0.687023
rate I <-> W: 0.372137
rate I <-> Y: 0.248092
rate I <-> V: 10.000000
rate L <-> K: 0.219466
rate L <-> M: 5.543893
rate L <-> F: 1.708015
rate L <-> P: 0.209924
rate L <-> S: 0.229008
rate L <-> T: 0.238550
rate L <-> W: 0.448473
rate L <-> Y: 0.610687
rate L <-> V: 1.068702
rate K <-> M: 1.278626
rate K <-> F: 0.133588
rate K <-> P: 0.410305
rate K <-> S: 0.734733
rate K <-> T: 1.049618
rate K <-> W: 0.057252
rate K <-> Y: 0.009542
rate K <-> V: 0.181298
rate M <-> F: 2.356870
rate M <-> P: 0.009542
rate M <-> S: 0.009542
rate M <-> T: 1.250000
rate M <-> W: 1.059160
rate M <-> Y: 0.706107
rate M <-> V: 2.251908
rate F <-> P: 0.104962
rate F <-> S: 0.190840
rate F <-> T: 0.658397
rate F <-> W: 1.736641
rate F <-> Y: 9.704198
rate F <-> V: 0.877863
rate P <-> S: 1.278626
rate P <-> T: 0.591603
rate P <-> W: 0.085878
rate P <-> Y: 0.133588
rate P <-> V: 0.238550
rate S <-> T: 6.402672
rate S <-> W: 0.133588
rate S <-> Y: 0.295802
rate S <-> V: 0.372137
rate T <-> W: 0.009542
rate T <-> Y: 0.324427
rate T <-> V: 1.870229
rate W <-> Y: 1.679389
rate W <-> V: 0.248092
rate Y <-> V: 0.562977

freq pi(A): 0.095294
freq pi(R): 0.049008
freq pi(N): 0.064955
freq pi(D): 0.064177
freq pi(C): 0.005445
freq pi(Q): 0.049008
freq pi(E): 0.066900
freq pi(G): 0.072734
freq pi(H): 0.021392
freq pi(I): 0.064177
freq pi(L): 0.075846
freq pi(K): 0.060288
freq pi(M): 0.032283
freq pi(F): 0.049786
freq pi(P): 0.041618
freq pi(S): 0.057176
freq pi(T): 0.035006
freq pi(W): 0.005445
freq pi(Y): 0.037729
freq pi(V): 0.051731


ML search took 75.908188 secs or 0.021086 hours

Combined Bootstrap and ML search took 162.183715 secs or 0.045051 hours

Drawing Bootstrap Support Values on best-scoring ML tree ...



Found 1 tree in File /in/RAxML_bestTree.EOG091G0HAI.clustalo.aln.ALICUT.RTREVF



Found 1 tree in File /in/RAxML_bestTree.EOG091G0HAI.clustalo.aln.ALICUT.RTREVF

Program execution info written to /in/RAxML_info.EOG091G0HAI.clustalo.aln.ALICUT.RTREVF
All 100 bootstrapped trees written to: /in/RAxML_bootstrap.EOG091G0HAI.clustalo.aln.ALICUT.RTREVF

Best-scoring ML tree written to: /in/RAxML_bestTree.EOG091G0HAI.clustalo.aln.ALICUT.RTREVF

Best-scoring ML tree with support values written to: /in/RAxML_bipartitions.EOG091G0HAI.clustalo.aln.ALICUT.RTREVF

Best-scoring ML tree with support values as branch labels written to: /in/RAxML_bipartitionsBranchLabels.EOG091G0HAI.clustalo.aln.ALICUT.RTREVF

Overall execution time for full ML analysis: 162.186668 secs or 0.045052 hours or 0.001877 days

