
RAxML can't, parse the alignment file as phylip file 
it will now try to parse it as FASTA file


This is the RAxML Master Pthread

This is RAxML Worker Pthread Number: 1


This is RAxML version 8.2.12 released by Alexandros Stamatakis on May 2018.

With greatly appreciated code contributions by:
Andre Aberer      (HITS)
Simon Berger      (HITS)
Alexey Kozlov     (HITS)
Kassian Kobert    (HITS)
David Dao         (KIT and HITS)
Sarah Lutteropp   (KIT and HITS)
Nick Pattengale   (Sandia)
Wayne Pfeiffer    (SDSC)
Akifumi S. Tanabe (NRIFS)
Charlie Taylor    (UF)


Alignment has 113 distinct alignment patterns

Proportion of gaps and completely undetermined characters in this alignment: 10.43%

RAxML rapid bootstrapping and subsequent ML search

Using 1 distinct models/data partitions with joint branch length optimization



Executing 100 rapid bootstrap inferences and thereafter a thorough ML search 

All free model parameters will be estimated by RAxML
GAMMA model of rate heterogeneity, ML estimate of alpha-parameter

GAMMA Model parameters will be estimated up to an accuracy of 0.1000000000 Log Likelihood units

Partition: 0
Alignment Patterns: 113
Name: No Name Provided
DataType: AA
Substitution Matrix: LG
Using empirical base frequencies




RAxML was called as follows:

raxml -f a -T 2 -m PROTGAMMALGF -p 12345 -x 12345 -# 100 -s ALICUT_EOG091G0K95.clustalo.aln.fasta -n EOG091G0K95.clustalo.aln.ALICUT.LGF 



Time for BS model parameter optimization 0.059754
Bootstrap[0]: Time 0.809493 seconds, bootstrap likelihood -2310.740818, best rearrangement setting 13
Bootstrap[1]: Time 0.559799 seconds, bootstrap likelihood -2242.156038, best rearrangement setting 13
Bootstrap[2]: Time 0.509369 seconds, bootstrap likelihood -2387.245523, best rearrangement setting 12
Bootstrap[3]: Time 0.535604 seconds, bootstrap likelihood -2267.184766, best rearrangement setting 15
Bootstrap[4]: Time 0.520796 seconds, bootstrap likelihood -2313.512016, best rearrangement setting 10
Bootstrap[5]: Time 0.611170 seconds, bootstrap likelihood -2204.008720, best rearrangement setting 10
Bootstrap[6]: Time 0.618330 seconds, bootstrap likelihood -2275.594346, best rearrangement setting 6
Bootstrap[7]: Time 0.491492 seconds, bootstrap likelihood -2342.333668, best rearrangement setting 14
Bootstrap[8]: Time 0.441949 seconds, bootstrap likelihood -2322.341201, best rearrangement setting 5
Bootstrap[9]: Time 0.650543 seconds, bootstrap likelihood -2526.427746, best rearrangement setting 7
Bootstrap[10]: Time 0.572378 seconds, bootstrap likelihood -2345.202551, best rearrangement setting 7
Bootstrap[11]: Time 0.523853 seconds, bootstrap likelihood -2327.942333, best rearrangement setting 5
Bootstrap[12]: Time 0.702770 seconds, bootstrap likelihood -2337.376379, best rearrangement setting 8
Bootstrap[13]: Time 0.592065 seconds, bootstrap likelihood -2416.196749, best rearrangement setting 7
Bootstrap[14]: Time 0.547261 seconds, bootstrap likelihood -2309.974304, best rearrangement setting 12
Bootstrap[15]: Time 0.574469 seconds, bootstrap likelihood -2247.036508, best rearrangement setting 15
Bootstrap[16]: Time 0.618600 seconds, bootstrap likelihood -2378.925542, best rearrangement setting 12
Bootstrap[17]: Time 0.467657 seconds, bootstrap likelihood -2303.463770, best rearrangement setting 12
Bootstrap[18]: Time 0.530674 seconds, bootstrap likelihood -2316.380964, best rearrangement setting 5
Bootstrap[19]: Time 0.532709 seconds, bootstrap likelihood -2538.499648, best rearrangement setting 8
Bootstrap[20]: Time 0.459220 seconds, bootstrap likelihood -2380.357623, best rearrangement setting 10
Bootstrap[21]: Time 0.406894 seconds, bootstrap likelihood -2357.473745, best rearrangement setting 6
Bootstrap[22]: Time 0.460718 seconds, bootstrap likelihood -2372.926951, best rearrangement setting 5
Bootstrap[23]: Time 0.513586 seconds, bootstrap likelihood -2501.276690, best rearrangement setting 7
Bootstrap[24]: Time 0.570960 seconds, bootstrap likelihood -2340.112978, best rearrangement setting 8
Bootstrap[25]: Time 0.487330 seconds, bootstrap likelihood -2398.137804, best rearrangement setting 6
Bootstrap[26]: Time 0.486365 seconds, bootstrap likelihood -2197.011122, best rearrangement setting 12
Bootstrap[27]: Time 0.551855 seconds, bootstrap likelihood -2261.320664, best rearrangement setting 10
Bootstrap[28]: Time 0.475795 seconds, bootstrap likelihood -2438.891638, best rearrangement setting 11
Bootstrap[29]: Time 0.523955 seconds, bootstrap likelihood -2380.078216, best rearrangement setting 12
Bootstrap[30]: Time 0.551306 seconds, bootstrap likelihood -2204.384854, best rearrangement setting 15
Bootstrap[31]: Time 0.549623 seconds, bootstrap likelihood -2451.244082, best rearrangement setting 15
Bootstrap[32]: Time 0.463976 seconds, bootstrap likelihood -2310.074143, best rearrangement setting 6
Bootstrap[33]: Time 0.536749 seconds, bootstrap likelihood -2374.415533, best rearrangement setting 15
Bootstrap[34]: Time 0.569873 seconds, bootstrap likelihood -2243.966623, best rearrangement setting 11
Bootstrap[35]: Time 0.550051 seconds, bootstrap likelihood -2413.868960, best rearrangement setting 8
Bootstrap[36]: Time 0.483056 seconds, bootstrap likelihood -2423.543299, best rearrangement setting 9
Bootstrap[37]: Time 0.456770 seconds, bootstrap likelihood -2392.536931, best rearrangement setting 11
Bootstrap[38]: Time 0.499135 seconds, bootstrap likelihood -2412.542190, best rearrangement setting 8
Bootstrap[39]: Time 0.600527 seconds, bootstrap likelihood -2190.848537, best rearrangement setting 13
Bootstrap[40]: Time 0.516823 seconds, bootstrap likelihood -2538.061608, best rearrangement setting 13
Bootstrap[41]: Time 0.535028 seconds, bootstrap likelihood -2316.708990, best rearrangement setting 10
Bootstrap[42]: Time 0.483326 seconds, bootstrap likelihood -2267.556912, best rearrangement setting 5
Bootstrap[43]: Time 0.476341 seconds, bootstrap likelihood -2305.687629, best rearrangement setting 14
Bootstrap[44]: Time 0.528347 seconds, bootstrap likelihood -2356.298362, best rearrangement setting 10
Bootstrap[45]: Time 0.558729 seconds, bootstrap likelihood -2454.456868, best rearrangement setting 15
Bootstrap[46]: Time 0.573452 seconds, bootstrap likelihood -2377.722046, best rearrangement setting 14
Bootstrap[47]: Time 0.496700 seconds, bootstrap likelihood -2428.191511, best rearrangement setting 8
Bootstrap[48]: Time 0.609504 seconds, bootstrap likelihood -2235.139986, best rearrangement setting 6
Bootstrap[49]: Time 0.747769 seconds, bootstrap likelihood -2337.995236, best rearrangement setting 7
Bootstrap[50]: Time 0.646946 seconds, bootstrap likelihood -2417.073338, best rearrangement setting 7
Bootstrap[51]: Time 0.667102 seconds, bootstrap likelihood -2189.994260, best rearrangement setting 11
Bootstrap[52]: Time 0.628762 seconds, bootstrap likelihood -2168.303378, best rearrangement setting 12
Bootstrap[53]: Time 0.794922 seconds, bootstrap likelihood -2373.556069, best rearrangement setting 8
Bootstrap[54]: Time 0.725254 seconds, bootstrap likelihood -2507.405961, best rearrangement setting 9
Bootstrap[55]: Time 0.927803 seconds, bootstrap likelihood -2391.171467, best rearrangement setting 11
Bootstrap[56]: Time 0.761977 seconds, bootstrap likelihood -2368.369340, best rearrangement setting 5
Bootstrap[57]: Time 0.549397 seconds, bootstrap likelihood -2292.520587, best rearrangement setting 7
Bootstrap[58]: Time 0.551142 seconds, bootstrap likelihood -2214.175942, best rearrangement setting 10
Bootstrap[59]: Time 0.509279 seconds, bootstrap likelihood -2310.799804, best rearrangement setting 9
Bootstrap[60]: Time 0.485366 seconds, bootstrap likelihood -2203.256355, best rearrangement setting 7
Bootstrap[61]: Time 0.478122 seconds, bootstrap likelihood -2204.134560, best rearrangement setting 5
Bootstrap[62]: Time 0.580002 seconds, bootstrap likelihood -2237.773435, best rearrangement setting 11
Bootstrap[63]: Time 0.478397 seconds, bootstrap likelihood -2402.122000, best rearrangement setting 12
Bootstrap[64]: Time 0.518488 seconds, bootstrap likelihood -2173.529022, best rearrangement setting 7
Bootstrap[65]: Time 0.516300 seconds, bootstrap likelihood -2303.267011, best rearrangement setting 5
Bootstrap[66]: Time 0.467692 seconds, bootstrap likelihood -2362.992377, best rearrangement setting 5
Bootstrap[67]: Time 0.485456 seconds, bootstrap likelihood -2359.972289, best rearrangement setting 15
Bootstrap[68]: Time 0.533411 seconds, bootstrap likelihood -2392.369536, best rearrangement setting 11
Bootstrap[69]: Time 0.560664 seconds, bootstrap likelihood -2476.963594, best rearrangement setting 5
Bootstrap[70]: Time 0.456091 seconds, bootstrap likelihood -2279.583888, best rearrangement setting 8
Bootstrap[71]: Time 0.471156 seconds, bootstrap likelihood -2258.423633, best rearrangement setting 10
Bootstrap[72]: Time 0.582418 seconds, bootstrap likelihood -2300.198351, best rearrangement setting 11
Bootstrap[73]: Time 0.505632 seconds, bootstrap likelihood -2180.568675, best rearrangement setting 9
Bootstrap[74]: Time 0.442263 seconds, bootstrap likelihood -2432.154167, best rearrangement setting 5
Bootstrap[75]: Time 0.657779 seconds, bootstrap likelihood -2159.490377, best rearrangement setting 8
Bootstrap[76]: Time 0.559255 seconds, bootstrap likelihood -2293.805226, best rearrangement setting 9
Bootstrap[77]: Time 0.473860 seconds, bootstrap likelihood -2374.738799, best rearrangement setting 11
Bootstrap[78]: Time 0.577823 seconds, bootstrap likelihood -2349.624175, best rearrangement setting 15
Bootstrap[79]: Time 0.546903 seconds, bootstrap likelihood -2359.292997, best rearrangement setting 9
Bootstrap[80]: Time 0.524758 seconds, bootstrap likelihood -2265.037854, best rearrangement setting 15
Bootstrap[81]: Time 0.455573 seconds, bootstrap likelihood -2181.328750, best rearrangement setting 7
Bootstrap[82]: Time 0.469977 seconds, bootstrap likelihood -2356.280242, best rearrangement setting 6
Bootstrap[83]: Time 0.538261 seconds, bootstrap likelihood -2459.464309, best rearrangement setting 10
Bootstrap[84]: Time 0.535399 seconds, bootstrap likelihood -2208.977883, best rearrangement setting 11
Bootstrap[85]: Time 0.428665 seconds, bootstrap likelihood -2383.174871, best rearrangement setting 8
Bootstrap[86]: Time 0.503275 seconds, bootstrap likelihood -2263.466104, best rearrangement setting 7
Bootstrap[87]: Time 0.478935 seconds, bootstrap likelihood -2277.692083, best rearrangement setting 7
Bootstrap[88]: Time 0.559410 seconds, bootstrap likelihood -2362.781884, best rearrangement setting 12
Bootstrap[89]: Time 0.560909 seconds, bootstrap likelihood -2401.696154, best rearrangement setting 10
Bootstrap[90]: Time 0.462302 seconds, bootstrap likelihood -2242.970923, best rearrangement setting 8
Bootstrap[91]: Time 0.476320 seconds, bootstrap likelihood -2292.189481, best rearrangement setting 12
Bootstrap[92]: Time 0.490034 seconds, bootstrap likelihood -2489.563082, best rearrangement setting 13
Bootstrap[93]: Time 0.623536 seconds, bootstrap likelihood -2410.723439, best rearrangement setting 15
Bootstrap[94]: Time 0.454685 seconds, bootstrap likelihood -2353.541499, best rearrangement setting 5
Bootstrap[95]: Time 0.506401 seconds, bootstrap likelihood -2402.396488, best rearrangement setting 5
Bootstrap[96]: Time 0.488698 seconds, bootstrap likelihood -2346.293402, best rearrangement setting 13
Bootstrap[97]: Time 0.587586 seconds, bootstrap likelihood -2465.103365, best rearrangement setting 11
Bootstrap[98]: Time 0.444911 seconds, bootstrap likelihood -2300.286904, best rearrangement setting 6
Bootstrap[99]: Time 0.551478 seconds, bootstrap likelihood -2386.724279, best rearrangement setting 14


Overall Time for 100 Rapid Bootstraps 54.433005 seconds
Average Time per Rapid Bootstrap 0.544330 seconds

Starting ML Search ...

Fast ML optimization finished

Fast ML search Time: 61.852129 seconds

Slow ML Search 0 Likelihood: -2357.034824
Slow ML Search 1 Likelihood: -2357.034824
Slow ML Search 2 Likelihood: -2357.034824
Slow ML Search 3 Likelihood: -2357.034824
Slow ML Search 4 Likelihood: -2357.034824
Slow ML Search 5 Likelihood: -2357.034824
Slow ML Search 6 Likelihood: -2357.034824
Slow ML Search 7 Likelihood: -2357.034824
Slow ML Search 8 Likelihood: -2357.034824
Slow ML Search 9 Likelihood: -2357.034824
Slow ML optimization finished

Slow ML search Time: 10.436140 seconds
Thorough ML search Time: 0.770109 seconds

Final ML Optimization Likelihood: -2357.034825

Model Information:

Model Parameters of Partition 0, Name: No Name Provided, Type of Data: AA
alpha: 2.352315
Tree-Length: 9.049803
rate A <-> R: 0.399182
rate A <-> N: 0.259945
rate A <-> D: 0.371058
rate A <-> C: 2.337364
rate A <-> Q: 0.910775
rate A <-> E: 0.975241
rate A <-> G: 1.940106
rate A <-> H: 0.336984
rate A <-> I: 0.140697
rate A <-> L: 0.371240
rate A <-> K: 0.503815
rate A <-> M: 1.055520
rate A <-> F: 0.238237
rate A <-> P: 1.105868
rate A <-> S: 4.439041
rate A <-> T: 2.009090
rate A <-> W: 0.169702
rate A <-> Y: 0.205613
rate A <-> V: 2.392567
rate R <-> N: 0.706048
rate R <-> D: 0.116398
rate R <-> C: 0.501968
rate R <-> Q: 2.636754
rate R <-> E: 0.341785
rate R <-> G: 0.366408
rate R <-> H: 2.278690
rate R <-> I: 0.119250
rate R <-> L: 0.283449
rate R <-> K: 5.940467
rate R <-> M: 0.454623
rate R <-> F: 0.049508
rate R <-> P: 0.312264
rate R <-> S: 0.805843
rate R <-> T: 0.543695
rate R <-> W: 0.557424
rate R <-> Y: 0.295274
rate R <-> V: 0.160471
rate N <-> D: 4.766737
rate N <-> C: 0.496537
rate N <-> Q: 1.592389
rate N <-> E: 0.508692
rate N <-> G: 1.350015
rate N <-> H: 4.234381
rate N <-> I: 0.179830
rate N <-> L: 0.064256
rate N <-> K: 2.014327
rate N <-> M: 0.348390
rate N <-> F: 0.084068
rate N <-> P: 0.151925
rate N <-> S: 3.764032
rate N <-> T: 1.878729
rate N <-> W: 0.042610
rate N <-> Y: 0.574720
rate N <-> V: 0.078587
rate D <-> C: 0.058743
rate D <-> Q: 0.491483
rate D <-> E: 4.924234
rate D <-> G: 0.793424
rate D <-> H: 0.870603
rate D <-> I: 0.010038
rate D <-> L: 0.014157
rate D <-> K: 0.265711
rate D <-> M: 0.023991
rate D <-> F: 0.016354
rate D <-> P: 0.370412
rate D <-> S: 1.164675
rate D <-> T: 0.399902
rate D <-> W: 0.028068
rate D <-> Y: 0.126872
rate D <-> V: 0.035653
rate C <-> Q: 0.079639
rate C <-> E: 0.003286
rate C <-> G: 0.534566
rate C <-> H: 0.601499
rate C <-> I: 0.301083
rate C <-> L: 0.557800
rate C <-> K: 0.012457
rate C <-> M: 0.839207
rate C <-> F: 1.037881
rate C <-> P: 0.070787
rate C <-> S: 2.614753
rate C <-> T: 1.073780
rate C <-> W: 0.629281
rate C <-> Y: 1.094488
rate C <-> V: 1.839864
rate Q <-> E: 3.876936
rate Q <-> G: 0.251626
rate Q <-> H: 4.520102
rate Q <-> I: 0.068413
rate Q <-> L: 0.546954
rate Q <-> K: 3.037150
rate Q <-> M: 1.570619
rate Q <-> F: 0.033669
rate Q <-> P: 0.586241
rate Q <-> S: 1.149231
rate Q <-> T: 1.014297
rate Q <-> W: 0.221802
rate Q <-> Y: 0.241650
rate Q <-> V: 0.197511
rate E <-> G: 0.327583
rate E <-> H: 0.398044
rate E <-> I: 0.041567
rate E <-> L: 0.065426
rate E <-> K: 1.697022
rate E <-> M: 0.163145
rate E <-> F: 0.017664
rate E <-> P: 0.393844
rate E <-> S: 0.574671
rate E <-> T: 0.567695
rate E <-> W: 0.073107
rate E <-> Y: 0.112720
rate E <-> V: 0.230098
rate G <-> H: 0.292498
rate G <-> I: 0.008174
rate G <-> L: 0.041563
rate G <-> K: 0.278555
rate G <-> M: 0.131033
rate G <-> F: 0.084125
rate G <-> P: 0.184955
rate G <-> S: 1.633930
rate G <-> T: 0.121922
rate G <-> W: 0.252125
rate G <-> Y: 0.051346
rate G <-> V: 0.072026
rate H <-> I: 0.102245
rate H <-> L: 0.343988
rate H <-> K: 0.654763
rate H <-> M: 0.415502
rate H <-> F: 0.640560
rate H <-> P: 0.477834
rate H <-> S: 0.929667
rate H <-> T: 0.548649
rate H <-> W: 0.560661
rate H <-> Y: 4.983361
rate H <-> V: 0.111759
rate I <-> L: 3.892408
rate I <-> K: 0.149373
rate I <-> M: 4.013113
rate I <-> F: 1.044902
rate I <-> P: 0.073509
rate I <-> S: 0.060198
rate I <-> T: 0.970728
rate I <-> W: 0.104854
rate I <-> Y: 0.218350
rate I <-> V: 10.000000
rate L <-> K: 0.129119
rate L <-> M: 5.927594
rate L <-> F: 2.434657
rate L <-> P: 0.233879
rate L <-> S: 0.171176
rate L <-> T: 0.284471
rate L <-> W: 0.581863
rate L <-> Y: 0.281383
rate L <-> V: 1.598956
rate K <-> M: 0.616581
rate K <-> F: 0.022460
rate K <-> P: 0.366530
rate K <-> S: 0.703048
rate K <-> T: 1.067567
rate K <-> W: 0.046864
rate K <-> Y: 0.123890
rate K <-> V: 0.173913
rate M <-> F: 1.689205
rate M <-> P: 0.093763
rate M <-> S: 0.325811
rate M <-> T: 1.897216
rate M <-> W: 0.653740
rate M <-> Y: 0.451968
rate M <-> V: 1.782983
rate F <-> P: 0.088706
rate F <-> S: 0.339765
rate F <-> T: 0.154944
rate F <-> W: 2.307349
rate F <-> Y: 7.328222
rate F <-> V: 0.614777
rate P <-> S: 1.256567
rate P <-> T: 0.536635
rate P <-> W: 0.089332
rate P <-> Y: 0.084151
rate P <-> V: 0.278428
rate S <-> T: 6.077767
rate S <-> W: 0.233693
rate S <-> Y: 0.376132
rate S <-> V: 0.092373
rate T <-> W: 0.132241
rate T <-> Y: 0.230856
rate T <-> V: 2.054781
rate W <-> Y: 2.959699
rate W <-> V: 0.177959
rate Y <-> V: 0.234116

freq pi(A): 0.057869
freq pi(R): 0.054340
freq pi(N): 0.027523
freq pi(D): 0.067043
freq pi(C): 0.005646
freq pi(Q): 0.021171
freq pi(E): 0.088215
freq pi(G): 0.029640
freq pi(H): 0.007057
freq pi(I): 0.070572
freq pi(L): 0.116443
freq pi(K): 0.107269
freq pi(M): 0.018349
freq pi(F): 0.064926
freq pi(P): 0.033169
freq pi(S): 0.079746
freq pi(T): 0.054340
freq pi(W): 0.014820
freq pi(Y): 0.022583
freq pi(V): 0.059280


ML search took 73.082094 secs or 0.020301 hours

Combined Bootstrap and ML search took 127.515326 secs or 0.035421 hours

Drawing Bootstrap Support Values on best-scoring ML tree ...



Found 1 tree in File /in/RAxML_bestTree.EOG091G0K95.clustalo.aln.ALICUT.LGF



Found 1 tree in File /in/RAxML_bestTree.EOG091G0K95.clustalo.aln.ALICUT.LGF

Program execution info written to /in/RAxML_info.EOG091G0K95.clustalo.aln.ALICUT.LGF
All 100 bootstrapped trees written to: /in/RAxML_bootstrap.EOG091G0K95.clustalo.aln.ALICUT.LGF

Best-scoring ML tree written to: /in/RAxML_bestTree.EOG091G0K95.clustalo.aln.ALICUT.LGF

Best-scoring ML tree with support values written to: /in/RAxML_bipartitions.EOG091G0K95.clustalo.aln.ALICUT.LGF

Best-scoring ML tree with support values as branch labels written to: /in/RAxML_bipartitionsBranchLabels.EOG091G0K95.clustalo.aln.ALICUT.LGF

Overall execution time for full ML analysis: 127.517393 secs or 0.035421 hours or 0.001476 days

