
	reading taxa from FASTA ...


	C.intestinalis       -> sites: 1139  
	S.mediterranea       -> sites: 1139  
	R.norvegicus         -> sites: 1139  
	D.melanogaster       -> sites: 1139  
	N.vectensis          -> sites: 1139  
	H.microstoma         -> sites: 1139  
	C.sinensis           -> sites: 1139  
	D.rerio              -> sites: 1139  
	G.salaris            -> sites: 1139  
	H.robusta            -> sites: 1139  
	G.turnbulli          -> sites: 1139  
	O.viverrini          -> sites: 1139  


	data type             : amino acid sequences

	input ...

	infile		: EOG091G08RU.clustalo.aln.fasta
	random pairs	: 200000000000000000
	window size	: 6
	indels		: ambiguous
	tree file	: -
	node level	: -
	strict profile	: -
	outgroup	: -
	matrix          : BLOSUM62

	number of taxa        : 12
	random number of pairs: 200000000000000000

	generates threshhold value for amino acid data
	using BLOSUM62

	checks for (potential) identical taxa


	scores site patterns ...


	max number of different pairs is 66
	max random pairs are scored!

	pair: 1      ->	taxon1: C.intestin	taxon2: S.mediterr
	            	positions below base line: 808
	pair: 2      ->	taxon1: C.intestin	taxon2: R.norvegic
	            	positions below base line: 693
	pair: 3      ->	taxon1: C.intestin	taxon2: D.melanoga
	            	positions below base line: 718
	pair: 4      ->	taxon1: C.intestin	taxon2: N.vectensi
	            	positions below base line: 901
	pair: 5      ->	taxon1: C.intestin	taxon2: H.microsto
	            	positions below base line: 816
	pair: 6      ->	taxon1: C.intestin	taxon2: C.sinensis
	            	positions below base line: 745
	pair: 7      ->	taxon1: C.intestin	taxon2: D.rerio   
	            	positions below base line: 696
	pair: 8      ->	taxon1: C.intestin	taxon2: G.salaris 
	            	positions below base line: 861
	pair: 9      ->	taxon1: C.intestin	taxon2: H.robusta 
	            	positions below base line: 748
	pair: 10     ->	taxon1: C.intestin	taxon2: G.turnbull
	            	positions below base line: 873
	pair: 11     ->	taxon1: C.intestin	taxon2: O.viverrin
	            	positions below base line: 769
	pair: 12     ->	taxon1: S.mediterr	taxon2: R.norvegic
	            	positions below base line: 794
	pair: 13     ->	taxon1: S.mediterr	taxon2: D.melanoga
	            	positions below base line: 793
	pair: 14     ->	taxon1: S.mediterr	taxon2: N.vectensi
	            	positions below base line: 933
	pair: 15     ->	taxon1: S.mediterr	taxon2: H.microsto
	            	positions below base line: 873
	pair: 16     ->	taxon1: S.mediterr	taxon2: C.sinensis
	            	positions below base line: 816
	pair: 17     ->	taxon1: S.mediterr	taxon2: D.rerio   
	            	positions below base line: 821
	pair: 18     ->	taxon1: S.mediterr	taxon2: G.salaris 
	            	positions below base line: 868
	pair: 19     ->	taxon1: S.mediterr	taxon2: H.robusta 
	            	positions below base line: 823
	pair: 20     ->	taxon1: S.mediterr	taxon2: G.turnbull
	            	positions below base line: 876
	pair: 21     ->	taxon1: S.mediterr	taxon2: O.viverrin
	            	positions below base line: 822
	pair: 22     ->	taxon1: R.norvegic	taxon2: D.melanoga
	            	positions below base line: 730
	pair: 23     ->	taxon1: R.norvegic	taxon2: N.vectensi
	            	positions below base line: 915
	pair: 24     ->	taxon1: R.norvegic	taxon2: H.microsto
	            	positions below base line: 821
	pair: 25     ->	taxon1: R.norvegic	taxon2: C.sinensis
	            	positions below base line: 744
	pair: 26     ->	taxon1: R.norvegic	taxon2: D.rerio   
	            	positions below base line: 664
	pair: 27     ->	taxon1: R.norvegic	taxon2: G.salaris 
	            	positions below base line: 852
	pair: 28     ->	taxon1: R.norvegic	taxon2: H.robusta 
	            	positions below base line: 750
	pair: 29     ->	taxon1: R.norvegic	taxon2: G.turnbull
	            	positions below base line: 871
	pair: 30     ->	taxon1: R.norvegic	taxon2: O.viverrin
	            	positions below base line: 755
	pair: 31     ->	taxon1: D.melanoga	taxon2: N.vectensi
	            	positions below base line: 930
	pair: 32     ->	taxon1: D.melanoga	taxon2: H.microsto
	            	positions below base line: 820
	pair: 33     ->	taxon1: D.melanoga	taxon2: C.sinensis
	            	positions below base line: 756
	pair: 34     ->	taxon1: D.melanoga	taxon2: D.rerio   
	            	positions below base line: 739
	pair: 35     ->	taxon1: D.melanoga	taxon2: G.salaris 
	            	positions below base line: 851
	pair: 36     ->	taxon1: D.melanoga	taxon2: H.robusta 
	            	positions below base line: 758
	pair: 37     ->	taxon1: D.melanoga	taxon2: G.turnbull
	            	positions below base line: 865
	pair: 38     ->	taxon1: D.melanoga	taxon2: O.viverrin
	            	positions below base line: 757
	pair: 39     ->	taxon1: N.vectensi	taxon2: H.microsto
	            	positions below base line: 951
	pair: 40     ->	taxon1: N.vectensi	taxon2: C.sinensis
	            	positions below base line: 932
	pair: 41     ->	taxon1: N.vectensi	taxon2: D.rerio   
	            	positions below base line: 914
	pair: 42     ->	taxon1: N.vectensi	taxon2: G.salaris 
	            	positions below base line: 957
	pair: 43     ->	taxon1: N.vectensi	taxon2: H.robusta 
	            	positions below base line: 928
	pair: 44     ->	taxon1: N.vectensi	taxon2: G.turnbull
	            	positions below base line: 957
	pair: 45     ->	taxon1: N.vectensi	taxon2: O.viverrin
	            	positions below base line: 948
	pair: 46     ->	taxon1: H.microsto	taxon2: C.sinensis
	            	positions below base line: 766
	pair: 47     ->	taxon1: H.microsto	taxon2: D.rerio   
	            	positions below base line: 833
	pair: 48     ->	taxon1: H.microsto	taxon2: G.salaris 
	            	positions below base line: 877
	pair: 49     ->	taxon1: H.microsto	taxon2: H.robusta 
	            	positions below base line: 857
	pair: 50     ->	taxon1: H.microsto	taxon2: G.turnbull
	            	positions below base line: 899
	pair: 51     ->	taxon1: H.microsto	taxon2: O.viverrin
	            	positions below base line: 776
	pair: 52     ->	taxon1: C.sinensis	taxon2: D.rerio   
	            	positions below base line: 734
	pair: 53     ->	taxon1: C.sinensis	taxon2: G.salaris 
	            	positions below base line: 862
	pair: 54     ->	taxon1: C.sinensis	taxon2: H.robusta 
	            	positions below base line: 776
	pair: 55     ->	taxon1: C.sinensis	taxon2: G.turnbull
	            	positions below base line: 855
	pair: 56     ->	taxon1: C.sinensis	taxon2: O.viverrin
	            	positions below base line: 665
	pair: 57     ->	taxon1: D.rerio   	taxon2: G.salaris 
	            	positions below base line: 860
	pair: 58     ->	taxon1: D.rerio   	taxon2: H.robusta 
	            	positions below base line: 767
	pair: 59     ->	taxon1: D.rerio   	taxon2: G.turnbull
	            	positions below base line: 865
	pair: 60     ->	taxon1: D.rerio   	taxon2: O.viverrin
	            	positions below base line: 754
	pair: 61     ->	taxon1: G.salaris 	taxon2: H.robusta 
	            	positions below base line: 856
	pair: 62     ->	taxon1: G.salaris 	taxon2: G.turnbull
	            	positions below base line: 477
	pair: 63     ->	taxon1: G.salaris 	taxon2: O.viverrin
	            	positions below base line: 857
	pair: 64     ->	taxon1: H.robusta 	taxon2: G.turnbull
	            	positions below base line: 854
	pair: 65     ->	taxon1: H.robusta 	taxon2: O.viverrin
	            	positions below base line: 794
	pair: 66     ->	taxon1: G.turnbull	taxon2: O.viverrin
	            	positions below base line: 867

	generates quality profile from collected scores ...


	scoring done ...


	generates vector plot from collected scores ...


Argument "-" treated as 0 in increment (++) at /usr/bin/Aliscore.pl line 1213.
	Profile written to EOG091G08RU.clustalo.aln.fasta_Profile_random.txt
	List   written to EOG091G08RU.clustalo.aln.fasta_List_random.txt

	time used: 4.56 sec

