
	reading taxa from FASTA ...


	N.vectensis          -> sites: 827   
	C.intestinalis       -> sites: 827   
	R.norvegicus         -> sites: 827   
	M.lignano            -> sites: 827   
	C.sinensis           -> sites: 827   
	E.granulosus         -> sites: 827   
	T.solium             -> sites: 827   
	D.rerio              -> sites: 827   
	O.viverrini          -> sites: 827   
	D.melanogaster       -> sites: 827   
	H.microstoma         -> sites: 827   


	data type             : amino acid sequences

	input ...

	infile		: EOG091G08D1.clustalo.aln.fasta
	random pairs	: 200000000000000000
	window size	: 6
	indels		: ambiguous
	tree file	: -
	node level	: -
	strict profile	: -
	outgroup	: -
	matrix          : BLOSUM62

	number of taxa        : 11
	random number of pairs: 200000000000000000

	generates threshhold value for amino acid data
	using BLOSUM62

	checks for (potential) identical taxa


	scores site patterns ...


	max number of different pairs is 55
	max random pairs are scored!

	pair: 1      ->	taxon1: N.vectensi	taxon2: C.intestin
	            	positions below base line: 696
	pair: 2      ->	taxon1: N.vectensi	taxon2: R.norvegic
	            	positions below base line: 696
	pair: 3      ->	taxon1: N.vectensi	taxon2: M.lignano 
	            	positions below base line: 688
	pair: 4      ->	taxon1: N.vectensi	taxon2: C.sinensis
	            	positions below base line: 759
	pair: 5      ->	taxon1: N.vectensi	taxon2: E.granulos
	            	positions below base line: 733
	pair: 6      ->	taxon1: N.vectensi	taxon2: T.solium  
	            	positions below base line: 736
	pair: 7      ->	taxon1: N.vectensi	taxon2: D.rerio   
	            	positions below base line: 692
	pair: 8      ->	taxon1: N.vectensi	taxon2: O.viverrin
	            	positions below base line: 767
	pair: 9      ->	taxon1: N.vectensi	taxon2: D.melanoga
	            	positions below base line: 715
	pair: 10     ->	taxon1: N.vectensi	taxon2: H.microsto
	            	positions below base line: 732
	pair: 11     ->	taxon1: C.intestin	taxon2: R.norvegic
	            	positions below base line: 341
	pair: 12     ->	taxon1: C.intestin	taxon2: M.lignano 
	            	positions below base line: 431
	pair: 13     ->	taxon1: C.intestin	taxon2: C.sinensis
	            	positions below base line: 599
	pair: 14     ->	taxon1: C.intestin	taxon2: E.granulos
	            	positions below base line: 613
	pair: 15     ->	taxon1: C.intestin	taxon2: T.solium  
	            	positions below base line: 615
	pair: 16     ->	taxon1: C.intestin	taxon2: D.rerio   
	            	positions below base line: 344
	pair: 17     ->	taxon1: C.intestin	taxon2: O.viverrin
	            	positions below base line: 594
	pair: 18     ->	taxon1: C.intestin	taxon2: D.melanoga
	            	positions below base line: 501
	pair: 19     ->	taxon1: C.intestin	taxon2: H.microsto
	            	positions below base line: 614
	pair: 20     ->	taxon1: R.norvegic	taxon2: M.lignano 
	            	positions below base line: 392
	pair: 21     ->	taxon1: R.norvegic	taxon2: C.sinensis
	            	positions below base line: 592
	pair: 22     ->	taxon1: R.norvegic	taxon2: E.granulos
	            	positions below base line: 562
	pair: 23     ->	taxon1: R.norvegic	taxon2: T.solium  
	            	positions below base line: 559
	pair: 24     ->	taxon1: R.norvegic	taxon2: D.rerio   
	            	positions below base line: 199
	pair: 25     ->	taxon1: R.norvegic	taxon2: O.viverrin
	            	positions below base line: 585
	pair: 26     ->	taxon1: R.norvegic	taxon2: D.melanoga
	            	positions below base line: 484
	pair: 27     ->	taxon1: R.norvegic	taxon2: H.microsto
	            	positions below base line: 556
	pair: 28     ->	taxon1: M.lignano 	taxon2: C.sinensis
	            	positions below base line: 613
	pair: 29     ->	taxon1: M.lignano 	taxon2: E.granulos
	            	positions below base line: 588
	pair: 30     ->	taxon1: M.lignano 	taxon2: T.solium  
	            	positions below base line: 592
	pair: 31     ->	taxon1: M.lignano 	taxon2: D.rerio   
	            	positions below base line: 394
	pair: 32     ->	taxon1: M.lignano 	taxon2: O.viverrin
	            	positions below base line: 600
	pair: 33     ->	taxon1: M.lignano 	taxon2: D.melanoga
	            	positions below base line: 560
	pair: 34     ->	taxon1: M.lignano 	taxon2: H.microsto
	            	positions below base line: 607
	pair: 35     ->	taxon1: C.sinensis	taxon2: E.granulos
	            	positions below base line: 626
	pair: 36     ->	taxon1: C.sinensis	taxon2: T.solium  
	            	positions below base line: 620
	pair: 37     ->	taxon1: C.sinensis	taxon2: D.rerio   
	            	positions below base line: 598
	pair: 38     ->	taxon1: C.sinensis	taxon2: O.viverrin
	            	positions below base line: 372
	pair: 39     ->	taxon1: C.sinensis	taxon2: D.melanoga
	            	positions below base line: 661
	pair: 40     ->	taxon1: C.sinensis	taxon2: H.microsto
	            	positions below base line: 612
	pair: 41     ->	taxon1: E.granulos	taxon2: T.solium  
	            	positions below base line: 170
	pair: 42     ->	taxon1: E.granulos	taxon2: D.rerio   
	            	positions below base line: 553
	pair: 43     ->	taxon1: E.granulos	taxon2: O.viverrin
	            	positions below base line: 612
	pair: 44     ->	taxon1: E.granulos	taxon2: D.melanoga
	            	positions below base line: 642
	pair: 45     ->	taxon1: E.granulos	taxon2: H.microsto
	            	positions below base line: 256
	pair: 46     ->	taxon1: T.solium  	taxon2: D.rerio   
	            	positions below base line: 552
	pair: 47     ->	taxon1: T.solium  	taxon2: O.viverrin
	            	positions below base line: 609
	pair: 48     ->	taxon1: T.solium  	taxon2: D.melanoga
	            	positions below base line: 633
	pair: 49     ->	taxon1: T.solium  	taxon2: H.microsto
	            	positions below base line: 258
	pair: 50     ->	taxon1: D.rerio   	taxon2: O.viverrin
	            	positions below base line: 610
	pair: 51     ->	taxon1: D.rerio   	taxon2: D.melanoga
	            	positions below base line: 493
	pair: 52     ->	taxon1: D.rerio   	taxon2: H.microsto
	            	positions below base line: 585
	pair: 53     ->	taxon1: O.viverrin	taxon2: D.melanoga
	            	positions below base line: 675
	pair: 54     ->	taxon1: O.viverrin	taxon2: H.microsto
	            	positions below base line: 636
	pair: 55     ->	taxon1: D.melanoga	taxon2: H.microsto
	            	positions below base line: 646

	generates quality profile from collected scores ...


	scoring done ...


	generates vector plot from collected scores ...


Argument "-" treated as 0 in increment (++) at /usr/bin/Aliscore.pl line 1213.
	Profile written to EOG091G08D1.clustalo.aln.fasta_Profile_random.txt
	List   written to EOG091G08D1.clustalo.aln.fasta_List_random.txt

	time used: 4.23 sec

