
	reading taxa from FASTA ...


	G.salaris            -> sites: 729   
	R.norvegicus         -> sites: 729   
	S.mediterranea       -> sites: 729   
	C.sinensis           -> sites: 729   
	D.rerio              -> sites: 729   
	H.microstoma         -> sites: 729   
	T.solium             -> sites: 729   
	C.intestinalis       -> sites: 729   
	C.elegans            -> sites: 729   
	E.nipponicum         -> sites: 729   
	M.lignano            -> sites: 729   
	D.melanogaster       -> sites: 729   


	data type             : amino acid sequences

	input ...

	infile		: EOG091G07Z0.clustalo.aln.fasta
	random pairs	: 200000000000000000
	window size	: 6
	indels		: ambiguous
	tree file	: -
	node level	: -
	strict profile	: -
	outgroup	: -
	matrix          : BLOSUM62

	number of taxa        : 12
	random number of pairs: 200000000000000000

	generates threshhold value for amino acid data
	using BLOSUM62

	checks for (potential) identical taxa


	scores site patterns ...


	max number of different pairs is 66
	max random pairs are scored!

	pair: 1      ->	taxon1: G.salaris 	taxon2: R.norvegic
	            	positions below base line: 617
	pair: 2      ->	taxon1: G.salaris 	taxon2: S.mediterr
	            	positions below base line: 329
	pair: 3      ->	taxon1: G.salaris 	taxon2: C.sinensis
	            	positions below base line: 411
	pair: 4      ->	taxon1: G.salaris 	taxon2: D.rerio   
	            	positions below base line: 345
	pair: 5      ->	taxon1: G.salaris 	taxon2: H.microsto
	            	positions below base line: 378
	pair: 6      ->	taxon1: G.salaris 	taxon2: T.solium  
	            	positions below base line: 459
	pair: 7      ->	taxon1: G.salaris 	taxon2: C.intestin
	            	positions below base line: 347
	pair: 8      ->	taxon1: G.salaris 	taxon2: C.elegans 
	            	positions below base line: 368
	pair: 9      ->	taxon1: G.salaris 	taxon2: E.nipponic
	            	positions below base line: 575
	pair: 10     ->	taxon1: G.salaris 	taxon2: M.lignano 
	            	positions below base line: 397
	pair: 11     ->	taxon1: G.salaris 	taxon2: D.melanoga
	            	positions below base line: 345
	pair: 12     ->	taxon1: R.norvegic	taxon2: S.mediterr
	            	positions below base line: 601
	pair: 13     ->	taxon1: R.norvegic	taxon2: C.sinensis
	            	positions below base line: 669
	pair: 14     ->	taxon1: R.norvegic	taxon2: D.rerio   
	            	positions below base line: 599
	pair: 15     ->	taxon1: R.norvegic	taxon2: H.microsto
	            	positions below base line: 634
	pair: 16     ->	taxon1: R.norvegic	taxon2: T.solium  
	            	positions below base line: 642
	pair: 17     ->	taxon1: R.norvegic	taxon2: C.intestin
	            	positions below base line: 616
	pair: 18     ->	taxon1: R.norvegic	taxon2: C.elegans 
	            	positions below base line: 626
	pair: 19     ->	taxon1: R.norvegic	taxon2: E.nipponic
	            	positions below base line: 667
	pair: 20     ->	taxon1: R.norvegic	taxon2: M.lignano 
	            	positions below base line: 612
	pair: 21     ->	taxon1: R.norvegic	taxon2: D.melanoga
	            	positions below base line: 625
	pair: 22     ->	taxon1: S.mediterr	taxon2: C.sinensis
	            	positions below base line: 373
	pair: 23     ->	taxon1: S.mediterr	taxon2: D.rerio   
	            	positions below base line: 303
	pair: 24     ->	taxon1: S.mediterr	taxon2: H.microsto
	            	positions below base line: 364
	pair: 25     ->	taxon1: S.mediterr	taxon2: T.solium  
	            	positions below base line: 437
	pair: 26     ->	taxon1: S.mediterr	taxon2: C.intestin
	            	positions below base line: 328
	pair: 27     ->	taxon1: S.mediterr	taxon2: C.elegans 
	            	positions below base line: 341
	pair: 28     ->	taxon1: S.mediterr	taxon2: E.nipponic
	            	positions below base line: 571
	pair: 29     ->	taxon1: S.mediterr	taxon2: M.lignano 
	            	positions below base line: 346
	pair: 30     ->	taxon1: S.mediterr	taxon2: D.melanoga
	            	positions below base line: 292
	pair: 31     ->	taxon1: C.sinensis	taxon2: D.rerio   
	            	positions below base line: 407
	pair: 32     ->	taxon1: C.sinensis	taxon2: H.microsto
	            	positions below base line: 434
	pair: 33     ->	taxon1: C.sinensis	taxon2: T.solium  
	            	positions below base line: 504
	pair: 34     ->	taxon1: C.sinensis	taxon2: C.intestin
	            	positions below base line: 426
	pair: 35     ->	taxon1: C.sinensis	taxon2: C.elegans 
	            	positions below base line: 399
	pair: 36     ->	taxon1: C.sinensis	taxon2: E.nipponic
	            	positions below base line: 612
	pair: 37     ->	taxon1: C.sinensis	taxon2: M.lignano 
	            	positions below base line: 437
	pair: 38     ->	taxon1: C.sinensis	taxon2: D.melanoga
	            	positions below base line: 387
	pair: 39     ->	taxon1: D.rerio   	taxon2: H.microsto
	            	positions below base line: 370
	pair: 40     ->	taxon1: D.rerio   	taxon2: T.solium  
	            	positions below base line: 446
	pair: 41     ->	taxon1: D.rerio   	taxon2: C.intestin
	            	positions below base line: 302
	pair: 42     ->	taxon1: D.rerio   	taxon2: C.elegans 
	            	positions below base line: 343
	pair: 43     ->	taxon1: D.rerio   	taxon2: E.nipponic
	            	positions below base line: 574
	pair: 44     ->	taxon1: D.rerio   	taxon2: M.lignano 
	            	positions below base line: 355
	pair: 45     ->	taxon1: D.rerio   	taxon2: D.melanoga
	            	positions below base line: 300
	pair: 46     ->	taxon1: H.microsto	taxon2: T.solium  
	            	positions below base line: 367
	pair: 47     ->	taxon1: H.microsto	taxon2: C.intestin
	            	positions below base line: 360
	pair: 48     ->	taxon1: H.microsto	taxon2: C.elegans 
	            	positions below base line: 393
	pair: 49     ->	taxon1: H.microsto	taxon2: E.nipponic
	            	positions below base line: 571
	pair: 50     ->	taxon1: H.microsto	taxon2: M.lignano 
	            	positions below base line: 441
	pair: 51     ->	taxon1: H.microsto	taxon2: D.melanoga
	            	positions below base line: 374
	pair: 52     ->	taxon1: T.solium  	taxon2: C.intestin
	            	positions below base line: 460
	pair: 53     ->	taxon1: T.solium  	taxon2: C.elegans 
	            	positions below base line: 480
	pair: 54     ->	taxon1: T.solium  	taxon2: E.nipponic
	            	positions below base line: 573
	pair: 55     ->	taxon1: T.solium  	taxon2: M.lignano 
	            	positions below base line: 457
	pair: 56     ->	taxon1: T.solium  	taxon2: D.melanoga
	            	positions below base line: 457
	pair: 57     ->	taxon1: C.intestin	taxon2: C.elegans 
	            	positions below base line: 358
	pair: 58     ->	taxon1: C.intestin	taxon2: E.nipponic
	            	positions below base line: 569
	pair: 59     ->	taxon1: C.intestin	taxon2: M.lignano 
	            	positions below base line: 393
	pair: 60     ->	taxon1: C.intestin	taxon2: D.melanoga
	            	positions below base line: 335
	pair: 61     ->	taxon1: C.elegans 	taxon2: E.nipponic
	            	positions below base line: 575
	pair: 62     ->	taxon1: C.elegans 	taxon2: M.lignano 
	            	positions below base line: 392
	pair: 63     ->	taxon1: C.elegans 	taxon2: D.melanoga
	            	positions below base line: 335
	pair: 64     ->	taxon1: E.nipponic	taxon2: M.lignano 
	            	positions below base line: 581
	pair: 65     ->	taxon1: E.nipponic	taxon2: D.melanoga
	            	positions below base line: 578
	pair: 66     ->	taxon1: M.lignano 	taxon2: D.melanoga
	            	positions below base line: 360

	generates quality profile from collected scores ...


	scoring done ...


	generates vector plot from collected scores ...


Argument "-" treated as 0 in increment (++) at /usr/bin/Aliscore.pl line 1213.
	Profile written to EOG091G07Z0.clustalo.aln.fasta_Profile_random.txt
	List   written to EOG091G07Z0.clustalo.aln.fasta_List_random.txt

	time used: 4.61 sec

