
WARNING: The number of threads is currently set to 1
You can specify the number of threads to run via -T numberOfThreads
NumberOfThreads must be set to an integer value greater than 1

RAxML, will now set the number of threads automatically to 2 !


RAxML can't, parse the alignment file as phylip file 
it will now try to parse it as FASTA file


This is the RAxML Master Pthread

This is RAxML Worker Pthread Number: 1


This is RAxML version 8.2.12 released by Alexandros Stamatakis on May 2018.

With greatly appreciated code contributions by:
Andre Aberer      (HITS)
Simon Berger      (HITS)
Alexey Kozlov     (HITS)
Kassian Kobert    (HITS)
David Dao         (KIT and HITS)
Sarah Lutteropp   (KIT and HITS)
Nick Pattengale   (Sandia)
Wayne Pfeiffer    (SDSC)
Akifumi S. Tanabe (NRIFS)
Charlie Taylor    (UF)


Alignment has 561 distinct alignment patterns

Proportion of gaps and completely undetermined characters in this alignment: 6.92%

RAxML rapid bootstrapping and subsequent ML search

Using 1 distinct models/data partitions with joint branch length optimization



Executing 100 rapid bootstrap inferences and thereafter a thorough ML search 

All free model parameters will be estimated by RAxML
GAMMA model of rate heterogeneity, ML estimate of alpha-parameter

GAMMA Model parameters will be estimated up to an accuracy of 0.1000000000 Log Likelihood units

Partition: 0
Alignment Patterns: 561
Name: No Name Provided
DataType: AA
Substitution Matrix: LG
Using empirical base frequencies




RAxML was called as follows:

raxml -f a -T 1 -m PROTGAMMALGF -p 12345 -x 12345 -# 100 -s ALICUT_EOG091G01XQ.clustalo.aln.fasta -n EOG091G01XQ.clustalo.aln.ALICUT.LGF 



Time for BS model parameter optimization 0.151066
Bootstrap[0]: Time 2.855404 seconds, bootstrap likelihood -10454.522999, best rearrangement setting 13
Bootstrap[1]: Time 2.276385 seconds, bootstrap likelihood -10058.689497, best rearrangement setting 13
Bootstrap[2]: Time 2.420022 seconds, bootstrap likelihood -10054.673631, best rearrangement setting 12
Bootstrap[3]: Time 2.373343 seconds, bootstrap likelihood -9923.493608, best rearrangement setting 15
Bootstrap[4]: Time 2.577106 seconds, bootstrap likelihood -10002.792807, best rearrangement setting 10
Bootstrap[5]: Time 2.709463 seconds, bootstrap likelihood -10295.171236, best rearrangement setting 10
Bootstrap[6]: Time 2.305713 seconds, bootstrap likelihood -9978.670324, best rearrangement setting 6
Bootstrap[7]: Time 2.188536 seconds, bootstrap likelihood -9875.623016, best rearrangement setting 14
Bootstrap[8]: Time 2.376551 seconds, bootstrap likelihood -10147.894978, best rearrangement setting 5
Bootstrap[9]: Time 2.230169 seconds, bootstrap likelihood -9497.234141, best rearrangement setting 7
Bootstrap[10]: Time 2.182187 seconds, bootstrap likelihood -10178.000571, best rearrangement setting 7
Bootstrap[11]: Time 2.420335 seconds, bootstrap likelihood -10289.716463, best rearrangement setting 5
Bootstrap[12]: Time 2.071967 seconds, bootstrap likelihood -9818.697686, best rearrangement setting 8
Bootstrap[13]: Time 2.414485 seconds, bootstrap likelihood -9656.296994, best rearrangement setting 7
Bootstrap[14]: Time 2.361441 seconds, bootstrap likelihood -10292.706558, best rearrangement setting 12
Bootstrap[15]: Time 2.317636 seconds, bootstrap likelihood -9998.986520, best rearrangement setting 15
Bootstrap[16]: Time 2.333718 seconds, bootstrap likelihood -10002.317766, best rearrangement setting 12
Bootstrap[17]: Time 2.416146 seconds, bootstrap likelihood -10250.619738, best rearrangement setting 12
Bootstrap[18]: Time 2.195476 seconds, bootstrap likelihood -9988.206742, best rearrangement setting 5
Bootstrap[19]: Time 2.352829 seconds, bootstrap likelihood -10111.325470, best rearrangement setting 8
Bootstrap[20]: Time 2.400197 seconds, bootstrap likelihood -9821.610079, best rearrangement setting 10
Bootstrap[21]: Time 2.221931 seconds, bootstrap likelihood -10011.786886, best rearrangement setting 6
Bootstrap[22]: Time 2.427625 seconds, bootstrap likelihood -10202.315731, best rearrangement setting 5
Bootstrap[23]: Time 2.401146 seconds, bootstrap likelihood -10000.935202, best rearrangement setting 7
Bootstrap[24]: Time 2.189823 seconds, bootstrap likelihood -10136.312461, best rearrangement setting 8
Bootstrap[25]: Time 2.359166 seconds, bootstrap likelihood -9952.352133, best rearrangement setting 6
Bootstrap[26]: Time 1.110226 seconds, bootstrap likelihood -10091.362912, best rearrangement setting 12
Bootstrap[27]: Time 2.238369 seconds, bootstrap likelihood -10283.126425, best rearrangement setting 10
Bootstrap[28]: Time 2.231009 seconds, bootstrap likelihood -9877.043624, best rearrangement setting 11
Bootstrap[29]: Time 2.415633 seconds, bootstrap likelihood -9922.582602, best rearrangement setting 12
Bootstrap[30]: Time 1.051972 seconds, bootstrap likelihood -9957.038770, best rearrangement setting 15
Bootstrap[31]: Time 1.033592 seconds, bootstrap likelihood -9768.104779, best rearrangement setting 15
Bootstrap[32]: Time 2.292865 seconds, bootstrap likelihood -10182.477060, best rearrangement setting 6
Bootstrap[33]: Time 2.306989 seconds, bootstrap likelihood -10054.432311, best rearrangement setting 15
Bootstrap[34]: Time 1.049352 seconds, bootstrap likelihood -10009.490478, best rearrangement setting 11
Bootstrap[35]: Time 2.747794 seconds, bootstrap likelihood -10058.344478, best rearrangement setting 8
Bootstrap[36]: Time 2.591923 seconds, bootstrap likelihood -9899.140208, best rearrangement setting 9
Bootstrap[37]: Time 2.518375 seconds, bootstrap likelihood -10366.046066, best rearrangement setting 11
Bootstrap[38]: Time 2.482014 seconds, bootstrap likelihood -9554.051531, best rearrangement setting 8
Bootstrap[39]: Time 2.559544 seconds, bootstrap likelihood -10149.545375, best rearrangement setting 13
Bootstrap[40]: Time 1.206298 seconds, bootstrap likelihood -9771.177247, best rearrangement setting 13
Bootstrap[41]: Time 2.459127 seconds, bootstrap likelihood -9684.100831, best rearrangement setting 10
Bootstrap[42]: Time 2.642309 seconds, bootstrap likelihood -10105.969953, best rearrangement setting 5
Bootstrap[43]: Time 2.581706 seconds, bootstrap likelihood -9445.542251, best rearrangement setting 14
Bootstrap[44]: Time 2.426033 seconds, bootstrap likelihood -9878.484033, best rearrangement setting 10
Bootstrap[45]: Time 2.542018 seconds, bootstrap likelihood -9979.739060, best rearrangement setting 15
Bootstrap[46]: Time 2.618023 seconds, bootstrap likelihood -9837.735593, best rearrangement setting 14
Bootstrap[47]: Time 2.510308 seconds, bootstrap likelihood -10140.557321, best rearrangement setting 8
Bootstrap[48]: Time 2.471911 seconds, bootstrap likelihood -9646.956771, best rearrangement setting 6
Bootstrap[49]: Time 2.485296 seconds, bootstrap likelihood -9938.936155, best rearrangement setting 7
Bootstrap[50]: Time 2.567648 seconds, bootstrap likelihood -9961.719563, best rearrangement setting 7
Bootstrap[51]: Time 1.132950 seconds, bootstrap likelihood -10560.273358, best rearrangement setting 11
Bootstrap[52]: Time 2.411255 seconds, bootstrap likelihood -9600.325545, best rearrangement setting 12
Bootstrap[53]: Time 2.833160 seconds, bootstrap likelihood -10238.099569, best rearrangement setting 8
Bootstrap[54]: Time 2.667643 seconds, bootstrap likelihood -10198.468987, best rearrangement setting 9
Bootstrap[55]: Time 2.599999 seconds, bootstrap likelihood -9706.612576, best rearrangement setting 11
Bootstrap[56]: Time 2.456178 seconds, bootstrap likelihood -9916.557148, best rearrangement setting 5
Bootstrap[57]: Time 2.547885 seconds, bootstrap likelihood -10280.445628, best rearrangement setting 7
Bootstrap[58]: Time 2.286923 seconds, bootstrap likelihood -10052.530804, best rearrangement setting 10
Bootstrap[59]: Time 2.398606 seconds, bootstrap likelihood -9717.427538, best rearrangement setting 9
Bootstrap[60]: Time 2.457662 seconds, bootstrap likelihood -10213.666019, best rearrangement setting 7
Bootstrap[61]: Time 2.509747 seconds, bootstrap likelihood -10262.752861, best rearrangement setting 5
Bootstrap[62]: Time 2.697686 seconds, bootstrap likelihood -9875.983001, best rearrangement setting 11
Bootstrap[63]: Time 2.461902 seconds, bootstrap likelihood -10163.970172, best rearrangement setting 12
Bootstrap[64]: Time 2.575994 seconds, bootstrap likelihood -9913.419447, best rearrangement setting 7
Bootstrap[65]: Time 2.488722 seconds, bootstrap likelihood -10171.676424, best rearrangement setting 5
Bootstrap[66]: Time 1.114716 seconds, bootstrap likelihood -9938.202079, best rearrangement setting 5
Bootstrap[67]: Time 2.586510 seconds, bootstrap likelihood -10154.085477, best rearrangement setting 15
Bootstrap[68]: Time 2.588146 seconds, bootstrap likelihood -9763.140289, best rearrangement setting 11
Bootstrap[69]: Time 2.382313 seconds, bootstrap likelihood -9430.812596, best rearrangement setting 5
Bootstrap[70]: Time 2.454611 seconds, bootstrap likelihood -9889.128994, best rearrangement setting 8
Bootstrap[71]: Time 2.536956 seconds, bootstrap likelihood -10224.986377, best rearrangement setting 10
Bootstrap[72]: Time 2.543049 seconds, bootstrap likelihood -9872.265371, best rearrangement setting 11
Bootstrap[73]: Time 2.452359 seconds, bootstrap likelihood -9927.099696, best rearrangement setting 9
Bootstrap[74]: Time 2.653060 seconds, bootstrap likelihood -10224.999295, best rearrangement setting 5
Bootstrap[75]: Time 2.591559 seconds, bootstrap likelihood -10141.927334, best rearrangement setting 8
Bootstrap[76]: Time 2.514852 seconds, bootstrap likelihood -9913.257875, best rearrangement setting 9
Bootstrap[77]: Time 2.548097 seconds, bootstrap likelihood -10364.761654, best rearrangement setting 11
Bootstrap[78]: Time 1.132152 seconds, bootstrap likelihood -10107.200038, best rearrangement setting 15
Bootstrap[79]: Time 1.120677 seconds, bootstrap likelihood -9791.850053, best rearrangement setting 9
Bootstrap[80]: Time 2.364047 seconds, bootstrap likelihood -10014.241052, best rearrangement setting 15
Bootstrap[81]: Time 2.449587 seconds, bootstrap likelihood -10003.453787, best rearrangement setting 7
Bootstrap[82]: Time 2.476470 seconds, bootstrap likelihood -9716.056280, best rearrangement setting 6
Bootstrap[83]: Time 2.685845 seconds, bootstrap likelihood -9874.663222, best rearrangement setting 10
Bootstrap[84]: Time 2.561930 seconds, bootstrap likelihood -10197.978330, best rearrangement setting 11
Bootstrap[85]: Time 2.457162 seconds, bootstrap likelihood -9979.125277, best rearrangement setting 8
Bootstrap[86]: Time 1.074403 seconds, bootstrap likelihood -9812.573691, best rearrangement setting 7
Bootstrap[87]: Time 1.102093 seconds, bootstrap likelihood -10204.943784, best rearrangement setting 7
Bootstrap[88]: Time 2.471533 seconds, bootstrap likelihood -10292.380775, best rearrangement setting 12
Bootstrap[89]: Time 2.386888 seconds, bootstrap likelihood -9844.783468, best rearrangement setting 10
Bootstrap[90]: Time 2.552622 seconds, bootstrap likelihood -9981.817325, best rearrangement setting 8
Bootstrap[91]: Time 2.726032 seconds, bootstrap likelihood -10219.200745, best rearrangement setting 12
Bootstrap[92]: Time 2.723183 seconds, bootstrap likelihood -10274.528614, best rearrangement setting 13
Bootstrap[93]: Time 2.638742 seconds, bootstrap likelihood -9844.036348, best rearrangement setting 15
Bootstrap[94]: Time 1.087401 seconds, bootstrap likelihood -10269.786576, best rearrangement setting 5
Bootstrap[95]: Time 1.126446 seconds, bootstrap likelihood -10465.132456, best rearrangement setting 5
Bootstrap[96]: Time 2.649391 seconds, bootstrap likelihood -10286.144716, best rearrangement setting 13
Bootstrap[97]: Time 2.292194 seconds, bootstrap likelihood -9804.285048, best rearrangement setting 11
Bootstrap[98]: Time 2.323526 seconds, bootstrap likelihood -10154.122012, best rearrangement setting 6
Bootstrap[99]: Time 2.208688 seconds, bootstrap likelihood -10139.159906, best rearrangement setting 14


Overall Time for 100 Rapid Bootstraps 228.660174 seconds
Average Time per Rapid Bootstrap 2.286602 seconds

Starting ML Search ...

Fast ML optimization finished

Fast ML search Time: 186.169857 seconds

Slow ML Search 0 Likelihood: -10051.886176
Slow ML Search 1 Likelihood: -10051.886176
Slow ML Search 2 Likelihood: -10051.886176
Slow ML Search 3 Likelihood: -10051.886176
Slow ML Search 4 Likelihood: -10051.886176
Slow ML Search 5 Likelihood: -10051.886176
Slow ML Search 6 Likelihood: -10051.886176
Slow ML Search 7 Likelihood: -10051.886176
Slow ML Search 8 Likelihood: -10051.886176
Slow ML Search 9 Likelihood: -10051.886176
Slow ML optimization finished

Slow ML search Time: 66.255189 seconds
Thorough ML search Time: 4.120338 seconds

Final ML Optimization Likelihood: -10051.886176

Model Information:

Model Parameters of Partition 0, Name: No Name Provided, Type of Data: AA
alpha: 1.195168
Tree-Length: 5.543359
rate A <-> R: 0.399182
rate A <-> N: 0.259945
rate A <-> D: 0.371058
rate A <-> C: 2.337364
rate A <-> Q: 0.910775
rate A <-> E: 0.975241
rate A <-> G: 1.940106
rate A <-> H: 0.336984
rate A <-> I: 0.140697
rate A <-> L: 0.371240
rate A <-> K: 0.503815
rate A <-> M: 1.055520
rate A <-> F: 0.238237
rate A <-> P: 1.105868
rate A <-> S: 4.439041
rate A <-> T: 2.009090
rate A <-> W: 0.169702
rate A <-> Y: 0.205613
rate A <-> V: 2.392567
rate R <-> N: 0.706048
rate R <-> D: 0.116398
rate R <-> C: 0.501968
rate R <-> Q: 2.636754
rate R <-> E: 0.341785
rate R <-> G: 0.366408
rate R <-> H: 2.278690
rate R <-> I: 0.119250
rate R <-> L: 0.283449
rate R <-> K: 5.940467
rate R <-> M: 0.454623
rate R <-> F: 0.049508
rate R <-> P: 0.312264
rate R <-> S: 0.805843
rate R <-> T: 0.543695
rate R <-> W: 0.557424
rate R <-> Y: 0.295274
rate R <-> V: 0.160471
rate N <-> D: 4.766737
rate N <-> C: 0.496537
rate N <-> Q: 1.592389
rate N <-> E: 0.508692
rate N <-> G: 1.350015
rate N <-> H: 4.234381
rate N <-> I: 0.179830
rate N <-> L: 0.064256
rate N <-> K: 2.014327
rate N <-> M: 0.348390
rate N <-> F: 0.084068
rate N <-> P: 0.151925
rate N <-> S: 3.764032
rate N <-> T: 1.878729
rate N <-> W: 0.042610
rate N <-> Y: 0.574720
rate N <-> V: 0.078587
rate D <-> C: 0.058743
rate D <-> Q: 0.491483
rate D <-> E: 4.924234
rate D <-> G: 0.793424
rate D <-> H: 0.870603
rate D <-> I: 0.010038
rate D <-> L: 0.014157
rate D <-> K: 0.265711
rate D <-> M: 0.023991
rate D <-> F: 0.016354
rate D <-> P: 0.370412
rate D <-> S: 1.164675
rate D <-> T: 0.399902
rate D <-> W: 0.028068
rate D <-> Y: 0.126872
rate D <-> V: 0.035653
rate C <-> Q: 0.079639
rate C <-> E: 0.003286
rate C <-> G: 0.534566
rate C <-> H: 0.601499
rate C <-> I: 0.301083
rate C <-> L: 0.557800
rate C <-> K: 0.012457
rate C <-> M: 0.839207
rate C <-> F: 1.037881
rate C <-> P: 0.070787
rate C <-> S: 2.614753
rate C <-> T: 1.073780
rate C <-> W: 0.629281
rate C <-> Y: 1.094488
rate C <-> V: 1.839864
rate Q <-> E: 3.876936
rate Q <-> G: 0.251626
rate Q <-> H: 4.520102
rate Q <-> I: 0.068413
rate Q <-> L: 0.546954
rate Q <-> K: 3.037150
rate Q <-> M: 1.570619
rate Q <-> F: 0.033669
rate Q <-> P: 0.586241
rate Q <-> S: 1.149231
rate Q <-> T: 1.014297
rate Q <-> W: 0.221802
rate Q <-> Y: 0.241650
rate Q <-> V: 0.197511
rate E <-> G: 0.327583
rate E <-> H: 0.398044
rate E <-> I: 0.041567
rate E <-> L: 0.065426
rate E <-> K: 1.697022
rate E <-> M: 0.163145
rate E <-> F: 0.017664
rate E <-> P: 0.393844
rate E <-> S: 0.574671
rate E <-> T: 0.567695
rate E <-> W: 0.073107
rate E <-> Y: 0.112720
rate E <-> V: 0.230098
rate G <-> H: 0.292498
rate G <-> I: 0.008174
rate G <-> L: 0.041563
rate G <-> K: 0.278555
rate G <-> M: 0.131033
rate G <-> F: 0.084125
rate G <-> P: 0.184955
rate G <-> S: 1.633930
rate G <-> T: 0.121922
rate G <-> W: 0.252125
rate G <-> Y: 0.051346
rate G <-> V: 0.072026
rate H <-> I: 0.102245
rate H <-> L: 0.343988
rate H <-> K: 0.654763
rate H <-> M: 0.415502
rate H <-> F: 0.640560
rate H <-> P: 0.477834
rate H <-> S: 0.929667
rate H <-> T: 0.548649
rate H <-> W: 0.560661
rate H <-> Y: 4.983361
rate H <-> V: 0.111759
rate I <-> L: 3.892408
rate I <-> K: 0.149373
rate I <-> M: 4.013113
rate I <-> F: 1.044902
rate I <-> P: 0.073509
rate I <-> S: 0.060198
rate I <-> T: 0.970728
rate I <-> W: 0.104854
rate I <-> Y: 0.218350
rate I <-> V: 10.000000
rate L <-> K: 0.129119
rate L <-> M: 5.927594
rate L <-> F: 2.434657
rate L <-> P: 0.233879
rate L <-> S: 0.171176
rate L <-> T: 0.284471
rate L <-> W: 0.581863
rate L <-> Y: 0.281383
rate L <-> V: 1.598956
rate K <-> M: 0.616581
rate K <-> F: 0.022460
rate K <-> P: 0.366530
rate K <-> S: 0.703048
rate K <-> T: 1.067567
rate K <-> W: 0.046864
rate K <-> Y: 0.123890
rate K <-> V: 0.173913
rate M <-> F: 1.689205
rate M <-> P: 0.093763
rate M <-> S: 0.325811
rate M <-> T: 1.897216
rate M <-> W: 0.653740
rate M <-> Y: 0.451968
rate M <-> V: 1.782983
rate F <-> P: 0.088706
rate F <-> S: 0.339765
rate F <-> T: 0.154944
rate F <-> W: 2.307349
rate F <-> Y: 7.328222
rate F <-> V: 0.614777
rate P <-> S: 1.256567
rate P <-> T: 0.536635
rate P <-> W: 0.089332
rate P <-> Y: 0.084151
rate P <-> V: 0.278428
rate S <-> T: 6.077767
rate S <-> W: 0.233693
rate S <-> Y: 0.376132
rate S <-> V: 0.092373
rate T <-> W: 0.132241
rate T <-> Y: 0.230856
rate T <-> V: 2.054781
rate W <-> Y: 2.959699
rate W <-> V: 0.177959
rate Y <-> V: 0.234116

freq pi(A): 0.097338
freq pi(R): 0.036467
freq pi(N): 0.041181
freq pi(D): 0.062396
freq pi(C): 0.024820
freq pi(Q): 0.047005
freq pi(E): 0.069052
freq pi(G): 0.044232
freq pi(H): 0.015391
freq pi(I): 0.070993
freq pi(L): 0.118136
freq pi(K): 0.042845
freq pi(M): 0.031753
freq pi(F): 0.032169
freq pi(P): 0.038963
freq pi(S): 0.070577
freq pi(T): 0.045896
freq pi(W): 0.010815
freq pi(Y): 0.024404
freq pi(V): 0.075568


ML search took 256.590550 secs or 0.071275 hours

Combined Bootstrap and ML search took 485.251060 secs or 0.134792 hours

Drawing Bootstrap Support Values on best-scoring ML tree ...



Found 1 tree in File /in/RAxML_bestTree.EOG091G01XQ.clustalo.aln.ALICUT.LGF



Found 1 tree in File /in/RAxML_bestTree.EOG091G01XQ.clustalo.aln.ALICUT.LGF

Program execution info written to /in/RAxML_info.EOG091G01XQ.clustalo.aln.ALICUT.LGF
All 100 bootstrapped trees written to: /in/RAxML_bootstrap.EOG091G01XQ.clustalo.aln.ALICUT.LGF

Best-scoring ML tree written to: /in/RAxML_bestTree.EOG091G01XQ.clustalo.aln.ALICUT.LGF

Best-scoring ML tree with support values written to: /in/RAxML_bipartitions.EOG091G01XQ.clustalo.aln.ALICUT.LGF

Best-scoring ML tree with support values as branch labels written to: /in/RAxML_bipartitionsBranchLabels.EOG091G01XQ.clustalo.aln.ALICUT.LGF

Overall execution time for full ML analysis: 485.253470 secs or 0.134793 hours or 0.005616 days

