
	reading taxa from FASTA ...


	T.solium             -> sites: 725   
	S.mediterranea       -> sites: 725   
	G.salaris            -> sites: 725   
	R.norvegicus         -> sites: 725   
	D.rerio              -> sites: 725   
	E.granulosus         -> sites: 725   
	H.microstoma         -> sites: 725   
	H.robusta            -> sites: 725   
	D.melanogaster       -> sites: 725   
	N.vectensis          -> sites: 725   
	O.viverrini          -> sites: 725   
	C.intestinalis       -> sites: 725   


	data type             : amino acid sequences

	input ...

	infile		: EOG091G05Q6.clustalo.aln.fasta
	random pairs	: 200000000000000000
	window size	: 6
	indels		: ambiguous
	tree file	: -
	node level	: -
	strict profile	: -
	outgroup	: -
	matrix          : BLOSUM62

	number of taxa        : 12
	random number of pairs: 200000000000000000

	generates threshhold value for amino acid data
	using BLOSUM62

	checks for (potential) identical taxa


	scores site patterns ...


	max number of different pairs is 66
	max random pairs are scored!

	pair: 1      ->	taxon1: T.solium  	taxon2: S.mediterr
	            	positions below base line: 552
	pair: 2      ->	taxon1: T.solium  	taxon2: G.salaris 
	            	positions below base line: 484
	pair: 3      ->	taxon1: T.solium  	taxon2: R.norvegic
	            	positions below base line: 379
	pair: 4      ->	taxon1: T.solium  	taxon2: D.rerio   
	            	positions below base line: 381
	pair: 5      ->	taxon1: T.solium  	taxon2: E.granulos
	            	positions below base line: 243
	pair: 6      ->	taxon1: T.solium  	taxon2: H.microsto
	            	positions below base line: 227
	pair: 7      ->	taxon1: T.solium  	taxon2: H.robusta 
	            	positions below base line: 385
	pair: 8      ->	taxon1: T.solium  	taxon2: D.melanoga
	            	positions below base line: 405
	pair: 9      ->	taxon1: T.solium  	taxon2: N.vectensi
	            	positions below base line: 388
	pair: 10     ->	taxon1: T.solium  	taxon2: O.viverrin
	            	positions below base line: 396
	pair: 11     ->	taxon1: T.solium  	taxon2: C.intestin
	            	positions below base line: 532
	pair: 12     ->	taxon1: S.mediterr	taxon2: G.salaris 
	            	positions below base line: 580
	pair: 13     ->	taxon1: S.mediterr	taxon2: R.norvegic
	            	positions below base line: 513
	pair: 14     ->	taxon1: S.mediterr	taxon2: D.rerio   
	            	positions below base line: 520
	pair: 15     ->	taxon1: S.mediterr	taxon2: E.granulos
	            	positions below base line: 609
	pair: 16     ->	taxon1: S.mediterr	taxon2: H.microsto
	            	positions below base line: 547
	pair: 17     ->	taxon1: S.mediterr	taxon2: H.robusta 
	            	positions below base line: 518
	pair: 18     ->	taxon1: S.mediterr	taxon2: D.melanoga
	            	positions below base line: 539
	pair: 19     ->	taxon1: S.mediterr	taxon2: N.vectensi
	            	positions below base line: 509
	pair: 20     ->	taxon1: S.mediterr	taxon2: O.viverrin
	            	positions below base line: 595
	pair: 21     ->	taxon1: S.mediterr	taxon2: C.intestin
	            	positions below base line: 544
	pair: 22     ->	taxon1: G.salaris 	taxon2: R.norvegic
	            	positions below base line: 505
	pair: 23     ->	taxon1: G.salaris 	taxon2: D.rerio   
	            	positions below base line: 514
	pair: 24     ->	taxon1: G.salaris 	taxon2: E.granulos
	            	positions below base line: 547
	pair: 25     ->	taxon1: G.salaris 	taxon2: H.microsto
	            	positions below base line: 482
	pair: 26     ->	taxon1: G.salaris 	taxon2: H.robusta 
	            	positions below base line: 523
	pair: 27     ->	taxon1: G.salaris 	taxon2: D.melanoga
	            	positions below base line: 524
	pair: 28     ->	taxon1: G.salaris 	taxon2: N.vectensi
	            	positions below base line: 505
	pair: 29     ->	taxon1: G.salaris 	taxon2: O.viverrin
	            	positions below base line: 526
	pair: 30     ->	taxon1: G.salaris 	taxon2: C.intestin
	            	positions below base line: 589
	pair: 31     ->	taxon1: R.norvegic	taxon2: D.rerio   
	            	positions below base line: 126
	pair: 32     ->	taxon1: R.norvegic	taxon2: E.granulos
	            	positions below base line: 399
	pair: 33     ->	taxon1: R.norvegic	taxon2: H.microsto
	            	positions below base line: 360
	pair: 34     ->	taxon1: R.norvegic	taxon2: H.robusta 
	            	positions below base line: 221
	pair: 35     ->	taxon1: R.norvegic	taxon2: D.melanoga
	            	positions below base line: 270
	pair: 36     ->	taxon1: R.norvegic	taxon2: N.vectensi
	            	positions below base line: 180
	pair: 37     ->	taxon1: R.norvegic	taxon2: O.viverrin
	            	positions below base line: 431
	pair: 38     ->	taxon1: R.norvegic	taxon2: C.intestin
	            	positions below base line: 388
	pair: 39     ->	taxon1: D.rerio   	taxon2: E.granulos
	            	positions below base line: 404
	pair: 40     ->	taxon1: D.rerio   	taxon2: H.microsto
	            	positions below base line: 369
	pair: 41     ->	taxon1: D.rerio   	taxon2: H.robusta 
	            	positions below base line: 219
	pair: 42     ->	taxon1: D.rerio   	taxon2: D.melanoga
	            	positions below base line: 272
	pair: 43     ->	taxon1: D.rerio   	taxon2: N.vectensi
	            	positions below base line: 172
	pair: 44     ->	taxon1: D.rerio   	taxon2: O.viverrin
	            	positions below base line: 422
	pair: 45     ->	taxon1: D.rerio   	taxon2: C.intestin
	            	positions below base line: 388
	pair: 46     ->	taxon1: E.granulos	taxon2: H.microsto
	            	positions below base line: 278
	pair: 47     ->	taxon1: E.granulos	taxon2: H.robusta 
	            	positions below base line: 409
	pair: 48     ->	taxon1: E.granulos	taxon2: D.melanoga
	            	positions below base line: 427
	pair: 49     ->	taxon1: E.granulos	taxon2: N.vectensi
	            	positions below base line: 398
	pair: 50     ->	taxon1: E.granulos	taxon2: O.viverrin
	            	positions below base line: 449
	pair: 51     ->	taxon1: E.granulos	taxon2: C.intestin
	            	positions below base line: 557
	pair: 52     ->	taxon1: H.microsto	taxon2: H.robusta 
	            	positions below base line: 368
	pair: 53     ->	taxon1: H.microsto	taxon2: D.melanoga
	            	positions below base line: 403
	pair: 54     ->	taxon1: H.microsto	taxon2: N.vectensi
	            	positions below base line: 352
	pair: 55     ->	taxon1: H.microsto	taxon2: O.viverrin
	            	positions below base line: 387
	pair: 56     ->	taxon1: H.microsto	taxon2: C.intestin
	            	positions below base line: 512
	pair: 57     ->	taxon1: H.robusta 	taxon2: D.melanoga
	            	positions below base line: 270
	pair: 58     ->	taxon1: H.robusta 	taxon2: N.vectensi
	            	positions below base line: 183
	pair: 59     ->	taxon1: H.robusta 	taxon2: O.viverrin
	            	positions below base line: 452
	pair: 60     ->	taxon1: H.robusta 	taxon2: C.intestin
	            	positions below base line: 396
	pair: 61     ->	taxon1: D.melanoga	taxon2: N.vectensi
	            	positions below base line: 244
	pair: 62     ->	taxon1: D.melanoga	taxon2: O.viverrin
	            	positions below base line: 430
	pair: 63     ->	taxon1: D.melanoga	taxon2: C.intestin
	            	positions below base line: 455
	pair: 64     ->	taxon1: N.vectensi	taxon2: O.viverrin
	            	positions below base line: 429
	pair: 65     ->	taxon1: N.vectensi	taxon2: C.intestin
	            	positions below base line: 387
	pair: 66     ->	taxon1: O.viverrin	taxon2: C.intestin
	            	positions below base line: 603

	generates quality profile from collected scores ...


	scoring done ...


	generates vector plot from collected scores ...


Argument "-" treated as 0 in increment (++) at /usr/bin/Aliscore.pl line 1213.
	Profile written to EOG091G05Q6.clustalo.aln.fasta_Profile_random.txt
	List   written to EOG091G05Q6.clustalo.aln.fasta_List_random.txt

	time used: 3.87 sec

