--2018-12-11 14:50:25--  http://www.orthodb.org/fasta?query=EOG091G0L66&level=33208
Resolving www.orthodb.org (www.orthodb.org)... 142.93.108.123, 2a03:b0c0:3:d0::d24:5001
Connecting to www.orthodb.org (www.orthodb.org)|142.93.108.123|:80... connected.
HTTP request sent, awaiting response... 301 Moved Permanently
Location: https://www.orthodb.org/fasta?query=EOG091G0L66&level=33208 [following]
--2018-12-11 14:50:26--  https://www.orthodb.org/fasta?query=EOG091G0L66&level=33208
Connecting to www.orthodb.org (www.orthodb.org)|142.93.108.123|:443... connected.
HTTP request sent, awaiting response... 200 OK
Length: 769021 (751K) [text/plain]
Saving to: ‘EOG091G0L66/EOG091G0L66.orthodb.fasta’

     0K .......... .......... .......... .......... ..........  6% 1,34M 1s
    50K .......... .......... .......... .......... .......... 13% 1,90M 0s
   100K .......... .......... .......... .......... .......... 19% 1,31M 0s
   150K .......... .......... .......... .......... .......... 26% 3,16M 0s
   200K .......... .......... .......... .......... .......... 33% 5,56M 0s
   250K .......... .......... .......... .......... .......... 39% 2,50M 0s
   300K .......... .......... .......... .......... .......... 46% 2,51M 0s
   350K .......... .......... .......... .......... .......... 53% 2,34M 0s
   400K .......... .......... .......... .......... .......... 59% 2,53M 0s
   450K .......... .......... .......... .......... .......... 66% 3,16M 0s
   500K .......... .......... .......... .......... .......... 73% 5,69M 0s
   550K .......... .......... .......... .......... .......... 79% 2,36M 0s
   600K .......... .......... .......... .......... .......... 86% 2,49M 0s
   650K .......... .......... .......... .......... .......... 93% 2,52M 0s
   700K .......... .......... .......... .......... .......... 99% 11,6M 0s
   750K                                                       100% 1902G=0,3s

2018-12-11 14:50:26 (2,52 MB/s) - ‘EOG091G0L66/EOG091G0L66.orthodb.fasta’ saved [769021/769021]

