
	reading taxa from FASTA ...


	R.norvegicus         -> sites: 438   
	D.melanogaster       -> sites: 438   
	D.rerio              -> sites: 438   
	H.robusta            -> sites: 438   
	G.turnbulli          -> sites: 438   
	E.granulosus         -> sites: 438   
	C.sinensis           -> sites: 438   
	G.salaris            -> sites: 438   
	T.solium             -> sites: 438   
	C.intestinalis       -> sites: 438   
	L.gigantea           -> sites: 438   
	E.nipponicum         -> sites: 438   


	data type             : amino acid sequences

	input ...

	infile		: EOG091G0KSQ.clustalo.aln.fasta
	random pairs	: 200000000000000000
	window size	: 6
	indels		: ambiguous
	tree file	: -
	node level	: -
	strict profile	: -
	outgroup	: -
	matrix          : BLOSUM62

	number of taxa        : 12
	random number of pairs: 200000000000000000

	generates threshhold value for amino acid data
	using BLOSUM62

	checks for (potential) identical taxa


	scores site patterns ...


	max number of different pairs is 66
	max random pairs are scored!

	pair: 1      ->	taxon1: R.norvegic	taxon2: D.melanoga
	            	positions below base line: 174
	pair: 2      ->	taxon1: R.norvegic	taxon2: D.rerio   
	            	positions below base line: 99
	pair: 3      ->	taxon1: R.norvegic	taxon2: H.robusta 
	            	positions below base line: 218
	pair: 4      ->	taxon1: R.norvegic	taxon2: G.turnbull
	            	positions below base line: 242
	pair: 5      ->	taxon1: R.norvegic	taxon2: E.granulos
	            	positions below base line: 240
	pair: 6      ->	taxon1: R.norvegic	taxon2: C.sinensis
	            	positions below base line: 250
	pair: 7      ->	taxon1: R.norvegic	taxon2: G.salaris 
	            	positions below base line: 242
	pair: 8      ->	taxon1: R.norvegic	taxon2: T.solium  
	            	positions below base line: 230
	pair: 9      ->	taxon1: R.norvegic	taxon2: C.intestin
	            	positions below base line: 195
	pair: 10     ->	taxon1: R.norvegic	taxon2: L.gigantea
	            	positions below base line: 174
	pair: 11     ->	taxon1: R.norvegic	taxon2: E.nipponic
	            	positions below base line: 307
	pair: 12     ->	taxon1: D.melanoga	taxon2: D.rerio   
	            	positions below base line: 174
	pair: 13     ->	taxon1: D.melanoga	taxon2: H.robusta 
	            	positions below base line: 217
	pair: 14     ->	taxon1: D.melanoga	taxon2: G.turnbull
	            	positions below base line: 243
	pair: 15     ->	taxon1: D.melanoga	taxon2: E.granulos
	            	positions below base line: 246
	pair: 16     ->	taxon1: D.melanoga	taxon2: C.sinensis
	            	positions below base line: 239
	pair: 17     ->	taxon1: D.melanoga	taxon2: G.salaris 
	            	positions below base line: 237
	pair: 18     ->	taxon1: D.melanoga	taxon2: T.solium  
	            	positions below base line: 244
	pair: 19     ->	taxon1: D.melanoga	taxon2: C.intestin
	            	positions below base line: 221
	pair: 20     ->	taxon1: D.melanoga	taxon2: L.gigantea
	            	positions below base line: 174
	pair: 21     ->	taxon1: D.melanoga	taxon2: E.nipponic
	            	positions below base line: 298
	pair: 22     ->	taxon1: D.rerio   	taxon2: H.robusta 
	            	positions below base line: 218
	pair: 23     ->	taxon1: D.rerio   	taxon2: G.turnbull
	            	positions below base line: 237
	pair: 24     ->	taxon1: D.rerio   	taxon2: E.granulos
	            	positions below base line: 241
	pair: 25     ->	taxon1: D.rerio   	taxon2: C.sinensis
	            	positions below base line: 253
	pair: 26     ->	taxon1: D.rerio   	taxon2: G.salaris 
	            	positions below base line: 243
	pair: 27     ->	taxon1: D.rerio   	taxon2: T.solium  
	            	positions below base line: 232
	pair: 28     ->	taxon1: D.rerio   	taxon2: C.intestin
	            	positions below base line: 185
	pair: 29     ->	taxon1: D.rerio   	taxon2: L.gigantea
	            	positions below base line: 159
	pair: 30     ->	taxon1: D.rerio   	taxon2: E.nipponic
	            	positions below base line: 305
	pair: 31     ->	taxon1: H.robusta 	taxon2: G.turnbull
	            	positions below base line: 241
	pair: 32     ->	taxon1: H.robusta 	taxon2: E.granulos
	            	positions below base line: 262
	pair: 33     ->	taxon1: H.robusta 	taxon2: C.sinensis
	            	positions below base line: 254
	pair: 34     ->	taxon1: H.robusta 	taxon2: G.salaris 
	            	positions below base line: 261
	pair: 35     ->	taxon1: H.robusta 	taxon2: T.solium  
	            	positions below base line: 253
	pair: 36     ->	taxon1: H.robusta 	taxon2: C.intestin
	            	positions below base line: 241
	pair: 37     ->	taxon1: H.robusta 	taxon2: L.gigantea
	            	positions below base line: 208
	pair: 38     ->	taxon1: H.robusta 	taxon2: E.nipponic
	            	positions below base line: 323
	pair: 39     ->	taxon1: G.turnbull	taxon2: E.granulos
	            	positions below base line: 232
	pair: 40     ->	taxon1: G.turnbull	taxon2: C.sinensis
	            	positions below base line: 246
	pair: 41     ->	taxon1: G.turnbull	taxon2: G.salaris 
	            	positions below base line: 167
	pair: 42     ->	taxon1: G.turnbull	taxon2: T.solium  
	            	positions below base line: 238
	pair: 43     ->	taxon1: G.turnbull	taxon2: C.intestin
	            	positions below base line: 241
	pair: 44     ->	taxon1: G.turnbull	taxon2: L.gigantea
	            	positions below base line: 233
	pair: 45     ->	taxon1: G.turnbull	taxon2: E.nipponic
	            	positions below base line: 272
	pair: 46     ->	taxon1: E.granulos	taxon2: C.sinensis
	            	positions below base line: 231
	pair: 47     ->	taxon1: E.granulos	taxon2: G.salaris 
	            	positions below base line: 236
	pair: 48     ->	taxon1: E.granulos	taxon2: T.solium  
	            	positions below base line: 216
	pair: 49     ->	taxon1: E.granulos	taxon2: C.intestin
	            	positions below base line: 246
	pair: 50     ->	taxon1: E.granulos	taxon2: L.gigantea
	            	positions below base line: 240
	pair: 51     ->	taxon1: E.granulos	taxon2: E.nipponic
	            	positions below base line: 299
	pair: 52     ->	taxon1: C.sinensis	taxon2: G.salaris 
	            	positions below base line: 244
	pair: 53     ->	taxon1: C.sinensis	taxon2: T.solium  
	            	positions below base line: 213
	pair: 54     ->	taxon1: C.sinensis	taxon2: C.intestin
	            	positions below base line: 257
	pair: 55     ->	taxon1: C.sinensis	taxon2: L.gigantea
	            	positions below base line: 248
	pair: 56     ->	taxon1: C.sinensis	taxon2: E.nipponic
	            	positions below base line: 295
	pair: 57     ->	taxon1: G.salaris 	taxon2: T.solium  
	            	positions below base line: 243
	pair: 58     ->	taxon1: G.salaris 	taxon2: C.intestin
	            	positions below base line: 246
	pair: 59     ->	taxon1: G.salaris 	taxon2: L.gigantea
	            	positions below base line: 236
	pair: 60     ->	taxon1: G.salaris 	taxon2: E.nipponic
	            	positions below base line: 280
	pair: 61     ->	taxon1: T.solium  	taxon2: C.intestin
	            	positions below base line: 244
	pair: 62     ->	taxon1: T.solium  	taxon2: L.gigantea
	            	positions below base line: 241
	pair: 63     ->	taxon1: T.solium  	taxon2: E.nipponic
	            	positions below base line: 306
	pair: 64     ->	taxon1: C.intestin	taxon2: L.gigantea
	            	positions below base line: 206
	pair: 65     ->	taxon1: C.intestin	taxon2: E.nipponic
	            	positions below base line: 306
	pair: 66     ->	taxon1: L.gigantea	taxon2: E.nipponic
	            	positions below base line: 300

	generates quality profile from collected scores ...


	scoring done ...


	generates vector plot from collected scores ...


Argument "-" treated as 0 in increment (++) at /usr/bin/Aliscore.pl line 1213.
	Profile written to EOG091G0KSQ.clustalo.aln.fasta_Profile_random.txt
	List   written to EOG091G0KSQ.clustalo.aln.fasta_List_random.txt

	time used: 3.74 sec

