
	reading taxa from FASTA ...


	D.melanogaster       -> sites: 1047  
	T.solium             -> sites: 1047  
	E.granulosus         -> sites: 1047  
	G.turnbulli          -> sites: 1047  
	N.vectensis          -> sites: 1047  
	H.microstoma         -> sites: 1047  
	C.intestinalis       -> sites: 1047  
	H.robusta            -> sites: 1047  
	R.norvegicus         -> sites: 1047  
	G.salaris            -> sites: 1047  
	D.rerio              -> sites: 1047  
	C.sinensis           -> sites: 1047  


	data type             : amino acid sequences

	input ...

	infile		: EOG091G03LI.clustalo.aln.fasta
	random pairs	: 200000000000000000
	window size	: 6
	indels		: ambiguous
	tree file	: -
	node level	: -
	strict profile	: -
	outgroup	: -
	matrix          : BLOSUM62

	number of taxa        : 12
	random number of pairs: 200000000000000000

	generates threshhold value for amino acid data
	using BLOSUM62

	checks for (potential) identical taxa


	scores site patterns ...


	max number of different pairs is 66
	max random pairs are scored!

	pair: 1      ->	taxon1: D.melanoga	taxon2: T.solium  
	            	positions below base line: 709
	pair: 2      ->	taxon1: D.melanoga	taxon2: E.granulos
	            	positions below base line: 709
	pair: 3      ->	taxon1: D.melanoga	taxon2: G.turnbull
	            	positions below base line: 836
	pair: 4      ->	taxon1: D.melanoga	taxon2: N.vectensi
	            	positions below base line: 477
	pair: 5      ->	taxon1: D.melanoga	taxon2: H.microsto
	            	positions below base line: 642
	pair: 6      ->	taxon1: D.melanoga	taxon2: C.intestin
	            	positions below base line: 465
	pair: 7      ->	taxon1: D.melanoga	taxon2: H.robusta 
	            	positions below base line: 538
	pair: 8      ->	taxon1: D.melanoga	taxon2: R.norvegic
	            	positions below base line: 447
	pair: 9      ->	taxon1: D.melanoga	taxon2: G.salaris 
	            	positions below base line: 596
	pair: 10     ->	taxon1: D.melanoga	taxon2: D.rerio   
	            	positions below base line: 438
	pair: 11     ->	taxon1: D.melanoga	taxon2: C.sinensis
	            	positions below base line: 721
	pair: 12     ->	taxon1: T.solium  	taxon2: E.granulos
	            	positions below base line: 483
	pair: 13     ->	taxon1: T.solium  	taxon2: G.turnbull
	            	positions below base line: 850
	pair: 14     ->	taxon1: T.solium  	taxon2: N.vectensi
	            	positions below base line: 723
	pair: 15     ->	taxon1: T.solium  	taxon2: H.microsto
	            	positions below base line: 510
	pair: 16     ->	taxon1: T.solium  	taxon2: C.intestin
	            	positions below base line: 725
	pair: 17     ->	taxon1: T.solium  	taxon2: H.robusta 
	            	positions below base line: 719
	pair: 18     ->	taxon1: T.solium  	taxon2: R.norvegic
	            	positions below base line: 705
	pair: 19     ->	taxon1: T.solium  	taxon2: G.salaris 
	            	positions below base line: 676
	pair: 20     ->	taxon1: T.solium  	taxon2: D.rerio   
	            	positions below base line: 708
	pair: 21     ->	taxon1: T.solium  	taxon2: C.sinensis
	            	positions below base line: 796
	pair: 22     ->	taxon1: E.granulos	taxon2: G.turnbull
	            	positions below base line: 850
	pair: 23     ->	taxon1: E.granulos	taxon2: N.vectensi
	            	positions below base line: 732
	pair: 24     ->	taxon1: E.granulos	taxon2: H.microsto
	            	positions below base line: 532
	pair: 25     ->	taxon1: E.granulos	taxon2: C.intestin
	            	positions below base line: 720
	pair: 26     ->	taxon1: E.granulos	taxon2: H.robusta 
	            	positions below base line: 723
	pair: 27     ->	taxon1: E.granulos	taxon2: R.norvegic
	            	positions below base line: 706
	pair: 28     ->	taxon1: E.granulos	taxon2: G.salaris 
	            	positions below base line: 663
	pair: 29     ->	taxon1: E.granulos	taxon2: D.rerio   
	            	positions below base line: 706
	pair: 30     ->	taxon1: E.granulos	taxon2: C.sinensis
	            	positions below base line: 819
	pair: 31     ->	taxon1: G.turnbull	taxon2: N.vectensi
	            	positions below base line: 837
	pair: 32     ->	taxon1: G.turnbull	taxon2: H.microsto
	            	positions below base line: 787
	pair: 33     ->	taxon1: G.turnbull	taxon2: C.intestin
	            	positions below base line: 842
	pair: 34     ->	taxon1: G.turnbull	taxon2: H.robusta 
	            	positions below base line: 850
	pair: 35     ->	taxon1: G.turnbull	taxon2: R.norvegic
	            	positions below base line: 830
	pair: 36     ->	taxon1: G.turnbull	taxon2: G.salaris 
	            	positions below base line: 653
	pair: 37     ->	taxon1: G.turnbull	taxon2: D.rerio   
	            	positions below base line: 836
	pair: 38     ->	taxon1: G.turnbull	taxon2: C.sinensis
	            	positions below base line: 819
	pair: 39     ->	taxon1: N.vectensi	taxon2: H.microsto
	            	positions below base line: 646
	pair: 40     ->	taxon1: N.vectensi	taxon2: C.intestin
	            	positions below base line: 467
	pair: 41     ->	taxon1: N.vectensi	taxon2: H.robusta 
	            	positions below base line: 520
	pair: 42     ->	taxon1: N.vectensi	taxon2: R.norvegic
	            	positions below base line: 433
	pair: 43     ->	taxon1: N.vectensi	taxon2: G.salaris 
	            	positions below base line: 626
	pair: 44     ->	taxon1: N.vectensi	taxon2: D.rerio   
	            	positions below base line: 416
	pair: 45     ->	taxon1: N.vectensi	taxon2: C.sinensis
	            	positions below base line: 752
	pair: 46     ->	taxon1: H.microsto	taxon2: C.intestin
	            	positions below base line: 637
	pair: 47     ->	taxon1: H.microsto	taxon2: H.robusta 
	            	positions below base line: 644
	pair: 48     ->	taxon1: H.microsto	taxon2: R.norvegic
	            	positions below base line: 618
	pair: 49     ->	taxon1: H.microsto	taxon2: G.salaris 
	            	positions below base line: 573
	pair: 50     ->	taxon1: H.microsto	taxon2: D.rerio   
	            	positions below base line: 624
	pair: 51     ->	taxon1: H.microsto	taxon2: C.sinensis
	            	positions below base line: 749
	pair: 52     ->	taxon1: C.intestin	taxon2: H.robusta 
	            	positions below base line: 468
	pair: 53     ->	taxon1: C.intestin	taxon2: R.norvegic
	            	positions below base line: 374
	pair: 54     ->	taxon1: C.intestin	taxon2: G.salaris 
	            	positions below base line: 624
	pair: 55     ->	taxon1: C.intestin	taxon2: D.rerio   
	            	positions below base line: 381
	pair: 56     ->	taxon1: C.intestin	taxon2: C.sinensis
	            	positions below base line: 758
	pair: 57     ->	taxon1: H.robusta 	taxon2: R.norvegic
	            	positions below base line: 456
	pair: 58     ->	taxon1: H.robusta 	taxon2: G.salaris 
	            	positions below base line: 618
	pair: 59     ->	taxon1: H.robusta 	taxon2: D.rerio   
	            	positions below base line: 462
	pair: 60     ->	taxon1: H.robusta 	taxon2: C.sinensis
	            	positions below base line: 736
	pair: 61     ->	taxon1: R.norvegic	taxon2: G.salaris 
	            	positions below base line: 614
	pair: 62     ->	taxon1: R.norvegic	taxon2: D.rerio   
	            	positions below base line: 310
	pair: 63     ->	taxon1: R.norvegic	taxon2: C.sinensis
	            	positions below base line: 729
	pair: 64     ->	taxon1: G.salaris 	taxon2: D.rerio   
	            	positions below base line: 597
	pair: 65     ->	taxon1: G.salaris 	taxon2: C.sinensis
	            	positions below base line: 750
	pair: 66     ->	taxon1: D.rerio   	taxon2: C.sinensis
	            	positions below base line: 738

	generates quality profile from collected scores ...


	scoring done ...


	generates vector plot from collected scores ...


Argument "-" treated as 0 in increment (++) at /usr/bin/Aliscore.pl line 1213.
	Profile written to EOG091G03LI.clustalo.aln.fasta_Profile_random.txt
	List   written to EOG091G03LI.clustalo.aln.fasta_List_random.txt

	time used: 3.96 sec

