
WARNING: The number of threads is currently set to 1
You can specify the number of threads to run via -T numberOfThreads
NumberOfThreads must be set to an integer value greater than 1

RAxML, will now set the number of threads automatically to 2 !


RAxML can't, parse the alignment file as phylip file 
it will now try to parse it as FASTA file


This is the RAxML Master Pthread

This is RAxML Worker Pthread Number: 1


This is RAxML version 8.2.12 released by Alexandros Stamatakis on May 2018.

With greatly appreciated code contributions by:
Andre Aberer      (HITS)
Simon Berger      (HITS)
Alexey Kozlov     (HITS)
Kassian Kobert    (HITS)
David Dao         (KIT and HITS)
Sarah Lutteropp   (KIT and HITS)
Nick Pattengale   (Sandia)
Wayne Pfeiffer    (SDSC)
Akifumi S. Tanabe (NRIFS)
Charlie Taylor    (UF)


Alignment has 198 distinct alignment patterns

Proportion of gaps and completely undetermined characters in this alignment: 1.26%

RAxML rapid bootstrapping and subsequent ML search

Using 1 distinct models/data partitions with joint branch length optimization



Executing 100 rapid bootstrap inferences and thereafter a thorough ML search 

All free model parameters will be estimated by RAxML
GAMMA model of rate heterogeneity, ML estimate of alpha-parameter

GAMMA Model parameters will be estimated up to an accuracy of 0.1000000000 Log Likelihood units

Partition: 0
Alignment Patterns: 198
Name: No Name Provided
DataType: AA
Substitution Matrix: LG
Using empirical base frequencies




RAxML was called as follows:

raxml -f a -T 1 -m PROTGAMMALGF -p 12345 -x 12345 -# 100 -s ALICUT_EOG091G0A19.clustalo.aln.fasta -n EOG091G0A19.clustalo.aln.ALICUT.LGF 



Time for BS model parameter optimization 0.049128
Bootstrap[0]: Time 0.981370 seconds, bootstrap likelihood -3649.834060, best rearrangement setting 13
Bootstrap[1]: Time 0.870919 seconds, bootstrap likelihood -3641.566510, best rearrangement setting 13
Bootstrap[2]: Time 0.810950 seconds, bootstrap likelihood -3589.752787, best rearrangement setting 12
Bootstrap[3]: Time 0.330042 seconds, bootstrap likelihood -3449.440834, best rearrangement setting 15
Bootstrap[4]: Time 0.736267 seconds, bootstrap likelihood -3516.805622, best rearrangement setting 10
Bootstrap[5]: Time 0.856869 seconds, bootstrap likelihood -3565.245492, best rearrangement setting 10
Bootstrap[6]: Time 0.801323 seconds, bootstrap likelihood -3308.312772, best rearrangement setting 6
Bootstrap[7]: Time 0.849569 seconds, bootstrap likelihood -3568.535277, best rearrangement setting 14
Bootstrap[8]: Time 0.800278 seconds, bootstrap likelihood -3525.514352, best rearrangement setting 5
Bootstrap[9]: Time 0.796938 seconds, bootstrap likelihood -3602.553435, best rearrangement setting 7
Bootstrap[10]: Time 0.776840 seconds, bootstrap likelihood -3479.421520, best rearrangement setting 7
Bootstrap[11]: Time 0.736027 seconds, bootstrap likelihood -3428.219551, best rearrangement setting 5
Bootstrap[12]: Time 0.788570 seconds, bootstrap likelihood -3657.861217, best rearrangement setting 8
Bootstrap[13]: Time 0.381761 seconds, bootstrap likelihood -3639.285064, best rearrangement setting 7
Bootstrap[14]: Time 0.807705 seconds, bootstrap likelihood -3529.183031, best rearrangement setting 12
Bootstrap[15]: Time 0.810420 seconds, bootstrap likelihood -3484.591639, best rearrangement setting 15
Bootstrap[16]: Time 0.813223 seconds, bootstrap likelihood -3682.631102, best rearrangement setting 12
Bootstrap[17]: Time 0.845301 seconds, bootstrap likelihood -3828.683793, best rearrangement setting 12
Bootstrap[18]: Time 0.796345 seconds, bootstrap likelihood -3347.530087, best rearrangement setting 5
Bootstrap[19]: Time 0.759942 seconds, bootstrap likelihood -3427.556950, best rearrangement setting 8
Bootstrap[20]: Time 0.832428 seconds, bootstrap likelihood -3545.514383, best rearrangement setting 10
Bootstrap[21]: Time 0.808031 seconds, bootstrap likelihood -3592.945486, best rearrangement setting 6
Bootstrap[22]: Time 0.896571 seconds, bootstrap likelihood -3553.380031, best rearrangement setting 5
Bootstrap[23]: Time 0.803263 seconds, bootstrap likelihood -3565.644484, best rearrangement setting 7
Bootstrap[24]: Time 0.776944 seconds, bootstrap likelihood -3624.086164, best rearrangement setting 8
Bootstrap[25]: Time 0.880275 seconds, bootstrap likelihood -3549.875859, best rearrangement setting 6
Bootstrap[26]: Time 0.808167 seconds, bootstrap likelihood -3470.148366, best rearrangement setting 12
Bootstrap[27]: Time 0.814654 seconds, bootstrap likelihood -3477.289776, best rearrangement setting 10
Bootstrap[28]: Time 0.826845 seconds, bootstrap likelihood -3462.726000, best rearrangement setting 11
Bootstrap[29]: Time 0.769262 seconds, bootstrap likelihood -3455.376588, best rearrangement setting 12
Bootstrap[30]: Time 0.843671 seconds, bootstrap likelihood -3598.137300, best rearrangement setting 15
Bootstrap[31]: Time 0.859032 seconds, bootstrap likelihood -3506.538806, best rearrangement setting 15
Bootstrap[32]: Time 0.850111 seconds, bootstrap likelihood -3578.937298, best rearrangement setting 6
Bootstrap[33]: Time 0.384090 seconds, bootstrap likelihood -3552.813791, best rearrangement setting 15
Bootstrap[34]: Time 0.361222 seconds, bootstrap likelihood -3310.109534, best rearrangement setting 11
Bootstrap[35]: Time 0.761598 seconds, bootstrap likelihood -3503.188998, best rearrangement setting 8
Bootstrap[36]: Time 0.813445 seconds, bootstrap likelihood -3571.517228, best rearrangement setting 9
Bootstrap[37]: Time 0.847238 seconds, bootstrap likelihood -3710.637548, best rearrangement setting 11
Bootstrap[38]: Time 0.789054 seconds, bootstrap likelihood -3584.021964, best rearrangement setting 8
Bootstrap[39]: Time 0.866660 seconds, bootstrap likelihood -3586.010939, best rearrangement setting 13
Bootstrap[40]: Time 0.801905 seconds, bootstrap likelihood -3565.274057, best rearrangement setting 13
Bootstrap[41]: Time 0.843144 seconds, bootstrap likelihood -3426.595481, best rearrangement setting 10
Bootstrap[42]: Time 0.778995 seconds, bootstrap likelihood -3437.090644, best rearrangement setting 5
Bootstrap[43]: Time 0.779630 seconds, bootstrap likelihood -3380.995022, best rearrangement setting 14
Bootstrap[44]: Time 0.798336 seconds, bootstrap likelihood -3524.840794, best rearrangement setting 10
Bootstrap[45]: Time 0.886103 seconds, bootstrap likelihood -3608.039314, best rearrangement setting 15
Bootstrap[46]: Time 0.795374 seconds, bootstrap likelihood -3553.053903, best rearrangement setting 14
Bootstrap[47]: Time 0.830322 seconds, bootstrap likelihood -3483.660993, best rearrangement setting 8
Bootstrap[48]: Time 0.377204 seconds, bootstrap likelihood -3634.237354, best rearrangement setting 6
Bootstrap[49]: Time 0.897097 seconds, bootstrap likelihood -3587.641274, best rearrangement setting 7
Bootstrap[50]: Time 0.741085 seconds, bootstrap likelihood -3333.584328, best rearrangement setting 7
Bootstrap[51]: Time 0.911050 seconds, bootstrap likelihood -3639.743755, best rearrangement setting 11
Bootstrap[52]: Time 0.754770 seconds, bootstrap likelihood -3583.114254, best rearrangement setting 12
Bootstrap[53]: Time 0.516403 seconds, bootstrap likelihood -3615.413129, best rearrangement setting 8
Bootstrap[54]: Time 0.452261 seconds, bootstrap likelihood -3711.857128, best rearrangement setting 9
Bootstrap[55]: Time 0.498888 seconds, bootstrap likelihood -3570.517699, best rearrangement setting 11
Bootstrap[56]: Time 0.269864 seconds, bootstrap likelihood -3556.151343, best rearrangement setting 5
Bootstrap[57]: Time 0.523074 seconds, bootstrap likelihood -3655.689195, best rearrangement setting 7
Bootstrap[58]: Time 0.537498 seconds, bootstrap likelihood -3649.654252, best rearrangement setting 10
Bootstrap[59]: Time 0.532213 seconds, bootstrap likelihood -3558.324858, best rearrangement setting 9
Bootstrap[60]: Time 0.461600 seconds, bootstrap likelihood -3509.608507, best rearrangement setting 7
Bootstrap[61]: Time 0.459667 seconds, bootstrap likelihood -3497.527428, best rearrangement setting 5
Bootstrap[62]: Time 0.470034 seconds, bootstrap likelihood -3607.000725, best rearrangement setting 11
Bootstrap[63]: Time 0.461642 seconds, bootstrap likelihood -3459.316977, best rearrangement setting 12
Bootstrap[64]: Time 0.457210 seconds, bootstrap likelihood -3599.098621, best rearrangement setting 7
Bootstrap[65]: Time 0.219394 seconds, bootstrap likelihood -3537.912040, best rearrangement setting 5
Bootstrap[66]: Time 0.445531 seconds, bootstrap likelihood -3305.148374, best rearrangement setting 5
Bootstrap[67]: Time 0.237151 seconds, bootstrap likelihood -3573.666264, best rearrangement setting 15
Bootstrap[68]: Time 0.225510 seconds, bootstrap likelihood -3403.410211, best rearrangement setting 11
Bootstrap[69]: Time 0.450889 seconds, bootstrap likelihood -3639.024283, best rearrangement setting 5
Bootstrap[70]: Time 0.525791 seconds, bootstrap likelihood -3394.284558, best rearrangement setting 8
Bootstrap[71]: Time 0.537994 seconds, bootstrap likelihood -3716.964407, best rearrangement setting 10
Bootstrap[72]: Time 0.527768 seconds, bootstrap likelihood -3736.086220, best rearrangement setting 11
Bootstrap[73]: Time 0.557565 seconds, bootstrap likelihood -3611.835099, best rearrangement setting 9
Bootstrap[74]: Time 0.538011 seconds, bootstrap likelihood -3772.479268, best rearrangement setting 5
Bootstrap[75]: Time 0.510110 seconds, bootstrap likelihood -3523.371095, best rearrangement setting 8
Bootstrap[76]: Time 0.507964 seconds, bootstrap likelihood -3822.426344, best rearrangement setting 9
Bootstrap[77]: Time 0.499314 seconds, bootstrap likelihood -3500.574587, best rearrangement setting 11
Bootstrap[78]: Time 0.506808 seconds, bootstrap likelihood -3474.963851, best rearrangement setting 15
Bootstrap[79]: Time 0.554028 seconds, bootstrap likelihood -3488.627032, best rearrangement setting 9
Bootstrap[80]: Time 0.198633 seconds, bootstrap likelihood -3617.546608, best rearrangement setting 15
Bootstrap[81]: Time 0.253226 seconds, bootstrap likelihood -3416.836740, best rearrangement setting 7
Bootstrap[82]: Time 0.499913 seconds, bootstrap likelihood -3708.165477, best rearrangement setting 6
Bootstrap[83]: Time 0.563748 seconds, bootstrap likelihood -3484.994955, best rearrangement setting 10
Bootstrap[84]: Time 0.600530 seconds, bootstrap likelihood -3530.952860, best rearrangement setting 11
Bootstrap[85]: Time 0.587076 seconds, bootstrap likelihood -3610.631822, best rearrangement setting 8
Bootstrap[86]: Time 0.558822 seconds, bootstrap likelihood -3469.732960, best rearrangement setting 7
Bootstrap[87]: Time 0.822219 seconds, bootstrap likelihood -3530.436675, best rearrangement setting 7
Bootstrap[88]: Time 0.821775 seconds, bootstrap likelihood -3694.058146, best rearrangement setting 12
Bootstrap[89]: Time 0.352871 seconds, bootstrap likelihood -3707.671069, best rearrangement setting 10
Bootstrap[90]: Time 0.799399 seconds, bootstrap likelihood -3596.022728, best rearrangement setting 8
Bootstrap[91]: Time 0.837694 seconds, bootstrap likelihood -3556.922481, best rearrangement setting 12
Bootstrap[92]: Time 0.808284 seconds, bootstrap likelihood -3412.868331, best rearrangement setting 13
Bootstrap[93]: Time 0.901222 seconds, bootstrap likelihood -3640.264178, best rearrangement setting 15
Bootstrap[94]: Time 0.815623 seconds, bootstrap likelihood -3372.680365, best rearrangement setting 5
Bootstrap[95]: Time 0.827045 seconds, bootstrap likelihood -3570.741568, best rearrangement setting 5
Bootstrap[96]: Time 0.829601 seconds, bootstrap likelihood -3467.474684, best rearrangement setting 13
Bootstrap[97]: Time 0.799018 seconds, bootstrap likelihood -3489.307090, best rearrangement setting 11
Bootstrap[98]: Time 0.396116 seconds, bootstrap likelihood -3468.867452, best rearrangement setting 6
Bootstrap[99]: Time 0.780155 seconds, bootstrap likelihood -3569.823587, best rearrangement setting 14


Overall Time for 100 Rapid Bootstraps 66.694364 seconds
Average Time per Rapid Bootstrap 0.666944 seconds

Starting ML Search ...

Fast ML optimization finished

Fast ML search Time: 55.593837 seconds

Slow ML Search 0 Likelihood: -3560.102457
Slow ML Search 1 Likelihood: -3560.102457
Slow ML Search 2 Likelihood: -3560.102457
Slow ML Search 3 Likelihood: -3560.102457
Slow ML Search 4 Likelihood: -3560.102457
Slow ML Search 5 Likelihood: -3560.102457
Slow ML Search 6 Likelihood: -3560.102457
Slow ML Search 7 Likelihood: -3560.102457
Slow ML Search 8 Likelihood: -3560.102457
Slow ML Search 9 Likelihood: -3560.102457
Slow ML optimization finished

Slow ML search Time: 10.027361 seconds
Thorough ML search Time: 0.854430 seconds

Final ML Optimization Likelihood: -3560.102457

Model Information:

Model Parameters of Partition 0, Name: No Name Provided, Type of Data: AA
alpha: 1.185686
Tree-Length: 5.152225
rate A <-> R: 0.399182
rate A <-> N: 0.259945
rate A <-> D: 0.371058
rate A <-> C: 2.337364
rate A <-> Q: 0.910775
rate A <-> E: 0.975241
rate A <-> G: 1.940106
rate A <-> H: 0.336984
rate A <-> I: 0.140697
rate A <-> L: 0.371240
rate A <-> K: 0.503815
rate A <-> M: 1.055520
rate A <-> F: 0.238237
rate A <-> P: 1.105868
rate A <-> S: 4.439041
rate A <-> T: 2.009090
rate A <-> W: 0.169702
rate A <-> Y: 0.205613
rate A <-> V: 2.392567
rate R <-> N: 0.706048
rate R <-> D: 0.116398
rate R <-> C: 0.501968
rate R <-> Q: 2.636754
rate R <-> E: 0.341785
rate R <-> G: 0.366408
rate R <-> H: 2.278690
rate R <-> I: 0.119250
rate R <-> L: 0.283449
rate R <-> K: 5.940467
rate R <-> M: 0.454623
rate R <-> F: 0.049508
rate R <-> P: 0.312264
rate R <-> S: 0.805843
rate R <-> T: 0.543695
rate R <-> W: 0.557424
rate R <-> Y: 0.295274
rate R <-> V: 0.160471
rate N <-> D: 4.766737
rate N <-> C: 0.496537
rate N <-> Q: 1.592389
rate N <-> E: 0.508692
rate N <-> G: 1.350015
rate N <-> H: 4.234381
rate N <-> I: 0.179830
rate N <-> L: 0.064256
rate N <-> K: 2.014327
rate N <-> M: 0.348390
rate N <-> F: 0.084068
rate N <-> P: 0.151925
rate N <-> S: 3.764032
rate N <-> T: 1.878729
rate N <-> W: 0.042610
rate N <-> Y: 0.574720
rate N <-> V: 0.078587
rate D <-> C: 0.058743
rate D <-> Q: 0.491483
rate D <-> E: 4.924234
rate D <-> G: 0.793424
rate D <-> H: 0.870603
rate D <-> I: 0.010038
rate D <-> L: 0.014157
rate D <-> K: 0.265711
rate D <-> M: 0.023991
rate D <-> F: 0.016354
rate D <-> P: 0.370412
rate D <-> S: 1.164675
rate D <-> T: 0.399902
rate D <-> W: 0.028068
rate D <-> Y: 0.126872
rate D <-> V: 0.035653
rate C <-> Q: 0.079639
rate C <-> E: 0.003286
rate C <-> G: 0.534566
rate C <-> H: 0.601499
rate C <-> I: 0.301083
rate C <-> L: 0.557800
rate C <-> K: 0.012457
rate C <-> M: 0.839207
rate C <-> F: 1.037881
rate C <-> P: 0.070787
rate C <-> S: 2.614753
rate C <-> T: 1.073780
rate C <-> W: 0.629281
rate C <-> Y: 1.094488
rate C <-> V: 1.839864
rate Q <-> E: 3.876936
rate Q <-> G: 0.251626
rate Q <-> H: 4.520102
rate Q <-> I: 0.068413
rate Q <-> L: 0.546954
rate Q <-> K: 3.037150
rate Q <-> M: 1.570619
rate Q <-> F: 0.033669
rate Q <-> P: 0.586241
rate Q <-> S: 1.149231
rate Q <-> T: 1.014297
rate Q <-> W: 0.221802
rate Q <-> Y: 0.241650
rate Q <-> V: 0.197511
rate E <-> G: 0.327583
rate E <-> H: 0.398044
rate E <-> I: 0.041567
rate E <-> L: 0.065426
rate E <-> K: 1.697022
rate E <-> M: 0.163145
rate E <-> F: 0.017664
rate E <-> P: 0.393844
rate E <-> S: 0.574671
rate E <-> T: 0.567695
rate E <-> W: 0.073107
rate E <-> Y: 0.112720
rate E <-> V: 0.230098
rate G <-> H: 0.292498
rate G <-> I: 0.008174
rate G <-> L: 0.041563
rate G <-> K: 0.278555
rate G <-> M: 0.131033
rate G <-> F: 0.084125
rate G <-> P: 0.184955
rate G <-> S: 1.633930
rate G <-> T: 0.121922
rate G <-> W: 0.252125
rate G <-> Y: 0.051346
rate G <-> V: 0.072026
rate H <-> I: 0.102245
rate H <-> L: 0.343988
rate H <-> K: 0.654763
rate H <-> M: 0.415502
rate H <-> F: 0.640560
rate H <-> P: 0.477834
rate H <-> S: 0.929667
rate H <-> T: 0.548649
rate H <-> W: 0.560661
rate H <-> Y: 4.983361
rate H <-> V: 0.111759
rate I <-> L: 3.892408
rate I <-> K: 0.149373
rate I <-> M: 4.013113
rate I <-> F: 1.044902
rate I <-> P: 0.073509
rate I <-> S: 0.060198
rate I <-> T: 0.970728
rate I <-> W: 0.104854
rate I <-> Y: 0.218350
rate I <-> V: 10.000000
rate L <-> K: 0.129119
rate L <-> M: 5.927594
rate L <-> F: 2.434657
rate L <-> P: 0.233879
rate L <-> S: 0.171176
rate L <-> T: 0.284471
rate L <-> W: 0.581863
rate L <-> Y: 0.281383
rate L <-> V: 1.598956
rate K <-> M: 0.616581
rate K <-> F: 0.022460
rate K <-> P: 0.366530
rate K <-> S: 0.703048
rate K <-> T: 1.067567
rate K <-> W: 0.046864
rate K <-> Y: 0.123890
rate K <-> V: 0.173913
rate M <-> F: 1.689205
rate M <-> P: 0.093763
rate M <-> S: 0.325811
rate M <-> T: 1.897216
rate M <-> W: 0.653740
rate M <-> Y: 0.451968
rate M <-> V: 1.782983
rate F <-> P: 0.088706
rate F <-> S: 0.339765
rate F <-> T: 0.154944
rate F <-> W: 2.307349
rate F <-> Y: 7.328222
rate F <-> V: 0.614777
rate P <-> S: 1.256567
rate P <-> T: 0.536635
rate P <-> W: 0.089332
rate P <-> Y: 0.084151
rate P <-> V: 0.278428
rate S <-> T: 6.077767
rate S <-> W: 0.233693
rate S <-> Y: 0.376132
rate S <-> V: 0.092373
rate T <-> W: 0.132241
rate T <-> Y: 0.230856
rate T <-> V: 2.054781
rate W <-> Y: 2.959699
rate W <-> V: 0.177959
rate Y <-> V: 0.234116

freq pi(A): 0.067052
freq pi(R): 0.068979
freq pi(N): 0.027360
freq pi(D): 0.094027
freq pi(C): 0.012717
freq pi(Q): 0.026590
freq pi(E): 0.090944
freq pi(G): 0.038536
freq pi(H): 0.013487
freq pi(I): 0.041618
freq pi(L): 0.079769
freq pi(K): 0.081696
freq pi(M): 0.014644
freq pi(F): 0.056262
freq pi(P): 0.042389
freq pi(S): 0.080925
freq pi(T): 0.050482
freq pi(W): 0.016956
freq pi(Y): 0.043931
freq pi(V): 0.051638


ML search took 66.497168 secs or 0.018471 hours

Combined Bootstrap and ML search took 133.191964 secs or 0.036998 hours

Drawing Bootstrap Support Values on best-scoring ML tree ...



Found 1 tree in File /in/RAxML_bestTree.EOG091G0A19.clustalo.aln.ALICUT.LGF



Found 1 tree in File /in/RAxML_bestTree.EOG091G0A19.clustalo.aln.ALICUT.LGF

Program execution info written to /in/RAxML_info.EOG091G0A19.clustalo.aln.ALICUT.LGF
All 100 bootstrapped trees written to: /in/RAxML_bootstrap.EOG091G0A19.clustalo.aln.ALICUT.LGF

Best-scoring ML tree written to: /in/RAxML_bestTree.EOG091G0A19.clustalo.aln.ALICUT.LGF

Best-scoring ML tree with support values written to: /in/RAxML_bipartitions.EOG091G0A19.clustalo.aln.ALICUT.LGF

Best-scoring ML tree with support values as branch labels written to: /in/RAxML_bipartitionsBranchLabels.EOG091G0A19.clustalo.aln.ALICUT.LGF

Overall execution time for full ML analysis: 133.194120 secs or 0.036998 hours or 0.001542 days

