
RAxML can't, parse the alignment file as phylip file 
it will now try to parse it as FASTA file


This is the RAxML Master Pthread

This is RAxML Worker Pthread Number: 1

This is RAxML Worker Pthread Number: 2

This is RAxML Worker Pthread Number: 3

This is RAxML Worker Pthread Number: 5

This is RAxML Worker Pthread Number: 4


This is RAxML version 8.2.12 released by Alexandros Stamatakis on May 2018.

With greatly appreciated code contributions by:
Andre Aberer      (HITS)
Simon Berger      (HITS)
Alexey Kozlov     (HITS)
Kassian Kobert    (HITS)
David Dao         (KIT and HITS)
Sarah Lutteropp   (KIT and HITS)
Nick Pattengale   (Sandia)
Wayne Pfeiffer    (SDSC)
Akifumi S. Tanabe (NRIFS)
Charlie Taylor    (UF)


Alignment has 102 distinct alignment patterns

Proportion of gaps and completely undetermined characters in this alignment: 3.93%

RAxML rapid bootstrapping and subsequent ML search

Using 1 distinct models/data partitions with joint branch length optimization



Executing 100 rapid bootstrap inferences and thereafter a thorough ML search 

All free model parameters will be estimated by RAxML
GAMMA model of rate heterogeneity, ML estimate of alpha-parameter

GAMMA Model parameters will be estimated up to an accuracy of 0.1000000000 Log Likelihood units

Partition: 0
Alignment Patterns: 102
Name: No Name Provided
DataType: AA
Substitution Matrix: LG
Using empirical base frequencies




RAxML was called as follows:

raxml -f a -T 6 -m PROTGAMMALGF -p 12345 -x 12345 -# 100 -s ALICUT_EOG091G0VIF.clustalo.aln.fasta -n EOG091G0VIF.clustalo.aln.ALICUT.LGF 


Partition No Name Provided number 0 has a problem, the number of expected states is 20 the number of states that are present is 19.
Please go and fix your data!

Partition No Name Provided number 0 has a problem, the number of expected states is 20 the number of states that are present is 19.
Please go and fix your data!


Time for BS model parameter optimization 0.014867
Bootstrap[0]: Time 0.304394 seconds, bootstrap likelihood -1810.163367, best rearrangement setting 13
Bootstrap[1]: Time 0.233890 seconds, bootstrap likelihood -1945.382662, best rearrangement setting 13
Bootstrap[2]: Time 0.268751 seconds, bootstrap likelihood -1828.576054, best rearrangement setting 12
Bootstrap[3]: Time 0.246575 seconds, bootstrap likelihood -1901.603929, best rearrangement setting 15
Bootstrap[4]: Time 0.300088 seconds, bootstrap likelihood -1824.244391, best rearrangement setting 10
Bootstrap[5]: Time 0.279661 seconds, bootstrap likelihood -1979.892620, best rearrangement setting 10
Bootstrap[6]: Time 0.291280 seconds, bootstrap likelihood -1922.218288, best rearrangement setting 6
Bootstrap[7]: Time 0.268347 seconds, bootstrap likelihood -1932.577601, best rearrangement setting 14
Bootstrap[8]: Time 0.121195 seconds, bootstrap likelihood -1672.452351, best rearrangement setting 5
Bootstrap[9]: Time 0.250279 seconds, bootstrap likelihood -1861.557950, best rearrangement setting 7
Bootstrap[10]: Time 0.295745 seconds, bootstrap likelihood -1786.740880, best rearrangement setting 7
Bootstrap[11]: Time 0.291061 seconds, bootstrap likelihood -1744.135557, best rearrangement setting 5
Bootstrap[12]: Time 0.264192 seconds, bootstrap likelihood -1897.155420, best rearrangement setting 8
Bootstrap[13]: Time 0.289154 seconds, bootstrap likelihood -1835.386601, best rearrangement setting 7
Bootstrap[14]: Time 0.249778 seconds, bootstrap likelihood -1843.365882, best rearrangement setting 12
Bootstrap[15]: Time 0.278465 seconds, bootstrap likelihood -1773.869822, best rearrangement setting 15
Bootstrap[16]: Time 0.283927 seconds, bootstrap likelihood -1810.269829, best rearrangement setting 12
Bootstrap[17]: Time 0.282809 seconds, bootstrap likelihood -1729.687596, best rearrangement setting 12
Bootstrap[18]: Time 0.254389 seconds, bootstrap likelihood -1726.080711, best rearrangement setting 5
Bootstrap[19]: Time 0.319552 seconds, bootstrap likelihood -1783.715567, best rearrangement setting 8
Bootstrap[20]: Time 0.255608 seconds, bootstrap likelihood -1887.030082, best rearrangement setting 10
Bootstrap[21]: Time 0.270436 seconds, bootstrap likelihood -1800.519829, best rearrangement setting 6
Bootstrap[22]: Time 0.259005 seconds, bootstrap likelihood -1629.853257, best rearrangement setting 5
Bootstrap[23]: Time 0.274861 seconds, bootstrap likelihood -1755.561473, best rearrangement setting 7
Bootstrap[24]: Time 0.299838 seconds, bootstrap likelihood -1764.442151, best rearrangement setting 8
Bootstrap[25]: Time 0.252270 seconds, bootstrap likelihood -1904.570892, best rearrangement setting 6
Bootstrap[26]: Time 0.283188 seconds, bootstrap likelihood -1935.090234, best rearrangement setting 12
Bootstrap[27]: Time 0.267392 seconds, bootstrap likelihood -1643.082757, best rearrangement setting 10
Bootstrap[28]: Time 0.279015 seconds, bootstrap likelihood -1826.996806, best rearrangement setting 11
Bootstrap[29]: Time 0.263109 seconds, bootstrap likelihood -2005.162390, best rearrangement setting 12
Bootstrap[30]: Time 0.264575 seconds, bootstrap likelihood -1832.683328, best rearrangement setting 15
Bootstrap[31]: Time 0.289664 seconds, bootstrap likelihood -2010.037822, best rearrangement setting 15
Bootstrap[32]: Time 0.272514 seconds, bootstrap likelihood -1778.758268, best rearrangement setting 6
Bootstrap[33]: Time 0.281200 seconds, bootstrap likelihood -1973.956027, best rearrangement setting 15
Bootstrap[34]: Time 0.264415 seconds, bootstrap likelihood -1697.844666, best rearrangement setting 11
Bootstrap[35]: Time 0.274101 seconds, bootstrap likelihood -1880.219117, best rearrangement setting 8
Bootstrap[36]: Time 0.271301 seconds, bootstrap likelihood -1802.517816, best rearrangement setting 9
Bootstrap[37]: Time 0.273718 seconds, bootstrap likelihood -1771.319260, best rearrangement setting 11
Bootstrap[38]: Time 0.272887 seconds, bootstrap likelihood -1840.295157, best rearrangement setting 8
Bootstrap[39]: Time 0.271193 seconds, bootstrap likelihood -1744.744616, best rearrangement setting 13
Bootstrap[40]: Time 0.257232 seconds, bootstrap likelihood -1961.515195, best rearrangement setting 13
Bootstrap[41]: Time 0.273179 seconds, bootstrap likelihood -1937.526231, best rearrangement setting 10
Bootstrap[42]: Time 0.283060 seconds, bootstrap likelihood -1814.307407, best rearrangement setting 5
Bootstrap[43]: Time 0.288289 seconds, bootstrap likelihood -1904.474067, best rearrangement setting 14
Bootstrap[44]: Time 0.269754 seconds, bootstrap likelihood -1825.625375, best rearrangement setting 10
Bootstrap[45]: Time 0.261786 seconds, bootstrap likelihood -1928.584482, best rearrangement setting 15
Bootstrap[46]: Time 0.277129 seconds, bootstrap likelihood -1758.225039, best rearrangement setting 14
Bootstrap[47]: Time 0.266149 seconds, bootstrap likelihood -1706.054612, best rearrangement setting 8
Bootstrap[48]: Time 0.260729 seconds, bootstrap likelihood -1804.121442, best rearrangement setting 6
Bootstrap[49]: Time 0.317335 seconds, bootstrap likelihood -1809.881756, best rearrangement setting 7
Bootstrap[50]: Time 0.282969 seconds, bootstrap likelihood -1608.618049, best rearrangement setting 7
Bootstrap[51]: Time 0.260546 seconds, bootstrap likelihood -1866.364977, best rearrangement setting 11
Bootstrap[52]: Time 0.271910 seconds, bootstrap likelihood -1732.655647, best rearrangement setting 12
Bootstrap[53]: Time 0.277733 seconds, bootstrap likelihood -1710.071494, best rearrangement setting 8
Bootstrap[54]: Time 0.249186 seconds, bootstrap likelihood -1889.654421, best rearrangement setting 9
Bootstrap[55]: Time 0.269042 seconds, bootstrap likelihood -1718.074740, best rearrangement setting 11
Bootstrap[56]: Time 0.263598 seconds, bootstrap likelihood -1947.282785, best rearrangement setting 5
Bootstrap[57]: Time 0.330618 seconds, bootstrap likelihood -1877.579675, best rearrangement setting 7
Bootstrap[58]: Time 0.299214 seconds, bootstrap likelihood -1833.082718, best rearrangement setting 10
Bootstrap[59]: Time 0.312554 seconds, bootstrap likelihood -1871.986898, best rearrangement setting 9
Bootstrap[60]: Time 0.271077 seconds, bootstrap likelihood -2000.566009, best rearrangement setting 7
Bootstrap[61]: Time 0.274702 seconds, bootstrap likelihood -1830.242433, best rearrangement setting 5
Bootstrap[62]: Time 0.285177 seconds, bootstrap likelihood -1783.761429, best rearrangement setting 11
Bootstrap[63]: Time 0.269005 seconds, bootstrap likelihood -1771.079055, best rearrangement setting 12
Bootstrap[64]: Time 0.259104 seconds, bootstrap likelihood -1825.962149, best rearrangement setting 7
Bootstrap[65]: Time 0.259281 seconds, bootstrap likelihood -1882.659097, best rearrangement setting 5
Bootstrap[66]: Time 0.295695 seconds, bootstrap likelihood -1843.135074, best rearrangement setting 5
Bootstrap[67]: Time 0.247825 seconds, bootstrap likelihood -1875.213128, best rearrangement setting 15
Bootstrap[68]: Time 0.255077 seconds, bootstrap likelihood -1613.725284, best rearrangement setting 11
Bootstrap[69]: Time 0.279076 seconds, bootstrap likelihood -1733.833232, best rearrangement setting 5
Bootstrap[70]: Time 0.239924 seconds, bootstrap likelihood -1831.067878, best rearrangement setting 8
Bootstrap[71]: Time 0.276304 seconds, bootstrap likelihood -1789.733670, best rearrangement setting 10
Bootstrap[72]: Time 0.256896 seconds, bootstrap likelihood -1845.388326, best rearrangement setting 11
Bootstrap[73]: Time 0.255019 seconds, bootstrap likelihood -1651.436509, best rearrangement setting 9
Bootstrap[74]: Time 0.273196 seconds, bootstrap likelihood -1870.534546, best rearrangement setting 5
Bootstrap[75]: Time 0.273017 seconds, bootstrap likelihood -1949.541005, best rearrangement setting 8
Bootstrap[76]: Time 0.275839 seconds, bootstrap likelihood -1772.112633, best rearrangement setting 9
Bootstrap[77]: Time 0.280118 seconds, bootstrap likelihood -1906.389393, best rearrangement setting 11
Bootstrap[78]: Time 0.294014 seconds, bootstrap likelihood -1794.379966, best rearrangement setting 15
Bootstrap[79]: Time 0.287054 seconds, bootstrap likelihood -1701.849876, best rearrangement setting 9
Bootstrap[80]: Time 0.284573 seconds, bootstrap likelihood -1690.238775, best rearrangement setting 15
Bootstrap[81]: Time 0.262546 seconds, bootstrap likelihood -1807.504264, best rearrangement setting 7
Bootstrap[82]: Time 0.237010 seconds, bootstrap likelihood -1773.646557, best rearrangement setting 6
Bootstrap[83]: Time 0.337488 seconds, bootstrap likelihood -1755.391936, best rearrangement setting 10
Bootstrap[84]: Time 0.291772 seconds, bootstrap likelihood -1852.838820, best rearrangement setting 11
Bootstrap[85]: Time 0.262704 seconds, bootstrap likelihood -1805.741802, best rearrangement setting 8
Bootstrap[86]: Time 0.295202 seconds, bootstrap likelihood -1853.218811, best rearrangement setting 7
Bootstrap[87]: Time 0.284634 seconds, bootstrap likelihood -1887.114297, best rearrangement setting 7
Bootstrap[88]: Time 0.278422 seconds, bootstrap likelihood -2004.719796, best rearrangement setting 12
Bootstrap[89]: Time 0.288761 seconds, bootstrap likelihood -1916.762471, best rearrangement setting 10
Bootstrap[90]: Time 0.329889 seconds, bootstrap likelihood -1946.240349, best rearrangement setting 8
Bootstrap[91]: Time 0.257410 seconds, bootstrap likelihood -1879.934218, best rearrangement setting 12
Bootstrap[92]: Time 0.312047 seconds, bootstrap likelihood -1762.481774, best rearrangement setting 13
Bootstrap[93]: Time 0.285129 seconds, bootstrap likelihood -1785.837933, best rearrangement setting 15
Bootstrap[94]: Time 0.252630 seconds, bootstrap likelihood -1852.901973, best rearrangement setting 5
Bootstrap[95]: Time 0.294366 seconds, bootstrap likelihood -1989.014550, best rearrangement setting 5
Bootstrap[96]: Time 0.244068 seconds, bootstrap likelihood -1725.415516, best rearrangement setting 13
Bootstrap[97]: Time 0.273600 seconds, bootstrap likelihood -1880.042431, best rearrangement setting 11
Bootstrap[98]: Time 0.300314 seconds, bootstrap likelihood -1952.489359, best rearrangement setting 6
Bootstrap[99]: Time 0.290117 seconds, bootstrap likelihood -1921.147443, best rearrangement setting 14


Overall Time for 100 Rapid Bootstraps 27.483786 seconds
Average Time per Rapid Bootstrap 0.274838 seconds

Starting ML Search ...

Fast ML optimization finished

Fast ML search Time: 19.193475 seconds

Slow ML Search 0 Likelihood: -1842.421430
Slow ML Search 1 Likelihood: -1842.421430
Slow ML Search 2 Likelihood: -1842.421430
Slow ML Search 3 Likelihood: -1842.421430
Slow ML Search 4 Likelihood: -1842.421430
Slow ML Search 5 Likelihood: -1842.421430
Slow ML Search 6 Likelihood: -1842.421430
Slow ML Search 7 Likelihood: -1842.421430
Slow ML Search 8 Likelihood: -1842.421430
Slow ML Search 9 Likelihood: -1842.421430
Slow ML optimization finished

Slow ML search Time: 5.006710 seconds
Thorough ML search Time: 0.403285 seconds

Final ML Optimization Likelihood: -1842.421431

Model Information:

Model Parameters of Partition 0, Name: No Name Provided, Type of Data: AA
alpha: 1.257762
Tree-Length: 6.125652
rate A <-> R: 0.399182
rate A <-> N: 0.259945
rate A <-> D: 0.371058
rate A <-> C: 2.337364
rate A <-> Q: 0.910775
rate A <-> E: 0.975241
rate A <-> G: 1.940106
rate A <-> H: 0.336984
rate A <-> I: 0.140697
rate A <-> L: 0.371240
rate A <-> K: 0.503815
rate A <-> M: 1.055520
rate A <-> F: 0.238237
rate A <-> P: 1.105868
rate A <-> S: 4.439041
rate A <-> T: 2.009090
rate A <-> W: 0.169702
rate A <-> Y: 0.205613
rate A <-> V: 2.392567
rate R <-> N: 0.706048
rate R <-> D: 0.116398
rate R <-> C: 0.501968
rate R <-> Q: 2.636754
rate R <-> E: 0.341785
rate R <-> G: 0.366408
rate R <-> H: 2.278690
rate R <-> I: 0.119250
rate R <-> L: 0.283449
rate R <-> K: 5.940467
rate R <-> M: 0.454623
rate R <-> F: 0.049508
rate R <-> P: 0.312264
rate R <-> S: 0.805843
rate R <-> T: 0.543695
rate R <-> W: 0.557424
rate R <-> Y: 0.295274
rate R <-> V: 0.160471
rate N <-> D: 4.766737
rate N <-> C: 0.496537
rate N <-> Q: 1.592389
rate N <-> E: 0.508692
rate N <-> G: 1.350015
rate N <-> H: 4.234381
rate N <-> I: 0.179830
rate N <-> L: 0.064256
rate N <-> K: 2.014327
rate N <-> M: 0.348390
rate N <-> F: 0.084068
rate N <-> P: 0.151925
rate N <-> S: 3.764032
rate N <-> T: 1.878729
rate N <-> W: 0.042610
rate N <-> Y: 0.574720
rate N <-> V: 0.078587
rate D <-> C: 0.058743
rate D <-> Q: 0.491483
rate D <-> E: 4.924234
rate D <-> G: 0.793424
rate D <-> H: 0.870603
rate D <-> I: 0.010038
rate D <-> L: 0.014157
rate D <-> K: 0.265711
rate D <-> M: 0.023991
rate D <-> F: 0.016354
rate D <-> P: 0.370412
rate D <-> S: 1.164675
rate D <-> T: 0.399902
rate D <-> W: 0.028068
rate D <-> Y: 0.126872
rate D <-> V: 0.035653
rate C <-> Q: 0.079639
rate C <-> E: 0.003286
rate C <-> G: 0.534566
rate C <-> H: 0.601499
rate C <-> I: 0.301083
rate C <-> L: 0.557800
rate C <-> K: 0.012457
rate C <-> M: 0.839207
rate C <-> F: 1.037881
rate C <-> P: 0.070787
rate C <-> S: 2.614753
rate C <-> T: 1.073780
rate C <-> W: 0.629281
rate C <-> Y: 1.094488
rate C <-> V: 1.839864
rate Q <-> E: 3.876936
rate Q <-> G: 0.251626
rate Q <-> H: 4.520102
rate Q <-> I: 0.068413
rate Q <-> L: 0.546954
rate Q <-> K: 3.037150
rate Q <-> M: 1.570619
rate Q <-> F: 0.033669
rate Q <-> P: 0.586241
rate Q <-> S: 1.149231
rate Q <-> T: 1.014297
rate Q <-> W: 0.221802
rate Q <-> Y: 0.241650
rate Q <-> V: 0.197511
rate E <-> G: 0.327583
rate E <-> H: 0.398044
rate E <-> I: 0.041567
rate E <-> L: 0.065426
rate E <-> K: 1.697022
rate E <-> M: 0.163145
rate E <-> F: 0.017664
rate E <-> P: 0.393844
rate E <-> S: 0.574671
rate E <-> T: 0.567695
rate E <-> W: 0.073107
rate E <-> Y: 0.112720
rate E <-> V: 0.230098
rate G <-> H: 0.292498
rate G <-> I: 0.008174
rate G <-> L: 0.041563
rate G <-> K: 0.278555
rate G <-> M: 0.131033
rate G <-> F: 0.084125
rate G <-> P: 0.184955
rate G <-> S: 1.633930
rate G <-> T: 0.121922
rate G <-> W: 0.252125
rate G <-> Y: 0.051346
rate G <-> V: 0.072026
rate H <-> I: 0.102245
rate H <-> L: 0.343988
rate H <-> K: 0.654763
rate H <-> M: 0.415502
rate H <-> F: 0.640560
rate H <-> P: 0.477834
rate H <-> S: 0.929667
rate H <-> T: 0.548649
rate H <-> W: 0.560661
rate H <-> Y: 4.983361
rate H <-> V: 0.111759
rate I <-> L: 3.892408
rate I <-> K: 0.149373
rate I <-> M: 4.013113
rate I <-> F: 1.044902
rate I <-> P: 0.073509
rate I <-> S: 0.060198
rate I <-> T: 0.970728
rate I <-> W: 0.104854
rate I <-> Y: 0.218350
rate I <-> V: 10.000000
rate L <-> K: 0.129119
rate L <-> M: 5.927594
rate L <-> F: 2.434657
rate L <-> P: 0.233879
rate L <-> S: 0.171176
rate L <-> T: 0.284471
rate L <-> W: 0.581863
rate L <-> Y: 0.281383
rate L <-> V: 1.598956
rate K <-> M: 0.616581
rate K <-> F: 0.022460
rate K <-> P: 0.366530
rate K <-> S: 0.703048
rate K <-> T: 1.067567
rate K <-> W: 0.046864
rate K <-> Y: 0.123890
rate K <-> V: 0.173913
rate M <-> F: 1.689205
rate M <-> P: 0.093763
rate M <-> S: 0.325811
rate M <-> T: 1.897216
rate M <-> W: 0.653740
rate M <-> Y: 0.451968
rate M <-> V: 1.782983
rate F <-> P: 0.088706
rate F <-> S: 0.339765
rate F <-> T: 0.154944
rate F <-> W: 2.307349
rate F <-> Y: 7.328222
rate F <-> V: 0.614777
rate P <-> S: 1.256567
rate P <-> T: 0.536635
rate P <-> W: 0.089332
rate P <-> Y: 0.084151
rate P <-> V: 0.278428
rate S <-> T: 6.077767
rate S <-> W: 0.233693
rate S <-> Y: 0.376132
rate S <-> V: 0.092373
rate T <-> W: 0.132241
rate T <-> Y: 0.230856
rate T <-> V: 2.054781
rate W <-> Y: 2.959699
rate W <-> V: 0.177959
rate Y <-> V: 0.234116

freq pi(A): 0.059678
freq pi(R): 0.066219
freq pi(N): 0.028613
freq pi(D): 0.048233
freq pi(C): 0.017985
freq pi(Q): 0.028613
freq pi(E): 0.085021
freq pi(G): 0.040876
freq pi(H): 0.014715
freq pi(I): 0.049868
freq pi(L): 0.094014
freq pi(K): 0.077664
freq pi(M): 0.008175
freq pi(F): 0.058043
freq pi(P): 0.040058
freq pi(S): 0.063766
freq pi(T): 0.058861
freq pi(W): 0.001000
freq pi(Y): 0.073576
freq pi(V): 0.085021


ML search took 24.630428 secs or 0.006842 hours

Combined Bootstrap and ML search took 52.114540 secs or 0.014476 hours

Drawing Bootstrap Support Values on best-scoring ML tree ...



Found 1 tree in File /in/RAxML_bestTree.EOG091G0VIF.clustalo.aln.ALICUT.LGF



Found 1 tree in File /in/RAxML_bestTree.EOG091G0VIF.clustalo.aln.ALICUT.LGF

Program execution info written to /in/RAxML_info.EOG091G0VIF.clustalo.aln.ALICUT.LGF
All 100 bootstrapped trees written to: /in/RAxML_bootstrap.EOG091G0VIF.clustalo.aln.ALICUT.LGF

Best-scoring ML tree written to: /in/RAxML_bestTree.EOG091G0VIF.clustalo.aln.ALICUT.LGF

Best-scoring ML tree with support values written to: /in/RAxML_bipartitions.EOG091G0VIF.clustalo.aln.ALICUT.LGF

Best-scoring ML tree with support values as branch labels written to: /in/RAxML_bipartitionsBranchLabels.EOG091G0VIF.clustalo.aln.ALICUT.LGF

Overall execution time for full ML analysis: 52.117104 secs or 0.014477 hours or 0.000603 days

