
	reading taxa from FASTA ...


	H.robusta            -> sites: 1982  
	O.viverrini          -> sites: 1982  
	D.rerio              -> sites: 1982  
	T.solium             -> sites: 1982  
	C.intestinalis       -> sites: 1982  
	E.granulosus         -> sites: 1982  
	N.vectensis          -> sites: 1982  
	R.norvegicus         -> sites: 1982  
	G.salaris            -> sites: 1982  
	G.turnbulli          -> sites: 1982  
	E.nipponicum         -> sites: 1982  
	S.mediterranea       -> sites: 1982  


	data type             : amino acid sequences

	input ...

	infile		: EOG091G0VQK.clustalo.aln.fasta
	random pairs	: 200000000000000000
	window size	: 6
	indels		: ambiguous
	tree file	: -
	node level	: -
	strict profile	: -
	outgroup	: -
	matrix          : BLOSUM62

	number of taxa        : 12
	random number of pairs: 200000000000000000

	generates threshhold value for amino acid data
	using BLOSUM62

	checks for (potential) identical taxa


	scores site patterns ...


	max number of different pairs is 66
	max random pairs are scored!

	pair: 1      ->	taxon1: H.robusta 	taxon2: O.viverrin
	            	positions below base line: 1706
	pair: 2      ->	taxon1: H.robusta 	taxon2: D.rerio   
	            	positions below base line: 1708
	pair: 3      ->	taxon1: H.robusta 	taxon2: T.solium  
	            	positions below base line: 1756
	pair: 4      ->	taxon1: H.robusta 	taxon2: C.intestin
	            	positions below base line: 1824
	pair: 5      ->	taxon1: H.robusta 	taxon2: E.granulos
	            	positions below base line: 1706
	pair: 6      ->	taxon1: H.robusta 	taxon2: N.vectensi
	            	positions below base line: 1867
	pair: 7      ->	taxon1: H.robusta 	taxon2: R.norvegic
	            	positions below base line: 1685
	pair: 8      ->	taxon1: H.robusta 	taxon2: G.salaris 
	            	positions below base line: 1705
	pair: 9      ->	taxon1: H.robusta 	taxon2: G.turnbull
	            	positions below base line: 1727
	pair: 10     ->	taxon1: H.robusta 	taxon2: E.nipponic
	            	positions below base line: 1808
	pair: 11     ->	taxon1: H.robusta 	taxon2: S.mediterr
	            	positions below base line: 1671
	pair: 12     ->	taxon1: O.viverrin	taxon2: D.rerio   
	            	positions below base line: 1751
	pair: 13     ->	taxon1: O.viverrin	taxon2: T.solium  
	            	positions below base line: 1641
	pair: 14     ->	taxon1: O.viverrin	taxon2: C.intestin
	            	positions below base line: 1801
	pair: 15     ->	taxon1: O.viverrin	taxon2: E.granulos
	            	positions below base line: 1478
	pair: 16     ->	taxon1: O.viverrin	taxon2: N.vectensi
	            	positions below base line: 1898
	pair: 17     ->	taxon1: O.viverrin	taxon2: R.norvegic
	            	positions below base line: 1746
	pair: 18     ->	taxon1: O.viverrin	taxon2: G.salaris 
	            	positions below base line: 1633
	pair: 19     ->	taxon1: O.viverrin	taxon2: G.turnbull
	            	positions below base line: 1654
	pair: 20     ->	taxon1: O.viverrin	taxon2: E.nipponic
	            	positions below base line: 1727
	pair: 21     ->	taxon1: O.viverrin	taxon2: S.mediterr
	            	positions below base line: 1649
	pair: 22     ->	taxon1: D.rerio   	taxon2: T.solium  
	            	positions below base line: 1776
	pair: 23     ->	taxon1: D.rerio   	taxon2: C.intestin
	            	positions below base line: 1744
	pair: 24     ->	taxon1: D.rerio   	taxon2: E.granulos
	            	positions below base line: 1729
	pair: 25     ->	taxon1: D.rerio   	taxon2: N.vectensi
	            	positions below base line: 1905
	pair: 26     ->	taxon1: D.rerio   	taxon2: R.norvegic
	            	positions below base line: 1312
	pair: 27     ->	taxon1: D.rerio   	taxon2: G.salaris 
	            	positions below base line: 1760
	pair: 28     ->	taxon1: D.rerio   	taxon2: G.turnbull
	            	positions below base line: 1763
	pair: 29     ->	taxon1: D.rerio   	taxon2: E.nipponic
	            	positions below base line: 1806
	pair: 30     ->	taxon1: D.rerio   	taxon2: S.mediterr
	            	positions below base line: 1734
	pair: 31     ->	taxon1: T.solium  	taxon2: C.intestin
	            	positions below base line: 1888
	pair: 32     ->	taxon1: T.solium  	taxon2: E.granulos
	            	positions below base line: 1337
	pair: 33     ->	taxon1: T.solium  	taxon2: N.vectensi
	            	positions below base line: 1891
	pair: 34     ->	taxon1: T.solium  	taxon2: R.norvegic
	            	positions below base line: 1799
	pair: 35     ->	taxon1: T.solium  	taxon2: G.salaris 
	            	positions below base line: 1675
	pair: 36     ->	taxon1: T.solium  	taxon2: G.turnbull
	            	positions below base line: 1674
	pair: 37     ->	taxon1: T.solium  	taxon2: E.nipponic
	            	positions below base line: 1863
	pair: 38     ->	taxon1: T.solium  	taxon2: S.mediterr
	            	positions below base line: 1745
	pair: 39     ->	taxon1: C.intestin	taxon2: E.granulos
	            	positions below base line: 1820
	pair: 40     ->	taxon1: C.intestin	taxon2: N.vectensi
	            	positions below base line: 1981
	pair: 41     ->	taxon1: C.intestin	taxon2: R.norvegic
	            	positions below base line: 1691
	pair: 42     ->	taxon1: C.intestin	taxon2: G.salaris 
	            	positions below base line: 1854
	pair: 43     ->	taxon1: C.intestin	taxon2: G.turnbull
	            	positions below base line: 1828
	pair: 44     ->	taxon1: C.intestin	taxon2: E.nipponic
	            	positions below base line: 1813
	pair: 45     ->	taxon1: C.intestin	taxon2: S.mediterr
	            	positions below base line: 1781
	pair: 46     ->	taxon1: E.granulos	taxon2: N.vectensi
	            	positions below base line: 1897
	pair: 47     ->	taxon1: E.granulos	taxon2: R.norvegic
	            	positions below base line: 1717
	pair: 48     ->	taxon1: E.granulos	taxon2: G.salaris 
	            	positions below base line: 1616
	pair: 49     ->	taxon1: E.granulos	taxon2: G.turnbull
	            	positions below base line: 1580
	pair: 50     ->	taxon1: E.granulos	taxon2: E.nipponic
	            	positions below base line: 1720
	pair: 51     ->	taxon1: E.granulos	taxon2: S.mediterr
	            	positions below base line: 1655
	pair: 52     ->	taxon1: N.vectensi	taxon2: R.norvegic
	            	positions below base line: 1903
	pair: 53     ->	taxon1: N.vectensi	taxon2: G.salaris 
	            	positions below base line: 1882
	pair: 54     ->	taxon1: N.vectensi	taxon2: G.turnbull
	            	positions below base line: 1901
	pair: 55     ->	taxon1: N.vectensi	taxon2: E.nipponic
	            	positions below base line: 1981
	pair: 56     ->	taxon1: N.vectensi	taxon2: S.mediterr
	            	positions below base line: 1890
	pair: 57     ->	taxon1: R.norvegic	taxon2: G.salaris 
	            	positions below base line: 1773
	pair: 58     ->	taxon1: R.norvegic	taxon2: G.turnbull
	            	positions below base line: 1768
	pair: 59     ->	taxon1: R.norvegic	taxon2: E.nipponic
	            	positions below base line: 1818
	pair: 60     ->	taxon1: R.norvegic	taxon2: S.mediterr
	            	positions below base line: 1729
	pair: 61     ->	taxon1: G.salaris 	taxon2: G.turnbull
	            	positions below base line: 1352
	pair: 62     ->	taxon1: G.salaris 	taxon2: E.nipponic
	            	positions below base line: 1837
	pair: 63     ->	taxon1: G.salaris 	taxon2: S.mediterr
	            	positions below base line: 1679
	pair: 64     ->	taxon1: G.turnbull	taxon2: E.nipponic
	            	positions below base line: 1793
	pair: 65     ->	taxon1: G.turnbull	taxon2: S.mediterr
	            	positions below base line: 1640
	pair: 66     ->	taxon1: E.nipponic	taxon2: S.mediterr
	            	positions below base line: 1758

	generates quality profile from collected scores ...


	scoring done ...


	generates vector plot from collected scores ...


Argument "-" treated as 0 in increment (++) at /usr/bin/Aliscore.pl line 1213.
	Profile written to EOG091G0VQK.clustalo.aln.fasta_Profile_random.txt
	List   written to EOG091G0VQK.clustalo.aln.fasta_List_random.txt

	time used: 4.33 sec

