
	reading taxa from FASTA ...


	G.turnbulli          -> sites: 169   
	E.granulosus         -> sites: 169   
	C.sinensis           -> sites: 169   
	S.mediterranea       -> sites: 169   
	H.microstoma         -> sites: 169   
	O.viverrini          -> sites: 169   
	T.solium             -> sites: 169   


	data type             : amino acid sequences

	input ...

	infile		: EOG091G0Z6N.clustalo.aln.fasta
	random pairs	: 200000000000000000
	window size	: 6
	indels		: ambiguous
	tree file	: -
	node level	: -
	strict profile	: -
	outgroup	: -
	matrix          : BLOSUM62

	number of taxa        : 7
	random number of pairs: 200000000000000000

	generates threshhold value for amino acid data
	using BLOSUM62

	checks for (potential) identical taxa


	scores site patterns ...


	max number of different pairs is 21
	max random pairs are scored!

	pair: 1      ->	taxon1: G.turnbull	taxon2: E.granulos
	            	positions below base line: 75
	pair: 2      ->	taxon1: G.turnbull	taxon2: C.sinensis
	            	positions below base line: 71
	pair: 3      ->	taxon1: G.turnbull	taxon2: S.mediterr
	            	positions below base line: 75
	pair: 4      ->	taxon1: G.turnbull	taxon2: H.microsto
	            	positions below base line: 79
	pair: 5      ->	taxon1: G.turnbull	taxon2: O.viverrin
	            	positions below base line: 68
	pair: 6      ->	taxon1: G.turnbull	taxon2: T.solium  
	            	positions below base line: 75
	pair: 7      ->	taxon1: E.granulos	taxon2: C.sinensis
	            	positions below base line: 53
	pair: 8      ->	taxon1: E.granulos	taxon2: S.mediterr
	            	positions below base line: 57
	pair: 9      ->	taxon1: E.granulos	taxon2: H.microsto
	            	positions below base line: 42
	pair: 10     ->	taxon1: E.granulos	taxon2: O.viverrin
	            	positions below base line: 53
	pair: 11     ->	taxon1: E.granulos	taxon2: T.solium  
	            	positions below base line: 23
	pair: 12     ->	taxon1: C.sinensis	taxon2: S.mediterr
	            	positions below base line: 62
	pair: 13     ->	taxon1: C.sinensis	taxon2: H.microsto
	            	positions below base line: 62
	pair: 14     ->	taxon1: C.sinensis	taxon2: O.viverrin
	            	positions below base line: 13
	pair: 15     ->	taxon1: C.sinensis	taxon2: T.solium  
	            	positions below base line: 53
	pair: 16     ->	taxon1: S.mediterr	taxon2: H.microsto
	            	positions below base line: 56
	pair: 17     ->	taxon1: S.mediterr	taxon2: O.viverrin
	            	positions below base line: 56
	pair: 18     ->	taxon1: S.mediterr	taxon2: T.solium  
	            	positions below base line: 54
	pair: 19     ->	taxon1: H.microsto	taxon2: O.viverrin
	            	positions below base line: 56
	pair: 20     ->	taxon1: H.microsto	taxon2: T.solium  
	            	positions below base line: 40
	pair: 21     ->	taxon1: O.viverrin	taxon2: T.solium  
	            	positions below base line: 53

	generates quality profile from collected scores ...


	scoring done ...


	generates vector plot from collected scores ...


Argument "-" treated as 0 in increment (++) at /usr/bin/Aliscore.pl line 1213.
	Profile written to EOG091G0Z6N.clustalo.aln.fasta_Profile_random.txt
	List   written to EOG091G0Z6N.clustalo.aln.fasta_List_random.txt

	time used: 3.68 sec

