--2018-12-12 19:49:35--  http://www.orthodb.org/fasta?query=EOG091G053R&level=33208
Resolving www.orthodb.org (www.orthodb.org)... 167.99.137.12, 2a03:b0c0:3:d0::d19:7001
Connecting to www.orthodb.org (www.orthodb.org)|167.99.137.12|:80... connected.
HTTP request sent, awaiting response... 301 Moved Permanently
Location: https://www.orthodb.org/fasta?query=EOG091G053R&level=33208 [following]
--2018-12-12 19:49:35--  https://www.orthodb.org/fasta?query=EOG091G053R&level=33208
Connecting to www.orthodb.org (www.orthodb.org)|167.99.137.12|:443... connected.
HTTP request sent, awaiting response... 200 OK
Length: 442826 (432K) [text/plain]
Saving to: ‘EOG091G053R/EOG091G053R.orthodb.fasta’

     0K .......... .......... .......... .......... .......... 11% 1,14M 0s
    50K .......... .......... .......... .......... .......... 23% 2,99M 0s
   100K .......... .......... .......... .......... .......... 34% 2,09M 0s
   150K .......... .......... .......... .......... .......... 46% 2,35M 0s
   200K .......... .......... .......... .......... .......... 57% 2,62M 0s
   250K .......... .......... .......... .......... .......... 69% 3,35M 0s
   300K .......... .......... .......... .......... .......... 80% 5,11M 0s
   350K .......... .......... .......... .......... .......... 92% 2,36M 0s
   400K .......... .......... .......... ..                   100% 1,69M=0,2s

2018-12-12 19:49:36 (2,28 MB/s) - ‘EOG091G053R/EOG091G053R.orthodb.fasta’ saved [442826/442826]

