
	reading taxa from FASTA ...


	T.solium             -> sites: 1057  
	E.granulosus         -> sites: 1057  
	C.sinensis           -> sites: 1057  
	S.mansoni            -> sites: 1057  
	O.viverrini          -> sites: 1057  
	H.microstoma         -> sites: 1057  


	data type             : amino acid sequences

	input ...

	infile		: EOG091G05OR.clustalo.aln.fasta
	random pairs	: 200000000000000000
	window size	: 6
	indels		: ambiguous
	tree file	: -
	node level	: -
	strict profile	: -
	outgroup	: -
	matrix          : BLOSUM62

	number of taxa        : 6
	random number of pairs: 200000000000000000

	generates threshhold value for amino acid data
	using BLOSUM62

	checks for (potential) identical taxa


	scores site patterns ...


	max number of different pairs is 15
	max random pairs are scored!

	pair: 1      ->	taxon1: T.solium  	taxon2: E.granulos
	            	positions below base line: 253
	pair: 2      ->	taxon1: T.solium  	taxon2: C.sinensis
	            	positions below base line: 667
	pair: 3      ->	taxon1: T.solium  	taxon2: S.mansoni 
	            	positions below base line: 660
	pair: 4      ->	taxon1: T.solium  	taxon2: O.viverrin
	            	positions below base line: 719
	pair: 5      ->	taxon1: T.solium  	taxon2: H.microsto
	            	positions below base line: 382
	pair: 6      ->	taxon1: E.granulos	taxon2: C.sinensis
	            	positions below base line: 685
	pair: 7      ->	taxon1: E.granulos	taxon2: S.mansoni 
	            	positions below base line: 689
	pair: 8      ->	taxon1: E.granulos	taxon2: O.viverrin
	            	positions below base line: 721
	pair: 9      ->	taxon1: E.granulos	taxon2: H.microsto
	            	positions below base line: 401
	pair: 10     ->	taxon1: C.sinensis	taxon2: S.mansoni 
	            	positions below base line: 482
	pair: 11     ->	taxon1: C.sinensis	taxon2: O.viverrin
	            	positions below base line: 586
	pair: 12     ->	taxon1: C.sinensis	taxon2: H.microsto
	            	positions below base line: 554
	pair: 13     ->	taxon1: S.mansoni 	taxon2: O.viverrin
	            	positions below base line: 616
	pair: 14     ->	taxon1: S.mansoni 	taxon2: H.microsto
	            	positions below base line: 537
	pair: 15     ->	taxon1: O.viverrin	taxon2: H.microsto
	            	positions below base line: 713

	generates quality profile from collected scores ...


	scoring done ...


	generates vector plot from collected scores ...


Argument "-" treated as 0 in increment (++) at /usr/bin/Aliscore.pl line 1213.
	Profile written to EOG091G05OR.clustalo.aln.fasta_Profile_random.txt
	List   written to EOG091G05OR.clustalo.aln.fasta_List_random.txt

	time used: 3.72 sec

