
	reading taxa from FASTA ...


	G.turnbulli          -> sites: 2912  
	H.microstoma         -> sites: 2912  
	O.viverrini          -> sites: 2912  
	T.solium             -> sites: 2912  
	E.granulosus         -> sites: 2912  
	D.rerio              -> sites: 2912  
	H.robusta            -> sites: 2912  
	C.intestinalis       -> sites: 2912  
	E.nipponicum         -> sites: 2912  
	D.melanogaster       -> sites: 2912  
	R.norvegicus         -> sites: 2912  
	G.salaris            -> sites: 2912  
	P.xenopodis          -> sites: 2912  


	data type             : amino acid sequences

	input ...

	infile		: EOG091G05NK.clustalo.aln.fasta
	random pairs	: 200000000000000000
	window size	: 6
	indels		: ambiguous
	tree file	: -
	node level	: -
	strict profile	: -
	outgroup	: -
	matrix          : BLOSUM62

	number of taxa        : 13
	random number of pairs: 200000000000000000

	generates threshhold value for amino acid data
	using BLOSUM62

	checks for (potential) identical taxa


	scores site patterns ...


	max number of different pairs is 78
	max random pairs are scored!

	pair: 1      ->	taxon1: G.turnbull	taxon2: H.microsto
	            	positions below base line: 2585
	pair: 2      ->	taxon1: G.turnbull	taxon2: O.viverrin
	            	positions below base line: 2593
	pair: 3      ->	taxon1: G.turnbull	taxon2: T.solium  
	            	positions below base line: 2682
	pair: 4      ->	taxon1: G.turnbull	taxon2: E.granulos
	            	positions below base line: 2639
	pair: 5      ->	taxon1: G.turnbull	taxon2: D.rerio   
	            	positions below base line: 2607
	pair: 6      ->	taxon1: G.turnbull	taxon2: H.robusta 
	            	positions below base line: 2599
	pair: 7      ->	taxon1: G.turnbull	taxon2: C.intestin
	            	positions below base line: 2637
	pair: 8      ->	taxon1: G.turnbull	taxon2: E.nipponic
	            	positions below base line: 2803
	pair: 9      ->	taxon1: G.turnbull	taxon2: D.melanoga
	            	positions below base line: 2641
	pair: 10     ->	taxon1: G.turnbull	taxon2: R.norvegic
	            	positions below base line: 2593
	pair: 11     ->	taxon1: G.turnbull	taxon2: G.salaris 
	            	positions below base line: 2296
	pair: 12     ->	taxon1: G.turnbull	taxon2: P.xenopodi
	            	positions below base line: 2771
	pair: 13     ->	taxon1: H.microsto	taxon2: O.viverrin
	            	positions below base line: 2536
	pair: 14     ->	taxon1: H.microsto	taxon2: T.solium  
	            	positions below base line: 2008
	pair: 15     ->	taxon1: H.microsto	taxon2: E.granulos
	            	positions below base line: 1922
	pair: 16     ->	taxon1: H.microsto	taxon2: D.rerio   
	            	positions below base line: 2596
	pair: 17     ->	taxon1: H.microsto	taxon2: H.robusta 
	            	positions below base line: 2592
	pair: 18     ->	taxon1: H.microsto	taxon2: C.intestin
	            	positions below base line: 2664
	pair: 19     ->	taxon1: H.microsto	taxon2: E.nipponic
	            	positions below base line: 2785
	pair: 20     ->	taxon1: H.microsto	taxon2: D.melanoga
	            	positions below base line: 2650
	pair: 21     ->	taxon1: H.microsto	taxon2: R.norvegic
	            	positions below base line: 2582
	pair: 22     ->	taxon1: H.microsto	taxon2: G.salaris 
	            	positions below base line: 2354
	pair: 23     ->	taxon1: H.microsto	taxon2: P.xenopodi
	            	positions below base line: 2744
	pair: 24     ->	taxon1: O.viverrin	taxon2: T.solium  
	            	positions below base line: 2578
	pair: 25     ->	taxon1: O.viverrin	taxon2: E.granulos
	            	positions below base line: 2558
	pair: 26     ->	taxon1: O.viverrin	taxon2: D.rerio   
	            	positions below base line: 2538
	pair: 27     ->	taxon1: O.viverrin	taxon2: H.robusta 
	            	positions below base line: 2550
	pair: 28     ->	taxon1: O.viverrin	taxon2: C.intestin
	            	positions below base line: 2609
	pair: 29     ->	taxon1: O.viverrin	taxon2: E.nipponic
	            	positions below base line: 2801
	pair: 30     ->	taxon1: O.viverrin	taxon2: D.melanoga
	            	positions below base line: 2569
	pair: 31     ->	taxon1: O.viverrin	taxon2: R.norvegic
	            	positions below base line: 2568
	pair: 32     ->	taxon1: O.viverrin	taxon2: G.salaris 
	            	positions below base line: 2561
	pair: 33     ->	taxon1: O.viverrin	taxon2: P.xenopodi
	            	positions below base line: 2770
	pair: 34     ->	taxon1: T.solium  	taxon2: E.granulos
	            	positions below base line: 1345
	pair: 35     ->	taxon1: T.solium  	taxon2: D.rerio   
	            	positions below base line: 2672
	pair: 36     ->	taxon1: T.solium  	taxon2: H.robusta 
	            	positions below base line: 2690
	pair: 37     ->	taxon1: T.solium  	taxon2: C.intestin
	            	positions below base line: 2730
	pair: 38     ->	taxon1: T.solium  	taxon2: E.nipponic
	            	positions below base line: 2773
	pair: 39     ->	taxon1: T.solium  	taxon2: D.melanoga
	            	positions below base line: 2724
	pair: 40     ->	taxon1: T.solium  	taxon2: R.norvegic
	            	positions below base line: 2670
	pair: 41     ->	taxon1: T.solium  	taxon2: G.salaris 
	            	positions below base line: 2427
	pair: 42     ->	taxon1: T.solium  	taxon2: P.xenopodi
	            	positions below base line: 2711
	pair: 43     ->	taxon1: E.granulos	taxon2: D.rerio   
	            	positions below base line: 2656
	pair: 44     ->	taxon1: E.granulos	taxon2: H.robusta 
	            	positions below base line: 2677
	pair: 45     ->	taxon1: E.granulos	taxon2: C.intestin
	            	positions below base line: 2699
	pair: 46     ->	taxon1: E.granulos	taxon2: E.nipponic
	            	positions below base line: 2780
	pair: 47     ->	taxon1: E.granulos	taxon2: D.melanoga
	            	positions below base line: 2706
	pair: 48     ->	taxon1: E.granulos	taxon2: R.norvegic
	            	positions below base line: 2649
	pair: 49     ->	taxon1: E.granulos	taxon2: G.salaris 
	            	positions below base line: 2387
	pair: 50     ->	taxon1: E.granulos	taxon2: P.xenopodi
	            	positions below base line: 2762
	pair: 51     ->	taxon1: D.rerio   	taxon2: H.robusta 
	            	positions below base line: 2383
	pair: 52     ->	taxon1: D.rerio   	taxon2: C.intestin
	            	positions below base line: 2439
	pair: 53     ->	taxon1: D.rerio   	taxon2: E.nipponic
	            	positions below base line: 2799
	pair: 54     ->	taxon1: D.rerio   	taxon2: D.melanoga
	            	positions below base line: 2486
	pair: 55     ->	taxon1: D.rerio   	taxon2: R.norvegic
	            	positions below base line: 2077
	pair: 56     ->	taxon1: D.rerio   	taxon2: G.salaris 
	            	positions below base line: 2537
	pair: 57     ->	taxon1: D.rerio   	taxon2: P.xenopodi
	            	positions below base line: 2762
	pair: 58     ->	taxon1: H.robusta 	taxon2: C.intestin
	            	positions below base line: 2423
	pair: 59     ->	taxon1: H.robusta 	taxon2: E.nipponic
	            	positions below base line: 2800
	pair: 60     ->	taxon1: H.robusta 	taxon2: D.melanoga
	            	positions below base line: 2449
	pair: 61     ->	taxon1: H.robusta 	taxon2: R.norvegic
	            	positions below base line: 2363
	pair: 62     ->	taxon1: H.robusta 	taxon2: G.salaris 
	            	positions below base line: 2561
	pair: 63     ->	taxon1: H.robusta 	taxon2: P.xenopodi
	            	positions below base line: 2733
	pair: 64     ->	taxon1: C.intestin	taxon2: E.nipponic
	            	positions below base line: 2816
	pair: 65     ->	taxon1: C.intestin	taxon2: D.melanoga
	            	positions below base line: 2504
	pair: 66     ->	taxon1: C.intestin	taxon2: R.norvegic
	            	positions below base line: 2428
	pair: 67     ->	taxon1: C.intestin	taxon2: G.salaris 
	            	positions below base line: 2606
	pair: 68     ->	taxon1: C.intestin	taxon2: P.xenopodi
	            	positions below base line: 2775
	pair: 69     ->	taxon1: E.nipponic	taxon2: D.melanoga
	            	positions below base line: 2818
	pair: 70     ->	taxon1: E.nipponic	taxon2: R.norvegic
	            	positions below base line: 2794
	pair: 71     ->	taxon1: E.nipponic	taxon2: G.salaris 
	            	positions below base line: 2800
	pair: 72     ->	taxon1: E.nipponic	taxon2: P.xenopodi
	            	positions below base line: 2772
	pair: 73     ->	taxon1: D.melanoga	taxon2: R.norvegic
	            	positions below base line: 2483
	pair: 74     ->	taxon1: D.melanoga	taxon2: G.salaris 
	            	positions below base line: 2592
	pair: 75     ->	taxon1: D.melanoga	taxon2: P.xenopodi
	            	positions below base line: 2787
	pair: 76     ->	taxon1: R.norvegic	taxon2: G.salaris 
	            	positions below base line: 2542
	pair: 77     ->	taxon1: R.norvegic	taxon2: P.xenopodi
	            	positions below base line: 2744
	pair: 78     ->	taxon1: G.salaris 	taxon2: P.xenopodi
	            	positions below base line: 2765

	generates quality profile from collected scores ...


	scoring done ...


	generates vector plot from collected scores ...


Argument "-" treated as 0 in increment (++) at /usr/bin/Aliscore.pl line 1213.
	Profile written to EOG091G05NK.clustalo.aln.fasta_Profile_random.txt
	List   written to EOG091G05NK.clustalo.aln.fasta_List_random.txt

	time used: 5.51 sec

