--2018-12-15 05:34:36--  http://www.orthodb.org/fasta?query=EOG091G075F&level=33208
Resolving www.orthodb.org (www.orthodb.org)... 167.99.129.42, 2a03:b0c0:3:d0::d19:7001
Connecting to www.orthodb.org (www.orthodb.org)|167.99.129.42|:80... connected.
HTTP request sent, awaiting response... 301 Moved Permanently
Location: https://www.orthodb.org/fasta?query=EOG091G075F&level=33208 [following]
--2018-12-15 05:34:37--  https://www.orthodb.org/fasta?query=EOG091G075F&level=33208
Connecting to www.orthodb.org (www.orthodb.org)|167.99.129.42|:443... connected.
HTTP request sent, awaiting response... 200 OK
Length: 525927 (514K) [text/plain]
Saving to: ‘EOG091G075F/EOG091G075F.orthodb.fasta’

     0K .......... .......... .......... .......... ..........  9% 1,27M 0s
    50K .......... .......... .......... .......... .......... 19% 2,27M 0s
   100K .......... .......... .......... .......... .......... 29% 2,29M 0s
   150K .......... .......... .......... .......... .......... 38% 2,29M 0s
   200K .......... .......... .......... .......... .......... 48% 2,43M 0s
   250K .......... .......... .......... .......... .......... 58% 2,46M 0s
   300K .......... .......... .......... .......... .......... 68% 2,35M 0s
   350K .......... .......... .......... .......... .......... 77% 2,38M 0s
   400K .......... .......... .......... .......... .......... 87% 3,12M 0s
   450K .......... .......... .......... .......... .......... 97% 7,55M 0s
   500K .......... ...                                        100% 25,2M=0,2s

2018-12-15 05:34:37 (2,43 MB/s) - ‘EOG091G075F/EOG091G075F.orthodb.fasta’ saved [525927/525927]

