
	reading taxa from FASTA ...


	D.rerio              -> sites: 347   
	O.viverrini          -> sites: 347   
	D.melanogaster       -> sites: 347   
	C.sinensis           -> sites: 347   
	P.xenopodis          -> sites: 347   
	H.microstoma         -> sites: 347   
	T.solium             -> sites: 347   
	C.intestinalis       -> sites: 347   
	R.norvegicus         -> sites: 347   
	E.nipponicum         -> sites: 347   
	S.mediterranea       -> sites: 347   
	C.elegans            -> sites: 347   


	data type             : amino acid sequences

	input ...

	infile		: EOG091G0MDG.clustalo.aln.fasta
	random pairs	: 200000000000000000
	window size	: 6
	indels		: ambiguous
	tree file	: -
	node level	: -
	strict profile	: -
	outgroup	: -
	matrix          : BLOSUM62

	number of taxa        : 12
	random number of pairs: 200000000000000000

	generates threshhold value for amino acid data
	using BLOSUM62

	checks for (potential) identical taxa


	scores site patterns ...


	max number of different pairs is 66
	max random pairs are scored!

	pair: 1      ->	taxon1: D.rerio   	taxon2: O.viverrin
	            	positions below base line: 281
	pair: 2      ->	taxon1: D.rerio   	taxon2: D.melanoga
	            	positions below base line: 284
	pair: 3      ->	taxon1: D.rerio   	taxon2: C.sinensis
	            	positions below base line: 281
	pair: 4      ->	taxon1: D.rerio   	taxon2: P.xenopodi
	            	positions below base line: 275
	pair: 5      ->	taxon1: D.rerio   	taxon2: H.microsto
	            	positions below base line: 276
	pair: 6      ->	taxon1: D.rerio   	taxon2: T.solium  
	            	positions below base line: 275
	pair: 7      ->	taxon1: D.rerio   	taxon2: C.intestin
	            	positions below base line: 275
	pair: 8      ->	taxon1: D.rerio   	taxon2: R.norvegic
	            	positions below base line: 270
	pair: 9      ->	taxon1: D.rerio   	taxon2: E.nipponic
	            	positions below base line: 277
	pair: 10     ->	taxon1: D.rerio   	taxon2: S.mediterr
	            	positions below base line: 290
	pair: 11     ->	taxon1: D.rerio   	taxon2: C.elegans 
	            	positions below base line: 273
	pair: 12     ->	taxon1: O.viverrin	taxon2: D.melanoga
	            	positions below base line: 183
	pair: 13     ->	taxon1: O.viverrin	taxon2: C.sinensis
	            	positions below base line: 118
	pair: 14     ->	taxon1: O.viverrin	taxon2: P.xenopodi
	            	positions below base line: 167
	pair: 15     ->	taxon1: O.viverrin	taxon2: H.microsto
	            	positions below base line: 178
	pair: 16     ->	taxon1: O.viverrin	taxon2: T.solium  
	            	positions below base line: 189
	pair: 17     ->	taxon1: O.viverrin	taxon2: C.intestin
	            	positions below base line: 185
	pair: 18     ->	taxon1: O.viverrin	taxon2: R.norvegic
	            	positions below base line: 183
	pair: 19     ->	taxon1: O.viverrin	taxon2: E.nipponic
	            	positions below base line: 168
	pair: 20     ->	taxon1: O.viverrin	taxon2: S.mediterr
	            	positions below base line: 206
	pair: 21     ->	taxon1: O.viverrin	taxon2: C.elegans 
	            	positions below base line: 193
	pair: 22     ->	taxon1: D.melanoga	taxon2: C.sinensis
	            	positions below base line: 206
	pair: 23     ->	taxon1: D.melanoga	taxon2: P.xenopodi
	            	positions below base line: 201
	pair: 24     ->	taxon1: D.melanoga	taxon2: H.microsto
	            	positions below base line: 222
	pair: 25     ->	taxon1: D.melanoga	taxon2: T.solium  
	            	positions below base line: 208
	pair: 26     ->	taxon1: D.melanoga	taxon2: C.intestin
	            	positions below base line: 170
	pair: 27     ->	taxon1: D.melanoga	taxon2: R.norvegic
	            	positions below base line: 175
	pair: 28     ->	taxon1: D.melanoga	taxon2: E.nipponic
	            	positions below base line: 194
	pair: 29     ->	taxon1: D.melanoga	taxon2: S.mediterr
	            	positions below base line: 218
	pair: 30     ->	taxon1: D.melanoga	taxon2: C.elegans 
	            	positions below base line: 159
	pair: 31     ->	taxon1: C.sinensis	taxon2: P.xenopodi
	            	positions below base line: 175
	pair: 32     ->	taxon1: C.sinensis	taxon2: H.microsto
	            	positions below base line: 185
	pair: 33     ->	taxon1: C.sinensis	taxon2: T.solium  
	            	positions below base line: 190
	pair: 34     ->	taxon1: C.sinensis	taxon2: C.intestin
	            	positions below base line: 196
	pair: 35     ->	taxon1: C.sinensis	taxon2: R.norvegic
	            	positions below base line: 187
	pair: 36     ->	taxon1: C.sinensis	taxon2: E.nipponic
	            	positions below base line: 175
	pair: 37     ->	taxon1: C.sinensis	taxon2: S.mediterr
	            	positions below base line: 217
	pair: 38     ->	taxon1: C.sinensis	taxon2: C.elegans 
	            	positions below base line: 191
	pair: 39     ->	taxon1: P.xenopodi	taxon2: H.microsto
	            	positions below base line: 190
	pair: 40     ->	taxon1: P.xenopodi	taxon2: T.solium  
	            	positions below base line: 190
	pair: 41     ->	taxon1: P.xenopodi	taxon2: C.intestin
	            	positions below base line: 192
	pair: 42     ->	taxon1: P.xenopodi	taxon2: R.norvegic
	            	positions below base line: 195
	pair: 43     ->	taxon1: P.xenopodi	taxon2: E.nipponic
	            	positions below base line: 148
	pair: 44     ->	taxon1: P.xenopodi	taxon2: S.mediterr
	            	positions below base line: 204
	pair: 45     ->	taxon1: P.xenopodi	taxon2: C.elegans 
	            	positions below base line: 193
	pair: 46     ->	taxon1: H.microsto	taxon2: T.solium  
	            	positions below base line: 170
	pair: 47     ->	taxon1: H.microsto	taxon2: C.intestin
	            	positions below base line: 198
	pair: 48     ->	taxon1: H.microsto	taxon2: R.norvegic
	            	positions below base line: 195
	pair: 49     ->	taxon1: H.microsto	taxon2: E.nipponic
	            	positions below base line: 191
	pair: 50     ->	taxon1: H.microsto	taxon2: S.mediterr
	            	positions below base line: 193
	pair: 51     ->	taxon1: H.microsto	taxon2: C.elegans 
	            	positions below base line: 206
	pair: 52     ->	taxon1: T.solium  	taxon2: C.intestin
	            	positions below base line: 181
	pair: 53     ->	taxon1: T.solium  	taxon2: R.norvegic
	            	positions below base line: 196
	pair: 54     ->	taxon1: T.solium  	taxon2: E.nipponic
	            	positions below base line: 175
	pair: 55     ->	taxon1: T.solium  	taxon2: S.mediterr
	            	positions below base line: 203
	pair: 56     ->	taxon1: T.solium  	taxon2: C.elegans 
	            	positions below base line: 187
	pair: 57     ->	taxon1: C.intestin	taxon2: R.norvegic
	            	positions below base line: 162
	pair: 58     ->	taxon1: C.intestin	taxon2: E.nipponic
	            	positions below base line: 185
	pair: 59     ->	taxon1: C.intestin	taxon2: S.mediterr
	            	positions below base line: 210
	pair: 60     ->	taxon1: C.intestin	taxon2: C.elegans 
	            	positions below base line: 154
	pair: 61     ->	taxon1: R.norvegic	taxon2: E.nipponic
	            	positions below base line: 177
	pair: 62     ->	taxon1: R.norvegic	taxon2: S.mediterr
	            	positions below base line: 207
	pair: 63     ->	taxon1: R.norvegic	taxon2: C.elegans 
	            	positions below base line: 138
	pair: 64     ->	taxon1: E.nipponic	taxon2: S.mediterr
	            	positions below base line: 198
	pair: 65     ->	taxon1: E.nipponic	taxon2: C.elegans 
	            	positions below base line: 181
	pair: 66     ->	taxon1: S.mediterr	taxon2: C.elegans 
	            	positions below base line: 225

	generates quality profile from collected scores ...


	scoring done ...


	generates vector plot from collected scores ...


Argument "-" treated as 0 in increment (++) at /usr/bin/Aliscore.pl line 1213.
	Profile written to EOG091G0MDG.clustalo.aln.fasta_Profile_random.txt
	List   written to EOG091G0MDG.clustalo.aln.fasta_List_random.txt

	time used: 4.34 sec

