
	reading taxa from FASTA ...


	D.melanogaster       -> sites: 813   
	C.sinensis           -> sites: 813   
	H.microstoma         -> sites: 813   
	L.gigantea           -> sites: 813   
	G.turnbulli          -> sites: 813   
	M.lignano            -> sites: 813   
	E.granulosus         -> sites: 813   
	H.robusta            -> sites: 813   
	D.rerio              -> sites: 813   
	C.intestinalis       -> sites: 813   
	T.solium             -> sites: 813   
	R.norvegicus         -> sites: 813   


	data type             : amino acid sequences

	input ...

	infile		: EOG091G0C2M.clustalo.aln.fasta
	random pairs	: 200000000000000000
	window size	: 6
	indels		: ambiguous
	tree file	: -
	node level	: -
	strict profile	: -
	outgroup	: -
	matrix          : BLOSUM62

	number of taxa        : 12
	random number of pairs: 200000000000000000

	generates threshhold value for amino acid data
	using BLOSUM62

	checks for (potential) identical taxa


	scores site patterns ...


	max number of different pairs is 66
	max random pairs are scored!

	pair: 1      ->	taxon1: D.melanoga	taxon2: C.sinensis
	            	positions below base line: 640
	pair: 2      ->	taxon1: D.melanoga	taxon2: H.microsto
	            	positions below base line: 655
	pair: 3      ->	taxon1: D.melanoga	taxon2: L.gigantea
	            	positions below base line: 505
	pair: 4      ->	taxon1: D.melanoga	taxon2: G.turnbull
	            	positions below base line: 652
	pair: 5      ->	taxon1: D.melanoga	taxon2: M.lignano 
	            	positions below base line: 615
	pair: 6      ->	taxon1: D.melanoga	taxon2: E.granulos
	            	positions below base line: 650
	pair: 7      ->	taxon1: D.melanoga	taxon2: H.robusta 
	            	positions below base line: 504
	pair: 8      ->	taxon1: D.melanoga	taxon2: D.rerio   
	            	positions below base line: 512
	pair: 9      ->	taxon1: D.melanoga	taxon2: C.intestin
	            	positions below base line: 537
	pair: 10     ->	taxon1: D.melanoga	taxon2: T.solium  
	            	positions below base line: 652
	pair: 11     ->	taxon1: D.melanoga	taxon2: R.norvegic
	            	positions below base line: 502
	pair: 12     ->	taxon1: C.sinensis	taxon2: H.microsto
	            	positions below base line: 563
	pair: 13     ->	taxon1: C.sinensis	taxon2: L.gigantea
	            	positions below base line: 619
	pair: 14     ->	taxon1: C.sinensis	taxon2: G.turnbull
	            	positions below base line: 562
	pair: 15     ->	taxon1: C.sinensis	taxon2: M.lignano 
	            	positions below base line: 635
	pair: 16     ->	taxon1: C.sinensis	taxon2: E.granulos
	            	positions below base line: 537
	pair: 17     ->	taxon1: C.sinensis	taxon2: H.robusta 
	            	positions below base line: 608
	pair: 18     ->	taxon1: C.sinensis	taxon2: D.rerio   
	            	positions below base line: 624
	pair: 19     ->	taxon1: C.sinensis	taxon2: C.intestin
	            	positions below base line: 632
	pair: 20     ->	taxon1: C.sinensis	taxon2: T.solium  
	            	positions below base line: 505
	pair: 21     ->	taxon1: C.sinensis	taxon2: R.norvegic
	            	positions below base line: 613
	pair: 22     ->	taxon1: H.microsto	taxon2: L.gigantea
	            	positions below base line: 627
	pair: 23     ->	taxon1: H.microsto	taxon2: G.turnbull
	            	positions below base line: 592
	pair: 24     ->	taxon1: H.microsto	taxon2: M.lignano 
	            	positions below base line: 651
	pair: 25     ->	taxon1: H.microsto	taxon2: E.granulos
	            	positions below base line: 419
	pair: 26     ->	taxon1: H.microsto	taxon2: H.robusta 
	            	positions below base line: 620
	pair: 27     ->	taxon1: H.microsto	taxon2: D.rerio   
	            	positions below base line: 642
	pair: 28     ->	taxon1: H.microsto	taxon2: C.intestin
	            	positions below base line: 642
	pair: 29     ->	taxon1: H.microsto	taxon2: T.solium  
	            	positions below base line: 461
	pair: 30     ->	taxon1: H.microsto	taxon2: R.norvegic
	            	positions below base line: 632
	pair: 31     ->	taxon1: L.gigantea	taxon2: G.turnbull
	            	positions below base line: 634
	pair: 32     ->	taxon1: L.gigantea	taxon2: M.lignano 
	            	positions below base line: 596
	pair: 33     ->	taxon1: L.gigantea	taxon2: E.granulos
	            	positions below base line: 633
	pair: 34     ->	taxon1: L.gigantea	taxon2: H.robusta 
	            	positions below base line: 452
	pair: 35     ->	taxon1: L.gigantea	taxon2: D.rerio   
	            	positions below base line: 432
	pair: 36     ->	taxon1: L.gigantea	taxon2: C.intestin
	            	positions below base line: 507
	pair: 37     ->	taxon1: L.gigantea	taxon2: T.solium  
	            	positions below base line: 629
	pair: 38     ->	taxon1: L.gigantea	taxon2: R.norvegic
	            	positions below base line: 441
	pair: 39     ->	taxon1: G.turnbull	taxon2: M.lignano 
	            	positions below base line: 645
	pair: 40     ->	taxon1: G.turnbull	taxon2: E.granulos
	            	positions below base line: 575
	pair: 41     ->	taxon1: G.turnbull	taxon2: H.robusta 
	            	positions below base line: 615
	pair: 42     ->	taxon1: G.turnbull	taxon2: D.rerio   
	            	positions below base line: 631
	pair: 43     ->	taxon1: G.turnbull	taxon2: C.intestin
	            	positions below base line: 654
	pair: 44     ->	taxon1: G.turnbull	taxon2: T.solium  
	            	positions below base line: 540
	pair: 45     ->	taxon1: G.turnbull	taxon2: R.norvegic
	            	positions below base line: 617
	pair: 46     ->	taxon1: M.lignano 	taxon2: E.granulos
	            	positions below base line: 640
	pair: 47     ->	taxon1: M.lignano 	taxon2: H.robusta 
	            	positions below base line: 586
	pair: 48     ->	taxon1: M.lignano 	taxon2: D.rerio   
	            	positions below base line: 588
	pair: 49     ->	taxon1: M.lignano 	taxon2: C.intestin
	            	positions below base line: 599
	pair: 50     ->	taxon1: M.lignano 	taxon2: T.solium  
	            	positions below base line: 642
	pair: 51     ->	taxon1: M.lignano 	taxon2: R.norvegic
	            	positions below base line: 586
	pair: 52     ->	taxon1: E.granulos	taxon2: H.robusta 
	            	positions below base line: 617
	pair: 53     ->	taxon1: E.granulos	taxon2: D.rerio   
	            	positions below base line: 630
	pair: 54     ->	taxon1: E.granulos	taxon2: C.intestin
	            	positions below base line: 639
	pair: 55     ->	taxon1: E.granulos	taxon2: T.solium  
	            	positions below base line: 366
	pair: 56     ->	taxon1: E.granulos	taxon2: R.norvegic
	            	positions below base line: 623
	pair: 57     ->	taxon1: H.robusta 	taxon2: D.rerio   
	            	positions below base line: 485
	pair: 58     ->	taxon1: H.robusta 	taxon2: C.intestin
	            	positions below base line: 500
	pair: 59     ->	taxon1: H.robusta 	taxon2: T.solium  
	            	positions below base line: 617
	pair: 60     ->	taxon1: H.robusta 	taxon2: R.norvegic
	            	positions below base line: 490
	pair: 61     ->	taxon1: D.rerio   	taxon2: C.intestin
	            	positions below base line: 459
	pair: 62     ->	taxon1: D.rerio   	taxon2: T.solium  
	            	positions below base line: 629
	pair: 63     ->	taxon1: D.rerio   	taxon2: R.norvegic
	            	positions below base line: 317
	pair: 64     ->	taxon1: C.intestin	taxon2: T.solium  
	            	positions below base line: 642
	pair: 65     ->	taxon1: C.intestin	taxon2: R.norvegic
	            	positions below base line: 476
	pair: 66     ->	taxon1: T.solium  	taxon2: R.norvegic
	            	positions below base line: 621

	generates quality profile from collected scores ...


	scoring done ...


	generates vector plot from collected scores ...


Argument "-" treated as 0 in increment (++) at /usr/bin/Aliscore.pl line 1213.
	Profile written to EOG091G0C2M.clustalo.aln.fasta_Profile_random.txt
	List   written to EOG091G0C2M.clustalo.aln.fasta_List_random.txt

	time used: 3.82 sec

