
	reading taxa from FASTA ...


	E.granulosus         -> sites: 786   
	C.intestinalis       -> sites: 786   
	H.robusta            -> sites: 786   
	R.norvegicus         -> sites: 786   
	T.solium             -> sites: 786   
	O.viverrini          -> sites: 786   
	S.mansoni            -> sites: 786   
	G.salaris            -> sites: 786   
	D.melanogaster       -> sites: 786   
	H.microstoma         -> sites: 786   
	D.rerio              -> sites: 786   


	data type             : amino acid sequences

	input ...

	infile		: EOG091G0GVZ.clustalo.aln.fasta
	random pairs	: 200000000000000000
	window size	: 6
	indels		: ambiguous
	tree file	: -
	node level	: -
	strict profile	: -
	outgroup	: -
	matrix          : BLOSUM62

	number of taxa        : 11
	random number of pairs: 200000000000000000

	generates threshhold value for amino acid data
	using BLOSUM62

	checks for (potential) identical taxa


	scores site patterns ...


	max number of different pairs is 55
	max random pairs are scored!

	pair: 1      ->	taxon1: E.granulos	taxon2: C.intestin
	            	positions below base line: 641
	pair: 2      ->	taxon1: E.granulos	taxon2: H.robusta 
	            	positions below base line: 651
	pair: 3      ->	taxon1: E.granulos	taxon2: R.norvegic
	            	positions below base line: 649
	pair: 4      ->	taxon1: E.granulos	taxon2: T.solium  
	            	positions below base line: 620
	pair: 5      ->	taxon1: E.granulos	taxon2: O.viverrin
	            	positions below base line: 649
	pair: 6      ->	taxon1: E.granulos	taxon2: S.mansoni 
	            	positions below base line: 649
	pair: 7      ->	taxon1: E.granulos	taxon2: G.salaris 
	            	positions below base line: 698
	pair: 8      ->	taxon1: E.granulos	taxon2: D.melanoga
	            	positions below base line: 644
	pair: 9      ->	taxon1: E.granulos	taxon2: H.microsto
	            	positions below base line: 214
	pair: 10     ->	taxon1: E.granulos	taxon2: D.rerio   
	            	positions below base line: 649
	pair: 11     ->	taxon1: C.intestin	taxon2: H.robusta 
	            	positions below base line: 486
	pair: 12     ->	taxon1: C.intestin	taxon2: R.norvegic
	            	positions below base line: 489
	pair: 13     ->	taxon1: C.intestin	taxon2: T.solium  
	            	positions below base line: 598
	pair: 14     ->	taxon1: C.intestin	taxon2: O.viverrin
	            	positions below base line: 564
	pair: 15     ->	taxon1: C.intestin	taxon2: S.mansoni 
	            	positions below base line: 541
	pair: 16     ->	taxon1: C.intestin	taxon2: G.salaris 
	            	positions below base line: 636
	pair: 17     ->	taxon1: C.intestin	taxon2: D.melanoga
	            	positions below base line: 481
	pair: 18     ->	taxon1: C.intestin	taxon2: H.microsto
	            	positions below base line: 618
	pair: 19     ->	taxon1: C.intestin	taxon2: D.rerio   
	            	positions below base line: 491
	pair: 20     ->	taxon1: H.robusta 	taxon2: R.norvegic
	            	positions below base line: 496
	pair: 21     ->	taxon1: H.robusta 	taxon2: T.solium  
	            	positions below base line: 622
	pair: 22     ->	taxon1: H.robusta 	taxon2: O.viverrin
	            	positions below base line: 571
	pair: 23     ->	taxon1: H.robusta 	taxon2: S.mansoni 
	            	positions below base line: 537
	pair: 24     ->	taxon1: H.robusta 	taxon2: G.salaris 
	            	positions below base line: 645
	pair: 25     ->	taxon1: H.robusta 	taxon2: D.melanoga
	            	positions below base line: 487
	pair: 26     ->	taxon1: H.robusta 	taxon2: H.microsto
	            	positions below base line: 620
	pair: 27     ->	taxon1: H.robusta 	taxon2: D.rerio   
	            	positions below base line: 493
	pair: 28     ->	taxon1: R.norvegic	taxon2: T.solium  
	            	positions below base line: 606
	pair: 29     ->	taxon1: R.norvegic	taxon2: O.viverrin
	            	positions below base line: 557
	pair: 30     ->	taxon1: R.norvegic	taxon2: S.mansoni 
	            	positions below base line: 530
	pair: 31     ->	taxon1: R.norvegic	taxon2: G.salaris 
	            	positions below base line: 641
	pair: 32     ->	taxon1: R.norvegic	taxon2: D.melanoga
	            	positions below base line: 484
	pair: 33     ->	taxon1: R.norvegic	taxon2: H.microsto
	            	positions below base line: 615
	pair: 34     ->	taxon1: R.norvegic	taxon2: D.rerio   
	            	positions below base line: 462
	pair: 35     ->	taxon1: T.solium  	taxon2: O.viverrin
	            	positions below base line: 609
	pair: 36     ->	taxon1: T.solium  	taxon2: S.mansoni 
	            	positions below base line: 603
	pair: 37     ->	taxon1: T.solium  	taxon2: G.salaris 
	            	positions below base line: 664
	pair: 38     ->	taxon1: T.solium  	taxon2: D.melanoga
	            	positions below base line: 601
	pair: 39     ->	taxon1: T.solium  	taxon2: H.microsto
	            	positions below base line: 604
	pair: 40     ->	taxon1: T.solium  	taxon2: D.rerio   
	            	positions below base line: 608
	pair: 41     ->	taxon1: O.viverrin	taxon2: S.mansoni 
	            	positions below base line: 577
	pair: 42     ->	taxon1: O.viverrin	taxon2: G.salaris 
	            	positions below base line: 647
	pair: 43     ->	taxon1: O.viverrin	taxon2: D.melanoga
	            	positions below base line: 570
	pair: 44     ->	taxon1: O.viverrin	taxon2: H.microsto
	            	positions below base line: 627
	pair: 45     ->	taxon1: O.viverrin	taxon2: D.rerio   
	            	positions below base line: 557
	pair: 46     ->	taxon1: S.mansoni 	taxon2: G.salaris 
	            	positions below base line: 640
	pair: 47     ->	taxon1: S.mansoni 	taxon2: D.melanoga
	            	positions below base line: 531
	pair: 48     ->	taxon1: S.mansoni 	taxon2: H.microsto
	            	positions below base line: 618
	pair: 49     ->	taxon1: S.mansoni 	taxon2: D.rerio   
	            	positions below base line: 530
	pair: 50     ->	taxon1: G.salaris 	taxon2: D.melanoga
	            	positions below base line: 629
	pair: 51     ->	taxon1: G.salaris 	taxon2: H.microsto
	            	positions below base line: 673
	pair: 52     ->	taxon1: G.salaris 	taxon2: D.rerio   
	            	positions below base line: 644
	pair: 53     ->	taxon1: D.melanoga	taxon2: H.microsto
	            	positions below base line: 618
	pair: 54     ->	taxon1: D.melanoga	taxon2: D.rerio   
	            	positions below base line: 482
	pair: 55     ->	taxon1: H.microsto	taxon2: D.rerio   
	            	positions below base line: 616

	generates quality profile from collected scores ...


	scoring done ...


	generates vector plot from collected scores ...


Argument "-" treated as 0 in increment (++) at /usr/bin/Aliscore.pl line 1213.
	Profile written to EOG091G0GVZ.clustalo.aln.fasta_Profile_random.txt
	List   written to EOG091G0GVZ.clustalo.aln.fasta_List_random.txt

	time used: 4.05 sec

