
	reading taxa from FASTA ...


	C.sinensis           -> sites: 458   
	D.melanogaster       -> sites: 458   
	D.rerio              -> sites: 458   
	C.intestinalis       -> sites: 458   
	H.microstoma         -> sites: 458   
	S.mansoni            -> sites: 458   
	R.norvegicus         -> sites: 458   
	P.xenopodis          -> sites: 458   
	G.salaris            -> sites: 458   
	O.viverrini          -> sites: 458   


	data type             : amino acid sequences

	input ...

	infile		: EOG091G0GKH.clustalo.aln.fasta
	random pairs	: 200000000000000000
	window size	: 6
	indels		: ambiguous
	tree file	: -
	node level	: -
	strict profile	: -
	outgroup	: -
	matrix          : BLOSUM62

	number of taxa        : 10
	random number of pairs: 200000000000000000

	generates threshhold value for amino acid data
	using BLOSUM62

	checks for (potential) identical taxa


	scores site patterns ...


	max number of different pairs is 45
	max random pairs are scored!

	pair: 1      ->	taxon1: C.sinensis	taxon2: D.melanoga
	            	positions below base line: 332
	pair: 2      ->	taxon1: C.sinensis	taxon2: D.rerio   
	            	positions below base line: 340
	pair: 3      ->	taxon1: C.sinensis	taxon2: C.intestin
	            	positions below base line: 328
	pair: 4      ->	taxon1: C.sinensis	taxon2: H.microsto
	            	positions below base line: 308
	pair: 5      ->	taxon1: C.sinensis	taxon2: S.mansoni 
	            	positions below base line: 279
	pair: 6      ->	taxon1: C.sinensis	taxon2: R.norvegic
	            	positions below base line: 346
	pair: 7      ->	taxon1: C.sinensis	taxon2: P.xenopodi
	            	positions below base line: 296
	pair: 8      ->	taxon1: C.sinensis	taxon2: G.salaris 
	            	positions below base line: 374
	pair: 9      ->	taxon1: C.sinensis	taxon2: O.viverrin
	            	positions below base line: 229
	pair: 10     ->	taxon1: D.melanoga	taxon2: D.rerio   
	            	positions below base line: 317
	pair: 11     ->	taxon1: D.melanoga	taxon2: C.intestin
	            	positions below base line: 323
	pair: 12     ->	taxon1: D.melanoga	taxon2: H.microsto
	            	positions below base line: 342
	pair: 13     ->	taxon1: D.melanoga	taxon2: S.mansoni 
	            	positions below base line: 316
	pair: 14     ->	taxon1: D.melanoga	taxon2: R.norvegic
	            	positions below base line: 308
	pair: 15     ->	taxon1: D.melanoga	taxon2: P.xenopodi
	            	positions below base line: 342
	pair: 16     ->	taxon1: D.melanoga	taxon2: G.salaris 
	            	positions below base line: 358
	pair: 17     ->	taxon1: D.melanoga	taxon2: O.viverrin
	            	positions below base line: 336
	pair: 18     ->	taxon1: D.rerio   	taxon2: C.intestin
	            	positions below base line: 297
	pair: 19     ->	taxon1: D.rerio   	taxon2: H.microsto
	            	positions below base line: 360
	pair: 20     ->	taxon1: D.rerio   	taxon2: S.mansoni 
	            	positions below base line: 339
	pair: 21     ->	taxon1: D.rerio   	taxon2: R.norvegic
	            	positions below base line: 222
	pair: 22     ->	taxon1: D.rerio   	taxon2: P.xenopodi
	            	positions below base line: 348
	pair: 23     ->	taxon1: D.rerio   	taxon2: G.salaris 
	            	positions below base line: 390
	pair: 24     ->	taxon1: D.rerio   	taxon2: O.viverrin
	            	positions below base line: 340
	pair: 25     ->	taxon1: C.intestin	taxon2: H.microsto
	            	positions below base line: 353
	pair: 26     ->	taxon1: C.intestin	taxon2: S.mansoni 
	            	positions below base line: 334
	pair: 27     ->	taxon1: C.intestin	taxon2: R.norvegic
	            	positions below base line: 291
	pair: 28     ->	taxon1: C.intestin	taxon2: P.xenopodi
	            	positions below base line: 344
	pair: 29     ->	taxon1: C.intestin	taxon2: G.salaris 
	            	positions below base line: 374
	pair: 30     ->	taxon1: C.intestin	taxon2: O.viverrin
	            	positions below base line: 328
	pair: 31     ->	taxon1: H.microsto	taxon2: S.mansoni 
	            	positions below base line: 309
	pair: 32     ->	taxon1: H.microsto	taxon2: R.norvegic
	            	positions below base line: 358
	pair: 33     ->	taxon1: H.microsto	taxon2: P.xenopodi
	            	positions below base line: 311
	pair: 34     ->	taxon1: H.microsto	taxon2: G.salaris 
	            	positions below base line: 377
	pair: 35     ->	taxon1: H.microsto	taxon2: O.viverrin
	            	positions below base line: 300
	pair: 36     ->	taxon1: S.mansoni 	taxon2: R.norvegic
	            	positions below base line: 338
	pair: 37     ->	taxon1: S.mansoni 	taxon2: P.xenopodi
	            	positions below base line: 319
	pair: 38     ->	taxon1: S.mansoni 	taxon2: G.salaris 
	            	positions below base line: 382
	pair: 39     ->	taxon1: S.mansoni 	taxon2: O.viverrin
	            	positions below base line: 288
	pair: 40     ->	taxon1: R.norvegic	taxon2: P.xenopodi
	            	positions below base line: 352
	pair: 41     ->	taxon1: R.norvegic	taxon2: G.salaris 
	            	positions below base line: 380
	pair: 42     ->	taxon1: R.norvegic	taxon2: O.viverrin
	            	positions below base line: 346
	pair: 43     ->	taxon1: P.xenopodi	taxon2: G.salaris 
	            	positions below base line: 393
	pair: 44     ->	taxon1: P.xenopodi	taxon2: O.viverrin
	            	positions below base line: 305
	pair: 45     ->	taxon1: G.salaris 	taxon2: O.viverrin
	            	positions below base line: 374

	generates quality profile from collected scores ...


	scoring done ...


	generates vector plot from collected scores ...


Argument "-" treated as 0 in increment (++) at /usr/bin/Aliscore.pl line 1213.
	Profile written to EOG091G0GKH.clustalo.aln.fasta_Profile_random.txt
	List   written to EOG091G0GKH.clustalo.aln.fasta_List_random.txt

	time used: 4.65 sec

