
	reading taxa from FASTA ...


	S.mediterranea       -> sites: 1575  
	T.solium             -> sites: 1575  
	C.elegans            -> sites: 1575  
	H.microstoma         -> sites: 1575  
	O.viverrini          -> sites: 1575  
	C.intestinalis       -> sites: 1575  
	G.salaris            -> sites: 1575  
	C.sinensis           -> sites: 1575  
	D.melanogaster       -> sites: 1575  
	S.mansoni            -> sites: 1575  
	R.norvegicus         -> sites: 1575  


	data type             : amino acid sequences

	input ...

	infile		: EOG091G0QUH.clustalo.aln.fasta
	random pairs	: 200000000000000000
	window size	: 6
	indels		: ambiguous
	tree file	: -
	node level	: -
	strict profile	: -
	outgroup	: -
	matrix          : BLOSUM62

	number of taxa        : 11
	random number of pairs: 200000000000000000

	generates threshhold value for amino acid data
	using BLOSUM62

	checks for (potential) identical taxa


	scores site patterns ...


	max number of different pairs is 55
	max random pairs are scored!

	pair: 1      ->	taxon1: S.mediterr	taxon2: T.solium  
	            	positions below base line: 1427
	pair: 2      ->	taxon1: S.mediterr	taxon2: C.elegans 
	            	positions below base line: 1433
	pair: 3      ->	taxon1: S.mediterr	taxon2: H.microsto
	            	positions below base line: 1450
	pair: 4      ->	taxon1: S.mediterr	taxon2: O.viverrin
	            	positions below base line: 1417
	pair: 5      ->	taxon1: S.mediterr	taxon2: C.intestin
	            	positions below base line: 1407
	pair: 6      ->	taxon1: S.mediterr	taxon2: G.salaris 
	            	positions below base line: 1439
	pair: 7      ->	taxon1: S.mediterr	taxon2: C.sinensis
	            	positions below base line: 1423
	pair: 8      ->	taxon1: S.mediterr	taxon2: D.melanoga
	            	positions below base line: 1441
	pair: 9      ->	taxon1: S.mediterr	taxon2: S.mansoni 
	            	positions below base line: 1431
	pair: 10     ->	taxon1: S.mediterr	taxon2: R.norvegic
	            	positions below base line: 1428
	pair: 11     ->	taxon1: T.solium  	taxon2: C.elegans 
	            	positions below base line: 1389
	pair: 12     ->	taxon1: T.solium  	taxon2: H.microsto
	            	positions below base line: 1380
	pair: 13     ->	taxon1: T.solium  	taxon2: O.viverrin
	            	positions below base line: 1348
	pair: 14     ->	taxon1: T.solium  	taxon2: C.intestin
	            	positions below base line: 1403
	pair: 15     ->	taxon1: T.solium  	taxon2: G.salaris 
	            	positions below base line: 1347
	pair: 16     ->	taxon1: T.solium  	taxon2: C.sinensis
	            	positions below base line: 1351
	pair: 17     ->	taxon1: T.solium  	taxon2: D.melanoga
	            	positions below base line: 1407
	pair: 18     ->	taxon1: T.solium  	taxon2: S.mansoni 
	            	positions below base line: 1350
	pair: 19     ->	taxon1: T.solium  	taxon2: R.norvegic
	            	positions below base line: 1399
	pair: 20     ->	taxon1: C.elegans 	taxon2: H.microsto
	            	positions below base line: 1407
	pair: 21     ->	taxon1: C.elegans 	taxon2: O.viverrin
	            	positions below base line: 1406
	pair: 22     ->	taxon1: C.elegans 	taxon2: C.intestin
	            	positions below base line: 1385
	pair: 23     ->	taxon1: C.elegans 	taxon2: G.salaris 
	            	positions below base line: 1416
	pair: 24     ->	taxon1: C.elegans 	taxon2: C.sinensis
	            	positions below base line: 1412
	pair: 25     ->	taxon1: C.elegans 	taxon2: D.melanoga
	            	positions below base line: 1334
	pair: 26     ->	taxon1: C.elegans 	taxon2: S.mansoni 
	            	positions below base line: 1411
	pair: 27     ->	taxon1: C.elegans 	taxon2: R.norvegic
	            	positions below base line: 1265
	pair: 28     ->	taxon1: H.microsto	taxon2: O.viverrin
	            	positions below base line: 1386
	pair: 29     ->	taxon1: H.microsto	taxon2: C.intestin
	            	positions below base line: 1420
	pair: 30     ->	taxon1: H.microsto	taxon2: G.salaris 
	            	positions below base line: 1398
	pair: 31     ->	taxon1: H.microsto	taxon2: C.sinensis
	            	positions below base line: 1391
	pair: 32     ->	taxon1: H.microsto	taxon2: D.melanoga
	            	positions below base line: 1415
	pair: 33     ->	taxon1: H.microsto	taxon2: S.mansoni 
	            	positions below base line: 1397
	pair: 34     ->	taxon1: H.microsto	taxon2: R.norvegic
	            	positions below base line: 1397
	pair: 35     ->	taxon1: O.viverrin	taxon2: C.intestin
	            	positions below base line: 1404
	pair: 36     ->	taxon1: O.viverrin	taxon2: G.salaris 
	            	positions below base line: 1391
	pair: 37     ->	taxon1: O.viverrin	taxon2: C.sinensis
	            	positions below base line: 1281
	pair: 38     ->	taxon1: O.viverrin	taxon2: D.melanoga
	            	positions below base line: 1410
	pair: 39     ->	taxon1: O.viverrin	taxon2: S.mansoni 
	            	positions below base line: 1322
	pair: 40     ->	taxon1: O.viverrin	taxon2: R.norvegic
	            	positions below base line: 1401
	pair: 41     ->	taxon1: C.intestin	taxon2: G.salaris 
	            	positions below base line: 1418
	pair: 42     ->	taxon1: C.intestin	taxon2: C.sinensis
	            	positions below base line: 1406
	pair: 43     ->	taxon1: C.intestin	taxon2: D.melanoga
	            	positions below base line: 1383
	pair: 44     ->	taxon1: C.intestin	taxon2: S.mansoni 
	            	positions below base line: 1404
	pair: 45     ->	taxon1: C.intestin	taxon2: R.norvegic
	            	positions below base line: 1357
	pair: 46     ->	taxon1: G.salaris 	taxon2: C.sinensis
	            	positions below base line: 1394
	pair: 47     ->	taxon1: G.salaris 	taxon2: D.melanoga
	            	positions below base line: 1405
	pair: 48     ->	taxon1: G.salaris 	taxon2: S.mansoni 
	            	positions below base line: 1401
	pair: 49     ->	taxon1: G.salaris 	taxon2: R.norvegic
	            	positions below base line: 1406
	pair: 50     ->	taxon1: C.sinensis	taxon2: D.melanoga
	            	positions below base line: 1413
	pair: 51     ->	taxon1: C.sinensis	taxon2: S.mansoni 
	            	positions below base line: 1312
	pair: 52     ->	taxon1: C.sinensis	taxon2: R.norvegic
	            	positions below base line: 1405
	pair: 53     ->	taxon1: D.melanoga	taxon2: S.mansoni 
	            	positions below base line: 1418
	pair: 54     ->	taxon1: D.melanoga	taxon2: R.norvegic
	            	positions below base line: 1337
	pair: 55     ->	taxon1: S.mansoni 	taxon2: R.norvegic
	            	positions below base line: 1412

	generates quality profile from collected scores ...


	scoring done ...


	generates vector plot from collected scores ...


Argument "-" treated as 0 in increment (++) at /usr/bin/Aliscore.pl line 1213.
	Profile written to EOG091G0QUH.clustalo.aln.fasta_Profile_random.txt
	List   written to EOG091G0QUH.clustalo.aln.fasta_List_random.txt

	time used: 4.14 sec

