
	reading taxa from FASTA ...


	H.microstoma         -> sites: 1577  
	C.intestinalis       -> sites: 1577  
	M.lignano            -> sites: 1577  
	G.turnbulli          -> sites: 1577  
	C.sinensis           -> sites: 1577  
	D.melanogaster       -> sites: 1577  
	E.granulosus         -> sites: 1577  
	R.norvegicus         -> sites: 1577  
	D.rerio              -> sites: 1577  
	S.mansoni            -> sites: 1577  
	H.robusta            -> sites: 1577  
	T.solium             -> sites: 1577  
	L.gigantea           -> sites: 1577  


	data type             : amino acid sequences

	input ...

	infile		: EOG091G02BK.clustalo.aln.fasta
	random pairs	: 200000000000000000
	window size	: 6
	indels		: ambiguous
	tree file	: -
	node level	: -
	strict profile	: -
	outgroup	: -
	matrix          : BLOSUM62

	number of taxa        : 13
	random number of pairs: 200000000000000000

	generates threshhold value for amino acid data
	using BLOSUM62

	checks for (potential) identical taxa


	scores site patterns ...


	max number of different pairs is 78
	max random pairs are scored!

	pair: 1      ->	taxon1: H.microsto	taxon2: C.intestin
	            	positions below base line: 1041
	pair: 2      ->	taxon1: H.microsto	taxon2: M.lignano 
	            	positions below base line: 1004
	pair: 3      ->	taxon1: H.microsto	taxon2: G.turnbull
	            	positions below base line: 1179
	pair: 4      ->	taxon1: H.microsto	taxon2: C.sinensis
	            	positions below base line: 1022
	pair: 5      ->	taxon1: H.microsto	taxon2: D.melanoga
	            	positions below base line: 1003
	pair: 6      ->	taxon1: H.microsto	taxon2: E.granulos
	            	positions below base line: 932
	pair: 7      ->	taxon1: H.microsto	taxon2: R.norvegic
	            	positions below base line: 1021
	pair: 8      ->	taxon1: H.microsto	taxon2: D.rerio   
	            	positions below base line: 1014
	pair: 9      ->	taxon1: H.microsto	taxon2: S.mansoni 
	            	positions below base line: 1037
	pair: 10     ->	taxon1: H.microsto	taxon2: H.robusta 
	            	positions below base line: 1008
	pair: 11     ->	taxon1: H.microsto	taxon2: T.solium  
	            	positions below base line: 929
	pair: 12     ->	taxon1: H.microsto	taxon2: L.gigantea
	            	positions below base line: 1014
	pair: 13     ->	taxon1: C.intestin	taxon2: M.lignano 
	            	positions below base line: 868
	pair: 14     ->	taxon1: C.intestin	taxon2: G.turnbull
	            	positions below base line: 1146
	pair: 15     ->	taxon1: C.intestin	taxon2: C.sinensis
	            	positions below base line: 944
	pair: 16     ->	taxon1: C.intestin	taxon2: D.melanoga
	            	positions below base line: 849
	pair: 17     ->	taxon1: C.intestin	taxon2: E.granulos
	            	positions below base line: 1064
	pair: 18     ->	taxon1: C.intestin	taxon2: R.norvegic
	            	positions below base line: 812
	pair: 19     ->	taxon1: C.intestin	taxon2: D.rerio   
	            	positions below base line: 818
	pair: 20     ->	taxon1: C.intestin	taxon2: S.mansoni 
	            	positions below base line: 948
	pair: 21     ->	taxon1: C.intestin	taxon2: H.robusta 
	            	positions below base line: 852
	pair: 22     ->	taxon1: C.intestin	taxon2: T.solium  
	            	positions below base line: 1041
	pair: 23     ->	taxon1: C.intestin	taxon2: L.gigantea
	            	positions below base line: 852
	pair: 24     ->	taxon1: M.lignano 	taxon2: G.turnbull
	            	positions below base line: 1172
	pair: 25     ->	taxon1: M.lignano 	taxon2: C.sinensis
	            	positions below base line: 932
	pair: 26     ->	taxon1: M.lignano 	taxon2: D.melanoga
	            	positions below base line: 844
	pair: 27     ->	taxon1: M.lignano 	taxon2: E.granulos
	            	positions below base line: 1033
	pair: 28     ->	taxon1: M.lignano 	taxon2: R.norvegic
	            	positions below base line: 838
	pair: 29     ->	taxon1: M.lignano 	taxon2: D.rerio   
	            	positions below base line: 840
	pair: 30     ->	taxon1: M.lignano 	taxon2: S.mansoni 
	            	positions below base line: 962
	pair: 31     ->	taxon1: M.lignano 	taxon2: H.robusta 
	            	positions below base line: 877
	pair: 32     ->	taxon1: M.lignano 	taxon2: T.solium  
	            	positions below base line: 1028
	pair: 33     ->	taxon1: M.lignano 	taxon2: L.gigantea
	            	positions below base line: 869
	pair: 34     ->	taxon1: G.turnbull	taxon2: C.sinensis
	            	positions below base line: 1178
	pair: 35     ->	taxon1: G.turnbull	taxon2: D.melanoga
	            	positions below base line: 1161
	pair: 36     ->	taxon1: G.turnbull	taxon2: E.granulos
	            	positions below base line: 1165
	pair: 37     ->	taxon1: G.turnbull	taxon2: R.norvegic
	            	positions below base line: 1161
	pair: 38     ->	taxon1: G.turnbull	taxon2: D.rerio   
	            	positions below base line: 1152
	pair: 39     ->	taxon1: G.turnbull	taxon2: S.mansoni 
	            	positions below base line: 1133
	pair: 40     ->	taxon1: G.turnbull	taxon2: H.robusta 
	            	positions below base line: 1152
	pair: 41     ->	taxon1: G.turnbull	taxon2: T.solium  
	            	positions below base line: 1163
	pair: 42     ->	taxon1: G.turnbull	taxon2: L.gigantea
	            	positions below base line: 1143
	pair: 43     ->	taxon1: C.sinensis	taxon2: D.melanoga
	            	positions below base line: 913
	pair: 44     ->	taxon1: C.sinensis	taxon2: E.granulos
	            	positions below base line: 1060
	pair: 45     ->	taxon1: C.sinensis	taxon2: R.norvegic
	            	positions below base line: 955
	pair: 46     ->	taxon1: C.sinensis	taxon2: D.rerio   
	            	positions below base line: 944
	pair: 47     ->	taxon1: C.sinensis	taxon2: S.mansoni 
	            	positions below base line: 962
	pair: 48     ->	taxon1: C.sinensis	taxon2: H.robusta 
	            	positions below base line: 938
	pair: 49     ->	taxon1: C.sinensis	taxon2: T.solium  
	            	positions below base line: 1033
	pair: 50     ->	taxon1: C.sinensis	taxon2: L.gigantea
	            	positions below base line: 947
	pair: 51     ->	taxon1: D.melanoga	taxon2: E.granulos
	            	positions below base line: 1030
	pair: 52     ->	taxon1: D.melanoga	taxon2: R.norvegic
	            	positions below base line: 822
	pair: 53     ->	taxon1: D.melanoga	taxon2: D.rerio   
	            	positions below base line: 844
	pair: 54     ->	taxon1: D.melanoga	taxon2: S.mansoni 
	            	positions below base line: 967
	pair: 55     ->	taxon1: D.melanoga	taxon2: H.robusta 
	            	positions below base line: 846
	pair: 56     ->	taxon1: D.melanoga	taxon2: T.solium  
	            	positions below base line: 1030
	pair: 57     ->	taxon1: D.melanoga	taxon2: L.gigantea
	            	positions below base line: 816
	pair: 58     ->	taxon1: E.granulos	taxon2: R.norvegic
	            	positions below base line: 1046
	pair: 59     ->	taxon1: E.granulos	taxon2: D.rerio   
	            	positions below base line: 1053
	pair: 60     ->	taxon1: E.granulos	taxon2: S.mansoni 
	            	positions below base line: 1034
	pair: 61     ->	taxon1: E.granulos	taxon2: H.robusta 
	            	positions below base line: 1052
	pair: 62     ->	taxon1: E.granulos	taxon2: T.solium  
	            	positions below base line: 781
	pair: 63     ->	taxon1: E.granulos	taxon2: L.gigantea
	            	positions below base line: 1043
	pair: 64     ->	taxon1: R.norvegic	taxon2: D.rerio   
	            	positions below base line: 729
	pair: 65     ->	taxon1: R.norvegic	taxon2: S.mansoni 
	            	positions below base line: 956
	pair: 66     ->	taxon1: R.norvegic	taxon2: H.robusta 
	            	positions below base line: 836
	pair: 67     ->	taxon1: R.norvegic	taxon2: T.solium  
	            	positions below base line: 1047
	pair: 68     ->	taxon1: R.norvegic	taxon2: L.gigantea
	            	positions below base line: 805
	pair: 69     ->	taxon1: D.rerio   	taxon2: S.mansoni 
	            	positions below base line: 946
	pair: 70     ->	taxon1: D.rerio   	taxon2: H.robusta 
	            	positions below base line: 831
	pair: 71     ->	taxon1: D.rerio   	taxon2: T.solium  
	            	positions below base line: 1042
	pair: 72     ->	taxon1: D.rerio   	taxon2: L.gigantea
	            	positions below base line: 815
	pair: 73     ->	taxon1: S.mansoni 	taxon2: H.robusta 
	            	positions below base line: 976
	pair: 74     ->	taxon1: S.mansoni 	taxon2: T.solium  
	            	positions below base line: 1027
	pair: 75     ->	taxon1: S.mansoni 	taxon2: L.gigantea
	            	positions below base line: 955
	pair: 76     ->	taxon1: H.robusta 	taxon2: T.solium  
	            	positions below base line: 1033
	pair: 77     ->	taxon1: H.robusta 	taxon2: L.gigantea
	            	positions below base line: 814
	pair: 78     ->	taxon1: T.solium  	taxon2: L.gigantea
	            	positions below base line: 1034

	generates quality profile from collected scores ...


	scoring done ...


	generates vector plot from collected scores ...


Argument "-" treated as 0 in increment (++) at /usr/bin/Aliscore.pl line 1213.
	Profile written to EOG091G02BK.clustalo.aln.fasta_Profile_random.txt
	List   written to EOG091G02BK.clustalo.aln.fasta_List_random.txt

	time used: 4.32 sec

