
	reading taxa from FASTA ...


	D.rerio              -> sites: 522   
	R.norvegicus         -> sites: 522   
	T.solium             -> sites: 522   
	G.salaris            -> sites: 522   
	H.microstoma         -> sites: 522   
	E.granulosus         -> sites: 522   
	D.melanogaster       -> sites: 522   
	H.robusta            -> sites: 522   
	G.turnbulli          -> sites: 522   
	O.viverrini          -> sites: 522   
	C.sinensis           -> sites: 522   
	C.intestinalis       -> sites: 522   


	data type             : amino acid sequences

	input ...

	infile		: EOG091G06HP.clustalo.aln.fasta
	random pairs	: 200000000000000000
	window size	: 6
	indels		: ambiguous
	tree file	: -
	node level	: -
	strict profile	: -
	outgroup	: -
	matrix          : BLOSUM62

	number of taxa        : 12
	random number of pairs: 200000000000000000

	generates threshhold value for amino acid data
	using BLOSUM62

	checks for (potential) identical taxa


	scores site patterns ...


	max number of different pairs is 66
	max random pairs are scored!

	pair: 1      ->	taxon1: D.rerio   	taxon2: R.norvegic
	            	positions below base line: 40
	pair: 2      ->	taxon1: D.rerio   	taxon2: T.solium  
	            	positions below base line: 200
	pair: 3      ->	taxon1: D.rerio   	taxon2: G.salaris 
	            	positions below base line: 122
	pair: 4      ->	taxon1: D.rerio   	taxon2: H.microsto
	            	positions below base line: 271
	pair: 5      ->	taxon1: D.rerio   	taxon2: E.granulos
	            	positions below base line: 147
	pair: 6      ->	taxon1: D.rerio   	taxon2: D.melanoga
	            	positions below base line: 111
	pair: 7      ->	taxon1: D.rerio   	taxon2: H.robusta 
	            	positions below base line: 88
	pair: 8      ->	taxon1: D.rerio   	taxon2: G.turnbull
	            	positions below base line: 128
	pair: 9      ->	taxon1: D.rerio   	taxon2: O.viverrin
	            	positions below base line: 129
	pair: 10     ->	taxon1: D.rerio   	taxon2: C.sinensis
	            	positions below base line: 123
	pair: 11     ->	taxon1: D.rerio   	taxon2: C.intestin
	            	positions below base line: 71
	pair: 12     ->	taxon1: R.norvegic	taxon2: T.solium  
	            	positions below base line: 205
	pair: 13     ->	taxon1: R.norvegic	taxon2: G.salaris 
	            	positions below base line: 123
	pair: 14     ->	taxon1: R.norvegic	taxon2: H.microsto
	            	positions below base line: 271
	pair: 15     ->	taxon1: R.norvegic	taxon2: E.granulos
	            	positions below base line: 148
	pair: 16     ->	taxon1: R.norvegic	taxon2: D.melanoga
	            	positions below base line: 121
	pair: 17     ->	taxon1: R.norvegic	taxon2: H.robusta 
	            	positions below base line: 94
	pair: 18     ->	taxon1: R.norvegic	taxon2: G.turnbull
	            	positions below base line: 141
	pair: 19     ->	taxon1: R.norvegic	taxon2: O.viverrin
	            	positions below base line: 136
	pair: 20     ->	taxon1: R.norvegic	taxon2: C.sinensis
	            	positions below base line: 128
	pair: 21     ->	taxon1: R.norvegic	taxon2: C.intestin
	            	positions below base line: 69
	pair: 22     ->	taxon1: T.solium  	taxon2: G.salaris 
	            	positions below base line: 204
	pair: 23     ->	taxon1: T.solium  	taxon2: H.microsto
	            	positions below base line: 265
	pair: 24     ->	taxon1: T.solium  	taxon2: E.granulos
	            	positions below base line: 151
	pair: 25     ->	taxon1: T.solium  	taxon2: D.melanoga
	            	positions below base line: 203
	pair: 26     ->	taxon1: T.solium  	taxon2: H.robusta 
	            	positions below base line: 206
	pair: 27     ->	taxon1: T.solium  	taxon2: G.turnbull
	            	positions below base line: 216
	pair: 28     ->	taxon1: T.solium  	taxon2: O.viverrin
	            	positions below base line: 201
	pair: 29     ->	taxon1: T.solium  	taxon2: C.sinensis
	            	positions below base line: 177
	pair: 30     ->	taxon1: T.solium  	taxon2: C.intestin
	            	positions below base line: 205
	pair: 31     ->	taxon1: G.salaris 	taxon2: H.microsto
	            	positions below base line: 275
	pair: 32     ->	taxon1: G.salaris 	taxon2: E.granulos
	            	positions below base line: 152
	pair: 33     ->	taxon1: G.salaris 	taxon2: D.melanoga
	            	positions below base line: 140
	pair: 34     ->	taxon1: G.salaris 	taxon2: H.robusta 
	            	positions below base line: 121
	pair: 35     ->	taxon1: G.salaris 	taxon2: G.turnbull
	            	positions below base line: 90
	pair: 36     ->	taxon1: G.salaris 	taxon2: O.viverrin
	            	positions below base line: 127
	pair: 37     ->	taxon1: G.salaris 	taxon2: C.sinensis
	            	positions below base line: 125
	pair: 38     ->	taxon1: G.salaris 	taxon2: C.intestin
	            	positions below base line: 126
	pair: 39     ->	taxon1: H.microsto	taxon2: E.granulos
	            	positions below base line: 265
	pair: 40     ->	taxon1: H.microsto	taxon2: D.melanoga
	            	positions below base line: 277
	pair: 41     ->	taxon1: H.microsto	taxon2: H.robusta 
	            	positions below base line: 283
	pair: 42     ->	taxon1: H.microsto	taxon2: G.turnbull
	            	positions below base line: 276
	pair: 43     ->	taxon1: H.microsto	taxon2: O.viverrin
	            	positions below base line: 263
	pair: 44     ->	taxon1: H.microsto	taxon2: C.sinensis
	            	positions below base line: 263
	pair: 45     ->	taxon1: H.microsto	taxon2: C.intestin
	            	positions below base line: 269
	pair: 46     ->	taxon1: E.granulos	taxon2: D.melanoga
	            	positions below base line: 136
	pair: 47     ->	taxon1: E.granulos	taxon2: H.robusta 
	            	positions below base line: 163
	pair: 48     ->	taxon1: E.granulos	taxon2: G.turnbull
	            	positions below base line: 164
	pair: 49     ->	taxon1: E.granulos	taxon2: O.viverrin
	            	positions below base line: 144
	pair: 50     ->	taxon1: E.granulos	taxon2: C.sinensis
	            	positions below base line: 119
	pair: 51     ->	taxon1: E.granulos	taxon2: C.intestin
	            	positions below base line: 151
	pair: 52     ->	taxon1: D.melanoga	taxon2: H.robusta 
	            	positions below base line: 124
	pair: 53     ->	taxon1: D.melanoga	taxon2: G.turnbull
	            	positions below base line: 149
	pair: 54     ->	taxon1: D.melanoga	taxon2: O.viverrin
	            	positions below base line: 145
	pair: 55     ->	taxon1: D.melanoga	taxon2: C.sinensis
	            	positions below base line: 134
	pair: 56     ->	taxon1: D.melanoga	taxon2: C.intestin
	            	positions below base line: 117
	pair: 57     ->	taxon1: H.robusta 	taxon2: G.turnbull
	            	positions below base line: 154
	pair: 58     ->	taxon1: H.robusta 	taxon2: O.viverrin
	            	positions below base line: 129
	pair: 59     ->	taxon1: H.robusta 	taxon2: C.sinensis
	            	positions below base line: 133
	pair: 60     ->	taxon1: H.robusta 	taxon2: C.intestin
	            	positions below base line: 98
	pair: 61     ->	taxon1: G.turnbull	taxon2: O.viverrin
	            	positions below base line: 148
	pair: 62     ->	taxon1: G.turnbull	taxon2: C.sinensis
	            	positions below base line: 149
	pair: 63     ->	taxon1: G.turnbull	taxon2: C.intestin
	            	positions below base line: 130
	pair: 64     ->	taxon1: O.viverrin	taxon2: C.sinensis
	            	positions below base line: 75
	pair: 65     ->	taxon1: O.viverrin	taxon2: C.intestin
	            	positions below base line: 138
	pair: 66     ->	taxon1: C.sinensis	taxon2: C.intestin
	            	positions below base line: 125

	generates quality profile from collected scores ...


	scoring done ...


	generates vector plot from collected scores ...


Argument "-" treated as 0 in increment (++) at /usr/bin/Aliscore.pl line 1213.
	Profile written to EOG091G06HP.clustalo.aln.fasta_Profile_random.txt
	List   written to EOG091G06HP.clustalo.aln.fasta_List_random.txt

	time used: 4.36 sec

