
RAxML can't, parse the alignment file as phylip file 
it will now try to parse it as FASTA file


This is the RAxML Master Pthread

This is RAxML Worker Pthread Number: 1


This is RAxML version 8.2.12 released by Alexandros Stamatakis on May 2018.

With greatly appreciated code contributions by:
Andre Aberer      (HITS)
Simon Berger      (HITS)
Alexey Kozlov     (HITS)
Kassian Kobert    (HITS)
David Dao         (KIT and HITS)
Sarah Lutteropp   (KIT and HITS)
Nick Pattengale   (Sandia)
Wayne Pfeiffer    (SDSC)
Akifumi S. Tanabe (NRIFS)
Charlie Taylor    (UF)


Alignment has 192 distinct alignment patterns

Proportion of gaps and completely undetermined characters in this alignment: 5.35%

RAxML rapid bootstrapping and subsequent ML search

Using 1 distinct models/data partitions with joint branch length optimization



Executing 100 rapid bootstrap inferences and thereafter a thorough ML search 

All free model parameters will be estimated by RAxML
GAMMA model of rate heterogeneity, ML estimate of alpha-parameter

GAMMA Model parameters will be estimated up to an accuracy of 0.1000000000 Log Likelihood units

Partition: 0
Alignment Patterns: 192
Name: No Name Provided
DataType: AA
Substitution Matrix: RTREV
Using empirical base frequencies




RAxML was called as follows:

raxml -f a -T 2 -m PROTGAMMARTREVF -p 12345 -x 12345 -# 100 -s ALICUT_EOG091G0CZX.clustalo.aln.fasta -n EOG091G0CZX.clustalo.aln.ALICUT.RTREVF 



Time for BS model parameter optimization 0.051443
Bootstrap[0]: Time 0.841666 seconds, bootstrap likelihood -3115.975896, best rearrangement setting 13
Bootstrap[1]: Time 0.553007 seconds, bootstrap likelihood -3171.369202, best rearrangement setting 13
Bootstrap[2]: Time 0.749461 seconds, bootstrap likelihood -3300.907599, best rearrangement setting 12
Bootstrap[3]: Time 0.600771 seconds, bootstrap likelihood -3448.386758, best rearrangement setting 15
Bootstrap[4]: Time 0.800778 seconds, bootstrap likelihood -3257.430228, best rearrangement setting 10
Bootstrap[5]: Time 0.683623 seconds, bootstrap likelihood -3354.091493, best rearrangement setting 10
Bootstrap[6]: Time 0.283236 seconds, bootstrap likelihood -3382.372124, best rearrangement setting 6
Bootstrap[7]: Time 0.785265 seconds, bootstrap likelihood -3283.323326, best rearrangement setting 14
Bootstrap[8]: Time 0.606129 seconds, bootstrap likelihood -3315.017832, best rearrangement setting 5
Bootstrap[9]: Time 0.833124 seconds, bootstrap likelihood -3089.902096, best rearrangement setting 7
Bootstrap[10]: Time 0.675884 seconds, bootstrap likelihood -3319.110497, best rearrangement setting 7
Bootstrap[11]: Time 0.647855 seconds, bootstrap likelihood -3301.631986, best rearrangement setting 5
Bootstrap[12]: Time 0.800719 seconds, bootstrap likelihood -3343.184754, best rearrangement setting 8
Bootstrap[13]: Time 0.567284 seconds, bootstrap likelihood -3183.245356, best rearrangement setting 7
Bootstrap[14]: Time 0.774622 seconds, bootstrap likelihood -3258.788455, best rearrangement setting 12
Bootstrap[15]: Time 0.613783 seconds, bootstrap likelihood -3177.910550, best rearrangement setting 15
Bootstrap[16]: Time 0.451272 seconds, bootstrap likelihood -3333.889114, best rearrangement setting 12
Bootstrap[17]: Time 0.465525 seconds, bootstrap likelihood -3125.137137, best rearrangement setting 12
Bootstrap[18]: Time 0.496543 seconds, bootstrap likelihood -3473.284316, best rearrangement setting 5
Bootstrap[19]: Time 0.496451 seconds, bootstrap likelihood -3339.096460, best rearrangement setting 8
Bootstrap[20]: Time 0.505389 seconds, bootstrap likelihood -3213.219063, best rearrangement setting 10
Bootstrap[21]: Time 0.452940 seconds, bootstrap likelihood -3456.814123, best rearrangement setting 6
Bootstrap[22]: Time 0.458704 seconds, bootstrap likelihood -3385.212166, best rearrangement setting 5
Bootstrap[23]: Time 0.198060 seconds, bootstrap likelihood -3187.444284, best rearrangement setting 7
Bootstrap[24]: Time 0.570773 seconds, bootstrap likelihood -3343.439891, best rearrangement setting 8
Bootstrap[25]: Time 0.477097 seconds, bootstrap likelihood -3265.736175, best rearrangement setting 6
Bootstrap[26]: Time 0.474736 seconds, bootstrap likelihood -3351.390112, best rearrangement setting 12
Bootstrap[27]: Time 0.459295 seconds, bootstrap likelihood -3103.759431, best rearrangement setting 10
Bootstrap[28]: Time 0.446824 seconds, bootstrap likelihood -3308.532036, best rearrangement setting 11
Bootstrap[29]: Time 0.529924 seconds, bootstrap likelihood -3358.156754, best rearrangement setting 12
Bootstrap[30]: Time 0.443933 seconds, bootstrap likelihood -3122.676502, best rearrangement setting 15
Bootstrap[31]: Time 0.484123 seconds, bootstrap likelihood -3277.065411, best rearrangement setting 15
Bootstrap[32]: Time 0.456379 seconds, bootstrap likelihood -3200.940465, best rearrangement setting 6
Bootstrap[33]: Time 0.485545 seconds, bootstrap likelihood -3001.886514, best rearrangement setting 15
Bootstrap[34]: Time 0.452737 seconds, bootstrap likelihood -3359.135624, best rearrangement setting 11
Bootstrap[35]: Time 0.482881 seconds, bootstrap likelihood -3213.093420, best rearrangement setting 8
Bootstrap[36]: Time 0.484438 seconds, bootstrap likelihood -3230.809793, best rearrangement setting 9
Bootstrap[37]: Time 0.442420 seconds, bootstrap likelihood -3199.694725, best rearrangement setting 11
Bootstrap[38]: Time 0.517238 seconds, bootstrap likelihood -3207.403283, best rearrangement setting 8
Bootstrap[39]: Time 0.470265 seconds, bootstrap likelihood -3173.882461, best rearrangement setting 13
Bootstrap[40]: Time 0.409893 seconds, bootstrap likelihood -3019.564403, best rearrangement setting 13
Bootstrap[41]: Time 0.439298 seconds, bootstrap likelihood -3151.725758, best rearrangement setting 10
Bootstrap[42]: Time 0.405661 seconds, bootstrap likelihood -3335.043943, best rearrangement setting 5
Bootstrap[43]: Time 0.432464 seconds, bootstrap likelihood -3384.196447, best rearrangement setting 14
Bootstrap[44]: Time 0.544709 seconds, bootstrap likelihood -3318.211161, best rearrangement setting 10
Bootstrap[45]: Time 0.448413 seconds, bootstrap likelihood -3252.935945, best rearrangement setting 15
Bootstrap[46]: Time 0.426942 seconds, bootstrap likelihood -3442.642255, best rearrangement setting 14
Bootstrap[47]: Time 0.507923 seconds, bootstrap likelihood -3444.286901, best rearrangement setting 8
Bootstrap[48]: Time 0.536075 seconds, bootstrap likelihood -3485.734503, best rearrangement setting 6
Bootstrap[49]: Time 0.494882 seconds, bootstrap likelihood -3240.602790, best rearrangement setting 7
Bootstrap[50]: Time 0.487337 seconds, bootstrap likelihood -3481.526191, best rearrangement setting 7
Bootstrap[51]: Time 0.475894 seconds, bootstrap likelihood -3097.522573, best rearrangement setting 11
Bootstrap[52]: Time 0.464110 seconds, bootstrap likelihood -3187.860943, best rearrangement setting 12
Bootstrap[53]: Time 0.519552 seconds, bootstrap likelihood -3157.842641, best rearrangement setting 8
Bootstrap[54]: Time 0.497406 seconds, bootstrap likelihood -3572.501281, best rearrangement setting 9
Bootstrap[55]: Time 0.502410 seconds, bootstrap likelihood -3441.023949, best rearrangement setting 11
Bootstrap[56]: Time 0.499854 seconds, bootstrap likelihood -3257.737864, best rearrangement setting 5
Bootstrap[57]: Time 0.455040 seconds, bootstrap likelihood -3347.606935, best rearrangement setting 7
Bootstrap[58]: Time 0.418667 seconds, bootstrap likelihood -3176.475727, best rearrangement setting 10
Bootstrap[59]: Time 0.505526 seconds, bootstrap likelihood -3039.183951, best rearrangement setting 9
Bootstrap[60]: Time 0.467455 seconds, bootstrap likelihood -3180.290339, best rearrangement setting 7
Bootstrap[61]: Time 0.434189 seconds, bootstrap likelihood -3266.756937, best rearrangement setting 5
Bootstrap[62]: Time 0.403121 seconds, bootstrap likelihood -3124.047332, best rearrangement setting 11
Bootstrap[63]: Time 0.434293 seconds, bootstrap likelihood -3016.448383, best rearrangement setting 12
Bootstrap[64]: Time 0.425737 seconds, bootstrap likelihood -3264.324373, best rearrangement setting 7
Bootstrap[65]: Time 0.203467 seconds, bootstrap likelihood -3602.107204, best rearrangement setting 5
Bootstrap[66]: Time 0.528917 seconds, bootstrap likelihood -3292.924155, best rearrangement setting 5
Bootstrap[67]: Time 0.547747 seconds, bootstrap likelihood -3214.469500, best rearrangement setting 15
Bootstrap[68]: Time 0.499907 seconds, bootstrap likelihood -3203.678923, best rearrangement setting 11
Bootstrap[69]: Time 0.398813 seconds, bootstrap likelihood -3225.483604, best rearrangement setting 5
Bootstrap[70]: Time 0.451822 seconds, bootstrap likelihood -3279.020557, best rearrangement setting 8
Bootstrap[71]: Time 0.505287 seconds, bootstrap likelihood -3198.476477, best rearrangement setting 10
Bootstrap[72]: Time 0.489556 seconds, bootstrap likelihood -3252.219384, best rearrangement setting 11
Bootstrap[73]: Time 0.452374 seconds, bootstrap likelihood -3137.601952, best rearrangement setting 9
Bootstrap[74]: Time 0.455370 seconds, bootstrap likelihood -3134.055915, best rearrangement setting 5
Bootstrap[75]: Time 0.488666 seconds, bootstrap likelihood -3316.374674, best rearrangement setting 8
Bootstrap[76]: Time 0.509863 seconds, bootstrap likelihood -3415.087351, best rearrangement setting 9
Bootstrap[77]: Time 0.483511 seconds, bootstrap likelihood -3240.988776, best rearrangement setting 11
Bootstrap[78]: Time 0.445768 seconds, bootstrap likelihood -3268.194833, best rearrangement setting 15
Bootstrap[79]: Time 0.474617 seconds, bootstrap likelihood -3452.240624, best rearrangement setting 9
Bootstrap[80]: Time 0.472394 seconds, bootstrap likelihood -3179.219591, best rearrangement setting 15
Bootstrap[81]: Time 0.439306 seconds, bootstrap likelihood -3038.209932, best rearrangement setting 7
Bootstrap[82]: Time 0.569288 seconds, bootstrap likelihood -3309.704061, best rearrangement setting 6
Bootstrap[83]: Time 0.483684 seconds, bootstrap likelihood -3565.409009, best rearrangement setting 10
Bootstrap[84]: Time 0.199042 seconds, bootstrap likelihood -3351.892954, best rearrangement setting 11
Bootstrap[85]: Time 0.450429 seconds, bootstrap likelihood -3295.033581, best rearrangement setting 8
Bootstrap[86]: Time 0.424530 seconds, bootstrap likelihood -3264.324547, best rearrangement setting 7
Bootstrap[87]: Time 0.513585 seconds, bootstrap likelihood -3188.709927, best rearrangement setting 7
Bootstrap[88]: Time 0.495629 seconds, bootstrap likelihood -3288.162480, best rearrangement setting 12
Bootstrap[89]: Time 0.434821 seconds, bootstrap likelihood -3392.290827, best rearrangement setting 10
Bootstrap[90]: Time 0.455439 seconds, bootstrap likelihood -3058.074209, best rearrangement setting 8
Bootstrap[91]: Time 0.449993 seconds, bootstrap likelihood -3241.002705, best rearrangement setting 12
Bootstrap[92]: Time 0.531827 seconds, bootstrap likelihood -3295.887550, best rearrangement setting 13
Bootstrap[93]: Time 0.592523 seconds, bootstrap likelihood -3313.837199, best rearrangement setting 15
Bootstrap[94]: Time 0.478089 seconds, bootstrap likelihood -3229.218388, best rearrangement setting 5
Bootstrap[95]: Time 0.508136 seconds, bootstrap likelihood -3335.820743, best rearrangement setting 5
Bootstrap[96]: Time 0.528217 seconds, bootstrap likelihood -3422.865780, best rearrangement setting 13
Bootstrap[97]: Time 0.519468 seconds, bootstrap likelihood -3253.919214, best rearrangement setting 11
Bootstrap[98]: Time 0.482411 seconds, bootstrap likelihood -3294.044920, best rearrangement setting 6
Bootstrap[99]: Time 0.478162 seconds, bootstrap likelihood -3274.970843, best rearrangement setting 14


Overall Time for 100 Rapid Bootstraps 50.125199 seconds
Average Time per Rapid Bootstrap 0.501252 seconds

Starting ML Search ...

Fast ML optimization finished

Fast ML search Time: 37.450723 seconds

Slow ML Search 0 Likelihood: -3290.141077
Slow ML Search 1 Likelihood: -3290.141077
Slow ML Search 2 Likelihood: -3290.141077
Slow ML Search 3 Likelihood: -3290.141077
Slow ML Search 4 Likelihood: -3290.141077
Slow ML Search 5 Likelihood: -3290.141077
Slow ML Search 6 Likelihood: -3290.141077
Slow ML Search 7 Likelihood: -3290.141077
Slow ML Search 8 Likelihood: -3290.141077
Slow ML Search 9 Likelihood: -3290.141077
Slow ML optimization finished

Slow ML search Time: 11.466236 seconds
Thorough ML search Time: 1.072423 seconds

Final ML Optimization Likelihood: -3290.141077

Model Information:

Model Parameters of Partition 0, Name: No Name Provided, Type of Data: AA
alpha: 1.638646
Tree-Length: 4.872052
rate A <-> R: 0.324427
rate A <-> N: 0.486641
rate A <-> D: 0.095420
rate A <-> C: 4.188931
rate A <-> Q: 0.305344
rate A <-> E: 0.772901
rate A <-> G: 1.288168
rate A <-> H: 0.286260
rate A <-> I: 0.009542
rate A <-> L: 0.429389
rate A <-> K: 0.362595
rate A <-> M: 2.242366
rate A <-> F: 0.009542
rate A <-> P: 0.925573
rate A <-> S: 4.389313
rate A <-> T: 2.461832
rate A <-> W: 0.047710
rate A <-> Y: 0.524809
rate A <-> V: 1.879771
rate R <-> N: 0.333969
rate R <-> D: 0.286260
rate R <-> C: 0.877863
rate R <-> Q: 2.108779
rate R <-> E: 0.095420
rate R <-> G: 0.391221
rate R <-> H: 0.858779
rate R <-> I: 0.229008
rate R <-> L: 0.171756
rate R <-> K: 5.658397
rate R <-> M: 0.543893
rate R <-> F: 0.066794
rate R <-> P: 0.229008
rate R <-> S: 0.973282
rate R <-> T: 0.610687
rate R <-> W: 0.124046
rate R <-> Y: 0.448473
rate R <-> V: 0.276718
rate N <-> D: 3.664122
rate N <-> C: 1.221374
rate N <-> Q: 2.251908
rate N <-> E: 0.753817
rate N <-> G: 0.896947
rate N <-> H: 3.053435
rate N <-> I: 0.333969
rate N <-> L: 0.143130
rate N <-> K: 1.173664
rate N <-> M: 0.009542
rate N <-> F: 0.467557
rate N <-> P: 0.314885
rate N <-> S: 2.805344
rate N <-> T: 1.412214
rate N <-> W: 0.152672
rate N <-> Y: 0.267176
rate N <-> V: 0.200382
rate D <-> C: 0.009542
rate D <-> Q: 0.744275
rate D <-> E: 5.171756
rate D <-> G: 0.582061
rate D <-> H: 0.868321
rate D <-> I: 0.009542
rate D <-> L: 0.047710
rate D <-> K: 0.190840
rate D <-> M: 0.009542
rate D <-> F: 0.009542
rate D <-> P: 0.524809
rate D <-> S: 1.297710
rate D <-> T: 0.524809
rate D <-> W: 0.009542
rate D <-> Y: 0.009542
rate D <-> V: 0.057252
rate C <-> Q: 0.667939
rate C <-> E: 0.009542
rate C <-> G: 0.458015
rate C <-> H: 1.183206
rate C <-> I: 0.992366
rate C <-> L: 1.049618
rate C <-> K: 0.152672
rate C <-> M: 1.488550
rate C <-> F: 0.667939
rate C <-> P: 0.009542
rate C <-> S: 0.715649
rate C <-> T: 1.116412
rate C <-> W: 0.524809
rate C <-> Y: 1.250000
rate C <-> V: 2.814885
rate Q <-> E: 3.549618
rate Q <-> G: 0.171756
rate Q <-> H: 3.692748
rate Q <-> I: 0.314885
rate Q <-> L: 0.515267
rate Q <-> K: 2.948473
rate Q <-> M: 1.507634
rate Q <-> F: 0.009542
rate Q <-> P: 0.648855
rate Q <-> S: 2.146947
rate Q <-> T: 1.393130
rate Q <-> W: 0.095420
rate Q <-> Y: 0.429389
rate Q <-> V: 0.343511
rate E <-> G: 0.667939
rate E <-> H: 0.324427
rate E <-> I: 0.009542
rate E <-> L: 0.200382
rate E <-> K: 1.345420
rate E <-> M: 0.009542
rate E <-> F: 0.009542
rate E <-> P: 0.496183
rate E <-> S: 0.906489
rate E <-> T: 0.782443
rate E <-> W: 0.162214
rate E <-> Y: 0.009542
rate E <-> V: 0.333969
rate G <-> H: 0.648855
rate G <-> I: 0.009542
rate G <-> L: 0.028626
rate G <-> K: 0.286260
rate G <-> M: 0.353053
rate G <-> F: 0.066794
rate G <-> P: 0.162214
rate G <-> S: 1.450382
rate G <-> T: 0.066794
rate G <-> W: 0.219466
rate G <-> Y: 0.200382
rate G <-> V: 0.028626
rate H <-> I: 0.324427
rate H <-> L: 0.486641
rate H <-> K: 0.725191
rate H <-> M: 1.106870
rate H <-> F: 1.345420
rate H <-> P: 0.419847
rate H <-> S: 1.746183
rate H <-> T: 0.467557
rate H <-> W: 0.458015
rate H <-> Y: 2.929389
rate H <-> V: 0.009542
rate I <-> L: 3.673664
rate I <-> K: 0.324427
rate I <-> M: 3.578244
rate I <-> F: 0.610687
rate I <-> P: 0.095420
rate I <-> S: 0.038168
rate I <-> T: 0.687023
rate I <-> W: 0.372137
rate I <-> Y: 0.248092
rate I <-> V: 10.000000
rate L <-> K: 0.219466
rate L <-> M: 5.543893
rate L <-> F: 1.708015
rate L <-> P: 0.209924
rate L <-> S: 0.229008
rate L <-> T: 0.238550
rate L <-> W: 0.448473
rate L <-> Y: 0.610687
rate L <-> V: 1.068702
rate K <-> M: 1.278626
rate K <-> F: 0.133588
rate K <-> P: 0.410305
rate K <-> S: 0.734733
rate K <-> T: 1.049618
rate K <-> W: 0.057252
rate K <-> Y: 0.009542
rate K <-> V: 0.181298
rate M <-> F: 2.356870
rate M <-> P: 0.009542
rate M <-> S: 0.009542
rate M <-> T: 1.250000
rate M <-> W: 1.059160
rate M <-> Y: 0.706107
rate M <-> V: 2.251908
rate F <-> P: 0.104962
rate F <-> S: 0.190840
rate F <-> T: 0.658397
rate F <-> W: 1.736641
rate F <-> Y: 9.704198
rate F <-> V: 0.877863
rate P <-> S: 1.278626
rate P <-> T: 0.591603
rate P <-> W: 0.085878
rate P <-> Y: 0.133588
rate P <-> V: 0.238550
rate S <-> T: 6.402672
rate S <-> W: 0.133588
rate S <-> Y: 0.295802
rate S <-> V: 0.372137
rate T <-> W: 0.009542
rate T <-> Y: 0.324427
rate T <-> V: 1.870229
rate W <-> Y: 1.679389
rate W <-> V: 0.248092
rate Y <-> V: 0.562977

freq pi(A): 0.069207
freq pi(R): 0.070959
freq pi(N): 0.046430
freq pi(D): 0.051686
freq pi(C): 0.020587
freq pi(Q): 0.030661
freq pi(E): 0.106439
freq pi(G): 0.018835
freq pi(H): 0.007446
freq pi(I): 0.074025
freq pi(L): 0.123960
freq pi(K): 0.097240
freq pi(M): 0.023653
freq pi(F): 0.024529
freq pi(P): 0.035918
freq pi(S): 0.051686
freq pi(T): 0.036794
freq pi(W): 0.004818
freq pi(Y): 0.040298
freq pi(V): 0.064827


ML search took 50.014359 secs or 0.013893 hours

Combined Bootstrap and ML search took 100.139793 secs or 0.027817 hours

Drawing Bootstrap Support Values on best-scoring ML tree ...



Found 1 tree in File /in/RAxML_bestTree.EOG091G0CZX.clustalo.aln.ALICUT.RTREVF



Found 1 tree in File /in/RAxML_bestTree.EOG091G0CZX.clustalo.aln.ALICUT.RTREVF

Program execution info written to /in/RAxML_info.EOG091G0CZX.clustalo.aln.ALICUT.RTREVF
All 100 bootstrapped trees written to: /in/RAxML_bootstrap.EOG091G0CZX.clustalo.aln.ALICUT.RTREVF

Best-scoring ML tree written to: /in/RAxML_bestTree.EOG091G0CZX.clustalo.aln.ALICUT.RTREVF

Best-scoring ML tree with support values written to: /in/RAxML_bipartitions.EOG091G0CZX.clustalo.aln.ALICUT.RTREVF

Best-scoring ML tree with support values as branch labels written to: /in/RAxML_bipartitionsBranchLabels.EOG091G0CZX.clustalo.aln.ALICUT.RTREVF

Overall execution time for full ML analysis: 100.141743 secs or 0.027817 hours or 0.001159 days

