
	reading taxa from FASTA ...


	G.salaris            -> sites: 1350  
	E.granulosus         -> sites: 1350  
	G.turnbulli          -> sites: 1350  
	H.robusta            -> sites: 1350  
	S.mansoni            -> sites: 1350  
	C.intestinalis       -> sites: 1350  
	D.rerio              -> sites: 1350  
	C.sinensis           -> sites: 1350  
	S.mediterranea       -> sites: 1350  
	R.norvegicus         -> sites: 1350  
	D.melanogaster       -> sites: 1350  
	T.solium             -> sites: 1350  
	H.microstoma         -> sites: 1350  
	M.lignano            -> sites: 1350  
	N.vectensis          -> sites: 1350  


	data type             : amino acid sequences

	input ...

	infile		: EOG091G074G.clustalo.aln.fasta
	random pairs	: 200000000000000000
	window size	: 6
	indels		: ambiguous
	tree file	: -
	node level	: -
	strict profile	: -
	outgroup	: -
	matrix          : BLOSUM62

	number of taxa        : 15
	random number of pairs: 200000000000000000

	generates threshhold value for amino acid data
	using BLOSUM62

	checks for (potential) identical taxa


	scores site patterns ...


	max number of different pairs is 105
	max random pairs are scored!

	pair: 1      ->	taxon1: G.salaris 	taxon2: E.granulos
	            	positions below base line: 1015
	pair: 2      ->	taxon1: G.salaris 	taxon2: G.turnbull
	            	positions below base line: 940
	pair: 3      ->	taxon1: G.salaris 	taxon2: H.robusta 
	            	positions below base line: 1165
	pair: 4      ->	taxon1: G.salaris 	taxon2: S.mansoni 
	            	positions below base line: 1020
	pair: 5      ->	taxon1: G.salaris 	taxon2: C.intestin
	            	positions below base line: 1027
	pair: 6      ->	taxon1: G.salaris 	taxon2: D.rerio   
	            	positions below base line: 1043
	pair: 7      ->	taxon1: G.salaris 	taxon2: C.sinensis
	            	positions below base line: 1027
	pair: 8      ->	taxon1: G.salaris 	taxon2: S.mediterr
	            	positions below base line: 1038
	pair: 9      ->	taxon1: G.salaris 	taxon2: R.norvegic
	            	positions below base line: 1023
	pair: 10     ->	taxon1: G.salaris 	taxon2: D.melanoga
	            	positions below base line: 1118
	pair: 11     ->	taxon1: G.salaris 	taxon2: T.solium  
	            	positions below base line: 1017
	pair: 12     ->	taxon1: G.salaris 	taxon2: H.microsto
	            	positions below base line: 1026
	pair: 13     ->	taxon1: G.salaris 	taxon2: M.lignano 
	            	positions below base line: 1044
	pair: 14     ->	taxon1: G.salaris 	taxon2: N.vectensi
	            	positions below base line: 1033
	pair: 15     ->	taxon1: E.granulos	taxon2: G.turnbull
	            	positions below base line: 1019
	pair: 16     ->	taxon1: E.granulos	taxon2: H.robusta 
	            	positions below base line: 1136
	pair: 17     ->	taxon1: E.granulos	taxon2: S.mansoni 
	            	positions below base line: 1003
	pair: 18     ->	taxon1: E.granulos	taxon2: C.intestin
	            	positions below base line: 1008
	pair: 19     ->	taxon1: E.granulos	taxon2: D.rerio   
	            	positions below base line: 1025
	pair: 20     ->	taxon1: E.granulos	taxon2: C.sinensis
	            	positions below base line: 1004
	pair: 21     ->	taxon1: E.granulos	taxon2: S.mediterr
	            	positions below base line: 1002
	pair: 22     ->	taxon1: E.granulos	taxon2: R.norvegic
	            	positions below base line: 1027
	pair: 23     ->	taxon1: E.granulos	taxon2: D.melanoga
	            	positions below base line: 1120
	pair: 24     ->	taxon1: E.granulos	taxon2: T.solium  
	            	positions below base line: 933
	pair: 25     ->	taxon1: E.granulos	taxon2: H.microsto
	            	positions below base line: 963
	pair: 26     ->	taxon1: E.granulos	taxon2: M.lignano 
	            	positions below base line: 1018
	pair: 27     ->	taxon1: E.granulos	taxon2: N.vectensi
	            	positions below base line: 1030
	pair: 28     ->	taxon1: G.turnbull	taxon2: H.robusta 
	            	positions below base line: 1133
	pair: 29     ->	taxon1: G.turnbull	taxon2: S.mansoni 
	            	positions below base line: 1032
	pair: 30     ->	taxon1: G.turnbull	taxon2: C.intestin
	            	positions below base line: 1019
	pair: 31     ->	taxon1: G.turnbull	taxon2: D.rerio   
	            	positions below base line: 1017
	pair: 32     ->	taxon1: G.turnbull	taxon2: C.sinensis
	            	positions below base line: 1022
	pair: 33     ->	taxon1: G.turnbull	taxon2: S.mediterr
	            	positions below base line: 1029
	pair: 34     ->	taxon1: G.turnbull	taxon2: R.norvegic
	            	positions below base line: 1005
	pair: 35     ->	taxon1: G.turnbull	taxon2: D.melanoga
	            	positions below base line: 1122
	pair: 36     ->	taxon1: G.turnbull	taxon2: T.solium  
	            	positions below base line: 1025
	pair: 37     ->	taxon1: G.turnbull	taxon2: H.microsto
	            	positions below base line: 1011
	pair: 38     ->	taxon1: G.turnbull	taxon2: M.lignano 
	            	positions below base line: 1030
	pair: 39     ->	taxon1: G.turnbull	taxon2: N.vectensi
	            	positions below base line: 1023
	pair: 40     ->	taxon1: H.robusta 	taxon2: S.mansoni 
	            	positions below base line: 1077
	pair: 41     ->	taxon1: H.robusta 	taxon2: C.intestin
	            	positions below base line: 1044
	pair: 42     ->	taxon1: H.robusta 	taxon2: D.rerio   
	            	positions below base line: 1044
	pair: 43     ->	taxon1: H.robusta 	taxon2: C.sinensis
	            	positions below base line: 1105
	pair: 44     ->	taxon1: H.robusta 	taxon2: S.mediterr
	            	positions below base line: 1131
	pair: 45     ->	taxon1: H.robusta 	taxon2: R.norvegic
	            	positions below base line: 1039
	pair: 46     ->	taxon1: H.robusta 	taxon2: D.melanoga
	            	positions below base line: 1118
	pair: 47     ->	taxon1: H.robusta 	taxon2: T.solium  
	            	positions below base line: 1139
	pair: 48     ->	taxon1: H.robusta 	taxon2: H.microsto
	            	positions below base line: 1135
	pair: 49     ->	taxon1: H.robusta 	taxon2: M.lignano 
	            	positions below base line: 1083
	pair: 50     ->	taxon1: H.robusta 	taxon2: N.vectensi
	            	positions below base line: 1045
	pair: 51     ->	taxon1: S.mansoni 	taxon2: C.intestin
	            	positions below base line: 946
	pair: 52     ->	taxon1: S.mansoni 	taxon2: D.rerio   
	            	positions below base line: 945
	pair: 53     ->	taxon1: S.mansoni 	taxon2: C.sinensis
	            	positions below base line: 947
	pair: 54     ->	taxon1: S.mansoni 	taxon2: S.mediterr
	            	positions below base line: 997
	pair: 55     ->	taxon1: S.mansoni 	taxon2: R.norvegic
	            	positions below base line: 943
	pair: 56     ->	taxon1: S.mansoni 	taxon2: D.melanoga
	            	positions below base line: 1047
	pair: 57     ->	taxon1: S.mansoni 	taxon2: T.solium  
	            	positions below base line: 1005
	pair: 58     ->	taxon1: S.mansoni 	taxon2: H.microsto
	            	positions below base line: 997
	pair: 59     ->	taxon1: S.mansoni 	taxon2: M.lignano 
	            	positions below base line: 992
	pair: 60     ->	taxon1: S.mansoni 	taxon2: N.vectensi
	            	positions below base line: 940
	pair: 61     ->	taxon1: C.intestin	taxon2: D.rerio   
	            	positions below base line: 900
	pair: 62     ->	taxon1: C.intestin	taxon2: C.sinensis
	            	positions below base line: 996
	pair: 63     ->	taxon1: C.intestin	taxon2: S.mediterr
	            	positions below base line: 1011
	pair: 64     ->	taxon1: C.intestin	taxon2: R.norvegic
	            	positions below base line: 900
	pair: 65     ->	taxon1: C.intestin	taxon2: D.melanoga
	            	positions below base line: 1041
	pair: 66     ->	taxon1: C.intestin	taxon2: T.solium  
	            	positions below base line: 999
	pair: 67     ->	taxon1: C.intestin	taxon2: H.microsto
	            	positions below base line: 991
	pair: 68     ->	taxon1: C.intestin	taxon2: M.lignano 
	            	positions below base line: 969
	pair: 69     ->	taxon1: C.intestin	taxon2: N.vectensi
	            	positions below base line: 902
	pair: 70     ->	taxon1: D.rerio   	taxon2: C.sinensis
	            	positions below base line: 1013
	pair: 71     ->	taxon1: D.rerio   	taxon2: S.mediterr
	            	positions below base line: 1006
	pair: 72     ->	taxon1: D.rerio   	taxon2: R.norvegic
	            	positions below base line: 857
	pair: 73     ->	taxon1: D.rerio   	taxon2: D.melanoga
	            	positions below base line: 1057
	pair: 74     ->	taxon1: D.rerio   	taxon2: T.solium  
	            	positions below base line: 1019
	pair: 75     ->	taxon1: D.rerio   	taxon2: H.microsto
	            	positions below base line: 1029
	pair: 76     ->	taxon1: D.rerio   	taxon2: M.lignano 
	            	positions below base line: 981
	pair: 77     ->	taxon1: D.rerio   	taxon2: N.vectensi
	            	positions below base line: 901
	pair: 78     ->	taxon1: C.sinensis	taxon2: S.mediterr
	            	positions below base line: 1027
	pair: 79     ->	taxon1: C.sinensis	taxon2: R.norvegic
	            	positions below base line: 984
	pair: 80     ->	taxon1: C.sinensis	taxon2: D.melanoga
	            	positions below base line: 1065
	pair: 81     ->	taxon1: C.sinensis	taxon2: T.solium  
	            	positions below base line: 986
	pair: 82     ->	taxon1: C.sinensis	taxon2: H.microsto
	            	positions below base line: 995
	pair: 83     ->	taxon1: C.sinensis	taxon2: M.lignano 
	            	positions below base line: 997
	pair: 84     ->	taxon1: C.sinensis	taxon2: N.vectensi
	            	positions below base line: 1004
	pair: 85     ->	taxon1: S.mediterr	taxon2: R.norvegic
	            	positions below base line: 995
	pair: 86     ->	taxon1: S.mediterr	taxon2: D.melanoga
	            	positions below base line: 1080
	pair: 87     ->	taxon1: S.mediterr	taxon2: T.solium  
	            	positions below base line: 1029
	pair: 88     ->	taxon1: S.mediterr	taxon2: H.microsto
	            	positions below base line: 1029
	pair: 89     ->	taxon1: S.mediterr	taxon2: M.lignano 
	            	positions below base line: 1011
	pair: 90     ->	taxon1: S.mediterr	taxon2: N.vectensi
	            	positions below base line: 1008
	pair: 91     ->	taxon1: R.norvegic	taxon2: D.melanoga
	            	positions below base line: 1040
	pair: 92     ->	taxon1: R.norvegic	taxon2: T.solium  
	            	positions below base line: 1016
	pair: 93     ->	taxon1: R.norvegic	taxon2: H.microsto
	            	positions below base line: 1014
	pair: 94     ->	taxon1: R.norvegic	taxon2: M.lignano 
	            	positions below base line: 943
	pair: 95     ->	taxon1: R.norvegic	taxon2: N.vectensi
	            	positions below base line: 897
	pair: 96     ->	taxon1: D.melanoga	taxon2: T.solium  
	            	positions below base line: 1108
	pair: 97     ->	taxon1: D.melanoga	taxon2: H.microsto
	            	positions below base line: 1072
	pair: 98     ->	taxon1: D.melanoga	taxon2: M.lignano 
	            	positions below base line: 1109
	pair: 99     ->	taxon1: D.melanoga	taxon2: N.vectensi
	            	positions below base line: 1056
	pair: 100    ->	taxon1: T.solium  	taxon2: H.microsto
	            	positions below base line: 975
	pair: 101    ->	taxon1: T.solium  	taxon2: M.lignano 
	            	positions below base line: 1006
	pair: 102    ->	taxon1: T.solium  	taxon2: N.vectensi
	            	positions below base line: 1005
	pair: 103    ->	taxon1: H.microsto	taxon2: M.lignano 
	            	positions below base line: 1024
	pair: 104    ->	taxon1: H.microsto	taxon2: N.vectensi
	            	positions below base line: 1020
	pair: 105    ->	taxon1: M.lignano 	taxon2: N.vectensi
	            	positions below base line: 982

	generates quality profile from collected scores ...


	scoring done ...


	generates vector plot from collected scores ...


Argument "-" treated as 0 in increment (++) at /usr/bin/Aliscore.pl line 1213.
	Profile written to EOG091G074G.clustalo.aln.fasta_Profile_random.txt
	List   written to EOG091G074G.clustalo.aln.fasta_List_random.txt

	time used: 4.28 sec

