
RAxML can't, parse the alignment file as phylip file 
it will now try to parse it as FASTA file


This is the RAxML Master Pthread

This is RAxML Worker Pthread Number: 1

This is RAxML Worker Pthread Number: 2

This is RAxML Worker Pthread Number: 3

This is RAxML Worker Pthread Number: 4

This is RAxML Worker Pthread Number: 5


This is RAxML version 8.2.12 released by Alexandros Stamatakis on May 2018.

With greatly appreciated code contributions by:
Andre Aberer      (HITS)
Simon Berger      (HITS)
Alexey Kozlov     (HITS)
Kassian Kobert    (HITS)
David Dao         (KIT and HITS)
Sarah Lutteropp   (KIT and HITS)
Nick Pattengale   (Sandia)
Wayne Pfeiffer    (SDSC)
Akifumi S. Tanabe (NRIFS)
Charlie Taylor    (UF)


Alignment has 216 distinct alignment patterns

Proportion of gaps and completely undetermined characters in this alignment: 4.83%

RAxML rapid bootstrapping and subsequent ML search

Using 1 distinct models/data partitions with joint branch length optimization



Executing 100 rapid bootstrap inferences and thereafter a thorough ML search 

All free model parameters will be estimated by RAxML
GAMMA model of rate heterogeneity, ML estimate of alpha-parameter

GAMMA Model parameters will be estimated up to an accuracy of 0.1000000000 Log Likelihood units

Partition: 0
Alignment Patterns: 216
Name: No Name Provided
DataType: AA
Substitution Matrix: LG
Using empirical base frequencies




RAxML was called as follows:

raxml -f a -T 6 -m PROTGAMMALGF -p 12345 -x 12345 -# 100 -s ALICUT_EOG091G06ON.clustalo.aln.fasta -n EOG091G06ON.clustalo.aln.ALICUT.LGF 



Time for BS model parameter optimization 0.011652
Bootstrap[0]: Time 0.192047 seconds, bootstrap likelihood -2568.370945, best rearrangement setting 13
Bootstrap[1]: Time 0.084827 seconds, bootstrap likelihood -2474.255081, best rearrangement setting 13
Bootstrap[2]: Time 0.082028 seconds, bootstrap likelihood -2671.216779, best rearrangement setting 12
Bootstrap[3]: Time 0.185045 seconds, bootstrap likelihood -2626.392262, best rearrangement setting 15
Bootstrap[4]: Time 0.084572 seconds, bootstrap likelihood -2701.418659, best rearrangement setting 10
Bootstrap[5]: Time 0.083456 seconds, bootstrap likelihood -2682.996613, best rearrangement setting 10
Bootstrap[6]: Time 0.084731 seconds, bootstrap likelihood -2617.669954, best rearrangement setting 6
Bootstrap[7]: Time 0.086408 seconds, bootstrap likelihood -2628.942007, best rearrangement setting 14
Bootstrap[8]: Time 0.189116 seconds, bootstrap likelihood -2709.800995, best rearrangement setting 5
Bootstrap[9]: Time 0.083582 seconds, bootstrap likelihood -2534.777774, best rearrangement setting 7
Bootstrap[10]: Time 0.183776 seconds, bootstrap likelihood -2737.409070, best rearrangement setting 7
Bootstrap[11]: Time 0.085363 seconds, bootstrap likelihood -2671.198180, best rearrangement setting 5
Bootstrap[12]: Time 0.088291 seconds, bootstrap likelihood -2697.856735, best rearrangement setting 8
Bootstrap[13]: Time 0.081316 seconds, bootstrap likelihood -2626.105389, best rearrangement setting 7
Bootstrap[14]: Time 0.169965 seconds, bootstrap likelihood -2576.289841, best rearrangement setting 12
Bootstrap[15]: Time 0.174350 seconds, bootstrap likelihood -2668.303399, best rearrangement setting 15
Bootstrap[16]: Time 0.080381 seconds, bootstrap likelihood -2387.953588, best rearrangement setting 12
Bootstrap[17]: Time 0.085681 seconds, bootstrap likelihood -2580.631994, best rearrangement setting 12
Bootstrap[18]: Time 0.161762 seconds, bootstrap likelihood -2660.318258, best rearrangement setting 5
Bootstrap[19]: Time 0.175747 seconds, bootstrap likelihood -2594.785347, best rearrangement setting 8
Bootstrap[20]: Time 0.178455 seconds, bootstrap likelihood -2557.590387, best rearrangement setting 10
Bootstrap[21]: Time 0.093857 seconds, bootstrap likelihood -2547.413181, best rearrangement setting 6
Bootstrap[22]: Time 0.095531 seconds, bootstrap likelihood -2706.340112, best rearrangement setting 5
Bootstrap[23]: Time 0.192383 seconds, bootstrap likelihood -2568.471193, best rearrangement setting 7
Bootstrap[24]: Time 0.182299 seconds, bootstrap likelihood -2636.893005, best rearrangement setting 8
Bootstrap[25]: Time 0.087493 seconds, bootstrap likelihood -2796.110113, best rearrangement setting 6
Bootstrap[26]: Time 0.161338 seconds, bootstrap likelihood -2550.313067, best rearrangement setting 12
Bootstrap[27]: Time 0.185851 seconds, bootstrap likelihood -2638.140727, best rearrangement setting 10
Bootstrap[28]: Time 0.179796 seconds, bootstrap likelihood -2709.675313, best rearrangement setting 11
Bootstrap[29]: Time 0.170587 seconds, bootstrap likelihood -2521.250153, best rearrangement setting 12
Bootstrap[30]: Time 0.181766 seconds, bootstrap likelihood -2650.484541, best rearrangement setting 15
Bootstrap[31]: Time 0.159682 seconds, bootstrap likelihood -2626.182151, best rearrangement setting 15
Bootstrap[32]: Time 0.166224 seconds, bootstrap likelihood -2682.616453, best rearrangement setting 6
Bootstrap[33]: Time 0.167051 seconds, bootstrap likelihood -2679.702191, best rearrangement setting 15
Bootstrap[34]: Time 0.184844 seconds, bootstrap likelihood -2666.719752, best rearrangement setting 11
Bootstrap[35]: Time 0.082259 seconds, bootstrap likelihood -2595.095159, best rearrangement setting 8
Bootstrap[36]: Time 0.168364 seconds, bootstrap likelihood -2761.142882, best rearrangement setting 9
Bootstrap[37]: Time 0.179088 seconds, bootstrap likelihood -2718.846361, best rearrangement setting 11
Bootstrap[38]: Time 0.089747 seconds, bootstrap likelihood -2745.486465, best rearrangement setting 8
Bootstrap[39]: Time 0.193088 seconds, bootstrap likelihood -2933.563855, best rearrangement setting 13
Bootstrap[40]: Time 0.084979 seconds, bootstrap likelihood -2725.400326, best rearrangement setting 13
Bootstrap[41]: Time 0.181456 seconds, bootstrap likelihood -2625.531070, best rearrangement setting 10
Bootstrap[42]: Time 0.180154 seconds, bootstrap likelihood -2779.854014, best rearrangement setting 5
Bootstrap[43]: Time 0.181022 seconds, bootstrap likelihood -2706.421653, best rearrangement setting 14
Bootstrap[44]: Time 0.183792 seconds, bootstrap likelihood -2584.660669, best rearrangement setting 10
Bootstrap[45]: Time 0.172023 seconds, bootstrap likelihood -2540.660563, best rearrangement setting 15
Bootstrap[46]: Time 0.183358 seconds, bootstrap likelihood -2719.633748, best rearrangement setting 14
Bootstrap[47]: Time 0.163167 seconds, bootstrap likelihood -2563.890192, best rearrangement setting 8
Bootstrap[48]: Time 0.081419 seconds, bootstrap likelihood -2683.462640, best rearrangement setting 6
Bootstrap[49]: Time 0.080641 seconds, bootstrap likelihood -2777.287559, best rearrangement setting 7
Bootstrap[50]: Time 0.084449 seconds, bootstrap likelihood -2647.618291, best rearrangement setting 7
Bootstrap[51]: Time 0.173821 seconds, bootstrap likelihood -2649.599093, best rearrangement setting 11
Bootstrap[52]: Time 0.090007 seconds, bootstrap likelihood -2604.616177, best rearrangement setting 12
Bootstrap[53]: Time 0.165215 seconds, bootstrap likelihood -2630.431617, best rearrangement setting 8
Bootstrap[54]: Time 0.179168 seconds, bootstrap likelihood -2782.378368, best rearrangement setting 9
Bootstrap[55]: Time 0.087416 seconds, bootstrap likelihood -2677.339039, best rearrangement setting 11
Bootstrap[56]: Time 0.167438 seconds, bootstrap likelihood -2593.745205, best rearrangement setting 5
Bootstrap[57]: Time 0.080015 seconds, bootstrap likelihood -2516.834268, best rearrangement setting 7
Bootstrap[58]: Time 0.182910 seconds, bootstrap likelihood -2592.654169, best rearrangement setting 10
Bootstrap[59]: Time 0.163689 seconds, bootstrap likelihood -2504.448770, best rearrangement setting 9
Bootstrap[60]: Time 0.084361 seconds, bootstrap likelihood -2742.169524, best rearrangement setting 7
Bootstrap[61]: Time 0.090087 seconds, bootstrap likelihood -2685.169766, best rearrangement setting 5
Bootstrap[62]: Time 0.164402 seconds, bootstrap likelihood -2465.859432, best rearrangement setting 11
Bootstrap[63]: Time 0.098719 seconds, bootstrap likelihood -2696.531808, best rearrangement setting 12
Bootstrap[64]: Time 0.082518 seconds, bootstrap likelihood -2686.516511, best rearrangement setting 7
Bootstrap[65]: Time 0.187718 seconds, bootstrap likelihood -2522.613151, best rearrangement setting 5
Bootstrap[66]: Time 0.166647 seconds, bootstrap likelihood -2549.221247, best rearrangement setting 5
Bootstrap[67]: Time 0.179784 seconds, bootstrap likelihood -2777.405875, best rearrangement setting 15
Bootstrap[68]: Time 0.083034 seconds, bootstrap likelihood -2687.413695, best rearrangement setting 11
Bootstrap[69]: Time 0.077749 seconds, bootstrap likelihood -2662.757334, best rearrangement setting 5
Bootstrap[70]: Time 0.188109 seconds, bootstrap likelihood -2692.275963, best rearrangement setting 8
Bootstrap[71]: Time 0.091982 seconds, bootstrap likelihood -2782.159569, best rearrangement setting 10
Bootstrap[72]: Time 0.186500 seconds, bootstrap likelihood -2809.546212, best rearrangement setting 11
Bootstrap[73]: Time 0.184107 seconds, bootstrap likelihood -2650.701097, best rearrangement setting 9
Bootstrap[74]: Time 0.095483 seconds, bootstrap likelihood -2611.687828, best rearrangement setting 5
Bootstrap[75]: Time 0.087703 seconds, bootstrap likelihood -2584.904375, best rearrangement setting 8
Bootstrap[76]: Time 0.081968 seconds, bootstrap likelihood -2628.304426, best rearrangement setting 9
Bootstrap[77]: Time 0.085220 seconds, bootstrap likelihood -2594.481017, best rearrangement setting 11
Bootstrap[78]: Time 0.172122 seconds, bootstrap likelihood -2673.826153, best rearrangement setting 15
Bootstrap[79]: Time 0.183150 seconds, bootstrap likelihood -2707.674336, best rearrangement setting 9
Bootstrap[80]: Time 0.165474 seconds, bootstrap likelihood -2559.456728, best rearrangement setting 15
Bootstrap[81]: Time 0.167431 seconds, bootstrap likelihood -2635.910485, best rearrangement setting 7
Bootstrap[82]: Time 0.174109 seconds, bootstrap likelihood -2555.261691, best rearrangement setting 6
Bootstrap[83]: Time 0.083502 seconds, bootstrap likelihood -2548.326015, best rearrangement setting 10
Bootstrap[84]: Time 0.082836 seconds, bootstrap likelihood -2503.035267, best rearrangement setting 11
Bootstrap[85]: Time 0.188395 seconds, bootstrap likelihood -2839.811338, best rearrangement setting 8
Bootstrap[86]: Time 0.165187 seconds, bootstrap likelihood -2625.052176, best rearrangement setting 7
Bootstrap[87]: Time 0.173886 seconds, bootstrap likelihood -2759.717037, best rearrangement setting 7
Bootstrap[88]: Time 0.082632 seconds, bootstrap likelihood -2510.036345, best rearrangement setting 12
Bootstrap[89]: Time 0.173902 seconds, bootstrap likelihood -2863.431052, best rearrangement setting 10
Bootstrap[90]: Time 0.091728 seconds, bootstrap likelihood -2637.639954, best rearrangement setting 8
Bootstrap[91]: Time 0.171587 seconds, bootstrap likelihood -2674.272510, best rearrangement setting 12
Bootstrap[92]: Time 0.085636 seconds, bootstrap likelihood -2656.526704, best rearrangement setting 13
Bootstrap[93]: Time 0.081432 seconds, bootstrap likelihood -2559.869229, best rearrangement setting 15
Bootstrap[94]: Time 0.089315 seconds, bootstrap likelihood -2669.312268, best rearrangement setting 5
Bootstrap[95]: Time 0.087954 seconds, bootstrap likelihood -2692.457966, best rearrangement setting 5
Bootstrap[96]: Time 0.182473 seconds, bootstrap likelihood -2715.610783, best rearrangement setting 13
Bootstrap[97]: Time 0.095793 seconds, bootstrap likelihood -2773.991501, best rearrangement setting 11
Bootstrap[98]: Time 0.089818 seconds, bootstrap likelihood -2581.279863, best rearrangement setting 6
Bootstrap[99]: Time 0.157357 seconds, bootstrap likelihood -2511.786588, best rearrangement setting 14


Overall Time for 100 Rapid Bootstraps 13.592156 seconds
Average Time per Rapid Bootstrap 0.135922 seconds

Starting ML Search ...

Fast ML optimization finished

Fast ML search Time: 4.742499 seconds

Slow ML Search 0 Likelihood: -2654.439587
Slow ML Search 1 Likelihood: -2654.439587
Slow ML Search 2 Likelihood: -2654.439587
Slow ML Search 3 Likelihood: -2654.439587
Slow ML Search 4 Likelihood: -2654.439587
Slow ML Search 5 Likelihood: -2654.439587
Slow ML Search 6 Likelihood: -2654.439587
Slow ML Search 7 Likelihood: -2654.439587
Slow ML Search 8 Likelihood: -2654.439587
Slow ML Search 9 Likelihood: -2654.439587
Slow ML optimization finished

Slow ML search Time: 1.870213 seconds
Thorough ML search Time: 0.151072 seconds

Final ML Optimization Likelihood: -2654.439587

Model Information:

Model Parameters of Partition 0, Name: No Name Provided, Type of Data: AA
alpha: 0.849150
Tree-Length: 2.577552
rate A <-> R: 0.399182
rate A <-> N: 0.259945
rate A <-> D: 0.371058
rate A <-> C: 2.337364
rate A <-> Q: 0.910775
rate A <-> E: 0.975241
rate A <-> G: 1.940106
rate A <-> H: 0.336984
rate A <-> I: 0.140697
rate A <-> L: 0.371240
rate A <-> K: 0.503815
rate A <-> M: 1.055520
rate A <-> F: 0.238237
rate A <-> P: 1.105868
rate A <-> S: 4.439041
rate A <-> T: 2.009090
rate A <-> W: 0.169702
rate A <-> Y: 0.205613
rate A <-> V: 2.392567
rate R <-> N: 0.706048
rate R <-> D: 0.116398
rate R <-> C: 0.501968
rate R <-> Q: 2.636754
rate R <-> E: 0.341785
rate R <-> G: 0.366408
rate R <-> H: 2.278690
rate R <-> I: 0.119250
rate R <-> L: 0.283449
rate R <-> K: 5.940467
rate R <-> M: 0.454623
rate R <-> F: 0.049508
rate R <-> P: 0.312264
rate R <-> S: 0.805843
rate R <-> T: 0.543695
rate R <-> W: 0.557424
rate R <-> Y: 0.295274
rate R <-> V: 0.160471
rate N <-> D: 4.766737
rate N <-> C: 0.496537
rate N <-> Q: 1.592389
rate N <-> E: 0.508692
rate N <-> G: 1.350015
rate N <-> H: 4.234381
rate N <-> I: 0.179830
rate N <-> L: 0.064256
rate N <-> K: 2.014327
rate N <-> M: 0.348390
rate N <-> F: 0.084068
rate N <-> P: 0.151925
rate N <-> S: 3.764032
rate N <-> T: 1.878729
rate N <-> W: 0.042610
rate N <-> Y: 0.574720
rate N <-> V: 0.078587
rate D <-> C: 0.058743
rate D <-> Q: 0.491483
rate D <-> E: 4.924234
rate D <-> G: 0.793424
rate D <-> H: 0.870603
rate D <-> I: 0.010038
rate D <-> L: 0.014157
rate D <-> K: 0.265711
rate D <-> M: 0.023991
rate D <-> F: 0.016354
rate D <-> P: 0.370412
rate D <-> S: 1.164675
rate D <-> T: 0.399902
rate D <-> W: 0.028068
rate D <-> Y: 0.126872
rate D <-> V: 0.035653
rate C <-> Q: 0.079639
rate C <-> E: 0.003286
rate C <-> G: 0.534566
rate C <-> H: 0.601499
rate C <-> I: 0.301083
rate C <-> L: 0.557800
rate C <-> K: 0.012457
rate C <-> M: 0.839207
rate C <-> F: 1.037881
rate C <-> P: 0.070787
rate C <-> S: 2.614753
rate C <-> T: 1.073780
rate C <-> W: 0.629281
rate C <-> Y: 1.094488
rate C <-> V: 1.839864
rate Q <-> E: 3.876936
rate Q <-> G: 0.251626
rate Q <-> H: 4.520102
rate Q <-> I: 0.068413
rate Q <-> L: 0.546954
rate Q <-> K: 3.037150
rate Q <-> M: 1.570619
rate Q <-> F: 0.033669
rate Q <-> P: 0.586241
rate Q <-> S: 1.149231
rate Q <-> T: 1.014297
rate Q <-> W: 0.221802
rate Q <-> Y: 0.241650
rate Q <-> V: 0.197511
rate E <-> G: 0.327583
rate E <-> H: 0.398044
rate E <-> I: 0.041567
rate E <-> L: 0.065426
rate E <-> K: 1.697022
rate E <-> M: 0.163145
rate E <-> F: 0.017664
rate E <-> P: 0.393844
rate E <-> S: 0.574671
rate E <-> T: 0.567695
rate E <-> W: 0.073107
rate E <-> Y: 0.112720
rate E <-> V: 0.230098
rate G <-> H: 0.292498
rate G <-> I: 0.008174
rate G <-> L: 0.041563
rate G <-> K: 0.278555
rate G <-> M: 0.131033
rate G <-> F: 0.084125
rate G <-> P: 0.184955
rate G <-> S: 1.633930
rate G <-> T: 0.121922
rate G <-> W: 0.252125
rate G <-> Y: 0.051346
rate G <-> V: 0.072026
rate H <-> I: 0.102245
rate H <-> L: 0.343988
rate H <-> K: 0.654763
rate H <-> M: 0.415502
rate H <-> F: 0.640560
rate H <-> P: 0.477834
rate H <-> S: 0.929667
rate H <-> T: 0.548649
rate H <-> W: 0.560661
rate H <-> Y: 4.983361
rate H <-> V: 0.111759
rate I <-> L: 3.892408
rate I <-> K: 0.149373
rate I <-> M: 4.013113
rate I <-> F: 1.044902
rate I <-> P: 0.073509
rate I <-> S: 0.060198
rate I <-> T: 0.970728
rate I <-> W: 0.104854
rate I <-> Y: 0.218350
rate I <-> V: 10.000000
rate L <-> K: 0.129119
rate L <-> M: 5.927594
rate L <-> F: 2.434657
rate L <-> P: 0.233879
rate L <-> S: 0.171176
rate L <-> T: 0.284471
rate L <-> W: 0.581863
rate L <-> Y: 0.281383
rate L <-> V: 1.598956
rate K <-> M: 0.616581
rate K <-> F: 0.022460
rate K <-> P: 0.366530
rate K <-> S: 0.703048
rate K <-> T: 1.067567
rate K <-> W: 0.046864
rate K <-> Y: 0.123890
rate K <-> V: 0.173913
rate M <-> F: 1.689205
rate M <-> P: 0.093763
rate M <-> S: 0.325811
rate M <-> T: 1.897216
rate M <-> W: 0.653740
rate M <-> Y: 0.451968
rate M <-> V: 1.782983
rate F <-> P: 0.088706
rate F <-> S: 0.339765
rate F <-> T: 0.154944
rate F <-> W: 2.307349
rate F <-> Y: 7.328222
rate F <-> V: 0.614777
rate P <-> S: 1.256567
rate P <-> T: 0.536635
rate P <-> W: 0.089332
rate P <-> Y: 0.084151
rate P <-> V: 0.278428
rate S <-> T: 6.077767
rate S <-> W: 0.233693
rate S <-> Y: 0.376132
rate S <-> V: 0.092373
rate T <-> W: 0.132241
rate T <-> Y: 0.230856
rate T <-> V: 2.054781
rate W <-> Y: 2.959699
rate W <-> V: 0.177959
rate Y <-> V: 0.234116

freq pi(A): 0.067842
freq pi(R): 0.070513
freq pi(N): 0.044872
freq pi(D): 0.054487
freq pi(C): 0.019765
freq pi(Q): 0.028846
freq pi(E): 0.050748
freq pi(G): 0.070513
freq pi(H): 0.036859
freq pi(I): 0.059829
freq pi(L): 0.123932
freq pi(K): 0.061966
freq pi(M): 0.025107
freq pi(F): 0.029915
freq pi(P): 0.031517
freq pi(S): 0.068376
freq pi(T): 0.036325
freq pi(W): 0.006944
freq pi(Y): 0.044338
freq pi(V): 0.067308


ML search took 6.794211 secs or 0.001887 hours

Combined Bootstrap and ML search took 20.386629 secs or 0.005663 hours

Drawing Bootstrap Support Values on best-scoring ML tree ...



Found 1 tree in File /in/RAxML_bestTree.EOG091G06ON.clustalo.aln.ALICUT.LGF



Found 1 tree in File /in/RAxML_bestTree.EOG091G06ON.clustalo.aln.ALICUT.LGF

Program execution info written to /in/RAxML_info.EOG091G06ON.clustalo.aln.ALICUT.LGF
All 100 bootstrapped trees written to: /in/RAxML_bootstrap.EOG091G06ON.clustalo.aln.ALICUT.LGF

Best-scoring ML tree written to: /in/RAxML_bestTree.EOG091G06ON.clustalo.aln.ALICUT.LGF

Best-scoring ML tree with support values written to: /in/RAxML_bipartitions.EOG091G06ON.clustalo.aln.ALICUT.LGF

Best-scoring ML tree with support values as branch labels written to: /in/RAxML_bipartitionsBranchLabels.EOG091G06ON.clustalo.aln.ALICUT.LGF

Overall execution time for full ML analysis: 20.388759 secs or 0.005664 hours or 0.000236 days

