--2018-12-15 22:42:02--  http://www.orthodb.org/fasta?query=EOG091G00UD&level=33208
Resolving www.orthodb.org (www.orthodb.org)... 142.93.108.123, 2a03:b0c0:3:e0::1b:1
Connecting to www.orthodb.org (www.orthodb.org)|142.93.108.123|:80... connected.
HTTP request sent, awaiting response... 301 Moved Permanently
Location: https://www.orthodb.org/fasta?query=EOG091G00UD&level=33208 [following]
--2018-12-15 22:42:02--  https://www.orthodb.org/fasta?query=EOG091G00UD&level=33208
Connecting to www.orthodb.org (www.orthodb.org)|142.93.108.123|:443... connected.
HTTP request sent, awaiting response... 200 OK
Length: 755806 (738K) [text/plain]
Saving to: ‘EOG091G00UD/EOG091G00UD.orthodb.fasta’

     0K .......... .......... .......... .......... ..........  6% 1,29M 1s
    50K .......... .......... .......... .......... .......... 13% 1,23M 0s
   100K .......... .......... .......... .......... .......... 20% 3,10M 0s
   150K .......... .......... .......... .......... .......... 27% 8,44M 0s
   200K .......... .......... .......... .......... .......... 33% 2,48M 0s
   250K .......... .......... .......... .......... .......... 40% 2,50M 0s
   300K .......... .......... .......... .......... .......... 47% 2,39M 0s
   350K .......... .......... .......... .......... .......... 54% 2,50M 0s
   400K .......... .......... .......... .......... .......... 60% 3,14M 0s
   450K .......... .......... .......... .......... .......... 67% 8,86M 0s
   500K .......... .......... .......... .......... .......... 74% 2,48M 0s
   550K .......... .......... .......... .......... .......... 81% 2,40M 0s
   600K .......... .......... .......... .......... .......... 88% 2,49M 0s
   650K .......... .......... .......... .......... .......... 94% 3,11M 0s
   700K .......... .......... .......... ........             100% 6,60M=0,3s

2018-12-15 22:42:03 (2,57 MB/s) - ‘EOG091G00UD/EOG091G00UD.orthodb.fasta’ saved [755806/755806]

