
RAxML can't, parse the alignment file as phylip file 
it will now try to parse it as FASTA file


This is the RAxML Master Pthread

This is RAxML Worker Pthread Number: 1


This is RAxML version 8.2.12 released by Alexandros Stamatakis on May 2018.

With greatly appreciated code contributions by:
Andre Aberer      (HITS)
Simon Berger      (HITS)
Alexey Kozlov     (HITS)
Kassian Kobert    (HITS)
David Dao         (KIT and HITS)
Sarah Lutteropp   (KIT and HITS)
Nick Pattengale   (Sandia)
Wayne Pfeiffer    (SDSC)
Akifumi S. Tanabe (NRIFS)
Charlie Taylor    (UF)


Alignment has 418 distinct alignment patterns

Proportion of gaps and completely undetermined characters in this alignment: 17.62%

RAxML rapid bootstrapping and subsequent ML search

Using 1 distinct models/data partitions with joint branch length optimization



Executing 100 rapid bootstrap inferences and thereafter a thorough ML search 

All free model parameters will be estimated by RAxML
GAMMA model of rate heterogeneity, ML estimate of alpha-parameter

GAMMA Model parameters will be estimated up to an accuracy of 0.1000000000 Log Likelihood units

Partition: 0
Alignment Patterns: 418
Name: No Name Provided
DataType: AA
Substitution Matrix: WAG
Using empirical base frequencies




RAxML was called as follows:

raxml -f a -T 2 -m PROTGAMMAWAGF -p 12345 -x 12345 -# 100 -s ALICUT_EOG091G00UD.clustalo.aln.fasta -n EOG091G00UD.clustalo.aln.ALICUT.WAGF 



Time for BS model parameter optimization 0.067284
Bootstrap[0]: Time 1.360411 seconds, bootstrap likelihood -5617.886734, best rearrangement setting 13
Bootstrap[1]: Time 1.250528 seconds, bootstrap likelihood -5351.874111, best rearrangement setting 13
Bootstrap[2]: Time 0.336574 seconds, bootstrap likelihood -5519.583020, best rearrangement setting 12
Bootstrap[3]: Time 1.327582 seconds, bootstrap likelihood -5314.499068, best rearrangement setting 15
Bootstrap[4]: Time 1.217433 seconds, bootstrap likelihood -5398.787080, best rearrangement setting 10
Bootstrap[5]: Time 1.170277 seconds, bootstrap likelihood -5379.925548, best rearrangement setting 10
Bootstrap[6]: Time 1.072559 seconds, bootstrap likelihood -5550.295952, best rearrangement setting 6
Bootstrap[7]: Time 1.157316 seconds, bootstrap likelihood -5418.551547, best rearrangement setting 14
Bootstrap[8]: Time 1.432525 seconds, bootstrap likelihood -5477.700068, best rearrangement setting 5
Bootstrap[9]: Time 1.325329 seconds, bootstrap likelihood -5332.856758, best rearrangement setting 7
Bootstrap[10]: Time 1.226197 seconds, bootstrap likelihood -5222.069788, best rearrangement setting 7
Bootstrap[11]: Time 0.466521 seconds, bootstrap likelihood -5447.300761, best rearrangement setting 5
Bootstrap[12]: Time 1.262429 seconds, bootstrap likelihood -5388.498129, best rearrangement setting 8
Bootstrap[13]: Time 1.036781 seconds, bootstrap likelihood -5062.427402, best rearrangement setting 7
Bootstrap[14]: Time 1.196137 seconds, bootstrap likelihood -5476.075242, best rearrangement setting 12
Bootstrap[15]: Time 1.127232 seconds, bootstrap likelihood -5303.633636, best rearrangement setting 15
Bootstrap[16]: Time 1.345207 seconds, bootstrap likelihood -5591.087327, best rearrangement setting 12
Bootstrap[17]: Time 0.450852 seconds, bootstrap likelihood -5276.304135, best rearrangement setting 12
Bootstrap[18]: Time 1.234587 seconds, bootstrap likelihood -5284.515518, best rearrangement setting 5
Bootstrap[19]: Time 1.331004 seconds, bootstrap likelihood -5556.451215, best rearrangement setting 8
Bootstrap[20]: Time 1.380678 seconds, bootstrap likelihood -5379.674876, best rearrangement setting 10
Bootstrap[21]: Time 1.249659 seconds, bootstrap likelihood -5211.369458, best rearrangement setting 6
Bootstrap[22]: Time 1.264203 seconds, bootstrap likelihood -5351.190967, best rearrangement setting 5
Bootstrap[23]: Time 1.243231 seconds, bootstrap likelihood -5326.476086, best rearrangement setting 7
Bootstrap[24]: Time 1.669855 seconds, bootstrap likelihood -5508.311645, best rearrangement setting 8
Bootstrap[25]: Time 1.396096 seconds, bootstrap likelihood -5626.797897, best rearrangement setting 6
Bootstrap[26]: Time 1.099394 seconds, bootstrap likelihood -5429.490166, best rearrangement setting 12
Bootstrap[27]: Time 1.254777 seconds, bootstrap likelihood -5216.478558, best rearrangement setting 10
Bootstrap[28]: Time 1.132941 seconds, bootstrap likelihood -5264.689791, best rearrangement setting 11
Bootstrap[29]: Time 1.148455 seconds, bootstrap likelihood -5484.443618, best rearrangement setting 12
Bootstrap[30]: Time 1.216212 seconds, bootstrap likelihood -5058.794827, best rearrangement setting 15
Bootstrap[31]: Time 1.372770 seconds, bootstrap likelihood -5384.411230, best rearrangement setting 15
Bootstrap[32]: Time 1.461759 seconds, bootstrap likelihood -5264.447800, best rearrangement setting 6
Bootstrap[33]: Time 1.036171 seconds, bootstrap likelihood -5054.175864, best rearrangement setting 15
Bootstrap[34]: Time 1.537109 seconds, bootstrap likelihood -5539.812885, best rearrangement setting 11
Bootstrap[35]: Time 1.182065 seconds, bootstrap likelihood -5483.340230, best rearrangement setting 8
Bootstrap[36]: Time 1.251791 seconds, bootstrap likelihood -5242.667131, best rearrangement setting 9
Bootstrap[37]: Time 1.192992 seconds, bootstrap likelihood -5107.565529, best rearrangement setting 11
Bootstrap[38]: Time 0.983355 seconds, bootstrap likelihood -5359.789831, best rearrangement setting 8
Bootstrap[39]: Time 1.167569 seconds, bootstrap likelihood -5055.265858, best rearrangement setting 13
Bootstrap[40]: Time 1.418500 seconds, bootstrap likelihood -5243.834934, best rearrangement setting 13
Bootstrap[41]: Time 1.224294 seconds, bootstrap likelihood -5230.076742, best rearrangement setting 10
Bootstrap[42]: Time 1.070419 seconds, bootstrap likelihood -5349.923586, best rearrangement setting 5
Bootstrap[43]: Time 1.073366 seconds, bootstrap likelihood -5386.646372, best rearrangement setting 14
Bootstrap[44]: Time 0.943279 seconds, bootstrap likelihood -5375.331091, best rearrangement setting 10
Bootstrap[45]: Time 1.214958 seconds, bootstrap likelihood -5392.506653, best rearrangement setting 15
Bootstrap[46]: Time 1.442456 seconds, bootstrap likelihood -5216.218151, best rearrangement setting 14
Bootstrap[47]: Time 0.505930 seconds, bootstrap likelihood -5469.971263, best rearrangement setting 8
Bootstrap[48]: Time 1.551571 seconds, bootstrap likelihood -5203.972637, best rearrangement setting 6
Bootstrap[49]: Time 1.559214 seconds, bootstrap likelihood -5304.188723, best rearrangement setting 7
Bootstrap[50]: Time 1.761424 seconds, bootstrap likelihood -5151.242371, best rearrangement setting 7
Bootstrap[51]: Time 1.948335 seconds, bootstrap likelihood -5224.210972, best rearrangement setting 11
Bootstrap[52]: Time 1.717177 seconds, bootstrap likelihood -5629.230772, best rearrangement setting 12
Bootstrap[53]: Time 0.642932 seconds, bootstrap likelihood -5429.225590, best rearrangement setting 8
Bootstrap[54]: Time 1.685335 seconds, bootstrap likelihood -5303.290272, best rearrangement setting 9
Bootstrap[55]: Time 1.410535 seconds, bootstrap likelihood -5267.728396, best rearrangement setting 11
Bootstrap[56]: Time 1.746852 seconds, bootstrap likelihood -5390.107695, best rearrangement setting 5
Bootstrap[57]: Time 1.993708 seconds, bootstrap likelihood -5413.565358, best rearrangement setting 7
Bootstrap[58]: Time 2.070566 seconds, bootstrap likelihood -5152.965407, best rearrangement setting 10
Bootstrap[59]: Time 1.928823 seconds, bootstrap likelihood -5354.728579, best rearrangement setting 9
Bootstrap[60]: Time 2.007718 seconds, bootstrap likelihood -5241.788181, best rearrangement setting 7
Bootstrap[61]: Time 1.845310 seconds, bootstrap likelihood -5229.904622, best rearrangement setting 5
Bootstrap[62]: Time 1.472602 seconds, bootstrap likelihood -5296.749591, best rearrangement setting 11
Bootstrap[63]: Time 0.954752 seconds, bootstrap likelihood -5116.558785, best rearrangement setting 12
Bootstrap[64]: Time 1.163619 seconds, bootstrap likelihood -5275.889779, best rearrangement setting 7
Bootstrap[65]: Time 1.016607 seconds, bootstrap likelihood -5362.819352, best rearrangement setting 5
Bootstrap[66]: Time 1.040592 seconds, bootstrap likelihood -5283.891209, best rearrangement setting 5
Bootstrap[67]: Time 1.329760 seconds, bootstrap likelihood -5290.201241, best rearrangement setting 15
Bootstrap[68]: Time 1.250875 seconds, bootstrap likelihood -5501.865808, best rearrangement setting 11
Bootstrap[69]: Time 0.840943 seconds, bootstrap likelihood -5389.020321, best rearrangement setting 5
Bootstrap[70]: Time 1.194512 seconds, bootstrap likelihood -5260.009537, best rearrangement setting 8
Bootstrap[71]: Time 1.419518 seconds, bootstrap likelihood -5332.497898, best rearrangement setting 10
Bootstrap[72]: Time 1.208281 seconds, bootstrap likelihood -5328.567892, best rearrangement setting 11
Bootstrap[73]: Time 1.335854 seconds, bootstrap likelihood -5162.860595, best rearrangement setting 9
Bootstrap[74]: Time 0.958216 seconds, bootstrap likelihood -5114.214094, best rearrangement setting 5
Bootstrap[75]: Time 1.220580 seconds, bootstrap likelihood -5238.310662, best rearrangement setting 8
Bootstrap[76]: Time 1.051486 seconds, bootstrap likelihood -5394.998823, best rearrangement setting 9
Bootstrap[77]: Time 1.149665 seconds, bootstrap likelihood -5457.152549, best rearrangement setting 11
Bootstrap[78]: Time 1.211577 seconds, bootstrap likelihood -5233.636096, best rearrangement setting 15
Bootstrap[79]: Time 1.213790 seconds, bootstrap likelihood -5311.578805, best rearrangement setting 9
Bootstrap[80]: Time 1.011547 seconds, bootstrap likelihood -5239.196534, best rearrangement setting 15
Bootstrap[81]: Time 0.513996 seconds, bootstrap likelihood -5197.132214, best rearrangement setting 7
Bootstrap[82]: Time 1.151957 seconds, bootstrap likelihood -5344.672123, best rearrangement setting 6
Bootstrap[83]: Time 1.400768 seconds, bootstrap likelihood -5468.388392, best rearrangement setting 10
Bootstrap[84]: Time 1.867670 seconds, bootstrap likelihood -5341.541820, best rearrangement setting 11
Bootstrap[85]: Time 0.577067 seconds, bootstrap likelihood -5536.812681, best rearrangement setting 8
Bootstrap[86]: Time 1.331126 seconds, bootstrap likelihood -5415.543525, best rearrangement setting 7
Bootstrap[87]: Time 1.157161 seconds, bootstrap likelihood -5237.181345, best rearrangement setting 7
Bootstrap[88]: Time 1.252325 seconds, bootstrap likelihood -5283.909089, best rearrangement setting 12
Bootstrap[89]: Time 1.070476 seconds, bootstrap likelihood -5287.060830, best rearrangement setting 10
Bootstrap[90]: Time 1.395385 seconds, bootstrap likelihood -5318.032511, best rearrangement setting 8
Bootstrap[91]: Time 1.321938 seconds, bootstrap likelihood -5438.808651, best rearrangement setting 12
Bootstrap[92]: Time 1.381726 seconds, bootstrap likelihood -5385.709853, best rearrangement setting 13
Bootstrap[93]: Time 1.145318 seconds, bootstrap likelihood -5312.555218, best rearrangement setting 15
Bootstrap[94]: Time 1.120140 seconds, bootstrap likelihood -5212.371187, best rearrangement setting 5
Bootstrap[95]: Time 1.303505 seconds, bootstrap likelihood -5359.679761, best rearrangement setting 5
Bootstrap[96]: Time 0.891398 seconds, bootstrap likelihood -5362.202692, best rearrangement setting 13
Bootstrap[97]: Time 1.455746 seconds, bootstrap likelihood -5206.838589, best rearrangement setting 11
Bootstrap[98]: Time 1.508328 seconds, bootstrap likelihood -5184.850189, best rearrangement setting 6
Bootstrap[99]: Time 1.062504 seconds, bootstrap likelihood -5158.497509, best rearrangement setting 14


Overall Time for 100 Rapid Bootstraps 125.306383 seconds
Average Time per Rapid Bootstrap 1.253064 seconds

Starting ML Search ...

Fast ML optimization finished

Fast ML search Time: 81.243229 seconds

Slow ML Search 0 Likelihood: -5349.936835
Slow ML Search 1 Likelihood: -5349.936835
Slow ML Search 2 Likelihood: -5349.936835
Slow ML Search 3 Likelihood: -5349.936835
Slow ML Search 4 Likelihood: -5349.936835
Slow ML Search 5 Likelihood: -5349.936835
Slow ML Search 6 Likelihood: -5349.936835
Slow ML Search 7 Likelihood: -5349.936835
Slow ML Search 8 Likelihood: -5349.936835
Slow ML Search 9 Likelihood: -5349.936835
Slow ML optimization finished

Slow ML search Time: 20.596227 seconds
Thorough ML search Time: 1.878737 seconds

Final ML Optimization Likelihood: -5349.936881

Model Information:

Model Parameters of Partition 0, Name: No Name Provided, Type of Data: AA
alpha: 1.538582
Tree-Length: 7.370119
rate A <-> R: 0.705217
rate A <-> N: 0.651871
rate A <-> D: 0.944853
rate A <-> C: 1.313132
rate A <-> Q: 1.161697
rate A <-> E: 2.023768
rate A <-> G: 1.811361
rate A <-> H: 0.405245
rate A <-> I: 0.247190
rate A <-> L: 0.508758
rate A <-> K: 1.158714
rate A <-> M: 1.142388
rate A <-> F: 0.269129
rate A <-> P: 1.839272
rate A <-> S: 4.309757
rate A <-> T: 2.711966
rate A <-> W: 0.144647
rate A <-> Y: 0.307794
rate A <-> V: 2.564804
rate R <-> N: 0.812328
rate R <-> D: 0.188337
rate R <-> C: 0.675324
rate R <-> Q: 3.881068
rate R <-> E: 0.561488
rate R <-> G: 0.747529
rate R <-> H: 2.732474
rate R <-> I: 0.239064
rate R <-> L: 0.636302
rate R <-> K: 6.842111
rate R <-> M: 0.873463
rate R <-> F: 0.131322
rate R <-> P: 0.868767
rate R <-> S: 1.565200
rate R <-> T: 0.708850
rate R <-> W: 1.488141
rate R <-> Y: 0.487813
rate R <-> V: 0.322004
rate N <-> D: 6.941838
rate N <-> C: 0.339146
rate N <-> Q: 1.973636
rate N <-> E: 1.211049
rate N <-> G: 1.439096
rate N <-> H: 5.058353
rate N <-> I: 0.708624
rate N <-> L: 0.168166
rate N <-> K: 3.851035
rate N <-> M: 0.253437
rate N <-> F: 0.122949
rate N <-> P: 0.249423
rate N <-> S: 5.081291
rate N <-> T: 2.595553
rate N <-> W: 0.091950
rate N <-> Y: 1.388516
rate N <-> V: 0.250912
rate D <-> C: 0.038734
rate D <-> Q: 0.788594
rate D <-> E: 7.894033
rate D <-> G: 1.106701
rate D <-> H: 1.189925
rate D <-> I: 0.050423
rate D <-> L: 0.108428
rate D <-> K: 0.613523
rate D <-> M: 0.132656
rate D <-> F: 0.059748
rate D <-> P: 0.542089
rate D <-> S: 1.370309
rate D <-> T: 0.479289
rate D <-> W: 0.165915
rate D <-> Y: 0.416441
rate D <-> V: 0.194769
rate C <-> Q: 0.126345
rate C <-> E: 0.027300
rate C <-> G: 0.392101
rate C <-> H: 0.318326
rate C <-> I: 0.217528
rate C <-> L: 0.491334
rate C <-> K: 0.094657
rate C <-> M: 0.499255
rate C <-> F: 0.508892
rate C <-> P: 0.139880
rate C <-> S: 1.799778
rate C <-> T: 0.655881
rate C <-> W: 0.916817
rate C <-> Y: 0.695323
rate C <-> V: 1.281296
rate Q <-> E: 6.993045
rate Q <-> G: 0.421991
rate Q <-> H: 5.490277
rate Q <-> I: 0.145650
rate Q <-> L: 1.111694
rate Q <-> K: 4.979863
rate Q <-> M: 1.975707
rate Q <-> F: 0.127755
rate Q <-> P: 1.193372
rate Q <-> S: 1.315472
rate Q <-> T: 1.096912
rate Q <-> W: 0.275833
rate Q <-> Y: 0.291141
rate Q <-> V: 0.385206
rate E <-> G: 0.725860
rate E <-> H: 0.728811
rate E <-> I: 0.162882
rate E <-> L: 0.197234
rate E <-> K: 3.304348
rate E <-> M: 0.402905
rate E <-> F: 0.103735
rate E <-> P: 0.872432
rate E <-> S: 0.901307
rate E <-> T: 1.051954
rate E <-> W: 0.200167
rate E <-> Y: 0.250985
rate E <-> V: 0.752728
rate G <-> H: 0.318886
rate G <-> I: 0.038932
rate G <-> L: 0.078380
rate G <-> K: 0.477616
rate G <-> M: 0.222597
rate G <-> F: 0.063840
rate G <-> P: 0.311419
rate G <-> S: 1.715597
rate G <-> T: 0.288741
rate G <-> W: 0.430853
rate G <-> Y: 0.132464
rate G <-> V: 0.239406
rate H <-> I: 0.176684
rate H <-> L: 0.638592
rate H <-> K: 1.138471
rate H <-> M: 0.516718
rate H <-> F: 0.868616
rate H <-> P: 0.890131
rate H <-> S: 0.946350
rate H <-> T: 0.605151
rate H <-> W: 0.335710
rate H <-> Y: 4.952425
rate H <-> V: 0.151328
rate I <-> L: 4.054275
rate I <-> K: 0.414039
rate I <-> M: 5.443417
rate I <-> F: 1.354596
rate I <-> P: 0.127765
rate I <-> S: 0.408423
rate I <-> T: 1.864345
rate I <-> W: 0.271672
rate I <-> Y: 0.537212
rate I <-> V: 10.000000
rate L <-> K: 0.329299
rate L <-> M: 6.206155
rate L <-> F: 2.704371
rate L <-> P: 0.531681
rate L <-> S: 0.440769
rate L <-> T: 0.417606
rate L <-> W: 0.850637
rate L <-> Y: 0.509657
rate L <-> V: 2.301842
rate K <-> M: 1.194528
rate K <-> F: 0.113582
rate K <-> P: 0.712025
rate K <-> S: 1.236534
rate K <-> T: 1.773337
rate K <-> W: 0.175808
rate K <-> Y: 0.170386
rate K <-> V: 0.390516
rate M <-> F: 1.522292
rate M <-> P: 0.219054
rate M <-> S: 0.631487
rate M <-> T: 1.938450
rate M <-> W: 0.659361
rate M <-> Y: 0.547782
rate M <-> V: 2.631851
rate F <-> P: 0.206416
rate F <-> S: 0.698005
rate F <-> T: 0.219788
rate F <-> W: 1.955736
rate F <-> Y: 8.252183
rate F <-> V: 0.830926
rate P <-> S: 2.062675
rate P <-> T: 1.016946
rate P <-> W: 0.178238
rate P <-> Y: 0.276228
rate P <-> V: 0.402602
rate S <-> T: 5.597561
rate S <-> W: 0.669635
rate S <-> Y: 1.006218
rate S <-> V: 0.297571
rate T <-> W: 0.141746
rate T <-> Y: 0.372250
rate T <-> V: 1.774935
rate W <-> Y: 3.177720
rate W <-> V: 0.467146
rate Y <-> V: 0.402401

freq pi(A): 0.062846
freq pi(R): 0.052539
freq pi(N): 0.032177
freq pi(D): 0.050779
freq pi(C): 0.024887
freq pi(Q): 0.033183
freq pi(E): 0.043992
freq pi(G): 0.058572
freq pi(H): 0.014832
freq pi(I): 0.062846
freq pi(L): 0.113122
freq pi(K): 0.044746
freq pi(M): 0.025892
freq pi(F): 0.046506
freq pi(P): 0.059075
freq pi(S): 0.075415
freq pi(T): 0.068879
freq pi(W): 0.004525
freq pi(Y): 0.034439
freq pi(V): 0.090749


ML search took 103.740664 secs or 0.028817 hours

Combined Bootstrap and ML search took 229.047284 secs or 0.063624 hours

Drawing Bootstrap Support Values on best-scoring ML tree ...



Found 1 tree in File /in/RAxML_bestTree.EOG091G00UD.clustalo.aln.ALICUT.WAGF



Found 1 tree in File /in/RAxML_bestTree.EOG091G00UD.clustalo.aln.ALICUT.WAGF

Program execution info written to /in/RAxML_info.EOG091G00UD.clustalo.aln.ALICUT.WAGF
All 100 bootstrapped trees written to: /in/RAxML_bootstrap.EOG091G00UD.clustalo.aln.ALICUT.WAGF

Best-scoring ML tree written to: /in/RAxML_bestTree.EOG091G00UD.clustalo.aln.ALICUT.WAGF

Best-scoring ML tree with support values written to: /in/RAxML_bipartitions.EOG091G00UD.clustalo.aln.ALICUT.WAGF

Best-scoring ML tree with support values as branch labels written to: /in/RAxML_bipartitionsBranchLabels.EOG091G00UD.clustalo.aln.ALICUT.WAGF

Overall execution time for full ML analysis: 229.049186 secs or 0.063625 hours or 0.002651 days

