
WARNING: The number of threads is currently set to 1
You can specify the number of threads to run via -T numberOfThreads
NumberOfThreads must be set to an integer value greater than 1

RAxML, will now set the number of threads automatically to 2 !


RAxML can't, parse the alignment file as phylip file 
it will now try to parse it as FASTA file


This is the RAxML Master Pthread

This is RAxML Worker Pthread Number: 1


This is RAxML version 8.2.12 released by Alexandros Stamatakis on May 2018.

With greatly appreciated code contributions by:
Andre Aberer      (HITS)
Simon Berger      (HITS)
Alexey Kozlov     (HITS)
Kassian Kobert    (HITS)
David Dao         (KIT and HITS)
Sarah Lutteropp   (KIT and HITS)
Nick Pattengale   (Sandia)
Wayne Pfeiffer    (SDSC)
Akifumi S. Tanabe (NRIFS)
Charlie Taylor    (UF)


Alignment has 278 distinct alignment patterns

Proportion of gaps and completely undetermined characters in this alignment: 7.64%

RAxML rapid bootstrapping and subsequent ML search

Using 1 distinct models/data partitions with joint branch length optimization



Executing 100 rapid bootstrap inferences and thereafter a thorough ML search 

All free model parameters will be estimated by RAxML
GAMMA model of rate heterogeneity, ML estimate of alpha-parameter

GAMMA Model parameters will be estimated up to an accuracy of 0.1000000000 Log Likelihood units

Partition: 0
Alignment Patterns: 278
Name: No Name Provided
DataType: AA
Substitution Matrix: LG
Using empirical base frequencies




RAxML was called as follows:

raxml -f a -T 1 -m PROTGAMMALGF -p 12345 -x 12345 -# 100 -s ALICUT_EOG091G132G.clustalo.aln.fasta -n EOG091G132G.clustalo.aln.ALICUT.LGF 



Time for BS model parameter optimization 0.036696
Bootstrap[0]: Time 0.743277 seconds, bootstrap likelihood -4405.513826, best rearrangement setting 13
Bootstrap[1]: Time 0.603720 seconds, bootstrap likelihood -4613.428958, best rearrangement setting 13
Bootstrap[2]: Time 0.296394 seconds, bootstrap likelihood -4228.922505, best rearrangement setting 12
Bootstrap[3]: Time 0.655037 seconds, bootstrap likelihood -4605.018926, best rearrangement setting 15
Bootstrap[4]: Time 0.298083 seconds, bootstrap likelihood -4482.035403, best rearrangement setting 10
Bootstrap[5]: Time 0.658113 seconds, bootstrap likelihood -4584.528206, best rearrangement setting 10
Bootstrap[6]: Time 0.623112 seconds, bootstrap likelihood -4723.035088, best rearrangement setting 6
Bootstrap[7]: Time 0.594623 seconds, bootstrap likelihood -4520.728405, best rearrangement setting 14
Bootstrap[8]: Time 0.618976 seconds, bootstrap likelihood -4415.486308, best rearrangement setting 5
Bootstrap[9]: Time 0.606920 seconds, bootstrap likelihood -4422.499877, best rearrangement setting 7
Bootstrap[10]: Time 0.618873 seconds, bootstrap likelihood -4377.032368, best rearrangement setting 7
Bootstrap[11]: Time 0.697458 seconds, bootstrap likelihood -4633.808725, best rearrangement setting 5
Bootstrap[12]: Time 0.708792 seconds, bootstrap likelihood -4629.810995, best rearrangement setting 8
Bootstrap[13]: Time 0.279452 seconds, bootstrap likelihood -4466.312279, best rearrangement setting 7
Bootstrap[14]: Time 0.658135 seconds, bootstrap likelihood -4463.155646, best rearrangement setting 12
Bootstrap[15]: Time 0.621815 seconds, bootstrap likelihood -4502.053530, best rearrangement setting 15
Bootstrap[16]: Time 0.621546 seconds, bootstrap likelihood -4534.848843, best rearrangement setting 12
Bootstrap[17]: Time 0.305061 seconds, bootstrap likelihood -4520.107332, best rearrangement setting 12
Bootstrap[18]: Time 0.630797 seconds, bootstrap likelihood -4492.666764, best rearrangement setting 5
Bootstrap[19]: Time 0.614860 seconds, bootstrap likelihood -4390.866437, best rearrangement setting 8
Bootstrap[20]: Time 0.660243 seconds, bootstrap likelihood -4507.790513, best rearrangement setting 10
Bootstrap[21]: Time 0.634941 seconds, bootstrap likelihood -4546.592312, best rearrangement setting 6
Bootstrap[22]: Time 0.659839 seconds, bootstrap likelihood -4431.449996, best rearrangement setting 5
Bootstrap[23]: Time 0.668597 seconds, bootstrap likelihood -4629.451447, best rearrangement setting 7
Bootstrap[24]: Time 0.596157 seconds, bootstrap likelihood -4694.723767, best rearrangement setting 8
Bootstrap[25]: Time 0.610168 seconds, bootstrap likelihood -4357.724265, best rearrangement setting 6
Bootstrap[26]: Time 0.300800 seconds, bootstrap likelihood -4511.429698, best rearrangement setting 12
Bootstrap[27]: Time 0.614746 seconds, bootstrap likelihood -4385.669237, best rearrangement setting 10
Bootstrap[28]: Time 0.619363 seconds, bootstrap likelihood -4588.544726, best rearrangement setting 11
Bootstrap[29]: Time 0.603157 seconds, bootstrap likelihood -4211.050625, best rearrangement setting 12
Bootstrap[30]: Time 0.626927 seconds, bootstrap likelihood -4489.910343, best rearrangement setting 15
Bootstrap[31]: Time 0.287618 seconds, bootstrap likelihood -4162.539250, best rearrangement setting 15
Bootstrap[32]: Time 0.620319 seconds, bootstrap likelihood -4507.712030, best rearrangement setting 6
Bootstrap[33]: Time 0.673992 seconds, bootstrap likelihood -4662.200395, best rearrangement setting 15
Bootstrap[34]: Time 0.284494 seconds, bootstrap likelihood -4362.180919, best rearrangement setting 11
Bootstrap[35]: Time 0.677014 seconds, bootstrap likelihood -4501.893255, best rearrangement setting 8
Bootstrap[36]: Time 0.641853 seconds, bootstrap likelihood -4541.301749, best rearrangement setting 9
Bootstrap[37]: Time 0.295363 seconds, bootstrap likelihood -4590.468449, best rearrangement setting 11
Bootstrap[38]: Time 0.648331 seconds, bootstrap likelihood -4543.436623, best rearrangement setting 8
Bootstrap[39]: Time 0.694792 seconds, bootstrap likelihood -4223.837627, best rearrangement setting 13
Bootstrap[40]: Time 0.601517 seconds, bootstrap likelihood -4492.184366, best rearrangement setting 13
Bootstrap[41]: Time 0.641941 seconds, bootstrap likelihood -4320.136444, best rearrangement setting 10
Bootstrap[42]: Time 0.583801 seconds, bootstrap likelihood -4472.698409, best rearrangement setting 5
Bootstrap[43]: Time 0.702533 seconds, bootstrap likelihood -4476.737822, best rearrangement setting 14
Bootstrap[44]: Time 0.704591 seconds, bootstrap likelihood -4267.061189, best rearrangement setting 10
Bootstrap[45]: Time 0.630660 seconds, bootstrap likelihood -4377.460286, best rearrangement setting 15
Bootstrap[46]: Time 0.608392 seconds, bootstrap likelihood -4463.516990, best rearrangement setting 14
Bootstrap[47]: Time 0.609660 seconds, bootstrap likelihood -4628.318621, best rearrangement setting 8
Bootstrap[48]: Time 0.649850 seconds, bootstrap likelihood -4574.460860, best rearrangement setting 6
Bootstrap[49]: Time 0.681333 seconds, bootstrap likelihood -4440.223628, best rearrangement setting 7
Bootstrap[50]: Time 0.626493 seconds, bootstrap likelihood -4469.585980, best rearrangement setting 7
Bootstrap[51]: Time 0.613305 seconds, bootstrap likelihood -4640.243191, best rearrangement setting 11
Bootstrap[52]: Time 0.283392 seconds, bootstrap likelihood -4313.647021, best rearrangement setting 12
Bootstrap[53]: Time 0.620904 seconds, bootstrap likelihood -4689.974923, best rearrangement setting 8
Bootstrap[54]: Time 0.615559 seconds, bootstrap likelihood -4313.143430, best rearrangement setting 9
Bootstrap[55]: Time 0.267969 seconds, bootstrap likelihood -4252.029765, best rearrangement setting 11
Bootstrap[56]: Time 0.583355 seconds, bootstrap likelihood -4438.498297, best rearrangement setting 5
Bootstrap[57]: Time 0.663202 seconds, bootstrap likelihood -4545.163204, best rearrangement setting 7
Bootstrap[58]: Time 0.624659 seconds, bootstrap likelihood -4440.730523, best rearrangement setting 10
Bootstrap[59]: Time 0.610587 seconds, bootstrap likelihood -4202.830401, best rearrangement setting 9
Bootstrap[60]: Time 0.644483 seconds, bootstrap likelihood -4430.097291, best rearrangement setting 7
Bootstrap[61]: Time 0.324029 seconds, bootstrap likelihood -4582.969493, best rearrangement setting 5
Bootstrap[62]: Time 0.324988 seconds, bootstrap likelihood -4576.622989, best rearrangement setting 11
Bootstrap[63]: Time 0.704720 seconds, bootstrap likelihood -4662.649702, best rearrangement setting 12
Bootstrap[64]: Time 0.586654 seconds, bootstrap likelihood -4190.701181, best rearrangement setting 7
Bootstrap[65]: Time 0.627157 seconds, bootstrap likelihood -4441.014207, best rearrangement setting 5
Bootstrap[66]: Time 0.641590 seconds, bootstrap likelihood -4578.619668, best rearrangement setting 5
Bootstrap[67]: Time 0.634986 seconds, bootstrap likelihood -4385.022337, best rearrangement setting 15
Bootstrap[68]: Time 0.636282 seconds, bootstrap likelihood -4515.547256, best rearrangement setting 11
Bootstrap[69]: Time 0.650155 seconds, bootstrap likelihood -4357.653770, best rearrangement setting 5
Bootstrap[70]: Time 0.686054 seconds, bootstrap likelihood -4558.762983, best rearrangement setting 8
Bootstrap[71]: Time 0.642133 seconds, bootstrap likelihood -4494.125992, best rearrangement setting 10
Bootstrap[72]: Time 0.587693 seconds, bootstrap likelihood -4470.187792, best rearrangement setting 11
Bootstrap[73]: Time 0.552680 seconds, bootstrap likelihood -4101.108159, best rearrangement setting 9
Bootstrap[74]: Time 0.302478 seconds, bootstrap likelihood -4574.024205, best rearrangement setting 5
Bootstrap[75]: Time 0.613627 seconds, bootstrap likelihood -4404.742294, best rearrangement setting 8
Bootstrap[76]: Time 0.621715 seconds, bootstrap likelihood -4565.146274, best rearrangement setting 9
Bootstrap[77]: Time 0.642935 seconds, bootstrap likelihood -4363.415933, best rearrangement setting 11
Bootstrap[78]: Time 0.643933 seconds, bootstrap likelihood -4587.306410, best rearrangement setting 15
Bootstrap[79]: Time 0.696145 seconds, bootstrap likelihood -4489.730398, best rearrangement setting 9
Bootstrap[80]: Time 0.579212 seconds, bootstrap likelihood -4283.581984, best rearrangement setting 15
Bootstrap[81]: Time 0.597019 seconds, bootstrap likelihood -4490.629244, best rearrangement setting 7
Bootstrap[82]: Time 0.669309 seconds, bootstrap likelihood -4725.526090, best rearrangement setting 6
Bootstrap[83]: Time 0.683034 seconds, bootstrap likelihood -4627.255571, best rearrangement setting 10
Bootstrap[84]: Time 0.665774 seconds, bootstrap likelihood -4712.842118, best rearrangement setting 11
Bootstrap[85]: Time 0.321906 seconds, bootstrap likelihood -4485.955574, best rearrangement setting 8
Bootstrap[86]: Time 0.555672 seconds, bootstrap likelihood -4380.697564, best rearrangement setting 7
Bootstrap[87]: Time 0.634274 seconds, bootstrap likelihood -4521.450386, best rearrangement setting 7
Bootstrap[88]: Time 0.287237 seconds, bootstrap likelihood -4494.158965, best rearrangement setting 12
Bootstrap[89]: Time 0.615858 seconds, bootstrap likelihood -4604.298836, best rearrangement setting 10
Bootstrap[90]: Time 0.687365 seconds, bootstrap likelihood -4293.851555, best rearrangement setting 8
Bootstrap[91]: Time 0.289297 seconds, bootstrap likelihood -4540.283765, best rearrangement setting 12
Bootstrap[92]: Time 0.652144 seconds, bootstrap likelihood -4553.779601, best rearrangement setting 13
Bootstrap[93]: Time 0.657631 seconds, bootstrap likelihood -4493.321911, best rearrangement setting 15
Bootstrap[94]: Time 0.694937 seconds, bootstrap likelihood -4614.343447, best rearrangement setting 5
Bootstrap[95]: Time 0.714316 seconds, bootstrap likelihood -4358.791232, best rearrangement setting 5
Bootstrap[96]: Time 0.603177 seconds, bootstrap likelihood -4291.977251, best rearrangement setting 13
Bootstrap[97]: Time 0.656161 seconds, bootstrap likelihood -4344.810916, best rearrangement setting 11
Bootstrap[98]: Time 0.613944 seconds, bootstrap likelihood -4655.251063, best rearrangement setting 6
Bootstrap[99]: Time 0.665503 seconds, bootstrap likelihood -4260.801989, best rearrangement setting 14


Overall Time for 100 Rapid Bootstraps 58.424575 seconds
Average Time per Rapid Bootstrap 0.584246 seconds

Starting ML Search ...

Fast ML optimization finished

Fast ML search Time: 35.512059 seconds

Slow ML Search 0 Likelihood: -4495.068189
Slow ML Search 1 Likelihood: -4495.068189
Slow ML Search 2 Likelihood: -4495.068189
Slow ML Search 3 Likelihood: -4495.068189
Slow ML Search 4 Likelihood: -4495.068189
Slow ML Search 5 Likelihood: -4495.068189
Slow ML Search 6 Likelihood: -4495.068189
Slow ML Search 7 Likelihood: -4495.068189
Slow ML Search 8 Likelihood: -4495.068189
Slow ML Search 9 Likelihood: -4495.068189
Slow ML optimization finished

Slow ML search Time: 13.886766 seconds
Thorough ML search Time: 0.994877 seconds

Final ML Optimization Likelihood: -4495.068189

Model Information:

Model Parameters of Partition 0, Name: No Name Provided, Type of Data: AA
alpha: 0.998145
Tree-Length: 4.971687
rate A <-> R: 0.399182
rate A <-> N: 0.259945
rate A <-> D: 0.371058
rate A <-> C: 2.337364
rate A <-> Q: 0.910775
rate A <-> E: 0.975241
rate A <-> G: 1.940106
rate A <-> H: 0.336984
rate A <-> I: 0.140697
rate A <-> L: 0.371240
rate A <-> K: 0.503815
rate A <-> M: 1.055520
rate A <-> F: 0.238237
rate A <-> P: 1.105868
rate A <-> S: 4.439041
rate A <-> T: 2.009090
rate A <-> W: 0.169702
rate A <-> Y: 0.205613
rate A <-> V: 2.392567
rate R <-> N: 0.706048
rate R <-> D: 0.116398
rate R <-> C: 0.501968
rate R <-> Q: 2.636754
rate R <-> E: 0.341785
rate R <-> G: 0.366408
rate R <-> H: 2.278690
rate R <-> I: 0.119250
rate R <-> L: 0.283449
rate R <-> K: 5.940467
rate R <-> M: 0.454623
rate R <-> F: 0.049508
rate R <-> P: 0.312264
rate R <-> S: 0.805843
rate R <-> T: 0.543695
rate R <-> W: 0.557424
rate R <-> Y: 0.295274
rate R <-> V: 0.160471
rate N <-> D: 4.766737
rate N <-> C: 0.496537
rate N <-> Q: 1.592389
rate N <-> E: 0.508692
rate N <-> G: 1.350015
rate N <-> H: 4.234381
rate N <-> I: 0.179830
rate N <-> L: 0.064256
rate N <-> K: 2.014327
rate N <-> M: 0.348390
rate N <-> F: 0.084068
rate N <-> P: 0.151925
rate N <-> S: 3.764032
rate N <-> T: 1.878729
rate N <-> W: 0.042610
rate N <-> Y: 0.574720
rate N <-> V: 0.078587
rate D <-> C: 0.058743
rate D <-> Q: 0.491483
rate D <-> E: 4.924234
rate D <-> G: 0.793424
rate D <-> H: 0.870603
rate D <-> I: 0.010038
rate D <-> L: 0.014157
rate D <-> K: 0.265711
rate D <-> M: 0.023991
rate D <-> F: 0.016354
rate D <-> P: 0.370412
rate D <-> S: 1.164675
rate D <-> T: 0.399902
rate D <-> W: 0.028068
rate D <-> Y: 0.126872
rate D <-> V: 0.035653
rate C <-> Q: 0.079639
rate C <-> E: 0.003286
rate C <-> G: 0.534566
rate C <-> H: 0.601499
rate C <-> I: 0.301083
rate C <-> L: 0.557800
rate C <-> K: 0.012457
rate C <-> M: 0.839207
rate C <-> F: 1.037881
rate C <-> P: 0.070787
rate C <-> S: 2.614753
rate C <-> T: 1.073780
rate C <-> W: 0.629281
rate C <-> Y: 1.094488
rate C <-> V: 1.839864
rate Q <-> E: 3.876936
rate Q <-> G: 0.251626
rate Q <-> H: 4.520102
rate Q <-> I: 0.068413
rate Q <-> L: 0.546954
rate Q <-> K: 3.037150
rate Q <-> M: 1.570619
rate Q <-> F: 0.033669
rate Q <-> P: 0.586241
rate Q <-> S: 1.149231
rate Q <-> T: 1.014297
rate Q <-> W: 0.221802
rate Q <-> Y: 0.241650
rate Q <-> V: 0.197511
rate E <-> G: 0.327583
rate E <-> H: 0.398044
rate E <-> I: 0.041567
rate E <-> L: 0.065426
rate E <-> K: 1.697022
rate E <-> M: 0.163145
rate E <-> F: 0.017664
rate E <-> P: 0.393844
rate E <-> S: 0.574671
rate E <-> T: 0.567695
rate E <-> W: 0.073107
rate E <-> Y: 0.112720
rate E <-> V: 0.230098
rate G <-> H: 0.292498
rate G <-> I: 0.008174
rate G <-> L: 0.041563
rate G <-> K: 0.278555
rate G <-> M: 0.131033
rate G <-> F: 0.084125
rate G <-> P: 0.184955
rate G <-> S: 1.633930
rate G <-> T: 0.121922
rate G <-> W: 0.252125
rate G <-> Y: 0.051346
rate G <-> V: 0.072026
rate H <-> I: 0.102245
rate H <-> L: 0.343988
rate H <-> K: 0.654763
rate H <-> M: 0.415502
rate H <-> F: 0.640560
rate H <-> P: 0.477834
rate H <-> S: 0.929667
rate H <-> T: 0.548649
rate H <-> W: 0.560661
rate H <-> Y: 4.983361
rate H <-> V: 0.111759
rate I <-> L: 3.892408
rate I <-> K: 0.149373
rate I <-> M: 4.013113
rate I <-> F: 1.044902
rate I <-> P: 0.073509
rate I <-> S: 0.060198
rate I <-> T: 0.970728
rate I <-> W: 0.104854
rate I <-> Y: 0.218350
rate I <-> V: 10.000000
rate L <-> K: 0.129119
rate L <-> M: 5.927594
rate L <-> F: 2.434657
rate L <-> P: 0.233879
rate L <-> S: 0.171176
rate L <-> T: 0.284471
rate L <-> W: 0.581863
rate L <-> Y: 0.281383
rate L <-> V: 1.598956
rate K <-> M: 0.616581
rate K <-> F: 0.022460
rate K <-> P: 0.366530
rate K <-> S: 0.703048
rate K <-> T: 1.067567
rate K <-> W: 0.046864
rate K <-> Y: 0.123890
rate K <-> V: 0.173913
rate M <-> F: 1.689205
rate M <-> P: 0.093763
rate M <-> S: 0.325811
rate M <-> T: 1.897216
rate M <-> W: 0.653740
rate M <-> Y: 0.451968
rate M <-> V: 1.782983
rate F <-> P: 0.088706
rate F <-> S: 0.339765
rate F <-> T: 0.154944
rate F <-> W: 2.307349
rate F <-> Y: 7.328222
rate F <-> V: 0.614777
rate P <-> S: 1.256567
rate P <-> T: 0.536635
rate P <-> W: 0.089332
rate P <-> Y: 0.084151
rate P <-> V: 0.278428
rate S <-> T: 6.077767
rate S <-> W: 0.233693
rate S <-> Y: 0.376132
rate S <-> V: 0.092373
rate T <-> W: 0.132241
rate T <-> Y: 0.230856
rate T <-> V: 2.054781
rate W <-> Y: 2.959699
rate W <-> V: 0.177959
rate Y <-> V: 0.234116

freq pi(A): 0.056767
freq pi(R): 0.060950
freq pi(N): 0.030774
freq pi(D): 0.051091
freq pi(C): 0.014042
freq pi(Q): 0.044219
freq pi(E): 0.051389
freq pi(G): 0.081267
freq pi(H): 0.036749
freq pi(I): 0.045115
freq pi(L): 0.125486
freq pi(K): 0.026890
freq pi(M): 0.017628
freq pi(F): 0.047505
freq pi(P): 0.077084
freq pi(S): 0.061846
freq pi(T): 0.049895
freq pi(W): 0.026591
freq pi(Y): 0.032865
freq pi(V): 0.061846


ML search took 50.412563 secs or 0.014003 hours

Combined Bootstrap and ML search took 108.837325 secs or 0.030233 hours

Drawing Bootstrap Support Values on best-scoring ML tree ...



Found 1 tree in File /in/RAxML_bestTree.EOG091G132G.clustalo.aln.ALICUT.LGF



Found 1 tree in File /in/RAxML_bestTree.EOG091G132G.clustalo.aln.ALICUT.LGF

Program execution info written to /in/RAxML_info.EOG091G132G.clustalo.aln.ALICUT.LGF
All 100 bootstrapped trees written to: /in/RAxML_bootstrap.EOG091G132G.clustalo.aln.ALICUT.LGF

Best-scoring ML tree written to: /in/RAxML_bestTree.EOG091G132G.clustalo.aln.ALICUT.LGF

Best-scoring ML tree with support values written to: /in/RAxML_bipartitions.EOG091G132G.clustalo.aln.ALICUT.LGF

Best-scoring ML tree with support values as branch labels written to: /in/RAxML_bipartitionsBranchLabels.EOG091G132G.clustalo.aln.ALICUT.LGF

Overall execution time for full ML analysis: 108.839059 secs or 0.030233 hours or 0.001260 days

