
WARNING: The number of threads is currently set to 1
You can specify the number of threads to run via -T numberOfThreads
NumberOfThreads must be set to an integer value greater than 1

RAxML, will now set the number of threads automatically to 2 !


RAxML can't, parse the alignment file as phylip file 
it will now try to parse it as FASTA file


This is the RAxML Master Pthread

This is RAxML Worker Pthread Number: 1


This is RAxML version 8.2.12 released by Alexandros Stamatakis on May 2018.

With greatly appreciated code contributions by:
Andre Aberer      (HITS)
Simon Berger      (HITS)
Alexey Kozlov     (HITS)
Kassian Kobert    (HITS)
David Dao         (KIT and HITS)
Sarah Lutteropp   (KIT and HITS)
Nick Pattengale   (Sandia)
Wayne Pfeiffer    (SDSC)
Akifumi S. Tanabe (NRIFS)
Charlie Taylor    (UF)


Alignment has 99 distinct alignment patterns

Proportion of gaps and completely undetermined characters in this alignment: 1.29%

RAxML rapid bootstrapping and subsequent ML search

Using 1 distinct models/data partitions with joint branch length optimization



Executing 100 rapid bootstrap inferences and thereafter a thorough ML search 

All free model parameters will be estimated by RAxML
GAMMA model of rate heterogeneity, ML estimate of alpha-parameter

GAMMA Model parameters will be estimated up to an accuracy of 0.1000000000 Log Likelihood units

Partition: 0
Alignment Patterns: 99
Name: No Name Provided
DataType: AA
Substitution Matrix: LG
Using fixed base frequencies




RAxML was called as follows:

raxml -f a -T 1 -m PROTGAMMALG -p 12345 -x 12345 -# 100 -s ALICUT_EOG091G0NTO.clustalo.aln.fasta -n EOG091G0NTO.clustalo.aln.ALICUT.LG 



Time for BS model parameter optimization 0.040324
Bootstrap[0]: Time 0.374113 seconds, bootstrap likelihood -1704.004304, best rearrangement setting 13
Bootstrap[1]: Time 0.306062 seconds, bootstrap likelihood -1597.023314, best rearrangement setting 13
Bootstrap[2]: Time 0.275973 seconds, bootstrap likelihood -1716.002100, best rearrangement setting 12
Bootstrap[3]: Time 0.316608 seconds, bootstrap likelihood -1684.962378, best rearrangement setting 15
Bootstrap[4]: Time 0.305552 seconds, bootstrap likelihood -1830.572692, best rearrangement setting 10
Bootstrap[5]: Time 0.256250 seconds, bootstrap likelihood -1410.590740, best rearrangement setting 10
Bootstrap[6]: Time 0.364624 seconds, bootstrap likelihood -1779.825148, best rearrangement setting 6
Bootstrap[7]: Time 0.370857 seconds, bootstrap likelihood -1813.176093, best rearrangement setting 14
Bootstrap[8]: Time 0.361008 seconds, bootstrap likelihood -1913.817141, best rearrangement setting 5
Bootstrap[9]: Time 0.326887 seconds, bootstrap likelihood -1545.695662, best rearrangement setting 7
Bootstrap[10]: Time 0.313694 seconds, bootstrap likelihood -1572.349318, best rearrangement setting 7
Bootstrap[11]: Time 0.440753 seconds, bootstrap likelihood -1821.287706, best rearrangement setting 5
Bootstrap[12]: Time 0.339961 seconds, bootstrap likelihood -1754.218720, best rearrangement setting 8
Bootstrap[13]: Time 0.412787 seconds, bootstrap likelihood -1637.014793, best rearrangement setting 7
Bootstrap[14]: Time 0.359391 seconds, bootstrap likelihood -1781.737624, best rearrangement setting 12
Bootstrap[15]: Time 0.400027 seconds, bootstrap likelihood -1873.704760, best rearrangement setting 15
Bootstrap[16]: Time 0.350091 seconds, bootstrap likelihood -1979.262669, best rearrangement setting 12
Bootstrap[17]: Time 0.431225 seconds, bootstrap likelihood -1873.506842, best rearrangement setting 12
Bootstrap[18]: Time 0.358933 seconds, bootstrap likelihood -1752.015644, best rearrangement setting 5
Bootstrap[19]: Time 0.369240 seconds, bootstrap likelihood -1691.905234, best rearrangement setting 8
Bootstrap[20]: Time 0.335066 seconds, bootstrap likelihood -1724.953367, best rearrangement setting 10
Bootstrap[21]: Time 0.343086 seconds, bootstrap likelihood -1696.808685, best rearrangement setting 6
Bootstrap[22]: Time 0.325902 seconds, bootstrap likelihood -1500.677697, best rearrangement setting 5
Bootstrap[23]: Time 0.319643 seconds, bootstrap likelihood -1702.965836, best rearrangement setting 7
Bootstrap[24]: Time 0.391695 seconds, bootstrap likelihood -1755.739712, best rearrangement setting 8
Bootstrap[25]: Time 0.293458 seconds, bootstrap likelihood -1598.771819, best rearrangement setting 6
Bootstrap[26]: Time 0.425366 seconds, bootstrap likelihood -1762.104042, best rearrangement setting 12
Bootstrap[27]: Time 0.417753 seconds, bootstrap likelihood -1800.678923, best rearrangement setting 10
Bootstrap[28]: Time 0.380882 seconds, bootstrap likelihood -1868.486304, best rearrangement setting 11
Bootstrap[29]: Time 0.414522 seconds, bootstrap likelihood -1512.159665, best rearrangement setting 12
Bootstrap[30]: Time 0.315764 seconds, bootstrap likelihood -1778.763057, best rearrangement setting 15
Bootstrap[31]: Time 0.362032 seconds, bootstrap likelihood -1936.836681, best rearrangement setting 15
Bootstrap[32]: Time 0.326211 seconds, bootstrap likelihood -1797.776544, best rearrangement setting 6
Bootstrap[33]: Time 0.415218 seconds, bootstrap likelihood -1905.986824, best rearrangement setting 15
Bootstrap[34]: Time 0.354569 seconds, bootstrap likelihood -1911.331962, best rearrangement setting 11
Bootstrap[35]: Time 0.294985 seconds, bootstrap likelihood -1866.908588, best rearrangement setting 8
Bootstrap[36]: Time 0.385681 seconds, bootstrap likelihood -1692.228663, best rearrangement setting 9
Bootstrap[37]: Time 0.353154 seconds, bootstrap likelihood -1955.885214, best rearrangement setting 11
Bootstrap[38]: Time 0.555945 seconds, bootstrap likelihood -1880.353340, best rearrangement setting 8
Bootstrap[39]: Time 0.536386 seconds, bootstrap likelihood -1939.724705, best rearrangement setting 13
Bootstrap[40]: Time 0.611001 seconds, bootstrap likelihood -1770.221894, best rearrangement setting 13
Bootstrap[41]: Time 0.548725 seconds, bootstrap likelihood -1691.415257, best rearrangement setting 10
Bootstrap[42]: Time 0.563583 seconds, bootstrap likelihood -1702.027848, best rearrangement setting 5
Bootstrap[43]: Time 0.571748 seconds, bootstrap likelihood -1649.494354, best rearrangement setting 14
Bootstrap[44]: Time 0.559401 seconds, bootstrap likelihood -1800.460525, best rearrangement setting 10
Bootstrap[45]: Time 0.605565 seconds, bootstrap likelihood -1847.305486, best rearrangement setting 15
Bootstrap[46]: Time 0.508809 seconds, bootstrap likelihood -1519.803492, best rearrangement setting 14
Bootstrap[47]: Time 0.576488 seconds, bootstrap likelihood -1637.415196, best rearrangement setting 8
Bootstrap[48]: Time 0.581430 seconds, bootstrap likelihood -1584.240392, best rearrangement setting 6
Bootstrap[49]: Time 0.571719 seconds, bootstrap likelihood -1718.722808, best rearrangement setting 7
Bootstrap[50]: Time 0.544836 seconds, bootstrap likelihood -1731.897113, best rearrangement setting 7
Bootstrap[51]: Time 0.614227 seconds, bootstrap likelihood -1650.325337, best rearrangement setting 11
Bootstrap[52]: Time 0.570512 seconds, bootstrap likelihood -1722.984549, best rearrangement setting 12
Bootstrap[53]: Time 0.550879 seconds, bootstrap likelihood -1838.784689, best rearrangement setting 8
Bootstrap[54]: Time 0.492248 seconds, bootstrap likelihood -1735.006073, best rearrangement setting 9
Bootstrap[55]: Time 0.536865 seconds, bootstrap likelihood -1830.390007, best rearrangement setting 11
Bootstrap[56]: Time 0.575370 seconds, bootstrap likelihood -1598.663648, best rearrangement setting 5
Bootstrap[57]: Time 0.557814 seconds, bootstrap likelihood -1750.133181, best rearrangement setting 7
Bootstrap[58]: Time 0.529995 seconds, bootstrap likelihood -1702.489897, best rearrangement setting 10
Bootstrap[59]: Time 0.551418 seconds, bootstrap likelihood -1841.730066, best rearrangement setting 9
Bootstrap[60]: Time 0.594799 seconds, bootstrap likelihood -1810.103158, best rearrangement setting 7
Bootstrap[61]: Time 0.483409 seconds, bootstrap likelihood -1720.453173, best rearrangement setting 5
Bootstrap[62]: Time 0.603377 seconds, bootstrap likelihood -1737.811136, best rearrangement setting 11
Bootstrap[63]: Time 0.592460 seconds, bootstrap likelihood -1662.013157, best rearrangement setting 12
Bootstrap[64]: Time 0.677668 seconds, bootstrap likelihood -1803.844111, best rearrangement setting 7
Bootstrap[65]: Time 0.610508 seconds, bootstrap likelihood -1850.510648, best rearrangement setting 5
Bootstrap[66]: Time 0.718399 seconds, bootstrap likelihood -1876.002397, best rearrangement setting 5
Bootstrap[67]: Time 0.629932 seconds, bootstrap likelihood -1687.537010, best rearrangement setting 15
Bootstrap[68]: Time 0.548326 seconds, bootstrap likelihood -1709.807998, best rearrangement setting 11
Bootstrap[69]: Time 0.558205 seconds, bootstrap likelihood -1872.347253, best rearrangement setting 5
Bootstrap[70]: Time 0.542280 seconds, bootstrap likelihood -1667.341768, best rearrangement setting 8
Bootstrap[71]: Time 0.585448 seconds, bootstrap likelihood -1929.829579, best rearrangement setting 10
Bootstrap[72]: Time 0.594677 seconds, bootstrap likelihood -1591.401767, best rearrangement setting 11
Bootstrap[73]: Time 0.585065 seconds, bootstrap likelihood -1841.568072, best rearrangement setting 9
Bootstrap[74]: Time 0.471181 seconds, bootstrap likelihood -1991.180163, best rearrangement setting 5
Bootstrap[75]: Time 0.618776 seconds, bootstrap likelihood -1656.509290, best rearrangement setting 8
Bootstrap[76]: Time 0.545507 seconds, bootstrap likelihood -2020.359642, best rearrangement setting 9
Bootstrap[77]: Time 0.573625 seconds, bootstrap likelihood -1644.436087, best rearrangement setting 11
Bootstrap[78]: Time 0.538882 seconds, bootstrap likelihood -1828.676363, best rearrangement setting 15
Bootstrap[79]: Time 0.628108 seconds, bootstrap likelihood -1727.415056, best rearrangement setting 9
Bootstrap[80]: Time 0.528631 seconds, bootstrap likelihood -1758.270096, best rearrangement setting 15
Bootstrap[81]: Time 0.226390 seconds, bootstrap likelihood -1789.566935, best rearrangement setting 7
Bootstrap[82]: Time 0.648842 seconds, bootstrap likelihood -1818.757452, best rearrangement setting 6
Bootstrap[83]: Time 0.569181 seconds, bootstrap likelihood -1694.537880, best rearrangement setting 10
Bootstrap[84]: Time 0.635873 seconds, bootstrap likelihood -1656.589007, best rearrangement setting 11
Bootstrap[85]: Time 0.591317 seconds, bootstrap likelihood -1958.186459, best rearrangement setting 8
Bootstrap[86]: Time 0.523884 seconds, bootstrap likelihood -1570.865436, best rearrangement setting 7
Bootstrap[87]: Time 0.504276 seconds, bootstrap likelihood -1544.746257, best rearrangement setting 7
Bootstrap[88]: Time 0.616626 seconds, bootstrap likelihood -1765.767956, best rearrangement setting 12
Bootstrap[89]: Time 0.565746 seconds, bootstrap likelihood -1847.055035, best rearrangement setting 10
Bootstrap[90]: Time 0.246451 seconds, bootstrap likelihood -1723.737810, best rearrangement setting 8
Bootstrap[91]: Time 0.537947 seconds, bootstrap likelihood -1588.525527, best rearrangement setting 12
Bootstrap[92]: Time 0.628278 seconds, bootstrap likelihood -1589.534190, best rearrangement setting 13
Bootstrap[93]: Time 0.526493 seconds, bootstrap likelihood -1837.353594, best rearrangement setting 15
Bootstrap[94]: Time 0.577187 seconds, bootstrap likelihood -1730.068562, best rearrangement setting 5
Bootstrap[95]: Time 0.541885 seconds, bootstrap likelihood -1729.252233, best rearrangement setting 5
Bootstrap[96]: Time 0.265474 seconds, bootstrap likelihood -1967.003250, best rearrangement setting 13
Bootstrap[97]: Time 0.544654 seconds, bootstrap likelihood -1657.012143, best rearrangement setting 11
Bootstrap[98]: Time 0.521755 seconds, bootstrap likelihood -1569.485428, best rearrangement setting 6
Bootstrap[99]: Time 0.524423 seconds, bootstrap likelihood -1883.464517, best rearrangement setting 14


Overall Time for 100 Rapid Bootstraps 47.847138 seconds
Average Time per Rapid Bootstrap 0.478471 seconds

Starting ML Search ...

Fast ML optimization finished

Fast ML search Time: 33.470892 seconds

Slow ML Search 0 Likelihood: -1765.140246
Slow ML Search 1 Likelihood: -1765.140246
Slow ML Search 2 Likelihood: -1765.140246
Slow ML Search 3 Likelihood: -1765.140246
Slow ML Search 4 Likelihood: -1765.140246
Slow ML Search 5 Likelihood: -1765.140246
Slow ML Search 6 Likelihood: -1765.140246
Slow ML Search 7 Likelihood: -1765.140246
Slow ML Search 8 Likelihood: -1765.140246
Slow ML Search 9 Likelihood: -1765.140246
Slow ML optimization finished

Slow ML search Time: 12.161917 seconds
Thorough ML search Time: 1.007046 seconds

Final ML Optimization Likelihood: -1765.140269

Model Information:

Model Parameters of Partition 0, Name: No Name Provided, Type of Data: AA
alpha: 0.381398
Tree-Length: 4.503983
rate A <-> R: 0.399182
rate A <-> N: 0.259945
rate A <-> D: 0.371058
rate A <-> C: 2.337364
rate A <-> Q: 0.910775
rate A <-> E: 0.975241
rate A <-> G: 1.940106
rate A <-> H: 0.336984
rate A <-> I: 0.140697
rate A <-> L: 0.371240
rate A <-> K: 0.503815
rate A <-> M: 1.055520
rate A <-> F: 0.238237
rate A <-> P: 1.105868
rate A <-> S: 4.439041
rate A <-> T: 2.009090
rate A <-> W: 0.169702
rate A <-> Y: 0.205613
rate A <-> V: 2.392567
rate R <-> N: 0.706048
rate R <-> D: 0.116398
rate R <-> C: 0.501968
rate R <-> Q: 2.636754
rate R <-> E: 0.341785
rate R <-> G: 0.366408
rate R <-> H: 2.278690
rate R <-> I: 0.119250
rate R <-> L: 0.283449
rate R <-> K: 5.940467
rate R <-> M: 0.454623
rate R <-> F: 0.049508
rate R <-> P: 0.312264
rate R <-> S: 0.805843
rate R <-> T: 0.543695
rate R <-> W: 0.557424
rate R <-> Y: 0.295274
rate R <-> V: 0.160471
rate N <-> D: 4.766737
rate N <-> C: 0.496537
rate N <-> Q: 1.592389
rate N <-> E: 0.508692
rate N <-> G: 1.350015
rate N <-> H: 4.234381
rate N <-> I: 0.179830
rate N <-> L: 0.064256
rate N <-> K: 2.014327
rate N <-> M: 0.348390
rate N <-> F: 0.084068
rate N <-> P: 0.151925
rate N <-> S: 3.764032
rate N <-> T: 1.878729
rate N <-> W: 0.042610
rate N <-> Y: 0.574720
rate N <-> V: 0.078587
rate D <-> C: 0.058743
rate D <-> Q: 0.491483
rate D <-> E: 4.924234
rate D <-> G: 0.793424
rate D <-> H: 0.870603
rate D <-> I: 0.010038
rate D <-> L: 0.014157
rate D <-> K: 0.265711
rate D <-> M: 0.023991
rate D <-> F: 0.016354
rate D <-> P: 0.370412
rate D <-> S: 1.164675
rate D <-> T: 0.399902
rate D <-> W: 0.028068
rate D <-> Y: 0.126872
rate D <-> V: 0.035653
rate C <-> Q: 0.079639
rate C <-> E: 0.003286
rate C <-> G: 0.534566
rate C <-> H: 0.601499
rate C <-> I: 0.301083
rate C <-> L: 0.557800
rate C <-> K: 0.012457
rate C <-> M: 0.839207
rate C <-> F: 1.037881
rate C <-> P: 0.070787
rate C <-> S: 2.614753
rate C <-> T: 1.073780
rate C <-> W: 0.629281
rate C <-> Y: 1.094488
rate C <-> V: 1.839864
rate Q <-> E: 3.876936
rate Q <-> G: 0.251626
rate Q <-> H: 4.520102
rate Q <-> I: 0.068413
rate Q <-> L: 0.546954
rate Q <-> K: 3.037150
rate Q <-> M: 1.570619
rate Q <-> F: 0.033669
rate Q <-> P: 0.586241
rate Q <-> S: 1.149231
rate Q <-> T: 1.014297
rate Q <-> W: 0.221802
rate Q <-> Y: 0.241650
rate Q <-> V: 0.197511
rate E <-> G: 0.327583
rate E <-> H: 0.398044
rate E <-> I: 0.041567
rate E <-> L: 0.065426
rate E <-> K: 1.697022
rate E <-> M: 0.163145
rate E <-> F: 0.017664
rate E <-> P: 0.393844
rate E <-> S: 0.574671
rate E <-> T: 0.567695
rate E <-> W: 0.073107
rate E <-> Y: 0.112720
rate E <-> V: 0.230098
rate G <-> H: 0.292498
rate G <-> I: 0.008174
rate G <-> L: 0.041563
rate G <-> K: 0.278555
rate G <-> M: 0.131033
rate G <-> F: 0.084125
rate G <-> P: 0.184955
rate G <-> S: 1.633930
rate G <-> T: 0.121922
rate G <-> W: 0.252125
rate G <-> Y: 0.051346
rate G <-> V: 0.072026
rate H <-> I: 0.102245
rate H <-> L: 0.343988
rate H <-> K: 0.654763
rate H <-> M: 0.415502
rate H <-> F: 0.640560
rate H <-> P: 0.477834
rate H <-> S: 0.929667
rate H <-> T: 0.548649
rate H <-> W: 0.560661
rate H <-> Y: 4.983361
rate H <-> V: 0.111759
rate I <-> L: 3.892408
rate I <-> K: 0.149373
rate I <-> M: 4.013113
rate I <-> F: 1.044902
rate I <-> P: 0.073509
rate I <-> S: 0.060198
rate I <-> T: 0.970728
rate I <-> W: 0.104854
rate I <-> Y: 0.218350
rate I <-> V: 10.000000
rate L <-> K: 0.129119
rate L <-> M: 5.927594
rate L <-> F: 2.434657
rate L <-> P: 0.233879
rate L <-> S: 0.171176
rate L <-> T: 0.284471
rate L <-> W: 0.581863
rate L <-> Y: 0.281383
rate L <-> V: 1.598956
rate K <-> M: 0.616581
rate K <-> F: 0.022460
rate K <-> P: 0.366530
rate K <-> S: 0.703048
rate K <-> T: 1.067567
rate K <-> W: 0.046864
rate K <-> Y: 0.123890
rate K <-> V: 0.173913
rate M <-> F: 1.689205
rate M <-> P: 0.093763
rate M <-> S: 0.325811
rate M <-> T: 1.897216
rate M <-> W: 0.653740
rate M <-> Y: 0.451968
rate M <-> V: 1.782983
rate F <-> P: 0.088706
rate F <-> S: 0.339765
rate F <-> T: 0.154944
rate F <-> W: 2.307349
rate F <-> Y: 7.328222
rate F <-> V: 0.614777
rate P <-> S: 1.256567
rate P <-> T: 0.536635
rate P <-> W: 0.089332
rate P <-> Y: 0.084151
rate P <-> V: 0.278428
rate S <-> T: 6.077767
rate S <-> W: 0.233693
rate S <-> Y: 0.376132
rate S <-> V: 0.092373
rate T <-> W: 0.132241
rate T <-> Y: 0.230856
rate T <-> V: 2.054781
rate W <-> Y: 2.959699
rate W <-> V: 0.177959
rate Y <-> V: 0.234116

freq pi(A): 0.079066
freq pi(R): 0.055941
freq pi(N): 0.041977
freq pi(D): 0.053052
freq pi(C): 0.012937
freq pi(Q): 0.040767
freq pi(E): 0.071586
freq pi(G): 0.057337
freq pi(H): 0.022355
freq pi(I): 0.062157
freq pi(L): 0.099081
freq pi(K): 0.064600
freq pi(M): 0.022951
freq pi(F): 0.042302
freq pi(P): 0.044040
freq pi(S): 0.061197
freq pi(T): 0.053287
freq pi(W): 0.012066
freq pi(Y): 0.034155
freq pi(V): 0.069146


ML search took 46.672822 secs or 0.012965 hours

Combined Bootstrap and ML search took 94.520198 secs or 0.026256 hours

Drawing Bootstrap Support Values on best-scoring ML tree ...



Found 1 tree in File /in/RAxML_bestTree.EOG091G0NTO.clustalo.aln.ALICUT.LG



Found 1 tree in File /in/RAxML_bestTree.EOG091G0NTO.clustalo.aln.ALICUT.LG

Program execution info written to /in/RAxML_info.EOG091G0NTO.clustalo.aln.ALICUT.LG
All 100 bootstrapped trees written to: /in/RAxML_bootstrap.EOG091G0NTO.clustalo.aln.ALICUT.LG

Best-scoring ML tree written to: /in/RAxML_bestTree.EOG091G0NTO.clustalo.aln.ALICUT.LG

Best-scoring ML tree with support values written to: /in/RAxML_bipartitions.EOG091G0NTO.clustalo.aln.ALICUT.LG

Best-scoring ML tree with support values as branch labels written to: /in/RAxML_bipartitionsBranchLabels.EOG091G0NTO.clustalo.aln.ALICUT.LG

Overall execution time for full ML analysis: 94.523156 secs or 0.026256 hours or 0.001094 days

