
RAxML can't, parse the alignment file as phylip file 
it will now try to parse it as FASTA file


This is the RAxML Master Pthread

This is RAxML Worker Pthread Number: 1


This is RAxML version 8.2.12 released by Alexandros Stamatakis on May 2018.

With greatly appreciated code contributions by:
Andre Aberer      (HITS)
Simon Berger      (HITS)
Alexey Kozlov     (HITS)
Kassian Kobert    (HITS)
David Dao         (KIT and HITS)
Sarah Lutteropp   (KIT and HITS)
Nick Pattengale   (Sandia)
Wayne Pfeiffer    (SDSC)
Akifumi S. Tanabe (NRIFS)
Charlie Taylor    (UF)


Alignment has 116 distinct alignment patterns

Proportion of gaps and completely undetermined characters in this alignment: 2.09%

RAxML rapid bootstrapping and subsequent ML search

Using 1 distinct models/data partitions with joint branch length optimization



Executing 100 rapid bootstrap inferences and thereafter a thorough ML search 

All free model parameters will be estimated by RAxML
GAMMA model of rate heterogeneity, ML estimate of alpha-parameter

GAMMA Model parameters will be estimated up to an accuracy of 0.1000000000 Log Likelihood units

Partition: 0
Alignment Patterns: 116
Name: No Name Provided
DataType: AA
Substitution Matrix: WAG
Using empirical base frequencies




RAxML was called as follows:

raxml -f a -T 2 -m PROTGAMMAWAGF -p 12345 -x 12345 -# 100 -s ALICUT_EOG091G0UE6.clustalo.aln.fasta -n EOG091G0UE6.clustalo.aln.ALICUT.WAGF 



Time for BS model parameter optimization 0.014373
Bootstrap[0]: Time 0.253851 seconds, bootstrap likelihood -1730.334276, best rearrangement setting 13
Bootstrap[1]: Time 0.221661 seconds, bootstrap likelihood -1863.182333, best rearrangement setting 13
Bootstrap[2]: Time 0.218125 seconds, bootstrap likelihood -1877.288468, best rearrangement setting 12
Bootstrap[3]: Time 0.238842 seconds, bootstrap likelihood -1804.048836, best rearrangement setting 15
Bootstrap[4]: Time 0.197168 seconds, bootstrap likelihood -1879.273152, best rearrangement setting 10
Bootstrap[5]: Time 0.201571 seconds, bootstrap likelihood -1790.555767, best rearrangement setting 10
Bootstrap[6]: Time 0.225926 seconds, bootstrap likelihood -1848.699585, best rearrangement setting 6
Bootstrap[7]: Time 0.210891 seconds, bootstrap likelihood -1648.592378, best rearrangement setting 14
Bootstrap[8]: Time 0.216886 seconds, bootstrap likelihood -1875.241720, best rearrangement setting 5
Bootstrap[9]: Time 0.098337 seconds, bootstrap likelihood -1754.409709, best rearrangement setting 7
Bootstrap[10]: Time 0.113161 seconds, bootstrap likelihood -1774.101469, best rearrangement setting 7
Bootstrap[11]: Time 0.230458 seconds, bootstrap likelihood -1697.940290, best rearrangement setting 5
Bootstrap[12]: Time 0.240801 seconds, bootstrap likelihood -1738.265052, best rearrangement setting 8
Bootstrap[13]: Time 0.259090 seconds, bootstrap likelihood -1764.541212, best rearrangement setting 7
Bootstrap[14]: Time 0.220255 seconds, bootstrap likelihood -2050.826843, best rearrangement setting 12
Bootstrap[15]: Time 0.111039 seconds, bootstrap likelihood -1955.067923, best rearrangement setting 15
Bootstrap[16]: Time 0.276097 seconds, bootstrap likelihood -1719.332968, best rearrangement setting 12
Bootstrap[17]: Time 0.222000 seconds, bootstrap likelihood -1672.653182, best rearrangement setting 12
Bootstrap[18]: Time 0.242479 seconds, bootstrap likelihood -1926.977803, best rearrangement setting 5
Bootstrap[19]: Time 0.234328 seconds, bootstrap likelihood -1885.547852, best rearrangement setting 8
Bootstrap[20]: Time 0.206458 seconds, bootstrap likelihood -1671.814025, best rearrangement setting 10
Bootstrap[21]: Time 0.239048 seconds, bootstrap likelihood -1918.932326, best rearrangement setting 6
Bootstrap[22]: Time 0.248182 seconds, bootstrap likelihood -1820.071954, best rearrangement setting 5
Bootstrap[23]: Time 0.225015 seconds, bootstrap likelihood -1783.186614, best rearrangement setting 7
Bootstrap[24]: Time 0.102707 seconds, bootstrap likelihood -1904.111681, best rearrangement setting 8
Bootstrap[25]: Time 0.239820 seconds, bootstrap likelihood -1807.736048, best rearrangement setting 6
Bootstrap[26]: Time 0.247235 seconds, bootstrap likelihood -1873.750251, best rearrangement setting 12
Bootstrap[27]: Time 0.182457 seconds, bootstrap likelihood -1790.464753, best rearrangement setting 10
Bootstrap[28]: Time 0.220806 seconds, bootstrap likelihood -1824.783634, best rearrangement setting 11
Bootstrap[29]: Time 0.208978 seconds, bootstrap likelihood -1930.549261, best rearrangement setting 12
Bootstrap[30]: Time 0.209735 seconds, bootstrap likelihood -1775.192178, best rearrangement setting 15
Bootstrap[31]: Time 0.226355 seconds, bootstrap likelihood -1743.211856, best rearrangement setting 15
Bootstrap[32]: Time 0.207993 seconds, bootstrap likelihood -1787.155057, best rearrangement setting 6
Bootstrap[33]: Time 0.216893 seconds, bootstrap likelihood -1801.580049, best rearrangement setting 15
Bootstrap[34]: Time 0.212333 seconds, bootstrap likelihood -1835.216772, best rearrangement setting 11
Bootstrap[35]: Time 0.228036 seconds, bootstrap likelihood -1814.040600, best rearrangement setting 8
Bootstrap[36]: Time 0.124351 seconds, bootstrap likelihood -1968.266992, best rearrangement setting 9
Bootstrap[37]: Time 0.201719 seconds, bootstrap likelihood -1916.923817, best rearrangement setting 11
Bootstrap[38]: Time 0.214676 seconds, bootstrap likelihood -1916.824010, best rearrangement setting 8
Bootstrap[39]: Time 0.217291 seconds, bootstrap likelihood -1733.076292, best rearrangement setting 13
Bootstrap[40]: Time 0.219524 seconds, bootstrap likelihood -1784.146048, best rearrangement setting 13
Bootstrap[41]: Time 0.095454 seconds, bootstrap likelihood -1848.646590, best rearrangement setting 10
Bootstrap[42]: Time 0.209675 seconds, bootstrap likelihood -1959.168074, best rearrangement setting 5
Bootstrap[43]: Time 0.218375 seconds, bootstrap likelihood -1766.010442, best rearrangement setting 14
Bootstrap[44]: Time 0.202139 seconds, bootstrap likelihood -1845.418436, best rearrangement setting 10
Bootstrap[45]: Time 0.233522 seconds, bootstrap likelihood -1767.631283, best rearrangement setting 15
Bootstrap[46]: Time 0.192807 seconds, bootstrap likelihood -1824.143004, best rearrangement setting 14
Bootstrap[47]: Time 0.216662 seconds, bootstrap likelihood -1777.410914, best rearrangement setting 8
Bootstrap[48]: Time 0.208457 seconds, bootstrap likelihood -1790.141324, best rearrangement setting 6
Bootstrap[49]: Time 0.205228 seconds, bootstrap likelihood -1728.344565, best rearrangement setting 7
Bootstrap[50]: Time 0.112828 seconds, bootstrap likelihood -1730.096206, best rearrangement setting 7
Bootstrap[51]: Time 0.221956 seconds, bootstrap likelihood -1890.777614, best rearrangement setting 11
Bootstrap[52]: Time 0.197004 seconds, bootstrap likelihood -1885.817027, best rearrangement setting 12
Bootstrap[53]: Time 0.214921 seconds, bootstrap likelihood -1804.414327, best rearrangement setting 8
Bootstrap[54]: Time 0.208308 seconds, bootstrap likelihood -2095.062021, best rearrangement setting 9
Bootstrap[55]: Time 0.218798 seconds, bootstrap likelihood -1871.981917, best rearrangement setting 11
Bootstrap[56]: Time 0.218160 seconds, bootstrap likelihood -1845.390575, best rearrangement setting 5
Bootstrap[57]: Time 0.202639 seconds, bootstrap likelihood -1998.309512, best rearrangement setting 7
Bootstrap[58]: Time 0.239620 seconds, bootstrap likelihood -1865.526678, best rearrangement setting 10
Bootstrap[59]: Time 0.216439 seconds, bootstrap likelihood -1868.714382, best rearrangement setting 9
Bootstrap[60]: Time 0.228004 seconds, bootstrap likelihood -1974.949118, best rearrangement setting 7
Bootstrap[61]: Time 0.192694 seconds, bootstrap likelihood -1779.241190, best rearrangement setting 5
Bootstrap[62]: Time 0.223068 seconds, bootstrap likelihood -1857.744447, best rearrangement setting 11
Bootstrap[63]: Time 0.232010 seconds, bootstrap likelihood -1878.273005, best rearrangement setting 12
Bootstrap[64]: Time 0.208341 seconds, bootstrap likelihood -1915.317720, best rearrangement setting 7
Bootstrap[65]: Time 0.210076 seconds, bootstrap likelihood -1776.134314, best rearrangement setting 5
Bootstrap[66]: Time 0.204844 seconds, bootstrap likelihood -1816.693857, best rearrangement setting 5
Bootstrap[67]: Time 0.242294 seconds, bootstrap likelihood -1720.784408, best rearrangement setting 15
Bootstrap[68]: Time 0.234073 seconds, bootstrap likelihood -1854.701649, best rearrangement setting 11
Bootstrap[69]: Time 0.238196 seconds, bootstrap likelihood -1798.833083, best rearrangement setting 5
Bootstrap[70]: Time 0.211546 seconds, bootstrap likelihood -1955.903402, best rearrangement setting 8
Bootstrap[71]: Time 0.215618 seconds, bootstrap likelihood -1788.852998, best rearrangement setting 10
Bootstrap[72]: Time 0.218755 seconds, bootstrap likelihood -1759.032043, best rearrangement setting 11
Bootstrap[73]: Time 0.244823 seconds, bootstrap likelihood -1905.632431, best rearrangement setting 9
Bootstrap[74]: Time 0.222985 seconds, bootstrap likelihood -1710.561271, best rearrangement setting 5
Bootstrap[75]: Time 0.247403 seconds, bootstrap likelihood -1799.422164, best rearrangement setting 8
Bootstrap[76]: Time 0.234650 seconds, bootstrap likelihood -1922.077427, best rearrangement setting 9
Bootstrap[77]: Time 0.217471 seconds, bootstrap likelihood -1700.442259, best rearrangement setting 11
Bootstrap[78]: Time 0.205407 seconds, bootstrap likelihood -1872.028391, best rearrangement setting 15
Bootstrap[79]: Time 0.226411 seconds, bootstrap likelihood -1791.933033, best rearrangement setting 9
Bootstrap[80]: Time 0.253140 seconds, bootstrap likelihood -1798.392205, best rearrangement setting 15
Bootstrap[81]: Time 0.260776 seconds, bootstrap likelihood -1759.146456, best rearrangement setting 7
Bootstrap[82]: Time 0.351234 seconds, bootstrap likelihood -1788.576505, best rearrangement setting 6
Bootstrap[83]: Time 0.314915 seconds, bootstrap likelihood -1899.348369, best rearrangement setting 10
Bootstrap[84]: Time 0.246241 seconds, bootstrap likelihood -1775.779076, best rearrangement setting 11
Bootstrap[85]: Time 0.199578 seconds, bootstrap likelihood -1804.279608, best rearrangement setting 8
Bootstrap[86]: Time 0.217696 seconds, bootstrap likelihood -1774.495676, best rearrangement setting 7
Bootstrap[87]: Time 0.281904 seconds, bootstrap likelihood -1938.126444, best rearrangement setting 7
Bootstrap[88]: Time 0.187462 seconds, bootstrap likelihood -1746.994256, best rearrangement setting 12
Bootstrap[89]: Time 0.216723 seconds, bootstrap likelihood -1945.658364, best rearrangement setting 10
Bootstrap[90]: Time 0.219251 seconds, bootstrap likelihood -1788.346645, best rearrangement setting 8
Bootstrap[91]: Time 0.222055 seconds, bootstrap likelihood -1948.593163, best rearrangement setting 12
Bootstrap[92]: Time 0.206458 seconds, bootstrap likelihood -1724.010430, best rearrangement setting 13
Bootstrap[93]: Time 0.235139 seconds, bootstrap likelihood -1823.324493, best rearrangement setting 15
Bootstrap[94]: Time 0.332670 seconds, bootstrap likelihood -1887.757926, best rearrangement setting 5
Bootstrap[95]: Time 0.334976 seconds, bootstrap likelihood -2051.678945, best rearrangement setting 5
Bootstrap[96]: Time 0.259500 seconds, bootstrap likelihood -1866.828904, best rearrangement setting 13
Bootstrap[97]: Time 0.240999 seconds, bootstrap likelihood -1891.872622, best rearrangement setting 11
Bootstrap[98]: Time 0.218509 seconds, bootstrap likelihood -1849.130706, best rearrangement setting 6
Bootstrap[99]: Time 0.196102 seconds, bootstrap likelihood -1663.923160, best rearrangement setting 14


Overall Time for 100 Rapid Bootstraps 21.934755 seconds
Average Time per Rapid Bootstrap 0.219348 seconds

Starting ML Search ...

Fast ML optimization finished

Fast ML search Time: 15.213447 seconds

Slow ML Search 0 Likelihood: -1843.210830
Slow ML Search 1 Likelihood: -1843.210830
Slow ML Search 2 Likelihood: -1843.210830
Slow ML Search 3 Likelihood: -1843.210830
Slow ML Search 4 Likelihood: -1843.210830
Slow ML Search 5 Likelihood: -1843.210830
Slow ML Search 6 Likelihood: -1843.210830
Slow ML Search 7 Likelihood: -1843.210830
Slow ML Search 8 Likelihood: -1843.210830
Slow ML Search 9 Likelihood: -1843.210830
Slow ML optimization finished

Slow ML search Time: 4.032295 seconds
Thorough ML search Time: 0.375857 seconds

Final ML Optimization Likelihood: -1843.210830

Model Information:

Model Parameters of Partition 0, Name: No Name Provided, Type of Data: AA
alpha: 1.229546
Tree-Length: 3.650220
rate A <-> R: 0.705217
rate A <-> N: 0.651871
rate A <-> D: 0.944853
rate A <-> C: 1.313132
rate A <-> Q: 1.161697
rate A <-> E: 2.023768
rate A <-> G: 1.811361
rate A <-> H: 0.405245
rate A <-> I: 0.247190
rate A <-> L: 0.508758
rate A <-> K: 1.158714
rate A <-> M: 1.142388
rate A <-> F: 0.269129
rate A <-> P: 1.839272
rate A <-> S: 4.309757
rate A <-> T: 2.711966
rate A <-> W: 0.144647
rate A <-> Y: 0.307794
rate A <-> V: 2.564804
rate R <-> N: 0.812328
rate R <-> D: 0.188337
rate R <-> C: 0.675324
rate R <-> Q: 3.881068
rate R <-> E: 0.561488
rate R <-> G: 0.747529
rate R <-> H: 2.732474
rate R <-> I: 0.239064
rate R <-> L: 0.636302
rate R <-> K: 6.842111
rate R <-> M: 0.873463
rate R <-> F: 0.131322
rate R <-> P: 0.868767
rate R <-> S: 1.565200
rate R <-> T: 0.708850
rate R <-> W: 1.488141
rate R <-> Y: 0.487813
rate R <-> V: 0.322004
rate N <-> D: 6.941838
rate N <-> C: 0.339146
rate N <-> Q: 1.973636
rate N <-> E: 1.211049
rate N <-> G: 1.439096
rate N <-> H: 5.058353
rate N <-> I: 0.708624
rate N <-> L: 0.168166
rate N <-> K: 3.851035
rate N <-> M: 0.253437
rate N <-> F: 0.122949
rate N <-> P: 0.249423
rate N <-> S: 5.081291
rate N <-> T: 2.595553
rate N <-> W: 0.091950
rate N <-> Y: 1.388516
rate N <-> V: 0.250912
rate D <-> C: 0.038734
rate D <-> Q: 0.788594
rate D <-> E: 7.894033
rate D <-> G: 1.106701
rate D <-> H: 1.189925
rate D <-> I: 0.050423
rate D <-> L: 0.108428
rate D <-> K: 0.613523
rate D <-> M: 0.132656
rate D <-> F: 0.059748
rate D <-> P: 0.542089
rate D <-> S: 1.370309
rate D <-> T: 0.479289
rate D <-> W: 0.165915
rate D <-> Y: 0.416441
rate D <-> V: 0.194769
rate C <-> Q: 0.126345
rate C <-> E: 0.027300
rate C <-> G: 0.392101
rate C <-> H: 0.318326
rate C <-> I: 0.217528
rate C <-> L: 0.491334
rate C <-> K: 0.094657
rate C <-> M: 0.499255
rate C <-> F: 0.508892
rate C <-> P: 0.139880
rate C <-> S: 1.799778
rate C <-> T: 0.655881
rate C <-> W: 0.916817
rate C <-> Y: 0.695323
rate C <-> V: 1.281296
rate Q <-> E: 6.993045
rate Q <-> G: 0.421991
rate Q <-> H: 5.490277
rate Q <-> I: 0.145650
rate Q <-> L: 1.111694
rate Q <-> K: 4.979863
rate Q <-> M: 1.975707
rate Q <-> F: 0.127755
rate Q <-> P: 1.193372
rate Q <-> S: 1.315472
rate Q <-> T: 1.096912
rate Q <-> W: 0.275833
rate Q <-> Y: 0.291141
rate Q <-> V: 0.385206
rate E <-> G: 0.725860
rate E <-> H: 0.728811
rate E <-> I: 0.162882
rate E <-> L: 0.197234
rate E <-> K: 3.304348
rate E <-> M: 0.402905
rate E <-> F: 0.103735
rate E <-> P: 0.872432
rate E <-> S: 0.901307
rate E <-> T: 1.051954
rate E <-> W: 0.200167
rate E <-> Y: 0.250985
rate E <-> V: 0.752728
rate G <-> H: 0.318886
rate G <-> I: 0.038932
rate G <-> L: 0.078380
rate G <-> K: 0.477616
rate G <-> M: 0.222597
rate G <-> F: 0.063840
rate G <-> P: 0.311419
rate G <-> S: 1.715597
rate G <-> T: 0.288741
rate G <-> W: 0.430853
rate G <-> Y: 0.132464
rate G <-> V: 0.239406
rate H <-> I: 0.176684
rate H <-> L: 0.638592
rate H <-> K: 1.138471
rate H <-> M: 0.516718
rate H <-> F: 0.868616
rate H <-> P: 0.890131
rate H <-> S: 0.946350
rate H <-> T: 0.605151
rate H <-> W: 0.335710
rate H <-> Y: 4.952425
rate H <-> V: 0.151328
rate I <-> L: 4.054275
rate I <-> K: 0.414039
rate I <-> M: 5.443417
rate I <-> F: 1.354596
rate I <-> P: 0.127765
rate I <-> S: 0.408423
rate I <-> T: 1.864345
rate I <-> W: 0.271672
rate I <-> Y: 0.537212
rate I <-> V: 10.000000
rate L <-> K: 0.329299
rate L <-> M: 6.206155
rate L <-> F: 2.704371
rate L <-> P: 0.531681
rate L <-> S: 0.440769
rate L <-> T: 0.417606
rate L <-> W: 0.850637
rate L <-> Y: 0.509657
rate L <-> V: 2.301842
rate K <-> M: 1.194528
rate K <-> F: 0.113582
rate K <-> P: 0.712025
rate K <-> S: 1.236534
rate K <-> T: 1.773337
rate K <-> W: 0.175808
rate K <-> Y: 0.170386
rate K <-> V: 0.390516
rate M <-> F: 1.522292
rate M <-> P: 0.219054
rate M <-> S: 0.631487
rate M <-> T: 1.938450
rate M <-> W: 0.659361
rate M <-> Y: 0.547782
rate M <-> V: 2.631851
rate F <-> P: 0.206416
rate F <-> S: 0.698005
rate F <-> T: 0.219788
rate F <-> W: 1.955736
rate F <-> Y: 8.252183
rate F <-> V: 0.830926
rate P <-> S: 2.062675
rate P <-> T: 1.016946
rate P <-> W: 0.178238
rate P <-> Y: 0.276228
rate P <-> V: 0.402602
rate S <-> T: 5.597561
rate S <-> W: 0.669635
rate S <-> Y: 1.006218
rate S <-> V: 0.297571
rate T <-> W: 0.141746
rate T <-> Y: 0.372250
rate T <-> V: 1.774935
rate W <-> Y: 3.177720
rate W <-> V: 0.467146
rate Y <-> V: 0.402401

freq pi(A): 0.031250
freq pi(R): 0.038110
freq pi(N): 0.035061
freq pi(D): 0.042683
freq pi(C): 0.048780
freq pi(Q): 0.020579
freq pi(E): 0.034299
freq pi(G): 0.134146
freq pi(H): 0.024390
freq pi(I): 0.056402
freq pi(L): 0.146341
freq pi(K): 0.035061
freq pi(M): 0.012957
freq pi(F): 0.054116
freq pi(P): 0.031250
freq pi(S): 0.038110
freq pi(T): 0.071646
freq pi(W): 0.025915
freq pi(Y): 0.057165
freq pi(V): 0.061738


ML search took 19.649455 secs or 0.005458 hours

Combined Bootstrap and ML search took 41.584480 secs or 0.011551 hours

Drawing Bootstrap Support Values on best-scoring ML tree ...



Found 1 tree in File /in/RAxML_bestTree.EOG091G0UE6.clustalo.aln.ALICUT.WAGF



Found 1 tree in File /in/RAxML_bestTree.EOG091G0UE6.clustalo.aln.ALICUT.WAGF

Program execution info written to /in/RAxML_info.EOG091G0UE6.clustalo.aln.ALICUT.WAGF
All 100 bootstrapped trees written to: /in/RAxML_bootstrap.EOG091G0UE6.clustalo.aln.ALICUT.WAGF

Best-scoring ML tree written to: /in/RAxML_bestTree.EOG091G0UE6.clustalo.aln.ALICUT.WAGF

Best-scoring ML tree with support values written to: /in/RAxML_bipartitions.EOG091G0UE6.clustalo.aln.ALICUT.WAGF

Best-scoring ML tree with support values as branch labels written to: /in/RAxML_bipartitionsBranchLabels.EOG091G0UE6.clustalo.aln.ALICUT.WAGF

Overall execution time for full ML analysis: 41.586823 secs or 0.011552 hours or 0.000481 days

