
	reading taxa from FASTA ...


	C.elegans            -> sites: 603   
	C.sinensis           -> sites: 603   
	O.viverrini          -> sites: 603   
	S.mediterranea       -> sites: 603   
	E.granulosus         -> sites: 603   
	D.rerio              -> sites: 603   
	H.microstoma         -> sites: 603   
	T.solium             -> sites: 603   
	E.nipponicum         -> sites: 603   
	G.salaris            -> sites: 603   
	D.melanogaster       -> sites: 603   
	R.norvegicus         -> sites: 603   
	C.intestinalis       -> sites: 603   


	data type             : amino acid sequences

	input ...

	infile		: EOG091G0R21.clustalo.aln.fasta
	random pairs	: 200000000000000000
	window size	: 6
	indels		: ambiguous
	tree file	: -
	node level	: -
	strict profile	: -
	outgroup	: -
	matrix          : BLOSUM62

	number of taxa        : 13
	random number of pairs: 200000000000000000

	generates threshhold value for amino acid data
	using BLOSUM62

	checks for (potential) identical taxa


	scores site patterns ...


	max number of different pairs is 78
	max random pairs are scored!

	pair: 1      ->	taxon1: C.elegans 	taxon2: C.sinensis
	            	positions below base line: 466
	pair: 2      ->	taxon1: C.elegans 	taxon2: O.viverrin
	            	positions below base line: 467
	pair: 3      ->	taxon1: C.elegans 	taxon2: S.mediterr
	            	positions below base line: 471
	pair: 4      ->	taxon1: C.elegans 	taxon2: E.granulos
	            	positions below base line: 476
	pair: 5      ->	taxon1: C.elegans 	taxon2: D.rerio   
	            	positions below base line: 456
	pair: 6      ->	taxon1: C.elegans 	taxon2: H.microsto
	            	positions below base line: 486
	pair: 7      ->	taxon1: C.elegans 	taxon2: T.solium  
	            	positions below base line: 465
	pair: 8      ->	taxon1: C.elegans 	taxon2: E.nipponic
	            	positions below base line: 483
	pair: 9      ->	taxon1: C.elegans 	taxon2: G.salaris 
	            	positions below base line: 473
	pair: 10     ->	taxon1: C.elegans 	taxon2: D.melanoga
	            	positions below base line: 477
	pair: 11     ->	taxon1: C.elegans 	taxon2: R.norvegic
	            	positions below base line: 460
	pair: 12     ->	taxon1: C.elegans 	taxon2: C.intestin
	            	positions below base line: 467
	pair: 13     ->	taxon1: C.sinensis	taxon2: O.viverrin
	            	positions below base line: 375
	pair: 14     ->	taxon1: C.sinensis	taxon2: S.mediterr
	            	positions below base line: 440
	pair: 15     ->	taxon1: C.sinensis	taxon2: E.granulos
	            	positions below base line: 390
	pair: 16     ->	taxon1: C.sinensis	taxon2: D.rerio   
	            	positions below base line: 444
	pair: 17     ->	taxon1: C.sinensis	taxon2: H.microsto
	            	positions below base line: 402
	pair: 18     ->	taxon1: C.sinensis	taxon2: T.solium  
	            	positions below base line: 322
	pair: 19     ->	taxon1: C.sinensis	taxon2: E.nipponic
	            	positions below base line: 444
	pair: 20     ->	taxon1: C.sinensis	taxon2: G.salaris 
	            	positions below base line: 411
	pair: 21     ->	taxon1: C.sinensis	taxon2: D.melanoga
	            	positions below base line: 463
	pair: 22     ->	taxon1: C.sinensis	taxon2: R.norvegic
	            	positions below base line: 463
	pair: 23     ->	taxon1: C.sinensis	taxon2: C.intestin
	            	positions below base line: 469
	pair: 24     ->	taxon1: O.viverrin	taxon2: S.mediterr
	            	positions below base line: 449
	pair: 25     ->	taxon1: O.viverrin	taxon2: E.granulos
	            	positions below base line: 426
	pair: 26     ->	taxon1: O.viverrin	taxon2: D.rerio   
	            	positions below base line: 444
	pair: 27     ->	taxon1: O.viverrin	taxon2: H.microsto
	            	positions below base line: 437
	pair: 28     ->	taxon1: O.viverrin	taxon2: T.solium  
	            	positions below base line: 425
	pair: 29     ->	taxon1: O.viverrin	taxon2: E.nipponic
	            	positions below base line: 442
	pair: 30     ->	taxon1: O.viverrin	taxon2: G.salaris 
	            	positions below base line: 463
	pair: 31     ->	taxon1: O.viverrin	taxon2: D.melanoga
	            	positions below base line: 462
	pair: 32     ->	taxon1: O.viverrin	taxon2: R.norvegic
	            	positions below base line: 462
	pair: 33     ->	taxon1: O.viverrin	taxon2: C.intestin
	            	positions below base line: 467
	pair: 34     ->	taxon1: S.mediterr	taxon2: E.granulos
	            	positions below base line: 449
	pair: 35     ->	taxon1: S.mediterr	taxon2: D.rerio   
	            	positions below base line: 469
	pair: 36     ->	taxon1: S.mediterr	taxon2: H.microsto
	            	positions below base line: 429
	pair: 37     ->	taxon1: S.mediterr	taxon2: T.solium  
	            	positions below base line: 432
	pair: 38     ->	taxon1: S.mediterr	taxon2: E.nipponic
	            	positions below base line: 451
	pair: 39     ->	taxon1: S.mediterr	taxon2: G.salaris 
	            	positions below base line: 450
	pair: 40     ->	taxon1: S.mediterr	taxon2: D.melanoga
	            	positions below base line: 456
	pair: 41     ->	taxon1: S.mediterr	taxon2: R.norvegic
	            	positions below base line: 468
	pair: 42     ->	taxon1: S.mediterr	taxon2: C.intestin
	            	positions below base line: 464
	pair: 43     ->	taxon1: E.granulos	taxon2: D.rerio   
	            	positions below base line: 460
	pair: 44     ->	taxon1: E.granulos	taxon2: H.microsto
	            	positions below base line: 315
	pair: 45     ->	taxon1: E.granulos	taxon2: T.solium  
	            	positions below base line: 221
	pair: 46     ->	taxon1: E.granulos	taxon2: E.nipponic
	            	positions below base line: 441
	pair: 47     ->	taxon1: E.granulos	taxon2: G.salaris 
	            	positions below base line: 376
	pair: 48     ->	taxon1: E.granulos	taxon2: D.melanoga
	            	positions below base line: 462
	pair: 49     ->	taxon1: E.granulos	taxon2: R.norvegic
	            	positions below base line: 485
	pair: 50     ->	taxon1: E.granulos	taxon2: C.intestin
	            	positions below base line: 458
	pair: 51     ->	taxon1: D.rerio   	taxon2: H.microsto
	            	positions below base line: 464
	pair: 52     ->	taxon1: D.rerio   	taxon2: T.solium  
	            	positions below base line: 454
	pair: 53     ->	taxon1: D.rerio   	taxon2: E.nipponic
	            	positions below base line: 479
	pair: 54     ->	taxon1: D.rerio   	taxon2: G.salaris 
	            	positions below base line: 494
	pair: 55     ->	taxon1: D.rerio   	taxon2: D.melanoga
	            	positions below base line: 432
	pair: 56     ->	taxon1: D.rerio   	taxon2: R.norvegic
	            	positions below base line: 419
	pair: 57     ->	taxon1: D.rerio   	taxon2: C.intestin
	            	positions below base line: 417
	pair: 58     ->	taxon1: H.microsto	taxon2: T.solium  
	            	positions below base line: 309
	pair: 59     ->	taxon1: H.microsto	taxon2: E.nipponic
	            	positions below base line: 446
	pair: 60     ->	taxon1: H.microsto	taxon2: G.salaris 
	            	positions below base line: 423
	pair: 61     ->	taxon1: H.microsto	taxon2: D.melanoga
	            	positions below base line: 471
	pair: 62     ->	taxon1: H.microsto	taxon2: R.norvegic
	            	positions below base line: 476
	pair: 63     ->	taxon1: H.microsto	taxon2: C.intestin
	            	positions below base line: 457
	pair: 64     ->	taxon1: T.solium  	taxon2: E.nipponic
	            	positions below base line: 437
	pair: 65     ->	taxon1: T.solium  	taxon2: G.salaris 
	            	positions below base line: 330
	pair: 66     ->	taxon1: T.solium  	taxon2: D.melanoga
	            	positions below base line: 465
	pair: 67     ->	taxon1: T.solium  	taxon2: R.norvegic
	            	positions below base line: 472
	pair: 68     ->	taxon1: T.solium  	taxon2: C.intestin
	            	positions below base line: 458
	pair: 69     ->	taxon1: E.nipponic	taxon2: G.salaris 
	            	positions below base line: 460
	pair: 70     ->	taxon1: E.nipponic	taxon2: D.melanoga
	            	positions below base line: 469
	pair: 71     ->	taxon1: E.nipponic	taxon2: R.norvegic
	            	positions below base line: 475
	pair: 72     ->	taxon1: E.nipponic	taxon2: C.intestin
	            	positions below base line: 472
	pair: 73     ->	taxon1: G.salaris 	taxon2: D.melanoga
	            	positions below base line: 489
	pair: 74     ->	taxon1: G.salaris 	taxon2: R.norvegic
	            	positions below base line: 521
	pair: 75     ->	taxon1: G.salaris 	taxon2: C.intestin
	            	positions below base line: 505
	pair: 76     ->	taxon1: D.melanoga	taxon2: R.norvegic
	            	positions below base line: 447
	pair: 77     ->	taxon1: D.melanoga	taxon2: C.intestin
	            	positions below base line: 426
	pair: 78     ->	taxon1: R.norvegic	taxon2: C.intestin
	            	positions below base line: 431

	generates quality profile from collected scores ...


	scoring done ...


	generates vector plot from collected scores ...


Argument "-" treated as 0 in increment (++) at /usr/bin/Aliscore.pl line 1213.
	Profile written to EOG091G0R21.clustalo.aln.fasta_Profile_random.txt
	List   written to EOG091G0R21.clustalo.aln.fasta_List_random.txt

	time used: 3.81 sec

