--2018-12-16 03:22:10--  http://www.orthodb.org/fasta?query=EOG091G085U&level=33208
Resolving www.orthodb.org (www.orthodb.org)... 167.99.129.42, 2a03:b0c0:3:e0::1b:1
Connecting to www.orthodb.org (www.orthodb.org)|167.99.129.42|:80... connected.
HTTP request sent, awaiting response... 301 Moved Permanently
Location: https://www.orthodb.org/fasta?query=EOG091G085U&level=33208 [following]
--2018-12-16 03:22:11--  https://www.orthodb.org/fasta?query=EOG091G085U&level=33208
Connecting to www.orthodb.org (www.orthodb.org)|167.99.129.42|:443... connected.
HTTP request sent, awaiting response... 200 OK
Length: 417590 (408K) [text/plain]
Saving to: ‘EOG091G085U/EOG091G085U.orthodb.fasta’

     0K .......... .......... .......... .......... .......... 12% 1,26M 0s
    50K .......... .......... .......... .......... .......... 24% 1,18M 0s
   100K .......... .......... .......... .......... .......... 36% 2,19M 0s
   150K .......... .......... .......... .......... .......... 49% 2,27M 0s
   200K .......... .......... .......... .......... .......... 61% 3,11M 0s
   250K .......... .......... .......... .......... .......... 73% 11,3M 0s
   300K .......... .......... .......... .......... .......... 85% 2,27M 0s
   350K .......... .......... .......... .......... .......... 98% 2,40M 0s
   400K .......                                               100% 25,3M=0,2s

2018-12-16 03:22:11 (2,14 MB/s) - ‘EOG091G085U/EOG091G085U.orthodb.fasta’ saved [417590/417590]

