--2018-12-14 09:59:31--  http://www.orthodb.org/fasta?query=EOG091G020Y&level=33208
Resolving www.orthodb.org (www.orthodb.org)... 142.93.108.123, 2a03:b0c0:3:d0::d19:7001
Connecting to www.orthodb.org (www.orthodb.org)|142.93.108.123|:80... connected.
HTTP request sent, awaiting response... 301 Moved Permanently
Location: https://www.orthodb.org/fasta?query=EOG091G020Y&level=33208 [following]
--2018-12-14 09:59:32--  https://www.orthodb.org/fasta?query=EOG091G020Y&level=33208
Connecting to www.orthodb.org (www.orthodb.org)|142.93.108.123|:443... connected.
HTTP request sent, awaiting response... 200 OK
Length: 491495 (480K) [text/plain]
Saving to: ‘EOG091G020Y/EOG091G020Y.orthodb.fasta’

     0K .......... .......... .......... .......... .......... 10% 1,34M 0s
    50K .......... .......... .......... .......... .......... 20% 2,21M 0s
   100K .......... .......... .......... .......... .......... 31% 2,57M 0s
   150K .......... .......... .......... .......... .......... 41% 2,38M 0s
   200K .......... .......... .......... .......... .......... 52% 2,48M 0s
   250K .......... .......... .......... .......... .......... 62% 2,39M 0s
   300K .......... .......... .......... .......... .......... 72% 3,10M 0s
   350K .......... .......... .......... .......... .......... 83% 2,49M 0s
   400K .......... .......... .......... .......... .......... 93% 6,47M 0s
   450K .......... .......... .........                       100% 2,06M=0,2s

2018-12-14 09:59:32 (2,40 MB/s) - ‘EOG091G020Y/EOG091G020Y.orthodb.fasta’ saved [491495/491495]

