
	reading taxa from FASTA ...


	G.salaris            -> sites: 943   
	E.granulosus         -> sites: 943   
	D.rerio              -> sites: 943   
	C.intestinalis       -> sites: 943   
	R.norvegicus         -> sites: 943   
	N.vectensis          -> sites: 943   
	H.microstoma         -> sites: 943   
	H.robusta            -> sites: 943   
	T.solium             -> sites: 943   
	G.turnbulli          -> sites: 943   
	O.viverrini          -> sites: 943   


	data type             : amino acid sequences

	input ...

	infile		: EOG091G0PL0.clustalo.aln.fasta
	random pairs	: 200000000000000000
	window size	: 6
	indels		: ambiguous
	tree file	: -
	node level	: -
	strict profile	: -
	outgroup	: -
	matrix          : BLOSUM62

	number of taxa        : 11
	random number of pairs: 200000000000000000

	generates threshhold value for amino acid data
	using BLOSUM62

	checks for (potential) identical taxa


	scores site patterns ...


	max number of different pairs is 55
	max random pairs are scored!

	pair: 1      ->	taxon1: G.salaris 	taxon2: E.granulos
	            	positions below base line: 802
	pair: 2      ->	taxon1: G.salaris 	taxon2: D.rerio   
	            	positions below base line: 808
	pair: 3      ->	taxon1: G.salaris 	taxon2: C.intestin
	            	positions below base line: 811
	pair: 4      ->	taxon1: G.salaris 	taxon2: R.norvegic
	            	positions below base line: 798
	pair: 5      ->	taxon1: G.salaris 	taxon2: N.vectensi
	            	positions below base line: 888
	pair: 6      ->	taxon1: G.salaris 	taxon2: H.microsto
	            	positions below base line: 790
	pair: 7      ->	taxon1: G.salaris 	taxon2: H.robusta 
	            	positions below base line: 881
	pair: 8      ->	taxon1: G.salaris 	taxon2: T.solium  
	            	positions below base line: 842
	pair: 9      ->	taxon1: G.salaris 	taxon2: G.turnbull
	            	positions below base line: 579
	pair: 10     ->	taxon1: G.salaris 	taxon2: O.viverrin
	            	positions below base line: 840
	pair: 11     ->	taxon1: E.granulos	taxon2: D.rerio   
	            	positions below base line: 803
	pair: 12     ->	taxon1: E.granulos	taxon2: C.intestin
	            	positions below base line: 815
	pair: 13     ->	taxon1: E.granulos	taxon2: R.norvegic
	            	positions below base line: 808
	pair: 14     ->	taxon1: E.granulos	taxon2: N.vectensi
	            	positions below base line: 878
	pair: 15     ->	taxon1: E.granulos	taxon2: H.microsto
	            	positions below base line: 691
	pair: 16     ->	taxon1: E.granulos	taxon2: H.robusta 
	            	positions below base line: 899
	pair: 17     ->	taxon1: E.granulos	taxon2: T.solium  
	            	positions below base line: 654
	pair: 18     ->	taxon1: E.granulos	taxon2: G.turnbull
	            	positions below base line: 875
	pair: 19     ->	taxon1: E.granulos	taxon2: O.viverrin
	            	positions below base line: 799
	pair: 20     ->	taxon1: D.rerio   	taxon2: C.intestin
	            	positions below base line: 670
	pair: 21     ->	taxon1: D.rerio   	taxon2: R.norvegic
	            	positions below base line: 574
	pair: 22     ->	taxon1: D.rerio   	taxon2: N.vectensi
	            	positions below base line: 806
	pair: 23     ->	taxon1: D.rerio   	taxon2: H.microsto
	            	positions below base line: 778
	pair: 24     ->	taxon1: D.rerio   	taxon2: H.robusta 
	            	positions below base line: 839
	pair: 25     ->	taxon1: D.rerio   	taxon2: T.solium  
	            	positions below base line: 828
	pair: 26     ->	taxon1: D.rerio   	taxon2: G.turnbull
	            	positions below base line: 858
	pair: 27     ->	taxon1: D.rerio   	taxon2: O.viverrin
	            	positions below base line: 848
	pair: 28     ->	taxon1: C.intestin	taxon2: R.norvegic
	            	positions below base line: 660
	pair: 29     ->	taxon1: C.intestin	taxon2: N.vectensi
	            	positions below base line: 818
	pair: 30     ->	taxon1: C.intestin	taxon2: H.microsto
	            	positions below base line: 791
	pair: 31     ->	taxon1: C.intestin	taxon2: H.robusta 
	            	positions below base line: 840
	pair: 32     ->	taxon1: C.intestin	taxon2: T.solium  
	            	positions below base line: 838
	pair: 33     ->	taxon1: C.intestin	taxon2: G.turnbull
	            	positions below base line: 867
	pair: 34     ->	taxon1: C.intestin	taxon2: O.viverrin
	            	positions below base line: 858
	pair: 35     ->	taxon1: R.norvegic	taxon2: N.vectensi
	            	positions below base line: 820
	pair: 36     ->	taxon1: R.norvegic	taxon2: H.microsto
	            	positions below base line: 763
	pair: 37     ->	taxon1: R.norvegic	taxon2: H.robusta 
	            	positions below base line: 836
	pair: 38     ->	taxon1: R.norvegic	taxon2: T.solium  
	            	positions below base line: 832
	pair: 39     ->	taxon1: R.norvegic	taxon2: G.turnbull
	            	positions below base line: 870
	pair: 40     ->	taxon1: R.norvegic	taxon2: O.viverrin
	            	positions below base line: 850
	pair: 41     ->	taxon1: N.vectensi	taxon2: H.microsto
	            	positions below base line: 877
	pair: 42     ->	taxon1: N.vectensi	taxon2: H.robusta 
	            	positions below base line: 921
	pair: 43     ->	taxon1: N.vectensi	taxon2: T.solium  
	            	positions below base line: 878
	pair: 44     ->	taxon1: N.vectensi	taxon2: G.turnbull
	            	positions below base line: 910
	pair: 45     ->	taxon1: N.vectensi	taxon2: O.viverrin
	            	positions below base line: 936
	pair: 46     ->	taxon1: H.microsto	taxon2: H.robusta 
	            	positions below base line: 872
	pair: 47     ->	taxon1: H.microsto	taxon2: T.solium  
	            	positions below base line: 751
	pair: 48     ->	taxon1: H.microsto	taxon2: G.turnbull
	            	positions below base line: 849
	pair: 49     ->	taxon1: H.microsto	taxon2: O.viverrin
	            	positions below base line: 794
	pair: 50     ->	taxon1: H.robusta 	taxon2: T.solium  
	            	positions below base line: 919
	pair: 51     ->	taxon1: H.robusta 	taxon2: G.turnbull
	            	positions below base line: 910
	pair: 52     ->	taxon1: H.robusta 	taxon2: O.viverrin
	            	positions below base line: 880
	pair: 53     ->	taxon1: T.solium  	taxon2: G.turnbull
	            	positions below base line: 886
	pair: 54     ->	taxon1: T.solium  	taxon2: O.viverrin
	            	positions below base line: 868
	pair: 55     ->	taxon1: G.turnbull	taxon2: O.viverrin
	            	positions below base line: 867

	generates quality profile from collected scores ...


	scoring done ...


	generates vector plot from collected scores ...


Argument "-" treated as 0 in increment (++) at /usr/bin/Aliscore.pl line 1213.
	Profile written to EOG091G0PL0.clustalo.aln.fasta_Profile_random.txt
	List   written to EOG091G0PL0.clustalo.aln.fasta_List_random.txt

	time used: 3.92 sec

