
	reading taxa from FASTA ...


	M.lignano            -> sites: 1760  
	D.melanogaster       -> sites: 1760  
	D.rerio              -> sites: 1760  
	C.intestinalis       -> sites: 1760  
	O.viverrini          -> sites: 1760  
	C.sinensis           -> sites: 1760  
	H.robusta            -> sites: 1760  
	R.norvegicus         -> sites: 1760  
	H.microstoma         -> sites: 1760  
	L.gigantea           -> sites: 1760  
	G.salaris            -> sites: 1760  
	E.granulosus         -> sites: 1760  
	G.turnbulli          -> sites: 1760  
	S.mediterranea       -> sites: 1760  


	data type             : amino acid sequences

	input ...

	infile		: EOG091G01TH.clustalo.aln.fasta
	random pairs	: 200000000000000000
	window size	: 6
	indels		: ambiguous
	tree file	: -
	node level	: -
	strict profile	: -
	outgroup	: -
	matrix          : BLOSUM62

	number of taxa        : 14
	random number of pairs: 200000000000000000

	generates threshhold value for amino acid data
	using BLOSUM62

	checks for (potential) identical taxa


	scores site patterns ...


	max number of different pairs is 91
	max random pairs are scored!

	pair: 1      ->	taxon1: M.lignano 	taxon2: D.melanoga
	            	positions below base line: 954
	pair: 2      ->	taxon1: M.lignano 	taxon2: D.rerio   
	            	positions below base line: 937
	pair: 3      ->	taxon1: M.lignano 	taxon2: C.intestin
	            	positions below base line: 961
	pair: 4      ->	taxon1: M.lignano 	taxon2: O.viverrin
	            	positions below base line: 1183
	pair: 5      ->	taxon1: M.lignano 	taxon2: C.sinensis
	            	positions below base line: 1217
	pair: 6      ->	taxon1: M.lignano 	taxon2: H.robusta 
	            	positions below base line: 970
	pair: 7      ->	taxon1: M.lignano 	taxon2: R.norvegic
	            	positions below base line: 933
	pair: 8      ->	taxon1: M.lignano 	taxon2: H.microsto
	            	positions below base line: 1170
	pair: 9      ->	taxon1: M.lignano 	taxon2: L.gigantea
	            	positions below base line: 926
	pair: 10     ->	taxon1: M.lignano 	taxon2: G.salaris 
	            	positions below base line: 1093
	pair: 11     ->	taxon1: M.lignano 	taxon2: E.granulos
	            	positions below base line: 1077
	pair: 12     ->	taxon1: M.lignano 	taxon2: G.turnbull
	            	positions below base line: 1347
	pair: 13     ->	taxon1: M.lignano 	taxon2: S.mediterr
	            	positions below base line: 1483
	pair: 14     ->	taxon1: D.melanoga	taxon2: D.rerio   
	            	positions below base line: 790
	pair: 15     ->	taxon1: D.melanoga	taxon2: C.intestin
	            	positions below base line: 838
	pair: 16     ->	taxon1: D.melanoga	taxon2: O.viverrin
	            	positions below base line: 1171
	pair: 17     ->	taxon1: D.melanoga	taxon2: C.sinensis
	            	positions below base line: 1218
	pair: 18     ->	taxon1: D.melanoga	taxon2: H.robusta 
	            	positions below base line: 840
	pair: 19     ->	taxon1: D.melanoga	taxon2: R.norvegic
	            	positions below base line: 792
	pair: 20     ->	taxon1: D.melanoga	taxon2: H.microsto
	            	positions below base line: 1169
	pair: 21     ->	taxon1: D.melanoga	taxon2: L.gigantea
	            	positions below base line: 796
	pair: 22     ->	taxon1: D.melanoga	taxon2: G.salaris 
	            	positions below base line: 1112
	pair: 23     ->	taxon1: D.melanoga	taxon2: E.granulos
	            	positions below base line: 1077
	pair: 24     ->	taxon1: D.melanoga	taxon2: G.turnbull
	            	positions below base line: 1342
	pair: 25     ->	taxon1: D.melanoga	taxon2: S.mediterr
	            	positions below base line: 1442
	pair: 26     ->	taxon1: D.rerio   	taxon2: C.intestin
	            	positions below base line: 755
	pair: 27     ->	taxon1: D.rerio   	taxon2: O.viverrin
	            	positions below base line: 1141
	pair: 28     ->	taxon1: D.rerio   	taxon2: C.sinensis
	            	positions below base line: 1163
	pair: 29     ->	taxon1: D.rerio   	taxon2: H.robusta 
	            	positions below base line: 782
	pair: 30     ->	taxon1: D.rerio   	taxon2: R.norvegic
	            	positions below base line: 678
	pair: 31     ->	taxon1: D.rerio   	taxon2: H.microsto
	            	positions below base line: 1104
	pair: 32     ->	taxon1: D.rerio   	taxon2: L.gigantea
	            	positions below base line: 714
	pair: 33     ->	taxon1: D.rerio   	taxon2: G.salaris 
	            	positions below base line: 1072
	pair: 34     ->	taxon1: D.rerio   	taxon2: E.granulos
	            	positions below base line: 1025
	pair: 35     ->	taxon1: D.rerio   	taxon2: G.turnbull
	            	positions below base line: 1290
	pair: 36     ->	taxon1: D.rerio   	taxon2: S.mediterr
	            	positions below base line: 1410
	pair: 37     ->	taxon1: C.intestin	taxon2: O.viverrin
	            	positions below base line: 1164
	pair: 38     ->	taxon1: C.intestin	taxon2: C.sinensis
	            	positions below base line: 1173
	pair: 39     ->	taxon1: C.intestin	taxon2: H.robusta 
	            	positions below base line: 841
	pair: 40     ->	taxon1: C.intestin	taxon2: R.norvegic
	            	positions below base line: 747
	pair: 41     ->	taxon1: C.intestin	taxon2: H.microsto
	            	positions below base line: 1124
	pair: 42     ->	taxon1: C.intestin	taxon2: L.gigantea
	            	positions below base line: 764
	pair: 43     ->	taxon1: C.intestin	taxon2: G.salaris 
	            	positions below base line: 1062
	pair: 44     ->	taxon1: C.intestin	taxon2: E.granulos
	            	positions below base line: 1053
	pair: 45     ->	taxon1: C.intestin	taxon2: G.turnbull
	            	positions below base line: 1276
	pair: 46     ->	taxon1: C.intestin	taxon2: S.mediterr
	            	positions below base line: 1406
	pair: 47     ->	taxon1: O.viverrin	taxon2: C.sinensis
	            	positions below base line: 1089
	pair: 48     ->	taxon1: O.viverrin	taxon2: H.robusta 
	            	positions below base line: 1147
	pair: 49     ->	taxon1: O.viverrin	taxon2: R.norvegic
	            	positions below base line: 1131
	pair: 50     ->	taxon1: O.viverrin	taxon2: H.microsto
	            	positions below base line: 1124
	pair: 51     ->	taxon1: O.viverrin	taxon2: L.gigantea
	            	positions below base line: 1132
	pair: 52     ->	taxon1: O.viverrin	taxon2: G.salaris 
	            	positions below base line: 1111
	pair: 53     ->	taxon1: O.viverrin	taxon2: E.granulos
	            	positions below base line: 1050
	pair: 54     ->	taxon1: O.viverrin	taxon2: G.turnbull
	            	positions below base line: 1311
	pair: 55     ->	taxon1: O.viverrin	taxon2: S.mediterr
	            	positions below base line: 1564
	pair: 56     ->	taxon1: C.sinensis	taxon2: H.robusta 
	            	positions below base line: 1200
	pair: 57     ->	taxon1: C.sinensis	taxon2: R.norvegic
	            	positions below base line: 1159
	pair: 58     ->	taxon1: C.sinensis	taxon2: H.microsto
	            	positions below base line: 1093
	pair: 59     ->	taxon1: C.sinensis	taxon2: L.gigantea
	            	positions below base line: 1192
	pair: 60     ->	taxon1: C.sinensis	taxon2: G.salaris 
	            	positions below base line: 1176
	pair: 61     ->	taxon1: C.sinensis	taxon2: E.granulos
	            	positions below base line: 1085
	pair: 62     ->	taxon1: C.sinensis	taxon2: G.turnbull
	            	positions below base line: 1350
	pair: 63     ->	taxon1: C.sinensis	taxon2: S.mediterr
	            	positions below base line: 1437
	pair: 64     ->	taxon1: H.robusta 	taxon2: R.norvegic
	            	positions below base line: 792
	pair: 65     ->	taxon1: H.robusta 	taxon2: H.microsto
	            	positions below base line: 1154
	pair: 66     ->	taxon1: H.robusta 	taxon2: L.gigantea
	            	positions below base line: 791
	pair: 67     ->	taxon1: H.robusta 	taxon2: G.salaris 
	            	positions below base line: 1092
	pair: 68     ->	taxon1: H.robusta 	taxon2: E.granulos
	            	positions below base line: 1043
	pair: 69     ->	taxon1: H.robusta 	taxon2: G.turnbull
	            	positions below base line: 1300
	pair: 70     ->	taxon1: H.robusta 	taxon2: S.mediterr
	            	positions below base line: 1428
	pair: 71     ->	taxon1: R.norvegic	taxon2: H.microsto
	            	positions below base line: 1112
	pair: 72     ->	taxon1: R.norvegic	taxon2: L.gigantea
	            	positions below base line: 722
	pair: 73     ->	taxon1: R.norvegic	taxon2: G.salaris 
	            	positions below base line: 1054
	pair: 74     ->	taxon1: R.norvegic	taxon2: E.granulos
	            	positions below base line: 1025
	pair: 75     ->	taxon1: R.norvegic	taxon2: G.turnbull
	            	positions below base line: 1290
	pair: 76     ->	taxon1: R.norvegic	taxon2: S.mediterr
	            	positions below base line: 1396
	pair: 77     ->	taxon1: H.microsto	taxon2: L.gigantea
	            	positions below base line: 1128
	pair: 78     ->	taxon1: H.microsto	taxon2: G.salaris 
	            	positions below base line: 1077
	pair: 79     ->	taxon1: H.microsto	taxon2: E.granulos
	            	positions below base line: 866
	pair: 80     ->	taxon1: H.microsto	taxon2: G.turnbull
	            	positions below base line: 1323
	pair: 81     ->	taxon1: H.microsto	taxon2: S.mediterr
	            	positions below base line: 1453
	pair: 82     ->	taxon1: L.gigantea	taxon2: G.salaris 
	            	positions below base line: 1065
	pair: 83     ->	taxon1: L.gigantea	taxon2: E.granulos
	            	positions below base line: 1044
	pair: 84     ->	taxon1: L.gigantea	taxon2: G.turnbull
	            	positions below base line: 1301
	pair: 85     ->	taxon1: L.gigantea	taxon2: S.mediterr
	            	positions below base line: 1401
	pair: 86     ->	taxon1: G.salaris 	taxon2: E.granulos
	            	positions below base line: 1001
	pair: 87     ->	taxon1: G.salaris 	taxon2: G.turnbull
	            	positions below base line: 1066
	pair: 88     ->	taxon1: G.salaris 	taxon2: S.mediterr
	            	positions below base line: 1479
	pair: 89     ->	taxon1: E.granulos	taxon2: G.turnbull
	            	positions below base line: 1287
	pair: 90     ->	taxon1: E.granulos	taxon2: S.mediterr
	            	positions below base line: 1443
	pair: 91     ->	taxon1: G.turnbull	taxon2: S.mediterr
	            	positions below base line: 1586

	generates quality profile from collected scores ...


	scoring done ...


	generates vector plot from collected scores ...


Argument "-" treated as 0 in increment (++) at /usr/bin/Aliscore.pl line 1213.
	Profile written to EOG091G01TH.clustalo.aln.fasta_Profile_random.txt
	List   written to EOG091G01TH.clustalo.aln.fasta_List_random.txt

	time used: 4.32 sec

