
	reading taxa from FASTA ...


	S.mansoni            -> sites: 540   
	C.intestinalis       -> sites: 540   
	D.rerio              -> sites: 540   
	H.robusta            -> sites: 540   
	T.solium             -> sites: 540   
	H.microstoma         -> sites: 540   
	C.sinensis           -> sites: 540   
	M.lignano            -> sites: 540   
	G.salaris            -> sites: 540   
	S.mediterranea       -> sites: 540   
	G.turnbulli          -> sites: 540   
	N.vectensis          -> sites: 540   
	R.norvegicus         -> sites: 540   
	D.melanogaster       -> sites: 540   


	data type             : amino acid sequences

	input ...

	infile		: EOG091G08SM.clustalo.aln.fasta
	random pairs	: 200000000000000000
	window size	: 6
	indels		: ambiguous
	tree file	: -
	node level	: -
	strict profile	: -
	outgroup	: -
	matrix          : BLOSUM62

	number of taxa        : 14
	random number of pairs: 200000000000000000

	generates threshhold value for amino acid data
	using BLOSUM62

	checks for (potential) identical taxa


	scores site patterns ...


	max number of different pairs is 91
	max random pairs are scored!

	pair: 1      ->	taxon1: S.mansoni 	taxon2: C.intestin
	            	positions below base line: 181
	pair: 2      ->	taxon1: S.mansoni 	taxon2: D.rerio   
	            	positions below base line: 177
	pair: 3      ->	taxon1: S.mansoni 	taxon2: H.robusta 
	            	positions below base line: 191
	pair: 4      ->	taxon1: S.mansoni 	taxon2: T.solium  
	            	positions below base line: 155
	pair: 5      ->	taxon1: S.mansoni 	taxon2: H.microsto
	            	positions below base line: 188
	pair: 6      ->	taxon1: S.mansoni 	taxon2: C.sinensis
	            	positions below base line: 129
	pair: 7      ->	taxon1: S.mansoni 	taxon2: M.lignano 
	            	positions below base line: 168
	pair: 8      ->	taxon1: S.mansoni 	taxon2: G.salaris 
	            	positions below base line: 147
	pair: 9      ->	taxon1: S.mansoni 	taxon2: S.mediterr
	            	positions below base line: 163
	pair: 10     ->	taxon1: S.mansoni 	taxon2: G.turnbull
	            	positions below base line: 229
	pair: 11     ->	taxon1: S.mansoni 	taxon2: N.vectensi
	            	positions below base line: 184
	pair: 12     ->	taxon1: S.mansoni 	taxon2: R.norvegic
	            	positions below base line: 160
	pair: 13     ->	taxon1: S.mansoni 	taxon2: D.melanoga
	            	positions below base line: 188
	pair: 14     ->	taxon1: C.intestin	taxon2: D.rerio   
	            	positions below base line: 159
	pair: 15     ->	taxon1: C.intestin	taxon2: H.robusta 
	            	positions below base line: 195
	pair: 16     ->	taxon1: C.intestin	taxon2: T.solium  
	            	positions below base line: 179
	pair: 17     ->	taxon1: C.intestin	taxon2: H.microsto
	            	positions below base line: 224
	pair: 18     ->	taxon1: C.intestin	taxon2: C.sinensis
	            	positions below base line: 164
	pair: 19     ->	taxon1: C.intestin	taxon2: M.lignano 
	            	positions below base line: 171
	pair: 20     ->	taxon1: C.intestin	taxon2: G.salaris 
	            	positions below base line: 184
	pair: 21     ->	taxon1: C.intestin	taxon2: S.mediterr
	            	positions below base line: 184
	pair: 22     ->	taxon1: C.intestin	taxon2: G.turnbull
	            	positions below base line: 251
	pair: 23     ->	taxon1: C.intestin	taxon2: N.vectensi
	            	positions below base line: 178
	pair: 24     ->	taxon1: C.intestin	taxon2: R.norvegic
	            	positions below base line: 162
	pair: 25     ->	taxon1: C.intestin	taxon2: D.melanoga
	            	positions below base line: 183
	pair: 26     ->	taxon1: D.rerio   	taxon2: H.robusta 
	            	positions below base line: 190
	pair: 27     ->	taxon1: D.rerio   	taxon2: T.solium  
	            	positions below base line: 174
	pair: 28     ->	taxon1: D.rerio   	taxon2: H.microsto
	            	positions below base line: 204
	pair: 29     ->	taxon1: D.rerio   	taxon2: C.sinensis
	            	positions below base line: 160
	pair: 30     ->	taxon1: D.rerio   	taxon2: M.lignano 
	            	positions below base line: 178
	pair: 31     ->	taxon1: D.rerio   	taxon2: G.salaris 
	            	positions below base line: 179
	pair: 32     ->	taxon1: D.rerio   	taxon2: S.mediterr
	            	positions below base line: 184
	pair: 33     ->	taxon1: D.rerio   	taxon2: G.turnbull
	            	positions below base line: 244
	pair: 34     ->	taxon1: D.rerio   	taxon2: N.vectensi
	            	positions below base line: 169
	pair: 35     ->	taxon1: D.rerio   	taxon2: R.norvegic
	            	positions below base line: 148
	pair: 36     ->	taxon1: D.rerio   	taxon2: D.melanoga
	            	positions below base line: 186
	pair: 37     ->	taxon1: H.robusta 	taxon2: T.solium  
	            	positions below base line: 190
	pair: 38     ->	taxon1: H.robusta 	taxon2: H.microsto
	            	positions below base line: 226
	pair: 39     ->	taxon1: H.robusta 	taxon2: C.sinensis
	            	positions below base line: 197
	pair: 40     ->	taxon1: H.robusta 	taxon2: M.lignano 
	            	positions below base line: 191
	pair: 41     ->	taxon1: H.robusta 	taxon2: G.salaris 
	            	positions below base line: 204
	pair: 42     ->	taxon1: H.robusta 	taxon2: S.mediterr
	            	positions below base line: 190
	pair: 43     ->	taxon1: H.robusta 	taxon2: G.turnbull
	            	positions below base line: 254
	pair: 44     ->	taxon1: H.robusta 	taxon2: N.vectensi
	            	positions below base line: 195
	pair: 45     ->	taxon1: H.robusta 	taxon2: R.norvegic
	            	positions below base line: 191
	pair: 46     ->	taxon1: H.robusta 	taxon2: D.melanoga
	            	positions below base line: 201
	pair: 47     ->	taxon1: T.solium  	taxon2: H.microsto
	            	positions below base line: 129
	pair: 48     ->	taxon1: T.solium  	taxon2: C.sinensis
	            	positions below base line: 156
	pair: 49     ->	taxon1: T.solium  	taxon2: M.lignano 
	            	positions below base line: 147
	pair: 50     ->	taxon1: T.solium  	taxon2: G.salaris 
	            	positions below base line: 165
	pair: 51     ->	taxon1: T.solium  	taxon2: S.mediterr
	            	positions below base line: 178
	pair: 52     ->	taxon1: T.solium  	taxon2: G.turnbull
	            	positions below base line: 227
	pair: 53     ->	taxon1: T.solium  	taxon2: N.vectensi
	            	positions below base line: 183
	pair: 54     ->	taxon1: T.solium  	taxon2: R.norvegic
	            	positions below base line: 171
	pair: 55     ->	taxon1: T.solium  	taxon2: D.melanoga
	            	positions below base line: 155
	pair: 56     ->	taxon1: H.microsto	taxon2: C.sinensis
	            	positions below base line: 184
	pair: 57     ->	taxon1: H.microsto	taxon2: M.lignano 
	            	positions below base line: 195
	pair: 58     ->	taxon1: H.microsto	taxon2: G.salaris 
	            	positions below base line: 202
	pair: 59     ->	taxon1: H.microsto	taxon2: S.mediterr
	            	positions below base line: 203
	pair: 60     ->	taxon1: H.microsto	taxon2: G.turnbull
	            	positions below base line: 264
	pair: 61     ->	taxon1: H.microsto	taxon2: N.vectensi
	            	positions below base line: 224
	pair: 62     ->	taxon1: H.microsto	taxon2: R.norvegic
	            	positions below base line: 205
	pair: 63     ->	taxon1: H.microsto	taxon2: D.melanoga
	            	positions below base line: 192
	pair: 64     ->	taxon1: C.sinensis	taxon2: M.lignano 
	            	positions below base line: 177
	pair: 65     ->	taxon1: C.sinensis	taxon2: G.salaris 
	            	positions below base line: 169
	pair: 66     ->	taxon1: C.sinensis	taxon2: S.mediterr
	            	positions below base line: 188
	pair: 67     ->	taxon1: C.sinensis	taxon2: G.turnbull
	            	positions below base line: 236
	pair: 68     ->	taxon1: C.sinensis	taxon2: N.vectensi
	            	positions below base line: 177
	pair: 69     ->	taxon1: C.sinensis	taxon2: R.norvegic
	            	positions below base line: 156
	pair: 70     ->	taxon1: C.sinensis	taxon2: D.melanoga
	            	positions below base line: 182
	pair: 71     ->	taxon1: M.lignano 	taxon2: G.salaris 
	            	positions below base line: 174
	pair: 72     ->	taxon1: M.lignano 	taxon2: S.mediterr
	            	positions below base line: 180
	pair: 73     ->	taxon1: M.lignano 	taxon2: G.turnbull
	            	positions below base line: 242
	pair: 74     ->	taxon1: M.lignano 	taxon2: N.vectensi
	            	positions below base line: 186
	pair: 75     ->	taxon1: M.lignano 	taxon2: R.norvegic
	            	positions below base line: 161
	pair: 76     ->	taxon1: M.lignano 	taxon2: D.melanoga
	            	positions below base line: 163
	pair: 77     ->	taxon1: G.salaris 	taxon2: S.mediterr
	            	positions below base line: 182
	pair: 78     ->	taxon1: G.salaris 	taxon2: G.turnbull
	            	positions below base line: 212
	pair: 79     ->	taxon1: G.salaris 	taxon2: N.vectensi
	            	positions below base line: 191
	pair: 80     ->	taxon1: G.salaris 	taxon2: R.norvegic
	            	positions below base line: 174
	pair: 81     ->	taxon1: G.salaris 	taxon2: D.melanoga
	            	positions below base line: 171
	pair: 82     ->	taxon1: S.mediterr	taxon2: G.turnbull
	            	positions below base line: 252
	pair: 83     ->	taxon1: S.mediterr	taxon2: N.vectensi
	            	positions below base line: 195
	pair: 84     ->	taxon1: S.mediterr	taxon2: R.norvegic
	            	positions below base line: 181
	pair: 85     ->	taxon1: S.mediterr	taxon2: D.melanoga
	            	positions below base line: 193
	pair: 86     ->	taxon1: G.turnbull	taxon2: N.vectensi
	            	positions below base line: 260
	pair: 87     ->	taxon1: G.turnbull	taxon2: R.norvegic
	            	positions below base line: 240
	pair: 88     ->	taxon1: G.turnbull	taxon2: D.melanoga
	            	positions below base line: 245
	pair: 89     ->	taxon1: N.vectensi	taxon2: R.norvegic
	            	positions below base line: 170
	pair: 90     ->	taxon1: N.vectensi	taxon2: D.melanoga
	            	positions below base line: 201
	pair: 91     ->	taxon1: R.norvegic	taxon2: D.melanoga
	            	positions below base line: 194

	generates quality profile from collected scores ...


	scoring done ...


	generates vector plot from collected scores ...


Argument "-" treated as 0 in increment (++) at /usr/bin/Aliscore.pl line 1213.
	Profile written to EOG091G08SM.clustalo.aln.fasta_Profile_random.txt
	List   written to EOG091G08SM.clustalo.aln.fasta_List_random.txt

	time used: 4.56 sec

