--2018-12-15 01:32:28--  http://www.orthodb.org/fasta?query=EOG091G01EW&level=33208
Resolving www.orthodb.org (www.orthodb.org)... 167.99.129.42, 2a03:b0c0:3:d0::d19:7001
Connecting to www.orthodb.org (www.orthodb.org)|167.99.129.42|:80... connected.
HTTP request sent, awaiting response... 301 Moved Permanently
Location: https://www.orthodb.org/fasta?query=EOG091G01EW&level=33208 [following]
--2018-12-15 01:32:28--  https://www.orthodb.org/fasta?query=EOG091G01EW&level=33208
Connecting to www.orthodb.org (www.orthodb.org)|167.99.129.42|:443... connected.
HTTP request sent, awaiting response... 200 OK
Length: 980958 (958K) [text/plain]
Saving to: ‘EOG091G01EW/EOG091G01EW.orthodb.fasta’

     0K .......... .......... .......... .......... ..........  5% 1,31M 1s
    50K .......... .......... .......... .......... .......... 10% 2,32M 1s
   100K .......... .......... .......... .......... .......... 15% 2,35M 0s
   150K .......... .......... .......... .......... .......... 20% 2,48M 0s
   200K .......... .......... .......... .......... .......... 26% 2,29M 0s
   250K .......... .......... .......... .......... .......... 31% 2,58M 0s
   300K .......... .......... .......... .......... .......... 36% 3,26M 0s
   350K .......... .......... .......... .......... .......... 41% 2,50M 0s
   400K .......... .......... .......... .......... .......... 46% 6,12M 0s
   450K .......... .......... .......... .......... .......... 52% 2,53M 0s
   500K .......... .......... .......... .......... .......... 57% 2,42M 0s
   550K .......... .......... .......... .......... .......... 62% 2,46M 0s
   600K .......... .......... .......... .......... .......... 67% 3,24M 0s
   650K .......... .......... .......... .......... .......... 73% 6,56M 0s
   700K .......... .......... .......... .......... .......... 78% 2,45M 0s
   750K .......... .......... .......... .......... .......... 83% 2,46M 0s
   800K .......... .......... .......... .......... .......... 88% 2,42M 0s
   850K .......... .......... .......... .......... .......... 93% 2,34M 0s
   900K .......... .......... .......... .......... .......... 99% 29,5M 0s
   950K .......                                               100% 22,8M=0,3s

2018-12-15 01:32:29 (2,70 MB/s) - ‘EOG091G01EW/EOG091G01EW.orthodb.fasta’ saved [980958/980958]

