
RAxML can't, parse the alignment file as phylip file 
it will now try to parse it as FASTA file


This is the RAxML Master Pthread

This is RAxML Worker Pthread Number: 1

This is RAxML Worker Pthread Number: 2

This is RAxML Worker Pthread Number: 5

This is RAxML Worker Pthread Number: 3

This is RAxML Worker Pthread Number: 4


This is RAxML version 8.2.12 released by Alexandros Stamatakis on May 2018.

With greatly appreciated code contributions by:
Andre Aberer      (HITS)
Simon Berger      (HITS)
Alexey Kozlov     (HITS)
Kassian Kobert    (HITS)
David Dao         (KIT and HITS)
Sarah Lutteropp   (KIT and HITS)
Nick Pattengale   (Sandia)
Wayne Pfeiffer    (SDSC)
Akifumi S. Tanabe (NRIFS)
Charlie Taylor    (UF)


Alignment has 54 distinct alignment patterns

Proportion of gaps and completely undetermined characters in this alignment: 1.59%

RAxML rapid bootstrapping and subsequent ML search

Using 1 distinct models/data partitions with joint branch length optimization



Executing 100 rapid bootstrap inferences and thereafter a thorough ML search 

All free model parameters will be estimated by RAxML
GAMMA model of rate heterogeneity, ML estimate of alpha-parameter

GAMMA Model parameters will be estimated up to an accuracy of 0.1000000000 Log Likelihood units

Partition: 0
Alignment Patterns: 54
Name: No Name Provided
DataType: AA
Substitution Matrix: RTREV
Using empirical base frequencies




RAxML was called as follows:

raxml -f a -T 6 -m PROTGAMMARTREVF -p 12345 -x 12345 -# 100 -s ALICUT_EOG091G146E.clustalo.aln.fasta -n EOG091G146E.clustalo.aln.ALICUT.RTREVF 



Time for BS model parameter optimization 0.011692
Bootstrap[0]: Time 0.225714 seconds, bootstrap likelihood -904.609868, best rearrangement setting 13
Bootstrap[1]: Time 0.100624 seconds, bootstrap likelihood -841.969420, best rearrangement setting 13
Bootstrap[2]: Time 0.099806 seconds, bootstrap likelihood -839.899462, best rearrangement setting 12
Bootstrap[3]: Time 0.209516 seconds, bootstrap likelihood -904.287556, best rearrangement setting 15
Bootstrap[4]: Time 0.220638 seconds, bootstrap likelihood -818.834591, best rearrangement setting 10
Bootstrap[5]: Time 0.080999 seconds, bootstrap likelihood -792.373079, best rearrangement setting 10
Bootstrap[6]: Time 0.075675 seconds, bootstrap likelihood -775.999746, best rearrangement setting 6
Bootstrap[7]: Time 0.086288 seconds, bootstrap likelihood -861.012933, best rearrangement setting 14
Bootstrap[8]: Time 0.086929 seconds, bootstrap likelihood -812.143891, best rearrangement setting 5
Bootstrap[9]: Time 0.188415 seconds, bootstrap likelihood -841.310549, best rearrangement setting 7
Bootstrap[10]: Time 0.181417 seconds, bootstrap likelihood -773.285637, best rearrangement setting 7
Bootstrap[11]: Time 0.088485 seconds, bootstrap likelihood -779.002407, best rearrangement setting 5
Bootstrap[12]: Time 0.172261 seconds, bootstrap likelihood -785.228342, best rearrangement setting 8
Bootstrap[13]: Time 0.190471 seconds, bootstrap likelihood -785.192702, best rearrangement setting 7
Bootstrap[14]: Time 0.185228 seconds, bootstrap likelihood -827.421353, best rearrangement setting 12
Bootstrap[15]: Time 0.210301 seconds, bootstrap likelihood -884.869653, best rearrangement setting 15
Bootstrap[16]: Time 0.180397 seconds, bootstrap likelihood -916.484407, best rearrangement setting 12
Bootstrap[17]: Time 0.173816 seconds, bootstrap likelihood -877.778685, best rearrangement setting 12
Bootstrap[18]: Time 0.207529 seconds, bootstrap likelihood -926.693577, best rearrangement setting 5
Bootstrap[19]: Time 0.085437 seconds, bootstrap likelihood -889.296231, best rearrangement setting 8
Bootstrap[20]: Time 0.174312 seconds, bootstrap likelihood -767.617690, best rearrangement setting 10
Bootstrap[21]: Time 0.185768 seconds, bootstrap likelihood -803.043785, best rearrangement setting 6
Bootstrap[22]: Time 0.173542 seconds, bootstrap likelihood -902.788380, best rearrangement setting 5
Bootstrap[23]: Time 0.186564 seconds, bootstrap likelihood -818.047195, best rearrangement setting 7
Bootstrap[24]: Time 0.228191 seconds, bootstrap likelihood -923.417780, best rearrangement setting 8
Bootstrap[25]: Time 0.186893 seconds, bootstrap likelihood -876.748773, best rearrangement setting 6
Bootstrap[26]: Time 0.185016 seconds, bootstrap likelihood -812.207063, best rearrangement setting 12
Bootstrap[27]: Time 0.147517 seconds, bootstrap likelihood -840.386710, best rearrangement setting 10
Bootstrap[28]: Time 0.190201 seconds, bootstrap likelihood -855.004512, best rearrangement setting 11
Bootstrap[29]: Time 0.198625 seconds, bootstrap likelihood -777.242622, best rearrangement setting 12
Bootstrap[30]: Time 0.199090 seconds, bootstrap likelihood -866.518671, best rearrangement setting 15
Bootstrap[31]: Time 0.198540 seconds, bootstrap likelihood -867.614415, best rearrangement setting 15
Bootstrap[32]: Time 0.095864 seconds, bootstrap likelihood -884.573280, best rearrangement setting 6
Bootstrap[33]: Time 0.192167 seconds, bootstrap likelihood -848.584687, best rearrangement setting 15
Bootstrap[34]: Time 0.177670 seconds, bootstrap likelihood -907.405985, best rearrangement setting 11
Bootstrap[35]: Time 0.213648 seconds, bootstrap likelihood -879.890029, best rearrangement setting 8
Bootstrap[36]: Time 0.176999 seconds, bootstrap likelihood -891.849528, best rearrangement setting 9
Bootstrap[37]: Time 0.185421 seconds, bootstrap likelihood -900.348355, best rearrangement setting 11
Bootstrap[38]: Time 0.197269 seconds, bootstrap likelihood -802.573372, best rearrangement setting 8
Bootstrap[39]: Time 0.166349 seconds, bootstrap likelihood -856.990963, best rearrangement setting 13
Bootstrap[40]: Time 0.217259 seconds, bootstrap likelihood -892.180684, best rearrangement setting 13
Bootstrap[41]: Time 0.192082 seconds, bootstrap likelihood -861.681886, best rearrangement setting 10
Bootstrap[42]: Time 0.165751 seconds, bootstrap likelihood -803.398211, best rearrangement setting 5
Bootstrap[43]: Time 0.176377 seconds, bootstrap likelihood -801.977163, best rearrangement setting 14
Bootstrap[44]: Time 0.188996 seconds, bootstrap likelihood -982.439504, best rearrangement setting 10
Bootstrap[45]: Time 0.176388 seconds, bootstrap likelihood -812.763404, best rearrangement setting 15
Bootstrap[46]: Time 0.157553 seconds, bootstrap likelihood -775.775010, best rearrangement setting 14
Bootstrap[47]: Time 0.078725 seconds, bootstrap likelihood -941.754630, best rearrangement setting 8
Bootstrap[48]: Time 0.068722 seconds, bootstrap likelihood -911.553941, best rearrangement setting 6
Bootstrap[49]: Time 0.183969 seconds, bootstrap likelihood -881.992303, best rearrangement setting 7
Bootstrap[50]: Time 0.168473 seconds, bootstrap likelihood -860.793900, best rearrangement setting 7
Bootstrap[51]: Time 0.158341 seconds, bootstrap likelihood -797.125580, best rearrangement setting 11
Bootstrap[52]: Time 0.189234 seconds, bootstrap likelihood -841.639480, best rearrangement setting 12
Bootstrap[53]: Time 0.178723 seconds, bootstrap likelihood -829.930436, best rearrangement setting 8
Bootstrap[54]: Time 0.156369 seconds, bootstrap likelihood -766.403161, best rearrangement setting 9
Bootstrap[55]: Time 0.217556 seconds, bootstrap likelihood -935.953332, best rearrangement setting 11
Bootstrap[56]: Time 0.190096 seconds, bootstrap likelihood -931.436804, best rearrangement setting 5
Bootstrap[57]: Time 0.201665 seconds, bootstrap likelihood -902.359046, best rearrangement setting 7
Bootstrap[58]: Time 0.203731 seconds, bootstrap likelihood -846.918613, best rearrangement setting 10
Bootstrap[59]: Time 0.103781 seconds, bootstrap likelihood -898.889179, best rearrangement setting 9
Bootstrap[60]: Time 0.194302 seconds, bootstrap likelihood -776.222088, best rearrangement setting 7
Bootstrap[61]: Time 0.094160 seconds, bootstrap likelihood -861.314102, best rearrangement setting 5
Bootstrap[62]: Time 0.090623 seconds, bootstrap likelihood -922.207381, best rearrangement setting 11
Bootstrap[63]: Time 0.196824 seconds, bootstrap likelihood -767.134725, best rearrangement setting 12
Bootstrap[64]: Time 0.069594 seconds, bootstrap likelihood -694.345732, best rearrangement setting 7
Bootstrap[65]: Time 0.200608 seconds, bootstrap likelihood -810.147996, best rearrangement setting 5
Bootstrap[66]: Time 0.080419 seconds, bootstrap likelihood -832.851002, best rearrangement setting 5
Bootstrap[67]: Time 0.108349 seconds, bootstrap likelihood -973.088808, best rearrangement setting 15
Bootstrap[68]: Time 0.095962 seconds, bootstrap likelihood -823.048696, best rearrangement setting 11
Bootstrap[69]: Time 0.089126 seconds, bootstrap likelihood -934.715663, best rearrangement setting 5
Bootstrap[70]: Time 0.239422 seconds, bootstrap likelihood -832.080903, best rearrangement setting 8
Bootstrap[71]: Time 0.155657 seconds, bootstrap likelihood -774.788438, best rearrangement setting 10
Bootstrap[72]: Time 0.177312 seconds, bootstrap likelihood -844.938778, best rearrangement setting 11
Bootstrap[73]: Time 0.170509 seconds, bootstrap likelihood -795.801869, best rearrangement setting 9
Bootstrap[74]: Time 0.170463 seconds, bootstrap likelihood -782.672773, best rearrangement setting 5
Bootstrap[75]: Time 0.183501 seconds, bootstrap likelihood -883.330886, best rearrangement setting 8
Bootstrap[76]: Time 0.205097 seconds, bootstrap likelihood -819.473942, best rearrangement setting 9
Bootstrap[77]: Time 0.188741 seconds, bootstrap likelihood -847.865214, best rearrangement setting 11
Bootstrap[78]: Time 0.191300 seconds, bootstrap likelihood -821.422527, best rearrangement setting 15
Bootstrap[79]: Time 0.089058 seconds, bootstrap likelihood -918.721741, best rearrangement setting 9
Bootstrap[80]: Time 0.205495 seconds, bootstrap likelihood -836.359959, best rearrangement setting 15
Bootstrap[81]: Time 0.181908 seconds, bootstrap likelihood -875.236929, best rearrangement setting 7
Bootstrap[82]: Time 0.176534 seconds, bootstrap likelihood -931.095291, best rearrangement setting 6
Bootstrap[83]: Time 0.178395 seconds, bootstrap likelihood -909.400547, best rearrangement setting 10
Bootstrap[84]: Time 0.200322 seconds, bootstrap likelihood -899.720690, best rearrangement setting 11
Bootstrap[85]: Time 0.210299 seconds, bootstrap likelihood -767.637229, best rearrangement setting 8
Bootstrap[86]: Time 0.185967 seconds, bootstrap likelihood -810.172478, best rearrangement setting 7
Bootstrap[87]: Time 0.071813 seconds, bootstrap likelihood -824.758345, best rearrangement setting 7
Bootstrap[88]: Time 0.202919 seconds, bootstrap likelihood -848.394273, best rearrangement setting 12
Bootstrap[89]: Time 0.197261 seconds, bootstrap likelihood -912.348722, best rearrangement setting 10
Bootstrap[90]: Time 0.184587 seconds, bootstrap likelihood -836.756693, best rearrangement setting 8
Bootstrap[91]: Time 0.186092 seconds, bootstrap likelihood -789.640586, best rearrangement setting 12
Bootstrap[92]: Time 0.199212 seconds, bootstrap likelihood -873.275407, best rearrangement setting 13
Bootstrap[93]: Time 0.186542 seconds, bootstrap likelihood -903.259373, best rearrangement setting 15
Bootstrap[94]: Time 0.175450 seconds, bootstrap likelihood -856.522437, best rearrangement setting 5
Bootstrap[95]: Time 0.166539 seconds, bootstrap likelihood -837.958036, best rearrangement setting 5
Bootstrap[96]: Time 0.196483 seconds, bootstrap likelihood -777.520492, best rearrangement setting 13
Bootstrap[97]: Time 0.184568 seconds, bootstrap likelihood -835.486200, best rearrangement setting 11
Bootstrap[98]: Time 0.214860 seconds, bootstrap likelihood -871.461120, best rearrangement setting 6
Bootstrap[99]: Time 0.189267 seconds, bootstrap likelihood -859.757691, best rearrangement setting 14


Overall Time for 100 Rapid Bootstraps 16.790413 seconds
Average Time per Rapid Bootstrap 0.167904 seconds

Starting ML Search ...

Fast ML optimization finished

Fast ML search Time: 6.203766 seconds

Slow ML Search 0 Likelihood: -862.138748
Slow ML Search 1 Likelihood: -862.138748
Slow ML Search 2 Likelihood: -862.138748
Slow ML Search 3 Likelihood: -862.138748
Slow ML Search 4 Likelihood: -862.138748
Slow ML Search 5 Likelihood: -862.138748
Slow ML Search 6 Likelihood: -862.138748
Slow ML Search 7 Likelihood: -862.138748
Slow ML Search 8 Likelihood: -862.138748
Slow ML Search 9 Likelihood: -862.138748
Slow ML optimization finished

Slow ML search Time: 2.961290 seconds
Thorough ML search Time: 0.236792 seconds

Final ML Optimization Likelihood: -862.138748

Model Information:

Model Parameters of Partition 0, Name: No Name Provided, Type of Data: AA
alpha: 1.750696
Tree-Length: 4.881428
rate A <-> R: 0.324427
rate A <-> N: 0.486641
rate A <-> D: 0.095420
rate A <-> C: 4.188931
rate A <-> Q: 0.305344
rate A <-> E: 0.772901
rate A <-> G: 1.288168
rate A <-> H: 0.286260
rate A <-> I: 0.009542
rate A <-> L: 0.429389
rate A <-> K: 0.362595
rate A <-> M: 2.242366
rate A <-> F: 0.009542
rate A <-> P: 0.925573
rate A <-> S: 4.389313
rate A <-> T: 2.461832
rate A <-> W: 0.047710
rate A <-> Y: 0.524809
rate A <-> V: 1.879771
rate R <-> N: 0.333969
rate R <-> D: 0.286260
rate R <-> C: 0.877863
rate R <-> Q: 2.108779
rate R <-> E: 0.095420
rate R <-> G: 0.391221
rate R <-> H: 0.858779
rate R <-> I: 0.229008
rate R <-> L: 0.171756
rate R <-> K: 5.658397
rate R <-> M: 0.543893
rate R <-> F: 0.066794
rate R <-> P: 0.229008
rate R <-> S: 0.973282
rate R <-> T: 0.610687
rate R <-> W: 0.124046
rate R <-> Y: 0.448473
rate R <-> V: 0.276718
rate N <-> D: 3.664122
rate N <-> C: 1.221374
rate N <-> Q: 2.251908
rate N <-> E: 0.753817
rate N <-> G: 0.896947
rate N <-> H: 3.053435
rate N <-> I: 0.333969
rate N <-> L: 0.143130
rate N <-> K: 1.173664
rate N <-> M: 0.009542
rate N <-> F: 0.467557
rate N <-> P: 0.314885
rate N <-> S: 2.805344
rate N <-> T: 1.412214
rate N <-> W: 0.152672
rate N <-> Y: 0.267176
rate N <-> V: 0.200382
rate D <-> C: 0.009542
rate D <-> Q: 0.744275
rate D <-> E: 5.171756
rate D <-> G: 0.582061
rate D <-> H: 0.868321
rate D <-> I: 0.009542
rate D <-> L: 0.047710
rate D <-> K: 0.190840
rate D <-> M: 0.009542
rate D <-> F: 0.009542
rate D <-> P: 0.524809
rate D <-> S: 1.297710
rate D <-> T: 0.524809
rate D <-> W: 0.009542
rate D <-> Y: 0.009542
rate D <-> V: 0.057252
rate C <-> Q: 0.667939
rate C <-> E: 0.009542
rate C <-> G: 0.458015
rate C <-> H: 1.183206
rate C <-> I: 0.992366
rate C <-> L: 1.049618
rate C <-> K: 0.152672
rate C <-> M: 1.488550
rate C <-> F: 0.667939
rate C <-> P: 0.009542
rate C <-> S: 0.715649
rate C <-> T: 1.116412
rate C <-> W: 0.524809
rate C <-> Y: 1.250000
rate C <-> V: 2.814885
rate Q <-> E: 3.549618
rate Q <-> G: 0.171756
rate Q <-> H: 3.692748
rate Q <-> I: 0.314885
rate Q <-> L: 0.515267
rate Q <-> K: 2.948473
rate Q <-> M: 1.507634
rate Q <-> F: 0.009542
rate Q <-> P: 0.648855
rate Q <-> S: 2.146947
rate Q <-> T: 1.393130
rate Q <-> W: 0.095420
rate Q <-> Y: 0.429389
rate Q <-> V: 0.343511
rate E <-> G: 0.667939
rate E <-> H: 0.324427
rate E <-> I: 0.009542
rate E <-> L: 0.200382
rate E <-> K: 1.345420
rate E <-> M: 0.009542
rate E <-> F: 0.009542
rate E <-> P: 0.496183
rate E <-> S: 0.906489
rate E <-> T: 0.782443
rate E <-> W: 0.162214
rate E <-> Y: 0.009542
rate E <-> V: 0.333969
rate G <-> H: 0.648855
rate G <-> I: 0.009542
rate G <-> L: 0.028626
rate G <-> K: 0.286260
rate G <-> M: 0.353053
rate G <-> F: 0.066794
rate G <-> P: 0.162214
rate G <-> S: 1.450382
rate G <-> T: 0.066794
rate G <-> W: 0.219466
rate G <-> Y: 0.200382
rate G <-> V: 0.028626
rate H <-> I: 0.324427
rate H <-> L: 0.486641
rate H <-> K: 0.725191
rate H <-> M: 1.106870
rate H <-> F: 1.345420
rate H <-> P: 0.419847
rate H <-> S: 1.746183
rate H <-> T: 0.467557
rate H <-> W: 0.458015
rate H <-> Y: 2.929389
rate H <-> V: 0.009542
rate I <-> L: 3.673664
rate I <-> K: 0.324427
rate I <-> M: 3.578244
rate I <-> F: 0.610687
rate I <-> P: 0.095420
rate I <-> S: 0.038168
rate I <-> T: 0.687023
rate I <-> W: 0.372137
rate I <-> Y: 0.248092
rate I <-> V: 10.000000
rate L <-> K: 0.219466
rate L <-> M: 5.543893
rate L <-> F: 1.708015
rate L <-> P: 0.209924
rate L <-> S: 0.229008
rate L <-> T: 0.238550
rate L <-> W: 0.448473
rate L <-> Y: 0.610687
rate L <-> V: 1.068702
rate K <-> M: 1.278626
rate K <-> F: 0.133588
rate K <-> P: 0.410305
rate K <-> S: 0.734733
rate K <-> T: 1.049618
rate K <-> W: 0.057252
rate K <-> Y: 0.009542
rate K <-> V: 0.181298
rate M <-> F: 2.356870
rate M <-> P: 0.009542
rate M <-> S: 0.009542
rate M <-> T: 1.250000
rate M <-> W: 1.059160
rate M <-> Y: 0.706107
rate M <-> V: 2.251908
rate F <-> P: 0.104962
rate F <-> S: 0.190840
rate F <-> T: 0.658397
rate F <-> W: 1.736641
rate F <-> Y: 9.704198
rate F <-> V: 0.877863
rate P <-> S: 1.278626
rate P <-> T: 0.591603
rate P <-> W: 0.085878
rate P <-> Y: 0.133588
rate P <-> V: 0.238550
rate S <-> T: 6.402672
rate S <-> W: 0.133588
rate S <-> Y: 0.295802
rate S <-> V: 0.372137
rate T <-> W: 0.009542
rate T <-> Y: 0.324427
rate T <-> V: 1.870229
rate W <-> Y: 1.679389
rate W <-> V: 0.248092
rate Y <-> V: 0.562977

freq pi(A): 0.032415
freq pi(R): 0.094003
freq pi(N): 0.045381
freq pi(D): 0.074554
freq pi(C): 0.043760
freq pi(Q): 0.034036
freq pi(E): 0.040519
freq pi(G): 0.068071
freq pi(H): 0.027553
freq pi(I): 0.079417
freq pi(L): 0.115073
freq pi(K): 0.035656
freq pi(M): 0.030794
freq pi(F): 0.047002
freq pi(P): 0.021070
freq pi(S): 0.043760
freq pi(T): 0.055105
freq pi(W): 0.001621
freq pi(Y): 0.022690
freq pi(V): 0.087520


ML search took 9.421050 secs or 0.002617 hours

Combined Bootstrap and ML search took 26.211778 secs or 0.007281 hours

Drawing Bootstrap Support Values on best-scoring ML tree ...



Found 1 tree in File /in/RAxML_bestTree.EOG091G146E.clustalo.aln.ALICUT.RTREVF



Found 1 tree in File /in/RAxML_bestTree.EOG091G146E.clustalo.aln.ALICUT.RTREVF

Program execution info written to /in/RAxML_info.EOG091G146E.clustalo.aln.ALICUT.RTREVF
All 100 bootstrapped trees written to: /in/RAxML_bootstrap.EOG091G146E.clustalo.aln.ALICUT.RTREVF

Best-scoring ML tree written to: /in/RAxML_bestTree.EOG091G146E.clustalo.aln.ALICUT.RTREVF

Best-scoring ML tree with support values written to: /in/RAxML_bipartitions.EOG091G146E.clustalo.aln.ALICUT.RTREVF

Best-scoring ML tree with support values as branch labels written to: /in/RAxML_bipartitionsBranchLabels.EOG091G146E.clustalo.aln.ALICUT.RTREVF

Overall execution time for full ML analysis: 26.213965 secs or 0.007282 hours or 0.000303 days

