
	reading taxa from FASTA ...


	C.intestinalis       -> sites: 540   
	S.mansoni            -> sites: 540   
	G.salaris            -> sites: 540   
	T.solium             -> sites: 540   
	D.rerio              -> sites: 540   
	R.norvegicus         -> sites: 540   
	C.sinensis           -> sites: 540   
	H.microstoma         -> sites: 540   
	M.lignano            -> sites: 540   
	C.elegans            -> sites: 540   
	D.melanogaster       -> sites: 540   
	S.mediterranea       -> sites: 540   
	G.turnbulli          -> sites: 540   


	data type             : amino acid sequences

	input ...

	infile		: EOG091G08SM.clustalo.aln.fasta
	random pairs	: 200000000000000000
	window size	: 6
	indels		: ambiguous
	tree file	: -
	node level	: -
	strict profile	: -
	outgroup	: -
	matrix          : BLOSUM62

	number of taxa        : 13
	random number of pairs: 200000000000000000

	generates threshhold value for amino acid data
	using BLOSUM62

	checks for (potential) identical taxa


	scores site patterns ...


	max number of different pairs is 78
	max random pairs are scored!

	pair: 1      ->	taxon1: C.intestin	taxon2: S.mansoni 
	            	positions below base line: 181
	pair: 2      ->	taxon1: C.intestin	taxon2: G.salaris 
	            	positions below base line: 184
	pair: 3      ->	taxon1: C.intestin	taxon2: T.solium  
	            	positions below base line: 179
	pair: 4      ->	taxon1: C.intestin	taxon2: D.rerio   
	            	positions below base line: 159
	pair: 5      ->	taxon1: C.intestin	taxon2: R.norvegic
	            	positions below base line: 162
	pair: 6      ->	taxon1: C.intestin	taxon2: C.sinensis
	            	positions below base line: 164
	pair: 7      ->	taxon1: C.intestin	taxon2: H.microsto
	            	positions below base line: 224
	pair: 8      ->	taxon1: C.intestin	taxon2: M.lignano 
	            	positions below base line: 171
	pair: 9      ->	taxon1: C.intestin	taxon2: C.elegans 
	            	positions below base line: 239
	pair: 10     ->	taxon1: C.intestin	taxon2: D.melanoga
	            	positions below base line: 183
	pair: 11     ->	taxon1: C.intestin	taxon2: S.mediterr
	            	positions below base line: 184
	pair: 12     ->	taxon1: C.intestin	taxon2: G.turnbull
	            	positions below base line: 251
	pair: 13     ->	taxon1: S.mansoni 	taxon2: G.salaris 
	            	positions below base line: 147
	pair: 14     ->	taxon1: S.mansoni 	taxon2: T.solium  
	            	positions below base line: 155
	pair: 15     ->	taxon1: S.mansoni 	taxon2: D.rerio   
	            	positions below base line: 177
	pair: 16     ->	taxon1: S.mansoni 	taxon2: R.norvegic
	            	positions below base line: 160
	pair: 17     ->	taxon1: S.mansoni 	taxon2: C.sinensis
	            	positions below base line: 129
	pair: 18     ->	taxon1: S.mansoni 	taxon2: H.microsto
	            	positions below base line: 188
	pair: 19     ->	taxon1: S.mansoni 	taxon2: M.lignano 
	            	positions below base line: 168
	pair: 20     ->	taxon1: S.mansoni 	taxon2: C.elegans 
	            	positions below base line: 245
	pair: 21     ->	taxon1: S.mansoni 	taxon2: D.melanoga
	            	positions below base line: 188
	pair: 22     ->	taxon1: S.mansoni 	taxon2: S.mediterr
	            	positions below base line: 163
	pair: 23     ->	taxon1: S.mansoni 	taxon2: G.turnbull
	            	positions below base line: 229
	pair: 24     ->	taxon1: G.salaris 	taxon2: T.solium  
	            	positions below base line: 165
	pair: 25     ->	taxon1: G.salaris 	taxon2: D.rerio   
	            	positions below base line: 179
	pair: 26     ->	taxon1: G.salaris 	taxon2: R.norvegic
	            	positions below base line: 174
	pair: 27     ->	taxon1: G.salaris 	taxon2: C.sinensis
	            	positions below base line: 169
	pair: 28     ->	taxon1: G.salaris 	taxon2: H.microsto
	            	positions below base line: 202
	pair: 29     ->	taxon1: G.salaris 	taxon2: M.lignano 
	            	positions below base line: 174
	pair: 30     ->	taxon1: G.salaris 	taxon2: C.elegans 
	            	positions below base line: 255
	pair: 31     ->	taxon1: G.salaris 	taxon2: D.melanoga
	            	positions below base line: 171
	pair: 32     ->	taxon1: G.salaris 	taxon2: S.mediterr
	            	positions below base line: 182
	pair: 33     ->	taxon1: G.salaris 	taxon2: G.turnbull
	            	positions below base line: 212
	pair: 34     ->	taxon1: T.solium  	taxon2: D.rerio   
	            	positions below base line: 174
	pair: 35     ->	taxon1: T.solium  	taxon2: R.norvegic
	            	positions below base line: 171
	pair: 36     ->	taxon1: T.solium  	taxon2: C.sinensis
	            	positions below base line: 156
	pair: 37     ->	taxon1: T.solium  	taxon2: H.microsto
	            	positions below base line: 129
	pair: 38     ->	taxon1: T.solium  	taxon2: M.lignano 
	            	positions below base line: 147
	pair: 39     ->	taxon1: T.solium  	taxon2: C.elegans 
	            	positions below base line: 205
	pair: 40     ->	taxon1: T.solium  	taxon2: D.melanoga
	            	positions below base line: 155
	pair: 41     ->	taxon1: T.solium  	taxon2: S.mediterr
	            	positions below base line: 178
	pair: 42     ->	taxon1: T.solium  	taxon2: G.turnbull
	            	positions below base line: 227
	pair: 43     ->	taxon1: D.rerio   	taxon2: R.norvegic
	            	positions below base line: 148
	pair: 44     ->	taxon1: D.rerio   	taxon2: C.sinensis
	            	positions below base line: 160
	pair: 45     ->	taxon1: D.rerio   	taxon2: H.microsto
	            	positions below base line: 204
	pair: 46     ->	taxon1: D.rerio   	taxon2: M.lignano 
	            	positions below base line: 178
	pair: 47     ->	taxon1: D.rerio   	taxon2: C.elegans 
	            	positions below base line: 199
	pair: 48     ->	taxon1: D.rerio   	taxon2: D.melanoga
	            	positions below base line: 186
	pair: 49     ->	taxon1: D.rerio   	taxon2: S.mediterr
	            	positions below base line: 184
	pair: 50     ->	taxon1: D.rerio   	taxon2: G.turnbull
	            	positions below base line: 244
	pair: 51     ->	taxon1: R.norvegic	taxon2: C.sinensis
	            	positions below base line: 156
	pair: 52     ->	taxon1: R.norvegic	taxon2: H.microsto
	            	positions below base line: 205
	pair: 53     ->	taxon1: R.norvegic	taxon2: M.lignano 
	            	positions below base line: 161
	pair: 54     ->	taxon1: R.norvegic	taxon2: C.elegans 
	            	positions below base line: 218
	pair: 55     ->	taxon1: R.norvegic	taxon2: D.melanoga
	            	positions below base line: 194
	pair: 56     ->	taxon1: R.norvegic	taxon2: S.mediterr
	            	positions below base line: 181
	pair: 57     ->	taxon1: R.norvegic	taxon2: G.turnbull
	            	positions below base line: 240
	pair: 58     ->	taxon1: C.sinensis	taxon2: H.microsto
	            	positions below base line: 184
	pair: 59     ->	taxon1: C.sinensis	taxon2: M.lignano 
	            	positions below base line: 177
	pair: 60     ->	taxon1: C.sinensis	taxon2: C.elegans 
	            	positions below base line: 213
	pair: 61     ->	taxon1: C.sinensis	taxon2: D.melanoga
	            	positions below base line: 182
	pair: 62     ->	taxon1: C.sinensis	taxon2: S.mediterr
	            	positions below base line: 188
	pair: 63     ->	taxon1: C.sinensis	taxon2: G.turnbull
	            	positions below base line: 236
	pair: 64     ->	taxon1: H.microsto	taxon2: M.lignano 
	            	positions below base line: 195
	pair: 65     ->	taxon1: H.microsto	taxon2: C.elegans 
	            	positions below base line: 238
	pair: 66     ->	taxon1: H.microsto	taxon2: D.melanoga
	            	positions below base line: 192
	pair: 67     ->	taxon1: H.microsto	taxon2: S.mediterr
	            	positions below base line: 203
	pair: 68     ->	taxon1: H.microsto	taxon2: G.turnbull
	            	positions below base line: 264
	pair: 69     ->	taxon1: M.lignano 	taxon2: C.elegans 
	            	positions below base line: 246
	pair: 70     ->	taxon1: M.lignano 	taxon2: D.melanoga
	            	positions below base line: 163
	pair: 71     ->	taxon1: M.lignano 	taxon2: S.mediterr
	            	positions below base line: 180
	pair: 72     ->	taxon1: M.lignano 	taxon2: G.turnbull
	            	positions below base line: 242
	pair: 73     ->	taxon1: C.elegans 	taxon2: D.melanoga
	            	positions below base line: 239
	pair: 74     ->	taxon1: C.elegans 	taxon2: S.mediterr
	            	positions below base line: 224
	pair: 75     ->	taxon1: C.elegans 	taxon2: G.turnbull
	            	positions below base line: 283
	pair: 76     ->	taxon1: D.melanoga	taxon2: S.mediterr
	            	positions below base line: 193
	pair: 77     ->	taxon1: D.melanoga	taxon2: G.turnbull
	            	positions below base line: 245
	pair: 78     ->	taxon1: S.mediterr	taxon2: G.turnbull
	            	positions below base line: 252

	generates quality profile from collected scores ...


	scoring done ...


	generates vector plot from collected scores ...


Argument "-" treated as 0 in increment (++) at /usr/bin/Aliscore.pl line 1213.
	Profile written to EOG091G08SM.clustalo.aln.fasta_Profile_random.txt
	List   written to EOG091G08SM.clustalo.aln.fasta_List_random.txt

	time used: 3.75 sec

