
RAxML can't, parse the alignment file as phylip file 
it will now try to parse it as FASTA file


This is the RAxML Master Pthread

This is RAxML Worker Pthread Number: 1


This is RAxML version 8.2.12 released by Alexandros Stamatakis on May 2018.

With greatly appreciated code contributions by:
Andre Aberer      (HITS)
Simon Berger      (HITS)
Alexey Kozlov     (HITS)
Kassian Kobert    (HITS)
David Dao         (KIT and HITS)
Sarah Lutteropp   (KIT and HITS)
Nick Pattengale   (Sandia)
Wayne Pfeiffer    (SDSC)
Akifumi S. Tanabe (NRIFS)
Charlie Taylor    (UF)


Alignment has 153 distinct alignment patterns

Proportion of gaps and completely undetermined characters in this alignment: 12.01%

RAxML rapid bootstrapping and subsequent ML search

Using 1 distinct models/data partitions with joint branch length optimization



Executing 100 rapid bootstrap inferences and thereafter a thorough ML search 

All free model parameters will be estimated by RAxML
GAMMA model of rate heterogeneity, ML estimate of alpha-parameter

GAMMA Model parameters will be estimated up to an accuracy of 0.1000000000 Log Likelihood units

Partition: 0
Alignment Patterns: 153
Name: No Name Provided
DataType: AA
Substitution Matrix: WAG
Using empirical base frequencies




RAxML was called as follows:

raxml -f a -T 2 -m PROTGAMMAWAGF -p 12345 -x 12345 -# 100 -s ALICUT_EOG091G0C8H.clustalo.aln.fasta -n EOG091G0C8H.clustalo.aln.ALICUT.WAGF 



Time for BS model parameter optimization 0.087582
Bootstrap[0]: Time 0.376165 seconds, bootstrap likelihood -2753.578875, best rearrangement setting 13
Bootstrap[1]: Time 0.489682 seconds, bootstrap likelihood -2685.105941, best rearrangement setting 13
Bootstrap[2]: Time 0.454952 seconds, bootstrap likelihood -2743.545138, best rearrangement setting 12
Bootstrap[3]: Time 0.486667 seconds, bootstrap likelihood -2918.826909, best rearrangement setting 15
Bootstrap[4]: Time 0.509881 seconds, bootstrap likelihood -3106.673921, best rearrangement setting 10
Bootstrap[5]: Time 0.533503 seconds, bootstrap likelihood -3091.572269, best rearrangement setting 10
Bootstrap[6]: Time 0.518066 seconds, bootstrap likelihood -3120.969933, best rearrangement setting 6
Bootstrap[7]: Time 0.448336 seconds, bootstrap likelihood -2870.503886, best rearrangement setting 14
Bootstrap[8]: Time 0.492733 seconds, bootstrap likelihood -2813.451550, best rearrangement setting 5
Bootstrap[9]: Time 0.551015 seconds, bootstrap likelihood -3075.946044, best rearrangement setting 7
Bootstrap[10]: Time 0.562724 seconds, bootstrap likelihood -2710.836787, best rearrangement setting 7
Bootstrap[11]: Time 0.477984 seconds, bootstrap likelihood -2882.236990, best rearrangement setting 5
Bootstrap[12]: Time 0.539087 seconds, bootstrap likelihood -2883.051313, best rearrangement setting 8
Bootstrap[13]: Time 0.603558 seconds, bootstrap likelihood -2967.371642, best rearrangement setting 7
Bootstrap[14]: Time 0.578483 seconds, bootstrap likelihood -2896.081720, best rearrangement setting 12
Bootstrap[15]: Time 0.574042 seconds, bootstrap likelihood -2789.460856, best rearrangement setting 15
Bootstrap[16]: Time 0.526959 seconds, bootstrap likelihood -2735.449940, best rearrangement setting 12
Bootstrap[17]: Time 0.498497 seconds, bootstrap likelihood -2982.827153, best rearrangement setting 12
Bootstrap[18]: Time 0.471741 seconds, bootstrap likelihood -2819.455227, best rearrangement setting 5
Bootstrap[19]: Time 0.403896 seconds, bootstrap likelihood -2777.619446, best rearrangement setting 8
Bootstrap[20]: Time 0.738523 seconds, bootstrap likelihood -2945.844390, best rearrangement setting 10
Bootstrap[21]: Time 0.761293 seconds, bootstrap likelihood -2766.127976, best rearrangement setting 6
Bootstrap[22]: Time 0.722116 seconds, bootstrap likelihood -2833.816186, best rearrangement setting 5
Bootstrap[23]: Time 0.729972 seconds, bootstrap likelihood -2930.644308, best rearrangement setting 7
Bootstrap[24]: Time 0.711326 seconds, bootstrap likelihood -2882.228074, best rearrangement setting 8
Bootstrap[25]: Time 0.704512 seconds, bootstrap likelihood -2846.385324, best rearrangement setting 6
Bootstrap[26]: Time 0.747768 seconds, bootstrap likelihood -2794.895276, best rearrangement setting 12
Bootstrap[27]: Time 0.748496 seconds, bootstrap likelihood -2981.742818, best rearrangement setting 10
Bootstrap[28]: Time 0.713990 seconds, bootstrap likelihood -2784.167459, best rearrangement setting 11
Bootstrap[29]: Time 0.751014 seconds, bootstrap likelihood -3000.452000, best rearrangement setting 12
Bootstrap[30]: Time 0.754774 seconds, bootstrap likelihood -2946.454222, best rearrangement setting 15
Bootstrap[31]: Time 0.604220 seconds, bootstrap likelihood -2982.050034, best rearrangement setting 15
Bootstrap[32]: Time 0.529404 seconds, bootstrap likelihood -2916.426592, best rearrangement setting 6
Bootstrap[33]: Time 0.454441 seconds, bootstrap likelihood -2997.213050, best rearrangement setting 15
Bootstrap[34]: Time 0.438457 seconds, bootstrap likelihood -2957.706362, best rearrangement setting 11
Bootstrap[35]: Time 0.503714 seconds, bootstrap likelihood -2659.486706, best rearrangement setting 8
Bootstrap[36]: Time 0.507860 seconds, bootstrap likelihood -2797.368869, best rearrangement setting 9
Bootstrap[37]: Time 0.506349 seconds, bootstrap likelihood -2572.928307, best rearrangement setting 11
Bootstrap[38]: Time 0.483443 seconds, bootstrap likelihood -2647.569590, best rearrangement setting 8
Bootstrap[39]: Time 0.491837 seconds, bootstrap likelihood -2904.057661, best rearrangement setting 13
Bootstrap[40]: Time 0.423536 seconds, bootstrap likelihood -2741.772023, best rearrangement setting 13
Bootstrap[41]: Time 0.451594 seconds, bootstrap likelihood -2890.134893, best rearrangement setting 10
Bootstrap[42]: Time 0.434605 seconds, bootstrap likelihood -2750.167736, best rearrangement setting 5
Bootstrap[43]: Time 0.538227 seconds, bootstrap likelihood -2806.511593, best rearrangement setting 14
Bootstrap[44]: Time 0.521759 seconds, bootstrap likelihood -2851.389298, best rearrangement setting 10
Bootstrap[45]: Time 0.472069 seconds, bootstrap likelihood -2801.900801, best rearrangement setting 15
Bootstrap[46]: Time 0.533578 seconds, bootstrap likelihood -2902.828236, best rearrangement setting 14
Bootstrap[47]: Time 0.439885 seconds, bootstrap likelihood -2791.507475, best rearrangement setting 8
Bootstrap[48]: Time 0.468508 seconds, bootstrap likelihood -2900.283533, best rearrangement setting 6
Bootstrap[49]: Time 0.517913 seconds, bootstrap likelihood -2720.184157, best rearrangement setting 7
Bootstrap[50]: Time 0.426172 seconds, bootstrap likelihood -2783.101840, best rearrangement setting 7
Bootstrap[51]: Time 0.432471 seconds, bootstrap likelihood -2942.963825, best rearrangement setting 11
Bootstrap[52]: Time 0.483591 seconds, bootstrap likelihood -2904.439568, best rearrangement setting 12
Bootstrap[53]: Time 0.501181 seconds, bootstrap likelihood -2826.960644, best rearrangement setting 8
Bootstrap[54]: Time 0.552102 seconds, bootstrap likelihood -2920.154210, best rearrangement setting 9
Bootstrap[55]: Time 0.500019 seconds, bootstrap likelihood -2860.644132, best rearrangement setting 11
Bootstrap[56]: Time 0.462993 seconds, bootstrap likelihood -2670.199197, best rearrangement setting 5
Bootstrap[57]: Time 0.473556 seconds, bootstrap likelihood -2841.173704, best rearrangement setting 7
Bootstrap[58]: Time 0.518318 seconds, bootstrap likelihood -2860.553600, best rearrangement setting 10
Bootstrap[59]: Time 0.498462 seconds, bootstrap likelihood -3081.128674, best rearrangement setting 9
Bootstrap[60]: Time 0.497039 seconds, bootstrap likelihood -2835.229598, best rearrangement setting 7
Bootstrap[61]: Time 0.529087 seconds, bootstrap likelihood -2988.856667, best rearrangement setting 5
Bootstrap[62]: Time 0.468654 seconds, bootstrap likelihood -2950.333239, best rearrangement setting 11
Bootstrap[63]: Time 0.513101 seconds, bootstrap likelihood -2786.178337, best rearrangement setting 12
Bootstrap[64]: Time 0.531785 seconds, bootstrap likelihood -2877.525239, best rearrangement setting 7
Bootstrap[65]: Time 0.437651 seconds, bootstrap likelihood -2884.981227, best rearrangement setting 5
Bootstrap[66]: Time 0.473765 seconds, bootstrap likelihood -2973.619400, best rearrangement setting 5
Bootstrap[67]: Time 0.489230 seconds, bootstrap likelihood -2862.787896, best rearrangement setting 15
Bootstrap[68]: Time 0.484254 seconds, bootstrap likelihood -2742.318009, best rearrangement setting 11
Bootstrap[69]: Time 0.449108 seconds, bootstrap likelihood -2829.880933, best rearrangement setting 5
Bootstrap[70]: Time 0.496616 seconds, bootstrap likelihood -2887.243342, best rearrangement setting 8
Bootstrap[71]: Time 0.496253 seconds, bootstrap likelihood -2801.139202, best rearrangement setting 10
Bootstrap[72]: Time 0.477731 seconds, bootstrap likelihood -2888.927986, best rearrangement setting 11
Bootstrap[73]: Time 0.494617 seconds, bootstrap likelihood -2779.784082, best rearrangement setting 9
Bootstrap[74]: Time 0.526815 seconds, bootstrap likelihood -2879.064829, best rearrangement setting 5
Bootstrap[75]: Time 0.459079 seconds, bootstrap likelihood -2959.825219, best rearrangement setting 8
Bootstrap[76]: Time 0.539734 seconds, bootstrap likelihood -2909.857895, best rearrangement setting 9
Bootstrap[77]: Time 0.478979 seconds, bootstrap likelihood -2791.512515, best rearrangement setting 11
Bootstrap[78]: Time 0.481384 seconds, bootstrap likelihood -2814.034162, best rearrangement setting 15
Bootstrap[79]: Time 0.465707 seconds, bootstrap likelihood -2727.692367, best rearrangement setting 9
Bootstrap[80]: Time 0.556007 seconds, bootstrap likelihood -2782.820426, best rearrangement setting 15
Bootstrap[81]: Time 0.557113 seconds, bootstrap likelihood -2704.396511, best rearrangement setting 7
Bootstrap[82]: Time 0.458874 seconds, bootstrap likelihood -2900.066400, best rearrangement setting 6
Bootstrap[83]: Time 0.518489 seconds, bootstrap likelihood -2964.690119, best rearrangement setting 10
Bootstrap[84]: Time 0.497028 seconds, bootstrap likelihood -2876.210219, best rearrangement setting 11
Bootstrap[85]: Time 0.521620 seconds, bootstrap likelihood -2788.253503, best rearrangement setting 8
Bootstrap[86]: Time 0.508524 seconds, bootstrap likelihood -2884.125033, best rearrangement setting 7
Bootstrap[87]: Time 0.533571 seconds, bootstrap likelihood -2738.864592, best rearrangement setting 7
Bootstrap[88]: Time 0.470529 seconds, bootstrap likelihood -3011.270189, best rearrangement setting 12
Bootstrap[89]: Time 0.528649 seconds, bootstrap likelihood -2846.508459, best rearrangement setting 10
Bootstrap[90]: Time 0.449514 seconds, bootstrap likelihood -2838.670898, best rearrangement setting 8
Bootstrap[91]: Time 0.446665 seconds, bootstrap likelihood -2810.887202, best rearrangement setting 12
Bootstrap[92]: Time 0.478118 seconds, bootstrap likelihood -2818.259859, best rearrangement setting 13
Bootstrap[93]: Time 0.540323 seconds, bootstrap likelihood -2951.531999, best rearrangement setting 15
Bootstrap[94]: Time 0.441602 seconds, bootstrap likelihood -2816.578761, best rearrangement setting 5
Bootstrap[95]: Time 0.446836 seconds, bootstrap likelihood -3010.966639, best rearrangement setting 5
Bootstrap[96]: Time 0.407428 seconds, bootstrap likelihood -2827.967123, best rearrangement setting 13
Bootstrap[97]: Time 0.510459 seconds, bootstrap likelihood -2774.121132, best rearrangement setting 11
Bootstrap[98]: Time 0.503977 seconds, bootstrap likelihood -2909.340052, best rearrangement setting 6
Bootstrap[99]: Time 0.521257 seconds, bootstrap likelihood -3083.154330, best rearrangement setting 14


Overall Time for 100 Rapid Bootstraps 52.057439 seconds
Average Time per Rapid Bootstrap 0.520574 seconds

Starting ML Search ...

Fast ML optimization finished

Fast ML search Time: 39.793291 seconds

Slow ML Search 0 Likelihood: -2887.833868
Slow ML Search 1 Likelihood: -2887.833868
Slow ML Search 2 Likelihood: -2887.833868
Slow ML Search 3 Likelihood: -2887.833868
Slow ML Search 4 Likelihood: -2887.833868
Slow ML Search 5 Likelihood: -2887.833868
Slow ML Search 6 Likelihood: -2887.833868
Slow ML Search 7 Likelihood: -2887.833868
Slow ML Search 8 Likelihood: -2887.833868
Slow ML Search 9 Likelihood: -2887.833868
Slow ML optimization finished

Slow ML search Time: 12.594533 seconds
Thorough ML search Time: 0.912105 seconds

Final ML Optimization Likelihood: -2887.833869

Model Information:

Model Parameters of Partition 0, Name: No Name Provided, Type of Data: AA
alpha: 3.239251
Tree-Length: 5.414990
rate A <-> R: 0.705217
rate A <-> N: 0.651871
rate A <-> D: 0.944853
rate A <-> C: 1.313132
rate A <-> Q: 1.161697
rate A <-> E: 2.023768
rate A <-> G: 1.811361
rate A <-> H: 0.405245
rate A <-> I: 0.247190
rate A <-> L: 0.508758
rate A <-> K: 1.158714
rate A <-> M: 1.142388
rate A <-> F: 0.269129
rate A <-> P: 1.839272
rate A <-> S: 4.309757
rate A <-> T: 2.711966
rate A <-> W: 0.144647
rate A <-> Y: 0.307794
rate A <-> V: 2.564804
rate R <-> N: 0.812328
rate R <-> D: 0.188337
rate R <-> C: 0.675324
rate R <-> Q: 3.881068
rate R <-> E: 0.561488
rate R <-> G: 0.747529
rate R <-> H: 2.732474
rate R <-> I: 0.239064
rate R <-> L: 0.636302
rate R <-> K: 6.842111
rate R <-> M: 0.873463
rate R <-> F: 0.131322
rate R <-> P: 0.868767
rate R <-> S: 1.565200
rate R <-> T: 0.708850
rate R <-> W: 1.488141
rate R <-> Y: 0.487813
rate R <-> V: 0.322004
rate N <-> D: 6.941838
rate N <-> C: 0.339146
rate N <-> Q: 1.973636
rate N <-> E: 1.211049
rate N <-> G: 1.439096
rate N <-> H: 5.058353
rate N <-> I: 0.708624
rate N <-> L: 0.168166
rate N <-> K: 3.851035
rate N <-> M: 0.253437
rate N <-> F: 0.122949
rate N <-> P: 0.249423
rate N <-> S: 5.081291
rate N <-> T: 2.595553
rate N <-> W: 0.091950
rate N <-> Y: 1.388516
rate N <-> V: 0.250912
rate D <-> C: 0.038734
rate D <-> Q: 0.788594
rate D <-> E: 7.894033
rate D <-> G: 1.106701
rate D <-> H: 1.189925
rate D <-> I: 0.050423
rate D <-> L: 0.108428
rate D <-> K: 0.613523
rate D <-> M: 0.132656
rate D <-> F: 0.059748
rate D <-> P: 0.542089
rate D <-> S: 1.370309
rate D <-> T: 0.479289
rate D <-> W: 0.165915
rate D <-> Y: 0.416441
rate D <-> V: 0.194769
rate C <-> Q: 0.126345
rate C <-> E: 0.027300
rate C <-> G: 0.392101
rate C <-> H: 0.318326
rate C <-> I: 0.217528
rate C <-> L: 0.491334
rate C <-> K: 0.094657
rate C <-> M: 0.499255
rate C <-> F: 0.508892
rate C <-> P: 0.139880
rate C <-> S: 1.799778
rate C <-> T: 0.655881
rate C <-> W: 0.916817
rate C <-> Y: 0.695323
rate C <-> V: 1.281296
rate Q <-> E: 6.993045
rate Q <-> G: 0.421991
rate Q <-> H: 5.490277
rate Q <-> I: 0.145650
rate Q <-> L: 1.111694
rate Q <-> K: 4.979863
rate Q <-> M: 1.975707
rate Q <-> F: 0.127755
rate Q <-> P: 1.193372
rate Q <-> S: 1.315472
rate Q <-> T: 1.096912
rate Q <-> W: 0.275833
rate Q <-> Y: 0.291141
rate Q <-> V: 0.385206
rate E <-> G: 0.725860
rate E <-> H: 0.728811
rate E <-> I: 0.162882
rate E <-> L: 0.197234
rate E <-> K: 3.304348
rate E <-> M: 0.402905
rate E <-> F: 0.103735
rate E <-> P: 0.872432
rate E <-> S: 0.901307
rate E <-> T: 1.051954
rate E <-> W: 0.200167
rate E <-> Y: 0.250985
rate E <-> V: 0.752728
rate G <-> H: 0.318886
rate G <-> I: 0.038932
rate G <-> L: 0.078380
rate G <-> K: 0.477616
rate G <-> M: 0.222597
rate G <-> F: 0.063840
rate G <-> P: 0.311419
rate G <-> S: 1.715597
rate G <-> T: 0.288741
rate G <-> W: 0.430853
rate G <-> Y: 0.132464
rate G <-> V: 0.239406
rate H <-> I: 0.176684
rate H <-> L: 0.638592
rate H <-> K: 1.138471
rate H <-> M: 0.516718
rate H <-> F: 0.868616
rate H <-> P: 0.890131
rate H <-> S: 0.946350
rate H <-> T: 0.605151
rate H <-> W: 0.335710
rate H <-> Y: 4.952425
rate H <-> V: 0.151328
rate I <-> L: 4.054275
rate I <-> K: 0.414039
rate I <-> M: 5.443417
rate I <-> F: 1.354596
rate I <-> P: 0.127765
rate I <-> S: 0.408423
rate I <-> T: 1.864345
rate I <-> W: 0.271672
rate I <-> Y: 0.537212
rate I <-> V: 10.000000
rate L <-> K: 0.329299
rate L <-> M: 6.206155
rate L <-> F: 2.704371
rate L <-> P: 0.531681
rate L <-> S: 0.440769
rate L <-> T: 0.417606
rate L <-> W: 0.850637
rate L <-> Y: 0.509657
rate L <-> V: 2.301842
rate K <-> M: 1.194528
rate K <-> F: 0.113582
rate K <-> P: 0.712025
rate K <-> S: 1.236534
rate K <-> T: 1.773337
rate K <-> W: 0.175808
rate K <-> Y: 0.170386
rate K <-> V: 0.390516
rate M <-> F: 1.522292
rate M <-> P: 0.219054
rate M <-> S: 0.631487
rate M <-> T: 1.938450
rate M <-> W: 0.659361
rate M <-> Y: 0.547782
rate M <-> V: 2.631851
rate F <-> P: 0.206416
rate F <-> S: 0.698005
rate F <-> T: 0.219788
rate F <-> W: 1.955736
rate F <-> Y: 8.252183
rate F <-> V: 0.830926
rate P <-> S: 2.062675
rate P <-> T: 1.016946
rate P <-> W: 0.178238
rate P <-> Y: 0.276228
rate P <-> V: 0.402602
rate S <-> T: 5.597561
rate S <-> W: 0.669635
rate S <-> Y: 1.006218
rate S <-> V: 0.297571
rate T <-> W: 0.141746
rate T <-> Y: 0.372250
rate T <-> V: 1.774935
rate W <-> Y: 3.177720
rate W <-> V: 0.467146
rate Y <-> V: 0.402401

freq pi(A): 0.059041
freq pi(R): 0.051661
freq pi(N): 0.054823
freq pi(D): 0.078018
freq pi(C): 0.031102
freq pi(Q): 0.045335
freq pi(E): 0.035846
freq pi(G): 0.062731
freq pi(H): 0.033210
freq pi(I): 0.051133
freq pi(L): 0.095941
freq pi(K): 0.057459
freq pi(M): 0.025830
freq pi(F): 0.045862
freq pi(P): 0.056405
freq pi(S): 0.069056
freq pi(T): 0.053769
freq pi(W): 0.007907
freq pi(Y): 0.024249
freq pi(V): 0.060622


ML search took 53.321688 secs or 0.014812 hours

Combined Bootstrap and ML search took 105.379356 secs or 0.029272 hours

Drawing Bootstrap Support Values on best-scoring ML tree ...



Found 1 tree in File /in/RAxML_bestTree.EOG091G0C8H.clustalo.aln.ALICUT.WAGF



Found 1 tree in File /in/RAxML_bestTree.EOG091G0C8H.clustalo.aln.ALICUT.WAGF

Program execution info written to /in/RAxML_info.EOG091G0C8H.clustalo.aln.ALICUT.WAGF
All 100 bootstrapped trees written to: /in/RAxML_bootstrap.EOG091G0C8H.clustalo.aln.ALICUT.WAGF

Best-scoring ML tree written to: /in/RAxML_bestTree.EOG091G0C8H.clustalo.aln.ALICUT.WAGF

Best-scoring ML tree with support values written to: /in/RAxML_bipartitions.EOG091G0C8H.clustalo.aln.ALICUT.WAGF

Best-scoring ML tree with support values as branch labels written to: /in/RAxML_bipartitionsBranchLabels.EOG091G0C8H.clustalo.aln.ALICUT.WAGF

Overall execution time for full ML analysis: 105.381347 secs or 0.029273 hours or 0.001220 days

