
WARNING: The number of threads is currently set to 1
You can specify the number of threads to run via -T numberOfThreads
NumberOfThreads must be set to an integer value greater than 1

RAxML, will now set the number of threads automatically to 2 !


RAxML can't, parse the alignment file as phylip file 
it will now try to parse it as FASTA file


This is the RAxML Master Pthread

This is RAxML Worker Pthread Number: 1


This is RAxML version 8.2.12 released by Alexandros Stamatakis on May 2018.

With greatly appreciated code contributions by:
Andre Aberer      (HITS)
Simon Berger      (HITS)
Alexey Kozlov     (HITS)
Kassian Kobert    (HITS)
David Dao         (KIT and HITS)
Sarah Lutteropp   (KIT and HITS)
Nick Pattengale   (Sandia)
Wayne Pfeiffer    (SDSC)
Akifumi S. Tanabe (NRIFS)
Charlie Taylor    (UF)


Alignment has 184 distinct alignment patterns

Proportion of gaps and completely undetermined characters in this alignment: 9.58%

RAxML rapid bootstrapping and subsequent ML search

Using 1 distinct models/data partitions with joint branch length optimization



Executing 100 rapid bootstrap inferences and thereafter a thorough ML search 

All free model parameters will be estimated by RAxML
GAMMA model of rate heterogeneity, ML estimate of alpha-parameter

GAMMA Model parameters will be estimated up to an accuracy of 0.1000000000 Log Likelihood units

Partition: 0
Alignment Patterns: 184
Name: No Name Provided
DataType: AA
Substitution Matrix: LG
Using fixed base frequencies




RAxML was called as follows:

raxml -f a -T 1 -m PROTGAMMALG -p 12345 -x 12345 -# 100 -s ALICUT_EOG091G0LS0.clustalo.aln.fasta -n EOG091G0LS0.clustalo.aln.ALICUT.LG 



Time for BS model parameter optimization 0.063682
Bootstrap[0]: Time 1.387416 seconds, bootstrap likelihood -3514.861710, best rearrangement setting 13
Bootstrap[1]: Time 1.227476 seconds, bootstrap likelihood -3498.778618, best rearrangement setting 13
Bootstrap[2]: Time 1.177423 seconds, bootstrap likelihood -3145.446150, best rearrangement setting 12
Bootstrap[3]: Time 1.082746 seconds, bootstrap likelihood -3396.688383, best rearrangement setting 15
Bootstrap[4]: Time 1.202374 seconds, bootstrap likelihood -3563.227773, best rearrangement setting 10
Bootstrap[5]: Time 1.302443 seconds, bootstrap likelihood -3356.318279, best rearrangement setting 10
Bootstrap[6]: Time 1.139899 seconds, bootstrap likelihood -3555.458321, best rearrangement setting 6
Bootstrap[7]: Time 1.202922 seconds, bootstrap likelihood -3530.782258, best rearrangement setting 14
Bootstrap[8]: Time 1.099220 seconds, bootstrap likelihood -3226.414418, best rearrangement setting 5
Bootstrap[9]: Time 1.073740 seconds, bootstrap likelihood -3455.770359, best rearrangement setting 7
Bootstrap[10]: Time 1.064140 seconds, bootstrap likelihood -3522.033038, best rearrangement setting 7
Bootstrap[11]: Time 0.978862 seconds, bootstrap likelihood -3386.318844, best rearrangement setting 5
Bootstrap[12]: Time 1.230909 seconds, bootstrap likelihood -3142.379293, best rearrangement setting 8
Bootstrap[13]: Time 1.184915 seconds, bootstrap likelihood -3288.547331, best rearrangement setting 7
Bootstrap[14]: Time 1.113227 seconds, bootstrap likelihood -3419.063775, best rearrangement setting 12
Bootstrap[15]: Time 1.132876 seconds, bootstrap likelihood -3494.338920, best rearrangement setting 15
Bootstrap[16]: Time 1.012753 seconds, bootstrap likelihood -3486.726256, best rearrangement setting 12
Bootstrap[17]: Time 1.242124 seconds, bootstrap likelihood -3218.867175, best rearrangement setting 12
Bootstrap[18]: Time 1.220453 seconds, bootstrap likelihood -3376.183760, best rearrangement setting 5
Bootstrap[19]: Time 1.097773 seconds, bootstrap likelihood -3175.407886, best rearrangement setting 8
Bootstrap[20]: Time 1.120218 seconds, bootstrap likelihood -3437.172665, best rearrangement setting 10
Bootstrap[21]: Time 1.193997 seconds, bootstrap likelihood -3554.862714, best rearrangement setting 6
Bootstrap[22]: Time 1.169095 seconds, bootstrap likelihood -3484.488610, best rearrangement setting 5
Bootstrap[23]: Time 1.148316 seconds, bootstrap likelihood -3473.510237, best rearrangement setting 7
Bootstrap[24]: Time 1.072728 seconds, bootstrap likelihood -3181.104511, best rearrangement setting 8
Bootstrap[25]: Time 1.222405 seconds, bootstrap likelihood -3489.153164, best rearrangement setting 6
Bootstrap[26]: Time 1.341380 seconds, bootstrap likelihood -3713.996739, best rearrangement setting 12
Bootstrap[27]: Time 1.032210 seconds, bootstrap likelihood -3415.443582, best rearrangement setting 10
Bootstrap[28]: Time 1.343659 seconds, bootstrap likelihood -3229.494648, best rearrangement setting 11
Bootstrap[29]: Time 1.179928 seconds, bootstrap likelihood -3347.171589, best rearrangement setting 12
Bootstrap[30]: Time 1.109881 seconds, bootstrap likelihood -3649.414187, best rearrangement setting 15
Bootstrap[31]: Time 1.050453 seconds, bootstrap likelihood -3208.337613, best rearrangement setting 15
Bootstrap[32]: Time 1.010538 seconds, bootstrap likelihood -3272.803384, best rearrangement setting 6
Bootstrap[33]: Time 1.045837 seconds, bootstrap likelihood -3492.081302, best rearrangement setting 15
Bootstrap[34]: Time 1.209506 seconds, bootstrap likelihood -3321.928335, best rearrangement setting 11
Bootstrap[35]: Time 1.103099 seconds, bootstrap likelihood -3275.844318, best rearrangement setting 8
Bootstrap[36]: Time 1.158377 seconds, bootstrap likelihood -3378.471745, best rearrangement setting 9
Bootstrap[37]: Time 1.143933 seconds, bootstrap likelihood -3493.962198, best rearrangement setting 11
Bootstrap[38]: Time 1.107355 seconds, bootstrap likelihood -3333.955941, best rearrangement setting 8
Bootstrap[39]: Time 1.002713 seconds, bootstrap likelihood -3201.611099, best rearrangement setting 13
Bootstrap[40]: Time 1.098185 seconds, bootstrap likelihood -3266.669375, best rearrangement setting 13
Bootstrap[41]: Time 1.174203 seconds, bootstrap likelihood -3003.016311, best rearrangement setting 10
Bootstrap[42]: Time 1.058028 seconds, bootstrap likelihood -3215.494332, best rearrangement setting 5
Bootstrap[43]: Time 1.156073 seconds, bootstrap likelihood -3530.757357, best rearrangement setting 14
Bootstrap[44]: Time 1.083751 seconds, bootstrap likelihood -3434.734280, best rearrangement setting 10
Bootstrap[45]: Time 0.928914 seconds, bootstrap likelihood -3379.524299, best rearrangement setting 15
Bootstrap[46]: Time 0.638135 seconds, bootstrap likelihood -3312.384093, best rearrangement setting 14
Bootstrap[47]: Time 0.701445 seconds, bootstrap likelihood -3423.776199, best rearrangement setting 8
Bootstrap[48]: Time 0.677191 seconds, bootstrap likelihood -3419.363945, best rearrangement setting 6
Bootstrap[49]: Time 0.706836 seconds, bootstrap likelihood -3624.207957, best rearrangement setting 7
Bootstrap[50]: Time 0.732250 seconds, bootstrap likelihood -3284.929870, best rearrangement setting 7
Bootstrap[51]: Time 0.644699 seconds, bootstrap likelihood -3334.361574, best rearrangement setting 11
Bootstrap[52]: Time 0.699476 seconds, bootstrap likelihood -3387.380202, best rearrangement setting 12
Bootstrap[53]: Time 0.615600 seconds, bootstrap likelihood -3310.353381, best rearrangement setting 8
Bootstrap[54]: Time 0.668007 seconds, bootstrap likelihood -3064.505076, best rearrangement setting 9
Bootstrap[55]: Time 0.642517 seconds, bootstrap likelihood -3496.845892, best rearrangement setting 11
Bootstrap[56]: Time 0.661791 seconds, bootstrap likelihood -3392.620663, best rearrangement setting 5
Bootstrap[57]: Time 0.701236 seconds, bootstrap likelihood -3648.711227, best rearrangement setting 7
Bootstrap[58]: Time 0.643655 seconds, bootstrap likelihood -3333.683590, best rearrangement setting 10
Bootstrap[59]: Time 0.668971 seconds, bootstrap likelihood -3382.595555, best rearrangement setting 9
Bootstrap[60]: Time 0.681654 seconds, bootstrap likelihood -3323.691348, best rearrangement setting 7
Bootstrap[61]: Time 0.291729 seconds, bootstrap likelihood -3215.665843, best rearrangement setting 5
Bootstrap[62]: Time 0.675924 seconds, bootstrap likelihood -3698.982448, best rearrangement setting 11
Bootstrap[63]: Time 0.641001 seconds, bootstrap likelihood -3530.214094, best rearrangement setting 12
Bootstrap[64]: Time 0.638622 seconds, bootstrap likelihood -3071.028282, best rearrangement setting 7
Bootstrap[65]: Time 0.629235 seconds, bootstrap likelihood -3248.370732, best rearrangement setting 5
Bootstrap[66]: Time 0.611131 seconds, bootstrap likelihood -3300.643993, best rearrangement setting 5
Bootstrap[67]: Time 0.635755 seconds, bootstrap likelihood -3184.735838, best rearrangement setting 15
Bootstrap[68]: Time 0.668769 seconds, bootstrap likelihood -3379.293834, best rearrangement setting 11
Bootstrap[69]: Time 0.689755 seconds, bootstrap likelihood -3344.688937, best rearrangement setting 5
Bootstrap[70]: Time 0.638132 seconds, bootstrap likelihood -3205.129222, best rearrangement setting 8
Bootstrap[71]: Time 0.727002 seconds, bootstrap likelihood -3290.492264, best rearrangement setting 10
Bootstrap[72]: Time 0.742774 seconds, bootstrap likelihood -3446.767663, best rearrangement setting 11
Bootstrap[73]: Time 0.742474 seconds, bootstrap likelihood -3426.314776, best rearrangement setting 9
Bootstrap[74]: Time 0.672408 seconds, bootstrap likelihood -3357.484791, best rearrangement setting 5
Bootstrap[75]: Time 0.634440 seconds, bootstrap likelihood -3449.235368, best rearrangement setting 8
Bootstrap[76]: Time 0.759849 seconds, bootstrap likelihood -3521.950512, best rearrangement setting 9
Bootstrap[77]: Time 0.694200 seconds, bootstrap likelihood -3308.635677, best rearrangement setting 11
Bootstrap[78]: Time 0.686868 seconds, bootstrap likelihood -3495.498006, best rearrangement setting 15
Bootstrap[79]: Time 0.662540 seconds, bootstrap likelihood -3600.409851, best rearrangement setting 9
Bootstrap[80]: Time 0.687419 seconds, bootstrap likelihood -3906.121185, best rearrangement setting 15
Bootstrap[81]: Time 0.773651 seconds, bootstrap likelihood -3436.666342, best rearrangement setting 7
Bootstrap[82]: Time 0.726660 seconds, bootstrap likelihood -3555.954691, best rearrangement setting 6
Bootstrap[83]: Time 0.890817 seconds, bootstrap likelihood -3279.153710, best rearrangement setting 10
Bootstrap[84]: Time 1.231567 seconds, bootstrap likelihood -3210.730090, best rearrangement setting 11
Bootstrap[85]: Time 1.150928 seconds, bootstrap likelihood -3395.960108, best rearrangement setting 8
Bootstrap[86]: Time 1.130985 seconds, bootstrap likelihood -3246.692074, best rearrangement setting 7
Bootstrap[87]: Time 1.158260 seconds, bootstrap likelihood -3641.521282, best rearrangement setting 7
Bootstrap[88]: Time 1.034291 seconds, bootstrap likelihood -3210.867489, best rearrangement setting 12
Bootstrap[89]: Time 1.109163 seconds, bootstrap likelihood -3402.344099, best rearrangement setting 10
Bootstrap[90]: Time 1.038145 seconds, bootstrap likelihood -3425.862821, best rearrangement setting 8
Bootstrap[91]: Time 1.119983 seconds, bootstrap likelihood -3313.999282, best rearrangement setting 12
Bootstrap[92]: Time 1.189639 seconds, bootstrap likelihood -3348.109449, best rearrangement setting 13
Bootstrap[93]: Time 1.300521 seconds, bootstrap likelihood -3388.357340, best rearrangement setting 15
Bootstrap[94]: Time 1.157136 seconds, bootstrap likelihood -3643.358239, best rearrangement setting 5
Bootstrap[95]: Time 1.147018 seconds, bootstrap likelihood -3214.704047, best rearrangement setting 5
Bootstrap[96]: Time 0.997889 seconds, bootstrap likelihood -3419.319968, best rearrangement setting 13
Bootstrap[97]: Time 1.261947 seconds, bootstrap likelihood -3185.581030, best rearrangement setting 11
Bootstrap[98]: Time 1.103086 seconds, bootstrap likelihood -3582.833076, best rearrangement setting 6
Bootstrap[99]: Time 1.115426 seconds, bootstrap likelihood -3593.373580, best rearrangement setting 14


Overall Time for 100 Rapid Bootstraps 96.310556 seconds
Average Time per Rapid Bootstrap 0.963106 seconds

Starting ML Search ...

Fast ML optimization finished

Fast ML search Time: 149.548806 seconds

Slow ML Search 0 Likelihood: -3434.191362
Slow ML Search 1 Likelihood: -3434.191362
Slow ML Search 2 Likelihood: -3434.191362
Slow ML Search 3 Likelihood: -3434.191362
Slow ML Search 4 Likelihood: -3434.191362
Slow ML Search 5 Likelihood: -3434.191362
Slow ML Search 6 Likelihood: -3434.191362
Slow ML Search 7 Likelihood: -3434.191362
Slow ML Search 8 Likelihood: -3434.191362
Slow ML Search 9 Likelihood: -3434.191362
Slow ML optimization finished

Slow ML search Time: 31.346518 seconds
Thorough ML search Time: 2.288210 seconds

Final ML Optimization Likelihood: -3434.191362

Model Information:

Model Parameters of Partition 0, Name: No Name Provided, Type of Data: AA
alpha: 0.757193
Tree-Length: 5.373070
rate A <-> R: 0.399182
rate A <-> N: 0.259945
rate A <-> D: 0.371058
rate A <-> C: 2.337364
rate A <-> Q: 0.910775
rate A <-> E: 0.975241
rate A <-> G: 1.940106
rate A <-> H: 0.336984
rate A <-> I: 0.140697
rate A <-> L: 0.371240
rate A <-> K: 0.503815
rate A <-> M: 1.055520
rate A <-> F: 0.238237
rate A <-> P: 1.105868
rate A <-> S: 4.439041
rate A <-> T: 2.009090
rate A <-> W: 0.169702
rate A <-> Y: 0.205613
rate A <-> V: 2.392567
rate R <-> N: 0.706048
rate R <-> D: 0.116398
rate R <-> C: 0.501968
rate R <-> Q: 2.636754
rate R <-> E: 0.341785
rate R <-> G: 0.366408
rate R <-> H: 2.278690
rate R <-> I: 0.119250
rate R <-> L: 0.283449
rate R <-> K: 5.940467
rate R <-> M: 0.454623
rate R <-> F: 0.049508
rate R <-> P: 0.312264
rate R <-> S: 0.805843
rate R <-> T: 0.543695
rate R <-> W: 0.557424
rate R <-> Y: 0.295274
rate R <-> V: 0.160471
rate N <-> D: 4.766737
rate N <-> C: 0.496537
rate N <-> Q: 1.592389
rate N <-> E: 0.508692
rate N <-> G: 1.350015
rate N <-> H: 4.234381
rate N <-> I: 0.179830
rate N <-> L: 0.064256
rate N <-> K: 2.014327
rate N <-> M: 0.348390
rate N <-> F: 0.084068
rate N <-> P: 0.151925
rate N <-> S: 3.764032
rate N <-> T: 1.878729
rate N <-> W: 0.042610
rate N <-> Y: 0.574720
rate N <-> V: 0.078587
rate D <-> C: 0.058743
rate D <-> Q: 0.491483
rate D <-> E: 4.924234
rate D <-> G: 0.793424
rate D <-> H: 0.870603
rate D <-> I: 0.010038
rate D <-> L: 0.014157
rate D <-> K: 0.265711
rate D <-> M: 0.023991
rate D <-> F: 0.016354
rate D <-> P: 0.370412
rate D <-> S: 1.164675
rate D <-> T: 0.399902
rate D <-> W: 0.028068
rate D <-> Y: 0.126872
rate D <-> V: 0.035653
rate C <-> Q: 0.079639
rate C <-> E: 0.003286
rate C <-> G: 0.534566
rate C <-> H: 0.601499
rate C <-> I: 0.301083
rate C <-> L: 0.557800
rate C <-> K: 0.012457
rate C <-> M: 0.839207
rate C <-> F: 1.037881
rate C <-> P: 0.070787
rate C <-> S: 2.614753
rate C <-> T: 1.073780
rate C <-> W: 0.629281
rate C <-> Y: 1.094488
rate C <-> V: 1.839864
rate Q <-> E: 3.876936
rate Q <-> G: 0.251626
rate Q <-> H: 4.520102
rate Q <-> I: 0.068413
rate Q <-> L: 0.546954
rate Q <-> K: 3.037150
rate Q <-> M: 1.570619
rate Q <-> F: 0.033669
rate Q <-> P: 0.586241
rate Q <-> S: 1.149231
rate Q <-> T: 1.014297
rate Q <-> W: 0.221802
rate Q <-> Y: 0.241650
rate Q <-> V: 0.197511
rate E <-> G: 0.327583
rate E <-> H: 0.398044
rate E <-> I: 0.041567
rate E <-> L: 0.065426
rate E <-> K: 1.697022
rate E <-> M: 0.163145
rate E <-> F: 0.017664
rate E <-> P: 0.393844
rate E <-> S: 0.574671
rate E <-> T: 0.567695
rate E <-> W: 0.073107
rate E <-> Y: 0.112720
rate E <-> V: 0.230098
rate G <-> H: 0.292498
rate G <-> I: 0.008174
rate G <-> L: 0.041563
rate G <-> K: 0.278555
rate G <-> M: 0.131033
rate G <-> F: 0.084125
rate G <-> P: 0.184955
rate G <-> S: 1.633930
rate G <-> T: 0.121922
rate G <-> W: 0.252125
rate G <-> Y: 0.051346
rate G <-> V: 0.072026
rate H <-> I: 0.102245
rate H <-> L: 0.343988
rate H <-> K: 0.654763
rate H <-> M: 0.415502
rate H <-> F: 0.640560
rate H <-> P: 0.477834
rate H <-> S: 0.929667
rate H <-> T: 0.548649
rate H <-> W: 0.560661
rate H <-> Y: 4.983361
rate H <-> V: 0.111759
rate I <-> L: 3.892408
rate I <-> K: 0.149373
rate I <-> M: 4.013113
rate I <-> F: 1.044902
rate I <-> P: 0.073509
rate I <-> S: 0.060198
rate I <-> T: 0.970728
rate I <-> W: 0.104854
rate I <-> Y: 0.218350
rate I <-> V: 10.000000
rate L <-> K: 0.129119
rate L <-> M: 5.927594
rate L <-> F: 2.434657
rate L <-> P: 0.233879
rate L <-> S: 0.171176
rate L <-> T: 0.284471
rate L <-> W: 0.581863
rate L <-> Y: 0.281383
rate L <-> V: 1.598956
rate K <-> M: 0.616581
rate K <-> F: 0.022460
rate K <-> P: 0.366530
rate K <-> S: 0.703048
rate K <-> T: 1.067567
rate K <-> W: 0.046864
rate K <-> Y: 0.123890
rate K <-> V: 0.173913
rate M <-> F: 1.689205
rate M <-> P: 0.093763
rate M <-> S: 0.325811
rate M <-> T: 1.897216
rate M <-> W: 0.653740
rate M <-> Y: 0.451968
rate M <-> V: 1.782983
rate F <-> P: 0.088706
rate F <-> S: 0.339765
rate F <-> T: 0.154944
rate F <-> W: 2.307349
rate F <-> Y: 7.328222
rate F <-> V: 0.614777
rate P <-> S: 1.256567
rate P <-> T: 0.536635
rate P <-> W: 0.089332
rate P <-> Y: 0.084151
rate P <-> V: 0.278428
rate S <-> T: 6.077767
rate S <-> W: 0.233693
rate S <-> Y: 0.376132
rate S <-> V: 0.092373
rate T <-> W: 0.132241
rate T <-> Y: 0.230856
rate T <-> V: 2.054781
rate W <-> Y: 2.959699
rate W <-> V: 0.177959
rate Y <-> V: 0.234116

freq pi(A): 0.079066
freq pi(R): 0.055941
freq pi(N): 0.041977
freq pi(D): 0.053052
freq pi(C): 0.012937
freq pi(Q): 0.040767
freq pi(E): 0.071586
freq pi(G): 0.057337
freq pi(H): 0.022355
freq pi(I): 0.062157
freq pi(L): 0.099081
freq pi(K): 0.064600
freq pi(M): 0.022951
freq pi(F): 0.042302
freq pi(P): 0.044040
freq pi(S): 0.061197
freq pi(T): 0.053287
freq pi(W): 0.012066
freq pi(Y): 0.034155
freq pi(V): 0.069146


ML search took 183.221935 secs or 0.050895 hours

Combined Bootstrap and ML search took 279.532715 secs or 0.077648 hours

Drawing Bootstrap Support Values on best-scoring ML tree ...



Found 1 tree in File /in/RAxML_bestTree.EOG091G0LS0.clustalo.aln.ALICUT.LG



Found 1 tree in File /in/RAxML_bestTree.EOG091G0LS0.clustalo.aln.ALICUT.LG

Program execution info written to /in/RAxML_info.EOG091G0LS0.clustalo.aln.ALICUT.LG
All 100 bootstrapped trees written to: /in/RAxML_bootstrap.EOG091G0LS0.clustalo.aln.ALICUT.LG

Best-scoring ML tree written to: /in/RAxML_bestTree.EOG091G0LS0.clustalo.aln.ALICUT.LG

Best-scoring ML tree with support values written to: /in/RAxML_bipartitions.EOG091G0LS0.clustalo.aln.ALICUT.LG

Best-scoring ML tree with support values as branch labels written to: /in/RAxML_bipartitionsBranchLabels.EOG091G0LS0.clustalo.aln.ALICUT.LG

Overall execution time for full ML analysis: 279.535970 secs or 0.077649 hours or 0.003235 days

