--2018-12-12 22:26:42--  http://www.orthodb.org/fasta?query=EOG091G08FX&level=33208
Resolving www.orthodb.org (www.orthodb.org)... 142.93.108.123, 2a03:b0c0:3:d0::d24:5001
Connecting to www.orthodb.org (www.orthodb.org)|142.93.108.123|:80... connected.
HTTP request sent, awaiting response... 301 Moved Permanently
Location: https://www.orthodb.org/fasta?query=EOG091G08FX&level=33208 [following]
--2018-12-12 22:26:42--  https://www.orthodb.org/fasta?query=EOG091G08FX&level=33208
Connecting to www.orthodb.org (www.orthodb.org)|142.93.108.123|:443... connected.
HTTP request sent, awaiting response... 200 OK
Length: 443150 (433K) [text/plain]
Saving to: ‘EOG091G08FX/EOG091G08FX.orthodb.fasta’

     0K .......... .......... .......... .......... .......... 11% 1,33M 0s
    50K .......... .......... .......... .......... .......... 23% 2,32M 0s
   100K .......... .......... .......... .......... .......... 34% 1,24M 0s
   150K .......... .......... .......... .......... .......... 46% 27,9M 0s
   200K .......... .......... .......... .......... .......... 57% 2,52M 0s
   250K .......... .......... .......... .......... .......... 69% 2,44M 0s
   300K .......... .......... .......... .......... .......... 80% 2,47M 0s
   350K .......... .......... .......... .......... .......... 92% 2,48M 0s
   400K .......... .......... .......... ..                   100% 31,9M=0,2s

2018-12-12 22:26:43 (2,37 MB/s) - ‘EOG091G08FX/EOG091G08FX.orthodb.fasta’ saved [443150/443150]

