
	reading taxa from FASTA ...


	R.norvegicus         -> sites: 407   
	M.lignano            -> sites: 407   
	G.salaris            -> sites: 407   
	C.sinensis           -> sites: 407   
	S.mansoni            -> sites: 407   
	D.melanogaster       -> sites: 407   
	D.rerio              -> sites: 407   
	T.solium             -> sites: 407   
	H.robusta            -> sites: 407   
	N.vectensis          -> sites: 407   
	O.viverrini          -> sites: 407   
	C.intestinalis       -> sites: 407   
	H.microstoma         -> sites: 407   
	E.granulosus         -> sites: 407   


	data type             : amino acid sequences

	input ...

	infile		: EOG091G0OWI.clustalo.aln.fasta
	random pairs	: 200000000000000000
	window size	: 6
	indels		: ambiguous
	tree file	: -
	node level	: -
	strict profile	: -
	outgroup	: -
	matrix          : BLOSUM62

	number of taxa        : 14
	random number of pairs: 200000000000000000

	generates threshhold value for amino acid data
	using BLOSUM62

	checks for (potential) identical taxa


	scores site patterns ...


	max number of different pairs is 91
	max random pairs are scored!

	pair: 1      ->	taxon1: R.norvegic	taxon2: M.lignano 
	            	positions below base line: 231
	pair: 2      ->	taxon1: R.norvegic	taxon2: G.salaris 
	            	positions below base line: 235
	pair: 3      ->	taxon1: R.norvegic	taxon2: C.sinensis
	            	positions below base line: 239
	pair: 4      ->	taxon1: R.norvegic	taxon2: S.mansoni 
	            	positions below base line: 236
	pair: 5      ->	taxon1: R.norvegic	taxon2: D.melanoga
	            	positions below base line: 189
	pair: 6      ->	taxon1: R.norvegic	taxon2: D.rerio   
	            	positions below base line: 111
	pair: 7      ->	taxon1: R.norvegic	taxon2: T.solium  
	            	positions below base line: 221
	pair: 8      ->	taxon1: R.norvegic	taxon2: H.robusta 
	            	positions below base line: 227
	pair: 9      ->	taxon1: R.norvegic	taxon2: N.vectensi
	            	positions below base line: 157
	pair: 10     ->	taxon1: R.norvegic	taxon2: O.viverrin
	            	positions below base line: 249
	pair: 11     ->	taxon1: R.norvegic	taxon2: C.intestin
	            	positions below base line: 162
	pair: 12     ->	taxon1: R.norvegic	taxon2: H.microsto
	            	positions below base line: 223
	pair: 13     ->	taxon1: R.norvegic	taxon2: E.granulos
	            	positions below base line: 219
	pair: 14     ->	taxon1: M.lignano 	taxon2: G.salaris 
	            	positions below base line: 269
	pair: 15     ->	taxon1: M.lignano 	taxon2: C.sinensis
	            	positions below base line: 288
	pair: 16     ->	taxon1: M.lignano 	taxon2: S.mansoni 
	            	positions below base line: 278
	pair: 17     ->	taxon1: M.lignano 	taxon2: D.melanoga
	            	positions below base line: 231
	pair: 18     ->	taxon1: M.lignano 	taxon2: D.rerio   
	            	positions below base line: 233
	pair: 19     ->	taxon1: M.lignano 	taxon2: T.solium  
	            	positions below base line: 248
	pair: 20     ->	taxon1: M.lignano 	taxon2: H.robusta 
	            	positions below base line: 269
	pair: 21     ->	taxon1: M.lignano 	taxon2: N.vectensi
	            	positions below base line: 218
	pair: 22     ->	taxon1: M.lignano 	taxon2: O.viverrin
	            	positions below base line: 302
	pair: 23     ->	taxon1: M.lignano 	taxon2: C.intestin
	            	positions below base line: 230
	pair: 24     ->	taxon1: M.lignano 	taxon2: H.microsto
	            	positions below base line: 238
	pair: 25     ->	taxon1: M.lignano 	taxon2: E.granulos
	            	positions below base line: 256
	pair: 26     ->	taxon1: G.salaris 	taxon2: C.sinensis
	            	positions below base line: 246
	pair: 27     ->	taxon1: G.salaris 	taxon2: S.mansoni 
	            	positions below base line: 256
	pair: 28     ->	taxon1: G.salaris 	taxon2: D.melanoga
	            	positions below base line: 241
	pair: 29     ->	taxon1: G.salaris 	taxon2: D.rerio   
	            	positions below base line: 231
	pair: 30     ->	taxon1: G.salaris 	taxon2: T.solium  
	            	positions below base line: 206
	pair: 31     ->	taxon1: G.salaris 	taxon2: H.robusta 
	            	positions below base line: 258
	pair: 32     ->	taxon1: G.salaris 	taxon2: N.vectensi
	            	positions below base line: 235
	pair: 33     ->	taxon1: G.salaris 	taxon2: O.viverrin
	            	positions below base line: 261
	pair: 34     ->	taxon1: G.salaris 	taxon2: C.intestin
	            	positions below base line: 232
	pair: 35     ->	taxon1: G.salaris 	taxon2: H.microsto
	            	positions below base line: 205
	pair: 36     ->	taxon1: G.salaris 	taxon2: E.granulos
	            	positions below base line: 212
	pair: 37     ->	taxon1: C.sinensis	taxon2: S.mansoni 
	            	positions below base line: 264
	pair: 38     ->	taxon1: C.sinensis	taxon2: D.melanoga
	            	positions below base line: 245
	pair: 39     ->	taxon1: C.sinensis	taxon2: D.rerio   
	            	positions below base line: 221
	pair: 40     ->	taxon1: C.sinensis	taxon2: T.solium  
	            	positions below base line: 226
	pair: 41     ->	taxon1: C.sinensis	taxon2: H.robusta 
	            	positions below base line: 273
	pair: 42     ->	taxon1: C.sinensis	taxon2: N.vectensi
	            	positions below base line: 248
	pair: 43     ->	taxon1: C.sinensis	taxon2: O.viverrin
	            	positions below base line: 117
	pair: 44     ->	taxon1: C.sinensis	taxon2: C.intestin
	            	positions below base line: 251
	pair: 45     ->	taxon1: C.sinensis	taxon2: H.microsto
	            	positions below base line: 214
	pair: 46     ->	taxon1: C.sinensis	taxon2: E.granulos
	            	positions below base line: 215
	pair: 47     ->	taxon1: S.mansoni 	taxon2: D.melanoga
	            	positions below base line: 254
	pair: 48     ->	taxon1: S.mansoni 	taxon2: D.rerio   
	            	positions below base line: 256
	pair: 49     ->	taxon1: S.mansoni 	taxon2: T.solium  
	            	positions below base line: 233
	pair: 50     ->	taxon1: S.mansoni 	taxon2: H.robusta 
	            	positions below base line: 262
	pair: 51     ->	taxon1: S.mansoni 	taxon2: N.vectensi
	            	positions below base line: 249
	pair: 52     ->	taxon1: S.mansoni 	taxon2: O.viverrin
	            	positions below base line: 266
	pair: 53     ->	taxon1: S.mansoni 	taxon2: C.intestin
	            	positions below base line: 262
	pair: 54     ->	taxon1: S.mansoni 	taxon2: H.microsto
	            	positions below base line: 235
	pair: 55     ->	taxon1: S.mansoni 	taxon2: E.granulos
	            	positions below base line: 241
	pair: 56     ->	taxon1: D.melanoga	taxon2: D.rerio   
	            	positions below base line: 191
	pair: 57     ->	taxon1: D.melanoga	taxon2: T.solium  
	            	positions below base line: 229
	pair: 58     ->	taxon1: D.melanoga	taxon2: H.robusta 
	            	positions below base line: 236
	pair: 59     ->	taxon1: D.melanoga	taxon2: N.vectensi
	            	positions below base line: 173
	pair: 60     ->	taxon1: D.melanoga	taxon2: O.viverrin
	            	positions below base line: 251
	pair: 61     ->	taxon1: D.melanoga	taxon2: C.intestin
	            	positions below base line: 194
	pair: 62     ->	taxon1: D.melanoga	taxon2: H.microsto
	            	positions below base line: 220
	pair: 63     ->	taxon1: D.melanoga	taxon2: E.granulos
	            	positions below base line: 232
	pair: 64     ->	taxon1: D.rerio   	taxon2: T.solium  
	            	positions below base line: 211
	pair: 65     ->	taxon1: D.rerio   	taxon2: H.robusta 
	            	positions below base line: 229
	pair: 66     ->	taxon1: D.rerio   	taxon2: N.vectensi
	            	positions below base line: 158
	pair: 67     ->	taxon1: D.rerio   	taxon2: O.viverrin
	            	positions below base line: 221
	pair: 68     ->	taxon1: D.rerio   	taxon2: C.intestin
	            	positions below base line: 154
	pair: 69     ->	taxon1: D.rerio   	taxon2: H.microsto
	            	positions below base line: 213
	pair: 70     ->	taxon1: D.rerio   	taxon2: E.granulos
	            	positions below base line: 199
	pair: 71     ->	taxon1: T.solium  	taxon2: H.robusta 
	            	positions below base line: 259
	pair: 72     ->	taxon1: T.solium  	taxon2: N.vectensi
	            	positions below base line: 201
	pair: 73     ->	taxon1: T.solium  	taxon2: O.viverrin
	            	positions below base line: 235
	pair: 74     ->	taxon1: T.solium  	taxon2: C.intestin
	            	positions below base line: 226
	pair: 75     ->	taxon1: T.solium  	taxon2: H.microsto
	            	positions below base line: 119
	pair: 76     ->	taxon1: T.solium  	taxon2: E.granulos
	            	positions below base line: 94
	pair: 77     ->	taxon1: H.robusta 	taxon2: N.vectensi
	            	positions below base line: 222
	pair: 78     ->	taxon1: H.robusta 	taxon2: O.viverrin
	            	positions below base line: 284
	pair: 79     ->	taxon1: H.robusta 	taxon2: C.intestin
	            	positions below base line: 231
	pair: 80     ->	taxon1: H.robusta 	taxon2: H.microsto
	            	positions below base line: 258
	pair: 81     ->	taxon1: H.robusta 	taxon2: E.granulos
	            	positions below base line: 261
	pair: 82     ->	taxon1: N.vectensi	taxon2: O.viverrin
	            	positions below base line: 258
	pair: 83     ->	taxon1: N.vectensi	taxon2: C.intestin
	            	positions below base line: 173
	pair: 84     ->	taxon1: N.vectensi	taxon2: H.microsto
	            	positions below base line: 191
	pair: 85     ->	taxon1: N.vectensi	taxon2: E.granulos
	            	positions below base line: 213
	pair: 86     ->	taxon1: O.viverrin	taxon2: C.intestin
	            	positions below base line: 254
	pair: 87     ->	taxon1: O.viverrin	taxon2: H.microsto
	            	positions below base line: 224
	pair: 88     ->	taxon1: O.viverrin	taxon2: E.granulos
	            	positions below base line: 227
	pair: 89     ->	taxon1: C.intestin	taxon2: H.microsto
	            	positions below base line: 215
	pair: 90     ->	taxon1: C.intestin	taxon2: E.granulos
	            	positions below base line: 224
	pair: 91     ->	taxon1: H.microsto	taxon2: E.granulos
	            	positions below base line: 116

	generates quality profile from collected scores ...


	scoring done ...


	generates vector plot from collected scores ...


Argument "-" treated as 0 in increment (++) at /usr/bin/Aliscore.pl line 1213.
	Profile written to EOG091G0OWI.clustalo.aln.fasta_Profile_random.txt
	List   written to EOG091G0OWI.clustalo.aln.fasta_List_random.txt

	time used: 4.05 sec

