
	reading taxa from FASTA ...


	C.intestinalis       -> sites: 801   
	S.mediterranea       -> sites: 801   
	O.viverrini          -> sites: 801   
	S.mansoni            -> sites: 801   
	H.robusta            -> sites: 801   
	H.microstoma         -> sites: 801   
	M.lignano            -> sites: 801   
	R.norvegicus         -> sites: 801   
	D.melanogaster       -> sites: 801   
	G.salaris            -> sites: 801   
	D.rerio              -> sites: 801   
	T.solium             -> sites: 801   
	C.sinensis           -> sites: 801   


	data type             : amino acid sequences

	input ...

	infile		: EOG091G05K5.clustalo.aln.fasta
	random pairs	: 200000000000000000
	window size	: 6
	indels		: ambiguous
	tree file	: -
	node level	: -
	strict profile	: -
	outgroup	: -
	matrix          : BLOSUM62

	number of taxa        : 13
	random number of pairs: 200000000000000000

	generates threshhold value for amino acid data
	using BLOSUM62

	checks for (potential) identical taxa


	scores site patterns ...


	max number of different pairs is 78
	max random pairs are scored!

	pair: 1      ->	taxon1: C.intestin	taxon2: S.mediterr
	            	positions below base line: 290
	pair: 2      ->	taxon1: C.intestin	taxon2: O.viverrin
	            	positions below base line: 468
	pair: 3      ->	taxon1: C.intestin	taxon2: S.mansoni 
	            	positions below base line: 481
	pair: 4      ->	taxon1: C.intestin	taxon2: H.robusta 
	            	positions below base line: 271
	pair: 5      ->	taxon1: C.intestin	taxon2: H.microsto
	            	positions below base line: 460
	pair: 6      ->	taxon1: C.intestin	taxon2: M.lignano 
	            	positions below base line: 379
	pair: 7      ->	taxon1: C.intestin	taxon2: R.norvegic
	            	positions below base line: 259
	pair: 8      ->	taxon1: C.intestin	taxon2: D.melanoga
	            	positions below base line: 396
	pair: 9      ->	taxon1: C.intestin	taxon2: G.salaris 
	            	positions below base line: 450
	pair: 10     ->	taxon1: C.intestin	taxon2: D.rerio   
	            	positions below base line: 280
	pair: 11     ->	taxon1: C.intestin	taxon2: T.solium  
	            	positions below base line: 427
	pair: 12     ->	taxon1: C.intestin	taxon2: C.sinensis
	            	positions below base line: 501
	pair: 13     ->	taxon1: S.mediterr	taxon2: O.viverrin
	            	positions below base line: 454
	pair: 14     ->	taxon1: S.mediterr	taxon2: S.mansoni 
	            	positions below base line: 468
	pair: 15     ->	taxon1: S.mediterr	taxon2: H.robusta 
	            	positions below base line: 257
	pair: 16     ->	taxon1: S.mediterr	taxon2: H.microsto
	            	positions below base line: 449
	pair: 17     ->	taxon1: S.mediterr	taxon2: M.lignano 
	            	positions below base line: 342
	pair: 18     ->	taxon1: S.mediterr	taxon2: R.norvegic
	            	positions below base line: 240
	pair: 19     ->	taxon1: S.mediterr	taxon2: D.melanoga
	            	positions below base line: 414
	pair: 20     ->	taxon1: S.mediterr	taxon2: G.salaris 
	            	positions below base line: 394
	pair: 21     ->	taxon1: S.mediterr	taxon2: D.rerio   
	            	positions below base line: 268
	pair: 22     ->	taxon1: S.mediterr	taxon2: T.solium  
	            	positions below base line: 411
	pair: 23     ->	taxon1: S.mediterr	taxon2: C.sinensis
	            	positions below base line: 494
	pair: 24     ->	taxon1: O.viverrin	taxon2: S.mansoni 
	            	positions below base line: 447
	pair: 25     ->	taxon1: O.viverrin	taxon2: H.robusta 
	            	positions below base line: 438
	pair: 26     ->	taxon1: O.viverrin	taxon2: H.microsto
	            	positions below base line: 530
	pair: 27     ->	taxon1: O.viverrin	taxon2: M.lignano 
	            	positions below base line: 485
	pair: 28     ->	taxon1: O.viverrin	taxon2: R.norvegic
	            	positions below base line: 450
	pair: 29     ->	taxon1: O.viverrin	taxon2: D.melanoga
	            	positions below base line: 503
	pair: 30     ->	taxon1: O.viverrin	taxon2: G.salaris 
	            	positions below base line: 497
	pair: 31     ->	taxon1: O.viverrin	taxon2: D.rerio   
	            	positions below base line: 472
	pair: 32     ->	taxon1: O.viverrin	taxon2: T.solium  
	            	positions below base line: 466
	pair: 33     ->	taxon1: O.viverrin	taxon2: C.sinensis
	            	positions below base line: 427
	pair: 34     ->	taxon1: S.mansoni 	taxon2: H.robusta 
	            	positions below base line: 472
	pair: 35     ->	taxon1: S.mansoni 	taxon2: H.microsto
	            	positions below base line: 535
	pair: 36     ->	taxon1: S.mansoni 	taxon2: M.lignano 
	            	positions below base line: 478
	pair: 37     ->	taxon1: S.mansoni 	taxon2: R.norvegic
	            	positions below base line: 470
	pair: 38     ->	taxon1: S.mansoni 	taxon2: D.melanoga
	            	positions below base line: 542
	pair: 39     ->	taxon1: S.mansoni 	taxon2: G.salaris 
	            	positions below base line: 507
	pair: 40     ->	taxon1: S.mansoni 	taxon2: D.rerio   
	            	positions below base line: 467
	pair: 41     ->	taxon1: S.mansoni 	taxon2: T.solium  
	            	positions below base line: 474
	pair: 42     ->	taxon1: S.mansoni 	taxon2: C.sinensis
	            	positions below base line: 465
	pair: 43     ->	taxon1: H.robusta 	taxon2: H.microsto
	            	positions below base line: 456
	pair: 44     ->	taxon1: H.robusta 	taxon2: M.lignano 
	            	positions below base line: 341
	pair: 45     ->	taxon1: H.robusta 	taxon2: R.norvegic
	            	positions below base line: 227
	pair: 46     ->	taxon1: H.robusta 	taxon2: D.melanoga
	            	positions below base line: 409
	pair: 47     ->	taxon1: H.robusta 	taxon2: G.salaris 
	            	positions below base line: 395
	pair: 48     ->	taxon1: H.robusta 	taxon2: D.rerio   
	            	positions below base line: 210
	pair: 49     ->	taxon1: H.robusta 	taxon2: T.solium  
	            	positions below base line: 408
	pair: 50     ->	taxon1: H.robusta 	taxon2: C.sinensis
	            	positions below base line: 466
	pair: 51     ->	taxon1: H.microsto	taxon2: M.lignano 
	            	positions below base line: 501
	pair: 52     ->	taxon1: H.microsto	taxon2: R.norvegic
	            	positions below base line: 451
	pair: 53     ->	taxon1: H.microsto	taxon2: D.melanoga
	            	positions below base line: 596
	pair: 54     ->	taxon1: H.microsto	taxon2: G.salaris 
	            	positions below base line: 442
	pair: 55     ->	taxon1: H.microsto	taxon2: D.rerio   
	            	positions below base line: 449
	pair: 56     ->	taxon1: H.microsto	taxon2: T.solium  
	            	positions below base line: 425
	pair: 57     ->	taxon1: H.microsto	taxon2: C.sinensis
	            	positions below base line: 545
	pair: 58     ->	taxon1: M.lignano 	taxon2: R.norvegic
	            	positions below base line: 334
	pair: 59     ->	taxon1: M.lignano 	taxon2: D.melanoga
	            	positions below base line: 478
	pair: 60     ->	taxon1: M.lignano 	taxon2: G.salaris 
	            	positions below base line: 458
	pair: 61     ->	taxon1: M.lignano 	taxon2: D.rerio   
	            	positions below base line: 345
	pair: 62     ->	taxon1: M.lignano 	taxon2: T.solium  
	            	positions below base line: 437
	pair: 63     ->	taxon1: M.lignano 	taxon2: C.sinensis
	            	positions below base line: 473
	pair: 64     ->	taxon1: R.norvegic	taxon2: D.melanoga
	            	positions below base line: 407
	pair: 65     ->	taxon1: R.norvegic	taxon2: G.salaris 
	            	positions below base line: 425
	pair: 66     ->	taxon1: R.norvegic	taxon2: D.rerio   
	            	positions below base line: 168
	pair: 67     ->	taxon1: R.norvegic	taxon2: T.solium  
	            	positions below base line: 413
	pair: 68     ->	taxon1: R.norvegic	taxon2: C.sinensis
	            	positions below base line: 478
	pair: 69     ->	taxon1: D.melanoga	taxon2: G.salaris 
	            	positions below base line: 493
	pair: 70     ->	taxon1: D.melanoga	taxon2: D.rerio   
	            	positions below base line: 400
	pair: 71     ->	taxon1: D.melanoga	taxon2: T.solium  
	            	positions below base line: 551
	pair: 72     ->	taxon1: D.melanoga	taxon2: C.sinensis
	            	positions below base line: 531
	pair: 73     ->	taxon1: G.salaris 	taxon2: D.rerio   
	            	positions below base line: 394
	pair: 74     ->	taxon1: G.salaris 	taxon2: T.solium  
	            	positions below base line: 414
	pair: 75     ->	taxon1: G.salaris 	taxon2: C.sinensis
	            	positions below base line: 520
	pair: 76     ->	taxon1: D.rerio   	taxon2: T.solium  
	            	positions below base line: 406
	pair: 77     ->	taxon1: D.rerio   	taxon2: C.sinensis
	            	positions below base line: 480
	pair: 78     ->	taxon1: T.solium  	taxon2: C.sinensis
	            	positions below base line: 483

	generates quality profile from collected scores ...


	scoring done ...


	generates vector plot from collected scores ...


Argument "-" treated as 0 in increment (++) at /usr/bin/Aliscore.pl line 1213.
	Profile written to EOG091G05K5.clustalo.aln.fasta_Profile_random.txt
	List   written to EOG091G05K5.clustalo.aln.fasta_List_random.txt

	time used: 4.27 sec

