
RAxML can't, parse the alignment file as phylip file 
it will now try to parse it as FASTA file


This is the RAxML Master Pthread

This is RAxML Worker Pthread Number: 1


This is RAxML version 8.2.12 released by Alexandros Stamatakis on May 2018.

With greatly appreciated code contributions by:
Andre Aberer      (HITS)
Simon Berger      (HITS)
Alexey Kozlov     (HITS)
Kassian Kobert    (HITS)
David Dao         (KIT and HITS)
Sarah Lutteropp   (KIT and HITS)
Nick Pattengale   (Sandia)
Wayne Pfeiffer    (SDSC)
Akifumi S. Tanabe (NRIFS)
Charlie Taylor    (UF)


Alignment has 301 distinct alignment patterns

Proportion of gaps and completely undetermined characters in this alignment: 5.95%

RAxML rapid bootstrapping and subsequent ML search

Using 1 distinct models/data partitions with joint branch length optimization



Executing 100 rapid bootstrap inferences and thereafter a thorough ML search 

All free model parameters will be estimated by RAxML
GAMMA model of rate heterogeneity, ML estimate of alpha-parameter

GAMMA Model parameters will be estimated up to an accuracy of 0.1000000000 Log Likelihood units

Partition: 0
Alignment Patterns: 301
Name: No Name Provided
DataType: AA
Substitution Matrix: LG
Using empirical base frequencies




RAxML was called as follows:

raxml -f a -T 2 -m PROTGAMMALGF -p 12345 -x 12345 -# 100 -s ALICUT_EOG091G05K5.clustalo.aln.fasta -n EOG091G05K5.clustalo.aln.ALICUT.LGF 



Time for BS model parameter optimization 0.046469
Bootstrap[0]: Time 1.072136 seconds, bootstrap likelihood -6159.068386, best rearrangement setting 13
Bootstrap[1]: Time 0.903106 seconds, bootstrap likelihood -6347.502439, best rearrangement setting 13
Bootstrap[2]: Time 0.785913 seconds, bootstrap likelihood -6220.828363, best rearrangement setting 12
Bootstrap[3]: Time 0.854382 seconds, bootstrap likelihood -6183.973378, best rearrangement setting 15
Bootstrap[4]: Time 0.848460 seconds, bootstrap likelihood -5806.732437, best rearrangement setting 10
Bootstrap[5]: Time 0.843118 seconds, bootstrap likelihood -6366.060976, best rearrangement setting 10
Bootstrap[6]: Time 1.166487 seconds, bootstrap likelihood -6584.761539, best rearrangement setting 6
Bootstrap[7]: Time 0.762858 seconds, bootstrap likelihood -5976.859265, best rearrangement setting 14
Bootstrap[8]: Time 0.847379 seconds, bootstrap likelihood -6088.622160, best rearrangement setting 5
Bootstrap[9]: Time 0.857679 seconds, bootstrap likelihood -6100.672880, best rearrangement setting 7
Bootstrap[10]: Time 0.821828 seconds, bootstrap likelihood -6305.953126, best rearrangement setting 7
Bootstrap[11]: Time 0.795776 seconds, bootstrap likelihood -6070.862713, best rearrangement setting 5
Bootstrap[12]: Time 0.905147 seconds, bootstrap likelihood -6047.421290, best rearrangement setting 8
Bootstrap[13]: Time 0.850594 seconds, bootstrap likelihood -6086.729569, best rearrangement setting 7
Bootstrap[14]: Time 0.934288 seconds, bootstrap likelihood -6365.195855, best rearrangement setting 12
Bootstrap[15]: Time 0.773822 seconds, bootstrap likelihood -6019.045658, best rearrangement setting 15
Bootstrap[16]: Time 0.763043 seconds, bootstrap likelihood -6007.311393, best rearrangement setting 12
Bootstrap[17]: Time 0.838659 seconds, bootstrap likelihood -6262.593272, best rearrangement setting 12
Bootstrap[18]: Time 0.798396 seconds, bootstrap likelihood -6419.026852, best rearrangement setting 5
Bootstrap[19]: Time 0.852839 seconds, bootstrap likelihood -6278.542173, best rearrangement setting 8
Bootstrap[20]: Time 0.894245 seconds, bootstrap likelihood -5963.982477, best rearrangement setting 10
Bootstrap[21]: Time 0.785169 seconds, bootstrap likelihood -5964.566221, best rearrangement setting 6
Bootstrap[22]: Time 0.817086 seconds, bootstrap likelihood -6174.767634, best rearrangement setting 5
Bootstrap[23]: Time 0.970041 seconds, bootstrap likelihood -5928.419129, best rearrangement setting 7
Bootstrap[24]: Time 0.893208 seconds, bootstrap likelihood -5883.786485, best rearrangement setting 8
Bootstrap[25]: Time 0.681840 seconds, bootstrap likelihood -5828.938232, best rearrangement setting 6
Bootstrap[26]: Time 0.907646 seconds, bootstrap likelihood -6068.811776, best rearrangement setting 12
Bootstrap[27]: Time 0.824914 seconds, bootstrap likelihood -6523.009279, best rearrangement setting 10
Bootstrap[28]: Time 0.830128 seconds, bootstrap likelihood -6089.644142, best rearrangement setting 11
Bootstrap[29]: Time 0.788763 seconds, bootstrap likelihood -6050.312668, best rearrangement setting 12
Bootstrap[30]: Time 0.930231 seconds, bootstrap likelihood -6154.143436, best rearrangement setting 15
Bootstrap[31]: Time 0.823808 seconds, bootstrap likelihood -6181.470412, best rearrangement setting 15
Bootstrap[32]: Time 0.889924 seconds, bootstrap likelihood -6304.840645, best rearrangement setting 6
Bootstrap[33]: Time 0.791872 seconds, bootstrap likelihood -6303.008322, best rearrangement setting 15
Bootstrap[34]: Time 0.701928 seconds, bootstrap likelihood -6009.630152, best rearrangement setting 11
Bootstrap[35]: Time 0.823412 seconds, bootstrap likelihood -6236.792503, best rearrangement setting 8
Bootstrap[36]: Time 0.821808 seconds, bootstrap likelihood -6073.089037, best rearrangement setting 9
Bootstrap[37]: Time 0.787467 seconds, bootstrap likelihood -6237.672227, best rearrangement setting 11
Bootstrap[38]: Time 0.778875 seconds, bootstrap likelihood -6119.076760, best rearrangement setting 8
Bootstrap[39]: Time 0.835899 seconds, bootstrap likelihood -5947.796263, best rearrangement setting 13
Bootstrap[40]: Time 0.840140 seconds, bootstrap likelihood -5976.019344, best rearrangement setting 13
Bootstrap[41]: Time 0.746929 seconds, bootstrap likelihood -5968.241980, best rearrangement setting 10
Bootstrap[42]: Time 0.810912 seconds, bootstrap likelihood -6062.135437, best rearrangement setting 5
Bootstrap[43]: Time 0.805201 seconds, bootstrap likelihood -6167.075065, best rearrangement setting 14
Bootstrap[44]: Time 0.868364 seconds, bootstrap likelihood -6168.623631, best rearrangement setting 10
Bootstrap[45]: Time 0.831293 seconds, bootstrap likelihood -6229.583468, best rearrangement setting 15
Bootstrap[46]: Time 0.861848 seconds, bootstrap likelihood -5962.749304, best rearrangement setting 14
Bootstrap[47]: Time 0.841487 seconds, bootstrap likelihood -5987.592408, best rearrangement setting 8
Bootstrap[48]: Time 0.358323 seconds, bootstrap likelihood -5979.283455, best rearrangement setting 6
Bootstrap[49]: Time 0.817495 seconds, bootstrap likelihood -6001.987740, best rearrangement setting 7
Bootstrap[50]: Time 0.904092 seconds, bootstrap likelihood -6321.098475, best rearrangement setting 7
Bootstrap[51]: Time 0.873202 seconds, bootstrap likelihood -5907.789319, best rearrangement setting 11
Bootstrap[52]: Time 1.146770 seconds, bootstrap likelihood -6021.715015, best rearrangement setting 12
Bootstrap[53]: Time 1.242915 seconds, bootstrap likelihood -6124.591290, best rearrangement setting 8
Bootstrap[54]: Time 0.847562 seconds, bootstrap likelihood -6143.678560, best rearrangement setting 9
Bootstrap[55]: Time 0.866904 seconds, bootstrap likelihood -6197.477701, best rearrangement setting 11
Bootstrap[56]: Time 0.730388 seconds, bootstrap likelihood -5953.052521, best rearrangement setting 5
Bootstrap[57]: Time 0.880567 seconds, bootstrap likelihood -6011.808107, best rearrangement setting 7
Bootstrap[58]: Time 0.731972 seconds, bootstrap likelihood -5851.928868, best rearrangement setting 10
Bootstrap[59]: Time 0.740885 seconds, bootstrap likelihood -5959.350008, best rearrangement setting 9
Bootstrap[60]: Time 0.793280 seconds, bootstrap likelihood -6198.240635, best rearrangement setting 7
Bootstrap[61]: Time 0.732709 seconds, bootstrap likelihood -6211.379932, best rearrangement setting 5
Bootstrap[62]: Time 0.737834 seconds, bootstrap likelihood -5823.930584, best rearrangement setting 11
Bootstrap[63]: Time 0.733299 seconds, bootstrap likelihood -6064.436715, best rearrangement setting 12
Bootstrap[64]: Time 0.708960 seconds, bootstrap likelihood -6026.224584, best rearrangement setting 7
Bootstrap[65]: Time 0.753720 seconds, bootstrap likelihood -6232.245441, best rearrangement setting 5
Bootstrap[66]: Time 0.367708 seconds, bootstrap likelihood -6044.252844, best rearrangement setting 5
Bootstrap[67]: Time 0.716011 seconds, bootstrap likelihood -6159.684212, best rearrangement setting 15
Bootstrap[68]: Time 0.899369 seconds, bootstrap likelihood -5984.067190, best rearrangement setting 11
Bootstrap[69]: Time 0.866506 seconds, bootstrap likelihood -6085.918382, best rearrangement setting 5
Bootstrap[70]: Time 0.830393 seconds, bootstrap likelihood -5938.790661, best rearrangement setting 8
Bootstrap[71]: Time 0.774755 seconds, bootstrap likelihood -6202.409139, best rearrangement setting 10
Bootstrap[72]: Time 0.755516 seconds, bootstrap likelihood -6084.990720, best rearrangement setting 11
Bootstrap[73]: Time 0.859294 seconds, bootstrap likelihood -6187.332142, best rearrangement setting 9
Bootstrap[74]: Time 0.769959 seconds, bootstrap likelihood -6534.784168, best rearrangement setting 5
Bootstrap[75]: Time 0.768301 seconds, bootstrap likelihood -6309.244909, best rearrangement setting 8
Bootstrap[76]: Time 0.854079 seconds, bootstrap likelihood -5918.904870, best rearrangement setting 9
Bootstrap[77]: Time 0.844050 seconds, bootstrap likelihood -6228.987802, best rearrangement setting 11
Bootstrap[78]: Time 0.845850 seconds, bootstrap likelihood -6120.288520, best rearrangement setting 15
Bootstrap[79]: Time 0.932648 seconds, bootstrap likelihood -6253.482179, best rearrangement setting 9
Bootstrap[80]: Time 0.859155 seconds, bootstrap likelihood -6226.957154, best rearrangement setting 15
Bootstrap[81]: Time 0.905148 seconds, bootstrap likelihood -6018.548669, best rearrangement setting 7
Bootstrap[82]: Time 1.005271 seconds, bootstrap likelihood -5864.564211, best rearrangement setting 6
Bootstrap[83]: Time 0.911586 seconds, bootstrap likelihood -6152.287282, best rearrangement setting 10
Bootstrap[84]: Time 0.714985 seconds, bootstrap likelihood -6083.496904, best rearrangement setting 11
Bootstrap[85]: Time 0.844452 seconds, bootstrap likelihood -6215.013586, best rearrangement setting 8
Bootstrap[86]: Time 0.845387 seconds, bootstrap likelihood -6366.512571, best rearrangement setting 7
Bootstrap[87]: Time 0.401991 seconds, bootstrap likelihood -6074.598222, best rearrangement setting 7
Bootstrap[88]: Time 0.903845 seconds, bootstrap likelihood -6214.279947, best rearrangement setting 12
Bootstrap[89]: Time 0.764229 seconds, bootstrap likelihood -5811.168717, best rearrangement setting 10
Bootstrap[90]: Time 0.990319 seconds, bootstrap likelihood -6294.940316, best rearrangement setting 8
Bootstrap[91]: Time 0.829894 seconds, bootstrap likelihood -5954.896203, best rearrangement setting 12
Bootstrap[92]: Time 0.880371 seconds, bootstrap likelihood -6056.969787, best rearrangement setting 13
Bootstrap[93]: Time 0.913925 seconds, bootstrap likelihood -6274.305746, best rearrangement setting 15
Bootstrap[94]: Time 0.899179 seconds, bootstrap likelihood -6081.446947, best rearrangement setting 5
Bootstrap[95]: Time 0.978105 seconds, bootstrap likelihood -6166.079206, best rearrangement setting 5
Bootstrap[96]: Time 1.011641 seconds, bootstrap likelihood -5989.981234, best rearrangement setting 13
Bootstrap[97]: Time 0.988607 seconds, bootstrap likelihood -6197.627469, best rearrangement setting 11
Bootstrap[98]: Time 0.778950 seconds, bootstrap likelihood -6129.176213, best rearrangement setting 6
Bootstrap[99]: Time 0.835633 seconds, bootstrap likelihood -6079.994821, best rearrangement setting 14


Overall Time for 100 Rapid Bootstraps 83.428389 seconds
Average Time per Rapid Bootstrap 0.834284 seconds

Starting ML Search ...

Fast ML optimization finished

Fast ML search Time: 52.323712 seconds

Slow ML Search 0 Likelihood: -6105.983981
Slow ML Search 1 Likelihood: -6105.983981
Slow ML Search 2 Likelihood: -6105.983981
Slow ML Search 3 Likelihood: -6105.983981
Slow ML Search 4 Likelihood: -6105.983981
Slow ML Search 5 Likelihood: -6105.983981
Slow ML Search 6 Likelihood: -6105.983981
Slow ML Search 7 Likelihood: -6105.983981
Slow ML Search 8 Likelihood: -6105.983981
Slow ML Search 9 Likelihood: -6105.983981
Slow ML optimization finished

Slow ML search Time: 21.626717 seconds
Thorough ML search Time: 1.923798 seconds

Final ML Optimization Likelihood: -6105.983981

Model Information:

Model Parameters of Partition 0, Name: No Name Provided, Type of Data: AA
alpha: 1.079382
Tree-Length: 5.747423
rate A <-> R: 0.399182
rate A <-> N: 0.259945
rate A <-> D: 0.371058
rate A <-> C: 2.337364
rate A <-> Q: 0.910775
rate A <-> E: 0.975241
rate A <-> G: 1.940106
rate A <-> H: 0.336984
rate A <-> I: 0.140697
rate A <-> L: 0.371240
rate A <-> K: 0.503815
rate A <-> M: 1.055520
rate A <-> F: 0.238237
rate A <-> P: 1.105868
rate A <-> S: 4.439041
rate A <-> T: 2.009090
rate A <-> W: 0.169702
rate A <-> Y: 0.205613
rate A <-> V: 2.392567
rate R <-> N: 0.706048
rate R <-> D: 0.116398
rate R <-> C: 0.501968
rate R <-> Q: 2.636754
rate R <-> E: 0.341785
rate R <-> G: 0.366408
rate R <-> H: 2.278690
rate R <-> I: 0.119250
rate R <-> L: 0.283449
rate R <-> K: 5.940467
rate R <-> M: 0.454623
rate R <-> F: 0.049508
rate R <-> P: 0.312264
rate R <-> S: 0.805843
rate R <-> T: 0.543695
rate R <-> W: 0.557424
rate R <-> Y: 0.295274
rate R <-> V: 0.160471
rate N <-> D: 4.766737
rate N <-> C: 0.496537
rate N <-> Q: 1.592389
rate N <-> E: 0.508692
rate N <-> G: 1.350015
rate N <-> H: 4.234381
rate N <-> I: 0.179830
rate N <-> L: 0.064256
rate N <-> K: 2.014327
rate N <-> M: 0.348390
rate N <-> F: 0.084068
rate N <-> P: 0.151925
rate N <-> S: 3.764032
rate N <-> T: 1.878729
rate N <-> W: 0.042610
rate N <-> Y: 0.574720
rate N <-> V: 0.078587
rate D <-> C: 0.058743
rate D <-> Q: 0.491483
rate D <-> E: 4.924234
rate D <-> G: 0.793424
rate D <-> H: 0.870603
rate D <-> I: 0.010038
rate D <-> L: 0.014157
rate D <-> K: 0.265711
rate D <-> M: 0.023991
rate D <-> F: 0.016354
rate D <-> P: 0.370412
rate D <-> S: 1.164675
rate D <-> T: 0.399902
rate D <-> W: 0.028068
rate D <-> Y: 0.126872
rate D <-> V: 0.035653
rate C <-> Q: 0.079639
rate C <-> E: 0.003286
rate C <-> G: 0.534566
rate C <-> H: 0.601499
rate C <-> I: 0.301083
rate C <-> L: 0.557800
rate C <-> K: 0.012457
rate C <-> M: 0.839207
rate C <-> F: 1.037881
rate C <-> P: 0.070787
rate C <-> S: 2.614753
rate C <-> T: 1.073780
rate C <-> W: 0.629281
rate C <-> Y: 1.094488
rate C <-> V: 1.839864
rate Q <-> E: 3.876936
rate Q <-> G: 0.251626
rate Q <-> H: 4.520102
rate Q <-> I: 0.068413
rate Q <-> L: 0.546954
rate Q <-> K: 3.037150
rate Q <-> M: 1.570619
rate Q <-> F: 0.033669
rate Q <-> P: 0.586241
rate Q <-> S: 1.149231
rate Q <-> T: 1.014297
rate Q <-> W: 0.221802
rate Q <-> Y: 0.241650
rate Q <-> V: 0.197511
rate E <-> G: 0.327583
rate E <-> H: 0.398044
rate E <-> I: 0.041567
rate E <-> L: 0.065426
rate E <-> K: 1.697022
rate E <-> M: 0.163145
rate E <-> F: 0.017664
rate E <-> P: 0.393844
rate E <-> S: 0.574671
rate E <-> T: 0.567695
rate E <-> W: 0.073107
rate E <-> Y: 0.112720
rate E <-> V: 0.230098
rate G <-> H: 0.292498
rate G <-> I: 0.008174
rate G <-> L: 0.041563
rate G <-> K: 0.278555
rate G <-> M: 0.131033
rate G <-> F: 0.084125
rate G <-> P: 0.184955
rate G <-> S: 1.633930
rate G <-> T: 0.121922
rate G <-> W: 0.252125
rate G <-> Y: 0.051346
rate G <-> V: 0.072026
rate H <-> I: 0.102245
rate H <-> L: 0.343988
rate H <-> K: 0.654763
rate H <-> M: 0.415502
rate H <-> F: 0.640560
rate H <-> P: 0.477834
rate H <-> S: 0.929667
rate H <-> T: 0.548649
rate H <-> W: 0.560661
rate H <-> Y: 4.983361
rate H <-> V: 0.111759
rate I <-> L: 3.892408
rate I <-> K: 0.149373
rate I <-> M: 4.013113
rate I <-> F: 1.044902
rate I <-> P: 0.073509
rate I <-> S: 0.060198
rate I <-> T: 0.970728
rate I <-> W: 0.104854
rate I <-> Y: 0.218350
rate I <-> V: 10.000000
rate L <-> K: 0.129119
rate L <-> M: 5.927594
rate L <-> F: 2.434657
rate L <-> P: 0.233879
rate L <-> S: 0.171176
rate L <-> T: 0.284471
rate L <-> W: 0.581863
rate L <-> Y: 0.281383
rate L <-> V: 1.598956
rate K <-> M: 0.616581
rate K <-> F: 0.022460
rate K <-> P: 0.366530
rate K <-> S: 0.703048
rate K <-> T: 1.067567
rate K <-> W: 0.046864
rate K <-> Y: 0.123890
rate K <-> V: 0.173913
rate M <-> F: 1.689205
rate M <-> P: 0.093763
rate M <-> S: 0.325811
rate M <-> T: 1.897216
rate M <-> W: 0.653740
rate M <-> Y: 0.451968
rate M <-> V: 1.782983
rate F <-> P: 0.088706
rate F <-> S: 0.339765
rate F <-> T: 0.154944
rate F <-> W: 2.307349
rate F <-> Y: 7.328222
rate F <-> V: 0.614777
rate P <-> S: 1.256567
rate P <-> T: 0.536635
rate P <-> W: 0.089332
rate P <-> Y: 0.084151
rate P <-> V: 0.278428
rate S <-> T: 6.077767
rate S <-> W: 0.233693
rate S <-> Y: 0.376132
rate S <-> V: 0.092373
rate T <-> W: 0.132241
rate T <-> Y: 0.230856
rate T <-> V: 2.054781
rate W <-> Y: 2.959699
rate W <-> V: 0.177959
rate Y <-> V: 0.234116

freq pi(A): 0.053076
freq pi(R): 0.058142
freq pi(N): 0.038601
freq pi(D): 0.058625
freq pi(C): 0.003860
freq pi(Q): 0.034258
freq pi(E): 0.066104
freq pi(G): 0.038842
freq pi(H): 0.030639
freq pi(I): 0.078166
freq pi(L): 0.097226
freq pi(K): 0.060314
freq pi(M): 0.020507
freq pi(F): 0.052352
freq pi(P): 0.039566
freq pi(S): 0.067310
freq pi(T): 0.058142
freq pi(W): 0.006996
freq pi(Y): 0.056212
freq pi(V): 0.081062


ML search took 75.911490 secs or 0.021087 hours

Combined Bootstrap and ML search took 159.340124 secs or 0.044261 hours

Drawing Bootstrap Support Values on best-scoring ML tree ...



Found 1 tree in File /in/RAxML_bestTree.EOG091G05K5.clustalo.aln.ALICUT.LGF



Found 1 tree in File /in/RAxML_bestTree.EOG091G05K5.clustalo.aln.ALICUT.LGF

Program execution info written to /in/RAxML_info.EOG091G05K5.clustalo.aln.ALICUT.LGF
All 100 bootstrapped trees written to: /in/RAxML_bootstrap.EOG091G05K5.clustalo.aln.ALICUT.LGF

Best-scoring ML tree written to: /in/RAxML_bestTree.EOG091G05K5.clustalo.aln.ALICUT.LGF

Best-scoring ML tree with support values written to: /in/RAxML_bipartitions.EOG091G05K5.clustalo.aln.ALICUT.LGF

Best-scoring ML tree with support values as branch labels written to: /in/RAxML_bipartitionsBranchLabels.EOG091G05K5.clustalo.aln.ALICUT.LGF

Overall execution time for full ML analysis: 159.342964 secs or 0.044262 hours or 0.001844 days

