
	reading taxa from FASTA ...


	S.mediterranea       -> sites: 460   
	P.xenopodis          -> sites: 460   
	E.nipponicum         -> sites: 460   
	H.microstoma         -> sites: 460   
	C.sinensis           -> sites: 460   
	E.granulosus         -> sites: 460   
	G.turnbulli          -> sites: 460   
	G.salaris            -> sites: 460   
	D.rerio              -> sites: 460   
	R.norvegicus         -> sites: 460   
	D.melanogaster       -> sites: 460   
	O.viverrini          -> sites: 460   
	T.solium             -> sites: 460   
	C.intestinalis       -> sites: 460   
	H.robusta            -> sites: 460   


	data type             : amino acid sequences

	input ...

	infile		: EOG091G1A1V.clustalo.aln.fasta
	random pairs	: 200000000000000000
	window size	: 6
	indels		: ambiguous
	tree file	: -
	node level	: -
	strict profile	: -
	outgroup	: -
	matrix          : BLOSUM62

	number of taxa        : 15
	random number of pairs: 200000000000000000

	generates threshhold value for amino acid data
	using BLOSUM62

	checks for (potential) identical taxa


	scores site patterns ...


	max number of different pairs is 105
	max random pairs are scored!

	pair: 1      ->	taxon1: S.mediterr	taxon2: P.xenopodi
	            	positions below base line: 397
	pair: 2      ->	taxon1: S.mediterr	taxon2: E.nipponic
	            	positions below base line: 389
	pair: 3      ->	taxon1: S.mediterr	taxon2: H.microsto
	            	positions below base line: 400
	pair: 4      ->	taxon1: S.mediterr	taxon2: C.sinensis
	            	positions below base line: 402
	pair: 5      ->	taxon1: S.mediterr	taxon2: E.granulos
	            	positions below base line: 403
	pair: 6      ->	taxon1: S.mediterr	taxon2: G.turnbull
	            	positions below base line: 401
	pair: 7      ->	taxon1: S.mediterr	taxon2: G.salaris 
	            	positions below base line: 402
	pair: 8      ->	taxon1: S.mediterr	taxon2: D.rerio   
	            	positions below base line: 394
	pair: 9      ->	taxon1: S.mediterr	taxon2: R.norvegic
	            	positions below base line: 383
	pair: 10     ->	taxon1: S.mediterr	taxon2: D.melanoga
	            	positions below base line: 395
	pair: 11     ->	taxon1: S.mediterr	taxon2: O.viverrin
	            	positions below base line: 402
	pair: 12     ->	taxon1: S.mediterr	taxon2: T.solium  
	            	positions below base line: 389
	pair: 13     ->	taxon1: S.mediterr	taxon2: C.intestin
	            	positions below base line: 412
	pair: 14     ->	taxon1: S.mediterr	taxon2: H.robusta 
	            	positions below base line: 405
	pair: 15     ->	taxon1: P.xenopodi	taxon2: E.nipponic
	            	positions below base line: 385
	pair: 16     ->	taxon1: P.xenopodi	taxon2: H.microsto
	            	positions below base line: 393
	pair: 17     ->	taxon1: P.xenopodi	taxon2: C.sinensis
	            	positions below base line: 395
	pair: 18     ->	taxon1: P.xenopodi	taxon2: E.granulos
	            	positions below base line: 401
	pair: 19     ->	taxon1: P.xenopodi	taxon2: G.turnbull
	            	positions below base line: 383
	pair: 20     ->	taxon1: P.xenopodi	taxon2: G.salaris 
	            	positions below base line: 400
	pair: 21     ->	taxon1: P.xenopodi	taxon2: D.rerio   
	            	positions below base line: 397
	pair: 22     ->	taxon1: P.xenopodi	taxon2: R.norvegic
	            	positions below base line: 388
	pair: 23     ->	taxon1: P.xenopodi	taxon2: D.melanoga
	            	positions below base line: 387
	pair: 24     ->	taxon1: P.xenopodi	taxon2: O.viverrin
	            	positions below base line: 399
	pair: 25     ->	taxon1: P.xenopodi	taxon2: T.solium  
	            	positions below base line: 400
	pair: 26     ->	taxon1: P.xenopodi	taxon2: C.intestin
	            	positions below base line: 406
	pair: 27     ->	taxon1: P.xenopodi	taxon2: H.robusta 
	            	positions below base line: 394
	pair: 28     ->	taxon1: E.nipponic	taxon2: H.microsto
	            	positions below base line: 389
	pair: 29     ->	taxon1: E.nipponic	taxon2: C.sinensis
	            	positions below base line: 399
	pair: 30     ->	taxon1: E.nipponic	taxon2: E.granulos
	            	positions below base line: 391
	pair: 31     ->	taxon1: E.nipponic	taxon2: G.turnbull
	            	positions below base line: 393
	pair: 32     ->	taxon1: E.nipponic	taxon2: G.salaris 
	            	positions below base line: 382
	pair: 33     ->	taxon1: E.nipponic	taxon2: D.rerio   
	            	positions below base line: 373
	pair: 34     ->	taxon1: E.nipponic	taxon2: R.norvegic
	            	positions below base line: 379
	pair: 35     ->	taxon1: E.nipponic	taxon2: D.melanoga
	            	positions below base line: 370
	pair: 36     ->	taxon1: E.nipponic	taxon2: O.viverrin
	            	positions below base line: 377
	pair: 37     ->	taxon1: E.nipponic	taxon2: T.solium  
	            	positions below base line: 402
	pair: 38     ->	taxon1: E.nipponic	taxon2: C.intestin
	            	positions below base line: 382
	pair: 39     ->	taxon1: E.nipponic	taxon2: H.robusta 
	            	positions below base line: 395
	pair: 40     ->	taxon1: H.microsto	taxon2: C.sinensis
	            	positions below base line: 399
	pair: 41     ->	taxon1: H.microsto	taxon2: E.granulos
	            	positions below base line: 392
	pair: 42     ->	taxon1: H.microsto	taxon2: G.turnbull
	            	positions below base line: 398
	pair: 43     ->	taxon1: H.microsto	taxon2: G.salaris 
	            	positions below base line: 396
	pair: 44     ->	taxon1: H.microsto	taxon2: D.rerio   
	            	positions below base line: 404
	pair: 45     ->	taxon1: H.microsto	taxon2: R.norvegic
	            	positions below base line: 399
	pair: 46     ->	taxon1: H.microsto	taxon2: D.melanoga
	            	positions below base line: 405
	pair: 47     ->	taxon1: H.microsto	taxon2: O.viverrin
	            	positions below base line: 394
	pair: 48     ->	taxon1: H.microsto	taxon2: T.solium  
	            	positions below base line: 400
	pair: 49     ->	taxon1: H.microsto	taxon2: C.intestin
	            	positions below base line: 399
	pair: 50     ->	taxon1: H.microsto	taxon2: H.robusta 
	            	positions below base line: 396
	pair: 51     ->	taxon1: C.sinensis	taxon2: E.granulos
	            	positions below base line: 401
	pair: 52     ->	taxon1: C.sinensis	taxon2: G.turnbull
	            	positions below base line: 400
	pair: 53     ->	taxon1: C.sinensis	taxon2: G.salaris 
	            	positions below base line: 400
	pair: 54     ->	taxon1: C.sinensis	taxon2: D.rerio   
	            	positions below base line: 405
	pair: 55     ->	taxon1: C.sinensis	taxon2: R.norvegic
	            	positions below base line: 402
	pair: 56     ->	taxon1: C.sinensis	taxon2: D.melanoga
	            	positions below base line: 404
	pair: 57     ->	taxon1: C.sinensis	taxon2: O.viverrin
	            	positions below base line: 381
	pair: 58     ->	taxon1: C.sinensis	taxon2: T.solium  
	            	positions below base line: 404
	pair: 59     ->	taxon1: C.sinensis	taxon2: C.intestin
	            	positions below base line: 397
	pair: 60     ->	taxon1: C.sinensis	taxon2: H.robusta 
	            	positions below base line: 397
	pair: 61     ->	taxon1: E.granulos	taxon2: G.turnbull
	            	positions below base line: 397
	pair: 62     ->	taxon1: E.granulos	taxon2: G.salaris 
	            	positions below base line: 396
	pair: 63     ->	taxon1: E.granulos	taxon2: D.rerio   
	            	positions below base line: 405
	pair: 64     ->	taxon1: E.granulos	taxon2: R.norvegic
	            	positions below base line: 401
	pair: 65     ->	taxon1: E.granulos	taxon2: D.melanoga
	            	positions below base line: 408
	pair: 66     ->	taxon1: E.granulos	taxon2: O.viverrin
	            	positions below base line: 396
	pair: 67     ->	taxon1: E.granulos	taxon2: T.solium  
	            	positions below base line: 397
	pair: 68     ->	taxon1: E.granulos	taxon2: C.intestin
	            	positions below base line: 409
	pair: 69     ->	taxon1: E.granulos	taxon2: H.robusta 
	            	positions below base line: 404
	pair: 70     ->	taxon1: G.turnbull	taxon2: G.salaris 
	            	positions below base line: 383
	pair: 71     ->	taxon1: G.turnbull	taxon2: D.rerio   
	            	positions below base line: 406
	pair: 72     ->	taxon1: G.turnbull	taxon2: R.norvegic
	            	positions below base line: 405
	pair: 73     ->	taxon1: G.turnbull	taxon2: D.melanoga
	            	positions below base line: 406
	pair: 74     ->	taxon1: G.turnbull	taxon2: O.viverrin
	            	positions below base line: 391
	pair: 75     ->	taxon1: G.turnbull	taxon2: T.solium  
	            	positions below base line: 404
	pair: 76     ->	taxon1: G.turnbull	taxon2: C.intestin
	            	positions below base line: 403
	pair: 77     ->	taxon1: G.turnbull	taxon2: H.robusta 
	            	positions below base line: 404
	pair: 78     ->	taxon1: G.salaris 	taxon2: D.rerio   
	            	positions below base line: 399
	pair: 79     ->	taxon1: G.salaris 	taxon2: R.norvegic
	            	positions below base line: 398
	pair: 80     ->	taxon1: G.salaris 	taxon2: D.melanoga
	            	positions below base line: 395
	pair: 81     ->	taxon1: G.salaris 	taxon2: O.viverrin
	            	positions below base line: 392
	pair: 82     ->	taxon1: G.salaris 	taxon2: T.solium  
	            	positions below base line: 405
	pair: 83     ->	taxon1: G.salaris 	taxon2: C.intestin
	            	positions below base line: 371
	pair: 84     ->	taxon1: G.salaris 	taxon2: H.robusta 
	            	positions below base line: 401
	pair: 85     ->	taxon1: D.rerio   	taxon2: R.norvegic
	            	positions below base line: 266
	pair: 86     ->	taxon1: D.rerio   	taxon2: D.melanoga
	            	positions below base line: 366
	pair: 87     ->	taxon1: D.rerio   	taxon2: O.viverrin
	            	positions below base line: 396
	pair: 88     ->	taxon1: D.rerio   	taxon2: T.solium  
	            	positions below base line: 402
	pair: 89     ->	taxon1: D.rerio   	taxon2: C.intestin
	            	positions below base line: 369
	pair: 90     ->	taxon1: D.rerio   	taxon2: H.robusta 
	            	positions below base line: 394
	pair: 91     ->	taxon1: R.norvegic	taxon2: D.melanoga
	            	positions below base line: 369
	pair: 92     ->	taxon1: R.norvegic	taxon2: O.viverrin
	            	positions below base line: 391
	pair: 93     ->	taxon1: R.norvegic	taxon2: T.solium  
	            	positions below base line: 396
	pair: 94     ->	taxon1: R.norvegic	taxon2: C.intestin
	            	positions below base line: 368
	pair: 95     ->	taxon1: R.norvegic	taxon2: H.robusta 
	            	positions below base line: 390
	pair: 96     ->	taxon1: D.melanoga	taxon2: O.viverrin
	            	positions below base line: 393
	pair: 97     ->	taxon1: D.melanoga	taxon2: T.solium  
	            	positions below base line: 397
	pair: 98     ->	taxon1: D.melanoga	taxon2: C.intestin
	            	positions below base line: 387
	pair: 99     ->	taxon1: D.melanoga	taxon2: H.robusta 
	            	positions below base line: 392
	pair: 100    ->	taxon1: O.viverrin	taxon2: T.solium  
	            	positions below base line: 404
	pair: 101    ->	taxon1: O.viverrin	taxon2: C.intestin
	            	positions below base line: 388
	pair: 102    ->	taxon1: O.viverrin	taxon2: H.robusta 
	            	positions below base line: 394
	pair: 103    ->	taxon1: T.solium  	taxon2: C.intestin
	            	positions below base line: 409
	pair: 104    ->	taxon1: T.solium  	taxon2: H.robusta 
	            	positions below base line: 407
	pair: 105    ->	taxon1: C.intestin	taxon2: H.robusta 
	            	positions below base line: 393

	generates quality profile from collected scores ...


	scoring done ...


	generates vector plot from collected scores ...


Argument "-" treated as 0 in increment (++) at /usr/bin/Aliscore.pl line 1213.
	Profile written to EOG091G1A1V.clustalo.aln.fasta_Profile_random.txt
	List   written to EOG091G1A1V.clustalo.aln.fasta_List_random.txt

	time used: 3.9 sec

