--2018-12-15 03:46:52--  http://www.orthodb.org/fasta?query=EOG091G04GW&level=33208
Resolving www.orthodb.org (www.orthodb.org)... 167.99.129.42, 2a03:b0c0:3:d0::d19:7001
Connecting to www.orthodb.org (www.orthodb.org)|167.99.129.42|:80... connected.
HTTP request sent, awaiting response... 301 Moved Permanently
Location: https://www.orthodb.org/fasta?query=EOG091G04GW&level=33208 [following]
--2018-12-15 03:46:52--  https://www.orthodb.org/fasta?query=EOG091G04GW&level=33208
Connecting to www.orthodb.org (www.orthodb.org)|167.99.129.42|:443... connected.
HTTP request sent, awaiting response... 200 OK
Length: 619206 (605K) [text/plain]
Saving to: ‘EOG091G04GW/EOG091G04GW.orthodb.fasta’

     0K .......... .......... .......... .......... ..........  8%  876K 1s
    50K .......... .......... .......... .......... .......... 16% 2,28M 0s
   100K .......... .......... .......... .......... .......... 24% 2,26M 0s
   150K .......... .......... .......... .......... .......... 33% 2,71M 0s
   200K .......... .......... .......... .......... .......... 41% 2,25M 0s
   250K .......... .......... .......... .......... .......... 49% 2,76M 0s
   300K .......... .......... .......... .......... .......... 57% 3,11M 0s
   350K .......... .......... .......... .......... .......... 66% 2,53M 0s
   400K .......... .......... .......... .......... .......... 74% 7,27M 0s
   450K .......... .......... .......... .......... .......... 82% 2,59M 0s
   500K .......... .......... .......... .......... .......... 90% 2,54M 0s
   550K .......... .......... .......... .......... .......... 99% 22,5M 0s
   600K ....                                                  100% 8952G=0,2s

2018-12-15 03:46:53 (2,47 MB/s) - ‘EOG091G04GW/EOG091G04GW.orthodb.fasta’ saved [619206/619206]

