
	reading taxa from FASTA ...


	S.mediterranea       -> sites: 604   
	H.robusta            -> sites: 604   
	N.vectensis          -> sites: 604   
	D.melanogaster       -> sites: 604   
	D.rerio              -> sites: 604   
	G.turnbulli          -> sites: 604   
	S.mansoni            -> sites: 604   
	C.intestinalis       -> sites: 604   
	R.norvegicus         -> sites: 604   
	G.salaris            -> sites: 604   
	C.sinensis           -> sites: 604   
	O.viverrini          -> sites: 604   


	data type             : amino acid sequences

	input ...

	infile		: EOG091G0H62.clustalo.aln.fasta
	random pairs	: 200000000000000000
	window size	: 6
	indels		: ambiguous
	tree file	: -
	node level	: -
	strict profile	: -
	outgroup	: -
	matrix          : BLOSUM62

	number of taxa        : 12
	random number of pairs: 200000000000000000

	generates threshhold value for amino acid data
	using BLOSUM62

	checks for (potential) identical taxa


	scores site patterns ...


	max number of different pairs is 66
	max random pairs are scored!

	pair: 1      ->	taxon1: S.mediterr	taxon2: H.robusta 
	            	positions below base line: 411
	pair: 2      ->	taxon1: S.mediterr	taxon2: N.vectensi
	            	positions below base line: 416
	pair: 3      ->	taxon1: S.mediterr	taxon2: D.melanoga
	            	positions below base line: 408
	pair: 4      ->	taxon1: S.mediterr	taxon2: D.rerio   
	            	positions below base line: 405
	pair: 5      ->	taxon1: S.mediterr	taxon2: G.turnbull
	            	positions below base line: 391
	pair: 6      ->	taxon1: S.mediterr	taxon2: S.mansoni 
	            	positions below base line: 423
	pair: 7      ->	taxon1: S.mediterr	taxon2: C.intestin
	            	positions below base line: 421
	pair: 8      ->	taxon1: S.mediterr	taxon2: R.norvegic
	            	positions below base line: 400
	pair: 9      ->	taxon1: S.mediterr	taxon2: G.salaris 
	            	positions below base line: 397
	pair: 10     ->	taxon1: S.mediterr	taxon2: C.sinensis
	            	positions below base line: 455
	pair: 11     ->	taxon1: S.mediterr	taxon2: O.viverrin
	            	positions below base line: 417
	pair: 12     ->	taxon1: H.robusta 	taxon2: N.vectensi
	            	positions below base line: 387
	pair: 13     ->	taxon1: H.robusta 	taxon2: D.melanoga
	            	positions below base line: 389
	pair: 14     ->	taxon1: H.robusta 	taxon2: D.rerio   
	            	positions below base line: 374
	pair: 15     ->	taxon1: H.robusta 	taxon2: G.turnbull
	            	positions below base line: 399
	pair: 16     ->	taxon1: H.robusta 	taxon2: S.mansoni 
	            	positions below base line: 423
	pair: 17     ->	taxon1: H.robusta 	taxon2: C.intestin
	            	positions below base line: 401
	pair: 18     ->	taxon1: H.robusta 	taxon2: R.norvegic
	            	positions below base line: 373
	pair: 19     ->	taxon1: H.robusta 	taxon2: G.salaris 
	            	positions below base line: 393
	pair: 20     ->	taxon1: H.robusta 	taxon2: C.sinensis
	            	positions below base line: 450
	pair: 21     ->	taxon1: H.robusta 	taxon2: O.viverrin
	            	positions below base line: 399
	pair: 22     ->	taxon1: N.vectensi	taxon2: D.melanoga
	            	positions below base line: 387
	pair: 23     ->	taxon1: N.vectensi	taxon2: D.rerio   
	            	positions below base line: 373
	pair: 24     ->	taxon1: N.vectensi	taxon2: G.turnbull
	            	positions below base line: 400
	pair: 25     ->	taxon1: N.vectensi	taxon2: S.mansoni 
	            	positions below base line: 434
	pair: 26     ->	taxon1: N.vectensi	taxon2: C.intestin
	            	positions below base line: 410
	pair: 27     ->	taxon1: N.vectensi	taxon2: R.norvegic
	            	positions below base line: 371
	pair: 28     ->	taxon1: N.vectensi	taxon2: G.salaris 
	            	positions below base line: 400
	pair: 29     ->	taxon1: N.vectensi	taxon2: C.sinensis
	            	positions below base line: 454
	pair: 30     ->	taxon1: N.vectensi	taxon2: O.viverrin
	            	positions below base line: 402
	pair: 31     ->	taxon1: D.melanoga	taxon2: D.rerio   
	            	positions below base line: 360
	pair: 32     ->	taxon1: D.melanoga	taxon2: G.turnbull
	            	positions below base line: 366
	pair: 33     ->	taxon1: D.melanoga	taxon2: S.mansoni 
	            	positions below base line: 423
	pair: 34     ->	taxon1: D.melanoga	taxon2: C.intestin
	            	positions below base line: 365
	pair: 35     ->	taxon1: D.melanoga	taxon2: R.norvegic
	            	positions below base line: 351
	pair: 36     ->	taxon1: D.melanoga	taxon2: G.salaris 
	            	positions below base line: 394
	pair: 37     ->	taxon1: D.melanoga	taxon2: C.sinensis
	            	positions below base line: 434
	pair: 38     ->	taxon1: D.melanoga	taxon2: O.viverrin
	            	positions below base line: 392
	pair: 39     ->	taxon1: D.rerio   	taxon2: G.turnbull
	            	positions below base line: 360
	pair: 40     ->	taxon1: D.rerio   	taxon2: S.mansoni 
	            	positions below base line: 428
	pair: 41     ->	taxon1: D.rerio   	taxon2: C.intestin
	            	positions below base line: 321
	pair: 42     ->	taxon1: D.rerio   	taxon2: R.norvegic
	            	positions below base line: 256
	pair: 43     ->	taxon1: D.rerio   	taxon2: G.salaris 
	            	positions below base line: 375
	pair: 44     ->	taxon1: D.rerio   	taxon2: C.sinensis
	            	positions below base line: 446
	pair: 45     ->	taxon1: D.rerio   	taxon2: O.viverrin
	            	positions below base line: 390
	pair: 46     ->	taxon1: G.turnbull	taxon2: S.mansoni 
	            	positions below base line: 401
	pair: 47     ->	taxon1: G.turnbull	taxon2: C.intestin
	            	positions below base line: 375
	pair: 48     ->	taxon1: G.turnbull	taxon2: R.norvegic
	            	positions below base line: 364
	pair: 49     ->	taxon1: G.turnbull	taxon2: G.salaris 
	            	positions below base line: 285
	pair: 50     ->	taxon1: G.turnbull	taxon2: C.sinensis
	            	positions below base line: 388
	pair: 51     ->	taxon1: G.turnbull	taxon2: O.viverrin
	            	positions below base line: 374
	pair: 52     ->	taxon1: S.mansoni 	taxon2: C.intestin
	            	positions below base line: 451
	pair: 53     ->	taxon1: S.mansoni 	taxon2: R.norvegic
	            	positions below base line: 420
	pair: 54     ->	taxon1: S.mansoni 	taxon2: G.salaris 
	            	positions below base line: 407
	pair: 55     ->	taxon1: S.mansoni 	taxon2: C.sinensis
	            	positions below base line: 440
	pair: 56     ->	taxon1: S.mansoni 	taxon2: O.viverrin
	            	positions below base line: 413
	pair: 57     ->	taxon1: C.intestin	taxon2: R.norvegic
	            	positions below base line: 347
	pair: 58     ->	taxon1: C.intestin	taxon2: G.salaris 
	            	positions below base line: 401
	pair: 59     ->	taxon1: C.intestin	taxon2: C.sinensis
	            	positions below base line: 426
	pair: 60     ->	taxon1: C.intestin	taxon2: O.viverrin
	            	positions below base line: 405
	pair: 61     ->	taxon1: R.norvegic	taxon2: G.salaris 
	            	positions below base line: 375
	pair: 62     ->	taxon1: R.norvegic	taxon2: C.sinensis
	            	positions below base line: 446
	pair: 63     ->	taxon1: R.norvegic	taxon2: O.viverrin
	            	positions below base line: 392
	pair: 64     ->	taxon1: G.salaris 	taxon2: C.sinensis
	            	positions below base line: 420
	pair: 65     ->	taxon1: G.salaris 	taxon2: O.viverrin
	            	positions below base line: 377
	pair: 66     ->	taxon1: C.sinensis	taxon2: O.viverrin
	            	positions below base line: 401

	generates quality profile from collected scores ...


	scoring done ...


	generates vector plot from collected scores ...


Argument "-" treated as 0 in increment (++) at /usr/bin/Aliscore.pl line 1213.
	Profile written to EOG091G0H62.clustalo.aln.fasta_Profile_random.txt
	List   written to EOG091G0H62.clustalo.aln.fasta_List_random.txt

	time used: 3.87 sec

