
RAxML can't, parse the alignment file as phylip file 
it will now try to parse it as FASTA file


This is the RAxML Master Pthread

This is RAxML Worker Pthread Number: 1


This is RAxML version 8.2.12 released by Alexandros Stamatakis on May 2018.

With greatly appreciated code contributions by:
Andre Aberer      (HITS)
Simon Berger      (HITS)
Alexey Kozlov     (HITS)
Kassian Kobert    (HITS)
David Dao         (KIT and HITS)
Sarah Lutteropp   (KIT and HITS)
Nick Pattengale   (Sandia)
Wayne Pfeiffer    (SDSC)
Akifumi S. Tanabe (NRIFS)
Charlie Taylor    (UF)


Alignment has 188 distinct alignment patterns

Proportion of gaps and completely undetermined characters in this alignment: 4.79%

RAxML rapid bootstrapping and subsequent ML search

Using 1 distinct models/data partitions with joint branch length optimization



Executing 100 rapid bootstrap inferences and thereafter a thorough ML search 

All free model parameters will be estimated by RAxML
GAMMA model of rate heterogeneity, ML estimate of alpha-parameter

GAMMA Model parameters will be estimated up to an accuracy of 0.1000000000 Log Likelihood units

Partition: 0
Alignment Patterns: 188
Name: No Name Provided
DataType: AA
Substitution Matrix: LG
Using empirical base frequencies




RAxML was called as follows:

raxml -f a -T 2 -m PROTGAMMALGF -p 12345 -x 12345 -# 100 -s ALICUT_EOG091G0H62.clustalo.aln.fasta -n EOG091G0H62.clustalo.aln.ALICUT.LGF 



Time for BS model parameter optimization 0.027287
Bootstrap[0]: Time 0.512000 seconds, bootstrap likelihood -3599.685375, best rearrangement setting 13
Bootstrap[1]: Time 0.411838 seconds, bootstrap likelihood -3526.213616, best rearrangement setting 13
Bootstrap[2]: Time 0.371676 seconds, bootstrap likelihood -3593.775006, best rearrangement setting 12
Bootstrap[3]: Time 0.373600 seconds, bootstrap likelihood -3265.410403, best rearrangement setting 15
Bootstrap[4]: Time 0.386600 seconds, bootstrap likelihood -3256.660311, best rearrangement setting 10
Bootstrap[5]: Time 0.433957 seconds, bootstrap likelihood -3246.983843, best rearrangement setting 10
Bootstrap[6]: Time 0.417437 seconds, bootstrap likelihood -3526.101775, best rearrangement setting 6
Bootstrap[7]: Time 0.418949 seconds, bootstrap likelihood -3459.582662, best rearrangement setting 14
Bootstrap[8]: Time 0.418787 seconds, bootstrap likelihood -3118.473314, best rearrangement setting 5
Bootstrap[9]: Time 0.430603 seconds, bootstrap likelihood -3470.328313, best rearrangement setting 7
Bootstrap[10]: Time 0.402521 seconds, bootstrap likelihood -3307.721385, best rearrangement setting 7
Bootstrap[11]: Time 0.462572 seconds, bootstrap likelihood -3452.401980, best rearrangement setting 5
Bootstrap[12]: Time 0.405382 seconds, bootstrap likelihood -3392.255256, best rearrangement setting 8
Bootstrap[13]: Time 0.407209 seconds, bootstrap likelihood -3419.381250, best rearrangement setting 7
Bootstrap[14]: Time 0.400364 seconds, bootstrap likelihood -3594.349870, best rearrangement setting 12
Bootstrap[15]: Time 0.170782 seconds, bootstrap likelihood -3605.549596, best rearrangement setting 15
Bootstrap[16]: Time 0.489924 seconds, bootstrap likelihood -3653.762072, best rearrangement setting 12
Bootstrap[17]: Time 0.460587 seconds, bootstrap likelihood -3398.401012, best rearrangement setting 12
Bootstrap[18]: Time 0.437469 seconds, bootstrap likelihood -3639.324859, best rearrangement setting 5
Bootstrap[19]: Time 0.464330 seconds, bootstrap likelihood -3566.343483, best rearrangement setting 8
Bootstrap[20]: Time 0.585682 seconds, bootstrap likelihood -3397.029875, best rearrangement setting 10
Bootstrap[21]: Time 0.596413 seconds, bootstrap likelihood -3253.454391, best rearrangement setting 6
Bootstrap[22]: Time 0.596475 seconds, bootstrap likelihood -3478.460644, best rearrangement setting 5
Bootstrap[23]: Time 0.276187 seconds, bootstrap likelihood -3555.083659, best rearrangement setting 7
Bootstrap[24]: Time 0.602062 seconds, bootstrap likelihood -3597.509130, best rearrangement setting 8
Bootstrap[25]: Time 0.582445 seconds, bootstrap likelihood -3464.233080, best rearrangement setting 6
Bootstrap[26]: Time 0.432917 seconds, bootstrap likelihood -3589.368531, best rearrangement setting 12
Bootstrap[27]: Time 0.435936 seconds, bootstrap likelihood -3536.476313, best rearrangement setting 10
Bootstrap[28]: Time 0.425756 seconds, bootstrap likelihood -3515.198224, best rearrangement setting 11
Bootstrap[29]: Time 0.423502 seconds, bootstrap likelihood -3638.468182, best rearrangement setting 12
Bootstrap[30]: Time 0.410505 seconds, bootstrap likelihood -3540.589298, best rearrangement setting 15
Bootstrap[31]: Time 0.396188 seconds, bootstrap likelihood -3189.163059, best rearrangement setting 15
Bootstrap[32]: Time 0.423817 seconds, bootstrap likelihood -3236.923155, best rearrangement setting 6
Bootstrap[33]: Time 0.435740 seconds, bootstrap likelihood -3454.864840, best rearrangement setting 15
Bootstrap[34]: Time 0.426110 seconds, bootstrap likelihood -3351.844305, best rearrangement setting 11
Bootstrap[35]: Time 0.418884 seconds, bootstrap likelihood -3497.462495, best rearrangement setting 8
Bootstrap[36]: Time 0.420429 seconds, bootstrap likelihood -3498.160820, best rearrangement setting 9
Bootstrap[37]: Time 0.441555 seconds, bootstrap likelihood -3329.547335, best rearrangement setting 11
Bootstrap[38]: Time 0.434688 seconds, bootstrap likelihood -3226.347826, best rearrangement setting 8
Bootstrap[39]: Time 0.444161 seconds, bootstrap likelihood -3447.733982, best rearrangement setting 13
Bootstrap[40]: Time 0.433846 seconds, bootstrap likelihood -3471.800627, best rearrangement setting 13
Bootstrap[41]: Time 0.418222 seconds, bootstrap likelihood -3481.206983, best rearrangement setting 10
Bootstrap[42]: Time 0.439462 seconds, bootstrap likelihood -3547.182153, best rearrangement setting 5
Bootstrap[43]: Time 0.452396 seconds, bootstrap likelihood -3246.261165, best rearrangement setting 14
Bootstrap[44]: Time 0.408545 seconds, bootstrap likelihood -3362.368633, best rearrangement setting 10
Bootstrap[45]: Time 0.437430 seconds, bootstrap likelihood -3377.594771, best rearrangement setting 15
Bootstrap[46]: Time 0.462279 seconds, bootstrap likelihood -3450.287645, best rearrangement setting 14
Bootstrap[47]: Time 0.443771 seconds, bootstrap likelihood -3423.100605, best rearrangement setting 8
Bootstrap[48]: Time 0.429435 seconds, bootstrap likelihood -3352.107612, best rearrangement setting 6
Bootstrap[49]: Time 0.422438 seconds, bootstrap likelihood -3475.583509, best rearrangement setting 7
Bootstrap[50]: Time 0.404739 seconds, bootstrap likelihood -3384.623834, best rearrangement setting 7
Bootstrap[51]: Time 0.475817 seconds, bootstrap likelihood -3357.947109, best rearrangement setting 11
Bootstrap[52]: Time 0.420177 seconds, bootstrap likelihood -3448.524083, best rearrangement setting 12
Bootstrap[53]: Time 0.381277 seconds, bootstrap likelihood -3258.166798, best rearrangement setting 8
Bootstrap[54]: Time 0.499683 seconds, bootstrap likelihood -3452.352679, best rearrangement setting 9
Bootstrap[55]: Time 0.719387 seconds, bootstrap likelihood -3546.107520, best rearrangement setting 11
Bootstrap[56]: Time 0.480085 seconds, bootstrap likelihood -3422.536787, best rearrangement setting 5
Bootstrap[57]: Time 0.453221 seconds, bootstrap likelihood -3483.281926, best rearrangement setting 7
Bootstrap[58]: Time 0.477615 seconds, bootstrap likelihood -3424.500620, best rearrangement setting 10
Bootstrap[59]: Time 0.418751 seconds, bootstrap likelihood -3294.722359, best rearrangement setting 9
Bootstrap[60]: Time 0.391729 seconds, bootstrap likelihood -3533.451914, best rearrangement setting 7
Bootstrap[61]: Time 0.400878 seconds, bootstrap likelihood -3407.809271, best rearrangement setting 5
Bootstrap[62]: Time 0.454026 seconds, bootstrap likelihood -3480.938407, best rearrangement setting 11
Bootstrap[63]: Time 0.401755 seconds, bootstrap likelihood -3313.097743, best rearrangement setting 12
Bootstrap[64]: Time 0.453803 seconds, bootstrap likelihood -3374.127184, best rearrangement setting 7
Bootstrap[65]: Time 0.428969 seconds, bootstrap likelihood -3419.531903, best rearrangement setting 5
Bootstrap[66]: Time 0.470772 seconds, bootstrap likelihood -3455.911284, best rearrangement setting 5
Bootstrap[67]: Time 0.199971 seconds, bootstrap likelihood -3609.937734, best rearrangement setting 15
Bootstrap[68]: Time 0.446015 seconds, bootstrap likelihood -3394.673047, best rearrangement setting 11
Bootstrap[69]: Time 0.194178 seconds, bootstrap likelihood -3293.961116, best rearrangement setting 5
Bootstrap[70]: Time 0.485775 seconds, bootstrap likelihood -3490.642971, best rearrangement setting 8
Bootstrap[71]: Time 0.202628 seconds, bootstrap likelihood -3262.942424, best rearrangement setting 10
Bootstrap[72]: Time 0.417241 seconds, bootstrap likelihood -3383.804263, best rearrangement setting 11
Bootstrap[73]: Time 0.429959 seconds, bootstrap likelihood -3449.857338, best rearrangement setting 9
Bootstrap[74]: Time 0.406296 seconds, bootstrap likelihood -3296.596549, best rearrangement setting 5
Bootstrap[75]: Time 0.430079 seconds, bootstrap likelihood -3421.014874, best rearrangement setting 8
Bootstrap[76]: Time 0.435224 seconds, bootstrap likelihood -3447.813382, best rearrangement setting 9
Bootstrap[77]: Time 0.384836 seconds, bootstrap likelihood -3325.437954, best rearrangement setting 11
Bootstrap[78]: Time 0.418499 seconds, bootstrap likelihood -3366.460428, best rearrangement setting 15
Bootstrap[79]: Time 0.438995 seconds, bootstrap likelihood -3217.502890, best rearrangement setting 9
Bootstrap[80]: Time 0.351119 seconds, bootstrap likelihood -3316.126093, best rearrangement setting 15
Bootstrap[81]: Time 0.406312 seconds, bootstrap likelihood -3282.440546, best rearrangement setting 7
Bootstrap[82]: Time 0.442716 seconds, bootstrap likelihood -3542.701010, best rearrangement setting 6
Bootstrap[83]: Time 0.428065 seconds, bootstrap likelihood -3338.925651, best rearrangement setting 10
Bootstrap[84]: Time 0.460236 seconds, bootstrap likelihood -3423.266894, best rearrangement setting 11
Bootstrap[85]: Time 0.404261 seconds, bootstrap likelihood -3145.686037, best rearrangement setting 8
Bootstrap[86]: Time 0.435994 seconds, bootstrap likelihood -3280.112152, best rearrangement setting 7
Bootstrap[87]: Time 0.460786 seconds, bootstrap likelihood -3386.754677, best rearrangement setting 7
Bootstrap[88]: Time 0.457688 seconds, bootstrap likelihood -3454.720857, best rearrangement setting 12
Bootstrap[89]: Time 0.442965 seconds, bootstrap likelihood -3392.828905, best rearrangement setting 10
Bootstrap[90]: Time 0.404654 seconds, bootstrap likelihood -3471.941631, best rearrangement setting 8
Bootstrap[91]: Time 0.442525 seconds, bootstrap likelihood -3283.534938, best rearrangement setting 12
Bootstrap[92]: Time 0.424371 seconds, bootstrap likelihood -3459.640756, best rearrangement setting 13
Bootstrap[93]: Time 0.452504 seconds, bootstrap likelihood -3529.872763, best rearrangement setting 15
Bootstrap[94]: Time 0.467522 seconds, bootstrap likelihood -3405.227083, best rearrangement setting 5
Bootstrap[95]: Time 0.454088 seconds, bootstrap likelihood -3665.712407, best rearrangement setting 5
Bootstrap[96]: Time 0.386445 seconds, bootstrap likelihood -3239.525231, best rearrangement setting 13
Bootstrap[97]: Time 0.424415 seconds, bootstrap likelihood -3385.433382, best rearrangement setting 11
Bootstrap[98]: Time 0.461974 seconds, bootstrap likelihood -3379.138498, best rearrangement setting 6
Bootstrap[99]: Time 0.460557 seconds, bootstrap likelihood -3552.193716, best rearrangement setting 14


Overall Time for 100 Rapid Bootstraps 43.142470 seconds
Average Time per Rapid Bootstrap 0.431425 seconds

Starting ML Search ...

Fast ML optimization finished

Fast ML search Time: 31.965905 seconds

Slow ML Search 0 Likelihood: -3439.114279
Slow ML Search 1 Likelihood: -3439.114279
Slow ML Search 2 Likelihood: -3439.114279
Slow ML Search 3 Likelihood: -3439.114279
Slow ML Search 4 Likelihood: -3439.114279
Slow ML Search 5 Likelihood: -3439.114279
Slow ML Search 6 Likelihood: -3439.114279
Slow ML Search 7 Likelihood: -3439.114279
Slow ML Search 8 Likelihood: -3439.114279
Slow ML Search 9 Likelihood: -3439.114279
Slow ML optimization finished

Slow ML search Time: 9.649704 seconds
Thorough ML search Time: 0.844413 seconds

Final ML Optimization Likelihood: -3439.114279

Model Information:

Model Parameters of Partition 0, Name: No Name Provided, Type of Data: AA
alpha: 1.616433
Tree-Length: 4.537745
rate A <-> R: 0.399182
rate A <-> N: 0.259945
rate A <-> D: 0.371058
rate A <-> C: 2.337364
rate A <-> Q: 0.910775
rate A <-> E: 0.975241
rate A <-> G: 1.940106
rate A <-> H: 0.336984
rate A <-> I: 0.140697
rate A <-> L: 0.371240
rate A <-> K: 0.503815
rate A <-> M: 1.055520
rate A <-> F: 0.238237
rate A <-> P: 1.105868
rate A <-> S: 4.439041
rate A <-> T: 2.009090
rate A <-> W: 0.169702
rate A <-> Y: 0.205613
rate A <-> V: 2.392567
rate R <-> N: 0.706048
rate R <-> D: 0.116398
rate R <-> C: 0.501968
rate R <-> Q: 2.636754
rate R <-> E: 0.341785
rate R <-> G: 0.366408
rate R <-> H: 2.278690
rate R <-> I: 0.119250
rate R <-> L: 0.283449
rate R <-> K: 5.940467
rate R <-> M: 0.454623
rate R <-> F: 0.049508
rate R <-> P: 0.312264
rate R <-> S: 0.805843
rate R <-> T: 0.543695
rate R <-> W: 0.557424
rate R <-> Y: 0.295274
rate R <-> V: 0.160471
rate N <-> D: 4.766737
rate N <-> C: 0.496537
rate N <-> Q: 1.592389
rate N <-> E: 0.508692
rate N <-> G: 1.350015
rate N <-> H: 4.234381
rate N <-> I: 0.179830
rate N <-> L: 0.064256
rate N <-> K: 2.014327
rate N <-> M: 0.348390
rate N <-> F: 0.084068
rate N <-> P: 0.151925
rate N <-> S: 3.764032
rate N <-> T: 1.878729
rate N <-> W: 0.042610
rate N <-> Y: 0.574720
rate N <-> V: 0.078587
rate D <-> C: 0.058743
rate D <-> Q: 0.491483
rate D <-> E: 4.924234
rate D <-> G: 0.793424
rate D <-> H: 0.870603
rate D <-> I: 0.010038
rate D <-> L: 0.014157
rate D <-> K: 0.265711
rate D <-> M: 0.023991
rate D <-> F: 0.016354
rate D <-> P: 0.370412
rate D <-> S: 1.164675
rate D <-> T: 0.399902
rate D <-> W: 0.028068
rate D <-> Y: 0.126872
rate D <-> V: 0.035653
rate C <-> Q: 0.079639
rate C <-> E: 0.003286
rate C <-> G: 0.534566
rate C <-> H: 0.601499
rate C <-> I: 0.301083
rate C <-> L: 0.557800
rate C <-> K: 0.012457
rate C <-> M: 0.839207
rate C <-> F: 1.037881
rate C <-> P: 0.070787
rate C <-> S: 2.614753
rate C <-> T: 1.073780
rate C <-> W: 0.629281
rate C <-> Y: 1.094488
rate C <-> V: 1.839864
rate Q <-> E: 3.876936
rate Q <-> G: 0.251626
rate Q <-> H: 4.520102
rate Q <-> I: 0.068413
rate Q <-> L: 0.546954
rate Q <-> K: 3.037150
rate Q <-> M: 1.570619
rate Q <-> F: 0.033669
rate Q <-> P: 0.586241
rate Q <-> S: 1.149231
rate Q <-> T: 1.014297
rate Q <-> W: 0.221802
rate Q <-> Y: 0.241650
rate Q <-> V: 0.197511
rate E <-> G: 0.327583
rate E <-> H: 0.398044
rate E <-> I: 0.041567
rate E <-> L: 0.065426
rate E <-> K: 1.697022
rate E <-> M: 0.163145
rate E <-> F: 0.017664
rate E <-> P: 0.393844
rate E <-> S: 0.574671
rate E <-> T: 0.567695
rate E <-> W: 0.073107
rate E <-> Y: 0.112720
rate E <-> V: 0.230098
rate G <-> H: 0.292498
rate G <-> I: 0.008174
rate G <-> L: 0.041563
rate G <-> K: 0.278555
rate G <-> M: 0.131033
rate G <-> F: 0.084125
rate G <-> P: 0.184955
rate G <-> S: 1.633930
rate G <-> T: 0.121922
rate G <-> W: 0.252125
rate G <-> Y: 0.051346
rate G <-> V: 0.072026
rate H <-> I: 0.102245
rate H <-> L: 0.343988
rate H <-> K: 0.654763
rate H <-> M: 0.415502
rate H <-> F: 0.640560
rate H <-> P: 0.477834
rate H <-> S: 0.929667
rate H <-> T: 0.548649
rate H <-> W: 0.560661
rate H <-> Y: 4.983361
rate H <-> V: 0.111759
rate I <-> L: 3.892408
rate I <-> K: 0.149373
rate I <-> M: 4.013113
rate I <-> F: 1.044902
rate I <-> P: 0.073509
rate I <-> S: 0.060198
rate I <-> T: 0.970728
rate I <-> W: 0.104854
rate I <-> Y: 0.218350
rate I <-> V: 10.000000
rate L <-> K: 0.129119
rate L <-> M: 5.927594
rate L <-> F: 2.434657
rate L <-> P: 0.233879
rate L <-> S: 0.171176
rate L <-> T: 0.284471
rate L <-> W: 0.581863
rate L <-> Y: 0.281383
rate L <-> V: 1.598956
rate K <-> M: 0.616581
rate K <-> F: 0.022460
rate K <-> P: 0.366530
rate K <-> S: 0.703048
rate K <-> T: 1.067567
rate K <-> W: 0.046864
rate K <-> Y: 0.123890
rate K <-> V: 0.173913
rate M <-> F: 1.689205
rate M <-> P: 0.093763
rate M <-> S: 0.325811
rate M <-> T: 1.897216
rate M <-> W: 0.653740
rate M <-> Y: 0.451968
rate M <-> V: 1.782983
rate F <-> P: 0.088706
rate F <-> S: 0.339765
rate F <-> T: 0.154944
rate F <-> W: 2.307349
rate F <-> Y: 7.328222
rate F <-> V: 0.614777
rate P <-> S: 1.256567
rate P <-> T: 0.536635
rate P <-> W: 0.089332
rate P <-> Y: 0.084151
rate P <-> V: 0.278428
rate S <-> T: 6.077767
rate S <-> W: 0.233693
rate S <-> Y: 0.376132
rate S <-> V: 0.092373
rate T <-> W: 0.132241
rate T <-> Y: 0.230856
rate T <-> V: 2.054781
rate W <-> Y: 2.959699
rate W <-> V: 0.177959
rate Y <-> V: 0.234116

freq pi(A): 0.053277
freq pi(R): 0.070613
freq pi(N): 0.030444
freq pi(D): 0.082875
freq pi(C): 0.010571
freq pi(Q): 0.042283
freq pi(E): 0.053700
freq pi(G): 0.037632
freq pi(H): 0.020719
freq pi(I): 0.049894
freq pi(L): 0.120507
freq pi(K): 0.056237
freq pi(M): 0.023679
freq pi(F): 0.050740
freq pi(P): 0.072304
freq pi(S): 0.050740
freq pi(T): 0.044397
freq pi(W): 0.016068
freq pi(Y): 0.046512
freq pi(V): 0.066808


ML search took 42.482080 secs or 0.011801 hours

Combined Bootstrap and ML search took 85.624812 secs or 0.023785 hours

Drawing Bootstrap Support Values on best-scoring ML tree ...



Found 1 tree in File /in/RAxML_bestTree.EOG091G0H62.clustalo.aln.ALICUT.LGF



Found 1 tree in File /in/RAxML_bestTree.EOG091G0H62.clustalo.aln.ALICUT.LGF

Program execution info written to /in/RAxML_info.EOG091G0H62.clustalo.aln.ALICUT.LGF
All 100 bootstrapped trees written to: /in/RAxML_bootstrap.EOG091G0H62.clustalo.aln.ALICUT.LGF

Best-scoring ML tree written to: /in/RAxML_bestTree.EOG091G0H62.clustalo.aln.ALICUT.LGF

Best-scoring ML tree with support values written to: /in/RAxML_bipartitions.EOG091G0H62.clustalo.aln.ALICUT.LGF

Best-scoring ML tree with support values as branch labels written to: /in/RAxML_bipartitionsBranchLabels.EOG091G0H62.clustalo.aln.ALICUT.LGF

Overall execution time for full ML analysis: 85.627153 secs or 0.023785 hours or 0.000991 days

