
	reading taxa from FASTA ...


	H.robusta            -> sites: 1181  
	E.granulosus         -> sites: 1181  
	O.viverrini          -> sites: 1181  
	D.rerio              -> sites: 1181  
	C.intestinalis       -> sites: 1181  
	G.turnbulli          -> sites: 1181  
	R.norvegicus         -> sites: 1181  
	G.salaris            -> sites: 1181  
	D.melanogaster       -> sites: 1181  
	H.microstoma         -> sites: 1181  
	N.vectensis          -> sites: 1181  
	S.mediterranea       -> sites: 1181  


	data type             : amino acid sequences

	input ...

	infile		: EOG091G09MU.clustalo.aln.fasta
	random pairs	: 200000000000000000
	window size	: 6
	indels		: ambiguous
	tree file	: -
	node level	: -
	strict profile	: -
	outgroup	: -
	matrix          : BLOSUM62

	number of taxa        : 12
	random number of pairs: 200000000000000000

	generates threshhold value for amino acid data
	using BLOSUM62

	checks for (potential) identical taxa


	scores site patterns ...


	max number of different pairs is 66
	max random pairs are scored!

	pair: 1      ->	taxon1: H.robusta 	taxon2: E.granulos
	            	positions below base line: 956
	pair: 2      ->	taxon1: H.robusta 	taxon2: O.viverrin
	            	positions below base line: 1034
	pair: 3      ->	taxon1: H.robusta 	taxon2: D.rerio   
	            	positions below base line: 767
	pair: 4      ->	taxon1: H.robusta 	taxon2: C.intestin
	            	positions below base line: 814
	pair: 5      ->	taxon1: H.robusta 	taxon2: G.turnbull
	            	positions below base line: 896
	pair: 6      ->	taxon1: H.robusta 	taxon2: R.norvegic
	            	positions below base line: 806
	pair: 7      ->	taxon1: H.robusta 	taxon2: G.salaris 
	            	positions below base line: 941
	pair: 8      ->	taxon1: H.robusta 	taxon2: D.melanoga
	            	positions below base line: 874
	pair: 9      ->	taxon1: H.robusta 	taxon2: H.microsto
	            	positions below base line: 938
	pair: 10     ->	taxon1: H.robusta 	taxon2: N.vectensi
	            	positions below base line: 922
	pair: 11     ->	taxon1: H.robusta 	taxon2: S.mediterr
	            	positions below base line: 1058
	pair: 12     ->	taxon1: E.granulos	taxon2: O.viverrin
	            	positions below base line: 978
	pair: 13     ->	taxon1: E.granulos	taxon2: D.rerio   
	            	positions below base line: 940
	pair: 14     ->	taxon1: E.granulos	taxon2: C.intestin
	            	positions below base line: 954
	pair: 15     ->	taxon1: E.granulos	taxon2: G.turnbull
	            	positions below base line: 956
	pair: 16     ->	taxon1: E.granulos	taxon2: R.norvegic
	            	positions below base line: 965
	pair: 17     ->	taxon1: E.granulos	taxon2: G.salaris 
	            	positions below base line: 1023
	pair: 18     ->	taxon1: E.granulos	taxon2: D.melanoga
	            	positions below base line: 971
	pair: 19     ->	taxon1: E.granulos	taxon2: H.microsto
	            	positions below base line: 851
	pair: 20     ->	taxon1: E.granulos	taxon2: N.vectensi
	            	positions below base line: 1063
	pair: 21     ->	taxon1: E.granulos	taxon2: S.mediterr
	            	positions below base line: 1119
	pair: 22     ->	taxon1: O.viverrin	taxon2: D.rerio   
	            	positions below base line: 1020
	pair: 23     ->	taxon1: O.viverrin	taxon2: C.intestin
	            	positions below base line: 1038
	pair: 24     ->	taxon1: O.viverrin	taxon2: G.turnbull
	            	positions below base line: 1059
	pair: 25     ->	taxon1: O.viverrin	taxon2: R.norvegic
	            	positions below base line: 1036
	pair: 26     ->	taxon1: O.viverrin	taxon2: G.salaris 
	            	positions below base line: 1114
	pair: 27     ->	taxon1: O.viverrin	taxon2: D.melanoga
	            	positions below base line: 1038
	pair: 28     ->	taxon1: O.viverrin	taxon2: H.microsto
	            	positions below base line: 1025
	pair: 29     ->	taxon1: O.viverrin	taxon2: N.vectensi
	            	positions below base line: 1091
	pair: 30     ->	taxon1: O.viverrin	taxon2: S.mediterr
	            	positions below base line: 1127
	pair: 31     ->	taxon1: D.rerio   	taxon2: C.intestin
	            	positions below base line: 746
	pair: 32     ->	taxon1: D.rerio   	taxon2: G.turnbull
	            	positions below base line: 880
	pair: 33     ->	taxon1: D.rerio   	taxon2: R.norvegic
	            	positions below base line: 715
	pair: 34     ->	taxon1: D.rerio   	taxon2: G.salaris 
	            	positions below base line: 938
	pair: 35     ->	taxon1: D.rerio   	taxon2: D.melanoga
	            	positions below base line: 814
	pair: 36     ->	taxon1: D.rerio   	taxon2: H.microsto
	            	positions below base line: 931
	pair: 37     ->	taxon1: D.rerio   	taxon2: N.vectensi
	            	positions below base line: 892
	pair: 38     ->	taxon1: D.rerio   	taxon2: S.mediterr
	            	positions below base line: 1059
	pair: 39     ->	taxon1: C.intestin	taxon2: G.turnbull
	            	positions below base line: 894
	pair: 40     ->	taxon1: C.intestin	taxon2: R.norvegic
	            	positions below base line: 790
	pair: 41     ->	taxon1: C.intestin	taxon2: G.salaris 
	            	positions below base line: 945
	pair: 42     ->	taxon1: C.intestin	taxon2: D.melanoga
	            	positions below base line: 835
	pair: 43     ->	taxon1: C.intestin	taxon2: H.microsto
	            	positions below base line: 950
	pair: 44     ->	taxon1: C.intestin	taxon2: N.vectensi
	            	positions below base line: 926
	pair: 45     ->	taxon1: C.intestin	taxon2: S.mediterr
	            	positions below base line: 1057
	pair: 46     ->	taxon1: G.turnbull	taxon2: R.norvegic
	            	positions below base line: 901
	pair: 47     ->	taxon1: G.turnbull	taxon2: G.salaris 
	            	positions below base line: 529
	pair: 48     ->	taxon1: G.turnbull	taxon2: D.melanoga
	            	positions below base line: 951
	pair: 49     ->	taxon1: G.turnbull	taxon2: H.microsto
	            	positions below base line: 942
	pair: 50     ->	taxon1: G.turnbull	taxon2: N.vectensi
	            	positions below base line: 1009
	pair: 51     ->	taxon1: G.turnbull	taxon2: S.mediterr
	            	positions below base line: 1018
	pair: 52     ->	taxon1: R.norvegic	taxon2: G.salaris 
	            	positions below base line: 941
	pair: 53     ->	taxon1: R.norvegic	taxon2: D.melanoga
	            	positions below base line: 828
	pair: 54     ->	taxon1: R.norvegic	taxon2: H.microsto
	            	positions below base line: 954
	pair: 55     ->	taxon1: R.norvegic	taxon2: N.vectensi
	            	positions below base line: 929
	pair: 56     ->	taxon1: R.norvegic	taxon2: S.mediterr
	            	positions below base line: 1076
	pair: 57     ->	taxon1: G.salaris 	taxon2: D.melanoga
	            	positions below base line: 981
	pair: 58     ->	taxon1: G.salaris 	taxon2: H.microsto
	            	positions below base line: 991
	pair: 59     ->	taxon1: G.salaris 	taxon2: N.vectensi
	            	positions below base line: 1017
	pair: 60     ->	taxon1: G.salaris 	taxon2: S.mediterr
	            	positions below base line: 1091
	pair: 61     ->	taxon1: D.melanoga	taxon2: H.microsto
	            	positions below base line: 967
	pair: 62     ->	taxon1: D.melanoga	taxon2: N.vectensi
	            	positions below base line: 941
	pair: 63     ->	taxon1: D.melanoga	taxon2: S.mediterr
	            	positions below base line: 1070
	pair: 64     ->	taxon1: H.microsto	taxon2: N.vectensi
	            	positions below base line: 1038
	pair: 65     ->	taxon1: H.microsto	taxon2: S.mediterr
	            	positions below base line: 1114
	pair: 66     ->	taxon1: N.vectensi	taxon2: S.mediterr
	            	positions below base line: 1080

	generates quality profile from collected scores ...


	scoring done ...


	generates vector plot from collected scores ...


Argument "-" treated as 0 in increment (++) at /usr/bin/Aliscore.pl line 1213.
	Profile written to EOG091G09MU.clustalo.aln.fasta_Profile_random.txt
	List   written to EOG091G09MU.clustalo.aln.fasta_List_random.txt

	time used: 4.1 sec

