
RAxML can't, parse the alignment file as phylip file 
it will now try to parse it as FASTA file


This is the RAxML Master Pthread

This is RAxML Worker Pthread Number: 1


This is RAxML version 8.2.12 released by Alexandros Stamatakis on May 2018.

With greatly appreciated code contributions by:
Andre Aberer      (HITS)
Simon Berger      (HITS)
Alexey Kozlov     (HITS)
Kassian Kobert    (HITS)
David Dao         (KIT and HITS)
Sarah Lutteropp   (KIT and HITS)
Nick Pattengale   (Sandia)
Wayne Pfeiffer    (SDSC)
Akifumi S. Tanabe (NRIFS)
Charlie Taylor    (UF)


Alignment has 205 distinct alignment patterns

Proportion of gaps and completely undetermined characters in this alignment: 12.38%

RAxML rapid bootstrapping and subsequent ML search

Using 1 distinct models/data partitions with joint branch length optimization



Executing 100 rapid bootstrap inferences and thereafter a thorough ML search 

All free model parameters will be estimated by RAxML
GAMMA model of rate heterogeneity, ML estimate of alpha-parameter

GAMMA Model parameters will be estimated up to an accuracy of 0.1000000000 Log Likelihood units

Partition: 0
Alignment Patterns: 205
Name: No Name Provided
DataType: AA
Substitution Matrix: WAG
Using empirical base frequencies




RAxML was called as follows:

raxml -f a -T 2 -m PROTGAMMAWAGF -p 12345 -x 12345 -# 100 -s ALICUT_EOG091G09MU.clustalo.aln.fasta -n EOG091G09MU.clustalo.aln.ALICUT.WAGF 



Time for BS model parameter optimization 0.028438
Bootstrap[0]: Time 0.653713 seconds, bootstrap likelihood -3382.739876, best rearrangement setting 13
Bootstrap[1]: Time 0.620348 seconds, bootstrap likelihood -3423.240389, best rearrangement setting 13
Bootstrap[2]: Time 0.579377 seconds, bootstrap likelihood -3514.138834, best rearrangement setting 12
Bootstrap[3]: Time 0.623452 seconds, bootstrap likelihood -3248.573347, best rearrangement setting 15
Bootstrap[4]: Time 0.628687 seconds, bootstrap likelihood -3730.630127, best rearrangement setting 10
Bootstrap[5]: Time 0.614584 seconds, bootstrap likelihood -3620.602390, best rearrangement setting 10
Bootstrap[6]: Time 0.876841 seconds, bootstrap likelihood -3677.080880, best rearrangement setting 6
Bootstrap[7]: Time 0.678396 seconds, bootstrap likelihood -3580.278160, best rearrangement setting 14
Bootstrap[8]: Time 0.483751 seconds, bootstrap likelihood -3173.829456, best rearrangement setting 5
Bootstrap[9]: Time 0.625558 seconds, bootstrap likelihood -3408.069383, best rearrangement setting 7
Bootstrap[10]: Time 0.626390 seconds, bootstrap likelihood -3517.609675, best rearrangement setting 7
Bootstrap[11]: Time 0.579987 seconds, bootstrap likelihood -3259.563602, best rearrangement setting 5
Bootstrap[12]: Time 0.503739 seconds, bootstrap likelihood -3434.046758, best rearrangement setting 8
Bootstrap[13]: Time 0.721218 seconds, bootstrap likelihood -3722.631441, best rearrangement setting 7
Bootstrap[14]: Time 0.677679 seconds, bootstrap likelihood -3476.991111, best rearrangement setting 12
Bootstrap[15]: Time 0.608368 seconds, bootstrap likelihood -3370.139397, best rearrangement setting 15
Bootstrap[16]: Time 0.579673 seconds, bootstrap likelihood -3269.659930, best rearrangement setting 12
Bootstrap[17]: Time 0.825845 seconds, bootstrap likelihood -3462.051968, best rearrangement setting 12
Bootstrap[18]: Time 0.666653 seconds, bootstrap likelihood -3289.027170, best rearrangement setting 5
Bootstrap[19]: Time 0.610575 seconds, bootstrap likelihood -3552.145622, best rearrangement setting 8
Bootstrap[20]: Time 0.507221 seconds, bootstrap likelihood -3540.060691, best rearrangement setting 10
Bootstrap[21]: Time 0.583663 seconds, bootstrap likelihood -3236.159484, best rearrangement setting 6
Bootstrap[22]: Time 0.681747 seconds, bootstrap likelihood -3471.798931, best rearrangement setting 5
Bootstrap[23]: Time 0.747523 seconds, bootstrap likelihood -3538.762320, best rearrangement setting 7
Bootstrap[24]: Time 0.675938 seconds, bootstrap likelihood -3408.359496, best rearrangement setting 8
Bootstrap[25]: Time 0.648968 seconds, bootstrap likelihood -3439.841634, best rearrangement setting 6
Bootstrap[26]: Time 0.689816 seconds, bootstrap likelihood -3455.247185, best rearrangement setting 12
Bootstrap[27]: Time 0.662228 seconds, bootstrap likelihood -3355.514594, best rearrangement setting 10
Bootstrap[28]: Time 0.292540 seconds, bootstrap likelihood -3331.571580, best rearrangement setting 11
Bootstrap[29]: Time 0.607204 seconds, bootstrap likelihood -3293.403416, best rearrangement setting 12
Bootstrap[30]: Time 0.561173 seconds, bootstrap likelihood -3614.256135, best rearrangement setting 15
Bootstrap[31]: Time 0.492791 seconds, bootstrap likelihood -3266.203295, best rearrangement setting 15
Bootstrap[32]: Time 0.678214 seconds, bootstrap likelihood -3567.790385, best rearrangement setting 6
Bootstrap[33]: Time 0.766817 seconds, bootstrap likelihood -3413.572214, best rearrangement setting 15
Bootstrap[34]: Time 0.603360 seconds, bootstrap likelihood -3469.335200, best rearrangement setting 11
Bootstrap[35]: Time 0.691438 seconds, bootstrap likelihood -3549.037273, best rearrangement setting 8
Bootstrap[36]: Time 0.617020 seconds, bootstrap likelihood -3334.913463, best rearrangement setting 9
Bootstrap[37]: Time 0.664050 seconds, bootstrap likelihood -3466.352495, best rearrangement setting 11
Bootstrap[38]: Time 0.604950 seconds, bootstrap likelihood -3459.211541, best rearrangement setting 8
Bootstrap[39]: Time 0.560358 seconds, bootstrap likelihood -3309.427189, best rearrangement setting 13
Bootstrap[40]: Time 0.638004 seconds, bootstrap likelihood -3344.625071, best rearrangement setting 13
Bootstrap[41]: Time 0.660146 seconds, bootstrap likelihood -3229.100507, best rearrangement setting 10
Bootstrap[42]: Time 0.649905 seconds, bootstrap likelihood -3372.846119, best rearrangement setting 5
Bootstrap[43]: Time 0.633599 seconds, bootstrap likelihood -3290.013394, best rearrangement setting 14
Bootstrap[44]: Time 0.530787 seconds, bootstrap likelihood -3264.998198, best rearrangement setting 10
Bootstrap[45]: Time 0.649818 seconds, bootstrap likelihood -3351.478002, best rearrangement setting 15
Bootstrap[46]: Time 0.661187 seconds, bootstrap likelihood -3336.801490, best rearrangement setting 14
Bootstrap[47]: Time 0.620262 seconds, bootstrap likelihood -3252.382107, best rearrangement setting 8
Bootstrap[48]: Time 0.692368 seconds, bootstrap likelihood -3580.483113, best rearrangement setting 6
Bootstrap[49]: Time 0.640853 seconds, bootstrap likelihood -3517.513024, best rearrangement setting 7
Bootstrap[50]: Time 0.682099 seconds, bootstrap likelihood -3470.707797, best rearrangement setting 7
Bootstrap[51]: Time 0.593299 seconds, bootstrap likelihood -3382.748176, best rearrangement setting 11
Bootstrap[52]: Time 0.610632 seconds, bootstrap likelihood -3490.203722, best rearrangement setting 12
Bootstrap[53]: Time 0.683203 seconds, bootstrap likelihood -3348.863777, best rearrangement setting 8
Bootstrap[54]: Time 0.510472 seconds, bootstrap likelihood -3373.144161, best rearrangement setting 9
Bootstrap[55]: Time 0.711628 seconds, bootstrap likelihood -3543.950534, best rearrangement setting 11
Bootstrap[56]: Time 0.538965 seconds, bootstrap likelihood -3526.571749, best rearrangement setting 5
Bootstrap[57]: Time 0.592236 seconds, bootstrap likelihood -3428.230215, best rearrangement setting 7
Bootstrap[58]: Time 0.718345 seconds, bootstrap likelihood -3567.232734, best rearrangement setting 10
Bootstrap[59]: Time 0.663424 seconds, bootstrap likelihood -3382.984223, best rearrangement setting 9
Bootstrap[60]: Time 0.611851 seconds, bootstrap likelihood -3473.936692, best rearrangement setting 7
Bootstrap[61]: Time 0.556586 seconds, bootstrap likelihood -3288.550678, best rearrangement setting 5
Bootstrap[62]: Time 0.612277 seconds, bootstrap likelihood -3493.037607, best rearrangement setting 11
Bootstrap[63]: Time 0.506260 seconds, bootstrap likelihood -3463.833736, best rearrangement setting 12
Bootstrap[64]: Time 0.664692 seconds, bootstrap likelihood -3388.981586, best rearrangement setting 7
Bootstrap[65]: Time 0.552862 seconds, bootstrap likelihood -3326.906802, best rearrangement setting 5
Bootstrap[66]: Time 0.473922 seconds, bootstrap likelihood -3205.388497, best rearrangement setting 5
Bootstrap[67]: Time 0.597413 seconds, bootstrap likelihood -3438.927259, best rearrangement setting 15
Bootstrap[68]: Time 0.649476 seconds, bootstrap likelihood -3369.662225, best rearrangement setting 11
Bootstrap[69]: Time 0.743629 seconds, bootstrap likelihood -3388.564061, best rearrangement setting 5
Bootstrap[70]: Time 0.753073 seconds, bootstrap likelihood -3400.511197, best rearrangement setting 8
Bootstrap[71]: Time 0.625230 seconds, bootstrap likelihood -3270.431034, best rearrangement setting 10
Bootstrap[72]: Time 0.721638 seconds, bootstrap likelihood -3491.393265, best rearrangement setting 11
Bootstrap[73]: Time 0.632354 seconds, bootstrap likelihood -3465.409515, best rearrangement setting 9
Bootstrap[74]: Time 0.674924 seconds, bootstrap likelihood -3376.944817, best rearrangement setting 5
Bootstrap[75]: Time 0.718921 seconds, bootstrap likelihood -3392.210479, best rearrangement setting 8
Bootstrap[76]: Time 0.618430 seconds, bootstrap likelihood -3319.373279, best rearrangement setting 9
Bootstrap[77]: Time 0.699795 seconds, bootstrap likelihood -3557.481142, best rearrangement setting 11
Bootstrap[78]: Time 0.292315 seconds, bootstrap likelihood -3604.730962, best rearrangement setting 15
Bootstrap[79]: Time 0.676985 seconds, bootstrap likelihood -3370.540909, best rearrangement setting 9
Bootstrap[80]: Time 0.558146 seconds, bootstrap likelihood -3221.648854, best rearrangement setting 15
Bootstrap[81]: Time 0.577152 seconds, bootstrap likelihood -3440.122878, best rearrangement setting 7
Bootstrap[82]: Time 0.858413 seconds, bootstrap likelihood -3570.999346, best rearrangement setting 6
Bootstrap[83]: Time 0.677721 seconds, bootstrap likelihood -3413.963465, best rearrangement setting 10
Bootstrap[84]: Time 0.760652 seconds, bootstrap likelihood -3414.945661, best rearrangement setting 11
Bootstrap[85]: Time 0.600577 seconds, bootstrap likelihood -3113.705221, best rearrangement setting 8
Bootstrap[86]: Time 0.648329 seconds, bootstrap likelihood -3542.522920, best rearrangement setting 7
Bootstrap[87]: Time 0.644907 seconds, bootstrap likelihood -3477.547903, best rearrangement setting 7
Bootstrap[88]: Time 0.601678 seconds, bootstrap likelihood -3319.554101, best rearrangement setting 12
Bootstrap[89]: Time 0.653217 seconds, bootstrap likelihood -3497.304214, best rearrangement setting 10
Bootstrap[90]: Time 0.664455 seconds, bootstrap likelihood -3493.930164, best rearrangement setting 8
Bootstrap[91]: Time 0.688538 seconds, bootstrap likelihood -3438.867443, best rearrangement setting 12
Bootstrap[92]: Time 0.634611 seconds, bootstrap likelihood -3460.840610, best rearrangement setting 13
Bootstrap[93]: Time 0.635920 seconds, bootstrap likelihood -3510.719667, best rearrangement setting 15
Bootstrap[94]: Time 0.730593 seconds, bootstrap likelihood -3576.976760, best rearrangement setting 5
Bootstrap[95]: Time 0.607081 seconds, bootstrap likelihood -3400.199758, best rearrangement setting 5
Bootstrap[96]: Time 0.636307 seconds, bootstrap likelihood -3602.458167, best rearrangement setting 13
Bootstrap[97]: Time 0.647281 seconds, bootstrap likelihood -3288.814049, best rearrangement setting 11
Bootstrap[98]: Time 0.649126 seconds, bootstrap likelihood -3220.026982, best rearrangement setting 6
Bootstrap[99]: Time 0.575440 seconds, bootstrap likelihood -3480.758181, best rearrangement setting 14


Overall Time for 100 Rapid Bootstraps 63.253572 seconds
Average Time per Rapid Bootstrap 0.632536 seconds

Starting ML Search ...

Fast ML optimization finished

Fast ML search Time: 48.267724 seconds

Slow ML Search 0 Likelihood: -3465.950113
Slow ML Search 1 Likelihood: -3465.950113
Slow ML Search 2 Likelihood: -3465.950113
Slow ML Search 3 Likelihood: -3465.950113
Slow ML Search 4 Likelihood: -3465.950113
Slow ML Search 5 Likelihood: -3465.950113
Slow ML Search 6 Likelihood: -3465.950113
Slow ML Search 7 Likelihood: -3465.950113
Slow ML Search 8 Likelihood: -3465.950113
Slow ML Search 9 Likelihood: -3465.950113
Slow ML optimization finished

Slow ML search Time: 11.505833 seconds
Thorough ML search Time: 0.944110 seconds

Final ML Optimization Likelihood: -3465.950114

Model Information:

Model Parameters of Partition 0, Name: No Name Provided, Type of Data: AA
alpha: 1.308059
Tree-Length: 6.472051
rate A <-> R: 0.705217
rate A <-> N: 0.651871
rate A <-> D: 0.944853
rate A <-> C: 1.313132
rate A <-> Q: 1.161697
rate A <-> E: 2.023768
rate A <-> G: 1.811361
rate A <-> H: 0.405245
rate A <-> I: 0.247190
rate A <-> L: 0.508758
rate A <-> K: 1.158714
rate A <-> M: 1.142388
rate A <-> F: 0.269129
rate A <-> P: 1.839272
rate A <-> S: 4.309757
rate A <-> T: 2.711966
rate A <-> W: 0.144647
rate A <-> Y: 0.307794
rate A <-> V: 2.564804
rate R <-> N: 0.812328
rate R <-> D: 0.188337
rate R <-> C: 0.675324
rate R <-> Q: 3.881068
rate R <-> E: 0.561488
rate R <-> G: 0.747529
rate R <-> H: 2.732474
rate R <-> I: 0.239064
rate R <-> L: 0.636302
rate R <-> K: 6.842111
rate R <-> M: 0.873463
rate R <-> F: 0.131322
rate R <-> P: 0.868767
rate R <-> S: 1.565200
rate R <-> T: 0.708850
rate R <-> W: 1.488141
rate R <-> Y: 0.487813
rate R <-> V: 0.322004
rate N <-> D: 6.941838
rate N <-> C: 0.339146
rate N <-> Q: 1.973636
rate N <-> E: 1.211049
rate N <-> G: 1.439096
rate N <-> H: 5.058353
rate N <-> I: 0.708624
rate N <-> L: 0.168166
rate N <-> K: 3.851035
rate N <-> M: 0.253437
rate N <-> F: 0.122949
rate N <-> P: 0.249423
rate N <-> S: 5.081291
rate N <-> T: 2.595553
rate N <-> W: 0.091950
rate N <-> Y: 1.388516
rate N <-> V: 0.250912
rate D <-> C: 0.038734
rate D <-> Q: 0.788594
rate D <-> E: 7.894033
rate D <-> G: 1.106701
rate D <-> H: 1.189925
rate D <-> I: 0.050423
rate D <-> L: 0.108428
rate D <-> K: 0.613523
rate D <-> M: 0.132656
rate D <-> F: 0.059748
rate D <-> P: 0.542089
rate D <-> S: 1.370309
rate D <-> T: 0.479289
rate D <-> W: 0.165915
rate D <-> Y: 0.416441
rate D <-> V: 0.194769
rate C <-> Q: 0.126345
rate C <-> E: 0.027300
rate C <-> G: 0.392101
rate C <-> H: 0.318326
rate C <-> I: 0.217528
rate C <-> L: 0.491334
rate C <-> K: 0.094657
rate C <-> M: 0.499255
rate C <-> F: 0.508892
rate C <-> P: 0.139880
rate C <-> S: 1.799778
rate C <-> T: 0.655881
rate C <-> W: 0.916817
rate C <-> Y: 0.695323
rate C <-> V: 1.281296
rate Q <-> E: 6.993045
rate Q <-> G: 0.421991
rate Q <-> H: 5.490277
rate Q <-> I: 0.145650
rate Q <-> L: 1.111694
rate Q <-> K: 4.979863
rate Q <-> M: 1.975707
rate Q <-> F: 0.127755
rate Q <-> P: 1.193372
rate Q <-> S: 1.315472
rate Q <-> T: 1.096912
rate Q <-> W: 0.275833
rate Q <-> Y: 0.291141
rate Q <-> V: 0.385206
rate E <-> G: 0.725860
rate E <-> H: 0.728811
rate E <-> I: 0.162882
rate E <-> L: 0.197234
rate E <-> K: 3.304348
rate E <-> M: 0.402905
rate E <-> F: 0.103735
rate E <-> P: 0.872432
rate E <-> S: 0.901307
rate E <-> T: 1.051954
rate E <-> W: 0.200167
rate E <-> Y: 0.250985
rate E <-> V: 0.752728
rate G <-> H: 0.318886
rate G <-> I: 0.038932
rate G <-> L: 0.078380
rate G <-> K: 0.477616
rate G <-> M: 0.222597
rate G <-> F: 0.063840
rate G <-> P: 0.311419
rate G <-> S: 1.715597
rate G <-> T: 0.288741
rate G <-> W: 0.430853
rate G <-> Y: 0.132464
rate G <-> V: 0.239406
rate H <-> I: 0.176684
rate H <-> L: 0.638592
rate H <-> K: 1.138471
rate H <-> M: 0.516718
rate H <-> F: 0.868616
rate H <-> P: 0.890131
rate H <-> S: 0.946350
rate H <-> T: 0.605151
rate H <-> W: 0.335710
rate H <-> Y: 4.952425
rate H <-> V: 0.151328
rate I <-> L: 4.054275
rate I <-> K: 0.414039
rate I <-> M: 5.443417
rate I <-> F: 1.354596
rate I <-> P: 0.127765
rate I <-> S: 0.408423
rate I <-> T: 1.864345
rate I <-> W: 0.271672
rate I <-> Y: 0.537212
rate I <-> V: 10.000000
rate L <-> K: 0.329299
rate L <-> M: 6.206155
rate L <-> F: 2.704371
rate L <-> P: 0.531681
rate L <-> S: 0.440769
rate L <-> T: 0.417606
rate L <-> W: 0.850637
rate L <-> Y: 0.509657
rate L <-> V: 2.301842
rate K <-> M: 1.194528
rate K <-> F: 0.113582
rate K <-> P: 0.712025
rate K <-> S: 1.236534
rate K <-> T: 1.773337
rate K <-> W: 0.175808
rate K <-> Y: 0.170386
rate K <-> V: 0.390516
rate M <-> F: 1.522292
rate M <-> P: 0.219054
rate M <-> S: 0.631487
rate M <-> T: 1.938450
rate M <-> W: 0.659361
rate M <-> Y: 0.547782
rate M <-> V: 2.631851
rate F <-> P: 0.206416
rate F <-> S: 0.698005
rate F <-> T: 0.219788
rate F <-> W: 1.955736
rate F <-> Y: 8.252183
rate F <-> V: 0.830926
rate P <-> S: 2.062675
rate P <-> T: 1.016946
rate P <-> W: 0.178238
rate P <-> Y: 0.276228
rate P <-> V: 0.402602
rate S <-> T: 5.597561
rate S <-> W: 0.669635
rate S <-> Y: 1.006218
rate S <-> V: 0.297571
rate T <-> W: 0.141746
rate T <-> Y: 0.372250
rate T <-> V: 1.774935
rate W <-> Y: 3.177720
rate W <-> V: 0.467146
rate Y <-> V: 0.402401

freq pi(A): 0.037494
freq pi(R): 0.062643
freq pi(N): 0.023777
freq pi(D): 0.044810
freq pi(C): 0.046182
freq pi(Q): 0.049840
freq pi(E): 0.029721
freq pi(G): 0.053955
freq pi(H): 0.022405
freq pi(I): 0.052583
freq pi(L): 0.096022
freq pi(K): 0.079104
freq pi(M): 0.025149
freq pi(F): 0.048011
freq pi(P): 0.045725
freq pi(S): 0.075903
freq pi(T): 0.030636
freq pi(W): 0.016461
freq pi(Y): 0.102423
freq pi(V): 0.057156


ML search took 60.740359 secs or 0.016872 hours

Combined Bootstrap and ML search took 123.994176 secs or 0.034443 hours

Drawing Bootstrap Support Values on best-scoring ML tree ...



Found 1 tree in File /in/RAxML_bestTree.EOG091G09MU.clustalo.aln.ALICUT.WAGF



Found 1 tree in File /in/RAxML_bestTree.EOG091G09MU.clustalo.aln.ALICUT.WAGF

Program execution info written to /in/RAxML_info.EOG091G09MU.clustalo.aln.ALICUT.WAGF
All 100 bootstrapped trees written to: /in/RAxML_bootstrap.EOG091G09MU.clustalo.aln.ALICUT.WAGF

Best-scoring ML tree written to: /in/RAxML_bestTree.EOG091G09MU.clustalo.aln.ALICUT.WAGF

Best-scoring ML tree with support values written to: /in/RAxML_bipartitions.EOG091G09MU.clustalo.aln.ALICUT.WAGF

Best-scoring ML tree with support values as branch labels written to: /in/RAxML_bipartitionsBranchLabels.EOG091G09MU.clustalo.aln.ALICUT.WAGF

Overall execution time for full ML analysis: 123.996257 secs or 0.034443 hours or 0.001435 days

