
	reading taxa from FASTA ...


	L.gigantea           -> sites: 1288  
	E.granulosus         -> sites: 1288  
	D.rerio              -> sites: 1288  
	H.robusta            -> sites: 1288  
	T.solium             -> sites: 1288  
	C.intestinalis       -> sites: 1288  
	H.microstoma         -> sites: 1288  
	D.melanogaster       -> sites: 1288  
	S.mansoni            -> sites: 1288  
	R.norvegicus         -> sites: 1288  
	G.salaris            -> sites: 1288  
	M.lignano            -> sites: 1288  


	data type             : amino acid sequences

	input ...

	infile		: EOG091G09KX.clustalo.aln.fasta
	random pairs	: 200000000000000000
	window size	: 6
	indels		: ambiguous
	tree file	: -
	node level	: -
	strict profile	: -
	outgroup	: -
	matrix          : BLOSUM62

	number of taxa        : 12
	random number of pairs: 200000000000000000

	generates threshhold value for amino acid data
	using BLOSUM62

	checks for (potential) identical taxa


	scores site patterns ...


	max number of different pairs is 66
	max random pairs are scored!

	pair: 1      ->	taxon1: L.gigantea	taxon2: E.granulos
	            	positions below base line: 1038
	pair: 2      ->	taxon1: L.gigantea	taxon2: D.rerio   
	            	positions below base line: 900
	pair: 3      ->	taxon1: L.gigantea	taxon2: H.robusta 
	            	positions below base line: 958
	pair: 4      ->	taxon1: L.gigantea	taxon2: T.solium  
	            	positions below base line: 1039
	pair: 5      ->	taxon1: L.gigantea	taxon2: C.intestin
	            	positions below base line: 937
	pair: 6      ->	taxon1: L.gigantea	taxon2: H.microsto
	            	positions below base line: 996
	pair: 7      ->	taxon1: L.gigantea	taxon2: D.melanoga
	            	positions below base line: 935
	pair: 8      ->	taxon1: L.gigantea	taxon2: S.mansoni 
	            	positions below base line: 1001
	pair: 9      ->	taxon1: L.gigantea	taxon2: R.norvegic
	            	positions below base line: 887
	pair: 10     ->	taxon1: L.gigantea	taxon2: G.salaris 
	            	positions below base line: 992
	pair: 11     ->	taxon1: L.gigantea	taxon2: M.lignano 
	            	positions below base line: 1025
	pair: 12     ->	taxon1: E.granulos	taxon2: D.rerio   
	            	positions below base line: 1018
	pair: 13     ->	taxon1: E.granulos	taxon2: H.robusta 
	            	positions below base line: 1065
	pair: 14     ->	taxon1: E.granulos	taxon2: T.solium  
	            	positions below base line: 908
	pair: 15     ->	taxon1: E.granulos	taxon2: C.intestin
	            	positions below base line: 1041
	pair: 16     ->	taxon1: E.granulos	taxon2: H.microsto
	            	positions below base line: 955
	pair: 17     ->	taxon1: E.granulos	taxon2: D.melanoga
	            	positions below base line: 1040
	pair: 18     ->	taxon1: E.granulos	taxon2: S.mansoni 
	            	positions below base line: 1029
	pair: 19     ->	taxon1: E.granulos	taxon2: R.norvegic
	            	positions below base line: 1030
	pair: 20     ->	taxon1: E.granulos	taxon2: G.salaris 
	            	positions below base line: 1048
	pair: 21     ->	taxon1: E.granulos	taxon2: M.lignano 
	            	positions below base line: 1073
	pair: 22     ->	taxon1: D.rerio   	taxon2: H.robusta 
	            	positions below base line: 973
	pair: 23     ->	taxon1: D.rerio   	taxon2: T.solium  
	            	positions below base line: 1018
	pair: 24     ->	taxon1: D.rerio   	taxon2: C.intestin
	            	positions below base line: 912
	pair: 25     ->	taxon1: D.rerio   	taxon2: H.microsto
	            	positions below base line: 966
	pair: 26     ->	taxon1: D.rerio   	taxon2: D.melanoga
	            	positions below base line: 922
	pair: 27     ->	taxon1: D.rerio   	taxon2: S.mansoni 
	            	positions below base line: 977
	pair: 28     ->	taxon1: D.rerio   	taxon2: R.norvegic
	            	positions below base line: 842
	pair: 29     ->	taxon1: D.rerio   	taxon2: G.salaris 
	            	positions below base line: 992
	pair: 30     ->	taxon1: D.rerio   	taxon2: M.lignano 
	            	positions below base line: 1014
	pair: 31     ->	taxon1: H.robusta 	taxon2: T.solium  
	            	positions below base line: 1058
	pair: 32     ->	taxon1: H.robusta 	taxon2: C.intestin
	            	positions below base line: 997
	pair: 33     ->	taxon1: H.robusta 	taxon2: H.microsto
	            	positions below base line: 1005
	pair: 34     ->	taxon1: H.robusta 	taxon2: D.melanoga
	            	positions below base line: 986
	pair: 35     ->	taxon1: H.robusta 	taxon2: S.mansoni 
	            	positions below base line: 1031
	pair: 36     ->	taxon1: H.robusta 	taxon2: R.norvegic
	            	positions below base line: 967
	pair: 37     ->	taxon1: H.robusta 	taxon2: G.salaris 
	            	positions below base line: 1064
	pair: 38     ->	taxon1: H.robusta 	taxon2: M.lignano 
	            	positions below base line: 1058
	pair: 39     ->	taxon1: T.solium  	taxon2: C.intestin
	            	positions below base line: 1028
	pair: 40     ->	taxon1: T.solium  	taxon2: H.microsto
	            	positions below base line: 924
	pair: 41     ->	taxon1: T.solium  	taxon2: D.melanoga
	            	positions below base line: 1040
	pair: 42     ->	taxon1: T.solium  	taxon2: S.mansoni 
	            	positions below base line: 1010
	pair: 43     ->	taxon1: T.solium  	taxon2: R.norvegic
	            	positions below base line: 1034
	pair: 44     ->	taxon1: T.solium  	taxon2: G.salaris 
	            	positions below base line: 1040
	pair: 45     ->	taxon1: T.solium  	taxon2: M.lignano 
	            	positions below base line: 1073
	pair: 46     ->	taxon1: C.intestin	taxon2: H.microsto
	            	positions below base line: 972
	pair: 47     ->	taxon1: C.intestin	taxon2: D.melanoga
	            	positions below base line: 942
	pair: 48     ->	taxon1: C.intestin	taxon2: S.mansoni 
	            	positions below base line: 1015
	pair: 49     ->	taxon1: C.intestin	taxon2: R.norvegic
	            	positions below base line: 927
	pair: 50     ->	taxon1: C.intestin	taxon2: G.salaris 
	            	positions below base line: 996
	pair: 51     ->	taxon1: C.intestin	taxon2: M.lignano 
	            	positions below base line: 1023
	pair: 52     ->	taxon1: H.microsto	taxon2: D.melanoga
	            	positions below base line: 982
	pair: 53     ->	taxon1: H.microsto	taxon2: S.mansoni 
	            	positions below base line: 926
	pair: 54     ->	taxon1: H.microsto	taxon2: R.norvegic
	            	positions below base line: 986
	pair: 55     ->	taxon1: H.microsto	taxon2: G.salaris 
	            	positions below base line: 973
	pair: 56     ->	taxon1: H.microsto	taxon2: M.lignano 
	            	positions below base line: 1028
	pair: 57     ->	taxon1: D.melanoga	taxon2: S.mansoni 
	            	positions below base line: 1001
	pair: 58     ->	taxon1: D.melanoga	taxon2: R.norvegic
	            	positions below base line: 909
	pair: 59     ->	taxon1: D.melanoga	taxon2: G.salaris 
	            	positions below base line: 996
	pair: 60     ->	taxon1: D.melanoga	taxon2: M.lignano 
	            	positions below base line: 1000
	pair: 61     ->	taxon1: S.mansoni 	taxon2: R.norvegic
	            	positions below base line: 998
	pair: 62     ->	taxon1: S.mansoni 	taxon2: G.salaris 
	            	positions below base line: 1010
	pair: 63     ->	taxon1: S.mansoni 	taxon2: M.lignano 
	            	positions below base line: 1044
	pair: 64     ->	taxon1: R.norvegic	taxon2: G.salaris 
	            	positions below base line: 1004
	pair: 65     ->	taxon1: R.norvegic	taxon2: M.lignano 
	            	positions below base line: 1009
	pair: 66     ->	taxon1: G.salaris 	taxon2: M.lignano 
	            	positions below base line: 1046

	generates quality profile from collected scores ...


	scoring done ...


	generates vector plot from collected scores ...


Argument "-" treated as 0 in increment (++) at /usr/bin/Aliscore.pl line 1213.
	Profile written to EOG091G09KX.clustalo.aln.fasta_Profile_random.txt
	List   written to EOG091G09KX.clustalo.aln.fasta_List_random.txt

	time used: 3.99 sec

