
	reading taxa from FASTA ...


	G.turnbulli          -> sites: 1773  
	E.granulosus         -> sites: 1773  
	R.norvegicus         -> sites: 1773  
	D.rerio              -> sites: 1773  
	N.vectensis          -> sites: 1773  
	T.solium             -> sites: 1773  
	H.robusta            -> sites: 1773  
	D.melanogaster       -> sites: 1773  
	C.intestinalis       -> sites: 1773  
	H.microstoma         -> sites: 1773  
	G.salaris            -> sites: 1773  
	O.viverrini          -> sites: 1773  


	data type             : amino acid sequences

	input ...

	infile		: EOG091G01XI.clustalo.aln.fasta
	random pairs	: 200000000000000000
	window size	: 6
	indels		: ambiguous
	tree file	: -
	node level	: -
	strict profile	: -
	outgroup	: -
	matrix          : BLOSUM62

	number of taxa        : 12
	random number of pairs: 200000000000000000

	generates threshhold value for amino acid data
	using BLOSUM62

	checks for (potential) identical taxa


	scores site patterns ...


	max number of different pairs is 66
	max random pairs are scored!

	pair: 1      ->	taxon1: G.turnbull	taxon2: E.granulos
	            	positions below base line: 1233
	pair: 2      ->	taxon1: G.turnbull	taxon2: R.norvegic
	            	positions below base line: 1227
	pair: 3      ->	taxon1: G.turnbull	taxon2: D.rerio   
	            	positions below base line: 1228
	pair: 4      ->	taxon1: G.turnbull	taxon2: N.vectensi
	            	positions below base line: 1184
	pair: 5      ->	taxon1: G.turnbull	taxon2: T.solium  
	            	positions below base line: 1348
	pair: 6      ->	taxon1: G.turnbull	taxon2: H.robusta 
	            	positions below base line: 1240
	pair: 7      ->	taxon1: G.turnbull	taxon2: D.melanoga
	            	positions below base line: 1311
	pair: 8      ->	taxon1: G.turnbull	taxon2: C.intestin
	            	positions below base line: 1341
	pair: 9      ->	taxon1: G.turnbull	taxon2: H.microsto
	            	positions below base line: 1309
	pair: 10     ->	taxon1: G.turnbull	taxon2: G.salaris 
	            	positions below base line: 1333
	pair: 11     ->	taxon1: G.turnbull	taxon2: O.viverrin
	            	positions below base line: 1314
	pair: 12     ->	taxon1: E.granulos	taxon2: R.norvegic
	            	positions below base line: 1255
	pair: 13     ->	taxon1: E.granulos	taxon2: D.rerio   
	            	positions below base line: 1277
	pair: 14     ->	taxon1: E.granulos	taxon2: N.vectensi
	            	positions below base line: 1261
	pair: 15     ->	taxon1: E.granulos	taxon2: T.solium  
	            	positions below base line: 1063
	pair: 16     ->	taxon1: E.granulos	taxon2: H.robusta 
	            	positions below base line: 1284
	pair: 17     ->	taxon1: E.granulos	taxon2: D.melanoga
	            	positions below base line: 1374
	pair: 18     ->	taxon1: E.granulos	taxon2: C.intestin
	            	positions below base line: 1382
	pair: 19     ->	taxon1: E.granulos	taxon2: H.microsto
	            	positions below base line: 1124
	pair: 20     ->	taxon1: E.granulos	taxon2: G.salaris 
	            	positions below base line: 1509
	pair: 21     ->	taxon1: E.granulos	taxon2: O.viverrin
	            	positions below base line: 1349
	pair: 22     ->	taxon1: R.norvegic	taxon2: D.rerio   
	            	positions below base line: 713
	pair: 23     ->	taxon1: R.norvegic	taxon2: N.vectensi
	            	positions below base line: 907
	pair: 24     ->	taxon1: R.norvegic	taxon2: T.solium  
	            	positions below base line: 1389
	pair: 25     ->	taxon1: R.norvegic	taxon2: H.robusta 
	            	positions below base line: 1002
	pair: 26     ->	taxon1: R.norvegic	taxon2: D.melanoga
	            	positions below base line: 1047
	pair: 27     ->	taxon1: R.norvegic	taxon2: C.intestin
	            	positions below base line: 1120
	pair: 28     ->	taxon1: R.norvegic	taxon2: H.microsto
	            	positions below base line: 1348
	pair: 29     ->	taxon1: R.norvegic	taxon2: G.salaris 
	            	positions below base line: 1480
	pair: 30     ->	taxon1: R.norvegic	taxon2: O.viverrin
	            	positions below base line: 1378
	pair: 31     ->	taxon1: D.rerio   	taxon2: N.vectensi
	            	positions below base line: 881
	pair: 32     ->	taxon1: D.rerio   	taxon2: T.solium  
	            	positions below base line: 1420
	pair: 33     ->	taxon1: D.rerio   	taxon2: H.robusta 
	            	positions below base line: 940
	pair: 34     ->	taxon1: D.rerio   	taxon2: D.melanoga
	            	positions below base line: 1043
	pair: 35     ->	taxon1: D.rerio   	taxon2: C.intestin
	            	positions below base line: 1116
	pair: 36     ->	taxon1: D.rerio   	taxon2: H.microsto
	            	positions below base line: 1361
	pair: 37     ->	taxon1: D.rerio   	taxon2: G.salaris 
	            	positions below base line: 1463
	pair: 38     ->	taxon1: D.rerio   	taxon2: O.viverrin
	            	positions below base line: 1353
	pair: 39     ->	taxon1: N.vectensi	taxon2: T.solium  
	            	positions below base line: 1386
	pair: 40     ->	taxon1: N.vectensi	taxon2: H.robusta 
	            	positions below base line: 994
	pair: 41     ->	taxon1: N.vectensi	taxon2: D.melanoga
	            	positions below base line: 1107
	pair: 42     ->	taxon1: N.vectensi	taxon2: C.intestin
	            	positions below base line: 1135
	pair: 43     ->	taxon1: N.vectensi	taxon2: H.microsto
	            	positions below base line: 1349
	pair: 44     ->	taxon1: N.vectensi	taxon2: G.salaris 
	            	positions below base line: 1448
	pair: 45     ->	taxon1: N.vectensi	taxon2: O.viverrin
	            	positions below base line: 1388
	pair: 46     ->	taxon1: T.solium  	taxon2: H.robusta 
	            	positions below base line: 1435
	pair: 47     ->	taxon1: T.solium  	taxon2: D.melanoga
	            	positions below base line: 1443
	pair: 48     ->	taxon1: T.solium  	taxon2: C.intestin
	            	positions below base line: 1463
	pair: 49     ->	taxon1: T.solium  	taxon2: H.microsto
	            	positions below base line: 1298
	pair: 50     ->	taxon1: T.solium  	taxon2: G.salaris 
	            	positions below base line: 1578
	pair: 51     ->	taxon1: T.solium  	taxon2: O.viverrin
	            	positions below base line: 1491
	pair: 52     ->	taxon1: H.robusta 	taxon2: D.melanoga
	            	positions below base line: 1155
	pair: 53     ->	taxon1: H.robusta 	taxon2: C.intestin
	            	positions below base line: 1156
	pair: 54     ->	taxon1: H.robusta 	taxon2: H.microsto
	            	positions below base line: 1354
	pair: 55     ->	taxon1: H.robusta 	taxon2: G.salaris 
	            	positions below base line: 1473
	pair: 56     ->	taxon1: H.robusta 	taxon2: O.viverrin
	            	positions below base line: 1403
	pair: 57     ->	taxon1: D.melanoga	taxon2: C.intestin
	            	positions below base line: 1209
	pair: 58     ->	taxon1: D.melanoga	taxon2: H.microsto
	            	positions below base line: 1404
	pair: 59     ->	taxon1: D.melanoga	taxon2: G.salaris 
	            	positions below base line: 1540
	pair: 60     ->	taxon1: D.melanoga	taxon2: O.viverrin
	            	positions below base line: 1450
	pair: 61     ->	taxon1: C.intestin	taxon2: H.microsto
	            	positions below base line: 1479
	pair: 62     ->	taxon1: C.intestin	taxon2: G.salaris 
	            	positions below base line: 1528
	pair: 63     ->	taxon1: C.intestin	taxon2: O.viverrin
	            	positions below base line: 1516
	pair: 64     ->	taxon1: H.microsto	taxon2: G.salaris 
	            	positions below base line: 1598
	pair: 65     ->	taxon1: H.microsto	taxon2: O.viverrin
	            	positions below base line: 1281
	pair: 66     ->	taxon1: G.salaris 	taxon2: O.viverrin
	            	positions below base line: 1561

	generates quality profile from collected scores ...


	scoring done ...


	generates vector plot from collected scores ...


Argument "-" treated as 0 in increment (++) at /usr/bin/Aliscore.pl line 1213.
	Profile written to EOG091G01XI.clustalo.aln.fasta_Profile_random.txt
	List   written to EOG091G01XI.clustalo.aln.fasta_List_random.txt

	time used: 4.82 sec

