
RAxML can't, parse the alignment file as phylip file 
it will now try to parse it as FASTA file



IMPORTANT WARNING: Sequences D.rerio and R.norvegicus are exactly identical

IMPORTANT WARNING
Found 1 sequence that is exactly identical to other sequences in the alignment.
Normally they should be excluded from the analysis.

Just in case you might need it, an alignment file with 
sequence duplicates removed is printed to file ALICUT_EOG091G0RTZ.clustalo.aln.fasta.reduced

This is the RAxML Master Pthread

This is RAxML Worker Pthread Number: 1

This is RAxML Worker Pthread Number: 2

This is RAxML Worker Pthread Number: 3

This is RAxML Worker Pthread Number: 4

This is RAxML Worker Pthread Number: 5


This is RAxML version 8.2.12 released by Alexandros Stamatakis on May 2018.

With greatly appreciated code contributions by:
Andre Aberer      (HITS)
Simon Berger      (HITS)
Alexey Kozlov     (HITS)
Kassian Kobert    (HITS)
David Dao         (KIT and HITS)
Sarah Lutteropp   (KIT and HITS)
Nick Pattengale   (Sandia)
Wayne Pfeiffer    (SDSC)
Akifumi S. Tanabe (NRIFS)
Charlie Taylor    (UF)


Alignment has 91 distinct alignment patterns

Proportion of gaps and completely undetermined characters in this alignment: 0.92%

RAxML rapid bootstrapping and subsequent ML search

Using 1 distinct models/data partitions with joint branch length optimization



Executing 100 rapid bootstrap inferences and thereafter a thorough ML search 

All free model parameters will be estimated by RAxML
GAMMA model of rate heterogeneity, ML estimate of alpha-parameter

GAMMA Model parameters will be estimated up to an accuracy of 0.1000000000 Log Likelihood units

Partition: 0
Alignment Patterns: 91
Name: No Name Provided
DataType: AA
Substitution Matrix: LG
Using empirical base frequencies




RAxML was called as follows:

raxml -f a -T 6 -m PROTGAMMALGF -p 12345 -x 12345 -# 100 -s ALICUT_EOG091G0RTZ.clustalo.aln.fasta -n EOG091G0RTZ.clustalo.aln.ALICUT.LGF 



Time for BS model parameter optimization 0.016182
Bootstrap[0]: Time 0.336844 seconds, bootstrap likelihood -1175.689167, best rearrangement setting 13
Bootstrap[1]: Time 0.251106 seconds, bootstrap likelihood -1082.040097, best rearrangement setting 13
Bootstrap[2]: Time 0.289044 seconds, bootstrap likelihood -1153.001169, best rearrangement setting 12
Bootstrap[3]: Time 0.243332 seconds, bootstrap likelihood -847.392797, best rearrangement setting 15
Bootstrap[4]: Time 0.342802 seconds, bootstrap likelihood -1110.826039, best rearrangement setting 10
Bootstrap[5]: Time 0.336171 seconds, bootstrap likelihood -1254.648662, best rearrangement setting 10
Bootstrap[6]: Time 0.314491 seconds, bootstrap likelihood -1163.037973, best rearrangement setting 6
Bootstrap[7]: Time 0.295789 seconds, bootstrap likelihood -1135.098439, best rearrangement setting 14
Bootstrap[8]: Time 0.280422 seconds, bootstrap likelihood -1242.763330, best rearrangement setting 5
Bootstrap[9]: Time 0.269101 seconds, bootstrap likelihood -1055.775865, best rearrangement setting 7
Bootstrap[10]: Time 0.319123 seconds, bootstrap likelihood -1161.572199, best rearrangement setting 7
Bootstrap[11]: Time 0.259616 seconds, bootstrap likelihood -1123.870536, best rearrangement setting 5
Bootstrap[12]: Time 0.303647 seconds, bootstrap likelihood -1183.786347, best rearrangement setting 8
Bootstrap[13]: Time 0.295440 seconds, bootstrap likelihood -1021.193220, best rearrangement setting 7
Bootstrap[14]: Time 0.359930 seconds, bootstrap likelihood -1243.414850, best rearrangement setting 12
Bootstrap[15]: Time 0.336047 seconds, bootstrap likelihood -1239.168398, best rearrangement setting 15
Bootstrap[16]: Time 0.300760 seconds, bootstrap likelihood -1307.485874, best rearrangement setting 12
Bootstrap[17]: Time 0.279966 seconds, bootstrap likelihood -1116.274496, best rearrangement setting 12
Bootstrap[18]: Time 0.328659 seconds, bootstrap likelihood -1212.142801, best rearrangement setting 5
Bootstrap[19]: Time 0.312252 seconds, bootstrap likelihood -1169.722776, best rearrangement setting 8
Bootstrap[20]: Time 0.272326 seconds, bootstrap likelihood -981.197356, best rearrangement setting 10
Bootstrap[21]: Time 0.229675 seconds, bootstrap likelihood -1077.431837, best rearrangement setting 6
Bootstrap[22]: Time 0.247030 seconds, bootstrap likelihood -1106.969306, best rearrangement setting 5
Bootstrap[23]: Time 0.283696 seconds, bootstrap likelihood -1170.493885, best rearrangement setting 7
Bootstrap[24]: Time 0.306978 seconds, bootstrap likelihood -976.239634, best rearrangement setting 8
Bootstrap[25]: Time 0.309971 seconds, bootstrap likelihood -1077.327529, best rearrangement setting 6
Bootstrap[26]: Time 0.315936 seconds, bootstrap likelihood -1399.139995, best rearrangement setting 12
Bootstrap[27]: Time 0.275977 seconds, bootstrap likelihood -1041.533093, best rearrangement setting 10
Bootstrap[28]: Time 0.270316 seconds, bootstrap likelihood -1108.635197, best rearrangement setting 11
Bootstrap[29]: Time 0.278786 seconds, bootstrap likelihood -1066.528257, best rearrangement setting 12
Bootstrap[30]: Time 0.315090 seconds, bootstrap likelihood -1185.516747, best rearrangement setting 15
Bootstrap[31]: Time 0.295815 seconds, bootstrap likelihood -1105.427293, best rearrangement setting 15
Bootstrap[32]: Time 0.130997 seconds, bootstrap likelihood -1233.488021, best rearrangement setting 6
Bootstrap[33]: Time 0.340260 seconds, bootstrap likelihood -1262.890733, best rearrangement setting 15
Bootstrap[34]: Time 0.317060 seconds, bootstrap likelihood -1087.023287, best rearrangement setting 11
Bootstrap[35]: Time 0.287243 seconds, bootstrap likelihood -1105.953301, best rearrangement setting 8
Bootstrap[36]: Time 0.312114 seconds, bootstrap likelihood -1186.803127, best rearrangement setting 9
Bootstrap[37]: Time 0.333455 seconds, bootstrap likelihood -1277.465542, best rearrangement setting 11
Bootstrap[38]: Time 0.304511 seconds, bootstrap likelihood -1220.779505, best rearrangement setting 8
Bootstrap[39]: Time 0.295253 seconds, bootstrap likelihood -1042.546185, best rearrangement setting 13
Bootstrap[40]: Time 0.315108 seconds, bootstrap likelihood -1157.966065, best rearrangement setting 13
Bootstrap[41]: Time 0.294220 seconds, bootstrap likelihood -1145.286016, best rearrangement setting 10
Bootstrap[42]: Time 0.304050 seconds, bootstrap likelihood -1174.102749, best rearrangement setting 5
Bootstrap[43]: Time 0.281316 seconds, bootstrap likelihood -1065.034598, best rearrangement setting 14
Bootstrap[44]: Time 0.322526 seconds, bootstrap likelihood -1245.844368, best rearrangement setting 10
Bootstrap[45]: Time 0.277765 seconds, bootstrap likelihood -1024.163379, best rearrangement setting 15
Bootstrap[46]: Time 0.239145 seconds, bootstrap likelihood -998.127372, best rearrangement setting 14
Bootstrap[47]: Time 0.303074 seconds, bootstrap likelihood -963.059211, best rearrangement setting 8
Bootstrap[48]: Time 0.286028 seconds, bootstrap likelihood -1159.408137, best rearrangement setting 6
Bootstrap[49]: Time 0.318277 seconds, bootstrap likelihood -1068.815729, best rearrangement setting 7
Bootstrap[50]: Time 0.330206 seconds, bootstrap likelihood -1061.449462, best rearrangement setting 7
Bootstrap[51]: Time 0.303176 seconds, bootstrap likelihood -1004.581266, best rearrangement setting 11
Bootstrap[52]: Time 0.290498 seconds, bootstrap likelihood -1066.194821, best rearrangement setting 12
Bootstrap[53]: Time 0.295859 seconds, bootstrap likelihood -1130.428246, best rearrangement setting 8
Bootstrap[54]: Time 0.300222 seconds, bootstrap likelihood -1207.957576, best rearrangement setting 9
Bootstrap[55]: Time 0.311137 seconds, bootstrap likelihood -1162.741789, best rearrangement setting 11
Bootstrap[56]: Time 0.285192 seconds, bootstrap likelihood -1106.571982, best rearrangement setting 5
Bootstrap[57]: Time 0.276853 seconds, bootstrap likelihood -1089.017621, best rearrangement setting 7
Bootstrap[58]: Time 0.264636 seconds, bootstrap likelihood -1054.986781, best rearrangement setting 10
Bootstrap[59]: Time 0.349949 seconds, bootstrap likelihood -1024.200868, best rearrangement setting 9
Bootstrap[60]: Time 0.322384 seconds, bootstrap likelihood -1100.363412, best rearrangement setting 7
Bootstrap[61]: Time 0.338697 seconds, bootstrap likelihood -1172.423983, best rearrangement setting 5
Bootstrap[62]: Time 0.290857 seconds, bootstrap likelihood -965.824546, best rearrangement setting 11
Bootstrap[63]: Time 0.311515 seconds, bootstrap likelihood -1125.496312, best rearrangement setting 12
Bootstrap[64]: Time 0.326817 seconds, bootstrap likelihood -1085.795015, best rearrangement setting 7
Bootstrap[65]: Time 0.311040 seconds, bootstrap likelihood -1184.237814, best rearrangement setting 5
Bootstrap[66]: Time 0.306660 seconds, bootstrap likelihood -1091.578221, best rearrangement setting 5
Bootstrap[67]: Time 0.262964 seconds, bootstrap likelihood -1006.076241, best rearrangement setting 15
Bootstrap[68]: Time 0.273304 seconds, bootstrap likelihood -1171.110046, best rearrangement setting 11
Bootstrap[69]: Time 0.259393 seconds, bootstrap likelihood -1050.540216, best rearrangement setting 5
Bootstrap[70]: Time 0.329515 seconds, bootstrap likelihood -1240.731354, best rearrangement setting 8
Bootstrap[71]: Time 0.277633 seconds, bootstrap likelihood -1193.976755, best rearrangement setting 10
Bootstrap[72]: Time 0.292175 seconds, bootstrap likelihood -1051.904904, best rearrangement setting 11
Bootstrap[73]: Time 0.311534 seconds, bootstrap likelihood -1286.886222, best rearrangement setting 9
Bootstrap[74]: Time 0.307780 seconds, bootstrap likelihood -1181.796230, best rearrangement setting 5
Bootstrap[75]: Time 0.282267 seconds, bootstrap likelihood -1062.993821, best rearrangement setting 8
Bootstrap[76]: Time 0.307579 seconds, bootstrap likelihood -1123.270269, best rearrangement setting 9
Bootstrap[77]: Time 0.267944 seconds, bootstrap likelihood -1154.152182, best rearrangement setting 11
Bootstrap[78]: Time 0.334310 seconds, bootstrap likelihood -1136.639971, best rearrangement setting 15
Bootstrap[79]: Time 0.303638 seconds, bootstrap likelihood -1126.460962, best rearrangement setting 9
Bootstrap[80]: Time 0.306530 seconds, bootstrap likelihood -1193.696273, best rearrangement setting 15
Bootstrap[81]: Time 0.315385 seconds, bootstrap likelihood -1204.318663, best rearrangement setting 7
Bootstrap[82]: Time 0.309751 seconds, bootstrap likelihood -1082.302290, best rearrangement setting 6
Bootstrap[83]: Time 0.288898 seconds, bootstrap likelihood -1109.240297, best rearrangement setting 10
Bootstrap[84]: Time 0.353806 seconds, bootstrap likelihood -1251.699174, best rearrangement setting 11
Bootstrap[85]: Time 0.325222 seconds, bootstrap likelihood -1319.287258, best rearrangement setting 8
Bootstrap[86]: Time 0.261440 seconds, bootstrap likelihood -1087.814801, best rearrangement setting 7
Bootstrap[87]: Time 0.319965 seconds, bootstrap likelihood -1232.598645, best rearrangement setting 7
Bootstrap[88]: Time 0.273201 seconds, bootstrap likelihood -1099.493934, best rearrangement setting 12
Bootstrap[89]: Time 0.268669 seconds, bootstrap likelihood -1085.995733, best rearrangement setting 10
Bootstrap[90]: Time 0.286695 seconds, bootstrap likelihood -1095.715098, best rearrangement setting 8
Bootstrap[91]: Time 0.284604 seconds, bootstrap likelihood -1057.499891, best rearrangement setting 12
Bootstrap[92]: Time 0.298769 seconds, bootstrap likelihood -1139.011815, best rearrangement setting 13
Bootstrap[93]: Time 0.265232 seconds, bootstrap likelihood -1009.878500, best rearrangement setting 15
Bootstrap[94]: Time 0.306968 seconds, bootstrap likelihood -1119.564170, best rearrangement setting 5
Bootstrap[95]: Time 0.363832 seconds, bootstrap likelihood -1269.194996, best rearrangement setting 5
Bootstrap[96]: Time 0.134961 seconds, bootstrap likelihood -1229.842850, best rearrangement setting 13
Bootstrap[97]: Time 0.348989 seconds, bootstrap likelihood -1173.459433, best rearrangement setting 11
Bootstrap[98]: Time 0.284939 seconds, bootstrap likelihood -1118.081043, best rearrangement setting 6
Bootstrap[99]: Time 0.265078 seconds, bootstrap likelihood -1137.810269, best rearrangement setting 14


Overall Time for 100 Rapid Bootstraps 29.627847 seconds
Average Time per Rapid Bootstrap 0.296278 seconds

Starting ML Search ...

Fast ML optimization finished

Fast ML search Time: 17.192704 seconds

Slow ML Search 0 Likelihood: -1142.377234
Slow ML Search 1 Likelihood: -1142.377234
Slow ML Search 2 Likelihood: -1142.377234
Slow ML Search 3 Likelihood: -1142.377234
Slow ML Search 4 Likelihood: -1142.377234
Slow ML Search 5 Likelihood: -1142.377234
Slow ML Search 6 Likelihood: -1142.377234
Slow ML Search 7 Likelihood: -1142.377234
Slow ML Search 8 Likelihood: -1142.377234
Slow ML Search 9 Likelihood: -1142.377234
Slow ML optimization finished

Slow ML search Time: 6.692708 seconds
Thorough ML search Time: 0.441769 seconds

Final ML Optimization Likelihood: -1142.377234

Model Information:

Model Parameters of Partition 0, Name: No Name Provided, Type of Data: AA
alpha: 0.691110
Tree-Length: 2.213359
rate A <-> R: 0.399182
rate A <-> N: 0.259945
rate A <-> D: 0.371058
rate A <-> C: 2.337364
rate A <-> Q: 0.910775
rate A <-> E: 0.975241
rate A <-> G: 1.940106
rate A <-> H: 0.336984
rate A <-> I: 0.140697
rate A <-> L: 0.371240
rate A <-> K: 0.503815
rate A <-> M: 1.055520
rate A <-> F: 0.238237
rate A <-> P: 1.105868
rate A <-> S: 4.439041
rate A <-> T: 2.009090
rate A <-> W: 0.169702
rate A <-> Y: 0.205613
rate A <-> V: 2.392567
rate R <-> N: 0.706048
rate R <-> D: 0.116398
rate R <-> C: 0.501968
rate R <-> Q: 2.636754
rate R <-> E: 0.341785
rate R <-> G: 0.366408
rate R <-> H: 2.278690
rate R <-> I: 0.119250
rate R <-> L: 0.283449
rate R <-> K: 5.940467
rate R <-> M: 0.454623
rate R <-> F: 0.049508
rate R <-> P: 0.312264
rate R <-> S: 0.805843
rate R <-> T: 0.543695
rate R <-> W: 0.557424
rate R <-> Y: 0.295274
rate R <-> V: 0.160471
rate N <-> D: 4.766737
rate N <-> C: 0.496537
rate N <-> Q: 1.592389
rate N <-> E: 0.508692
rate N <-> G: 1.350015
rate N <-> H: 4.234381
rate N <-> I: 0.179830
rate N <-> L: 0.064256
rate N <-> K: 2.014327
rate N <-> M: 0.348390
rate N <-> F: 0.084068
rate N <-> P: 0.151925
rate N <-> S: 3.764032
rate N <-> T: 1.878729
rate N <-> W: 0.042610
rate N <-> Y: 0.574720
rate N <-> V: 0.078587
rate D <-> C: 0.058743
rate D <-> Q: 0.491483
rate D <-> E: 4.924234
rate D <-> G: 0.793424
rate D <-> H: 0.870603
rate D <-> I: 0.010038
rate D <-> L: 0.014157
rate D <-> K: 0.265711
rate D <-> M: 0.023991
rate D <-> F: 0.016354
rate D <-> P: 0.370412
rate D <-> S: 1.164675
rate D <-> T: 0.399902
rate D <-> W: 0.028068
rate D <-> Y: 0.126872
rate D <-> V: 0.035653
rate C <-> Q: 0.079639
rate C <-> E: 0.003286
rate C <-> G: 0.534566
rate C <-> H: 0.601499
rate C <-> I: 0.301083
rate C <-> L: 0.557800
rate C <-> K: 0.012457
rate C <-> M: 0.839207
rate C <-> F: 1.037881
rate C <-> P: 0.070787
rate C <-> S: 2.614753
rate C <-> T: 1.073780
rate C <-> W: 0.629281
rate C <-> Y: 1.094488
rate C <-> V: 1.839864
rate Q <-> E: 3.876936
rate Q <-> G: 0.251626
rate Q <-> H: 4.520102
rate Q <-> I: 0.068413
rate Q <-> L: 0.546954
rate Q <-> K: 3.037150
rate Q <-> M: 1.570619
rate Q <-> F: 0.033669
rate Q <-> P: 0.586241
rate Q <-> S: 1.149231
rate Q <-> T: 1.014297
rate Q <-> W: 0.221802
rate Q <-> Y: 0.241650
rate Q <-> V: 0.197511
rate E <-> G: 0.327583
rate E <-> H: 0.398044
rate E <-> I: 0.041567
rate E <-> L: 0.065426
rate E <-> K: 1.697022
rate E <-> M: 0.163145
rate E <-> F: 0.017664
rate E <-> P: 0.393844
rate E <-> S: 0.574671
rate E <-> T: 0.567695
rate E <-> W: 0.073107
rate E <-> Y: 0.112720
rate E <-> V: 0.230098
rate G <-> H: 0.292498
rate G <-> I: 0.008174
rate G <-> L: 0.041563
rate G <-> K: 0.278555
rate G <-> M: 0.131033
rate G <-> F: 0.084125
rate G <-> P: 0.184955
rate G <-> S: 1.633930
rate G <-> T: 0.121922
rate G <-> W: 0.252125
rate G <-> Y: 0.051346
rate G <-> V: 0.072026
rate H <-> I: 0.102245
rate H <-> L: 0.343988
rate H <-> K: 0.654763
rate H <-> M: 0.415502
rate H <-> F: 0.640560
rate H <-> P: 0.477834
rate H <-> S: 0.929667
rate H <-> T: 0.548649
rate H <-> W: 0.560661
rate H <-> Y: 4.983361
rate H <-> V: 0.111759
rate I <-> L: 3.892408
rate I <-> K: 0.149373
rate I <-> M: 4.013113
rate I <-> F: 1.044902
rate I <-> P: 0.073509
rate I <-> S: 0.060198
rate I <-> T: 0.970728
rate I <-> W: 0.104854
rate I <-> Y: 0.218350
rate I <-> V: 10.000000
rate L <-> K: 0.129119
rate L <-> M: 5.927594
rate L <-> F: 2.434657
rate L <-> P: 0.233879
rate L <-> S: 0.171176
rate L <-> T: 0.284471
rate L <-> W: 0.581863
rate L <-> Y: 0.281383
rate L <-> V: 1.598956
rate K <-> M: 0.616581
rate K <-> F: 0.022460
rate K <-> P: 0.366530
rate K <-> S: 0.703048
rate K <-> T: 1.067567
rate K <-> W: 0.046864
rate K <-> Y: 0.123890
rate K <-> V: 0.173913
rate M <-> F: 1.689205
rate M <-> P: 0.093763
rate M <-> S: 0.325811
rate M <-> T: 1.897216
rate M <-> W: 0.653740
rate M <-> Y: 0.451968
rate M <-> V: 1.782983
rate F <-> P: 0.088706
rate F <-> S: 0.339765
rate F <-> T: 0.154944
rate F <-> W: 2.307349
rate F <-> Y: 7.328222
rate F <-> V: 0.614777
rate P <-> S: 1.256567
rate P <-> T: 0.536635
rate P <-> W: 0.089332
rate P <-> Y: 0.084151
rate P <-> V: 0.278428
rate S <-> T: 6.077767
rate S <-> W: 0.233693
rate S <-> Y: 0.376132
rate S <-> V: 0.092373
rate T <-> W: 0.132241
rate T <-> Y: 0.230856
rate T <-> V: 2.054781
rate W <-> Y: 2.959699
rate W <-> V: 0.177959
rate Y <-> V: 0.234116

freq pi(A): 0.055914
freq pi(R): 0.064612
freq pi(N): 0.077037
freq pi(D): 0.060263
freq pi(C): 0.017396
freq pi(Q): 0.024851
freq pi(E): 0.060884
freq pi(G): 0.054672
freq pi(H): 0.012425
freq pi(I): 0.067718
freq pi(L): 0.083250
freq pi(K): 0.102509
freq pi(M): 0.014289
freq pi(F): 0.037276
freq pi(P): 0.046595
freq pi(S): 0.020502
freq pi(T): 0.052808
freq pi(W): 0.001000
freq pi(Y): 0.074552
freq pi(V): 0.071446


ML search took 24.350807 secs or 0.006764 hours

Combined Bootstrap and ML search took 53.978923 secs or 0.014994 hours

Drawing Bootstrap Support Values on best-scoring ML tree ...



Found 1 tree in File /in/RAxML_bestTree.EOG091G0RTZ.clustalo.aln.ALICUT.LGF



Found 1 tree in File /in/RAxML_bestTree.EOG091G0RTZ.clustalo.aln.ALICUT.LGF

Program execution info written to /in/RAxML_info.EOG091G0RTZ.clustalo.aln.ALICUT.LGF
All 100 bootstrapped trees written to: /in/RAxML_bootstrap.EOG091G0RTZ.clustalo.aln.ALICUT.LGF

Best-scoring ML tree written to: /in/RAxML_bestTree.EOG091G0RTZ.clustalo.aln.ALICUT.LGF

Best-scoring ML tree with support values written to: /in/RAxML_bipartitions.EOG091G0RTZ.clustalo.aln.ALICUT.LGF

Best-scoring ML tree with support values as branch labels written to: /in/RAxML_bipartitionsBranchLabels.EOG091G0RTZ.clustalo.aln.ALICUT.LGF

Overall execution time for full ML analysis: 53.981562 secs or 0.014995 hours or 0.000625 days

