
WARNING: The number of threads is currently set to 1
You can specify the number of threads to run via -T numberOfThreads
NumberOfThreads must be set to an integer value greater than 1

RAxML, will now set the number of threads automatically to 2 !


RAxML can't, parse the alignment file as phylip file 
it will now try to parse it as FASTA file


This is the RAxML Master Pthread

This is RAxML Worker Pthread Number: 1


This is RAxML version 8.2.12 released by Alexandros Stamatakis on May 2018.

With greatly appreciated code contributions by:
Andre Aberer      (HITS)
Simon Berger      (HITS)
Alexey Kozlov     (HITS)
Kassian Kobert    (HITS)
David Dao         (KIT and HITS)
Sarah Lutteropp   (KIT and HITS)
Nick Pattengale   (Sandia)
Wayne Pfeiffer    (SDSC)
Akifumi S. Tanabe (NRIFS)
Charlie Taylor    (UF)


Alignment has 166 distinct alignment patterns

Proportion of gaps and completely undetermined characters in this alignment: 3.23%

RAxML rapid bootstrapping and subsequent ML search

Using 1 distinct models/data partitions with joint branch length optimization



Executing 100 rapid bootstrap inferences and thereafter a thorough ML search 

All free model parameters will be estimated by RAxML
GAMMA model of rate heterogeneity, ML estimate of alpha-parameter

GAMMA Model parameters will be estimated up to an accuracy of 0.1000000000 Log Likelihood units

Partition: 0
Alignment Patterns: 166
Name: No Name Provided
DataType: AA
Substitution Matrix: WAG
Using empirical base frequencies




RAxML was called as follows:

raxml -f a -T 1 -m PROTGAMMAWAGF -p 12345 -x 12345 -# 100 -s ALICUT_EOG091G0CMN.clustalo.aln.fasta -n EOG091G0CMN.clustalo.aln.ALICUT.WAGF 



Time for BS model parameter optimization 0.016640
Bootstrap[0]: Time 0.346130 seconds, bootstrap likelihood -2440.217239, best rearrangement setting 13
Bootstrap[1]: Time 0.255426 seconds, bootstrap likelihood -2448.082126, best rearrangement setting 13
Bootstrap[2]: Time 0.306420 seconds, bootstrap likelihood -2647.489505, best rearrangement setting 12
Bootstrap[3]: Time 0.256521 seconds, bootstrap likelihood -2328.178634, best rearrangement setting 15
Bootstrap[4]: Time 0.275233 seconds, bootstrap likelihood -2523.608648, best rearrangement setting 10
Bootstrap[5]: Time 0.298090 seconds, bootstrap likelihood -2493.886596, best rearrangement setting 10
Bootstrap[6]: Time 0.135484 seconds, bootstrap likelihood -2450.758328, best rearrangement setting 6
Bootstrap[7]: Time 0.274025 seconds, bootstrap likelihood -2527.593552, best rearrangement setting 14
Bootstrap[8]: Time 0.316228 seconds, bootstrap likelihood -2475.399766, best rearrangement setting 5
Bootstrap[9]: Time 0.220650 seconds, bootstrap likelihood -2423.143578, best rearrangement setting 7
Bootstrap[10]: Time 0.238592 seconds, bootstrap likelihood -2435.159873, best rearrangement setting 7
Bootstrap[11]: Time 0.291814 seconds, bootstrap likelihood -2346.536764, best rearrangement setting 5
Bootstrap[12]: Time 0.269814 seconds, bootstrap likelihood -2404.447586, best rearrangement setting 8
Bootstrap[13]: Time 0.264785 seconds, bootstrap likelihood -2447.743733, best rearrangement setting 7
Bootstrap[14]: Time 0.307824 seconds, bootstrap likelihood -2531.936691, best rearrangement setting 12
Bootstrap[15]: Time 0.310185 seconds, bootstrap likelihood -2421.004192, best rearrangement setting 15
Bootstrap[16]: Time 0.339056 seconds, bootstrap likelihood -2630.452956, best rearrangement setting 12
Bootstrap[17]: Time 0.319878 seconds, bootstrap likelihood -2557.893964, best rearrangement setting 12
Bootstrap[18]: Time 0.274254 seconds, bootstrap likelihood -2516.771000, best rearrangement setting 5
Bootstrap[19]: Time 0.284406 seconds, bootstrap likelihood -2361.752054, best rearrangement setting 8
Bootstrap[20]: Time 0.285334 seconds, bootstrap likelihood -2730.052296, best rearrangement setting 10
Bootstrap[21]: Time 0.275826 seconds, bootstrap likelihood -2530.087548, best rearrangement setting 6
Bootstrap[22]: Time 0.135910 seconds, bootstrap likelihood -2457.119058, best rearrangement setting 5
Bootstrap[23]: Time 0.129330 seconds, bootstrap likelihood -2442.739917, best rearrangement setting 7
Bootstrap[24]: Time 0.285216 seconds, bootstrap likelihood -2455.048991, best rearrangement setting 8
Bootstrap[25]: Time 0.244262 seconds, bootstrap likelihood -2460.633178, best rearrangement setting 6
Bootstrap[26]: Time 0.154252 seconds, bootstrap likelihood -2274.723271, best rearrangement setting 12
Bootstrap[27]: Time 0.144237 seconds, bootstrap likelihood -2351.700510, best rearrangement setting 10
Bootstrap[28]: Time 0.132217 seconds, bootstrap likelihood -2420.739471, best rearrangement setting 11
Bootstrap[29]: Time 0.273677 seconds, bootstrap likelihood -2477.861665, best rearrangement setting 12
Bootstrap[30]: Time 0.252368 seconds, bootstrap likelihood -2516.065443, best rearrangement setting 15
Bootstrap[31]: Time 0.246008 seconds, bootstrap likelihood -2524.946956, best rearrangement setting 15
Bootstrap[32]: Time 0.240054 seconds, bootstrap likelihood -2485.346927, best rearrangement setting 6
Bootstrap[33]: Time 0.279639 seconds, bootstrap likelihood -2456.231537, best rearrangement setting 15
Bootstrap[34]: Time 0.252310 seconds, bootstrap likelihood -2338.950495, best rearrangement setting 11
Bootstrap[35]: Time 0.248579 seconds, bootstrap likelihood -2496.479812, best rearrangement setting 8
Bootstrap[36]: Time 0.266362 seconds, bootstrap likelihood -2433.924991, best rearrangement setting 9
Bootstrap[37]: Time 0.249899 seconds, bootstrap likelihood -2373.520586, best rearrangement setting 11
Bootstrap[38]: Time 0.155754 seconds, bootstrap likelihood -2513.658001, best rearrangement setting 8
Bootstrap[39]: Time 0.255296 seconds, bootstrap likelihood -2569.846428, best rearrangement setting 13
Bootstrap[40]: Time 0.270594 seconds, bootstrap likelihood -2397.403064, best rearrangement setting 13
Bootstrap[41]: Time 0.298741 seconds, bootstrap likelihood -2282.709862, best rearrangement setting 10
Bootstrap[42]: Time 0.273732 seconds, bootstrap likelihood -2510.198262, best rearrangement setting 5
Bootstrap[43]: Time 0.276010 seconds, bootstrap likelihood -2194.297978, best rearrangement setting 14
Bootstrap[44]: Time 0.239594 seconds, bootstrap likelihood -2401.895150, best rearrangement setting 10
Bootstrap[45]: Time 0.237791 seconds, bootstrap likelihood -2251.851513, best rearrangement setting 15
Bootstrap[46]: Time 0.224429 seconds, bootstrap likelihood -2528.882889, best rearrangement setting 14
Bootstrap[47]: Time 0.305720 seconds, bootstrap likelihood -2574.834227, best rearrangement setting 8
Bootstrap[48]: Time 0.286176 seconds, bootstrap likelihood -2304.349508, best rearrangement setting 6
Bootstrap[49]: Time 0.292596 seconds, bootstrap likelihood -2459.266059, best rearrangement setting 7
Bootstrap[50]: Time 0.454574 seconds, bootstrap likelihood -2445.453181, best rearrangement setting 7
Bootstrap[51]: Time 0.446853 seconds, bootstrap likelihood -2419.887713, best rearrangement setting 11
Bootstrap[52]: Time 0.494046 seconds, bootstrap likelihood -2445.784930, best rearrangement setting 12
Bootstrap[53]: Time 0.483387 seconds, bootstrap likelihood -2493.604811, best rearrangement setting 8
Bootstrap[54]: Time 0.526767 seconds, bootstrap likelihood -2540.923716, best rearrangement setting 9
Bootstrap[55]: Time 0.445338 seconds, bootstrap likelihood -2354.998588, best rearrangement setting 11
Bootstrap[56]: Time 0.464133 seconds, bootstrap likelihood -2557.045937, best rearrangement setting 5
Bootstrap[57]: Time 0.403450 seconds, bootstrap likelihood -2473.788607, best rearrangement setting 7
Bootstrap[58]: Time 0.382798 seconds, bootstrap likelihood -2332.686382, best rearrangement setting 10
Bootstrap[59]: Time 0.195900 seconds, bootstrap likelihood -2390.872736, best rearrangement setting 9
Bootstrap[60]: Time 0.481686 seconds, bootstrap likelihood -2607.168960, best rearrangement setting 7
Bootstrap[61]: Time 0.212590 seconds, bootstrap likelihood -2342.129333, best rearrangement setting 5
Bootstrap[62]: Time 0.459094 seconds, bootstrap likelihood -2482.777982, best rearrangement setting 11
Bootstrap[63]: Time 0.459976 seconds, bootstrap likelihood -2582.346856, best rearrangement setting 12
Bootstrap[64]: Time 0.436686 seconds, bootstrap likelihood -2557.317009, best rearrangement setting 7
Bootstrap[65]: Time 0.243443 seconds, bootstrap likelihood -2628.231631, best rearrangement setting 5
Bootstrap[66]: Time 0.401331 seconds, bootstrap likelihood -2394.888422, best rearrangement setting 5
Bootstrap[67]: Time 0.506493 seconds, bootstrap likelihood -2492.557577, best rearrangement setting 15
Bootstrap[68]: Time 0.491168 seconds, bootstrap likelihood -2503.260461, best rearrangement setting 11
Bootstrap[69]: Time 0.527307 seconds, bootstrap likelihood -2635.557907, best rearrangement setting 5
Bootstrap[70]: Time 0.402868 seconds, bootstrap likelihood -2405.565829, best rearrangement setting 8
Bootstrap[71]: Time 0.197882 seconds, bootstrap likelihood -2429.659267, best rearrangement setting 10
Bootstrap[72]: Time 0.425144 seconds, bootstrap likelihood -2405.200769, best rearrangement setting 11
Bootstrap[73]: Time 0.450507 seconds, bootstrap likelihood -2439.157625, best rearrangement setting 9
Bootstrap[74]: Time 0.462455 seconds, bootstrap likelihood -2397.669341, best rearrangement setting 5
Bootstrap[75]: Time 0.534663 seconds, bootstrap likelihood -2497.550108, best rearrangement setting 8
Bootstrap[76]: Time 0.512989 seconds, bootstrap likelihood -2506.104642, best rearrangement setting 9
Bootstrap[77]: Time 0.428070 seconds, bootstrap likelihood -2408.608191, best rearrangement setting 11
Bootstrap[78]: Time 0.425816 seconds, bootstrap likelihood -2290.943687, best rearrangement setting 15
Bootstrap[79]: Time 0.463807 seconds, bootstrap likelihood -2491.929159, best rearrangement setting 9
Bootstrap[80]: Time 0.404332 seconds, bootstrap likelihood -2307.150019, best rearrangement setting 15
Bootstrap[81]: Time 0.420628 seconds, bootstrap likelihood -2475.316205, best rearrangement setting 7
Bootstrap[82]: Time 0.432926 seconds, bootstrap likelihood -2570.572168, best rearrangement setting 6
Bootstrap[83]: Time 0.452542 seconds, bootstrap likelihood -2458.449831, best rearrangement setting 10
Bootstrap[84]: Time 0.466692 seconds, bootstrap likelihood -2422.368064, best rearrangement setting 11
Bootstrap[85]: Time 0.455713 seconds, bootstrap likelihood -2483.245822, best rearrangement setting 8
Bootstrap[86]: Time 0.237864 seconds, bootstrap likelihood -2402.719640, best rearrangement setting 7
Bootstrap[87]: Time 0.438566 seconds, bootstrap likelihood -2487.264751, best rearrangement setting 7
Bootstrap[88]: Time 0.459075 seconds, bootstrap likelihood -2468.433010, best rearrangement setting 12
Bootstrap[89]: Time 0.434411 seconds, bootstrap likelihood -2521.841136, best rearrangement setting 10
Bootstrap[90]: Time 0.456199 seconds, bootstrap likelihood -2442.990356, best rearrangement setting 8
Bootstrap[91]: Time 0.445607 seconds, bootstrap likelihood -2528.052172, best rearrangement setting 12
Bootstrap[92]: Time 0.497681 seconds, bootstrap likelihood -2543.162749, best rearrangement setting 13
Bootstrap[93]: Time 0.459366 seconds, bootstrap likelihood -2608.386861, best rearrangement setting 15
Bootstrap[94]: Time 0.532237 seconds, bootstrap likelihood -2509.137715, best rearrangement setting 5
Bootstrap[95]: Time 0.460760 seconds, bootstrap likelihood -2506.200050, best rearrangement setting 5
Bootstrap[96]: Time 0.426841 seconds, bootstrap likelihood -2284.368741, best rearrangement setting 13
Bootstrap[97]: Time 0.485961 seconds, bootstrap likelihood -2649.651545, best rearrangement setting 11
Bootstrap[98]: Time 0.419408 seconds, bootstrap likelihood -2333.524947, best rearrangement setting 6
Bootstrap[99]: Time 0.432182 seconds, bootstrap likelihood -2454.040125, best rearrangement setting 14


Overall Time for 100 Rapid Bootstraps 34.454125 seconds
Average Time per Rapid Bootstrap 0.344541 seconds

Starting ML Search ...

Fast ML optimization finished

Fast ML search Time: 28.062581 seconds

Slow ML Search 0 Likelihood: -2462.049679
Slow ML Search 1 Likelihood: -2462.049679
Slow ML Search 2 Likelihood: -2462.049679
Slow ML Search 3 Likelihood: -2462.049679
Slow ML Search 4 Likelihood: -2462.049679
Slow ML Search 5 Likelihood: -2462.049679
Slow ML Search 6 Likelihood: -2462.049679
Slow ML Search 7 Likelihood: -2462.049679
Slow ML Search 8 Likelihood: -2462.049679
Slow ML Search 9 Likelihood: -2462.049679
Slow ML optimization finished

Slow ML search Time: 6.321547 seconds
Thorough ML search Time: 0.633220 seconds

Final ML Optimization Likelihood: -2462.049679

Model Information:

Model Parameters of Partition 0, Name: No Name Provided, Type of Data: AA
alpha: 1.207095
Tree-Length: 4.375880
rate A <-> R: 0.705217
rate A <-> N: 0.651871
rate A <-> D: 0.944853
rate A <-> C: 1.313132
rate A <-> Q: 1.161697
rate A <-> E: 2.023768
rate A <-> G: 1.811361
rate A <-> H: 0.405245
rate A <-> I: 0.247190
rate A <-> L: 0.508758
rate A <-> K: 1.158714
rate A <-> M: 1.142388
rate A <-> F: 0.269129
rate A <-> P: 1.839272
rate A <-> S: 4.309757
rate A <-> T: 2.711966
rate A <-> W: 0.144647
rate A <-> Y: 0.307794
rate A <-> V: 2.564804
rate R <-> N: 0.812328
rate R <-> D: 0.188337
rate R <-> C: 0.675324
rate R <-> Q: 3.881068
rate R <-> E: 0.561488
rate R <-> G: 0.747529
rate R <-> H: 2.732474
rate R <-> I: 0.239064
rate R <-> L: 0.636302
rate R <-> K: 6.842111
rate R <-> M: 0.873463
rate R <-> F: 0.131322
rate R <-> P: 0.868767
rate R <-> S: 1.565200
rate R <-> T: 0.708850
rate R <-> W: 1.488141
rate R <-> Y: 0.487813
rate R <-> V: 0.322004
rate N <-> D: 6.941838
rate N <-> C: 0.339146
rate N <-> Q: 1.973636
rate N <-> E: 1.211049
rate N <-> G: 1.439096
rate N <-> H: 5.058353
rate N <-> I: 0.708624
rate N <-> L: 0.168166
rate N <-> K: 3.851035
rate N <-> M: 0.253437
rate N <-> F: 0.122949
rate N <-> P: 0.249423
rate N <-> S: 5.081291
rate N <-> T: 2.595553
rate N <-> W: 0.091950
rate N <-> Y: 1.388516
rate N <-> V: 0.250912
rate D <-> C: 0.038734
rate D <-> Q: 0.788594
rate D <-> E: 7.894033
rate D <-> G: 1.106701
rate D <-> H: 1.189925
rate D <-> I: 0.050423
rate D <-> L: 0.108428
rate D <-> K: 0.613523
rate D <-> M: 0.132656
rate D <-> F: 0.059748
rate D <-> P: 0.542089
rate D <-> S: 1.370309
rate D <-> T: 0.479289
rate D <-> W: 0.165915
rate D <-> Y: 0.416441
rate D <-> V: 0.194769
rate C <-> Q: 0.126345
rate C <-> E: 0.027300
rate C <-> G: 0.392101
rate C <-> H: 0.318326
rate C <-> I: 0.217528
rate C <-> L: 0.491334
rate C <-> K: 0.094657
rate C <-> M: 0.499255
rate C <-> F: 0.508892
rate C <-> P: 0.139880
rate C <-> S: 1.799778
rate C <-> T: 0.655881
rate C <-> W: 0.916817
rate C <-> Y: 0.695323
rate C <-> V: 1.281296
rate Q <-> E: 6.993045
rate Q <-> G: 0.421991
rate Q <-> H: 5.490277
rate Q <-> I: 0.145650
rate Q <-> L: 1.111694
rate Q <-> K: 4.979863
rate Q <-> M: 1.975707
rate Q <-> F: 0.127755
rate Q <-> P: 1.193372
rate Q <-> S: 1.315472
rate Q <-> T: 1.096912
rate Q <-> W: 0.275833
rate Q <-> Y: 0.291141
rate Q <-> V: 0.385206
rate E <-> G: 0.725860
rate E <-> H: 0.728811
rate E <-> I: 0.162882
rate E <-> L: 0.197234
rate E <-> K: 3.304348
rate E <-> M: 0.402905
rate E <-> F: 0.103735
rate E <-> P: 0.872432
rate E <-> S: 0.901307
rate E <-> T: 1.051954
rate E <-> W: 0.200167
rate E <-> Y: 0.250985
rate E <-> V: 0.752728
rate G <-> H: 0.318886
rate G <-> I: 0.038932
rate G <-> L: 0.078380
rate G <-> K: 0.477616
rate G <-> M: 0.222597
rate G <-> F: 0.063840
rate G <-> P: 0.311419
rate G <-> S: 1.715597
rate G <-> T: 0.288741
rate G <-> W: 0.430853
rate G <-> Y: 0.132464
rate G <-> V: 0.239406
rate H <-> I: 0.176684
rate H <-> L: 0.638592
rate H <-> K: 1.138471
rate H <-> M: 0.516718
rate H <-> F: 0.868616
rate H <-> P: 0.890131
rate H <-> S: 0.946350
rate H <-> T: 0.605151
rate H <-> W: 0.335710
rate H <-> Y: 4.952425
rate H <-> V: 0.151328
rate I <-> L: 4.054275
rate I <-> K: 0.414039
rate I <-> M: 5.443417
rate I <-> F: 1.354596
rate I <-> P: 0.127765
rate I <-> S: 0.408423
rate I <-> T: 1.864345
rate I <-> W: 0.271672
rate I <-> Y: 0.537212
rate I <-> V: 10.000000
rate L <-> K: 0.329299
rate L <-> M: 6.206155
rate L <-> F: 2.704371
rate L <-> P: 0.531681
rate L <-> S: 0.440769
rate L <-> T: 0.417606
rate L <-> W: 0.850637
rate L <-> Y: 0.509657
rate L <-> V: 2.301842
rate K <-> M: 1.194528
rate K <-> F: 0.113582
rate K <-> P: 0.712025
rate K <-> S: 1.236534
rate K <-> T: 1.773337
rate K <-> W: 0.175808
rate K <-> Y: 0.170386
rate K <-> V: 0.390516
rate M <-> F: 1.522292
rate M <-> P: 0.219054
rate M <-> S: 0.631487
rate M <-> T: 1.938450
rate M <-> W: 0.659361
rate M <-> Y: 0.547782
rate M <-> V: 2.631851
rate F <-> P: 0.206416
rate F <-> S: 0.698005
rate F <-> T: 0.219788
rate F <-> W: 1.955736
rate F <-> Y: 8.252183
rate F <-> V: 0.830926
rate P <-> S: 2.062675
rate P <-> T: 1.016946
rate P <-> W: 0.178238
rate P <-> Y: 0.276228
rate P <-> V: 0.402602
rate S <-> T: 5.597561
rate S <-> W: 0.669635
rate S <-> Y: 1.006218
rate S <-> V: 0.297571
rate T <-> W: 0.141746
rate T <-> Y: 0.372250
rate T <-> V: 1.774935
rate W <-> Y: 3.177720
rate W <-> V: 0.467146
rate Y <-> V: 0.402401

freq pi(A): 0.065427
freq pi(R): 0.082104
freq pi(N): 0.050674
freq pi(D): 0.038486
freq pi(C): 0.046825
freq pi(Q): 0.025016
freq pi(E): 0.053239
freq pi(G): 0.041693
freq pi(H): 0.047466
freq pi(I): 0.051956
freq pi(L): 0.082104
freq pi(K): 0.074407
freq pi(M): 0.015394
freq pi(F): 0.048108
freq pi(P): 0.029506
freq pi(S): 0.062219
freq pi(T): 0.059654
freq pi(W): 0.020526
freq pi(Y): 0.036562
freq pi(V): 0.068634


ML search took 35.050998 secs or 0.009736 hours

Combined Bootstrap and ML search took 69.505365 secs or 0.019307 hours

Drawing Bootstrap Support Values on best-scoring ML tree ...



Found 1 tree in File /in/RAxML_bestTree.EOG091G0CMN.clustalo.aln.ALICUT.WAGF



Found 1 tree in File /in/RAxML_bestTree.EOG091G0CMN.clustalo.aln.ALICUT.WAGF

Program execution info written to /in/RAxML_info.EOG091G0CMN.clustalo.aln.ALICUT.WAGF
All 100 bootstrapped trees written to: /in/RAxML_bootstrap.EOG091G0CMN.clustalo.aln.ALICUT.WAGF

Best-scoring ML tree written to: /in/RAxML_bestTree.EOG091G0CMN.clustalo.aln.ALICUT.WAGF

Best-scoring ML tree with support values written to: /in/RAxML_bipartitions.EOG091G0CMN.clustalo.aln.ALICUT.WAGF

Best-scoring ML tree with support values as branch labels written to: /in/RAxML_bipartitionsBranchLabels.EOG091G0CMN.clustalo.aln.ALICUT.WAGF

Overall execution time for full ML analysis: 69.507610 secs or 0.019308 hours or 0.000804 days

