
	reading taxa from FASTA ...


	H.microstoma         -> sites: 817   
	D.melanogaster       -> sites: 817   
	R.norvegicus         -> sites: 817   
	G.turnbulli          -> sites: 817   
	H.robusta            -> sites: 817   
	M.lignano            -> sites: 817   
	C.intestinalis       -> sites: 817   
	E.granulosus         -> sites: 817   
	N.vectensis          -> sites: 817   
	C.sinensis           -> sites: 817   
	T.solium             -> sites: 817   
	D.rerio              -> sites: 817   


	data type             : amino acid sequences

	input ...

	infile		: EOG091G0C2M.clustalo.aln.fasta
	random pairs	: 200000000000000000
	window size	: 6
	indels		: ambiguous
	tree file	: -
	node level	: -
	strict profile	: -
	outgroup	: -
	matrix          : BLOSUM62

	number of taxa        : 12
	random number of pairs: 200000000000000000

	generates threshhold value for amino acid data
	using BLOSUM62

	checks for (potential) identical taxa


	scores site patterns ...


	max number of different pairs is 66
	max random pairs are scored!

	pair: 1      ->	taxon1: H.microsto	taxon2: D.melanoga
	            	positions below base line: 665
	pair: 2      ->	taxon1: H.microsto	taxon2: R.norvegic
	            	positions below base line: 629
	pair: 3      ->	taxon1: H.microsto	taxon2: G.turnbull
	            	positions below base line: 593
	pair: 4      ->	taxon1: H.microsto	taxon2: H.robusta 
	            	positions below base line: 631
	pair: 5      ->	taxon1: H.microsto	taxon2: M.lignano 
	            	positions below base line: 660
	pair: 6      ->	taxon1: H.microsto	taxon2: C.intestin
	            	positions below base line: 643
	pair: 7      ->	taxon1: H.microsto	taxon2: E.granulos
	            	positions below base line: 418
	pair: 8      ->	taxon1: H.microsto	taxon2: N.vectensi
	            	positions below base line: 757
	pair: 9      ->	taxon1: H.microsto	taxon2: C.sinensis
	            	positions below base line: 572
	pair: 10     ->	taxon1: H.microsto	taxon2: T.solium  
	            	positions below base line: 465
	pair: 11     ->	taxon1: H.microsto	taxon2: D.rerio   
	            	positions below base line: 643
	pair: 12     ->	taxon1: D.melanoga	taxon2: R.norvegic
	            	positions below base line: 522
	pair: 13     ->	taxon1: D.melanoga	taxon2: G.turnbull
	            	positions below base line: 662
	pair: 14     ->	taxon1: D.melanoga	taxon2: H.robusta 
	            	positions below base line: 482
	pair: 15     ->	taxon1: D.melanoga	taxon2: M.lignano 
	            	positions below base line: 625
	pair: 16     ->	taxon1: D.melanoga	taxon2: C.intestin
	            	positions below base line: 533
	pair: 17     ->	taxon1: D.melanoga	taxon2: E.granulos
	            	positions below base line: 670
	pair: 18     ->	taxon1: D.melanoga	taxon2: N.vectensi
	            	positions below base line: 726
	pair: 19     ->	taxon1: D.melanoga	taxon2: C.sinensis
	            	positions below base line: 643
	pair: 20     ->	taxon1: D.melanoga	taxon2: T.solium  
	            	positions below base line: 672
	pair: 21     ->	taxon1: D.melanoga	taxon2: D.rerio   
	            	positions below base line: 515
	pair: 22     ->	taxon1: R.norvegic	taxon2: G.turnbull
	            	positions below base line: 634
	pair: 23     ->	taxon1: R.norvegic	taxon2: H.robusta 
	            	positions below base line: 505
	pair: 24     ->	taxon1: R.norvegic	taxon2: M.lignano 
	            	positions below base line: 583
	pair: 25     ->	taxon1: R.norvegic	taxon2: C.intestin
	            	positions below base line: 472
	pair: 26     ->	taxon1: R.norvegic	taxon2: E.granulos
	            	positions below base line: 643
	pair: 27     ->	taxon1: R.norvegic	taxon2: N.vectensi
	            	positions below base line: 744
	pair: 28     ->	taxon1: R.norvegic	taxon2: C.sinensis
	            	positions below base line: 621
	pair: 29     ->	taxon1: R.norvegic	taxon2: T.solium  
	            	positions below base line: 646
	pair: 30     ->	taxon1: R.norvegic	taxon2: D.rerio   
	            	positions below base line: 311
	pair: 31     ->	taxon1: G.turnbull	taxon2: H.robusta 
	            	positions below base line: 631
	pair: 32     ->	taxon1: G.turnbull	taxon2: M.lignano 
	            	positions below base line: 655
	pair: 33     ->	taxon1: G.turnbull	taxon2: C.intestin
	            	positions below base line: 664
	pair: 34     ->	taxon1: G.turnbull	taxon2: E.granulos
	            	positions below base line: 579
	pair: 35     ->	taxon1: G.turnbull	taxon2: N.vectensi
	            	positions below base line: 772
	pair: 36     ->	taxon1: G.turnbull	taxon2: C.sinensis
	            	positions below base line: 567
	pair: 37     ->	taxon1: G.turnbull	taxon2: T.solium  
	            	positions below base line: 540
	pair: 38     ->	taxon1: G.turnbull	taxon2: D.rerio   
	            	positions below base line: 638
	pair: 39     ->	taxon1: H.robusta 	taxon2: M.lignano 
	            	positions below base line: 589
	pair: 40     ->	taxon1: H.robusta 	taxon2: C.intestin
	            	positions below base line: 484
	pair: 41     ->	taxon1: H.robusta 	taxon2: E.granulos
	            	positions below base line: 625
	pair: 42     ->	taxon1: H.robusta 	taxon2: N.vectensi
	            	positions below base line: 715
	pair: 43     ->	taxon1: H.robusta 	taxon2: C.sinensis
	            	positions below base line: 619
	pair: 44     ->	taxon1: H.robusta 	taxon2: T.solium  
	            	positions below base line: 623
	pair: 45     ->	taxon1: H.robusta 	taxon2: D.rerio   
	            	positions below base line: 482
	pair: 46     ->	taxon1: M.lignano 	taxon2: C.intestin
	            	positions below base line: 595
	pair: 47     ->	taxon1: M.lignano 	taxon2: E.granulos
	            	positions below base line: 659
	pair: 48     ->	taxon1: M.lignano 	taxon2: N.vectensi
	            	positions below base line: 760
	pair: 49     ->	taxon1: M.lignano 	taxon2: C.sinensis
	            	positions below base line: 635
	pair: 50     ->	taxon1: M.lignano 	taxon2: T.solium  
	            	positions below base line: 656
	pair: 51     ->	taxon1: M.lignano 	taxon2: D.rerio   
	            	positions below base line: 587
	pair: 52     ->	taxon1: C.intestin	taxon2: E.granulos
	            	positions below base line: 655
	pair: 53     ->	taxon1: C.intestin	taxon2: N.vectensi
	            	positions below base line: 750
	pair: 54     ->	taxon1: C.intestin	taxon2: C.sinensis
	            	positions below base line: 635
	pair: 55     ->	taxon1: C.intestin	taxon2: T.solium  
	            	positions below base line: 663
	pair: 56     ->	taxon1: C.intestin	taxon2: D.rerio   
	            	positions below base line: 453
	pair: 57     ->	taxon1: E.granulos	taxon2: N.vectensi
	            	positions below base line: 770
	pair: 58     ->	taxon1: E.granulos	taxon2: C.sinensis
	            	positions below base line: 548
	pair: 59     ->	taxon1: E.granulos	taxon2: T.solium  
	            	positions below base line: 364
	pair: 60     ->	taxon1: E.granulos	taxon2: D.rerio   
	            	positions below base line: 661
	pair: 61     ->	taxon1: N.vectensi	taxon2: C.sinensis
	            	positions below base line: 767
	pair: 62     ->	taxon1: N.vectensi	taxon2: T.solium  
	            	positions below base line: 770
	pair: 63     ->	taxon1: N.vectensi	taxon2: D.rerio   
	            	positions below base line: 745
	pair: 64     ->	taxon1: C.sinensis	taxon2: T.solium  
	            	positions below base line: 506
	pair: 65     ->	taxon1: C.sinensis	taxon2: D.rerio   
	            	positions below base line: 619
	pair: 66     ->	taxon1: T.solium  	taxon2: D.rerio   
	            	positions below base line: 660

	generates quality profile from collected scores ...


	scoring done ...


	generates vector plot from collected scores ...


Argument "-" treated as 0 in increment (++) at /usr/bin/Aliscore.pl line 1213.
	Profile written to EOG091G0C2M.clustalo.aln.fasta_Profile_random.txt
	List   written to EOG091G0C2M.clustalo.aln.fasta_List_random.txt

	time used: 3.95 sec

