--2018-12-12 20:05:31--  http://www.orthodb.org/fasta?query=EOG091G05KR&level=33208
Resolving www.orthodb.org (www.orthodb.org)... 142.93.108.123, 2a03:b0c0:3:e0::1b:1
Connecting to www.orthodb.org (www.orthodb.org)|142.93.108.123|:80... connected.
HTTP request sent, awaiting response... 301 Moved Permanently
Location: https://www.orthodb.org/fasta?query=EOG091G05KR&level=33208 [following]
--2018-12-12 20:05:32--  https://www.orthodb.org/fasta?query=EOG091G05KR&level=33208
Connecting to www.orthodb.org (www.orthodb.org)|142.93.108.123|:443... connected.
HTTP request sent, awaiting response... 200 OK
Length: 598717 (585K) [text/plain]
Saving to: ‘EOG091G05KR/EOG091G05KR.orthodb.fasta’

     0K .......... .......... .......... .......... ..........  8% 1,33M 0s
    50K .......... .......... .......... .......... .......... 17% 2,22M 0s
   100K .......... .......... .......... .......... .......... 25% 2,42M 0s
   150K .......... .......... .......... .......... .......... 34% 1,73M 0s
   200K .......... .......... .......... .......... .......... 42% 3,33M 0s
   250K .......... .......... .......... .......... .......... 51% 3,13M 0s
   300K .......... .......... .......... .......... .......... 59% 3,48M 0s
   350K .......... .......... .......... .......... .......... 68% 2,39M 0s
   400K .......... .......... .......... .......... .......... 76% 6,97M 0s
   450K .......... .......... .......... .......... .......... 85% 2,43M 0s
   500K .......... .......... .......... .......... .......... 94% 2,36M 0s
   550K .......... .......... .......... ....                 100% 7,62M=0,2s

2018-12-12 20:05:33 (2,55 MB/s) - ‘EOG091G05KR/EOG091G05KR.orthodb.fasta’ saved [598717/598717]

