
	reading taxa from FASTA ...


	C.sinensis           -> sites: 1245  
	H.microstoma         -> sites: 1245  
	C.elegans            -> sites: 1245  
	S.mediterranea       -> sites: 1245  
	C.intestinalis       -> sites: 1245  
	D.melanogaster       -> sites: 1245  
	T.solium             -> sites: 1245  
	R.norvegicus         -> sites: 1245  
	G.salaris            -> sites: 1245  
	G.turnbulli          -> sites: 1245  
	D.rerio              -> sites: 1245  


	data type             : amino acid sequences

	input ...

	infile		: EOG091G0AEL.clustalo.aln.fasta
	random pairs	: 200000000000000000
	window size	: 6
	indels		: ambiguous
	tree file	: -
	node level	: -
	strict profile	: -
	outgroup	: -
	matrix          : BLOSUM62

	number of taxa        : 11
	random number of pairs: 200000000000000000

	generates threshhold value for amino acid data
	using BLOSUM62

	checks for (potential) identical taxa


	scores site patterns ...


	max number of different pairs is 55
	max random pairs are scored!

	pair: 1      ->	taxon1: C.sinensis	taxon2: H.microsto
	            	positions below base line: 1075
	pair: 2      ->	taxon1: C.sinensis	taxon2: C.elegans 
	            	positions below base line: 1029
	pair: 3      ->	taxon1: C.sinensis	taxon2: S.mediterr
	            	positions below base line: 1055
	pair: 4      ->	taxon1: C.sinensis	taxon2: C.intestin
	            	positions below base line: 995
	pair: 5      ->	taxon1: C.sinensis	taxon2: D.melanoga
	            	positions below base line: 1011
	pair: 6      ->	taxon1: C.sinensis	taxon2: T.solium  
	            	positions below base line: 1096
	pair: 7      ->	taxon1: C.sinensis	taxon2: R.norvegic
	            	positions below base line: 977
	pair: 8      ->	taxon1: C.sinensis	taxon2: G.salaris 
	            	positions below base line: 998
	pair: 9      ->	taxon1: C.sinensis	taxon2: G.turnbull
	            	positions below base line: 1010
	pair: 10     ->	taxon1: C.sinensis	taxon2: D.rerio   
	            	positions below base line: 991
	pair: 11     ->	taxon1: H.microsto	taxon2: C.elegans 
	            	positions below base line: 1025
	pair: 12     ->	taxon1: H.microsto	taxon2: S.mediterr
	            	positions below base line: 1030
	pair: 13     ->	taxon1: H.microsto	taxon2: C.intestin
	            	positions below base line: 1036
	pair: 14     ->	taxon1: H.microsto	taxon2: D.melanoga
	            	positions below base line: 1027
	pair: 15     ->	taxon1: H.microsto	taxon2: T.solium  
	            	positions below base line: 941
	pair: 16     ->	taxon1: H.microsto	taxon2: R.norvegic
	            	positions below base line: 1010
	pair: 17     ->	taxon1: H.microsto	taxon2: G.salaris 
	            	positions below base line: 967
	pair: 18     ->	taxon1: H.microsto	taxon2: G.turnbull
	            	positions below base line: 975
	pair: 19     ->	taxon1: H.microsto	taxon2: D.rerio   
	            	positions below base line: 1021
	pair: 20     ->	taxon1: C.elegans 	taxon2: S.mediterr
	            	positions below base line: 1046
	pair: 21     ->	taxon1: C.elegans 	taxon2: C.intestin
	            	positions below base line: 917
	pair: 22     ->	taxon1: C.elegans 	taxon2: D.melanoga
	            	positions below base line: 866
	pair: 23     ->	taxon1: C.elegans 	taxon2: T.solium  
	            	positions below base line: 1068
	pair: 24     ->	taxon1: C.elegans 	taxon2: R.norvegic
	            	positions below base line: 860
	pair: 25     ->	taxon1: C.elegans 	taxon2: G.salaris 
	            	positions below base line: 914
	pair: 26     ->	taxon1: C.elegans 	taxon2: G.turnbull
	            	positions below base line: 941
	pair: 27     ->	taxon1: C.elegans 	taxon2: D.rerio   
	            	positions below base line: 903
	pair: 28     ->	taxon1: S.mediterr	taxon2: C.intestin
	            	positions below base line: 1032
	pair: 29     ->	taxon1: S.mediterr	taxon2: D.melanoga
	            	positions below base line: 1022
	pair: 30     ->	taxon1: S.mediterr	taxon2: T.solium  
	            	positions below base line: 1065
	pair: 31     ->	taxon1: S.mediterr	taxon2: R.norvegic
	            	positions below base line: 1028
	pair: 32     ->	taxon1: S.mediterr	taxon2: G.salaris 
	            	positions below base line: 983
	pair: 33     ->	taxon1: S.mediterr	taxon2: G.turnbull
	            	positions below base line: 992
	pair: 34     ->	taxon1: S.mediterr	taxon2: D.rerio   
	            	positions below base line: 1026
	pair: 35     ->	taxon1: C.intestin	taxon2: D.melanoga
	            	positions below base line: 909
	pair: 36     ->	taxon1: C.intestin	taxon2: T.solium  
	            	positions below base line: 1080
	pair: 37     ->	taxon1: C.intestin	taxon2: R.norvegic
	            	positions below base line: 894
	pair: 38     ->	taxon1: C.intestin	taxon2: G.salaris 
	            	positions below base line: 950
	pair: 39     ->	taxon1: C.intestin	taxon2: G.turnbull
	            	positions below base line: 950
	pair: 40     ->	taxon1: C.intestin	taxon2: D.rerio   
	            	positions below base line: 866
	pair: 41     ->	taxon1: D.melanoga	taxon2: T.solium  
	            	positions below base line: 1052
	pair: 42     ->	taxon1: D.melanoga	taxon2: R.norvegic
	            	positions below base line: 828
	pair: 43     ->	taxon1: D.melanoga	taxon2: G.salaris 
	            	positions below base line: 881
	pair: 44     ->	taxon1: D.melanoga	taxon2: G.turnbull
	            	positions below base line: 902
	pair: 45     ->	taxon1: D.melanoga	taxon2: D.rerio   
	            	positions below base line: 850
	pair: 46     ->	taxon1: T.solium  	taxon2: R.norvegic
	            	positions below base line: 1035
	pair: 47     ->	taxon1: T.solium  	taxon2: G.salaris 
	            	positions below base line: 998
	pair: 48     ->	taxon1: T.solium  	taxon2: G.turnbull
	            	positions below base line: 971
	pair: 49     ->	taxon1: T.solium  	taxon2: D.rerio   
	            	positions below base line: 1039
	pair: 50     ->	taxon1: R.norvegic	taxon2: G.salaris 
	            	positions below base line: 882
	pair: 51     ->	taxon1: R.norvegic	taxon2: G.turnbull
	            	positions below base line: 918
	pair: 52     ->	taxon1: R.norvegic	taxon2: D.rerio   
	            	positions below base line: 641
	pair: 53     ->	taxon1: G.salaris 	taxon2: G.turnbull
	            	positions below base line: 648
	pair: 54     ->	taxon1: G.salaris 	taxon2: D.rerio   
	            	positions below base line: 892
	pair: 55     ->	taxon1: G.turnbull	taxon2: D.rerio   
	            	positions below base line: 925

	generates quality profile from collected scores ...


	scoring done ...


	generates vector plot from collected scores ...


Argument "-" treated as 0 in increment (++) at /usr/bin/Aliscore.pl line 1213.
	Profile written to EOG091G0AEL.clustalo.aln.fasta_Profile_random.txt
	List   written to EOG091G0AEL.clustalo.aln.fasta_List_random.txt

	time used: 4.45 sec

