--2018-12-15 02:54:02--  http://www.orthodb.org/fasta?query=EOG091G036C&level=33208
Resolving www.orthodb.org (www.orthodb.org)... 167.99.129.42, 2a03:b0c0:3:e0::1b:1
Connecting to www.orthodb.org (www.orthodb.org)|167.99.129.42|:80... connected.
HTTP request sent, awaiting response... 301 Moved Permanently
Location: https://www.orthodb.org/fasta?query=EOG091G036C&level=33208 [following]
--2018-12-15 02:54:03--  https://www.orthodb.org/fasta?query=EOG091G036C&level=33208
Connecting to www.orthodb.org (www.orthodb.org)|167.99.129.42|:443... connected.
HTTP request sent, awaiting response... 200 OK
Length: 1393602 (1,3M) [text/plain]
Saving to: ‘EOG091G036C/EOG091G036C.orthodb.fasta’

     0K .......... .......... .......... .......... ..........  3% 1,32M 1s
    50K .......... .......... .......... .......... ..........  7% 1,23M 1s
   100K .......... .......... .......... .......... .......... 11% 2,44M 1s
   150K .......... .......... .......... .......... .......... 14% 3,18M 1s
   200K .......... .......... .......... .......... .......... 18% 7,78M 1s
   250K .......... .......... .......... .......... .......... 22% 2,44M 0s
   300K .......... .......... .......... .......... .......... 25% 2,47M 0s
   350K .......... .......... .......... .......... .......... 29% 2,42M 0s
   400K .......... .......... .......... .......... .......... 33% 2,49M 0s
   450K .......... .......... .......... .......... .......... 36% 3,20M 0s
   500K .......... .......... .......... .......... .......... 40% 8,43M 0s
   550K .......... .......... .......... .......... .......... 44% 2,39M 0s
   600K .......... .......... .......... .......... .......... 47% 2,30M 0s
   650K .......... .......... .......... .......... .......... 51% 2,75M 0s
   700K .......... .......... .......... .......... .......... 55% 3,17M 0s
   750K .......... .......... .......... .......... .......... 58% 2,08M 0s
   800K .......... .......... .......... .......... .......... 62% 3,24M 0s
   850K .......... .......... .......... .......... .......... 66% 5,86M 0s
   900K .......... .......... .......... .......... .......... 69% 2,66M 0s
   950K .......... .......... .......... .......... .......... 73% 2,43M 0s
  1000K .......... .......... .......... .......... .......... 77% 2,54M 0s
  1050K .......... .......... .......... .......... .......... 80% 3,21M 0s
  1100K .......... .......... .......... .......... .......... 84% 3,20M 0s
  1150K .......... .......... .......... .......... .......... 88% 3,23M 0s
  1200K .......... .......... .......... .......... .......... 91% 3,06M 0s
  1250K .......... .......... .......... .......... .......... 95% 2,51M 0s
  1300K .......... .......... .......... .......... .......... 99% 2,33M 0s
  1350K ..........                                            100% 20,9M=0,5s

2018-12-15 02:54:04 (2,65 MB/s) - ‘EOG091G036C/EOG091G036C.orthodb.fasta’ saved [1393602/1393602]

