
	reading taxa from FASTA ...


	T.solium             -> sites: 834   
	O.viverrini          -> sites: 834   
	C.sinensis           -> sites: 834   
	G.salaris            -> sites: 834   
	E.granulosus         -> sites: 834   
	D.melanogaster       -> sites: 834   
	C.intestinalis       -> sites: 834   
	H.microstoma         -> sites: 834   
	G.turnbulli          -> sites: 834   
	D.rerio              -> sites: 834   
	R.norvegicus         -> sites: 834   
	C.elegans            -> sites: 834   


	data type             : amino acid sequences

	input ...

	infile		: EOG091G0530.clustalo.aln.fasta
	random pairs	: 200000000000000000
	window size	: 6
	indels		: ambiguous
	tree file	: -
	node level	: -
	strict profile	: -
	outgroup	: -
	matrix          : BLOSUM62

	number of taxa        : 12
	random number of pairs: 200000000000000000

	generates threshhold value for amino acid data
	using BLOSUM62

	checks for (potential) identical taxa


	scores site patterns ...


	max number of different pairs is 66
	max random pairs are scored!

	pair: 1      ->	taxon1: T.solium  	taxon2: O.viverrin
	            	positions below base line: 382
	pair: 2      ->	taxon1: T.solium  	taxon2: C.sinensis
	            	positions below base line: 417
	pair: 3      ->	taxon1: T.solium  	taxon2: G.salaris 
	            	positions below base line: 543
	pair: 4      ->	taxon1: T.solium  	taxon2: E.granulos
	            	positions below base line: 427
	pair: 5      ->	taxon1: T.solium  	taxon2: D.melanoga
	            	positions below base line: 397
	pair: 6      ->	taxon1: T.solium  	taxon2: C.intestin
	            	positions below base line: 390
	pair: 7      ->	taxon1: T.solium  	taxon2: H.microsto
	            	positions below base line: 344
	pair: 8      ->	taxon1: T.solium  	taxon2: G.turnbull
	            	positions below base line: 372
	pair: 9      ->	taxon1: T.solium  	taxon2: D.rerio   
	            	positions below base line: 395
	pair: 10     ->	taxon1: T.solium  	taxon2: R.norvegic
	            	positions below base line: 394
	pair: 11     ->	taxon1: T.solium  	taxon2: C.elegans 
	            	positions below base line: 391
	pair: 12     ->	taxon1: O.viverrin	taxon2: C.sinensis
	            	positions below base line: 392
	pair: 13     ->	taxon1: O.viverrin	taxon2: G.salaris 
	            	positions below base line: 540
	pair: 14     ->	taxon1: O.viverrin	taxon2: E.granulos
	            	positions below base line: 521
	pair: 15     ->	taxon1: O.viverrin	taxon2: D.melanoga
	            	positions below base line: 404
	pair: 16     ->	taxon1: O.viverrin	taxon2: C.intestin
	            	positions below base line: 402
	pair: 17     ->	taxon1: O.viverrin	taxon2: H.microsto
	            	positions below base line: 387
	pair: 18     ->	taxon1: O.viverrin	taxon2: G.turnbull
	            	positions below base line: 372
	pair: 19     ->	taxon1: O.viverrin	taxon2: D.rerio   
	            	positions below base line: 391
	pair: 20     ->	taxon1: O.viverrin	taxon2: R.norvegic
	            	positions below base line: 395
	pair: 21     ->	taxon1: O.viverrin	taxon2: C.elegans 
	            	positions below base line: 400
	pair: 22     ->	taxon1: C.sinensis	taxon2: G.salaris 
	            	positions below base line: 573
	pair: 23     ->	taxon1: C.sinensis	taxon2: E.granulos
	            	positions below base line: 520
	pair: 24     ->	taxon1: C.sinensis	taxon2: D.melanoga
	            	positions below base line: 417
	pair: 25     ->	taxon1: C.sinensis	taxon2: C.intestin
	            	positions below base line: 402
	pair: 26     ->	taxon1: C.sinensis	taxon2: H.microsto
	            	positions below base line: 419
	pair: 27     ->	taxon1: C.sinensis	taxon2: G.turnbull
	            	positions below base line: 412
	pair: 28     ->	taxon1: C.sinensis	taxon2: D.rerio   
	            	positions below base line: 403
	pair: 29     ->	taxon1: C.sinensis	taxon2: R.norvegic
	            	positions below base line: 398
	pair: 30     ->	taxon1: C.sinensis	taxon2: C.elegans 
	            	positions below base line: 435
	pair: 31     ->	taxon1: G.salaris 	taxon2: E.granulos
	            	positions below base line: 651
	pair: 32     ->	taxon1: G.salaris 	taxon2: D.melanoga
	            	positions below base line: 529
	pair: 33     ->	taxon1: G.salaris 	taxon2: C.intestin
	            	positions below base line: 525
	pair: 34     ->	taxon1: G.salaris 	taxon2: H.microsto
	            	positions below base line: 524
	pair: 35     ->	taxon1: G.salaris 	taxon2: G.turnbull
	            	positions below base line: 521
	pair: 36     ->	taxon1: G.salaris 	taxon2: D.rerio   
	            	positions below base line: 521
	pair: 37     ->	taxon1: G.salaris 	taxon2: R.norvegic
	            	positions below base line: 515
	pair: 38     ->	taxon1: G.salaris 	taxon2: C.elegans 
	            	positions below base line: 515
	pair: 39     ->	taxon1: E.granulos	taxon2: D.melanoga
	            	positions below base line: 525
	pair: 40     ->	taxon1: E.granulos	taxon2: C.intestin
	            	positions below base line: 519
	pair: 41     ->	taxon1: E.granulos	taxon2: H.microsto
	            	positions below base line: 509
	pair: 42     ->	taxon1: E.granulos	taxon2: G.turnbull
	            	positions below base line: 517
	pair: 43     ->	taxon1: E.granulos	taxon2: D.rerio   
	            	positions below base line: 524
	pair: 44     ->	taxon1: E.granulos	taxon2: R.norvegic
	            	positions below base line: 531
	pair: 45     ->	taxon1: E.granulos	taxon2: C.elegans 
	            	positions below base line: 532
	pair: 46     ->	taxon1: D.melanoga	taxon2: C.intestin
	            	positions below base line: 330
	pair: 47     ->	taxon1: D.melanoga	taxon2: H.microsto
	            	positions below base line: 369
	pair: 48     ->	taxon1: D.melanoga	taxon2: G.turnbull
	            	positions below base line: 384
	pair: 49     ->	taxon1: D.melanoga	taxon2: D.rerio   
	            	positions below base line: 331
	pair: 50     ->	taxon1: D.melanoga	taxon2: R.norvegic
	            	positions below base line: 360
	pair: 51     ->	taxon1: D.melanoga	taxon2: C.elegans 
	            	positions below base line: 347
	pair: 52     ->	taxon1: C.intestin	taxon2: H.microsto
	            	positions below base line: 364
	pair: 53     ->	taxon1: C.intestin	taxon2: G.turnbull
	            	positions below base line: 378
	pair: 54     ->	taxon1: C.intestin	taxon2: D.rerio   
	            	positions below base line: 305
	pair: 55     ->	taxon1: C.intestin	taxon2: R.norvegic
	            	positions below base line: 342
	pair: 56     ->	taxon1: C.intestin	taxon2: C.elegans 
	            	positions below base line: 342
	pair: 57     ->	taxon1: H.microsto	taxon2: G.turnbull
	            	positions below base line: 359
	pair: 58     ->	taxon1: H.microsto	taxon2: D.rerio   
	            	positions below base line: 357
	pair: 59     ->	taxon1: H.microsto	taxon2: R.norvegic
	            	positions below base line: 366
	pair: 60     ->	taxon1: H.microsto	taxon2: C.elegans 
	            	positions below base line: 382
	pair: 61     ->	taxon1: G.turnbull	taxon2: D.rerio   
	            	positions below base line: 358
	pair: 62     ->	taxon1: G.turnbull	taxon2: R.norvegic
	            	positions below base line: 365
	pair: 63     ->	taxon1: G.turnbull	taxon2: C.elegans 
	            	positions below base line: 366
	pair: 64     ->	taxon1: D.rerio   	taxon2: R.norvegic
	            	positions below base line: 335
	pair: 65     ->	taxon1: D.rerio   	taxon2: C.elegans 
	            	positions below base line: 329
	pair: 66     ->	taxon1: R.norvegic	taxon2: C.elegans 
	            	positions below base line: 363

	generates quality profile from collected scores ...


	scoring done ...


	generates vector plot from collected scores ...


Argument "-" treated as 0 in increment (++) at /usr/bin/Aliscore.pl line 1213.
	Profile written to EOG091G0530.clustalo.aln.fasta_Profile_random.txt
	List   written to EOG091G0530.clustalo.aln.fasta_List_random.txt

	time used: 3.93 sec

