
	reading taxa from FASTA ...


	G.salaris            -> sites: 406   
	D.melanogaster       -> sites: 406   
	C.intestinalis       -> sites: 406   
	D.rerio              -> sites: 406   
	O.viverrini          -> sites: 406   
	R.norvegicus         -> sites: 406   
	E.granulosus         -> sites: 406   
	H.microstoma         -> sites: 406   
	C.elegans            -> sites: 406   
	T.solium             -> sites: 406   
	G.turnbulli          -> sites: 406   


	data type             : amino acid sequences

	input ...

	infile		: EOG091G0O6E.clustalo.aln.fasta
	random pairs	: 200000000000000000
	window size	: 6
	indels		: ambiguous
	tree file	: -
	node level	: -
	strict profile	: -
	outgroup	: -
	matrix          : BLOSUM62

	number of taxa        : 11
	random number of pairs: 200000000000000000

	generates threshhold value for amino acid data
	using BLOSUM62

	checks for (potential) identical taxa


	scores site patterns ...


	max number of different pairs is 55
	max random pairs are scored!

	pair: 1      ->	taxon1: G.salaris 	taxon2: D.melanoga
	            	positions below base line: 232
	pair: 2      ->	taxon1: G.salaris 	taxon2: C.intestin
	            	positions below base line: 261
	pair: 3      ->	taxon1: G.salaris 	taxon2: D.rerio   
	            	positions below base line: 244
	pair: 4      ->	taxon1: G.salaris 	taxon2: O.viverrin
	            	positions below base line: 231
	pair: 5      ->	taxon1: G.salaris 	taxon2: R.norvegic
	            	positions below base line: 239
	pair: 6      ->	taxon1: G.salaris 	taxon2: E.granulos
	            	positions below base line: 222
	pair: 7      ->	taxon1: G.salaris 	taxon2: H.microsto
	            	positions below base line: 224
	pair: 8      ->	taxon1: G.salaris 	taxon2: C.elegans 
	            	positions below base line: 242
	pair: 9      ->	taxon1: G.salaris 	taxon2: T.solium  
	            	positions below base line: 227
	pair: 10     ->	taxon1: G.salaris 	taxon2: G.turnbull
	            	positions below base line: 210
	pair: 11     ->	taxon1: D.melanoga	taxon2: C.intestin
	            	positions below base line: 237
	pair: 12     ->	taxon1: D.melanoga	taxon2: D.rerio   
	            	positions below base line: 220
	pair: 13     ->	taxon1: D.melanoga	taxon2: O.viverrin
	            	positions below base line: 248
	pair: 14     ->	taxon1: D.melanoga	taxon2: R.norvegic
	            	positions below base line: 213
	pair: 15     ->	taxon1: D.melanoga	taxon2: E.granulos
	            	positions below base line: 242
	pair: 16     ->	taxon1: D.melanoga	taxon2: H.microsto
	            	positions below base line: 245
	pair: 17     ->	taxon1: D.melanoga	taxon2: C.elegans 
	            	positions below base line: 176
	pair: 18     ->	taxon1: D.melanoga	taxon2: T.solium  
	            	positions below base line: 242
	pair: 19     ->	taxon1: D.melanoga	taxon2: G.turnbull
	            	positions below base line: 248
	pair: 20     ->	taxon1: C.intestin	taxon2: D.rerio   
	            	positions below base line: 212
	pair: 21     ->	taxon1: C.intestin	taxon2: O.viverrin
	            	positions below base line: 265
	pair: 22     ->	taxon1: C.intestin	taxon2: R.norvegic
	            	positions below base line: 222
	pair: 23     ->	taxon1: C.intestin	taxon2: E.granulos
	            	positions below base line: 261
	pair: 24     ->	taxon1: C.intestin	taxon2: H.microsto
	            	positions below base line: 258
	pair: 25     ->	taxon1: C.intestin	taxon2: C.elegans 
	            	positions below base line: 242
	pair: 26     ->	taxon1: C.intestin	taxon2: T.solium  
	            	positions below base line: 261
	pair: 27     ->	taxon1: C.intestin	taxon2: G.turnbull
	            	positions below base line: 261
	pair: 28     ->	taxon1: D.rerio   	taxon2: O.viverrin
	            	positions below base line: 251
	pair: 29     ->	taxon1: D.rerio   	taxon2: R.norvegic
	            	positions below base line: 142
	pair: 30     ->	taxon1: D.rerio   	taxon2: E.granulos
	            	positions below base line: 242
	pair: 31     ->	taxon1: D.rerio   	taxon2: H.microsto
	            	positions below base line: 250
	pair: 32     ->	taxon1: D.rerio   	taxon2: C.elegans 
	            	positions below base line: 220
	pair: 33     ->	taxon1: D.rerio   	taxon2: T.solium  
	            	positions below base line: 246
	pair: 34     ->	taxon1: D.rerio   	taxon2: G.turnbull
	            	positions below base line: 251
	pair: 35     ->	taxon1: O.viverrin	taxon2: R.norvegic
	            	positions below base line: 251
	pair: 36     ->	taxon1: O.viverrin	taxon2: E.granulos
	            	positions below base line: 225
	pair: 37     ->	taxon1: O.viverrin	taxon2: H.microsto
	            	positions below base line: 225
	pair: 38     ->	taxon1: O.viverrin	taxon2: C.elegans 
	            	positions below base line: 230
	pair: 39     ->	taxon1: O.viverrin	taxon2: T.solium  
	            	positions below base line: 225
	pair: 40     ->	taxon1: O.viverrin	taxon2: G.turnbull
	            	positions below base line: 235
	pair: 41     ->	taxon1: R.norvegic	taxon2: E.granulos
	            	positions below base line: 246
	pair: 42     ->	taxon1: R.norvegic	taxon2: H.microsto
	            	positions below base line: 251
	pair: 43     ->	taxon1: R.norvegic	taxon2: C.elegans 
	            	positions below base line: 228
	pair: 44     ->	taxon1: R.norvegic	taxon2: T.solium  
	            	positions below base line: 242
	pair: 45     ->	taxon1: R.norvegic	taxon2: G.turnbull
	            	positions below base line: 248
	pair: 46     ->	taxon1: E.granulos	taxon2: H.microsto
	            	positions below base line: 139
	pair: 47     ->	taxon1: E.granulos	taxon2: C.elegans 
	            	positions below base line: 247
	pair: 48     ->	taxon1: E.granulos	taxon2: T.solium  
	            	positions below base line: 141
	pair: 49     ->	taxon1: E.granulos	taxon2: G.turnbull
	            	positions below base line: 237
	pair: 50     ->	taxon1: H.microsto	taxon2: C.elegans 
	            	positions below base line: 258
	pair: 51     ->	taxon1: H.microsto	taxon2: T.solium  
	            	positions below base line: 156
	pair: 52     ->	taxon1: H.microsto	taxon2: G.turnbull
	            	positions below base line: 234
	pair: 53     ->	taxon1: C.elegans 	taxon2: T.solium  
	            	positions below base line: 247
	pair: 54     ->	taxon1: C.elegans 	taxon2: G.turnbull
	            	positions below base line: 249
	pair: 55     ->	taxon1: T.solium  	taxon2: G.turnbull
	            	positions below base line: 237

	generates quality profile from collected scores ...


	scoring done ...


	generates vector plot from collected scores ...


Argument "-" treated as 0 in increment (++) at /usr/bin/Aliscore.pl line 1213.
	Profile written to EOG091G0O6E.clustalo.aln.fasta_Profile_random.txt
	List   written to EOG091G0O6E.clustalo.aln.fasta_List_random.txt

	time used: 4.16 sec

