
	reading taxa from FASTA ...


	G.salaris            -> sites: 1343  
	D.melanogaster       -> sites: 1343  
	D.rerio              -> sites: 1343  
	H.microstoma         -> sites: 1343  
	C.intestinalis       -> sites: 1343  
	H.robusta            -> sites: 1343  
	G.turnbulli          -> sites: 1343  
	R.norvegicus         -> sites: 1343  
	T.solium             -> sites: 1343  
	E.granulosus         -> sites: 1343  
	O.viverrini          -> sites: 1343  


	data type             : amino acid sequences

	input ...

	infile		: EOG091G05GZ.clustalo.aln.fasta
	random pairs	: 200000000000000000
	window size	: 6
	indels		: ambiguous
	tree file	: -
	node level	: -
	strict profile	: -
	outgroup	: -
	matrix          : BLOSUM62

	number of taxa        : 11
	random number of pairs: 200000000000000000

	generates threshhold value for amino acid data
	using BLOSUM62

	checks for (potential) identical taxa


	scores site patterns ...


	max number of different pairs is 55
	max random pairs are scored!

	pair: 1      ->	taxon1: G.salaris 	taxon2: D.melanoga
	            	positions below base line: 1188
	pair: 2      ->	taxon1: G.salaris 	taxon2: D.rerio   
	            	positions below base line: 1176
	pair: 3      ->	taxon1: G.salaris 	taxon2: H.microsto
	            	positions below base line: 1230
	pair: 4      ->	taxon1: G.salaris 	taxon2: C.intestin
	            	positions below base line: 1192
	pair: 5      ->	taxon1: G.salaris 	taxon2: H.robusta 
	            	positions below base line: 1173
	pair: 6      ->	taxon1: G.salaris 	taxon2: G.turnbull
	            	positions below base line: 1114
	pair: 7      ->	taxon1: G.salaris 	taxon2: R.norvegic
	            	positions below base line: 1198
	pair: 8      ->	taxon1: G.salaris 	taxon2: T.solium  
	            	positions below base line: 1284
	pair: 9      ->	taxon1: G.salaris 	taxon2: E.granulos
	            	positions below base line: 1232
	pair: 10     ->	taxon1: G.salaris 	taxon2: O.viverrin
	            	positions below base line: 1178
	pair: 11     ->	taxon1: D.melanoga	taxon2: D.rerio   
	            	positions below base line: 921
	pair: 12     ->	taxon1: D.melanoga	taxon2: H.microsto
	            	positions below base line: 1098
	pair: 13     ->	taxon1: D.melanoga	taxon2: C.intestin
	            	positions below base line: 936
	pair: 14     ->	taxon1: D.melanoga	taxon2: H.robusta 
	            	positions below base line: 928
	pair: 15     ->	taxon1: D.melanoga	taxon2: G.turnbull
	            	positions below base line: 1129
	pair: 16     ->	taxon1: D.melanoga	taxon2: R.norvegic
	            	positions below base line: 932
	pair: 17     ->	taxon1: D.melanoga	taxon2: T.solium  
	            	positions below base line: 1217
	pair: 18     ->	taxon1: D.melanoga	taxon2: E.granulos
	            	positions below base line: 1100
	pair: 19     ->	taxon1: D.melanoga	taxon2: O.viverrin
	            	positions below base line: 987
	pair: 20     ->	taxon1: D.rerio   	taxon2: H.microsto
	            	positions below base line: 1030
	pair: 21     ->	taxon1: D.rerio   	taxon2: C.intestin
	            	positions below base line: 782
	pair: 22     ->	taxon1: D.rerio   	taxon2: H.robusta 
	            	positions below base line: 798
	pair: 23     ->	taxon1: D.rerio   	taxon2: G.turnbull
	            	positions below base line: 1115
	pair: 24     ->	taxon1: D.rerio   	taxon2: R.norvegic
	            	positions below base line: 608
	pair: 25     ->	taxon1: D.rerio   	taxon2: T.solium  
	            	positions below base line: 1179
	pair: 26     ->	taxon1: D.rerio   	taxon2: E.granulos
	            	positions below base line: 1035
	pair: 27     ->	taxon1: D.rerio   	taxon2: O.viverrin
	            	positions below base line: 948
	pair: 28     ->	taxon1: H.microsto	taxon2: C.intestin
	            	positions below base line: 1044
	pair: 29     ->	taxon1: H.microsto	taxon2: H.robusta 
	            	positions below base line: 1043
	pair: 30     ->	taxon1: H.microsto	taxon2: G.turnbull
	            	positions below base line: 1138
	pair: 31     ->	taxon1: H.microsto	taxon2: R.norvegic
	            	positions below base line: 1038
	pair: 32     ->	taxon1: H.microsto	taxon2: T.solium  
	            	positions below base line: 1106
	pair: 33     ->	taxon1: H.microsto	taxon2: E.granulos
	            	positions below base line: 877
	pair: 34     ->	taxon1: H.microsto	taxon2: O.viverrin
	            	positions below base line: 981
	pair: 35     ->	taxon1: C.intestin	taxon2: H.robusta 
	            	positions below base line: 871
	pair: 36     ->	taxon1: C.intestin	taxon2: G.turnbull
	            	positions below base line: 1111
	pair: 37     ->	taxon1: C.intestin	taxon2: R.norvegic
	            	positions below base line: 814
	pair: 38     ->	taxon1: C.intestin	taxon2: T.solium  
	            	positions below base line: 1194
	pair: 39     ->	taxon1: C.intestin	taxon2: E.granulos
	            	positions below base line: 1046
	pair: 40     ->	taxon1: C.intestin	taxon2: O.viverrin
	            	positions below base line: 963
	pair: 41     ->	taxon1: H.robusta 	taxon2: G.turnbull
	            	positions below base line: 1116
	pair: 42     ->	taxon1: H.robusta 	taxon2: R.norvegic
	            	positions below base line: 795
	pair: 43     ->	taxon1: H.robusta 	taxon2: T.solium  
	            	positions below base line: 1181
	pair: 44     ->	taxon1: H.robusta 	taxon2: E.granulos
	            	positions below base line: 1067
	pair: 45     ->	taxon1: H.robusta 	taxon2: O.viverrin
	            	positions below base line: 988
	pair: 46     ->	taxon1: G.turnbull	taxon2: R.norvegic
	            	positions below base line: 1117
	pair: 47     ->	taxon1: G.turnbull	taxon2: T.solium  
	            	positions below base line: 1252
	pair: 48     ->	taxon1: G.turnbull	taxon2: E.granulos
	            	positions below base line: 1078
	pair: 49     ->	taxon1: G.turnbull	taxon2: O.viverrin
	            	positions below base line: 1078
	pair: 50     ->	taxon1: R.norvegic	taxon2: T.solium  
	            	positions below base line: 1188
	pair: 51     ->	taxon1: R.norvegic	taxon2: E.granulos
	            	positions below base line: 1026
	pair: 52     ->	taxon1: R.norvegic	taxon2: O.viverrin
	            	positions below base line: 950
	pair: 53     ->	taxon1: T.solium  	taxon2: E.granulos
	            	positions below base line: 702
	pair: 54     ->	taxon1: T.solium  	taxon2: O.viverrin
	            	positions below base line: 1148
	pair: 55     ->	taxon1: E.granulos	taxon2: O.viverrin
	            	positions below base line: 919

	generates quality profile from collected scores ...


	scoring done ...


	generates vector plot from collected scores ...


Argument "-" treated as 0 in increment (++) at /usr/bin/Aliscore.pl line 1213.
	Profile written to EOG091G05GZ.clustalo.aln.fasta_Profile_random.txt
	List   written to EOG091G05GZ.clustalo.aln.fasta_List_random.txt

	time used: 4.74 sec

