
RAxML can't, parse the alignment file as phylip file 
it will now try to parse it as FASTA file


This is the RAxML Master Pthread

This is RAxML Worker Pthread Number: 1


This is RAxML version 8.2.12 released by Alexandros Stamatakis on May 2018.

With greatly appreciated code contributions by:
Andre Aberer      (HITS)
Simon Berger      (HITS)
Alexey Kozlov     (HITS)
Kassian Kobert    (HITS)
David Dao         (KIT and HITS)
Sarah Lutteropp   (KIT and HITS)
Nick Pattengale   (Sandia)
Wayne Pfeiffer    (SDSC)
Akifumi S. Tanabe (NRIFS)
Charlie Taylor    (UF)


Alignment has 161 distinct alignment patterns

Proportion of gaps and completely undetermined characters in this alignment: 5.55%

RAxML rapid bootstrapping and subsequent ML search

Using 1 distinct models/data partitions with joint branch length optimization



Executing 100 rapid bootstrap inferences and thereafter a thorough ML search 

All free model parameters will be estimated by RAxML
GAMMA model of rate heterogeneity, ML estimate of alpha-parameter

GAMMA Model parameters will be estimated up to an accuracy of 0.1000000000 Log Likelihood units

Partition: 0
Alignment Patterns: 161
Name: No Name Provided
DataType: AA
Substitution Matrix: RTREV
Using empirical base frequencies




RAxML was called as follows:

raxml -f a -T 2 -m PROTGAMMARTREVF -p 12345 -x 12345 -# 100 -s ALICUT_EOG091G0K1G.clustalo.aln.fasta -n EOG091G0K1G.clustalo.aln.ALICUT.RTREVF 



Time for BS model parameter optimization 0.049728
Bootstrap[0]: Time 0.486613 seconds, bootstrap likelihood -2092.189015, best rearrangement setting 13
Bootstrap[1]: Time 0.377226 seconds, bootstrap likelihood -2038.717767, best rearrangement setting 13
Bootstrap[2]: Time 0.450284 seconds, bootstrap likelihood -2286.755842, best rearrangement setting 12
Bootstrap[3]: Time 0.332711 seconds, bootstrap likelihood -2163.749783, best rearrangement setting 15
Bootstrap[4]: Time 0.403328 seconds, bootstrap likelihood -2213.959479, best rearrangement setting 10
Bootstrap[5]: Time 0.356131 seconds, bootstrap likelihood -2411.785833, best rearrangement setting 10
Bootstrap[6]: Time 0.442273 seconds, bootstrap likelihood -2287.146083, best rearrangement setting 6
Bootstrap[7]: Time 0.375353 seconds, bootstrap likelihood -2143.859828, best rearrangement setting 14
Bootstrap[8]: Time 0.298502 seconds, bootstrap likelihood -2134.080902, best rearrangement setting 5
Bootstrap[9]: Time 0.356224 seconds, bootstrap likelihood -2288.132215, best rearrangement setting 7
Bootstrap[10]: Time 0.347726 seconds, bootstrap likelihood -2189.049906, best rearrangement setting 7
Bootstrap[11]: Time 0.389188 seconds, bootstrap likelihood -2191.226306, best rearrangement setting 5
Bootstrap[12]: Time 0.372364 seconds, bootstrap likelihood -2003.392601, best rearrangement setting 8
Bootstrap[13]: Time 0.430961 seconds, bootstrap likelihood -2268.352844, best rearrangement setting 7
Bootstrap[14]: Time 0.380659 seconds, bootstrap likelihood -1991.535320, best rearrangement setting 12
Bootstrap[15]: Time 0.425896 seconds, bootstrap likelihood -2124.674853, best rearrangement setting 15
Bootstrap[16]: Time 0.399766 seconds, bootstrap likelihood -2277.751376, best rearrangement setting 12
Bootstrap[17]: Time 0.417179 seconds, bootstrap likelihood -2245.447635, best rearrangement setting 12
Bootstrap[18]: Time 0.347525 seconds, bootstrap likelihood -1982.053038, best rearrangement setting 5
Bootstrap[19]: Time 0.362286 seconds, bootstrap likelihood -2179.980166, best rearrangement setting 8
Bootstrap[20]: Time 0.356400 seconds, bootstrap likelihood -2275.681425, best rearrangement setting 10
Bootstrap[21]: Time 0.405135 seconds, bootstrap likelihood -2069.315571, best rearrangement setting 6
Bootstrap[22]: Time 0.409119 seconds, bootstrap likelihood -2294.314625, best rearrangement setting 5
Bootstrap[23]: Time 0.390932 seconds, bootstrap likelihood -2147.869846, best rearrangement setting 7
Bootstrap[24]: Time 0.408187 seconds, bootstrap likelihood -2354.513218, best rearrangement setting 8
Bootstrap[25]: Time 0.329644 seconds, bootstrap likelihood -2096.376571, best rearrangement setting 6
Bootstrap[26]: Time 0.367386 seconds, bootstrap likelihood -2118.318539, best rearrangement setting 12
Bootstrap[27]: Time 0.326702 seconds, bootstrap likelihood -2127.256112, best rearrangement setting 10
Bootstrap[28]: Time 0.403054 seconds, bootstrap likelihood -2067.637676, best rearrangement setting 11
Bootstrap[29]: Time 0.357737 seconds, bootstrap likelihood -1975.732560, best rearrangement setting 12
Bootstrap[30]: Time 0.996567 seconds, bootstrap likelihood -2080.250158, best rearrangement setting 15
Bootstrap[31]: Time 0.366130 seconds, bootstrap likelihood -2015.643065, best rearrangement setting 15
Bootstrap[32]: Time 0.409632 seconds, bootstrap likelihood -2094.842928, best rearrangement setting 6
Bootstrap[33]: Time 0.493809 seconds, bootstrap likelihood -2161.823018, best rearrangement setting 15
Bootstrap[34]: Time 0.610490 seconds, bootstrap likelihood -2029.421787, best rearrangement setting 11
Bootstrap[35]: Time 0.608247 seconds, bootstrap likelihood -2283.457731, best rearrangement setting 8
Bootstrap[36]: Time 0.560247 seconds, bootstrap likelihood -2307.785088, best rearrangement setting 9
Bootstrap[37]: Time 0.546268 seconds, bootstrap likelihood -2170.293849, best rearrangement setting 11
Bootstrap[38]: Time 0.553574 seconds, bootstrap likelihood -2042.166312, best rearrangement setting 8
Bootstrap[39]: Time 0.332779 seconds, bootstrap likelihood -2162.900833, best rearrangement setting 13
Bootstrap[40]: Time 0.410723 seconds, bootstrap likelihood -2560.400516, best rearrangement setting 13
Bootstrap[41]: Time 0.383125 seconds, bootstrap likelihood -2327.962294, best rearrangement setting 10
Bootstrap[42]: Time 0.400467 seconds, bootstrap likelihood -2285.402569, best rearrangement setting 5
Bootstrap[43]: Time 0.376940 seconds, bootstrap likelihood -2040.655747, best rearrangement setting 14
Bootstrap[44]: Time 0.424368 seconds, bootstrap likelihood -2226.771170, best rearrangement setting 10
Bootstrap[45]: Time 0.321549 seconds, bootstrap likelihood -2068.353901, best rearrangement setting 15
Bootstrap[46]: Time 0.371076 seconds, bootstrap likelihood -2061.130143, best rearrangement setting 14
Bootstrap[47]: Time 0.397264 seconds, bootstrap likelihood -2099.251923, best rearrangement setting 8
Bootstrap[48]: Time 0.449540 seconds, bootstrap likelihood -2150.752930, best rearrangement setting 6
Bootstrap[49]: Time 0.390188 seconds, bootstrap likelihood -2274.550430, best rearrangement setting 7
Bootstrap[50]: Time 0.333020 seconds, bootstrap likelihood -2009.142977, best rearrangement setting 7
Bootstrap[51]: Time 0.365341 seconds, bootstrap likelihood -2224.143760, best rearrangement setting 11
Bootstrap[52]: Time 0.417402 seconds, bootstrap likelihood -2280.718022, best rearrangement setting 12
Bootstrap[53]: Time 0.370383 seconds, bootstrap likelihood -2058.941241, best rearrangement setting 8
Bootstrap[54]: Time 0.457609 seconds, bootstrap likelihood -2418.976806, best rearrangement setting 9
Bootstrap[55]: Time 0.372083 seconds, bootstrap likelihood -2105.997084, best rearrangement setting 11
Bootstrap[56]: Time 0.429330 seconds, bootstrap likelihood -2219.646639, best rearrangement setting 5
Bootstrap[57]: Time 0.378732 seconds, bootstrap likelihood -2282.763130, best rearrangement setting 7
Bootstrap[58]: Time 0.315528 seconds, bootstrap likelihood -1972.294670, best rearrangement setting 10
Bootstrap[59]: Time 0.412585 seconds, bootstrap likelihood -2078.190996, best rearrangement setting 9
Bootstrap[60]: Time 0.346760 seconds, bootstrap likelihood -2204.146914, best rearrangement setting 7
Bootstrap[61]: Time 0.333328 seconds, bootstrap likelihood -2110.334148, best rearrangement setting 5
Bootstrap[62]: Time 0.348190 seconds, bootstrap likelihood -1996.087902, best rearrangement setting 11
Bootstrap[63]: Time 0.404457 seconds, bootstrap likelihood -2080.127623, best rearrangement setting 12
Bootstrap[64]: Time 0.401395 seconds, bootstrap likelihood -2104.530442, best rearrangement setting 7
Bootstrap[65]: Time 0.360712 seconds, bootstrap likelihood -2236.026372, best rearrangement setting 5
Bootstrap[66]: Time 0.408832 seconds, bootstrap likelihood -2403.039462, best rearrangement setting 5
Bootstrap[67]: Time 0.374406 seconds, bootstrap likelihood -2120.979832, best rearrangement setting 15
Bootstrap[68]: Time 0.412686 seconds, bootstrap likelihood -2124.028196, best rearrangement setting 11
Bootstrap[69]: Time 0.369054 seconds, bootstrap likelihood -1966.553251, best rearrangement setting 5
Bootstrap[70]: Time 0.387192 seconds, bootstrap likelihood -2096.433129, best rearrangement setting 8
Bootstrap[71]: Time 0.395117 seconds, bootstrap likelihood -2256.460529, best rearrangement setting 10
Bootstrap[72]: Time 0.378255 seconds, bootstrap likelihood -2249.659883, best rearrangement setting 11
Bootstrap[73]: Time 0.315741 seconds, bootstrap likelihood -2091.404326, best rearrangement setting 9
Bootstrap[74]: Time 0.381377 seconds, bootstrap likelihood -2111.775141, best rearrangement setting 5
Bootstrap[75]: Time 0.432384 seconds, bootstrap likelihood -2132.477959, best rearrangement setting 8
Bootstrap[76]: Time 0.301275 seconds, bootstrap likelihood -2116.826863, best rearrangement setting 9
Bootstrap[77]: Time 0.373097 seconds, bootstrap likelihood -2190.704893, best rearrangement setting 11
Bootstrap[78]: Time 0.399656 seconds, bootstrap likelihood -2176.483314, best rearrangement setting 15
Bootstrap[79]: Time 0.409899 seconds, bootstrap likelihood -2131.004105, best rearrangement setting 9
Bootstrap[80]: Time 0.362750 seconds, bootstrap likelihood -2355.865319, best rearrangement setting 15
Bootstrap[81]: Time 0.410100 seconds, bootstrap likelihood -2310.435110, best rearrangement setting 7
Bootstrap[82]: Time 0.421863 seconds, bootstrap likelihood -2164.218534, best rearrangement setting 6
Bootstrap[83]: Time 0.499891 seconds, bootstrap likelihood -2192.439538, best rearrangement setting 10
Bootstrap[84]: Time 0.417436 seconds, bootstrap likelihood -1926.952452, best rearrangement setting 11
Bootstrap[85]: Time 0.348460 seconds, bootstrap likelihood -2089.212707, best rearrangement setting 8
Bootstrap[86]: Time 0.368621 seconds, bootstrap likelihood -2151.455710, best rearrangement setting 7
Bootstrap[87]: Time 0.349915 seconds, bootstrap likelihood -2062.560192, best rearrangement setting 7
Bootstrap[88]: Time 0.385157 seconds, bootstrap likelihood -2248.315860, best rearrangement setting 12
Bootstrap[89]: Time 0.159035 seconds, bootstrap likelihood -2109.529815, best rearrangement setting 10
Bootstrap[90]: Time 0.373253 seconds, bootstrap likelihood -2173.893591, best rearrangement setting 8
Bootstrap[91]: Time 0.339562 seconds, bootstrap likelihood -1947.407920, best rearrangement setting 12
Bootstrap[92]: Time 0.340749 seconds, bootstrap likelihood -2233.874312, best rearrangement setting 13
Bootstrap[93]: Time 0.483875 seconds, bootstrap likelihood -2222.941328, best rearrangement setting 15
Bootstrap[94]: Time 0.357042 seconds, bootstrap likelihood -2105.138240, best rearrangement setting 5
Bootstrap[95]: Time 0.355440 seconds, bootstrap likelihood -2295.366158, best rearrangement setting 5
Bootstrap[96]: Time 0.438666 seconds, bootstrap likelihood -2395.822308, best rearrangement setting 13
Bootstrap[97]: Time 0.366397 seconds, bootstrap likelihood -2261.045211, best rearrangement setting 11
Bootstrap[98]: Time 0.359525 seconds, bootstrap likelihood -2196.610022, best rearrangement setting 6
Bootstrap[99]: Time 0.384980 seconds, bootstrap likelihood -2184.904813, best rearrangement setting 14


Overall Time for 100 Rapid Bootstraps 39.834651 seconds
Average Time per Rapid Bootstrap 0.398347 seconds

Starting ML Search ...

Fast ML optimization finished

Fast ML search Time: 28.370463 seconds

Slow ML Search 0 Likelihood: -2175.223300
Slow ML Search 1 Likelihood: -2175.223300
Slow ML Search 2 Likelihood: -2175.223300
Slow ML Search 3 Likelihood: -2175.223300
Slow ML Search 4 Likelihood: -2175.223300
Slow ML Search 5 Likelihood: -2175.223300
Slow ML Search 6 Likelihood: -2175.223300
Slow ML Search 7 Likelihood: -2175.223300
Slow ML Search 8 Likelihood: -2175.223300
Slow ML Search 9 Likelihood: -2175.223300
Slow ML optimization finished

Slow ML search Time: 7.410966 seconds
Thorough ML search Time: 0.513285 seconds

Final ML Optimization Likelihood: -2175.223301

Model Information:

Model Parameters of Partition 0, Name: No Name Provided, Type of Data: AA
alpha: 0.498705
Tree-Length: 1.770936
rate A <-> R: 0.324427
rate A <-> N: 0.486641
rate A <-> D: 0.095420
rate A <-> C: 4.188931
rate A <-> Q: 0.305344
rate A <-> E: 0.772901
rate A <-> G: 1.288168
rate A <-> H: 0.286260
rate A <-> I: 0.009542
rate A <-> L: 0.429389
rate A <-> K: 0.362595
rate A <-> M: 2.242366
rate A <-> F: 0.009542
rate A <-> P: 0.925573
rate A <-> S: 4.389313
rate A <-> T: 2.461832
rate A <-> W: 0.047710
rate A <-> Y: 0.524809
rate A <-> V: 1.879771
rate R <-> N: 0.333969
rate R <-> D: 0.286260
rate R <-> C: 0.877863
rate R <-> Q: 2.108779
rate R <-> E: 0.095420
rate R <-> G: 0.391221
rate R <-> H: 0.858779
rate R <-> I: 0.229008
rate R <-> L: 0.171756
rate R <-> K: 5.658397
rate R <-> M: 0.543893
rate R <-> F: 0.066794
rate R <-> P: 0.229008
rate R <-> S: 0.973282
rate R <-> T: 0.610687
rate R <-> W: 0.124046
rate R <-> Y: 0.448473
rate R <-> V: 0.276718
rate N <-> D: 3.664122
rate N <-> C: 1.221374
rate N <-> Q: 2.251908
rate N <-> E: 0.753817
rate N <-> G: 0.896947
rate N <-> H: 3.053435
rate N <-> I: 0.333969
rate N <-> L: 0.143130
rate N <-> K: 1.173664
rate N <-> M: 0.009542
rate N <-> F: 0.467557
rate N <-> P: 0.314885
rate N <-> S: 2.805344
rate N <-> T: 1.412214
rate N <-> W: 0.152672
rate N <-> Y: 0.267176
rate N <-> V: 0.200382
rate D <-> C: 0.009542
rate D <-> Q: 0.744275
rate D <-> E: 5.171756
rate D <-> G: 0.582061
rate D <-> H: 0.868321
rate D <-> I: 0.009542
rate D <-> L: 0.047710
rate D <-> K: 0.190840
rate D <-> M: 0.009542
rate D <-> F: 0.009542
rate D <-> P: 0.524809
rate D <-> S: 1.297710
rate D <-> T: 0.524809
rate D <-> W: 0.009542
rate D <-> Y: 0.009542
rate D <-> V: 0.057252
rate C <-> Q: 0.667939
rate C <-> E: 0.009542
rate C <-> G: 0.458015
rate C <-> H: 1.183206
rate C <-> I: 0.992366
rate C <-> L: 1.049618
rate C <-> K: 0.152672
rate C <-> M: 1.488550
rate C <-> F: 0.667939
rate C <-> P: 0.009542
rate C <-> S: 0.715649
rate C <-> T: 1.116412
rate C <-> W: 0.524809
rate C <-> Y: 1.250000
rate C <-> V: 2.814885
rate Q <-> E: 3.549618
rate Q <-> G: 0.171756
rate Q <-> H: 3.692748
rate Q <-> I: 0.314885
rate Q <-> L: 0.515267
rate Q <-> K: 2.948473
rate Q <-> M: 1.507634
rate Q <-> F: 0.009542
rate Q <-> P: 0.648855
rate Q <-> S: 2.146947
rate Q <-> T: 1.393130
rate Q <-> W: 0.095420
rate Q <-> Y: 0.429389
rate Q <-> V: 0.343511
rate E <-> G: 0.667939
rate E <-> H: 0.324427
rate E <-> I: 0.009542
rate E <-> L: 0.200382
rate E <-> K: 1.345420
rate E <-> M: 0.009542
rate E <-> F: 0.009542
rate E <-> P: 0.496183
rate E <-> S: 0.906489
rate E <-> T: 0.782443
rate E <-> W: 0.162214
rate E <-> Y: 0.009542
rate E <-> V: 0.333969
rate G <-> H: 0.648855
rate G <-> I: 0.009542
rate G <-> L: 0.028626
rate G <-> K: 0.286260
rate G <-> M: 0.353053
rate G <-> F: 0.066794
rate G <-> P: 0.162214
rate G <-> S: 1.450382
rate G <-> T: 0.066794
rate G <-> W: 0.219466
rate G <-> Y: 0.200382
rate G <-> V: 0.028626
rate H <-> I: 0.324427
rate H <-> L: 0.486641
rate H <-> K: 0.725191
rate H <-> M: 1.106870
rate H <-> F: 1.345420
rate H <-> P: 0.419847
rate H <-> S: 1.746183
rate H <-> T: 0.467557
rate H <-> W: 0.458015
rate H <-> Y: 2.929389
rate H <-> V: 0.009542
rate I <-> L: 3.673664
rate I <-> K: 0.324427
rate I <-> M: 3.578244
rate I <-> F: 0.610687
rate I <-> P: 0.095420
rate I <-> S: 0.038168
rate I <-> T: 0.687023
rate I <-> W: 0.372137
rate I <-> Y: 0.248092
rate I <-> V: 10.000000
rate L <-> K: 0.219466
rate L <-> M: 5.543893
rate L <-> F: 1.708015
rate L <-> P: 0.209924
rate L <-> S: 0.229008
rate L <-> T: 0.238550
rate L <-> W: 0.448473
rate L <-> Y: 0.610687
rate L <-> V: 1.068702
rate K <-> M: 1.278626
rate K <-> F: 0.133588
rate K <-> P: 0.410305
rate K <-> S: 0.734733
rate K <-> T: 1.049618
rate K <-> W: 0.057252
rate K <-> Y: 0.009542
rate K <-> V: 0.181298
rate M <-> F: 2.356870
rate M <-> P: 0.009542
rate M <-> S: 0.009542
rate M <-> T: 1.250000
rate M <-> W: 1.059160
rate M <-> Y: 0.706107
rate M <-> V: 2.251908
rate F <-> P: 0.104962
rate F <-> S: 0.190840
rate F <-> T: 0.658397
rate F <-> W: 1.736641
rate F <-> Y: 9.704198
rate F <-> V: 0.877863
rate P <-> S: 1.278626
rate P <-> T: 0.591603
rate P <-> W: 0.085878
rate P <-> Y: 0.133588
rate P <-> V: 0.238550
rate S <-> T: 6.402672
rate S <-> W: 0.133588
rate S <-> Y: 0.295802
rate S <-> V: 0.372137
rate T <-> W: 0.009542
rate T <-> Y: 0.324427
rate T <-> V: 1.870229
rate W <-> Y: 1.679389
rate W <-> V: 0.248092
rate Y <-> V: 0.562977

freq pi(A): 0.090565
freq pi(R): 0.109132
freq pi(N): 0.033725
freq pi(D): 0.028420
freq pi(C): 0.017431
freq pi(Q): 0.020841
freq pi(E): 0.029936
freq pi(G): 0.129973
freq pi(H): 0.048503
freq pi(I): 0.065176
freq pi(L): 0.046987
freq pi(K): 0.092838
freq pi(M): 0.021978
freq pi(F): 0.020841
freq pi(P): 0.050398
freq pi(S): 0.040546
freq pi(T): 0.041304
freq pi(W): 0.004168
freq pi(Y): 0.026146
freq pi(V): 0.081091


ML search took 36.317108 secs or 0.010088 hours

Combined Bootstrap and ML search took 76.152026 secs or 0.021153 hours

Drawing Bootstrap Support Values on best-scoring ML tree ...



Found 1 tree in File /in/RAxML_bestTree.EOG091G0K1G.clustalo.aln.ALICUT.RTREVF



Found 1 tree in File /in/RAxML_bestTree.EOG091G0K1G.clustalo.aln.ALICUT.RTREVF

Program execution info written to /in/RAxML_info.EOG091G0K1G.clustalo.aln.ALICUT.RTREVF
All 100 bootstrapped trees written to: /in/RAxML_bootstrap.EOG091G0K1G.clustalo.aln.ALICUT.RTREVF

Best-scoring ML tree written to: /in/RAxML_bestTree.EOG091G0K1G.clustalo.aln.ALICUT.RTREVF

Best-scoring ML tree with support values written to: /in/RAxML_bipartitions.EOG091G0K1G.clustalo.aln.ALICUT.RTREVF

Best-scoring ML tree with support values as branch labels written to: /in/RAxML_bipartitionsBranchLabels.EOG091G0K1G.clustalo.aln.ALICUT.RTREVF

Overall execution time for full ML analysis: 76.154125 secs or 0.021154 hours or 0.000881 days

