
RAxML can't, parse the alignment file as phylip file 
it will now try to parse it as FASTA file


This is the RAxML Master Pthread

This is RAxML Worker Pthread Number: 1

This is RAxML Worker Pthread Number: 3

This is RAxML Worker Pthread Number: 2

This is RAxML Worker Pthread Number: 4

This is RAxML Worker Pthread Number: 5


This is RAxML version 8.2.12 released by Alexandros Stamatakis on May 2018.

With greatly appreciated code contributions by:
Andre Aberer      (HITS)
Simon Berger      (HITS)
Alexey Kozlov     (HITS)
Kassian Kobert    (HITS)
David Dao         (KIT and HITS)
Sarah Lutteropp   (KIT and HITS)
Nick Pattengale   (Sandia)
Wayne Pfeiffer    (SDSC)
Akifumi S. Tanabe (NRIFS)
Charlie Taylor    (UF)


Alignment has 171 distinct alignment patterns

Proportion of gaps and completely undetermined characters in this alignment: 8.09%

RAxML rapid bootstrapping and subsequent ML search

Using 1 distinct models/data partitions with joint branch length optimization



Executing 100 rapid bootstrap inferences and thereafter a thorough ML search 

All free model parameters will be estimated by RAxML
GAMMA model of rate heterogeneity, ML estimate of alpha-parameter

GAMMA Model parameters will be estimated up to an accuracy of 0.1000000000 Log Likelihood units

Partition: 0
Alignment Patterns: 171
Name: No Name Provided
DataType: AA
Substitution Matrix: LG
Using empirical base frequencies




RAxML was called as follows:

raxml -f a -T 6 -m PROTGAMMALGF -p 12345 -x 12345 -# 100 -s ALICUT_EOG091G0PIU.clustalo.aln.fasta -n EOG091G0PIU.clustalo.aln.ALICUT.LGF 



Time for BS model parameter optimization 0.047730
Bootstrap[0]: Time 0.451303 seconds, bootstrap likelihood -3282.638521, best rearrangement setting 13
Bootstrap[1]: Time 0.380786 seconds, bootstrap likelihood -3455.863873, best rearrangement setting 13
Bootstrap[2]: Time 0.392590 seconds, bootstrap likelihood -3362.160732, best rearrangement setting 12
Bootstrap[3]: Time 0.419564 seconds, bootstrap likelihood -3374.483940, best rearrangement setting 15
Bootstrap[4]: Time 0.368400 seconds, bootstrap likelihood -3583.315752, best rearrangement setting 10
Bootstrap[5]: Time 0.173216 seconds, bootstrap likelihood -3282.487894, best rearrangement setting 10
Bootstrap[6]: Time 0.388796 seconds, bootstrap likelihood -3369.027862, best rearrangement setting 6
Bootstrap[7]: Time 0.424910 seconds, bootstrap likelihood -3471.327084, best rearrangement setting 14
Bootstrap[8]: Time 0.386540 seconds, bootstrap likelihood -3453.686204, best rearrangement setting 5
Bootstrap[9]: Time 0.394662 seconds, bootstrap likelihood -3141.365895, best rearrangement setting 7
Bootstrap[10]: Time 0.429681 seconds, bootstrap likelihood -3395.527592, best rearrangement setting 7
Bootstrap[11]: Time 0.349066 seconds, bootstrap likelihood -3258.285808, best rearrangement setting 5
Bootstrap[12]: Time 0.355944 seconds, bootstrap likelihood -3303.184281, best rearrangement setting 8
Bootstrap[13]: Time 0.377834 seconds, bootstrap likelihood -3510.770476, best rearrangement setting 7
Bootstrap[14]: Time 0.420946 seconds, bootstrap likelihood -3423.053922, best rearrangement setting 12
Bootstrap[15]: Time 0.360140 seconds, bootstrap likelihood -3431.149951, best rearrangement setting 15
Bootstrap[16]: Time 0.399207 seconds, bootstrap likelihood -3311.341138, best rearrangement setting 12
Bootstrap[17]: Time 0.373712 seconds, bootstrap likelihood -3436.063075, best rearrangement setting 12
Bootstrap[18]: Time 0.427985 seconds, bootstrap likelihood -3462.956521, best rearrangement setting 5
Bootstrap[19]: Time 0.386553 seconds, bootstrap likelihood -3469.659415, best rearrangement setting 8
Bootstrap[20]: Time 0.401426 seconds, bootstrap likelihood -3680.378144, best rearrangement setting 10
Bootstrap[21]: Time 0.422520 seconds, bootstrap likelihood -3318.785460, best rearrangement setting 6
Bootstrap[22]: Time 0.380658 seconds, bootstrap likelihood -3573.832374, best rearrangement setting 5
Bootstrap[23]: Time 0.367568 seconds, bootstrap likelihood -3368.568300, best rearrangement setting 7
Bootstrap[24]: Time 0.356676 seconds, bootstrap likelihood -3276.831701, best rearrangement setting 8
Bootstrap[25]: Time 0.395996 seconds, bootstrap likelihood -3334.172556, best rearrangement setting 6
Bootstrap[26]: Time 0.402884 seconds, bootstrap likelihood -3455.902814, best rearrangement setting 12
Bootstrap[27]: Time 0.440047 seconds, bootstrap likelihood -3460.740641, best rearrangement setting 10
Bootstrap[28]: Time 0.423768 seconds, bootstrap likelihood -3448.671119, best rearrangement setting 11
Bootstrap[29]: Time 0.426496 seconds, bootstrap likelihood -3237.948316, best rearrangement setting 12
Bootstrap[30]: Time 0.398100 seconds, bootstrap likelihood -3397.721975, best rearrangement setting 15
Bootstrap[31]: Time 0.453262 seconds, bootstrap likelihood -3397.070579, best rearrangement setting 15
Bootstrap[32]: Time 0.433338 seconds, bootstrap likelihood -3775.040304, best rearrangement setting 6
Bootstrap[33]: Time 0.351934 seconds, bootstrap likelihood -3387.399516, best rearrangement setting 15
Bootstrap[34]: Time 0.386912 seconds, bootstrap likelihood -3352.892505, best rearrangement setting 11
Bootstrap[35]: Time 0.327088 seconds, bootstrap likelihood -3507.643651, best rearrangement setting 8
Bootstrap[36]: Time 0.342594 seconds, bootstrap likelihood -3439.357587, best rearrangement setting 9
Bootstrap[37]: Time 0.374886 seconds, bootstrap likelihood -3307.226786, best rearrangement setting 11
Bootstrap[38]: Time 0.400656 seconds, bootstrap likelihood -3257.160581, best rearrangement setting 8
Bootstrap[39]: Time 0.426031 seconds, bootstrap likelihood -3623.950732, best rearrangement setting 13
Bootstrap[40]: Time 0.385574 seconds, bootstrap likelihood -3458.539308, best rearrangement setting 13
Bootstrap[41]: Time 0.362275 seconds, bootstrap likelihood -3515.330915, best rearrangement setting 10
Bootstrap[42]: Time 0.352965 seconds, bootstrap likelihood -3488.506858, best rearrangement setting 5
Bootstrap[43]: Time 0.364212 seconds, bootstrap likelihood -3267.919153, best rearrangement setting 14
Bootstrap[44]: Time 0.377681 seconds, bootstrap likelihood -3437.255114, best rearrangement setting 10
Bootstrap[45]: Time 0.398432 seconds, bootstrap likelihood -3282.710780, best rearrangement setting 15
Bootstrap[46]: Time 0.367144 seconds, bootstrap likelihood -3464.529619, best rearrangement setting 14
Bootstrap[47]: Time 0.365632 seconds, bootstrap likelihood -3450.155432, best rearrangement setting 8
Bootstrap[48]: Time 0.403667 seconds, bootstrap likelihood -3514.218912, best rearrangement setting 6
Bootstrap[49]: Time 0.370166 seconds, bootstrap likelihood -3305.974009, best rearrangement setting 7
Bootstrap[50]: Time 0.378195 seconds, bootstrap likelihood -3402.651190, best rearrangement setting 7
Bootstrap[51]: Time 0.387967 seconds, bootstrap likelihood -3293.934152, best rearrangement setting 11
Bootstrap[52]: Time 0.408188 seconds, bootstrap likelihood -3715.526904, best rearrangement setting 12
Bootstrap[53]: Time 0.394783 seconds, bootstrap likelihood -3633.312198, best rearrangement setting 8
Bootstrap[54]: Time 0.354008 seconds, bootstrap likelihood -3267.018685, best rearrangement setting 9
Bootstrap[55]: Time 0.381235 seconds, bootstrap likelihood -3413.969047, best rearrangement setting 11
Bootstrap[56]: Time 0.402797 seconds, bootstrap likelihood -3370.904834, best rearrangement setting 5
Bootstrap[57]: Time 0.402950 seconds, bootstrap likelihood -3589.414678, best rearrangement setting 7
Bootstrap[58]: Time 0.379056 seconds, bootstrap likelihood -3689.794586, best rearrangement setting 10
Bootstrap[59]: Time 0.431688 seconds, bootstrap likelihood -3535.821790, best rearrangement setting 9
Bootstrap[60]: Time 0.346905 seconds, bootstrap likelihood -3485.687284, best rearrangement setting 7
Bootstrap[61]: Time 0.386479 seconds, bootstrap likelihood -3466.601452, best rearrangement setting 5
Bootstrap[62]: Time 0.395283 seconds, bootstrap likelihood -3662.195767, best rearrangement setting 11
Bootstrap[63]: Time 0.380351 seconds, bootstrap likelihood -3190.988402, best rearrangement setting 12
Bootstrap[64]: Time 0.348908 seconds, bootstrap likelihood -3284.999158, best rearrangement setting 7
Bootstrap[65]: Time 0.377255 seconds, bootstrap likelihood -3635.468076, best rearrangement setting 5
Bootstrap[66]: Time 0.412320 seconds, bootstrap likelihood -3469.547645, best rearrangement setting 5
Bootstrap[67]: Time 0.409898 seconds, bootstrap likelihood -3515.417656, best rearrangement setting 15
Bootstrap[68]: Time 0.448246 seconds, bootstrap likelihood -3521.861414, best rearrangement setting 11
Bootstrap[69]: Time 0.339772 seconds, bootstrap likelihood -3231.353400, best rearrangement setting 5
Bootstrap[70]: Time 0.380936 seconds, bootstrap likelihood -3341.737375, best rearrangement setting 8
Bootstrap[71]: Time 0.413562 seconds, bootstrap likelihood -3450.348943, best rearrangement setting 10
Bootstrap[72]: Time 0.358810 seconds, bootstrap likelihood -3348.167009, best rearrangement setting 11
Bootstrap[73]: Time 0.367666 seconds, bootstrap likelihood -3470.229091, best rearrangement setting 9
Bootstrap[74]: Time 0.392126 seconds, bootstrap likelihood -3561.445525, best rearrangement setting 5
Bootstrap[75]: Time 0.372607 seconds, bootstrap likelihood -3296.444127, best rearrangement setting 8
Bootstrap[76]: Time 0.357765 seconds, bootstrap likelihood -3224.353288, best rearrangement setting 9
Bootstrap[77]: Time 0.401637 seconds, bootstrap likelihood -3351.109325, best rearrangement setting 11
Bootstrap[78]: Time 0.385813 seconds, bootstrap likelihood -3396.981140, best rearrangement setting 15
Bootstrap[79]: Time 0.374185 seconds, bootstrap likelihood -3308.654721, best rearrangement setting 9
Bootstrap[80]: Time 0.353313 seconds, bootstrap likelihood -3169.051162, best rearrangement setting 15
Bootstrap[81]: Time 0.363113 seconds, bootstrap likelihood -3468.037841, best rearrangement setting 7
Bootstrap[82]: Time 0.413623 seconds, bootstrap likelihood -3266.466269, best rearrangement setting 6
Bootstrap[83]: Time 0.351570 seconds, bootstrap likelihood -3278.605171, best rearrangement setting 10
Bootstrap[84]: Time 0.367194 seconds, bootstrap likelihood -3553.798934, best rearrangement setting 11
Bootstrap[85]: Time 0.430097 seconds, bootstrap likelihood -3406.718691, best rearrangement setting 8
Bootstrap[86]: Time 0.358727 seconds, bootstrap likelihood -3508.744557, best rearrangement setting 7
Bootstrap[87]: Time 0.365426 seconds, bootstrap likelihood -3393.583843, best rearrangement setting 7
Bootstrap[88]: Time 0.425935 seconds, bootstrap likelihood -3276.604014, best rearrangement setting 12
Bootstrap[89]: Time 0.399839 seconds, bootstrap likelihood -3218.868392, best rearrangement setting 10
Bootstrap[90]: Time 0.383016 seconds, bootstrap likelihood -3422.526079, best rearrangement setting 8
Bootstrap[91]: Time 0.379290 seconds, bootstrap likelihood -3534.045522, best rearrangement setting 12
Bootstrap[92]: Time 0.373406 seconds, bootstrap likelihood -3289.770148, best rearrangement setting 13
Bootstrap[93]: Time 0.412644 seconds, bootstrap likelihood -3285.831673, best rearrangement setting 15
Bootstrap[94]: Time 0.370328 seconds, bootstrap likelihood -3457.882992, best rearrangement setting 5
Bootstrap[95]: Time 0.355850 seconds, bootstrap likelihood -3556.820455, best rearrangement setting 5
Bootstrap[96]: Time 0.389836 seconds, bootstrap likelihood -3539.207615, best rearrangement setting 13
Bootstrap[97]: Time 0.387355 seconds, bootstrap likelihood -3378.097432, best rearrangement setting 11
Bootstrap[98]: Time 0.383672 seconds, bootstrap likelihood -3353.576235, best rearrangement setting 6
Bootstrap[99]: Time 0.400827 seconds, bootstrap likelihood -3511.040085, best rearrangement setting 14


Overall Time for 100 Rapid Bootstraps 38.588761 seconds
Average Time per Rapid Bootstrap 0.385888 seconds

Starting ML Search ...

Fast ML optimization finished

Fast ML search Time: 27.971994 seconds

Slow ML Search 0 Likelihood: -3443.653342
Slow ML Search 1 Likelihood: -3443.653342
Slow ML Search 2 Likelihood: -3443.653342
Slow ML Search 3 Likelihood: -3443.653342
Slow ML Search 4 Likelihood: -3443.653342
Slow ML Search 5 Likelihood: -3443.653342
Slow ML Search 6 Likelihood: -3443.653342
Slow ML Search 7 Likelihood: -3443.653342
Slow ML Search 8 Likelihood: -3443.653342
Slow ML Search 9 Likelihood: -3443.653342
Slow ML optimization finished

Slow ML search Time: 8.365727 seconds
Thorough ML search Time: 0.594541 seconds

Final ML Optimization Likelihood: -3443.653342

Model Information:

Model Parameters of Partition 0, Name: No Name Provided, Type of Data: AA
alpha: 1.780031
Tree-Length: 6.127916
rate A <-> R: 0.399182
rate A <-> N: 0.259945
rate A <-> D: 0.371058
rate A <-> C: 2.337364
rate A <-> Q: 0.910775
rate A <-> E: 0.975241
rate A <-> G: 1.940106
rate A <-> H: 0.336984
rate A <-> I: 0.140697
rate A <-> L: 0.371240
rate A <-> K: 0.503815
rate A <-> M: 1.055520
rate A <-> F: 0.238237
rate A <-> P: 1.105868
rate A <-> S: 4.439041
rate A <-> T: 2.009090
rate A <-> W: 0.169702
rate A <-> Y: 0.205613
rate A <-> V: 2.392567
rate R <-> N: 0.706048
rate R <-> D: 0.116398
rate R <-> C: 0.501968
rate R <-> Q: 2.636754
rate R <-> E: 0.341785
rate R <-> G: 0.366408
rate R <-> H: 2.278690
rate R <-> I: 0.119250
rate R <-> L: 0.283449
rate R <-> K: 5.940467
rate R <-> M: 0.454623
rate R <-> F: 0.049508
rate R <-> P: 0.312264
rate R <-> S: 0.805843
rate R <-> T: 0.543695
rate R <-> W: 0.557424
rate R <-> Y: 0.295274
rate R <-> V: 0.160471
rate N <-> D: 4.766737
rate N <-> C: 0.496537
rate N <-> Q: 1.592389
rate N <-> E: 0.508692
rate N <-> G: 1.350015
rate N <-> H: 4.234381
rate N <-> I: 0.179830
rate N <-> L: 0.064256
rate N <-> K: 2.014327
rate N <-> M: 0.348390
rate N <-> F: 0.084068
rate N <-> P: 0.151925
rate N <-> S: 3.764032
rate N <-> T: 1.878729
rate N <-> W: 0.042610
rate N <-> Y: 0.574720
rate N <-> V: 0.078587
rate D <-> C: 0.058743
rate D <-> Q: 0.491483
rate D <-> E: 4.924234
rate D <-> G: 0.793424
rate D <-> H: 0.870603
rate D <-> I: 0.010038
rate D <-> L: 0.014157
rate D <-> K: 0.265711
rate D <-> M: 0.023991
rate D <-> F: 0.016354
rate D <-> P: 0.370412
rate D <-> S: 1.164675
rate D <-> T: 0.399902
rate D <-> W: 0.028068
rate D <-> Y: 0.126872
rate D <-> V: 0.035653
rate C <-> Q: 0.079639
rate C <-> E: 0.003286
rate C <-> G: 0.534566
rate C <-> H: 0.601499
rate C <-> I: 0.301083
rate C <-> L: 0.557800
rate C <-> K: 0.012457
rate C <-> M: 0.839207
rate C <-> F: 1.037881
rate C <-> P: 0.070787
rate C <-> S: 2.614753
rate C <-> T: 1.073780
rate C <-> W: 0.629281
rate C <-> Y: 1.094488
rate C <-> V: 1.839864
rate Q <-> E: 3.876936
rate Q <-> G: 0.251626
rate Q <-> H: 4.520102
rate Q <-> I: 0.068413
rate Q <-> L: 0.546954
rate Q <-> K: 3.037150
rate Q <-> M: 1.570619
rate Q <-> F: 0.033669
rate Q <-> P: 0.586241
rate Q <-> S: 1.149231
rate Q <-> T: 1.014297
rate Q <-> W: 0.221802
rate Q <-> Y: 0.241650
rate Q <-> V: 0.197511
rate E <-> G: 0.327583
rate E <-> H: 0.398044
rate E <-> I: 0.041567
rate E <-> L: 0.065426
rate E <-> K: 1.697022
rate E <-> M: 0.163145
rate E <-> F: 0.017664
rate E <-> P: 0.393844
rate E <-> S: 0.574671
rate E <-> T: 0.567695
rate E <-> W: 0.073107
rate E <-> Y: 0.112720
rate E <-> V: 0.230098
rate G <-> H: 0.292498
rate G <-> I: 0.008174
rate G <-> L: 0.041563
rate G <-> K: 0.278555
rate G <-> M: 0.131033
rate G <-> F: 0.084125
rate G <-> P: 0.184955
rate G <-> S: 1.633930
rate G <-> T: 0.121922
rate G <-> W: 0.252125
rate G <-> Y: 0.051346
rate G <-> V: 0.072026
rate H <-> I: 0.102245
rate H <-> L: 0.343988
rate H <-> K: 0.654763
rate H <-> M: 0.415502
rate H <-> F: 0.640560
rate H <-> P: 0.477834
rate H <-> S: 0.929667
rate H <-> T: 0.548649
rate H <-> W: 0.560661
rate H <-> Y: 4.983361
rate H <-> V: 0.111759
rate I <-> L: 3.892408
rate I <-> K: 0.149373
rate I <-> M: 4.013113
rate I <-> F: 1.044902
rate I <-> P: 0.073509
rate I <-> S: 0.060198
rate I <-> T: 0.970728
rate I <-> W: 0.104854
rate I <-> Y: 0.218350
rate I <-> V: 10.000000
rate L <-> K: 0.129119
rate L <-> M: 5.927594
rate L <-> F: 2.434657
rate L <-> P: 0.233879
rate L <-> S: 0.171176
rate L <-> T: 0.284471
rate L <-> W: 0.581863
rate L <-> Y: 0.281383
rate L <-> V: 1.598956
rate K <-> M: 0.616581
rate K <-> F: 0.022460
rate K <-> P: 0.366530
rate K <-> S: 0.703048
rate K <-> T: 1.067567
rate K <-> W: 0.046864
rate K <-> Y: 0.123890
rate K <-> V: 0.173913
rate M <-> F: 1.689205
rate M <-> P: 0.093763
rate M <-> S: 0.325811
rate M <-> T: 1.897216
rate M <-> W: 0.653740
rate M <-> Y: 0.451968
rate M <-> V: 1.782983
rate F <-> P: 0.088706
rate F <-> S: 0.339765
rate F <-> T: 0.154944
rate F <-> W: 2.307349
rate F <-> Y: 7.328222
rate F <-> V: 0.614777
rate P <-> S: 1.256567
rate P <-> T: 0.536635
rate P <-> W: 0.089332
rate P <-> Y: 0.084151
rate P <-> V: 0.278428
rate S <-> T: 6.077767
rate S <-> W: 0.233693
rate S <-> Y: 0.376132
rate S <-> V: 0.092373
rate T <-> W: 0.132241
rate T <-> Y: 0.230856
rate T <-> V: 2.054781
rate W <-> Y: 2.959699
rate W <-> V: 0.177959
rate Y <-> V: 0.234116

freq pi(A): 0.055635
freq pi(R): 0.057061
freq pi(N): 0.053733
freq pi(D): 0.051355
freq pi(C): 0.018545
freq pi(Q): 0.050404
freq pi(E): 0.084641
freq pi(G): 0.047076
freq pi(H): 0.027104
freq pi(I): 0.058012
freq pi(L): 0.102235
freq pi(K): 0.068474
freq pi(M): 0.011888
freq pi(F): 0.058963
freq pi(P): 0.036139
freq pi(S): 0.053257
freq pi(T): 0.058012
freq pi(W): 0.036139
freq pi(Y): 0.025202
freq pi(V): 0.046125


ML search took 36.960356 secs or 0.010267 hours

Combined Bootstrap and ML search took 75.549369 secs or 0.020986 hours

Drawing Bootstrap Support Values on best-scoring ML tree ...



Found 1 tree in File /in/RAxML_bestTree.EOG091G0PIU.clustalo.aln.ALICUT.LGF



Found 1 tree in File /in/RAxML_bestTree.EOG091G0PIU.clustalo.aln.ALICUT.LGF

Program execution info written to /in/RAxML_info.EOG091G0PIU.clustalo.aln.ALICUT.LGF
All 100 bootstrapped trees written to: /in/RAxML_bootstrap.EOG091G0PIU.clustalo.aln.ALICUT.LGF

Best-scoring ML tree written to: /in/RAxML_bestTree.EOG091G0PIU.clustalo.aln.ALICUT.LGF

Best-scoring ML tree with support values written to: /in/RAxML_bipartitions.EOG091G0PIU.clustalo.aln.ALICUT.LGF

Best-scoring ML tree with support values as branch labels written to: /in/RAxML_bipartitionsBranchLabels.EOG091G0PIU.clustalo.aln.ALICUT.LGF

Overall execution time for full ML analysis: 75.552219 secs or 0.020987 hours or 0.000874 days

