
	reading taxa from FASTA ...


	S.mediterranea       -> sites: 801   
	C.intestinalis       -> sites: 801   
	R.norvegicus         -> sites: 801   
	T.solium             -> sites: 801   
	S.mansoni            -> sites: 801   
	H.microstoma         -> sites: 801   
	D.melanogaster       -> sites: 801   
	E.nipponicum         -> sites: 801   
	G.turnbulli          -> sites: 801   
	G.salaris            -> sites: 801   
	D.rerio              -> sites: 801   
	H.robusta            -> sites: 801   
	C.sinensis           -> sites: 801   
	M.lignano            -> sites: 801   


	data type             : amino acid sequences

	input ...

	infile		: EOG091G0FQ2.clustalo.aln.fasta
	random pairs	: 200000000000000000
	window size	: 6
	indels		: ambiguous
	tree file	: -
	node level	: -
	strict profile	: -
	outgroup	: -
	matrix          : BLOSUM62

	number of taxa        : 14
	random number of pairs: 200000000000000000

	generates threshhold value for amino acid data
	using BLOSUM62

	checks for (potential) identical taxa


	scores site patterns ...


	max number of different pairs is 91
	max random pairs are scored!

	pair: 1      ->	taxon1: S.mediterr	taxon2: C.intestin
	            	positions below base line: 682
	pair: 2      ->	taxon1: S.mediterr	taxon2: R.norvegic
	            	positions below base line: 703
	pair: 3      ->	taxon1: S.mediterr	taxon2: T.solium  
	            	positions below base line: 715
	pair: 4      ->	taxon1: S.mediterr	taxon2: S.mansoni 
	            	positions below base line: 688
	pair: 5      ->	taxon1: S.mediterr	taxon2: H.microsto
	            	positions below base line: 736
	pair: 6      ->	taxon1: S.mediterr	taxon2: D.melanoga
	            	positions below base line: 700
	pair: 7      ->	taxon1: S.mediterr	taxon2: E.nipponic
	            	positions below base line: 592
	pair: 8      ->	taxon1: S.mediterr	taxon2: G.turnbull
	            	positions below base line: 698
	pair: 9      ->	taxon1: S.mediterr	taxon2: G.salaris 
	            	positions below base line: 705
	pair: 10     ->	taxon1: S.mediterr	taxon2: D.rerio   
	            	positions below base line: 704
	pair: 11     ->	taxon1: S.mediterr	taxon2: H.robusta 
	            	positions below base line: 698
	pair: 12     ->	taxon1: S.mediterr	taxon2: C.sinensis
	            	positions below base line: 714
	pair: 13     ->	taxon1: S.mediterr	taxon2: M.lignano 
	            	positions below base line: 707
	pair: 14     ->	taxon1: C.intestin	taxon2: R.norvegic
	            	positions below base line: 528
	pair: 15     ->	taxon1: C.intestin	taxon2: T.solium  
	            	positions below base line: 639
	pair: 16     ->	taxon1: C.intestin	taxon2: S.mansoni 
	            	positions below base line: 532
	pair: 17     ->	taxon1: C.intestin	taxon2: H.microsto
	            	positions below base line: 663
	pair: 18     ->	taxon1: C.intestin	taxon2: D.melanoga
	            	positions below base line: 546
	pair: 19     ->	taxon1: C.intestin	taxon2: E.nipponic
	            	positions below base line: 662
	pair: 20     ->	taxon1: C.intestin	taxon2: G.turnbull
	            	positions below base line: 614
	pair: 21     ->	taxon1: C.intestin	taxon2: G.salaris 
	            	positions below base line: 625
	pair: 22     ->	taxon1: C.intestin	taxon2: D.rerio   
	            	positions below base line: 531
	pair: 23     ->	taxon1: C.intestin	taxon2: H.robusta 
	            	positions below base line: 572
	pair: 24     ->	taxon1: C.intestin	taxon2: C.sinensis
	            	positions below base line: 622
	pair: 25     ->	taxon1: C.intestin	taxon2: M.lignano 
	            	positions below base line: 571
	pair: 26     ->	taxon1: R.norvegic	taxon2: T.solium  
	            	positions below base line: 628
	pair: 27     ->	taxon1: R.norvegic	taxon2: S.mansoni 
	            	positions below base line: 535
	pair: 28     ->	taxon1: R.norvegic	taxon2: H.microsto
	            	positions below base line: 664
	pair: 29     ->	taxon1: R.norvegic	taxon2: D.melanoga
	            	positions below base line: 537
	pair: 30     ->	taxon1: R.norvegic	taxon2: E.nipponic
	            	positions below base line: 674
	pair: 31     ->	taxon1: R.norvegic	taxon2: G.turnbull
	            	positions below base line: 600
	pair: 32     ->	taxon1: R.norvegic	taxon2: G.salaris 
	            	positions below base line: 616
	pair: 33     ->	taxon1: R.norvegic	taxon2: D.rerio   
	            	positions below base line: 510
	pair: 34     ->	taxon1: R.norvegic	taxon2: H.robusta 
	            	positions below base line: 566
	pair: 35     ->	taxon1: R.norvegic	taxon2: C.sinensis
	            	positions below base line: 585
	pair: 36     ->	taxon1: R.norvegic	taxon2: M.lignano 
	            	positions below base line: 542
	pair: 37     ->	taxon1: T.solium  	taxon2: S.mansoni 
	            	positions below base line: 641
	pair: 38     ->	taxon1: T.solium  	taxon2: H.microsto
	            	positions below base line: 646
	pair: 39     ->	taxon1: T.solium  	taxon2: D.melanoga
	            	positions below base line: 636
	pair: 40     ->	taxon1: T.solium  	taxon2: E.nipponic
	            	positions below base line: 695
	pair: 41     ->	taxon1: T.solium  	taxon2: G.turnbull
	            	positions below base line: 633
	pair: 42     ->	taxon1: T.solium  	taxon2: G.salaris 
	            	positions below base line: 624
	pair: 43     ->	taxon1: T.solium  	taxon2: D.rerio   
	            	positions below base line: 631
	pair: 44     ->	taxon1: T.solium  	taxon2: H.robusta 
	            	positions below base line: 650
	pair: 45     ->	taxon1: T.solium  	taxon2: C.sinensis
	            	positions below base line: 645
	pair: 46     ->	taxon1: T.solium  	taxon2: M.lignano 
	            	positions below base line: 645
	pair: 47     ->	taxon1: S.mansoni 	taxon2: H.microsto
	            	positions below base line: 662
	pair: 48     ->	taxon1: S.mansoni 	taxon2: D.melanoga
	            	positions below base line: 545
	pair: 49     ->	taxon1: S.mansoni 	taxon2: E.nipponic
	            	positions below base line: 662
	pair: 50     ->	taxon1: S.mansoni 	taxon2: G.turnbull
	            	positions below base line: 609
	pair: 51     ->	taxon1: S.mansoni 	taxon2: G.salaris 
	            	positions below base line: 626
	pair: 52     ->	taxon1: S.mansoni 	taxon2: D.rerio   
	            	positions below base line: 541
	pair: 53     ->	taxon1: S.mansoni 	taxon2: H.robusta 
	            	positions below base line: 587
	pair: 54     ->	taxon1: S.mansoni 	taxon2: C.sinensis
	            	positions below base line: 614
	pair: 55     ->	taxon1: S.mansoni 	taxon2: M.lignano 
	            	positions below base line: 562
	pair: 56     ->	taxon1: H.microsto	taxon2: D.melanoga
	            	positions below base line: 659
	pair: 57     ->	taxon1: H.microsto	taxon2: E.nipponic
	            	positions below base line: 730
	pair: 58     ->	taxon1: H.microsto	taxon2: G.turnbull
	            	positions below base line: 668
	pair: 59     ->	taxon1: H.microsto	taxon2: G.salaris 
	            	positions below base line: 652
	pair: 60     ->	taxon1: H.microsto	taxon2: D.rerio   
	            	positions below base line: 660
	pair: 61     ->	taxon1: H.microsto	taxon2: H.robusta 
	            	positions below base line: 673
	pair: 62     ->	taxon1: H.microsto	taxon2: C.sinensis
	            	positions below base line: 676
	pair: 63     ->	taxon1: H.microsto	taxon2: M.lignano 
	            	positions below base line: 675
	pair: 64     ->	taxon1: D.melanoga	taxon2: E.nipponic
	            	positions below base line: 674
	pair: 65     ->	taxon1: D.melanoga	taxon2: G.turnbull
	            	positions below base line: 610
	pair: 66     ->	taxon1: D.melanoga	taxon2: G.salaris 
	            	positions below base line: 615
	pair: 67     ->	taxon1: D.melanoga	taxon2: D.rerio   
	            	positions below base line: 540
	pair: 68     ->	taxon1: D.melanoga	taxon2: H.robusta 
	            	positions below base line: 577
	pair: 69     ->	taxon1: D.melanoga	taxon2: C.sinensis
	            	positions below base line: 590
	pair: 70     ->	taxon1: D.melanoga	taxon2: M.lignano 
	            	positions below base line: 568
	pair: 71     ->	taxon1: E.nipponic	taxon2: G.turnbull
	            	positions below base line: 669
	pair: 72     ->	taxon1: E.nipponic	taxon2: G.salaris 
	            	positions below base line: 700
	pair: 73     ->	taxon1: E.nipponic	taxon2: D.rerio   
	            	positions below base line: 649
	pair: 74     ->	taxon1: E.nipponic	taxon2: H.robusta 
	            	positions below base line: 678
	pair: 75     ->	taxon1: E.nipponic	taxon2: C.sinensis
	            	positions below base line: 683
	pair: 76     ->	taxon1: E.nipponic	taxon2: M.lignano 
	            	positions below base line: 673
	pair: 77     ->	taxon1: G.turnbull	taxon2: G.salaris 
	            	positions below base line: 608
	pair: 78     ->	taxon1: G.turnbull	taxon2: D.rerio   
	            	positions below base line: 612
	pair: 79     ->	taxon1: G.turnbull	taxon2: H.robusta 
	            	positions below base line: 621
	pair: 80     ->	taxon1: G.turnbull	taxon2: C.sinensis
	            	positions below base line: 654
	pair: 81     ->	taxon1: G.turnbull	taxon2: M.lignano 
	            	positions below base line: 638
	pair: 82     ->	taxon1: G.salaris 	taxon2: D.rerio   
	            	positions below base line: 618
	pair: 83     ->	taxon1: G.salaris 	taxon2: H.robusta 
	            	positions below base line: 627
	pair: 84     ->	taxon1: G.salaris 	taxon2: C.sinensis
	            	positions below base line: 650
	pair: 85     ->	taxon1: G.salaris 	taxon2: M.lignano 
	            	positions below base line: 627
	pair: 86     ->	taxon1: D.rerio   	taxon2: H.robusta 
	            	positions below base line: 569
	pair: 87     ->	taxon1: D.rerio   	taxon2: C.sinensis
	            	positions below base line: 591
	pair: 88     ->	taxon1: D.rerio   	taxon2: M.lignano 
	            	positions below base line: 550
	pair: 89     ->	taxon1: H.robusta 	taxon2: C.sinensis
	            	positions below base line: 625
	pair: 90     ->	taxon1: H.robusta 	taxon2: M.lignano 
	            	positions below base line: 612
	pair: 91     ->	taxon1: C.sinensis	taxon2: M.lignano 
	            	positions below base line: 625

	generates quality profile from collected scores ...


	scoring done ...


	generates vector plot from collected scores ...


Argument "-" treated as 0 in increment (++) at /usr/bin/Aliscore.pl line 1213.
	Profile written to EOG091G0FQ2.clustalo.aln.fasta_Profile_random.txt
	List   written to EOG091G0FQ2.clustalo.aln.fasta_List_random.txt

	time used: 4.12 sec

