
RAxML can't, parse the alignment file as phylip file 
it will now try to parse it as FASTA file


This is the RAxML Master Pthread

This is RAxML Worker Pthread Number: 1


This is RAxML version 8.2.12 released by Alexandros Stamatakis on May 2018.

With greatly appreciated code contributions by:
Andre Aberer      (HITS)
Simon Berger      (HITS)
Alexey Kozlov     (HITS)
Kassian Kobert    (HITS)
David Dao         (KIT and HITS)
Sarah Lutteropp   (KIT and HITS)
Nick Pattengale   (Sandia)
Wayne Pfeiffer    (SDSC)
Akifumi S. Tanabe (NRIFS)
Charlie Taylor    (UF)


Alignment has 148 distinct alignment patterns

Proportion of gaps and completely undetermined characters in this alignment: 8.32%

RAxML rapid bootstrapping and subsequent ML search

Using 1 distinct models/data partitions with joint branch length optimization



Executing 100 rapid bootstrap inferences and thereafter a thorough ML search 

All free model parameters will be estimated by RAxML
GAMMA model of rate heterogeneity, ML estimate of alpha-parameter

GAMMA Model parameters will be estimated up to an accuracy of 0.1000000000 Log Likelihood units

Partition: 0
Alignment Patterns: 148
Name: No Name Provided
DataType: AA
Substitution Matrix: LG
Using empirical base frequencies




RAxML was called as follows:

raxml -f a -T 2 -m PROTGAMMALGF -p 12345 -x 12345 -# 100 -s ALICUT_EOG091G0QUH.clustalo.aln.fasta -n EOG091G0QUH.clustalo.aln.ALICUT.LGF 



Time for BS model parameter optimization 0.018652
Bootstrap[0]: Time 0.328057 seconds, bootstrap likelihood -2000.757695, best rearrangement setting 13
Bootstrap[1]: Time 0.310088 seconds, bootstrap likelihood -2240.790864, best rearrangement setting 13
Bootstrap[2]: Time 0.305470 seconds, bootstrap likelihood -2178.705567, best rearrangement setting 12
Bootstrap[3]: Time 0.306065 seconds, bootstrap likelihood -2125.570883, best rearrangement setting 15
Bootstrap[4]: Time 0.321219 seconds, bootstrap likelihood -2095.784596, best rearrangement setting 10
Bootstrap[5]: Time 0.296850 seconds, bootstrap likelihood -2178.718735, best rearrangement setting 10
Bootstrap[6]: Time 0.298050 seconds, bootstrap likelihood -1992.705720, best rearrangement setting 6
Bootstrap[7]: Time 0.342679 seconds, bootstrap likelihood -2097.740559, best rearrangement setting 14
Bootstrap[8]: Time 0.339661 seconds, bootstrap likelihood -1976.018874, best rearrangement setting 5
Bootstrap[9]: Time 0.299833 seconds, bootstrap likelihood -2008.473747, best rearrangement setting 7
Bootstrap[10]: Time 0.260148 seconds, bootstrap likelihood -1915.370260, best rearrangement setting 7
Bootstrap[11]: Time 0.331948 seconds, bootstrap likelihood -1990.205911, best rearrangement setting 5
Bootstrap[12]: Time 0.259397 seconds, bootstrap likelihood -2168.202098, best rearrangement setting 8
Bootstrap[13]: Time 0.269507 seconds, bootstrap likelihood -2115.832642, best rearrangement setting 7
Bootstrap[14]: Time 0.284299 seconds, bootstrap likelihood -2084.991198, best rearrangement setting 12
Bootstrap[15]: Time 0.326994 seconds, bootstrap likelihood -2116.043109, best rearrangement setting 15
Bootstrap[16]: Time 0.293136 seconds, bootstrap likelihood -2100.830922, best rearrangement setting 12
Bootstrap[17]: Time 0.279123 seconds, bootstrap likelihood -1944.232023, best rearrangement setting 12
Bootstrap[18]: Time 0.332063 seconds, bootstrap likelihood -2128.799468, best rearrangement setting 5
Bootstrap[19]: Time 0.331629 seconds, bootstrap likelihood -1996.571710, best rearrangement setting 8
Bootstrap[20]: Time 0.276004 seconds, bootstrap likelihood -2233.835948, best rearrangement setting 10
Bootstrap[21]: Time 0.304140 seconds, bootstrap likelihood -2072.935210, best rearrangement setting 6
Bootstrap[22]: Time 0.300819 seconds, bootstrap likelihood -2052.739784, best rearrangement setting 5
Bootstrap[23]: Time 0.301390 seconds, bootstrap likelihood -2207.751064, best rearrangement setting 7
Bootstrap[24]: Time 0.299925 seconds, bootstrap likelihood -2138.952994, best rearrangement setting 8
Bootstrap[25]: Time 0.296697 seconds, bootstrap likelihood -2029.709117, best rearrangement setting 6
Bootstrap[26]: Time 0.292891 seconds, bootstrap likelihood -2163.492413, best rearrangement setting 12
Bootstrap[27]: Time 0.289631 seconds, bootstrap likelihood -2042.643775, best rearrangement setting 10
Bootstrap[28]: Time 0.247596 seconds, bootstrap likelihood -2204.221314, best rearrangement setting 11
Bootstrap[29]: Time 0.294076 seconds, bootstrap likelihood -2271.592195, best rearrangement setting 12
Bootstrap[30]: Time 0.288757 seconds, bootstrap likelihood -2330.458272, best rearrangement setting 15
Bootstrap[31]: Time 0.272396 seconds, bootstrap likelihood -1967.771688, best rearrangement setting 15
Bootstrap[32]: Time 0.301998 seconds, bootstrap likelihood -2065.052333, best rearrangement setting 6
Bootstrap[33]: Time 0.275644 seconds, bootstrap likelihood -2211.376194, best rearrangement setting 15
Bootstrap[34]: Time 0.295945 seconds, bootstrap likelihood -2157.629364, best rearrangement setting 11
Bootstrap[35]: Time 0.294847 seconds, bootstrap likelihood -2131.822943, best rearrangement setting 8
Bootstrap[36]: Time 0.263151 seconds, bootstrap likelihood -2158.922087, best rearrangement setting 9
Bootstrap[37]: Time 0.321528 seconds, bootstrap likelihood -2019.582695, best rearrangement setting 11
Bootstrap[38]: Time 0.307558 seconds, bootstrap likelihood -2200.701535, best rearrangement setting 8
Bootstrap[39]: Time 0.321479 seconds, bootstrap likelihood -2194.068937, best rearrangement setting 13
Bootstrap[40]: Time 0.295073 seconds, bootstrap likelihood -2144.016146, best rearrangement setting 13
Bootstrap[41]: Time 0.306008 seconds, bootstrap likelihood -2197.092650, best rearrangement setting 10
Bootstrap[42]: Time 0.319761 seconds, bootstrap likelihood -2124.139221, best rearrangement setting 5
Bootstrap[43]: Time 0.146817 seconds, bootstrap likelihood -1965.070232, best rearrangement setting 14
Bootstrap[44]: Time 0.293531 seconds, bootstrap likelihood -2122.658516, best rearrangement setting 10
Bootstrap[45]: Time 0.278631 seconds, bootstrap likelihood -1880.086609, best rearrangement setting 15
Bootstrap[46]: Time 0.294926 seconds, bootstrap likelihood -2200.292953, best rearrangement setting 14
Bootstrap[47]: Time 0.318265 seconds, bootstrap likelihood -2244.521144, best rearrangement setting 8
Bootstrap[48]: Time 0.281436 seconds, bootstrap likelihood -2069.318010, best rearrangement setting 6
Bootstrap[49]: Time 0.271967 seconds, bootstrap likelihood -2087.697349, best rearrangement setting 7
Bootstrap[50]: Time 0.285513 seconds, bootstrap likelihood -2015.442979, best rearrangement setting 7
Bootstrap[51]: Time 0.274027 seconds, bootstrap likelihood -2020.658328, best rearrangement setting 11
Bootstrap[52]: Time 0.166839 seconds, bootstrap likelihood -2218.467425, best rearrangement setting 12
Bootstrap[53]: Time 0.160584 seconds, bootstrap likelihood -2158.202355, best rearrangement setting 8
Bootstrap[54]: Time 0.295705 seconds, bootstrap likelihood -2140.294669, best rearrangement setting 9
Bootstrap[55]: Time 0.303811 seconds, bootstrap likelihood -2168.358541, best rearrangement setting 11
Bootstrap[56]: Time 0.272396 seconds, bootstrap likelihood -2154.050096, best rearrangement setting 5
Bootstrap[57]: Time 0.285564 seconds, bootstrap likelihood -2148.714887, best rearrangement setting 7
Bootstrap[58]: Time 0.328773 seconds, bootstrap likelihood -2168.567934, best rearrangement setting 10
Bootstrap[59]: Time 0.324306 seconds, bootstrap likelihood -2293.007163, best rearrangement setting 9
Bootstrap[60]: Time 0.337613 seconds, bootstrap likelihood -2029.303982, best rearrangement setting 7
Bootstrap[61]: Time 0.288627 seconds, bootstrap likelihood -2037.288042, best rearrangement setting 5
Bootstrap[62]: Time 0.334987 seconds, bootstrap likelihood -2287.412553, best rearrangement setting 11
Bootstrap[63]: Time 0.302623 seconds, bootstrap likelihood -2231.668334, best rearrangement setting 12
Bootstrap[64]: Time 0.324079 seconds, bootstrap likelihood -2282.348738, best rearrangement setting 7
Bootstrap[65]: Time 0.337529 seconds, bootstrap likelihood -2176.819702, best rearrangement setting 5
Bootstrap[66]: Time 0.301488 seconds, bootstrap likelihood -2128.892156, best rearrangement setting 5
Bootstrap[67]: Time 0.298405 seconds, bootstrap likelihood -2004.107615, best rearrangement setting 15
Bootstrap[68]: Time 0.299686 seconds, bootstrap likelihood -2259.416675, best rearrangement setting 11
Bootstrap[69]: Time 0.347853 seconds, bootstrap likelihood -2245.783967, best rearrangement setting 5
Bootstrap[70]: Time 0.286217 seconds, bootstrap likelihood -2132.885410, best rearrangement setting 8
Bootstrap[71]: Time 0.300129 seconds, bootstrap likelihood -1988.975440, best rearrangement setting 10
Bootstrap[72]: Time 0.295685 seconds, bootstrap likelihood -2179.256804, best rearrangement setting 11
Bootstrap[73]: Time 0.346790 seconds, bootstrap likelihood -1992.809840, best rearrangement setting 9
Bootstrap[74]: Time 0.264368 seconds, bootstrap likelihood -2204.645076, best rearrangement setting 5
Bootstrap[75]: Time 0.318186 seconds, bootstrap likelihood -2144.813336, best rearrangement setting 8
Bootstrap[76]: Time 0.316262 seconds, bootstrap likelihood -2142.090790, best rearrangement setting 9
Bootstrap[77]: Time 0.272214 seconds, bootstrap likelihood -2067.481089, best rearrangement setting 11
Bootstrap[78]: Time 0.120668 seconds, bootstrap likelihood -1910.175126, best rearrangement setting 15
Bootstrap[79]: Time 0.245633 seconds, bootstrap likelihood -2053.457228, best rearrangement setting 9
Bootstrap[80]: Time 0.130192 seconds, bootstrap likelihood -2053.106703, best rearrangement setting 15
Bootstrap[81]: Time 0.342261 seconds, bootstrap likelihood -2172.915833, best rearrangement setting 7
Bootstrap[82]: Time 0.153054 seconds, bootstrap likelihood -1967.810723, best rearrangement setting 6
Bootstrap[83]: Time 0.309581 seconds, bootstrap likelihood -2023.361596, best rearrangement setting 10
Bootstrap[84]: Time 0.322531 seconds, bootstrap likelihood -2093.799859, best rearrangement setting 11
Bootstrap[85]: Time 0.261575 seconds, bootstrap likelihood -2098.902006, best rearrangement setting 8
Bootstrap[86]: Time 0.317766 seconds, bootstrap likelihood -2191.421571, best rearrangement setting 7
Bootstrap[87]: Time 0.314711 seconds, bootstrap likelihood -2236.165866, best rearrangement setting 7
Bootstrap[88]: Time 0.288961 seconds, bootstrap likelihood -2030.295315, best rearrangement setting 12
Bootstrap[89]: Time 0.258892 seconds, bootstrap likelihood -2157.787901, best rearrangement setting 10
Bootstrap[90]: Time 0.308375 seconds, bootstrap likelihood -2227.151518, best rearrangement setting 8
Bootstrap[91]: Time 0.293669 seconds, bootstrap likelihood -2097.621030, best rearrangement setting 12
Bootstrap[92]: Time 0.317254 seconds, bootstrap likelihood -2156.965859, best rearrangement setting 13
Bootstrap[93]: Time 0.271219 seconds, bootstrap likelihood -1995.922026, best rearrangement setting 15
Bootstrap[94]: Time 0.304787 seconds, bootstrap likelihood -2147.057517, best rearrangement setting 5
Bootstrap[95]: Time 0.315055 seconds, bootstrap likelihood -2210.685696, best rearrangement setting 5
Bootstrap[96]: Time 0.318399 seconds, bootstrap likelihood -1979.581421, best rearrangement setting 13
Bootstrap[97]: Time 0.297278 seconds, bootstrap likelihood -2053.154955, best rearrangement setting 11
Bootstrap[98]: Time 0.134292 seconds, bootstrap likelihood -2112.511789, best rearrangement setting 6
Bootstrap[99]: Time 0.262836 seconds, bootstrap likelihood -1952.782310, best rearrangement setting 14


Overall Time for 100 Rapid Bootstraps 28.944908 seconds
Average Time per Rapid Bootstrap 0.289449 seconds

Starting ML Search ...

Fast ML optimization finished

Fast ML search Time: 24.209430 seconds

Slow ML Search 0 Likelihood: -2137.411623
Slow ML Search 1 Likelihood: -2137.411623
Slow ML Search 2 Likelihood: -2137.411623
Slow ML Search 3 Likelihood: -2137.411623
Slow ML Search 4 Likelihood: -2137.411623
Slow ML Search 5 Likelihood: -2137.411623
Slow ML Search 6 Likelihood: -2137.411623
Slow ML Search 7 Likelihood: -2137.411623
Slow ML Search 8 Likelihood: -2137.411623
Slow ML Search 9 Likelihood: -2137.411623
Slow ML optimization finished

Slow ML search Time: 6.919980 seconds
Thorough ML search Time: 0.431846 seconds

Final ML Optimization Likelihood: -2137.411623

Model Information:

Model Parameters of Partition 0, Name: No Name Provided, Type of Data: AA
alpha: 0.866552
Tree-Length: 3.414466
rate A <-> R: 0.399182
rate A <-> N: 0.259945
rate A <-> D: 0.371058
rate A <-> C: 2.337364
rate A <-> Q: 0.910775
rate A <-> E: 0.975241
rate A <-> G: 1.940106
rate A <-> H: 0.336984
rate A <-> I: 0.140697
rate A <-> L: 0.371240
rate A <-> K: 0.503815
rate A <-> M: 1.055520
rate A <-> F: 0.238237
rate A <-> P: 1.105868
rate A <-> S: 4.439041
rate A <-> T: 2.009090
rate A <-> W: 0.169702
rate A <-> Y: 0.205613
rate A <-> V: 2.392567
rate R <-> N: 0.706048
rate R <-> D: 0.116398
rate R <-> C: 0.501968
rate R <-> Q: 2.636754
rate R <-> E: 0.341785
rate R <-> G: 0.366408
rate R <-> H: 2.278690
rate R <-> I: 0.119250
rate R <-> L: 0.283449
rate R <-> K: 5.940467
rate R <-> M: 0.454623
rate R <-> F: 0.049508
rate R <-> P: 0.312264
rate R <-> S: 0.805843
rate R <-> T: 0.543695
rate R <-> W: 0.557424
rate R <-> Y: 0.295274
rate R <-> V: 0.160471
rate N <-> D: 4.766737
rate N <-> C: 0.496537
rate N <-> Q: 1.592389
rate N <-> E: 0.508692
rate N <-> G: 1.350015
rate N <-> H: 4.234381
rate N <-> I: 0.179830
rate N <-> L: 0.064256
rate N <-> K: 2.014327
rate N <-> M: 0.348390
rate N <-> F: 0.084068
rate N <-> P: 0.151925
rate N <-> S: 3.764032
rate N <-> T: 1.878729
rate N <-> W: 0.042610
rate N <-> Y: 0.574720
rate N <-> V: 0.078587
rate D <-> C: 0.058743
rate D <-> Q: 0.491483
rate D <-> E: 4.924234
rate D <-> G: 0.793424
rate D <-> H: 0.870603
rate D <-> I: 0.010038
rate D <-> L: 0.014157
rate D <-> K: 0.265711
rate D <-> M: 0.023991
rate D <-> F: 0.016354
rate D <-> P: 0.370412
rate D <-> S: 1.164675
rate D <-> T: 0.399902
rate D <-> W: 0.028068
rate D <-> Y: 0.126872
rate D <-> V: 0.035653
rate C <-> Q: 0.079639
rate C <-> E: 0.003286
rate C <-> G: 0.534566
rate C <-> H: 0.601499
rate C <-> I: 0.301083
rate C <-> L: 0.557800
rate C <-> K: 0.012457
rate C <-> M: 0.839207
rate C <-> F: 1.037881
rate C <-> P: 0.070787
rate C <-> S: 2.614753
rate C <-> T: 1.073780
rate C <-> W: 0.629281
rate C <-> Y: 1.094488
rate C <-> V: 1.839864
rate Q <-> E: 3.876936
rate Q <-> G: 0.251626
rate Q <-> H: 4.520102
rate Q <-> I: 0.068413
rate Q <-> L: 0.546954
rate Q <-> K: 3.037150
rate Q <-> M: 1.570619
rate Q <-> F: 0.033669
rate Q <-> P: 0.586241
rate Q <-> S: 1.149231
rate Q <-> T: 1.014297
rate Q <-> W: 0.221802
rate Q <-> Y: 0.241650
rate Q <-> V: 0.197511
rate E <-> G: 0.327583
rate E <-> H: 0.398044
rate E <-> I: 0.041567
rate E <-> L: 0.065426
rate E <-> K: 1.697022
rate E <-> M: 0.163145
rate E <-> F: 0.017664
rate E <-> P: 0.393844
rate E <-> S: 0.574671
rate E <-> T: 0.567695
rate E <-> W: 0.073107
rate E <-> Y: 0.112720
rate E <-> V: 0.230098
rate G <-> H: 0.292498
rate G <-> I: 0.008174
rate G <-> L: 0.041563
rate G <-> K: 0.278555
rate G <-> M: 0.131033
rate G <-> F: 0.084125
rate G <-> P: 0.184955
rate G <-> S: 1.633930
rate G <-> T: 0.121922
rate G <-> W: 0.252125
rate G <-> Y: 0.051346
rate G <-> V: 0.072026
rate H <-> I: 0.102245
rate H <-> L: 0.343988
rate H <-> K: 0.654763
rate H <-> M: 0.415502
rate H <-> F: 0.640560
rate H <-> P: 0.477834
rate H <-> S: 0.929667
rate H <-> T: 0.548649
rate H <-> W: 0.560661
rate H <-> Y: 4.983361
rate H <-> V: 0.111759
rate I <-> L: 3.892408
rate I <-> K: 0.149373
rate I <-> M: 4.013113
rate I <-> F: 1.044902
rate I <-> P: 0.073509
rate I <-> S: 0.060198
rate I <-> T: 0.970728
rate I <-> W: 0.104854
rate I <-> Y: 0.218350
rate I <-> V: 10.000000
rate L <-> K: 0.129119
rate L <-> M: 5.927594
rate L <-> F: 2.434657
rate L <-> P: 0.233879
rate L <-> S: 0.171176
rate L <-> T: 0.284471
rate L <-> W: 0.581863
rate L <-> Y: 0.281383
rate L <-> V: 1.598956
rate K <-> M: 0.616581
rate K <-> F: 0.022460
rate K <-> P: 0.366530
rate K <-> S: 0.703048
rate K <-> T: 1.067567
rate K <-> W: 0.046864
rate K <-> Y: 0.123890
rate K <-> V: 0.173913
rate M <-> F: 1.689205
rate M <-> P: 0.093763
rate M <-> S: 0.325811
rate M <-> T: 1.897216
rate M <-> W: 0.653740
rate M <-> Y: 0.451968
rate M <-> V: 1.782983
rate F <-> P: 0.088706
rate F <-> S: 0.339765
rate F <-> T: 0.154944
rate F <-> W: 2.307349
rate F <-> Y: 7.328222
rate F <-> V: 0.614777
rate P <-> S: 1.256567
rate P <-> T: 0.536635
rate P <-> W: 0.089332
rate P <-> Y: 0.084151
rate P <-> V: 0.278428
rate S <-> T: 6.077767
rate S <-> W: 0.233693
rate S <-> Y: 0.376132
rate S <-> V: 0.092373
rate T <-> W: 0.132241
rate T <-> Y: 0.230856
rate T <-> V: 2.054781
rate W <-> Y: 2.959699
rate W <-> V: 0.177959
rate Y <-> V: 0.234116

freq pi(A): 0.042897
freq pi(R): 0.071309
freq pi(N): 0.060724
freq pi(D): 0.044011
freq pi(C): 0.030084
freq pi(Q): 0.057382
freq pi(E): 0.087465
freq pi(G): 0.048468
freq pi(H): 0.021727
freq pi(I): 0.028412
freq pi(L): 0.090251
freq pi(K): 0.120891
freq pi(M): 0.041226
freq pi(F): 0.049025
freq pi(P): 0.035655
freq pi(S): 0.041226
freq pi(T): 0.027855
freq pi(W): 0.023955
freq pi(Y): 0.041783
freq pi(V): 0.035655


ML search took 31.583508 secs or 0.008773 hours

Combined Bootstrap and ML search took 60.528679 secs or 0.016814 hours

Drawing Bootstrap Support Values on best-scoring ML tree ...



Found 1 tree in File /in/RAxML_bestTree.EOG091G0QUH.clustalo.aln.ALICUT.LGF



Found 1 tree in File /in/RAxML_bestTree.EOG091G0QUH.clustalo.aln.ALICUT.LGF

Program execution info written to /in/RAxML_info.EOG091G0QUH.clustalo.aln.ALICUT.LGF
All 100 bootstrapped trees written to: /in/RAxML_bootstrap.EOG091G0QUH.clustalo.aln.ALICUT.LGF

Best-scoring ML tree written to: /in/RAxML_bestTree.EOG091G0QUH.clustalo.aln.ALICUT.LGF

Best-scoring ML tree with support values written to: /in/RAxML_bipartitions.EOG091G0QUH.clustalo.aln.ALICUT.LGF

Best-scoring ML tree with support values as branch labels written to: /in/RAxML_bipartitionsBranchLabels.EOG091G0QUH.clustalo.aln.ALICUT.LGF

Overall execution time for full ML analysis: 60.530655 secs or 0.016814 hours or 0.000701 days

