--2018-12-14 12:52:47--  http://www.orthodb.org/fasta?query=EOG091G085U&level=33208
Resolving www.orthodb.org (www.orthodb.org)... 142.93.108.123, 2a03:b0c0:3:d0::d19:7001
Connecting to www.orthodb.org (www.orthodb.org)|142.93.108.123|:80... connected.
HTTP request sent, awaiting response... 301 Moved Permanently
Location: https://www.orthodb.org/fasta?query=EOG091G085U&level=33208 [following]
--2018-12-14 12:52:48--  https://www.orthodb.org/fasta?query=EOG091G085U&level=33208
Connecting to www.orthodb.org (www.orthodb.org)|142.93.108.123|:443... connected.
HTTP request sent, awaiting response... 200 OK
Length: 417590 (408K) [text/plain]
Saving to: ‘EOG091G085U/EOG091G085U.orthodb.fasta’

     0K .......... .......... .......... .......... .......... 12% 1,30M 0s
    50K .......... .......... .......... .......... .......... 24% 2,24M 0s
   100K .......... .......... .......... .......... .......... 36% 2,49M 0s
   150K .......... .......... .......... .......... .......... 49% 2,39M 0s
   200K .......... .......... .......... .......... .......... 61% 1,59M 0s
   250K .......... .......... .......... .......... .......... 73% 3,32M 0s
   300K .......... .......... .......... .......... .......... 85% 5,50M 0s
   350K .......... .......... .......... .......... .......... 98% 2,67M 0s
   400K .......                                               100% 14,2M=0,2s

2018-12-14 12:52:48 (2,31 MB/s) - ‘EOG091G085U/EOG091G085U.orthodb.fasta’ saved [417590/417590]

