
RAxML can't, parse the alignment file as phylip file 
it will now try to parse it as FASTA file


This is the RAxML Master Pthread

This is RAxML Worker Pthread Number: 1

This is RAxML Worker Pthread Number: 2

This is RAxML Worker Pthread Number: 4

This is RAxML Worker Pthread Number: 5

This is RAxML Worker Pthread Number: 3


This is RAxML version 8.2.12 released by Alexandros Stamatakis on May 2018.

With greatly appreciated code contributions by:
Andre Aberer      (HITS)
Simon Berger      (HITS)
Alexey Kozlov     (HITS)
Kassian Kobert    (HITS)
David Dao         (KIT and HITS)
Sarah Lutteropp   (KIT and HITS)
Nick Pattengale   (Sandia)
Wayne Pfeiffer    (SDSC)
Akifumi S. Tanabe (NRIFS)
Charlie Taylor    (UF)


Alignment has 264 distinct alignment patterns

Proportion of gaps and completely undetermined characters in this alignment: 10.33%

RAxML rapid bootstrapping and subsequent ML search

Using 1 distinct models/data partitions with joint branch length optimization



Executing 100 rapid bootstrap inferences and thereafter a thorough ML search 

All free model parameters will be estimated by RAxML
GAMMA model of rate heterogeneity, ML estimate of alpha-parameter

GAMMA Model parameters will be estimated up to an accuracy of 0.1000000000 Log Likelihood units

Partition: 0
Alignment Patterns: 264
Name: No Name Provided
DataType: AA
Substitution Matrix: LG
Using empirical base frequencies




RAxML was called as follows:

raxml -f a -T 6 -m PROTGAMMALGF -p 12345 -x 12345 -# 100 -s ALICUT_EOG091G085U.clustalo.aln.fasta -n EOG091G085U.clustalo.aln.ALICUT.LGF 



Time for BS model parameter optimization 0.064391
Bootstrap[0]: Time 0.631641 seconds, bootstrap likelihood -5077.446247, best rearrangement setting 13
Bootstrap[1]: Time 0.417898 seconds, bootstrap likelihood -4833.260054, best rearrangement setting 13
Bootstrap[2]: Time 0.426016 seconds, bootstrap likelihood -5129.451424, best rearrangement setting 12
Bootstrap[3]: Time 0.439605 seconds, bootstrap likelihood -5146.063722, best rearrangement setting 15
Bootstrap[4]: Time 0.453500 seconds, bootstrap likelihood -4984.354845, best rearrangement setting 10
Bootstrap[5]: Time 0.404160 seconds, bootstrap likelihood -4739.327842, best rearrangement setting 10
Bootstrap[6]: Time 0.427023 seconds, bootstrap likelihood -4767.873988, best rearrangement setting 6
Bootstrap[7]: Time 0.435562 seconds, bootstrap likelihood -4989.672640, best rearrangement setting 14
Bootstrap[8]: Time 0.425452 seconds, bootstrap likelihood -5019.399381, best rearrangement setting 5
Bootstrap[9]: Time 0.460673 seconds, bootstrap likelihood -5080.572994, best rearrangement setting 7
Bootstrap[10]: Time 0.427680 seconds, bootstrap likelihood -4756.838493, best rearrangement setting 7
Bootstrap[11]: Time 0.445426 seconds, bootstrap likelihood -5105.483555, best rearrangement setting 5
Bootstrap[12]: Time 0.516881 seconds, bootstrap likelihood -5235.281375, best rearrangement setting 8
Bootstrap[13]: Time 0.423458 seconds, bootstrap likelihood -5109.863418, best rearrangement setting 7
Bootstrap[14]: Time 0.469119 seconds, bootstrap likelihood -5100.865057, best rearrangement setting 12
Bootstrap[15]: Time 0.387167 seconds, bootstrap likelihood -5182.588373, best rearrangement setting 15
Bootstrap[16]: Time 0.416185 seconds, bootstrap likelihood -5041.902622, best rearrangement setting 12
Bootstrap[17]: Time 0.432038 seconds, bootstrap likelihood -4832.646711, best rearrangement setting 12
Bootstrap[18]: Time 0.418621 seconds, bootstrap likelihood -5095.779327, best rearrangement setting 5
Bootstrap[19]: Time 0.532084 seconds, bootstrap likelihood -4812.976238, best rearrangement setting 8
Bootstrap[20]: Time 0.473008 seconds, bootstrap likelihood -4958.916184, best rearrangement setting 10
Bootstrap[21]: Time 0.407027 seconds, bootstrap likelihood -5059.540250, best rearrangement setting 6
Bootstrap[22]: Time 0.443403 seconds, bootstrap likelihood -4944.590128, best rearrangement setting 5
Bootstrap[23]: Time 0.434234 seconds, bootstrap likelihood -5026.140105, best rearrangement setting 7
Bootstrap[24]: Time 0.432623 seconds, bootstrap likelihood -4998.016152, best rearrangement setting 8
Bootstrap[25]: Time 0.462230 seconds, bootstrap likelihood -4867.796366, best rearrangement setting 6
Bootstrap[26]: Time 0.505924 seconds, bootstrap likelihood -4940.883112, best rearrangement setting 12
Bootstrap[27]: Time 0.430929 seconds, bootstrap likelihood -5145.470948, best rearrangement setting 10
Bootstrap[28]: Time 0.481889 seconds, bootstrap likelihood -5132.546870, best rearrangement setting 11
Bootstrap[29]: Time 0.443144 seconds, bootstrap likelihood -4956.794525, best rearrangement setting 12
Bootstrap[30]: Time 0.463505 seconds, bootstrap likelihood -5100.411329, best rearrangement setting 15
Bootstrap[31]: Time 0.473408 seconds, bootstrap likelihood -5081.981561, best rearrangement setting 15
Bootstrap[32]: Time 0.198923 seconds, bootstrap likelihood -5013.823292, best rearrangement setting 6
Bootstrap[33]: Time 0.406848 seconds, bootstrap likelihood -4905.165569, best rearrangement setting 15
Bootstrap[34]: Time 0.487983 seconds, bootstrap likelihood -4893.853362, best rearrangement setting 11
Bootstrap[35]: Time 0.423350 seconds, bootstrap likelihood -4901.138989, best rearrangement setting 8
Bootstrap[36]: Time 0.384026 seconds, bootstrap likelihood -4963.389782, best rearrangement setting 9
Bootstrap[37]: Time 0.446625 seconds, bootstrap likelihood -5246.382958, best rearrangement setting 11
Bootstrap[38]: Time 0.452789 seconds, bootstrap likelihood -4943.046716, best rearrangement setting 8
Bootstrap[39]: Time 0.446272 seconds, bootstrap likelihood -4801.174245, best rearrangement setting 13
Bootstrap[40]: Time 0.419267 seconds, bootstrap likelihood -5057.552157, best rearrangement setting 13
Bootstrap[41]: Time 0.439459 seconds, bootstrap likelihood -4726.078138, best rearrangement setting 10
Bootstrap[42]: Time 0.485056 seconds, bootstrap likelihood -4928.025054, best rearrangement setting 5
Bootstrap[43]: Time 0.470727 seconds, bootstrap likelihood -4930.981669, best rearrangement setting 14
Bootstrap[44]: Time 0.448085 seconds, bootstrap likelihood -4990.777149, best rearrangement setting 10
Bootstrap[45]: Time 0.437503 seconds, bootstrap likelihood -5128.165969, best rearrangement setting 15
Bootstrap[46]: Time 0.466786 seconds, bootstrap likelihood -4949.873731, best rearrangement setting 14
Bootstrap[47]: Time 0.450261 seconds, bootstrap likelihood -5217.838204, best rearrangement setting 8
Bootstrap[48]: Time 0.401043 seconds, bootstrap likelihood -5199.005360, best rearrangement setting 6
Bootstrap[49]: Time 0.456805 seconds, bootstrap likelihood -4906.409420, best rearrangement setting 7
Bootstrap[50]: Time 0.432773 seconds, bootstrap likelihood -4796.281174, best rearrangement setting 7
Bootstrap[51]: Time 0.448456 seconds, bootstrap likelihood -5025.890276, best rearrangement setting 11
Bootstrap[52]: Time 0.428171 seconds, bootstrap likelihood -5002.130804, best rearrangement setting 12
Bootstrap[53]: Time 0.437981 seconds, bootstrap likelihood -4973.790908, best rearrangement setting 8
Bootstrap[54]: Time 0.418230 seconds, bootstrap likelihood -4881.016663, best rearrangement setting 9
Bootstrap[55]: Time 0.460753 seconds, bootstrap likelihood -5015.553115, best rearrangement setting 11
Bootstrap[56]: Time 0.440319 seconds, bootstrap likelihood -5300.410016, best rearrangement setting 5
Bootstrap[57]: Time 0.414816 seconds, bootstrap likelihood -4937.011603, best rearrangement setting 7
Bootstrap[58]: Time 0.462403 seconds, bootstrap likelihood -5188.539750, best rearrangement setting 10
Bootstrap[59]: Time 0.435781 seconds, bootstrap likelihood -5061.612917, best rearrangement setting 9
Bootstrap[60]: Time 0.434599 seconds, bootstrap likelihood -4879.373504, best rearrangement setting 7
Bootstrap[61]: Time 0.439842 seconds, bootstrap likelihood -5085.891973, best rearrangement setting 5
Bootstrap[62]: Time 0.477056 seconds, bootstrap likelihood -4936.823732, best rearrangement setting 11
Bootstrap[63]: Time 0.459660 seconds, bootstrap likelihood -5059.619924, best rearrangement setting 12
Bootstrap[64]: Time 0.479331 seconds, bootstrap likelihood -5112.047543, best rearrangement setting 7
Bootstrap[65]: Time 0.440118 seconds, bootstrap likelihood -4827.139881, best rearrangement setting 5
Bootstrap[66]: Time 0.395217 seconds, bootstrap likelihood -5069.338114, best rearrangement setting 5
Bootstrap[67]: Time 0.491331 seconds, bootstrap likelihood -5195.385005, best rearrangement setting 15
Bootstrap[68]: Time 0.431451 seconds, bootstrap likelihood -5111.018745, best rearrangement setting 11
Bootstrap[69]: Time 0.458781 seconds, bootstrap likelihood -5002.740005, best rearrangement setting 5
Bootstrap[70]: Time 0.416694 seconds, bootstrap likelihood -5087.252269, best rearrangement setting 8
Bootstrap[71]: Time 0.455807 seconds, bootstrap likelihood -5060.265502, best rearrangement setting 10
Bootstrap[72]: Time 0.386616 seconds, bootstrap likelihood -5089.633799, best rearrangement setting 11
Bootstrap[73]: Time 0.429591 seconds, bootstrap likelihood -5062.615315, best rearrangement setting 9
Bootstrap[74]: Time 0.427746 seconds, bootstrap likelihood -4873.323465, best rearrangement setting 5
Bootstrap[75]: Time 0.424331 seconds, bootstrap likelihood -5024.785082, best rearrangement setting 8
Bootstrap[76]: Time 0.449636 seconds, bootstrap likelihood -5260.720935, best rearrangement setting 9
Bootstrap[77]: Time 0.490553 seconds, bootstrap likelihood -4953.492892, best rearrangement setting 11
Bootstrap[78]: Time 0.480090 seconds, bootstrap likelihood -4891.499032, best rearrangement setting 15
Bootstrap[79]: Time 0.422893 seconds, bootstrap likelihood -4781.925258, best rearrangement setting 9
Bootstrap[80]: Time 0.424978 seconds, bootstrap likelihood -4774.641493, best rearrangement setting 15
Bootstrap[81]: Time 0.429795 seconds, bootstrap likelihood -4877.331093, best rearrangement setting 7
Bootstrap[82]: Time 0.425651 seconds, bootstrap likelihood -4809.748975, best rearrangement setting 6
Bootstrap[83]: Time 0.395568 seconds, bootstrap likelihood -4904.385422, best rearrangement setting 10
Bootstrap[84]: Time 0.198954 seconds, bootstrap likelihood -4904.714678, best rearrangement setting 11
Bootstrap[85]: Time 0.451006 seconds, bootstrap likelihood -4887.955824, best rearrangement setting 8
Bootstrap[86]: Time 0.423591 seconds, bootstrap likelihood -4788.251718, best rearrangement setting 7
Bootstrap[87]: Time 0.442916 seconds, bootstrap likelihood -5071.081885, best rearrangement setting 7
Bootstrap[88]: Time 0.436046 seconds, bootstrap likelihood -4803.135223, best rearrangement setting 12
Bootstrap[89]: Time 0.414109 seconds, bootstrap likelihood -4856.772279, best rearrangement setting 10
Bootstrap[90]: Time 0.450399 seconds, bootstrap likelihood -4887.624343, best rearrangement setting 8
Bootstrap[91]: Time 0.420252 seconds, bootstrap likelihood -5039.460332, best rearrangement setting 12
Bootstrap[92]: Time 0.439366 seconds, bootstrap likelihood -5041.100581, best rearrangement setting 13
Bootstrap[93]: Time 0.418948 seconds, bootstrap likelihood -5037.573525, best rearrangement setting 15
Bootstrap[94]: Time 0.419488 seconds, bootstrap likelihood -4983.419202, best rearrangement setting 5
Bootstrap[95]: Time 0.216716 seconds, bootstrap likelihood -5043.085568, best rearrangement setting 5
Bootstrap[96]: Time 0.428473 seconds, bootstrap likelihood -5142.663406, best rearrangement setting 13
Bootstrap[97]: Time 0.442759 seconds, bootstrap likelihood -5090.831151, best rearrangement setting 11
Bootstrap[98]: Time 0.437841 seconds, bootstrap likelihood -5191.758110, best rearrangement setting 6
Bootstrap[99]: Time 0.457940 seconds, bootstrap likelihood -4976.080024, best rearrangement setting 14


Overall Time for 100 Rapid Bootstraps 43.632606 seconds
Average Time per Rapid Bootstrap 0.436326 seconds

Starting ML Search ...

Fast ML optimization finished

Fast ML search Time: 31.366420 seconds

Slow ML Search 0 Likelihood: -5027.261163
Slow ML Search 1 Likelihood: -5027.261163
Slow ML Search 2 Likelihood: -5027.261163
Slow ML Search 3 Likelihood: -5027.261163
Slow ML Search 4 Likelihood: -5027.261163
Slow ML Search 5 Likelihood: -5027.261163
Slow ML Search 6 Likelihood: -5027.261163
Slow ML Search 7 Likelihood: -5027.261163
Slow ML Search 8 Likelihood: -5027.261163
Slow ML Search 9 Likelihood: -5027.261163
Slow ML optimization finished

Slow ML search Time: 8.868690 seconds
Thorough ML search Time: 0.733332 seconds

Final ML Optimization Likelihood: -5027.261166

Model Information:

Model Parameters of Partition 0, Name: No Name Provided, Type of Data: AA
alpha: 2.399413
Tree-Length: 6.503368
rate A <-> R: 0.399182
rate A <-> N: 0.259945
rate A <-> D: 0.371058
rate A <-> C: 2.337364
rate A <-> Q: 0.910775
rate A <-> E: 0.975241
rate A <-> G: 1.940106
rate A <-> H: 0.336984
rate A <-> I: 0.140697
rate A <-> L: 0.371240
rate A <-> K: 0.503815
rate A <-> M: 1.055520
rate A <-> F: 0.238237
rate A <-> P: 1.105868
rate A <-> S: 4.439041
rate A <-> T: 2.009090
rate A <-> W: 0.169702
rate A <-> Y: 0.205613
rate A <-> V: 2.392567
rate R <-> N: 0.706048
rate R <-> D: 0.116398
rate R <-> C: 0.501968
rate R <-> Q: 2.636754
rate R <-> E: 0.341785
rate R <-> G: 0.366408
rate R <-> H: 2.278690
rate R <-> I: 0.119250
rate R <-> L: 0.283449
rate R <-> K: 5.940467
rate R <-> M: 0.454623
rate R <-> F: 0.049508
rate R <-> P: 0.312264
rate R <-> S: 0.805843
rate R <-> T: 0.543695
rate R <-> W: 0.557424
rate R <-> Y: 0.295274
rate R <-> V: 0.160471
rate N <-> D: 4.766737
rate N <-> C: 0.496537
rate N <-> Q: 1.592389
rate N <-> E: 0.508692
rate N <-> G: 1.350015
rate N <-> H: 4.234381
rate N <-> I: 0.179830
rate N <-> L: 0.064256
rate N <-> K: 2.014327
rate N <-> M: 0.348390
rate N <-> F: 0.084068
rate N <-> P: 0.151925
rate N <-> S: 3.764032
rate N <-> T: 1.878729
rate N <-> W: 0.042610
rate N <-> Y: 0.574720
rate N <-> V: 0.078587
rate D <-> C: 0.058743
rate D <-> Q: 0.491483
rate D <-> E: 4.924234
rate D <-> G: 0.793424
rate D <-> H: 0.870603
rate D <-> I: 0.010038
rate D <-> L: 0.014157
rate D <-> K: 0.265711
rate D <-> M: 0.023991
rate D <-> F: 0.016354
rate D <-> P: 0.370412
rate D <-> S: 1.164675
rate D <-> T: 0.399902
rate D <-> W: 0.028068
rate D <-> Y: 0.126872
rate D <-> V: 0.035653
rate C <-> Q: 0.079639
rate C <-> E: 0.003286
rate C <-> G: 0.534566
rate C <-> H: 0.601499
rate C <-> I: 0.301083
rate C <-> L: 0.557800
rate C <-> K: 0.012457
rate C <-> M: 0.839207
rate C <-> F: 1.037881
rate C <-> P: 0.070787
rate C <-> S: 2.614753
rate C <-> T: 1.073780
rate C <-> W: 0.629281
rate C <-> Y: 1.094488
rate C <-> V: 1.839864
rate Q <-> E: 3.876936
rate Q <-> G: 0.251626
rate Q <-> H: 4.520102
rate Q <-> I: 0.068413
rate Q <-> L: 0.546954
rate Q <-> K: 3.037150
rate Q <-> M: 1.570619
rate Q <-> F: 0.033669
rate Q <-> P: 0.586241
rate Q <-> S: 1.149231
rate Q <-> T: 1.014297
rate Q <-> W: 0.221802
rate Q <-> Y: 0.241650
rate Q <-> V: 0.197511
rate E <-> G: 0.327583
rate E <-> H: 0.398044
rate E <-> I: 0.041567
rate E <-> L: 0.065426
rate E <-> K: 1.697022
rate E <-> M: 0.163145
rate E <-> F: 0.017664
rate E <-> P: 0.393844
rate E <-> S: 0.574671
rate E <-> T: 0.567695
rate E <-> W: 0.073107
rate E <-> Y: 0.112720
rate E <-> V: 0.230098
rate G <-> H: 0.292498
rate G <-> I: 0.008174
rate G <-> L: 0.041563
rate G <-> K: 0.278555
rate G <-> M: 0.131033
rate G <-> F: 0.084125
rate G <-> P: 0.184955
rate G <-> S: 1.633930
rate G <-> T: 0.121922
rate G <-> W: 0.252125
rate G <-> Y: 0.051346
rate G <-> V: 0.072026
rate H <-> I: 0.102245
rate H <-> L: 0.343988
rate H <-> K: 0.654763
rate H <-> M: 0.415502
rate H <-> F: 0.640560
rate H <-> P: 0.477834
rate H <-> S: 0.929667
rate H <-> T: 0.548649
rate H <-> W: 0.560661
rate H <-> Y: 4.983361
rate H <-> V: 0.111759
rate I <-> L: 3.892408
rate I <-> K: 0.149373
rate I <-> M: 4.013113
rate I <-> F: 1.044902
rate I <-> P: 0.073509
rate I <-> S: 0.060198
rate I <-> T: 0.970728
rate I <-> W: 0.104854
rate I <-> Y: 0.218350
rate I <-> V: 10.000000
rate L <-> K: 0.129119
rate L <-> M: 5.927594
rate L <-> F: 2.434657
rate L <-> P: 0.233879
rate L <-> S: 0.171176
rate L <-> T: 0.284471
rate L <-> W: 0.581863
rate L <-> Y: 0.281383
rate L <-> V: 1.598956
rate K <-> M: 0.616581
rate K <-> F: 0.022460
rate K <-> P: 0.366530
rate K <-> S: 0.703048
rate K <-> T: 1.067567
rate K <-> W: 0.046864
rate K <-> Y: 0.123890
rate K <-> V: 0.173913
rate M <-> F: 1.689205
rate M <-> P: 0.093763
rate M <-> S: 0.325811
rate M <-> T: 1.897216
rate M <-> W: 0.653740
rate M <-> Y: 0.451968
rate M <-> V: 1.782983
rate F <-> P: 0.088706
rate F <-> S: 0.339765
rate F <-> T: 0.154944
rate F <-> W: 2.307349
rate F <-> Y: 7.328222
rate F <-> V: 0.614777
rate P <-> S: 1.256567
rate P <-> T: 0.536635
rate P <-> W: 0.089332
rate P <-> Y: 0.084151
rate P <-> V: 0.278428
rate S <-> T: 6.077767
rate S <-> W: 0.233693
rate S <-> Y: 0.376132
rate S <-> V: 0.092373
rate T <-> W: 0.132241
rate T <-> Y: 0.230856
rate T <-> V: 2.054781
rate W <-> Y: 2.959699
rate W <-> V: 0.177959
rate Y <-> V: 0.234116

freq pi(A): 0.066529
freq pi(R): 0.055556
freq pi(N): 0.034294
freq pi(D): 0.054870
freq pi(C): 0.022634
freq pi(Q): 0.033951
freq pi(E): 0.078875
freq pi(G): 0.050412
freq pi(H): 0.028464
freq pi(I): 0.057613
freq pi(L): 0.093964
freq pi(K): 0.090535
freq pi(M): 0.034979
freq pi(F): 0.056241
freq pi(P): 0.042524
freq pi(S): 0.059328
freq pi(T): 0.036694
freq pi(W): 0.016461
freq pi(Y): 0.024348
freq pi(V): 0.061728


ML search took 40.995870 secs or 0.011388 hours

Combined Bootstrap and ML search took 84.628731 secs or 0.023508 hours

Drawing Bootstrap Support Values on best-scoring ML tree ...



Found 1 tree in File /in/RAxML_bestTree.EOG091G085U.clustalo.aln.ALICUT.LGF



Found 1 tree in File /in/RAxML_bestTree.EOG091G085U.clustalo.aln.ALICUT.LGF

Program execution info written to /in/RAxML_info.EOG091G085U.clustalo.aln.ALICUT.LGF
All 100 bootstrapped trees written to: /in/RAxML_bootstrap.EOG091G085U.clustalo.aln.ALICUT.LGF

Best-scoring ML tree written to: /in/RAxML_bestTree.EOG091G085U.clustalo.aln.ALICUT.LGF

Best-scoring ML tree with support values written to: /in/RAxML_bipartitions.EOG091G085U.clustalo.aln.ALICUT.LGF

Best-scoring ML tree with support values as branch labels written to: /in/RAxML_bipartitionsBranchLabels.EOG091G085U.clustalo.aln.ALICUT.LGF

Overall execution time for full ML analysis: 84.631355 secs or 0.023509 hours or 0.000980 days

