
RAxML can't, parse the alignment file as phylip file 
it will now try to parse it as FASTA file


This is the RAxML Master Pthread

This is RAxML Worker Pthread Number: 1

This is RAxML Worker Pthread Number: 2

This is RAxML Worker Pthread Number: 3

This is RAxML Worker Pthread Number: 5

This is RAxML Worker Pthread Number: 4


This is RAxML version 8.2.12 released by Alexandros Stamatakis on May 2018.

With greatly appreciated code contributions by:
Andre Aberer      (HITS)
Simon Berger      (HITS)
Alexey Kozlov     (HITS)
Kassian Kobert    (HITS)
David Dao         (KIT and HITS)
Sarah Lutteropp   (KIT and HITS)
Nick Pattengale   (Sandia)
Wayne Pfeiffer    (SDSC)
Akifumi S. Tanabe (NRIFS)
Charlie Taylor    (UF)


Alignment has 185 distinct alignment patterns

Proportion of gaps and completely undetermined characters in this alignment: 6.16%

RAxML rapid bootstrapping and subsequent ML search

Using 1 distinct models/data partitions with joint branch length optimization



Executing 100 rapid bootstrap inferences and thereafter a thorough ML search 

All free model parameters will be estimated by RAxML
GAMMA model of rate heterogeneity, ML estimate of alpha-parameter

GAMMA Model parameters will be estimated up to an accuracy of 0.1000000000 Log Likelihood units

Partition: 0
Alignment Patterns: 185
Name: No Name Provided
DataType: AA
Substitution Matrix: RTREV
Using empirical base frequencies




RAxML was called as follows:

raxml -f a -T 6 -m PROTGAMMARTREVF -p 12345 -x 12345 -# 100 -s ALICUT_EOG091G0OWI.clustalo.aln.fasta -n EOG091G0OWI.clustalo.aln.ALICUT.RTREVF 



Time for BS model parameter optimization 0.024304
Bootstrap[0]: Time 0.435934 seconds, bootstrap likelihood -3345.048503, best rearrangement setting 13
Bootstrap[1]: Time 0.358432 seconds, bootstrap likelihood -3420.558781, best rearrangement setting 13
Bootstrap[2]: Time 0.389994 seconds, bootstrap likelihood -3495.921319, best rearrangement setting 12
Bootstrap[3]: Time 0.379551 seconds, bootstrap likelihood -3375.626909, best rearrangement setting 15
Bootstrap[4]: Time 0.375139 seconds, bootstrap likelihood -3707.384445, best rearrangement setting 10
Bootstrap[5]: Time 0.353473 seconds, bootstrap likelihood -3387.522259, best rearrangement setting 10
Bootstrap[6]: Time 0.394372 seconds, bootstrap likelihood -3518.419294, best rearrangement setting 6
Bootstrap[7]: Time 0.355671 seconds, bootstrap likelihood -3312.906120, best rearrangement setting 14
Bootstrap[8]: Time 0.368283 seconds, bootstrap likelihood -3479.581924, best rearrangement setting 5
Bootstrap[9]: Time 0.401877 seconds, bootstrap likelihood -3729.382394, best rearrangement setting 7
Bootstrap[10]: Time 0.370524 seconds, bootstrap likelihood -3523.210015, best rearrangement setting 7
Bootstrap[11]: Time 0.370816 seconds, bootstrap likelihood -3604.801242, best rearrangement setting 5
Bootstrap[12]: Time 0.396252 seconds, bootstrap likelihood -3460.590328, best rearrangement setting 8
Bootstrap[13]: Time 0.363511 seconds, bootstrap likelihood -3584.651754, best rearrangement setting 7
Bootstrap[14]: Time 0.377285 seconds, bootstrap likelihood -3455.226111, best rearrangement setting 12
Bootstrap[15]: Time 0.372537 seconds, bootstrap likelihood -3365.084951, best rearrangement setting 15
Bootstrap[16]: Time 0.370174 seconds, bootstrap likelihood -3759.920755, best rearrangement setting 12
Bootstrap[17]: Time 0.395250 seconds, bootstrap likelihood -3490.002437, best rearrangement setting 12
Bootstrap[18]: Time 0.371870 seconds, bootstrap likelihood -3377.856653, best rearrangement setting 5
Bootstrap[19]: Time 0.362630 seconds, bootstrap likelihood -3349.474504, best rearrangement setting 8
Bootstrap[20]: Time 0.385607 seconds, bootstrap likelihood -3610.240545, best rearrangement setting 10
Bootstrap[21]: Time 0.401137 seconds, bootstrap likelihood -3564.344130, best rearrangement setting 6
Bootstrap[22]: Time 0.400594 seconds, bootstrap likelihood -3531.494869, best rearrangement setting 5
Bootstrap[23]: Time 0.401126 seconds, bootstrap likelihood -3443.148541, best rearrangement setting 7
Bootstrap[24]: Time 0.199928 seconds, bootstrap likelihood -3601.485080, best rearrangement setting 8
Bootstrap[25]: Time 0.354845 seconds, bootstrap likelihood -3162.555747, best rearrangement setting 6
Bootstrap[26]: Time 0.377598 seconds, bootstrap likelihood -3505.479307, best rearrangement setting 12
Bootstrap[27]: Time 0.410090 seconds, bootstrap likelihood -3555.722381, best rearrangement setting 10
Bootstrap[28]: Time 0.352369 seconds, bootstrap likelihood -3404.437940, best rearrangement setting 11
Bootstrap[29]: Time 0.373634 seconds, bootstrap likelihood -3357.617752, best rearrangement setting 12
Bootstrap[30]: Time 0.323598 seconds, bootstrap likelihood -3379.781146, best rearrangement setting 15
Bootstrap[31]: Time 0.362930 seconds, bootstrap likelihood -3365.226727, best rearrangement setting 15
Bootstrap[32]: Time 0.382274 seconds, bootstrap likelihood -3375.080602, best rearrangement setting 6
Bootstrap[33]: Time 0.398458 seconds, bootstrap likelihood -3488.292876, best rearrangement setting 15
Bootstrap[34]: Time 0.380769 seconds, bootstrap likelihood -3406.032221, best rearrangement setting 11
Bootstrap[35]: Time 0.398604 seconds, bootstrap likelihood -3302.900410, best rearrangement setting 8
Bootstrap[36]: Time 0.390315 seconds, bootstrap likelihood -3566.274045, best rearrangement setting 9
Bootstrap[37]: Time 0.364422 seconds, bootstrap likelihood -3383.709449, best rearrangement setting 11
Bootstrap[38]: Time 0.359542 seconds, bootstrap likelihood -3456.479446, best rearrangement setting 8
Bootstrap[39]: Time 0.360013 seconds, bootstrap likelihood -3149.737480, best rearrangement setting 13
Bootstrap[40]: Time 0.379915 seconds, bootstrap likelihood -3537.377616, best rearrangement setting 13
Bootstrap[41]: Time 0.357120 seconds, bootstrap likelihood -3603.273818, best rearrangement setting 10
Bootstrap[42]: Time 0.392470 seconds, bootstrap likelihood -3510.556006, best rearrangement setting 5
Bootstrap[43]: Time 0.335691 seconds, bootstrap likelihood -3302.285778, best rearrangement setting 14
Bootstrap[44]: Time 0.357631 seconds, bootstrap likelihood -3354.749723, best rearrangement setting 10
Bootstrap[45]: Time 0.355283 seconds, bootstrap likelihood -3579.408296, best rearrangement setting 15
Bootstrap[46]: Time 0.384576 seconds, bootstrap likelihood -3437.731218, best rearrangement setting 14
Bootstrap[47]: Time 0.389700 seconds, bootstrap likelihood -3407.086368, best rearrangement setting 8
Bootstrap[48]: Time 0.392628 seconds, bootstrap likelihood -3471.916746, best rearrangement setting 6
Bootstrap[49]: Time 0.360833 seconds, bootstrap likelihood -3472.691534, best rearrangement setting 7
Bootstrap[50]: Time 0.405255 seconds, bootstrap likelihood -3549.061451, best rearrangement setting 7
Bootstrap[51]: Time 0.373235 seconds, bootstrap likelihood -3354.327901, best rearrangement setting 11
Bootstrap[52]: Time 0.381229 seconds, bootstrap likelihood -3480.855060, best rearrangement setting 12
Bootstrap[53]: Time 0.361027 seconds, bootstrap likelihood -3437.629963, best rearrangement setting 8
Bootstrap[54]: Time 0.378197 seconds, bootstrap likelihood -3530.372201, best rearrangement setting 9
Bootstrap[55]: Time 0.389954 seconds, bootstrap likelihood -3494.436173, best rearrangement setting 11
Bootstrap[56]: Time 0.399829 seconds, bootstrap likelihood -3486.446955, best rearrangement setting 5
Bootstrap[57]: Time 0.372115 seconds, bootstrap likelihood -3440.599909, best rearrangement setting 7
Bootstrap[58]: Time 0.331049 seconds, bootstrap likelihood -3461.719760, best rearrangement setting 10
Bootstrap[59]: Time 0.368294 seconds, bootstrap likelihood -3682.211676, best rearrangement setting 9
Bootstrap[60]: Time 0.373991 seconds, bootstrap likelihood -3430.960939, best rearrangement setting 7
Bootstrap[61]: Time 0.350034 seconds, bootstrap likelihood -3622.741287, best rearrangement setting 5
Bootstrap[62]: Time 0.364001 seconds, bootstrap likelihood -3468.244981, best rearrangement setting 11
Bootstrap[63]: Time 0.396603 seconds, bootstrap likelihood -3359.094806, best rearrangement setting 12
Bootstrap[64]: Time 0.412691 seconds, bootstrap likelihood -3250.361862, best rearrangement setting 7
Bootstrap[65]: Time 0.389819 seconds, bootstrap likelihood -3386.647618, best rearrangement setting 5
Bootstrap[66]: Time 0.392827 seconds, bootstrap likelihood -3326.242063, best rearrangement setting 5
Bootstrap[67]: Time 0.358281 seconds, bootstrap likelihood -3303.873039, best rearrangement setting 15
Bootstrap[68]: Time 0.398838 seconds, bootstrap likelihood -3451.429305, best rearrangement setting 11
Bootstrap[69]: Time 0.375457 seconds, bootstrap likelihood -3279.121250, best rearrangement setting 5
Bootstrap[70]: Time 0.386613 seconds, bootstrap likelihood -3385.987593, best rearrangement setting 8
Bootstrap[71]: Time 0.387550 seconds, bootstrap likelihood -3466.762561, best rearrangement setting 10
Bootstrap[72]: Time 0.387269 seconds, bootstrap likelihood -3442.279179, best rearrangement setting 11
Bootstrap[73]: Time 0.365175 seconds, bootstrap likelihood -3449.242614, best rearrangement setting 9
Bootstrap[74]: Time 0.387653 seconds, bootstrap likelihood -3267.742630, best rearrangement setting 5
Bootstrap[75]: Time 0.378020 seconds, bootstrap likelihood -3494.275751, best rearrangement setting 8
Bootstrap[76]: Time 0.412766 seconds, bootstrap likelihood -3350.338196, best rearrangement setting 9
Bootstrap[77]: Time 0.359152 seconds, bootstrap likelihood -3197.359119, best rearrangement setting 11
Bootstrap[78]: Time 0.351505 seconds, bootstrap likelihood -3352.506765, best rearrangement setting 15
Bootstrap[79]: Time 0.397250 seconds, bootstrap likelihood -3646.676797, best rearrangement setting 9
Bootstrap[80]: Time 0.371338 seconds, bootstrap likelihood -3565.173589, best rearrangement setting 15
Bootstrap[81]: Time 0.376008 seconds, bootstrap likelihood -3541.772818, best rearrangement setting 7
Bootstrap[82]: Time 0.354076 seconds, bootstrap likelihood -3584.259667, best rearrangement setting 6
Bootstrap[83]: Time 0.368740 seconds, bootstrap likelihood -3487.368037, best rearrangement setting 10
Bootstrap[84]: Time 0.379106 seconds, bootstrap likelihood -3639.959531, best rearrangement setting 11
Bootstrap[85]: Time 0.359385 seconds, bootstrap likelihood -3350.812777, best rearrangement setting 8
Bootstrap[86]: Time 0.390627 seconds, bootstrap likelihood -3290.777316, best rearrangement setting 7
Bootstrap[87]: Time 0.412652 seconds, bootstrap likelihood -3410.383821, best rearrangement setting 7
Bootstrap[88]: Time 0.412420 seconds, bootstrap likelihood -3394.859318, best rearrangement setting 12
Bootstrap[89]: Time 0.402373 seconds, bootstrap likelihood -3518.960289, best rearrangement setting 10
Bootstrap[90]: Time 0.378427 seconds, bootstrap likelihood -3400.441827, best rearrangement setting 8
Bootstrap[91]: Time 0.351748 seconds, bootstrap likelihood -3287.529159, best rearrangement setting 12
Bootstrap[92]: Time 0.366573 seconds, bootstrap likelihood -3464.656985, best rearrangement setting 13
Bootstrap[93]: Time 0.420447 seconds, bootstrap likelihood -3446.561820, best rearrangement setting 15
Bootstrap[94]: Time 0.365303 seconds, bootstrap likelihood -3520.132782, best rearrangement setting 5
Bootstrap[95]: Time 0.374399 seconds, bootstrap likelihood -3392.686817, best rearrangement setting 5
Bootstrap[96]: Time 0.388138 seconds, bootstrap likelihood -3554.995694, best rearrangement setting 13
Bootstrap[97]: Time 0.416132 seconds, bootstrap likelihood -3397.991819, best rearrangement setting 11
Bootstrap[98]: Time 0.389068 seconds, bootstrap likelihood -3423.769761, best rearrangement setting 6
Bootstrap[99]: Time 0.374653 seconds, bootstrap likelihood -3438.119031, best rearrangement setting 14


Overall Time for 100 Rapid Bootstraps 37.712894 seconds
Average Time per Rapid Bootstrap 0.377129 seconds

Starting ML Search ...

Fast ML optimization finished

Fast ML search Time: 27.379970 seconds

Slow ML Search 0 Likelihood: -3479.824999
Slow ML Search 1 Likelihood: -3479.824999
Slow ML Search 2 Likelihood: -3479.824999
Slow ML Search 3 Likelihood: -3479.824999
Slow ML Search 4 Likelihood: -3479.824999
Slow ML Search 5 Likelihood: -3479.824999
Slow ML Search 6 Likelihood: -3479.824999
Slow ML Search 7 Likelihood: -3479.824999
Slow ML Search 8 Likelihood: -3479.824999
Slow ML Search 9 Likelihood: -3479.824999
Slow ML optimization finished

Slow ML search Time: 8.003978 seconds
Thorough ML search Time: 0.638798 seconds

Final ML Optimization Likelihood: -3479.825000

Model Information:

Model Parameters of Partition 0, Name: No Name Provided, Type of Data: AA
alpha: 1.499460
Tree-Length: 5.816623
rate A <-> R: 0.324427
rate A <-> N: 0.486641
rate A <-> D: 0.095420
rate A <-> C: 4.188931
rate A <-> Q: 0.305344
rate A <-> E: 0.772901
rate A <-> G: 1.288168
rate A <-> H: 0.286260
rate A <-> I: 0.009542
rate A <-> L: 0.429389
rate A <-> K: 0.362595
rate A <-> M: 2.242366
rate A <-> F: 0.009542
rate A <-> P: 0.925573
rate A <-> S: 4.389313
rate A <-> T: 2.461832
rate A <-> W: 0.047710
rate A <-> Y: 0.524809
rate A <-> V: 1.879771
rate R <-> N: 0.333969
rate R <-> D: 0.286260
rate R <-> C: 0.877863
rate R <-> Q: 2.108779
rate R <-> E: 0.095420
rate R <-> G: 0.391221
rate R <-> H: 0.858779
rate R <-> I: 0.229008
rate R <-> L: 0.171756
rate R <-> K: 5.658397
rate R <-> M: 0.543893
rate R <-> F: 0.066794
rate R <-> P: 0.229008
rate R <-> S: 0.973282
rate R <-> T: 0.610687
rate R <-> W: 0.124046
rate R <-> Y: 0.448473
rate R <-> V: 0.276718
rate N <-> D: 3.664122
rate N <-> C: 1.221374
rate N <-> Q: 2.251908
rate N <-> E: 0.753817
rate N <-> G: 0.896947
rate N <-> H: 3.053435
rate N <-> I: 0.333969
rate N <-> L: 0.143130
rate N <-> K: 1.173664
rate N <-> M: 0.009542
rate N <-> F: 0.467557
rate N <-> P: 0.314885
rate N <-> S: 2.805344
rate N <-> T: 1.412214
rate N <-> W: 0.152672
rate N <-> Y: 0.267176
rate N <-> V: 0.200382
rate D <-> C: 0.009542
rate D <-> Q: 0.744275
rate D <-> E: 5.171756
rate D <-> G: 0.582061
rate D <-> H: 0.868321
rate D <-> I: 0.009542
rate D <-> L: 0.047710
rate D <-> K: 0.190840
rate D <-> M: 0.009542
rate D <-> F: 0.009542
rate D <-> P: 0.524809
rate D <-> S: 1.297710
rate D <-> T: 0.524809
rate D <-> W: 0.009542
rate D <-> Y: 0.009542
rate D <-> V: 0.057252
rate C <-> Q: 0.667939
rate C <-> E: 0.009542
rate C <-> G: 0.458015
rate C <-> H: 1.183206
rate C <-> I: 0.992366
rate C <-> L: 1.049618
rate C <-> K: 0.152672
rate C <-> M: 1.488550
rate C <-> F: 0.667939
rate C <-> P: 0.009542
rate C <-> S: 0.715649
rate C <-> T: 1.116412
rate C <-> W: 0.524809
rate C <-> Y: 1.250000
rate C <-> V: 2.814885
rate Q <-> E: 3.549618
rate Q <-> G: 0.171756
rate Q <-> H: 3.692748
rate Q <-> I: 0.314885
rate Q <-> L: 0.515267
rate Q <-> K: 2.948473
rate Q <-> M: 1.507634
rate Q <-> F: 0.009542
rate Q <-> P: 0.648855
rate Q <-> S: 2.146947
rate Q <-> T: 1.393130
rate Q <-> W: 0.095420
rate Q <-> Y: 0.429389
rate Q <-> V: 0.343511
rate E <-> G: 0.667939
rate E <-> H: 0.324427
rate E <-> I: 0.009542
rate E <-> L: 0.200382
rate E <-> K: 1.345420
rate E <-> M: 0.009542
rate E <-> F: 0.009542
rate E <-> P: 0.496183
rate E <-> S: 0.906489
rate E <-> T: 0.782443
rate E <-> W: 0.162214
rate E <-> Y: 0.009542
rate E <-> V: 0.333969
rate G <-> H: 0.648855
rate G <-> I: 0.009542
rate G <-> L: 0.028626
rate G <-> K: 0.286260
rate G <-> M: 0.353053
rate G <-> F: 0.066794
rate G <-> P: 0.162214
rate G <-> S: 1.450382
rate G <-> T: 0.066794
rate G <-> W: 0.219466
rate G <-> Y: 0.200382
rate G <-> V: 0.028626
rate H <-> I: 0.324427
rate H <-> L: 0.486641
rate H <-> K: 0.725191
rate H <-> M: 1.106870
rate H <-> F: 1.345420
rate H <-> P: 0.419847
rate H <-> S: 1.746183
rate H <-> T: 0.467557
rate H <-> W: 0.458015
rate H <-> Y: 2.929389
rate H <-> V: 0.009542
rate I <-> L: 3.673664
rate I <-> K: 0.324427
rate I <-> M: 3.578244
rate I <-> F: 0.610687
rate I <-> P: 0.095420
rate I <-> S: 0.038168
rate I <-> T: 0.687023
rate I <-> W: 0.372137
rate I <-> Y: 0.248092
rate I <-> V: 10.000000
rate L <-> K: 0.219466
rate L <-> M: 5.543893
rate L <-> F: 1.708015
rate L <-> P: 0.209924
rate L <-> S: 0.229008
rate L <-> T: 0.238550
rate L <-> W: 0.448473
rate L <-> Y: 0.610687
rate L <-> V: 1.068702
rate K <-> M: 1.278626
rate K <-> F: 0.133588
rate K <-> P: 0.410305
rate K <-> S: 0.734733
rate K <-> T: 1.049618
rate K <-> W: 0.057252
rate K <-> Y: 0.009542
rate K <-> V: 0.181298
rate M <-> F: 2.356870
rate M <-> P: 0.009542
rate M <-> S: 0.009542
rate M <-> T: 1.250000
rate M <-> W: 1.059160
rate M <-> Y: 0.706107
rate M <-> V: 2.251908
rate F <-> P: 0.104962
rate F <-> S: 0.190840
rate F <-> T: 0.658397
rate F <-> W: 1.736641
rate F <-> Y: 9.704198
rate F <-> V: 0.877863
rate P <-> S: 1.278626
rate P <-> T: 0.591603
rate P <-> W: 0.085878
rate P <-> Y: 0.133588
rate P <-> V: 0.238550
rate S <-> T: 6.402672
rate S <-> W: 0.133588
rate S <-> Y: 0.295802
rate S <-> V: 0.372137
rate T <-> W: 0.009542
rate T <-> Y: 0.324427
rate T <-> V: 1.870229
rate W <-> Y: 1.679389
rate W <-> V: 0.248092
rate Y <-> V: 0.562977

freq pi(A): 0.055794
freq pi(R): 0.052361
freq pi(N): 0.043777
freq pi(D): 0.041202
freq pi(C): 0.048927
freq pi(Q): 0.030043
freq pi(E): 0.062232
freq pi(G): 0.054077
freq pi(H): 0.027897
freq pi(I): 0.045494
freq pi(L): 0.096996
freq pi(K): 0.104292
freq pi(M): 0.017167
freq pi(F): 0.042060
freq pi(P): 0.047210
freq pi(S): 0.075107
freq pi(T): 0.046352
freq pi(W): 0.014592
freq pi(Y): 0.027039
freq pi(V): 0.067382


ML search took 36.048260 secs or 0.010013 hours

Combined Bootstrap and ML search took 73.761429 secs or 0.020489 hours

Drawing Bootstrap Support Values on best-scoring ML tree ...



Found 1 tree in File /in/RAxML_bestTree.EOG091G0OWI.clustalo.aln.ALICUT.RTREVF



Found 1 tree in File /in/RAxML_bestTree.EOG091G0OWI.clustalo.aln.ALICUT.RTREVF

Program execution info written to /in/RAxML_info.EOG091G0OWI.clustalo.aln.ALICUT.RTREVF
All 100 bootstrapped trees written to: /in/RAxML_bootstrap.EOG091G0OWI.clustalo.aln.ALICUT.RTREVF

Best-scoring ML tree written to: /in/RAxML_bestTree.EOG091G0OWI.clustalo.aln.ALICUT.RTREVF

Best-scoring ML tree with support values written to: /in/RAxML_bipartitions.EOG091G0OWI.clustalo.aln.ALICUT.RTREVF

Best-scoring ML tree with support values as branch labels written to: /in/RAxML_bipartitionsBranchLabels.EOG091G0OWI.clustalo.aln.ALICUT.RTREVF

Overall execution time for full ML analysis: 73.764119 secs or 0.020490 hours or 0.000854 days

