
	reading taxa from FASTA ...


	G.salaris            -> sites: 890   
	D.melanogaster       -> sites: 890   
	D.rerio              -> sites: 890   
	E.granulosus         -> sites: 890   
	C.intestinalis       -> sites: 890   
	M.lignano            -> sites: 890   
	R.norvegicus         -> sites: 890   
	H.microstoma         -> sites: 890   
	S.mansoni            -> sites: 890   
	H.robusta            -> sites: 890   
	C.sinensis           -> sites: 890   


	data type             : amino acid sequences

	input ...

	infile		: EOG091G053D.clustalo.aln.fasta
	random pairs	: 200000000000000000
	window size	: 6
	indels		: ambiguous
	tree file	: -
	node level	: -
	strict profile	: -
	outgroup	: -
	matrix          : BLOSUM62

	number of taxa        : 11
	random number of pairs: 200000000000000000

	generates threshhold value for amino acid data
	using BLOSUM62

	checks for (potential) identical taxa


	scores site patterns ...


	max number of different pairs is 55
	max random pairs are scored!

	pair: 1      ->	taxon1: G.salaris 	taxon2: D.melanoga
	            	positions below base line: 641
	pair: 2      ->	taxon1: G.salaris 	taxon2: D.rerio   
	            	positions below base line: 620
	pair: 3      ->	taxon1: G.salaris 	taxon2: E.granulos
	            	positions below base line: 735
	pair: 4      ->	taxon1: G.salaris 	taxon2: C.intestin
	            	positions below base line: 640
	pair: 5      ->	taxon1: G.salaris 	taxon2: M.lignano 
	            	positions below base line: 822
	pair: 6      ->	taxon1: G.salaris 	taxon2: R.norvegic
	            	positions below base line: 616
	pair: 7      ->	taxon1: G.salaris 	taxon2: H.microsto
	            	positions below base line: 699
	pair: 8      ->	taxon1: G.salaris 	taxon2: S.mansoni 
	            	positions below base line: 579
	pair: 9      ->	taxon1: G.salaris 	taxon2: H.robusta 
	            	positions below base line: 629
	pair: 10     ->	taxon1: G.salaris 	taxon2: C.sinensis
	            	positions below base line: 641
	pair: 11     ->	taxon1: D.melanoga	taxon2: D.rerio   
	            	positions below base line: 438
	pair: 12     ->	taxon1: D.melanoga	taxon2: E.granulos
	            	positions below base line: 722
	pair: 13     ->	taxon1: D.melanoga	taxon2: C.intestin
	            	positions below base line: 504
	pair: 14     ->	taxon1: D.melanoga	taxon2: M.lignano 
	            	positions below base line: 719
	pair: 15     ->	taxon1: D.melanoga	taxon2: R.norvegic
	            	positions below base line: 464
	pair: 16     ->	taxon1: D.melanoga	taxon2: H.microsto
	            	positions below base line: 692
	pair: 17     ->	taxon1: D.melanoga	taxon2: S.mansoni 
	            	positions below base line: 568
	pair: 18     ->	taxon1: D.melanoga	taxon2: H.robusta 
	            	positions below base line: 490
	pair: 19     ->	taxon1: D.melanoga	taxon2: C.sinensis
	            	positions below base line: 610
	pair: 20     ->	taxon1: D.rerio   	taxon2: E.granulos
	            	positions below base line: 741
	pair: 21     ->	taxon1: D.rerio   	taxon2: C.intestin
	            	positions below base line: 461
	pair: 22     ->	taxon1: D.rerio   	taxon2: M.lignano 
	            	positions below base line: 748
	pair: 23     ->	taxon1: D.rerio   	taxon2: R.norvegic
	            	positions below base line: 330
	pair: 24     ->	taxon1: D.rerio   	taxon2: H.microsto
	            	positions below base line: 716
	pair: 25     ->	taxon1: D.rerio   	taxon2: S.mansoni 
	            	positions below base line: 555
	pair: 26     ->	taxon1: D.rerio   	taxon2: H.robusta 
	            	positions below base line: 475
	pair: 27     ->	taxon1: D.rerio   	taxon2: C.sinensis
	            	positions below base line: 614
	pair: 28     ->	taxon1: E.granulos	taxon2: C.intestin
	            	positions below base line: 725
	pair: 29     ->	taxon1: E.granulos	taxon2: M.lignano 
	            	positions below base line: 823
	pair: 30     ->	taxon1: E.granulos	taxon2: R.norvegic
	            	positions below base line: 735
	pair: 31     ->	taxon1: E.granulos	taxon2: H.microsto
	            	positions below base line: 752
	pair: 32     ->	taxon1: E.granulos	taxon2: S.mansoni 
	            	positions below base line: 677
	pair: 33     ->	taxon1: E.granulos	taxon2: H.robusta 
	            	positions below base line: 726
	pair: 34     ->	taxon1: E.granulos	taxon2: C.sinensis
	            	positions below base line: 710
	pair: 35     ->	taxon1: C.intestin	taxon2: M.lignano 
	            	positions below base line: 751
	pair: 36     ->	taxon1: C.intestin	taxon2: R.norvegic
	            	positions below base line: 471
	pair: 37     ->	taxon1: C.intestin	taxon2: H.microsto
	            	positions below base line: 710
	pair: 38     ->	taxon1: C.intestin	taxon2: S.mansoni 
	            	positions below base line: 584
	pair: 39     ->	taxon1: C.intestin	taxon2: H.robusta 
	            	positions below base line: 496
	pair: 40     ->	taxon1: C.intestin	taxon2: C.sinensis
	            	positions below base line: 634
	pair: 41     ->	taxon1: M.lignano 	taxon2: R.norvegic
	            	positions below base line: 761
	pair: 42     ->	taxon1: M.lignano 	taxon2: H.microsto
	            	positions below base line: 833
	pair: 43     ->	taxon1: M.lignano 	taxon2: S.mansoni 
	            	positions below base line: 741
	pair: 44     ->	taxon1: M.lignano 	taxon2: H.robusta 
	            	positions below base line: 741
	pair: 45     ->	taxon1: M.lignano 	taxon2: C.sinensis
	            	positions below base line: 759
	pair: 46     ->	taxon1: R.norvegic	taxon2: H.microsto
	            	positions below base line: 723
	pair: 47     ->	taxon1: R.norvegic	taxon2: S.mansoni 
	            	positions below base line: 588
	pair: 48     ->	taxon1: R.norvegic	taxon2: H.robusta 
	            	positions below base line: 452
	pair: 49     ->	taxon1: R.norvegic	taxon2: C.sinensis
	            	positions below base line: 627
	pair: 50     ->	taxon1: H.microsto	taxon2: S.mansoni 
	            	positions below base line: 668
	pair: 51     ->	taxon1: H.microsto	taxon2: H.robusta 
	            	positions below base line: 698
	pair: 52     ->	taxon1: H.microsto	taxon2: C.sinensis
	            	positions below base line: 709
	pair: 53     ->	taxon1: S.mansoni 	taxon2: H.robusta 
	            	positions below base line: 572
	pair: 54     ->	taxon1: S.mansoni 	taxon2: C.sinensis
	            	positions below base line: 506
	pair: 55     ->	taxon1: H.robusta 	taxon2: C.sinensis
	            	positions below base line: 601

	generates quality profile from collected scores ...


	scoring done ...


	generates vector plot from collected scores ...


Argument "-" treated as 0 in increment (++) at /usr/bin/Aliscore.pl line 1213.
	Profile written to EOG091G053D.clustalo.aln.fasta_Profile_random.txt
	List   written to EOG091G053D.clustalo.aln.fasta_List_random.txt

	time used: 4.02 sec

