
	reading taxa from FASTA ...


	G.salaris            -> sites: 737   
	D.melanogaster       -> sites: 737   
	E.granulosus         -> sites: 737   
	O.viverrini          -> sites: 737   
	D.rerio              -> sites: 737   
	S.mansoni            -> sites: 737   
	H.microstoma         -> sites: 737   
	T.solium             -> sites: 737   
	G.turnbulli          -> sites: 737   
	E.nipponicum         -> sites: 737   
	C.elegans            -> sites: 737   
	R.norvegicus         -> sites: 737   
	S.mediterranea       -> sites: 737   
	P.xenopodis          -> sites: 737   
	C.sinensis           -> sites: 737   


	data type             : amino acid sequences

	input ...

	infile		: EOG091G0TNU.clustalo.aln.fasta
	random pairs	: 200000000000000000
	window size	: 6
	indels		: ambiguous
	tree file	: -
	node level	: -
	strict profile	: -
	outgroup	: -
	matrix          : BLOSUM62

	number of taxa        : 15
	random number of pairs: 200000000000000000

	generates threshhold value for amino acid data
	using BLOSUM62

	checks for (potential) identical taxa


	scores site patterns ...


	max number of different pairs is 105
	max random pairs are scored!

	pair: 1      ->	taxon1: G.salaris 	taxon2: D.melanoga
	            	positions below base line: 645
	pair: 2      ->	taxon1: G.salaris 	taxon2: E.granulos
	            	positions below base line: 644
	pair: 3      ->	taxon1: G.salaris 	taxon2: O.viverrin
	            	positions below base line: 646
	pair: 4      ->	taxon1: G.salaris 	taxon2: D.rerio   
	            	positions below base line: 645
	pair: 5      ->	taxon1: G.salaris 	taxon2: S.mansoni 
	            	positions below base line: 644
	pair: 6      ->	taxon1: G.salaris 	taxon2: H.microsto
	            	positions below base line: 641
	pair: 7      ->	taxon1: G.salaris 	taxon2: T.solium  
	            	positions below base line: 645
	pair: 8      ->	taxon1: G.salaris 	taxon2: G.turnbull
	            	positions below base line: 643
	pair: 9      ->	taxon1: G.salaris 	taxon2: E.nipponic
	            	positions below base line: 642
	pair: 10     ->	taxon1: G.salaris 	taxon2: C.elegans 
	            	positions below base line: 638
	pair: 11     ->	taxon1: G.salaris 	taxon2: R.norvegic
	            	positions below base line: 645
	pair: 12     ->	taxon1: G.salaris 	taxon2: S.mediterr
	            	positions below base line: 641
	pair: 13     ->	taxon1: G.salaris 	taxon2: P.xenopodi
	            	positions below base line: 648
	pair: 14     ->	taxon1: G.salaris 	taxon2: C.sinensis
	            	positions below base line: 639
	pair: 15     ->	taxon1: D.melanoga	taxon2: E.granulos
	            	positions below base line: 645
	pair: 16     ->	taxon1: D.melanoga	taxon2: O.viverrin
	            	positions below base line: 644
	pair: 17     ->	taxon1: D.melanoga	taxon2: D.rerio   
	            	positions below base line: 602
	pair: 18     ->	taxon1: D.melanoga	taxon2: S.mansoni 
	            	positions below base line: 621
	pair: 19     ->	taxon1: D.melanoga	taxon2: H.microsto
	            	positions below base line: 643
	pair: 20     ->	taxon1: D.melanoga	taxon2: T.solium  
	            	positions below base line: 642
	pair: 21     ->	taxon1: D.melanoga	taxon2: G.turnbull
	            	positions below base line: 647
	pair: 22     ->	taxon1: D.melanoga	taxon2: E.nipponic
	            	positions below base line: 641
	pair: 23     ->	taxon1: D.melanoga	taxon2: C.elegans 
	            	positions below base line: 624
	pair: 24     ->	taxon1: D.melanoga	taxon2: R.norvegic
	            	positions below base line: 602
	pair: 25     ->	taxon1: D.melanoga	taxon2: S.mediterr
	            	positions below base line: 620
	pair: 26     ->	taxon1: D.melanoga	taxon2: P.xenopodi
	            	positions below base line: 631
	pair: 27     ->	taxon1: D.melanoga	taxon2: C.sinensis
	            	positions below base line: 638
	pair: 28     ->	taxon1: E.granulos	taxon2: O.viverrin
	            	positions below base line: 646
	pair: 29     ->	taxon1: E.granulos	taxon2: D.rerio   
	            	positions below base line: 645
	pair: 30     ->	taxon1: E.granulos	taxon2: S.mansoni 
	            	positions below base line: 644
	pair: 31     ->	taxon1: E.granulos	taxon2: H.microsto
	            	positions below base line: 646
	pair: 32     ->	taxon1: E.granulos	taxon2: T.solium  
	            	positions below base line: 624
	pair: 33     ->	taxon1: E.granulos	taxon2: G.turnbull
	            	positions below base line: 628
	pair: 34     ->	taxon1: E.granulos	taxon2: E.nipponic
	            	positions below base line: 629
	pair: 35     ->	taxon1: E.granulos	taxon2: C.elegans 
	            	positions below base line: 647
	pair: 36     ->	taxon1: E.granulos	taxon2: R.norvegic
	            	positions below base line: 645
	pair: 37     ->	taxon1: E.granulos	taxon2: S.mediterr
	            	positions below base line: 644
	pair: 38     ->	taxon1: E.granulos	taxon2: P.xenopodi
	            	positions below base line: 648
	pair: 39     ->	taxon1: E.granulos	taxon2: C.sinensis
	            	positions below base line: 646
	pair: 40     ->	taxon1: O.viverrin	taxon2: D.rerio   
	            	positions below base line: 644
	pair: 41     ->	taxon1: O.viverrin	taxon2: S.mansoni 
	            	positions below base line: 629
	pair: 42     ->	taxon1: O.viverrin	taxon2: H.microsto
	            	positions below base line: 646
	pair: 43     ->	taxon1: O.viverrin	taxon2: T.solium  
	            	positions below base line: 646
	pair: 44     ->	taxon1: O.viverrin	taxon2: G.turnbull
	            	positions below base line: 647
	pair: 45     ->	taxon1: O.viverrin	taxon2: E.nipponic
	            	positions below base line: 640
	pair: 46     ->	taxon1: O.viverrin	taxon2: C.elegans 
	            	positions below base line: 646
	pair: 47     ->	taxon1: O.viverrin	taxon2: R.norvegic
	            	positions below base line: 644
	pair: 48     ->	taxon1: O.viverrin	taxon2: S.mediterr
	            	positions below base line: 646
	pair: 49     ->	taxon1: O.viverrin	taxon2: P.xenopodi
	            	positions below base line: 649
	pair: 50     ->	taxon1: O.viverrin	taxon2: C.sinensis
	            	positions below base line: 631
	pair: 51     ->	taxon1: D.rerio   	taxon2: S.mansoni 
	            	positions below base line: 617
	pair: 52     ->	taxon1: D.rerio   	taxon2: H.microsto
	            	positions below base line: 642
	pair: 53     ->	taxon1: D.rerio   	taxon2: T.solium  
	            	positions below base line: 641
	pair: 54     ->	taxon1: D.rerio   	taxon2: G.turnbull
	            	positions below base line: 646
	pair: 55     ->	taxon1: D.rerio   	taxon2: E.nipponic
	            	positions below base line: 637
	pair: 56     ->	taxon1: D.rerio   	taxon2: C.elegans 
	            	positions below base line: 616
	pair: 57     ->	taxon1: D.rerio   	taxon2: R.norvegic
	            	positions below base line: 585
	pair: 58     ->	taxon1: D.rerio   	taxon2: S.mediterr
	            	positions below base line: 619
	pair: 59     ->	taxon1: D.rerio   	taxon2: P.xenopodi
	            	positions below base line: 631
	pair: 60     ->	taxon1: D.rerio   	taxon2: C.sinensis
	            	positions below base line: 635
	pair: 61     ->	taxon1: S.mansoni 	taxon2: H.microsto
	            	positions below base line: 645
	pair: 62     ->	taxon1: S.mansoni 	taxon2: T.solium  
	            	positions below base line: 644
	pair: 63     ->	taxon1: S.mansoni 	taxon2: G.turnbull
	            	positions below base line: 644
	pair: 64     ->	taxon1: S.mansoni 	taxon2: E.nipponic
	            	positions below base line: 636
	pair: 65     ->	taxon1: S.mansoni 	taxon2: C.elegans 
	            	positions below base line: 639
	pair: 66     ->	taxon1: S.mansoni 	taxon2: R.norvegic
	            	positions below base line: 617
	pair: 67     ->	taxon1: S.mansoni 	taxon2: S.mediterr
	            	positions below base line: 638
	pair: 68     ->	taxon1: S.mansoni 	taxon2: P.xenopodi
	            	positions below base line: 643
	pair: 69     ->	taxon1: S.mansoni 	taxon2: C.sinensis
	            	positions below base line: 641
	pair: 70     ->	taxon1: H.microsto	taxon2: T.solium  
	            	positions below base line: 642
	pair: 71     ->	taxon1: H.microsto	taxon2: G.turnbull
	            	positions below base line: 647
	pair: 72     ->	taxon1: H.microsto	taxon2: E.nipponic
	            	positions below base line: 635
	pair: 73     ->	taxon1: H.microsto	taxon2: C.elegans 
	            	positions below base line: 643
	pair: 74     ->	taxon1: H.microsto	taxon2: R.norvegic
	            	positions below base line: 642
	pair: 75     ->	taxon1: H.microsto	taxon2: S.mediterr
	            	positions below base line: 644
	pair: 76     ->	taxon1: H.microsto	taxon2: P.xenopodi
	            	positions below base line: 644
	pair: 77     ->	taxon1: H.microsto	taxon2: C.sinensis
	            	positions below base line: 646
	pair: 78     ->	taxon1: T.solium  	taxon2: G.turnbull
	            	positions below base line: 623
	pair: 79     ->	taxon1: T.solium  	taxon2: E.nipponic
	            	positions below base line: 622
	pair: 80     ->	taxon1: T.solium  	taxon2: C.elegans 
	            	positions below base line: 642
	pair: 81     ->	taxon1: T.solium  	taxon2: R.norvegic
	            	positions below base line: 641
	pair: 82     ->	taxon1: T.solium  	taxon2: S.mediterr
	            	positions below base line: 641
	pair: 83     ->	taxon1: T.solium  	taxon2: P.xenopodi
	            	positions below base line: 644
	pair: 84     ->	taxon1: T.solium  	taxon2: C.sinensis
	            	positions below base line: 646
	pair: 85     ->	taxon1: G.turnbull	taxon2: E.nipponic
	            	positions below base line: 640
	pair: 86     ->	taxon1: G.turnbull	taxon2: C.elegans 
	            	positions below base line: 646
	pair: 87     ->	taxon1: G.turnbull	taxon2: R.norvegic
	            	positions below base line: 646
	pair: 88     ->	taxon1: G.turnbull	taxon2: S.mediterr
	            	positions below base line: 644
	pair: 89     ->	taxon1: G.turnbull	taxon2: P.xenopodi
	            	positions below base line: 640
	pair: 90     ->	taxon1: G.turnbull	taxon2: C.sinensis
	            	positions below base line: 645
	pair: 91     ->	taxon1: E.nipponic	taxon2: C.elegans 
	            	positions below base line: 644
	pair: 92     ->	taxon1: E.nipponic	taxon2: R.norvegic
	            	positions below base line: 637
	pair: 93     ->	taxon1: E.nipponic	taxon2: S.mediterr
	            	positions below base line: 644
	pair: 94     ->	taxon1: E.nipponic	taxon2: P.xenopodi
	            	positions below base line: 637
	pair: 95     ->	taxon1: E.nipponic	taxon2: C.sinensis
	            	positions below base line: 640
	pair: 96     ->	taxon1: C.elegans 	taxon2: R.norvegic
	            	positions below base line: 618
	pair: 97     ->	taxon1: C.elegans 	taxon2: S.mediterr
	            	positions below base line: 626
	pair: 98     ->	taxon1: C.elegans 	taxon2: P.xenopodi
	            	positions below base line: 632
	pair: 99     ->	taxon1: C.elegans 	taxon2: C.sinensis
	            	positions below base line: 646
	pair: 100    ->	taxon1: R.norvegic	taxon2: S.mediterr
	            	positions below base line: 617
	pair: 101    ->	taxon1: R.norvegic	taxon2: P.xenopodi
	            	positions below base line: 630
	pair: 102    ->	taxon1: R.norvegic	taxon2: C.sinensis
	            	positions below base line: 634
	pair: 103    ->	taxon1: S.mediterr	taxon2: P.xenopodi
	            	positions below base line: 633
	pair: 104    ->	taxon1: S.mediterr	taxon2: C.sinensis
	            	positions below base line: 646
	pair: 105    ->	taxon1: P.xenopodi	taxon2: C.sinensis
	            	positions below base line: 641

	generates quality profile from collected scores ...


	scoring done ...


	generates vector plot from collected scores ...


Argument "-" treated as 0 in increment (++) at /usr/bin/Aliscore.pl line 1213.
	Profile written to EOG091G0TNU.clustalo.aln.fasta_Profile_random.txt
	List   written to EOG091G0TNU.clustalo.aln.fasta_List_random.txt

	time used: 3.94 sec

