--2018-12-15 01:41:36--  http://www.orthodb.org/fasta?query=EOG091G01IW&level=33208
Resolving www.orthodb.org (www.orthodb.org)... 142.93.108.123, 2a03:b0c0:3:e0::1b:1
Connecting to www.orthodb.org (www.orthodb.org)|142.93.108.123|:80... connected.
HTTP request sent, awaiting response... 301 Moved Permanently
Location: https://www.orthodb.org/fasta?query=EOG091G01IW&level=33208 [following]
--2018-12-15 01:41:36--  https://www.orthodb.org/fasta?query=EOG091G01IW&level=33208
Connecting to www.orthodb.org (www.orthodb.org)|142.93.108.123|:443... connected.
HTTP request sent, awaiting response... 200 OK
Length: 551142 (538K) [text/plain]
Saving to: ‘EOG091G01IW/EOG091G01IW.orthodb.fasta’

     0K .......... .......... .......... .......... ..........  9% 1,29M 0s
    50K .......... .......... .......... .......... .......... 18% 2,30M 0s
   100K .......... .......... .......... .......... .......... 27% 2,38M 0s
   150K .......... .......... .......... .......... .......... 37% 2,32M 0s
   200K .......... .......... .......... .......... .......... 46% 2,12M 0s
   250K .......... .......... .......... .......... .......... 55% 2,75M 0s
   300K .......... .......... .......... .......... .......... 65% 3,20M 0s
   350K .......... .......... .......... .......... .......... 74% 2,40M 0s
   400K .......... .......... .......... .......... .......... 83% 7,66M 0s
   450K .......... .......... .......... .......... .......... 92% 2,13M 0s
   500K .......... .......... .......... ........             100% 32,9M=0,2s

2018-12-15 01:41:37 (2,53 MB/s) - ‘EOG091G01IW/EOG091G01IW.orthodb.fasta’ saved [551142/551142]

