
	reading taxa from FASTA ...


	D.rerio              -> sites: 1146  
	E.granulosus         -> sites: 1146  
	C.sinensis           -> sites: 1146  
	T.solium             -> sites: 1146  
	S.mediterranea       -> sites: 1146  
	D.melanogaster       -> sites: 1146  
	G.salaris            -> sites: 1146  
	C.intestinalis       -> sites: 1146  
	P.xenopodis          -> sites: 1146  
	H.robusta            -> sites: 1146  
	R.norvegicus         -> sites: 1146  
	H.microstoma         -> sites: 1146  
	L.gigantea           -> sites: 1146  
	G.turnbulli          -> sites: 1146  
	S.mansoni            -> sites: 1146  


	data type             : amino acid sequences

	input ...

	infile		: EOG091G0D0W.clustalo.aln.fasta
	random pairs	: 200000000000000000
	window size	: 6
	indels		: ambiguous
	tree file	: -
	node level	: -
	strict profile	: -
	outgroup	: -
	matrix          : BLOSUM62

	number of taxa        : 15
	random number of pairs: 200000000000000000

	generates threshhold value for amino acid data
	using BLOSUM62

	checks for (potential) identical taxa


	scores site patterns ...


	max number of different pairs is 105
	max random pairs are scored!

	pair: 1      ->	taxon1: D.rerio   	taxon2: E.granulos
	            	positions below base line: 921
	pair: 2      ->	taxon1: D.rerio   	taxon2: C.sinensis
	            	positions below base line: 861
	pair: 3      ->	taxon1: D.rerio   	taxon2: T.solium  
	            	positions below base line: 922
	pair: 4      ->	taxon1: D.rerio   	taxon2: S.mediterr
	            	positions below base line: 879
	pair: 5      ->	taxon1: D.rerio   	taxon2: D.melanoga
	            	positions below base line: 784
	pair: 6      ->	taxon1: D.rerio   	taxon2: G.salaris 
	            	positions below base line: 964
	pair: 7      ->	taxon1: D.rerio   	taxon2: C.intestin
	            	positions below base line: 775
	pair: 8      ->	taxon1: D.rerio   	taxon2: P.xenopodi
	            	positions below base line: 1023
	pair: 9      ->	taxon1: D.rerio   	taxon2: H.robusta 
	            	positions below base line: 1011
	pair: 10     ->	taxon1: D.rerio   	taxon2: R.norvegic
	            	positions below base line: 643
	pair: 11     ->	taxon1: D.rerio   	taxon2: H.microsto
	            	positions below base line: 853
	pair: 12     ->	taxon1: D.rerio   	taxon2: L.gigantea
	            	positions below base line: 887
	pair: 13     ->	taxon1: D.rerio   	taxon2: G.turnbull
	            	positions below base line: 880
	pair: 14     ->	taxon1: D.rerio   	taxon2: S.mansoni 
	            	positions below base line: 857
	pair: 15     ->	taxon1: E.granulos	taxon2: C.sinensis
	            	positions below base line: 884
	pair: 16     ->	taxon1: E.granulos	taxon2: T.solium  
	            	positions below base line: 516
	pair: 17     ->	taxon1: E.granulos	taxon2: S.mediterr
	            	positions below base line: 940
	pair: 18     ->	taxon1: E.granulos	taxon2: D.melanoga
	            	positions below base line: 879
	pair: 19     ->	taxon1: E.granulos	taxon2: G.salaris 
	            	positions below base line: 941
	pair: 20     ->	taxon1: E.granulos	taxon2: C.intestin
	            	positions below base line: 889
	pair: 21     ->	taxon1: E.granulos	taxon2: P.xenopodi
	            	positions below base line: 1025
	pair: 22     ->	taxon1: E.granulos	taxon2: H.robusta 
	            	positions below base line: 1044
	pair: 23     ->	taxon1: E.granulos	taxon2: R.norvegic
	            	positions below base line: 919
	pair: 24     ->	taxon1: E.granulos	taxon2: H.microsto
	            	positions below base line: 722
	pair: 25     ->	taxon1: E.granulos	taxon2: L.gigantea
	            	positions below base line: 971
	pair: 26     ->	taxon1: E.granulos	taxon2: G.turnbull
	            	positions below base line: 897
	pair: 27     ->	taxon1: E.granulos	taxon2: S.mansoni 
	            	positions below base line: 869
	pair: 28     ->	taxon1: C.sinensis	taxon2: T.solium  
	            	positions below base line: 901
	pair: 29     ->	taxon1: C.sinensis	taxon2: S.mediterr
	            	positions below base line: 951
	pair: 30     ->	taxon1: C.sinensis	taxon2: D.melanoga
	            	positions below base line: 795
	pair: 31     ->	taxon1: C.sinensis	taxon2: G.salaris 
	            	positions below base line: 920
	pair: 32     ->	taxon1: C.sinensis	taxon2: C.intestin
	            	positions below base line: 832
	pair: 33     ->	taxon1: C.sinensis	taxon2: P.xenopodi
	            	positions below base line: 1014
	pair: 34     ->	taxon1: C.sinensis	taxon2: H.robusta 
	            	positions below base line: 1032
	pair: 35     ->	taxon1: C.sinensis	taxon2: R.norvegic
	            	positions below base line: 863
	pair: 36     ->	taxon1: C.sinensis	taxon2: H.microsto
	            	positions below base line: 825
	pair: 37     ->	taxon1: C.sinensis	taxon2: L.gigantea
	            	positions below base line: 933
	pair: 38     ->	taxon1: C.sinensis	taxon2: G.turnbull
	            	positions below base line: 834
	pair: 39     ->	taxon1: C.sinensis	taxon2: S.mansoni 
	            	positions below base line: 764
	pair: 40     ->	taxon1: T.solium  	taxon2: S.mediterr
	            	positions below base line: 949
	pair: 41     ->	taxon1: T.solium  	taxon2: D.melanoga
	            	positions below base line: 919
	pair: 42     ->	taxon1: T.solium  	taxon2: G.salaris 
	            	positions below base line: 936
	pair: 43     ->	taxon1: T.solium  	taxon2: C.intestin
	            	positions below base line: 908
	pair: 44     ->	taxon1: T.solium  	taxon2: P.xenopodi
	            	positions below base line: 1027
	pair: 45     ->	taxon1: T.solium  	taxon2: H.robusta 
	            	positions below base line: 1047
	pair: 46     ->	taxon1: T.solium  	taxon2: R.norvegic
	            	positions below base line: 930
	pair: 47     ->	taxon1: T.solium  	taxon2: H.microsto
	            	positions below base line: 776
	pair: 48     ->	taxon1: T.solium  	taxon2: L.gigantea
	            	positions below base line: 987
	pair: 49     ->	taxon1: T.solium  	taxon2: G.turnbull
	            	positions below base line: 897
	pair: 50     ->	taxon1: T.solium  	taxon2: S.mansoni 
	            	positions below base line: 880
	pair: 51     ->	taxon1: S.mediterr	taxon2: D.melanoga
	            	positions below base line: 910
	pair: 52     ->	taxon1: S.mediterr	taxon2: G.salaris 
	            	positions below base line: 955
	pair: 53     ->	taxon1: S.mediterr	taxon2: C.intestin
	            	positions below base line: 891
	pair: 54     ->	taxon1: S.mediterr	taxon2: P.xenopodi
	            	positions below base line: 1023
	pair: 55     ->	taxon1: S.mediterr	taxon2: H.robusta 
	            	positions below base line: 1025
	pair: 56     ->	taxon1: S.mediterr	taxon2: R.norvegic
	            	positions below base line: 915
	pair: 57     ->	taxon1: S.mediterr	taxon2: H.microsto
	            	positions below base line: 930
	pair: 58     ->	taxon1: S.mediterr	taxon2: L.gigantea
	            	positions below base line: 1018
	pair: 59     ->	taxon1: S.mediterr	taxon2: G.turnbull
	            	positions below base line: 941
	pair: 60     ->	taxon1: S.mediterr	taxon2: S.mansoni 
	            	positions below base line: 934
	pair: 61     ->	taxon1: D.melanoga	taxon2: G.salaris 
	            	positions below base line: 944
	pair: 62     ->	taxon1: D.melanoga	taxon2: C.intestin
	            	positions below base line: 750
	pair: 63     ->	taxon1: D.melanoga	taxon2: P.xenopodi
	            	positions below base line: 1011
	pair: 64     ->	taxon1: D.melanoga	taxon2: H.robusta 
	            	positions below base line: 1008
	pair: 65     ->	taxon1: D.melanoga	taxon2: R.norvegic
	            	positions below base line: 762
	pair: 66     ->	taxon1: D.melanoga	taxon2: H.microsto
	            	positions below base line: 843
	pair: 67     ->	taxon1: D.melanoga	taxon2: L.gigantea
	            	positions below base line: 891
	pair: 68     ->	taxon1: D.melanoga	taxon2: G.turnbull
	            	positions below base line: 856
	pair: 69     ->	taxon1: D.melanoga	taxon2: S.mansoni 
	            	positions below base line: 825
	pair: 70     ->	taxon1: G.salaris 	taxon2: C.intestin
	            	positions below base line: 927
	pair: 71     ->	taxon1: G.salaris 	taxon2: P.xenopodi
	            	positions below base line: 1023
	pair: 72     ->	taxon1: G.salaris 	taxon2: H.robusta 
	            	positions below base line: 1031
	pair: 73     ->	taxon1: G.salaris 	taxon2: R.norvegic
	            	positions below base line: 961
	pair: 74     ->	taxon1: G.salaris 	taxon2: H.microsto
	            	positions below base line: 921
	pair: 75     ->	taxon1: G.salaris 	taxon2: L.gigantea
	            	positions below base line: 1024
	pair: 76     ->	taxon1: G.salaris 	taxon2: G.turnbull
	            	positions below base line: 739
	pair: 77     ->	taxon1: G.salaris 	taxon2: S.mansoni 
	            	positions below base line: 924
	pair: 78     ->	taxon1: C.intestin	taxon2: P.xenopodi
	            	positions below base line: 1027
	pair: 79     ->	taxon1: C.intestin	taxon2: H.robusta 
	            	positions below base line: 1014
	pair: 80     ->	taxon1: C.intestin	taxon2: R.norvegic
	            	positions below base line: 761
	pair: 81     ->	taxon1: C.intestin	taxon2: H.microsto
	            	positions below base line: 816
	pair: 82     ->	taxon1: C.intestin	taxon2: L.gigantea
	            	positions below base line: 903
	pair: 83     ->	taxon1: C.intestin	taxon2: G.turnbull
	            	positions below base line: 848
	pair: 84     ->	taxon1: C.intestin	taxon2: S.mansoni 
	            	positions below base line: 803
	pair: 85     ->	taxon1: P.xenopodi	taxon2: H.robusta 
	            	positions below base line: 1055
	pair: 86     ->	taxon1: P.xenopodi	taxon2: R.norvegic
	            	positions below base line: 1027
	pair: 87     ->	taxon1: P.xenopodi	taxon2: H.microsto
	            	positions below base line: 1008
	pair: 88     ->	taxon1: P.xenopodi	taxon2: L.gigantea
	            	positions below base line: 1042
	pair: 89     ->	taxon1: P.xenopodi	taxon2: G.turnbull
	            	positions below base line: 1030
	pair: 90     ->	taxon1: P.xenopodi	taxon2: S.mansoni 
	            	positions below base line: 1014
	pair: 91     ->	taxon1: H.robusta 	taxon2: R.norvegic
	            	positions below base line: 1007
	pair: 92     ->	taxon1: H.robusta 	taxon2: H.microsto
	            	positions below base line: 1033
	pair: 93     ->	taxon1: H.robusta 	taxon2: L.gigantea
	            	positions below base line: 1025
	pair: 94     ->	taxon1: H.robusta 	taxon2: G.turnbull
	            	positions below base line: 1030
	pair: 95     ->	taxon1: H.robusta 	taxon2: S.mansoni 
	            	positions below base line: 1032
	pair: 96     ->	taxon1: R.norvegic	taxon2: H.microsto
	            	positions below base line: 867
	pair: 97     ->	taxon1: R.norvegic	taxon2: L.gigantea
	            	positions below base line: 891
	pair: 98     ->	taxon1: R.norvegic	taxon2: G.turnbull
	            	positions below base line: 874
	pair: 99     ->	taxon1: R.norvegic	taxon2: S.mansoni 
	            	positions below base line: 855
	pair: 100    ->	taxon1: H.microsto	taxon2: L.gigantea
	            	positions below base line: 938
	pair: 101    ->	taxon1: H.microsto	taxon2: G.turnbull
	            	positions below base line: 818
	pair: 102    ->	taxon1: H.microsto	taxon2: S.mansoni 
	            	positions below base line: 808
	pair: 103    ->	taxon1: L.gigantea	taxon2: G.turnbull
	            	positions below base line: 960
	pair: 104    ->	taxon1: L.gigantea	taxon2: S.mansoni 
	            	positions below base line: 940
	pair: 105    ->	taxon1: G.turnbull	taxon2: S.mansoni 
	            	positions below base line: 821

	generates quality profile from collected scores ...


	scoring done ...


	generates vector plot from collected scores ...


Argument "-" treated as 0 in increment (++) at /usr/bin/Aliscore.pl line 1213.
	Profile written to EOG091G0D0W.clustalo.aln.fasta_Profile_random.txt
	List   written to EOG091G0D0W.clustalo.aln.fasta_List_random.txt

	time used: 4.16 sec

