
	reading taxa from FASTA ...


	O.viverrini          -> sites: 609   
	C.intestinalis       -> sites: 609   
	L.gigantea           -> sites: 609   
	S.mediterranea       -> sites: 609   
	G.turnbulli          -> sites: 609   
	D.melanogaster       -> sites: 609   
	S.mansoni            -> sites: 609   
	G.salaris            -> sites: 609   
	C.sinensis           -> sites: 609   
	D.rerio              -> sites: 609   
	R.norvegicus         -> sites: 609   
	H.robusta            -> sites: 609   


	data type             : amino acid sequences

	input ...

	infile		: EOG091G0H62.clustalo.aln.fasta
	random pairs	: 200000000000000000
	window size	: 6
	indels		: ambiguous
	tree file	: -
	node level	: -
	strict profile	: -
	outgroup	: -
	matrix          : BLOSUM62

	number of taxa        : 12
	random number of pairs: 200000000000000000

	generates threshhold value for amino acid data
	using BLOSUM62

	checks for (potential) identical taxa


	scores site patterns ...


	max number of different pairs is 66
	max random pairs are scored!

	pair: 1      ->	taxon1: O.viverrin	taxon2: C.intestin
	            	positions below base line: 403
	pair: 2      ->	taxon1: O.viverrin	taxon2: L.gigantea
	            	positions below base line: 424
	pair: 3      ->	taxon1: O.viverrin	taxon2: S.mediterr
	            	positions below base line: 422
	pair: 4      ->	taxon1: O.viverrin	taxon2: G.turnbull
	            	positions below base line: 376
	pair: 5      ->	taxon1: O.viverrin	taxon2: D.melanoga
	            	positions below base line: 397
	pair: 6      ->	taxon1: O.viverrin	taxon2: S.mansoni 
	            	positions below base line: 414
	pair: 7      ->	taxon1: O.viverrin	taxon2: G.salaris 
	            	positions below base line: 376
	pair: 8      ->	taxon1: O.viverrin	taxon2: C.sinensis
	            	positions below base line: 399
	pair: 9      ->	taxon1: O.viverrin	taxon2: D.rerio   
	            	positions below base line: 395
	pair: 10     ->	taxon1: O.viverrin	taxon2: R.norvegic
	            	positions below base line: 397
	pair: 11     ->	taxon1: O.viverrin	taxon2: H.robusta 
	            	positions below base line: 408
	pair: 12     ->	taxon1: C.intestin	taxon2: L.gigantea
	            	positions below base line: 424
	pair: 13     ->	taxon1: C.intestin	taxon2: S.mediterr
	            	positions below base line: 428
	pair: 14     ->	taxon1: C.intestin	taxon2: G.turnbull
	            	positions below base line: 376
	pair: 15     ->	taxon1: C.intestin	taxon2: D.melanoga
	            	positions below base line: 376
	pair: 16     ->	taxon1: C.intestin	taxon2: S.mansoni 
	            	positions below base line: 456
	pair: 17     ->	taxon1: C.intestin	taxon2: G.salaris 
	            	positions below base line: 402
	pair: 18     ->	taxon1: C.intestin	taxon2: C.sinensis
	            	positions below base line: 425
	pair: 19     ->	taxon1: C.intestin	taxon2: D.rerio   
	            	positions below base line: 336
	pair: 20     ->	taxon1: C.intestin	taxon2: R.norvegic
	            	positions below base line: 349
	pair: 21     ->	taxon1: C.intestin	taxon2: H.robusta 
	            	positions below base line: 404
	pair: 22     ->	taxon1: L.gigantea	taxon2: S.mediterr
	            	positions below base line: 429
	pair: 23     ->	taxon1: L.gigantea	taxon2: G.turnbull
	            	positions below base line: 432
	pair: 24     ->	taxon1: L.gigantea	taxon2: D.melanoga
	            	positions below base line: 413
	pair: 25     ->	taxon1: L.gigantea	taxon2: S.mansoni 
	            	positions below base line: 447
	pair: 26     ->	taxon1: L.gigantea	taxon2: G.salaris 
	            	positions below base line: 425
	pair: 27     ->	taxon1: L.gigantea	taxon2: C.sinensis
	            	positions below base line: 465
	pair: 28     ->	taxon1: L.gigantea	taxon2: D.rerio   
	            	positions below base line: 409
	pair: 29     ->	taxon1: L.gigantea	taxon2: R.norvegic
	            	positions below base line: 402
	pair: 30     ->	taxon1: L.gigantea	taxon2: H.robusta 
	            	positions below base line: 410
	pair: 31     ->	taxon1: S.mediterr	taxon2: G.turnbull
	            	positions below base line: 396
	pair: 32     ->	taxon1: S.mediterr	taxon2: D.melanoga
	            	positions below base line: 413
	pair: 33     ->	taxon1: S.mediterr	taxon2: S.mansoni 
	            	positions below base line: 428
	pair: 34     ->	taxon1: S.mediterr	taxon2: G.salaris 
	            	positions below base line: 402
	pair: 35     ->	taxon1: S.mediterr	taxon2: C.sinensis
	            	positions below base line: 460
	pair: 36     ->	taxon1: S.mediterr	taxon2: D.rerio   
	            	positions below base line: 410
	pair: 37     ->	taxon1: S.mediterr	taxon2: R.norvegic
	            	positions below base line: 405
	pair: 38     ->	taxon1: S.mediterr	taxon2: H.robusta 
	            	positions below base line: 416
	pair: 39     ->	taxon1: G.turnbull	taxon2: D.melanoga
	            	positions below base line: 377
	pair: 40     ->	taxon1: G.turnbull	taxon2: S.mansoni 
	            	positions below base line: 402
	pair: 41     ->	taxon1: G.turnbull	taxon2: G.salaris 
	            	positions below base line: 284
	pair: 42     ->	taxon1: G.turnbull	taxon2: C.sinensis
	            	positions below base line: 393
	pair: 43     ->	taxon1: G.turnbull	taxon2: D.rerio   
	            	positions below base line: 362
	pair: 44     ->	taxon1: G.turnbull	taxon2: R.norvegic
	            	positions below base line: 365
	pair: 45     ->	taxon1: G.turnbull	taxon2: H.robusta 
	            	positions below base line: 403
	pair: 46     ->	taxon1: D.melanoga	taxon2: S.mansoni 
	            	positions below base line: 428
	pair: 47     ->	taxon1: D.melanoga	taxon2: G.salaris 
	            	positions below base line: 399
	pair: 48     ->	taxon1: D.melanoga	taxon2: C.sinensis
	            	positions below base line: 439
	pair: 49     ->	taxon1: D.melanoga	taxon2: D.rerio   
	            	positions below base line: 362
	pair: 50     ->	taxon1: D.melanoga	taxon2: R.norvegic
	            	positions below base line: 353
	pair: 51     ->	taxon1: D.melanoga	taxon2: H.robusta 
	            	positions below base line: 396
	pair: 52     ->	taxon1: S.mansoni 	taxon2: G.salaris 
	            	positions below base line: 412
	pair: 53     ->	taxon1: S.mansoni 	taxon2: C.sinensis
	            	positions below base line: 444
	pair: 54     ->	taxon1: S.mansoni 	taxon2: D.rerio   
	            	positions below base line: 428
	pair: 55     ->	taxon1: S.mansoni 	taxon2: R.norvegic
	            	positions below base line: 421
	pair: 56     ->	taxon1: S.mansoni 	taxon2: H.robusta 
	            	positions below base line: 432
	pair: 57     ->	taxon1: G.salaris 	taxon2: C.sinensis
	            	positions below base line: 425
	pair: 58     ->	taxon1: G.salaris 	taxon2: D.rerio   
	            	positions below base line: 380
	pair: 59     ->	taxon1: G.salaris 	taxon2: R.norvegic
	            	positions below base line: 380
	pair: 60     ->	taxon1: G.salaris 	taxon2: H.robusta 
	            	positions below base line: 397
	pair: 61     ->	taxon1: C.sinensis	taxon2: D.rerio   
	            	positions below base line: 451
	pair: 62     ->	taxon1: C.sinensis	taxon2: R.norvegic
	            	positions below base line: 451
	pair: 63     ->	taxon1: C.sinensis	taxon2: H.robusta 
	            	positions below base line: 455
	pair: 64     ->	taxon1: D.rerio   	taxon2: R.norvegic
	            	positions below base line: 259
	pair: 65     ->	taxon1: D.rerio   	taxon2: H.robusta 
	            	positions below base line: 377
	pair: 66     ->	taxon1: R.norvegic	taxon2: H.robusta 
	            	positions below base line: 380

	generates quality profile from collected scores ...


	scoring done ...


	generates vector plot from collected scores ...


Argument "-" treated as 0 in increment (++) at /usr/bin/Aliscore.pl line 1213.
	Profile written to EOG091G0H62.clustalo.aln.fasta_Profile_random.txt
	List   written to EOG091G0H62.clustalo.aln.fasta_List_random.txt

	time used: 3.81 sec

