
WARNING: The number of threads is currently set to 1
You can specify the number of threads to run via -T numberOfThreads
NumberOfThreads must be set to an integer value greater than 1

RAxML, will now set the number of threads automatically to 2 !


RAxML can't, parse the alignment file as phylip file 
it will now try to parse it as FASTA file


This is the RAxML Master Pthread

This is RAxML Worker Pthread Number: 1


This is RAxML version 8.2.12 released by Alexandros Stamatakis on May 2018.

With greatly appreciated code contributions by:
Andre Aberer      (HITS)
Simon Berger      (HITS)
Alexey Kozlov     (HITS)
Kassian Kobert    (HITS)
David Dao         (KIT and HITS)
Sarah Lutteropp   (KIT and HITS)
Nick Pattengale   (Sandia)
Wayne Pfeiffer    (SDSC)
Akifumi S. Tanabe (NRIFS)
Charlie Taylor    (UF)


Alignment has 183 distinct alignment patterns

Proportion of gaps and completely undetermined characters in this alignment: 2.39%

RAxML rapid bootstrapping and subsequent ML search

Using 1 distinct models/data partitions with joint branch length optimization



Executing 100 rapid bootstrap inferences and thereafter a thorough ML search 

All free model parameters will be estimated by RAxML
GAMMA model of rate heterogeneity, ML estimate of alpha-parameter

GAMMA Model parameters will be estimated up to an accuracy of 0.1000000000 Log Likelihood units

Partition: 0
Alignment Patterns: 183
Name: No Name Provided
DataType: AA
Substitution Matrix: LG
Using fixed base frequencies




RAxML was called as follows:

raxml -f a -T 1 -m PROTGAMMALG -p 12345 -x 12345 -# 100 -s ALICUT_EOG091G0E06.clustalo.aln.fasta -n EOG091G0E06.clustalo.aln.ALICUT.LG 



Time for BS model parameter optimization 0.035889
Bootstrap[0]: Time 0.655567 seconds, bootstrap likelihood -3170.968510, best rearrangement setting 13
Bootstrap[1]: Time 0.579723 seconds, bootstrap likelihood -3500.444486, best rearrangement setting 13
Bootstrap[2]: Time 0.363180 seconds, bootstrap likelihood -3440.775279, best rearrangement setting 12
Bootstrap[3]: Time 0.334482 seconds, bootstrap likelihood -3518.010449, best rearrangement setting 15
Bootstrap[4]: Time 0.159306 seconds, bootstrap likelihood -3607.809010, best rearrangement setting 10
Bootstrap[5]: Time 0.149796 seconds, bootstrap likelihood -3308.038285, best rearrangement setting 10
Bootstrap[6]: Time 0.182440 seconds, bootstrap likelihood -3262.109993, best rearrangement setting 6
Bootstrap[7]: Time 0.379442 seconds, bootstrap likelihood -3246.677466, best rearrangement setting 14
Bootstrap[8]: Time 0.334523 seconds, bootstrap likelihood -3546.995471, best rearrangement setting 5
Bootstrap[9]: Time 0.172653 seconds, bootstrap likelihood -3597.862013, best rearrangement setting 7
Bootstrap[10]: Time 0.167456 seconds, bootstrap likelihood -3227.313086, best rearrangement setting 7
Bootstrap[11]: Time 0.372130 seconds, bootstrap likelihood -3302.128101, best rearrangement setting 5
Bootstrap[12]: Time 0.350756 seconds, bootstrap likelihood -3361.959054, best rearrangement setting 8
Bootstrap[13]: Time 0.301836 seconds, bootstrap likelihood -3431.741787, best rearrangement setting 7
Bootstrap[14]: Time 0.310681 seconds, bootstrap likelihood -3261.249544, best rearrangement setting 12
Bootstrap[15]: Time 0.371556 seconds, bootstrap likelihood -3307.255647, best rearrangement setting 15
Bootstrap[16]: Time 0.311219 seconds, bootstrap likelihood -3267.134355, best rearrangement setting 12
Bootstrap[17]: Time 0.345986 seconds, bootstrap likelihood -3615.367502, best rearrangement setting 12
Bootstrap[18]: Time 0.310501 seconds, bootstrap likelihood -3258.375704, best rearrangement setting 5
Bootstrap[19]: Time 0.324635 seconds, bootstrap likelihood -3426.658252, best rearrangement setting 8
Bootstrap[20]: Time 0.341992 seconds, bootstrap likelihood -3261.193823, best rearrangement setting 10
Bootstrap[21]: Time 0.322993 seconds, bootstrap likelihood -3274.233922, best rearrangement setting 6
Bootstrap[22]: Time 0.320250 seconds, bootstrap likelihood -3416.968243, best rearrangement setting 5
Bootstrap[23]: Time 0.330465 seconds, bootstrap likelihood -3225.549431, best rearrangement setting 7
Bootstrap[24]: Time 0.160482 seconds, bootstrap likelihood -3108.340155, best rearrangement setting 8
Bootstrap[25]: Time 0.177271 seconds, bootstrap likelihood -3422.362913, best rearrangement setting 6
Bootstrap[26]: Time 0.159622 seconds, bootstrap likelihood -3407.605922, best rearrangement setting 12
Bootstrap[27]: Time 0.365474 seconds, bootstrap likelihood -3379.177876, best rearrangement setting 10
Bootstrap[28]: Time 0.350592 seconds, bootstrap likelihood -3180.212054, best rearrangement setting 11
Bootstrap[29]: Time 0.347668 seconds, bootstrap likelihood -3524.222526, best rearrangement setting 12
Bootstrap[30]: Time 0.328272 seconds, bootstrap likelihood -3154.994953, best rearrangement setting 15
Bootstrap[31]: Time 0.339252 seconds, bootstrap likelihood -3478.439279, best rearrangement setting 15
Bootstrap[32]: Time 0.419346 seconds, bootstrap likelihood -3494.892081, best rearrangement setting 6
Bootstrap[33]: Time 0.357970 seconds, bootstrap likelihood -3465.338637, best rearrangement setting 15
Bootstrap[34]: Time 0.347049 seconds, bootstrap likelihood -3245.867293, best rearrangement setting 11
Bootstrap[35]: Time 0.183219 seconds, bootstrap likelihood -3361.661303, best rearrangement setting 8
Bootstrap[36]: Time 0.367494 seconds, bootstrap likelihood -3313.354502, best rearrangement setting 9
Bootstrap[37]: Time 0.405580 seconds, bootstrap likelihood -3362.275231, best rearrangement setting 11
Bootstrap[38]: Time 0.372377 seconds, bootstrap likelihood -3331.595149, best rearrangement setting 8
Bootstrap[39]: Time 0.329229 seconds, bootstrap likelihood -3219.059104, best rearrangement setting 13
Bootstrap[40]: Time 0.167387 seconds, bootstrap likelihood -3387.330384, best rearrangement setting 13
Bootstrap[41]: Time 0.160848 seconds, bootstrap likelihood -3425.960050, best rearrangement setting 10
Bootstrap[42]: Time 0.179210 seconds, bootstrap likelihood -3559.535673, best rearrangement setting 5
Bootstrap[43]: Time 0.311769 seconds, bootstrap likelihood -3422.836995, best rearrangement setting 14
Bootstrap[44]: Time 0.365578 seconds, bootstrap likelihood -3507.111451, best rearrangement setting 10
Bootstrap[45]: Time 0.327891 seconds, bootstrap likelihood -3434.720776, best rearrangement setting 15
Bootstrap[46]: Time 0.344992 seconds, bootstrap likelihood -3239.254073, best rearrangement setting 14
Bootstrap[47]: Time 0.401906 seconds, bootstrap likelihood -3174.245682, best rearrangement setting 8
Bootstrap[48]: Time 0.349370 seconds, bootstrap likelihood -3391.210761, best rearrangement setting 6
Bootstrap[49]: Time 0.337185 seconds, bootstrap likelihood -3496.257128, best rearrangement setting 7
Bootstrap[50]: Time 0.174778 seconds, bootstrap likelihood -3599.172241, best rearrangement setting 7
Bootstrap[51]: Time 0.361468 seconds, bootstrap likelihood -3303.029589, best rearrangement setting 11
Bootstrap[52]: Time 0.531407 seconds, bootstrap likelihood -3342.082845, best rearrangement setting 12
Bootstrap[53]: Time 0.566551 seconds, bootstrap likelihood -3379.907524, best rearrangement setting 8
Bootstrap[54]: Time 0.274351 seconds, bootstrap likelihood -3472.276682, best rearrangement setting 9
Bootstrap[55]: Time 0.288315 seconds, bootstrap likelihood -3305.821836, best rearrangement setting 11
Bootstrap[56]: Time 0.582064 seconds, bootstrap likelihood -3355.564136, best rearrangement setting 5
Bootstrap[57]: Time 0.553383 seconds, bootstrap likelihood -3274.882943, best rearrangement setting 7
Bootstrap[58]: Time 0.586733 seconds, bootstrap likelihood -3461.131541, best rearrangement setting 10
Bootstrap[59]: Time 0.576609 seconds, bootstrap likelihood -3432.807356, best rearrangement setting 9
Bootstrap[60]: Time 0.504815 seconds, bootstrap likelihood -3314.170639, best rearrangement setting 7
Bootstrap[61]: Time 0.574819 seconds, bootstrap likelihood -3239.656141, best rearrangement setting 5
Bootstrap[62]: Time 0.570197 seconds, bootstrap likelihood -3261.574739, best rearrangement setting 11
Bootstrap[63]: Time 0.551792 seconds, bootstrap likelihood -3466.427919, best rearrangement setting 12
Bootstrap[64]: Time 0.555756 seconds, bootstrap likelihood -3175.375988, best rearrangement setting 7
Bootstrap[65]: Time 0.527209 seconds, bootstrap likelihood -3164.894012, best rearrangement setting 5
Bootstrap[66]: Time 0.273576 seconds, bootstrap likelihood -3426.670112, best rearrangement setting 5
Bootstrap[67]: Time 0.616909 seconds, bootstrap likelihood -3196.752118, best rearrangement setting 15
Bootstrap[68]: Time 0.548747 seconds, bootstrap likelihood -3360.024019, best rearrangement setting 11
Bootstrap[69]: Time 0.580047 seconds, bootstrap likelihood -3400.825486, best rearrangement setting 5
Bootstrap[70]: Time 0.576475 seconds, bootstrap likelihood -3621.901845, best rearrangement setting 8
Bootstrap[71]: Time 0.289412 seconds, bootstrap likelihood -3521.636338, best rearrangement setting 10
Bootstrap[72]: Time 0.265989 seconds, bootstrap likelihood -3344.006226, best rearrangement setting 11
Bootstrap[73]: Time 0.556420 seconds, bootstrap likelihood -3444.130462, best rearrangement setting 9
Bootstrap[74]: Time 0.285530 seconds, bootstrap likelihood -3300.736026, best rearrangement setting 5
Bootstrap[75]: Time 0.550597 seconds, bootstrap likelihood -3539.440419, best rearrangement setting 8
Bootstrap[76]: Time 0.589296 seconds, bootstrap likelihood -3475.849410, best rearrangement setting 9
Bootstrap[77]: Time 0.539892 seconds, bootstrap likelihood -3222.831541, best rearrangement setting 11
Bootstrap[78]: Time 0.574681 seconds, bootstrap likelihood -3354.141378, best rearrangement setting 15
Bootstrap[79]: Time 0.593528 seconds, bootstrap likelihood -3476.738585, best rearrangement setting 9
Bootstrap[80]: Time 0.566337 seconds, bootstrap likelihood -3329.169425, best rearrangement setting 15
Bootstrap[81]: Time 0.542426 seconds, bootstrap likelihood -3297.012806, best rearrangement setting 7
Bootstrap[82]: Time 0.605229 seconds, bootstrap likelihood -3477.191716, best rearrangement setting 6
Bootstrap[83]: Time 0.558867 seconds, bootstrap likelihood -3368.527333, best rearrangement setting 10
Bootstrap[84]: Time 0.589247 seconds, bootstrap likelihood -3619.225689, best rearrangement setting 11
Bootstrap[85]: Time 0.583862 seconds, bootstrap likelihood -3375.096537, best rearrangement setting 8
Bootstrap[86]: Time 0.571562 seconds, bootstrap likelihood -3430.546804, best rearrangement setting 7
Bootstrap[87]: Time 0.549646 seconds, bootstrap likelihood -3595.514940, best rearrangement setting 7
Bootstrap[88]: Time 0.549944 seconds, bootstrap likelihood -3466.632486, best rearrangement setting 12
Bootstrap[89]: Time 0.554481 seconds, bootstrap likelihood -3415.565408, best rearrangement setting 10
Bootstrap[90]: Time 0.287387 seconds, bootstrap likelihood -3299.929322, best rearrangement setting 8
Bootstrap[91]: Time 0.526357 seconds, bootstrap likelihood -3499.130024, best rearrangement setting 12
Bootstrap[92]: Time 0.551651 seconds, bootstrap likelihood -3405.008781, best rearrangement setting 13
Bootstrap[93]: Time 0.552866 seconds, bootstrap likelihood -3530.739011, best rearrangement setting 15
Bootstrap[94]: Time 0.563566 seconds, bootstrap likelihood -3265.549877, best rearrangement setting 5
Bootstrap[95]: Time 0.499951 seconds, bootstrap likelihood -3048.016097, best rearrangement setting 5
Bootstrap[96]: Time 0.574871 seconds, bootstrap likelihood -3292.397110, best rearrangement setting 13
Bootstrap[97]: Time 0.559351 seconds, bootstrap likelihood -3022.392020, best rearrangement setting 11
Bootstrap[98]: Time 0.587289 seconds, bootstrap likelihood -3577.201469, best rearrangement setting 6
Bootstrap[99]: Time 0.564473 seconds, bootstrap likelihood -3494.317839, best rearrangement setting 14


Overall Time for 100 Rapid Bootstraps 41.336000 seconds
Average Time per Rapid Bootstrap 0.413360 seconds

Starting ML Search ...

Fast ML optimization finished

Fast ML search Time: 30.824253 seconds

Slow ML Search 0 Likelihood: -3383.731039
Slow ML Search 1 Likelihood: -3383.731039
Slow ML Search 2 Likelihood: -3383.731039
Slow ML Search 3 Likelihood: -3383.731039
Slow ML Search 4 Likelihood: -3383.731039
Slow ML Search 5 Likelihood: -3383.731039
Slow ML Search 6 Likelihood: -3383.731039
Slow ML Search 7 Likelihood: -3383.731039
Slow ML Search 8 Likelihood: -3383.731039
Slow ML Search 9 Likelihood: -3383.731039
Slow ML optimization finished

Slow ML search Time: 5.211637 seconds
Thorough ML search Time: 0.454209 seconds

Final ML Optimization Likelihood: -3383.731039

Model Information:

Model Parameters of Partition 0, Name: No Name Provided, Type of Data: AA
alpha: 0.745212
Tree-Length: 4.663859
rate A <-> R: 0.399182
rate A <-> N: 0.259945
rate A <-> D: 0.371058
rate A <-> C: 2.337364
rate A <-> Q: 0.910775
rate A <-> E: 0.975241
rate A <-> G: 1.940106
rate A <-> H: 0.336984
rate A <-> I: 0.140697
rate A <-> L: 0.371240
rate A <-> K: 0.503815
rate A <-> M: 1.055520
rate A <-> F: 0.238237
rate A <-> P: 1.105868
rate A <-> S: 4.439041
rate A <-> T: 2.009090
rate A <-> W: 0.169702
rate A <-> Y: 0.205613
rate A <-> V: 2.392567
rate R <-> N: 0.706048
rate R <-> D: 0.116398
rate R <-> C: 0.501968
rate R <-> Q: 2.636754
rate R <-> E: 0.341785
rate R <-> G: 0.366408
rate R <-> H: 2.278690
rate R <-> I: 0.119250
rate R <-> L: 0.283449
rate R <-> K: 5.940467
rate R <-> M: 0.454623
rate R <-> F: 0.049508
rate R <-> P: 0.312264
rate R <-> S: 0.805843
rate R <-> T: 0.543695
rate R <-> W: 0.557424
rate R <-> Y: 0.295274
rate R <-> V: 0.160471
rate N <-> D: 4.766737
rate N <-> C: 0.496537
rate N <-> Q: 1.592389
rate N <-> E: 0.508692
rate N <-> G: 1.350015
rate N <-> H: 4.234381
rate N <-> I: 0.179830
rate N <-> L: 0.064256
rate N <-> K: 2.014327
rate N <-> M: 0.348390
rate N <-> F: 0.084068
rate N <-> P: 0.151925
rate N <-> S: 3.764032
rate N <-> T: 1.878729
rate N <-> W: 0.042610
rate N <-> Y: 0.574720
rate N <-> V: 0.078587
rate D <-> C: 0.058743
rate D <-> Q: 0.491483
rate D <-> E: 4.924234
rate D <-> G: 0.793424
rate D <-> H: 0.870603
rate D <-> I: 0.010038
rate D <-> L: 0.014157
rate D <-> K: 0.265711
rate D <-> M: 0.023991
rate D <-> F: 0.016354
rate D <-> P: 0.370412
rate D <-> S: 1.164675
rate D <-> T: 0.399902
rate D <-> W: 0.028068
rate D <-> Y: 0.126872
rate D <-> V: 0.035653
rate C <-> Q: 0.079639
rate C <-> E: 0.003286
rate C <-> G: 0.534566
rate C <-> H: 0.601499
rate C <-> I: 0.301083
rate C <-> L: 0.557800
rate C <-> K: 0.012457
rate C <-> M: 0.839207
rate C <-> F: 1.037881
rate C <-> P: 0.070787
rate C <-> S: 2.614753
rate C <-> T: 1.073780
rate C <-> W: 0.629281
rate C <-> Y: 1.094488
rate C <-> V: 1.839864
rate Q <-> E: 3.876936
rate Q <-> G: 0.251626
rate Q <-> H: 4.520102
rate Q <-> I: 0.068413
rate Q <-> L: 0.546954
rate Q <-> K: 3.037150
rate Q <-> M: 1.570619
rate Q <-> F: 0.033669
rate Q <-> P: 0.586241
rate Q <-> S: 1.149231
rate Q <-> T: 1.014297
rate Q <-> W: 0.221802
rate Q <-> Y: 0.241650
rate Q <-> V: 0.197511
rate E <-> G: 0.327583
rate E <-> H: 0.398044
rate E <-> I: 0.041567
rate E <-> L: 0.065426
rate E <-> K: 1.697022
rate E <-> M: 0.163145
rate E <-> F: 0.017664
rate E <-> P: 0.393844
rate E <-> S: 0.574671
rate E <-> T: 0.567695
rate E <-> W: 0.073107
rate E <-> Y: 0.112720
rate E <-> V: 0.230098
rate G <-> H: 0.292498
rate G <-> I: 0.008174
rate G <-> L: 0.041563
rate G <-> K: 0.278555
rate G <-> M: 0.131033
rate G <-> F: 0.084125
rate G <-> P: 0.184955
rate G <-> S: 1.633930
rate G <-> T: 0.121922
rate G <-> W: 0.252125
rate G <-> Y: 0.051346
rate G <-> V: 0.072026
rate H <-> I: 0.102245
rate H <-> L: 0.343988
rate H <-> K: 0.654763
rate H <-> M: 0.415502
rate H <-> F: 0.640560
rate H <-> P: 0.477834
rate H <-> S: 0.929667
rate H <-> T: 0.548649
rate H <-> W: 0.560661
rate H <-> Y: 4.983361
rate H <-> V: 0.111759
rate I <-> L: 3.892408
rate I <-> K: 0.149373
rate I <-> M: 4.013113
rate I <-> F: 1.044902
rate I <-> P: 0.073509
rate I <-> S: 0.060198
rate I <-> T: 0.970728
rate I <-> W: 0.104854
rate I <-> Y: 0.218350
rate I <-> V: 10.000000
rate L <-> K: 0.129119
rate L <-> M: 5.927594
rate L <-> F: 2.434657
rate L <-> P: 0.233879
rate L <-> S: 0.171176
rate L <-> T: 0.284471
rate L <-> W: 0.581863
rate L <-> Y: 0.281383
rate L <-> V: 1.598956
rate K <-> M: 0.616581
rate K <-> F: 0.022460
rate K <-> P: 0.366530
rate K <-> S: 0.703048
rate K <-> T: 1.067567
rate K <-> W: 0.046864
rate K <-> Y: 0.123890
rate K <-> V: 0.173913
rate M <-> F: 1.689205
rate M <-> P: 0.093763
rate M <-> S: 0.325811
rate M <-> T: 1.897216
rate M <-> W: 0.653740
rate M <-> Y: 0.451968
rate M <-> V: 1.782983
rate F <-> P: 0.088706
rate F <-> S: 0.339765
rate F <-> T: 0.154944
rate F <-> W: 2.307349
rate F <-> Y: 7.328222
rate F <-> V: 0.614777
rate P <-> S: 1.256567
rate P <-> T: 0.536635
rate P <-> W: 0.089332
rate P <-> Y: 0.084151
rate P <-> V: 0.278428
rate S <-> T: 6.077767
rate S <-> W: 0.233693
rate S <-> Y: 0.376132
rate S <-> V: 0.092373
rate T <-> W: 0.132241
rate T <-> Y: 0.230856
rate T <-> V: 2.054781
rate W <-> Y: 2.959699
rate W <-> V: 0.177959
rate Y <-> V: 0.234116

freq pi(A): 0.079066
freq pi(R): 0.055941
freq pi(N): 0.041977
freq pi(D): 0.053052
freq pi(C): 0.012937
freq pi(Q): 0.040767
freq pi(E): 0.071586
freq pi(G): 0.057337
freq pi(H): 0.022355
freq pi(I): 0.062157
freq pi(L): 0.099081
freq pi(K): 0.064600
freq pi(M): 0.022951
freq pi(F): 0.042302
freq pi(P): 0.044040
freq pi(S): 0.061197
freq pi(T): 0.053287
freq pi(W): 0.012066
freq pi(Y): 0.034155
freq pi(V): 0.069146


ML search took 36.514298 secs or 0.010143 hours

Combined Bootstrap and ML search took 77.850588 secs or 0.021625 hours

Drawing Bootstrap Support Values on best-scoring ML tree ...



Found 1 tree in File /in/RAxML_bestTree.EOG091G0E06.clustalo.aln.ALICUT.LG



Found 1 tree in File /in/RAxML_bestTree.EOG091G0E06.clustalo.aln.ALICUT.LG

Program execution info written to /in/RAxML_info.EOG091G0E06.clustalo.aln.ALICUT.LG
All 100 bootstrapped trees written to: /in/RAxML_bootstrap.EOG091G0E06.clustalo.aln.ALICUT.LG

Best-scoring ML tree written to: /in/RAxML_bestTree.EOG091G0E06.clustalo.aln.ALICUT.LG

Best-scoring ML tree with support values written to: /in/RAxML_bipartitions.EOG091G0E06.clustalo.aln.ALICUT.LG

Best-scoring ML tree with support values as branch labels written to: /in/RAxML_bipartitionsBranchLabels.EOG091G0E06.clustalo.aln.ALICUT.LG

Overall execution time for full ML analysis: 77.852406 secs or 0.021626 hours or 0.000901 days

