
	reading taxa from FASTA ...


	G.turnbulli          -> sites: 1141  
	R.norvegicus         -> sites: 1141  
	C.intestinalis       -> sites: 1141  
	G.salaris            -> sites: 1141  
	H.microstoma         -> sites: 1141  
	D.rerio              -> sites: 1141  
	S.mediterranea       -> sites: 1141  
	O.viverrini          -> sites: 1141  
	H.robusta            -> sites: 1141  
	C.sinensis           -> sites: 1141  
	D.melanogaster       -> sites: 1141  


	data type             : amino acid sequences

	input ...

	infile		: EOG091G08RU.clustalo.aln.fasta
	random pairs	: 200000000000000000
	window size	: 6
	indels		: ambiguous
	tree file	: -
	node level	: -
	strict profile	: -
	outgroup	: -
	matrix          : BLOSUM62

	number of taxa        : 11
	random number of pairs: 200000000000000000

	generates threshhold value for amino acid data
	using BLOSUM62

	checks for (potential) identical taxa


	scores site patterns ...


	max number of different pairs is 55
	max random pairs are scored!

	pair: 1      ->	taxon1: G.turnbull	taxon2: R.norvegic
	            	positions below base line: 876
	pair: 2      ->	taxon1: G.turnbull	taxon2: C.intestin
	            	positions below base line: 869
	pair: 3      ->	taxon1: G.turnbull	taxon2: G.salaris 
	            	positions below base line: 482
	pair: 4      ->	taxon1: G.turnbull	taxon2: H.microsto
	            	positions below base line: 892
	pair: 5      ->	taxon1: G.turnbull	taxon2: D.rerio   
	            	positions below base line: 873
	pair: 6      ->	taxon1: G.turnbull	taxon2: S.mediterr
	            	positions below base line: 879
	pair: 7      ->	taxon1: G.turnbull	taxon2: O.viverrin
	            	positions below base line: 874
	pair: 8      ->	taxon1: G.turnbull	taxon2: H.robusta 
	            	positions below base line: 862
	pair: 9      ->	taxon1: G.turnbull	taxon2: C.sinensis
	            	positions below base line: 855
	pair: 10     ->	taxon1: G.turnbull	taxon2: D.melanoga
	            	positions below base line: 869
	pair: 11     ->	taxon1: R.norvegic	taxon2: C.intestin
	            	positions below base line: 698
	pair: 12     ->	taxon1: R.norvegic	taxon2: G.salaris 
	            	positions below base line: 857
	pair: 13     ->	taxon1: R.norvegic	taxon2: H.microsto
	            	positions below base line: 823
	pair: 14     ->	taxon1: R.norvegic	taxon2: D.rerio   
	            	positions below base line: 668
	pair: 15     ->	taxon1: R.norvegic	taxon2: S.mediterr
	            	positions below base line: 803
	pair: 16     ->	taxon1: R.norvegic	taxon2: O.viverrin
	            	positions below base line: 760
	pair: 17     ->	taxon1: R.norvegic	taxon2: H.robusta 
	            	positions below base line: 759
	pair: 18     ->	taxon1: R.norvegic	taxon2: C.sinensis
	            	positions below base line: 747
	pair: 19     ->	taxon1: R.norvegic	taxon2: D.melanoga
	            	positions below base line: 731
	pair: 20     ->	taxon1: C.intestin	taxon2: G.salaris 
	            	positions below base line: 859
	pair: 21     ->	taxon1: C.intestin	taxon2: H.microsto
	            	positions below base line: 824
	pair: 22     ->	taxon1: C.intestin	taxon2: D.rerio   
	            	positions below base line: 703
	pair: 23     ->	taxon1: C.intestin	taxon2: S.mediterr
	            	positions below base line: 823
	pair: 24     ->	taxon1: C.intestin	taxon2: O.viverrin
	            	positions below base line: 769
	pair: 25     ->	taxon1: C.intestin	taxon2: H.robusta 
	            	positions below base line: 748
	pair: 26     ->	taxon1: C.intestin	taxon2: C.sinensis
	            	positions below base line: 751
	pair: 27     ->	taxon1: C.intestin	taxon2: D.melanoga
	            	positions below base line: 724
	pair: 28     ->	taxon1: G.salaris 	taxon2: H.microsto
	            	positions below base line: 882
	pair: 29     ->	taxon1: G.salaris 	taxon2: D.rerio   
	            	positions below base line: 856
	pair: 30     ->	taxon1: G.salaris 	taxon2: S.mediterr
	            	positions below base line: 871
	pair: 31     ->	taxon1: G.salaris 	taxon2: O.viverrin
	            	positions below base line: 863
	pair: 32     ->	taxon1: G.salaris 	taxon2: H.robusta 
	            	positions below base line: 859
	pair: 33     ->	taxon1: G.salaris 	taxon2: C.sinensis
	            	positions below base line: 860
	pair: 34     ->	taxon1: G.salaris 	taxon2: D.melanoga
	            	positions below base line: 862
	pair: 35     ->	taxon1: H.microsto	taxon2: D.rerio   
	            	positions below base line: 842
	pair: 36     ->	taxon1: H.microsto	taxon2: S.mediterr
	            	positions below base line: 881
	pair: 37     ->	taxon1: H.microsto	taxon2: O.viverrin
	            	positions below base line: 783
	pair: 38     ->	taxon1: H.microsto	taxon2: H.robusta 
	            	positions below base line: 861
	pair: 39     ->	taxon1: H.microsto	taxon2: C.sinensis
	            	positions below base line: 773
	pair: 40     ->	taxon1: H.microsto	taxon2: D.melanoga
	            	positions below base line: 822
	pair: 41     ->	taxon1: D.rerio   	taxon2: S.mediterr
	            	positions below base line: 834
	pair: 42     ->	taxon1: D.rerio   	taxon2: O.viverrin
	            	positions below base line: 748
	pair: 43     ->	taxon1: D.rerio   	taxon2: H.robusta 
	            	positions below base line: 771
	pair: 44     ->	taxon1: D.rerio   	taxon2: C.sinensis
	            	positions below base line: 740
	pair: 45     ->	taxon1: D.rerio   	taxon2: D.melanoga
	            	positions below base line: 736
	pair: 46     ->	taxon1: S.mediterr	taxon2: O.viverrin
	            	positions below base line: 825
	pair: 47     ->	taxon1: S.mediterr	taxon2: H.robusta 
	            	positions below base line: 830
	pair: 48     ->	taxon1: S.mediterr	taxon2: C.sinensis
	            	positions below base line: 813
	pair: 49     ->	taxon1: S.mediterr	taxon2: D.melanoga
	            	positions below base line: 793
	pair: 50     ->	taxon1: O.viverrin	taxon2: H.robusta 
	            	positions below base line: 795
	pair: 51     ->	taxon1: O.viverrin	taxon2: C.sinensis
	            	positions below base line: 673
	pair: 52     ->	taxon1: O.viverrin	taxon2: D.melanoga
	            	positions below base line: 770
	pair: 53     ->	taxon1: H.robusta 	taxon2: C.sinensis
	            	positions below base line: 773
	pair: 54     ->	taxon1: H.robusta 	taxon2: D.melanoga
	            	positions below base line: 761
	pair: 55     ->	taxon1: C.sinensis	taxon2: D.melanoga
	            	positions below base line: 757

	generates quality profile from collected scores ...


	scoring done ...


	generates vector plot from collected scores ...


Argument "-" treated as 0 in increment (++) at /usr/bin/Aliscore.pl line 1213.
	Profile written to EOG091G08RU.clustalo.aln.fasta_Profile_random.txt
	List   written to EOG091G08RU.clustalo.aln.fasta_List_random.txt

	time used: 4.03 sec

