
	reading taxa from FASTA ...


	G.turnbulli          -> sites: 1507  
	E.nipponicum         -> sites: 1507  
	S.mansoni            -> sites: 1507  
	O.viverrini          -> sites: 1507  
	P.xenopodis          -> sites: 1507  
	G.salaris            -> sites: 1507  
	C.intestinalis       -> sites: 1507  
	D.rerio              -> sites: 1507  
	R.norvegicus         -> sites: 1507  
	C.elegans            -> sites: 1507  
	T.solium             -> sites: 1507  
	D.melanogaster       -> sites: 1507  
	H.microstoma         -> sites: 1507  


	data type             : amino acid sequences

	input ...

	infile		: EOG091G027G.clustalo.aln.fasta
	random pairs	: 200000000000000000
	window size	: 6
	indels		: ambiguous
	tree file	: -
	node level	: -
	strict profile	: -
	outgroup	: -
	matrix          : BLOSUM62

	number of taxa        : 13
	random number of pairs: 200000000000000000

	generates threshhold value for amino acid data
	using BLOSUM62

	checks for (potential) identical taxa


	scores site patterns ...


	max number of different pairs is 78
	max random pairs are scored!

	pair: 1      ->	taxon1: G.turnbull	taxon2: E.nipponic
	            	positions below base line: 1139
	pair: 2      ->	taxon1: G.turnbull	taxon2: S.mansoni 
	            	positions below base line: 1164
	pair: 3      ->	taxon1: G.turnbull	taxon2: O.viverrin
	            	positions below base line: 1008
	pair: 4      ->	taxon1: G.turnbull	taxon2: P.xenopodi
	            	positions below base line: 1212
	pair: 5      ->	taxon1: G.turnbull	taxon2: G.salaris 
	            	positions below base line: 489
	pair: 6      ->	taxon1: G.turnbull	taxon2: C.intestin
	            	positions below base line: 884
	pair: 7      ->	taxon1: G.turnbull	taxon2: D.rerio   
	            	positions below base line: 861
	pair: 8      ->	taxon1: G.turnbull	taxon2: R.norvegic
	            	positions below base line: 883
	pair: 9      ->	taxon1: G.turnbull	taxon2: C.elegans 
	            	positions below base line: 884
	pair: 10     ->	taxon1: G.turnbull	taxon2: T.solium  
	            	positions below base line: 785
	pair: 11     ->	taxon1: G.turnbull	taxon2: D.melanoga
	            	positions below base line: 883
	pair: 12     ->	taxon1: G.turnbull	taxon2: H.microsto
	            	positions below base line: 851
	pair: 13     ->	taxon1: E.nipponic	taxon2: S.mansoni 
	            	positions below base line: 1338
	pair: 14     ->	taxon1: E.nipponic	taxon2: O.viverrin
	            	positions below base line: 1301
	pair: 15     ->	taxon1: E.nipponic	taxon2: P.xenopodi
	            	positions below base line: 1274
	pair: 16     ->	taxon1: E.nipponic	taxon2: G.salaris 
	            	positions below base line: 1149
	pair: 17     ->	taxon1: E.nipponic	taxon2: C.intestin
	            	positions below base line: 1203
	pair: 18     ->	taxon1: E.nipponic	taxon2: D.rerio   
	            	positions below base line: 1188
	pair: 19     ->	taxon1: E.nipponic	taxon2: R.norvegic
	            	positions below base line: 1185
	pair: 20     ->	taxon1: E.nipponic	taxon2: C.elegans 
	            	positions below base line: 1184
	pair: 21     ->	taxon1: E.nipponic	taxon2: T.solium  
	            	positions below base line: 1159
	pair: 22     ->	taxon1: E.nipponic	taxon2: D.melanoga
	            	positions below base line: 1191
	pair: 23     ->	taxon1: E.nipponic	taxon2: H.microsto
	            	positions below base line: 1178
	pair: 24     ->	taxon1: S.mansoni 	taxon2: O.viverrin
	            	positions below base line: 1065
	pair: 25     ->	taxon1: S.mansoni 	taxon2: P.xenopodi
	            	positions below base line: 1282
	pair: 26     ->	taxon1: S.mansoni 	taxon2: G.salaris 
	            	positions below base line: 1178
	pair: 27     ->	taxon1: S.mansoni 	taxon2: C.intestin
	            	positions below base line: 1178
	pair: 28     ->	taxon1: S.mansoni 	taxon2: D.rerio   
	            	positions below base line: 1150
	pair: 29     ->	taxon1: S.mansoni 	taxon2: R.norvegic
	            	positions below base line: 1144
	pair: 30     ->	taxon1: S.mansoni 	taxon2: C.elegans 
	            	positions below base line: 1176
	pair: 31     ->	taxon1: S.mansoni 	taxon2: T.solium  
	            	positions below base line: 1111
	pair: 32     ->	taxon1: S.mansoni 	taxon2: D.melanoga
	            	positions below base line: 1160
	pair: 33     ->	taxon1: S.mansoni 	taxon2: H.microsto
	            	positions below base line: 1180
	pair: 34     ->	taxon1: O.viverrin	taxon2: P.xenopodi
	            	positions below base line: 1306
	pair: 35     ->	taxon1: O.viverrin	taxon2: G.salaris 
	            	positions below base line: 1037
	pair: 36     ->	taxon1: O.viverrin	taxon2: C.intestin
	            	positions below base line: 1066
	pair: 37     ->	taxon1: O.viverrin	taxon2: D.rerio   
	            	positions below base line: 1036
	pair: 38     ->	taxon1: O.viverrin	taxon2: R.norvegic
	            	positions below base line: 1032
	pair: 39     ->	taxon1: O.viverrin	taxon2: C.elegans 
	            	positions below base line: 1074
	pair: 40     ->	taxon1: O.viverrin	taxon2: T.solium  
	            	positions below base line: 962
	pair: 41     ->	taxon1: O.viverrin	taxon2: D.melanoga
	            	positions below base line: 1035
	pair: 42     ->	taxon1: O.viverrin	taxon2: H.microsto
	            	positions below base line: 1066
	pair: 43     ->	taxon1: P.xenopodi	taxon2: G.salaris 
	            	positions below base line: 1232
	pair: 44     ->	taxon1: P.xenopodi	taxon2: C.intestin
	            	positions below base line: 1249
	pair: 45     ->	taxon1: P.xenopodi	taxon2: D.rerio   
	            	positions below base line: 1241
	pair: 46     ->	taxon1: P.xenopodi	taxon2: R.norvegic
	            	positions below base line: 1245
	pair: 47     ->	taxon1: P.xenopodi	taxon2: C.elegans 
	            	positions below base line: 1244
	pair: 48     ->	taxon1: P.xenopodi	taxon2: T.solium  
	            	positions below base line: 1202
	pair: 49     ->	taxon1: P.xenopodi	taxon2: D.melanoga
	            	positions below base line: 1248
	pair: 50     ->	taxon1: P.xenopodi	taxon2: H.microsto
	            	positions below base line: 1225
	pair: 51     ->	taxon1: G.salaris 	taxon2: C.intestin
	            	positions below base line: 859
	pair: 52     ->	taxon1: G.salaris 	taxon2: D.rerio   
	            	positions below base line: 862
	pair: 53     ->	taxon1: G.salaris 	taxon2: R.norvegic
	            	positions below base line: 876
	pair: 54     ->	taxon1: G.salaris 	taxon2: C.elegans 
	            	positions below base line: 905
	pair: 55     ->	taxon1: G.salaris 	taxon2: T.solium  
	            	positions below base line: 793
	pair: 56     ->	taxon1: G.salaris 	taxon2: D.melanoga
	            	positions below base line: 898
	pair: 57     ->	taxon1: G.salaris 	taxon2: H.microsto
	            	positions below base line: 874
	pair: 58     ->	taxon1: C.intestin	taxon2: D.rerio   
	            	positions below base line: 554
	pair: 59     ->	taxon1: C.intestin	taxon2: R.norvegic
	            	positions below base line: 564
	pair: 60     ->	taxon1: C.intestin	taxon2: C.elegans 
	            	positions below base line: 682
	pair: 61     ->	taxon1: C.intestin	taxon2: T.solium  
	            	positions below base line: 844
	pair: 62     ->	taxon1: C.intestin	taxon2: D.melanoga
	            	positions below base line: 617
	pair: 63     ->	taxon1: C.intestin	taxon2: H.microsto
	            	positions below base line: 907
	pair: 64     ->	taxon1: D.rerio   	taxon2: R.norvegic
	            	positions below base line: 463
	pair: 65     ->	taxon1: D.rerio   	taxon2: C.elegans 
	            	positions below base line: 627
	pair: 66     ->	taxon1: D.rerio   	taxon2: T.solium  
	            	positions below base line: 802
	pair: 67     ->	taxon1: D.rerio   	taxon2: D.melanoga
	            	positions below base line: 595
	pair: 68     ->	taxon1: D.rerio   	taxon2: H.microsto
	            	positions below base line: 904
	pair: 69     ->	taxon1: R.norvegic	taxon2: C.elegans 
	            	positions below base line: 650
	pair: 70     ->	taxon1: R.norvegic	taxon2: T.solium  
	            	positions below base line: 809
	pair: 71     ->	taxon1: R.norvegic	taxon2: D.melanoga
	            	positions below base line: 588
	pair: 72     ->	taxon1: R.norvegic	taxon2: H.microsto
	            	positions below base line: 898
	pair: 73     ->	taxon1: C.elegans 	taxon2: T.solium  
	            	positions below base line: 819
	pair: 74     ->	taxon1: C.elegans 	taxon2: D.melanoga
	            	positions below base line: 641
	pair: 75     ->	taxon1: C.elegans 	taxon2: H.microsto
	            	positions below base line: 890
	pair: 76     ->	taxon1: T.solium  	taxon2: D.melanoga
	            	positions below base line: 806
	pair: 77     ->	taxon1: T.solium  	taxon2: H.microsto
	            	positions below base line: 604
	pair: 78     ->	taxon1: D.melanoga	taxon2: H.microsto
	            	positions below base line: 899

	generates quality profile from collected scores ...


	scoring done ...


	generates vector plot from collected scores ...


Argument "-" treated as 0 in increment (++) at /usr/bin/Aliscore.pl line 1213.
	Profile written to EOG091G027G.clustalo.aln.fasta_Profile_random.txt
	List   written to EOG091G027G.clustalo.aln.fasta_List_random.txt

	time used: 4.19 sec

