--2018-12-11 12:54:07--  http://www.orthodb.org/fasta?query=EOG091G027G&level=33208
Resolving www.orthodb.org (www.orthodb.org)... 167.99.129.42, 2a03:b0c0:3:e0::1b:1
Connecting to www.orthodb.org (www.orthodb.org)|167.99.129.42|:80... connected.
HTTP request sent, awaiting response... 301 Moved Permanently
Location: https://www.orthodb.org/fasta?query=EOG091G027G&level=33208 [following]
--2018-12-11 12:54:07--  https://www.orthodb.org/fasta?query=EOG091G027G&level=33208
Connecting to www.orthodb.org (www.orthodb.org)|167.99.129.42|:443... connected.
HTTP request sent, awaiting response... 200 OK
Length: 472308 (461K) [text/plain]
Saving to: ‘EOG091G027G/EOG091G027G.orthodb.fasta’

     0K .......... .......... .......... .......... .......... 10% 1,31M 0s
    50K .......... .......... .......... .......... .......... 21% 2,21M 0s
   100K .......... .......... .......... .......... .......... 32% 2,31M 0s
   150K .......... .......... .......... .......... .......... 43% 2,29M 0s
   200K .......... .......... .......... .......... .......... 54% 2,45M 0s
   250K .......... .......... .......... .......... .......... 65% 1,77M 0s
   300K .......... .......... .......... .......... .......... 75% 3,07M 0s
   350K .......... .......... .......... .......... .......... 86% 3,08M 0s
   400K .......... .......... .......... .......... .......... 97% 4,94M 0s
   450K .......... .                                          100% 16,3M=0,2s

2018-12-11 12:54:08 (2,35 MB/s) - ‘EOG091G027G/EOG091G027G.orthodb.fasta’ saved [472308/472308]

