
	reading taxa from FASTA ...


	C.elegans            -> sites: 1563  
	C.intestinalis       -> sites: 1563  
	O.viverrini          -> sites: 1563  
	D.rerio              -> sites: 1563  
	H.microstoma         -> sites: 1563  
	M.lignano            -> sites: 1563  
	C.sinensis           -> sites: 1563  
	S.mansoni            -> sites: 1563  
	E.granulosus         -> sites: 1563  
	T.solium             -> sites: 1563  
	G.turnbulli          -> sites: 1563  
	R.norvegicus         -> sites: 1563  
	D.melanogaster       -> sites: 1563  
	G.salaris            -> sites: 1563  


	data type             : amino acid sequences

	input ...

	infile		: EOG091G0FIJ.clustalo.aln.fasta
	random pairs	: 200000000000000000
	window size	: 6
	indels		: ambiguous
	tree file	: -
	node level	: -
	strict profile	: -
	outgroup	: -
	matrix          : BLOSUM62

	number of taxa        : 14
	random number of pairs: 200000000000000000

	generates threshhold value for amino acid data
	using BLOSUM62

	checks for (potential) identical taxa


	scores site patterns ...


	max number of different pairs is 91
	max random pairs are scored!

	pair: 1      ->	taxon1: C.elegans 	taxon2: C.intestin
	            	positions below base line: 1317
	pair: 2      ->	taxon1: C.elegans 	taxon2: O.viverrin
	            	positions below base line: 1341
	pair: 3      ->	taxon1: C.elegans 	taxon2: D.rerio   
	            	positions below base line: 1297
	pair: 4      ->	taxon1: C.elegans 	taxon2: H.microsto
	            	positions below base line: 1336
	pair: 5      ->	taxon1: C.elegans 	taxon2: M.lignano 
	            	positions below base line: 1405
	pair: 6      ->	taxon1: C.elegans 	taxon2: C.sinensis
	            	positions below base line: 1332
	pair: 7      ->	taxon1: C.elegans 	taxon2: S.mansoni 
	            	positions below base line: 1354
	pair: 8      ->	taxon1: C.elegans 	taxon2: E.granulos
	            	positions below base line: 1345
	pair: 9      ->	taxon1: C.elegans 	taxon2: T.solium  
	            	positions below base line: 1352
	pair: 10     ->	taxon1: C.elegans 	taxon2: G.turnbull
	            	positions below base line: 1421
	pair: 11     ->	taxon1: C.elegans 	taxon2: R.norvegic
	            	positions below base line: 1296
	pair: 12     ->	taxon1: C.elegans 	taxon2: D.melanoga
	            	positions below base line: 1326
	pair: 13     ->	taxon1: C.elegans 	taxon2: G.salaris 
	            	positions below base line: 1438
	pair: 14     ->	taxon1: C.intestin	taxon2: O.viverrin
	            	positions below base line: 1257
	pair: 15     ->	taxon1: C.intestin	taxon2: D.rerio   
	            	positions below base line: 1116
	pair: 16     ->	taxon1: C.intestin	taxon2: H.microsto
	            	positions below base line: 1277
	pair: 17     ->	taxon1: C.intestin	taxon2: M.lignano 
	            	positions below base line: 1379
	pair: 18     ->	taxon1: C.intestin	taxon2: C.sinensis
	            	positions below base line: 1253
	pair: 19     ->	taxon1: C.intestin	taxon2: S.mansoni 
	            	positions below base line: 1302
	pair: 20     ->	taxon1: C.intestin	taxon2: E.granulos
	            	positions below base line: 1273
	pair: 21     ->	taxon1: C.intestin	taxon2: T.solium  
	            	positions below base line: 1257
	pair: 22     ->	taxon1: C.intestin	taxon2: G.turnbull
	            	positions below base line: 1379
	pair: 23     ->	taxon1: C.intestin	taxon2: R.norvegic
	            	positions below base line: 1123
	pair: 24     ->	taxon1: C.intestin	taxon2: D.melanoga
	            	positions below base line: 1208
	pair: 25     ->	taxon1: C.intestin	taxon2: G.salaris 
	            	positions below base line: 1373
	pair: 26     ->	taxon1: O.viverrin	taxon2: D.rerio   
	            	positions below base line: 1230
	pair: 27     ->	taxon1: O.viverrin	taxon2: H.microsto
	            	positions below base line: 1197
	pair: 28     ->	taxon1: O.viverrin	taxon2: M.lignano 
	            	positions below base line: 1372
	pair: 29     ->	taxon1: O.viverrin	taxon2: C.sinensis
	            	positions below base line: 1026
	pair: 30     ->	taxon1: O.viverrin	taxon2: S.mansoni 
	            	positions below base line: 1167
	pair: 31     ->	taxon1: O.viverrin	taxon2: E.granulos
	            	positions below base line: 1210
	pair: 32     ->	taxon1: O.viverrin	taxon2: T.solium  
	            	positions below base line: 1211
	pair: 33     ->	taxon1: O.viverrin	taxon2: G.turnbull
	            	positions below base line: 1360
	pair: 34     ->	taxon1: O.viverrin	taxon2: R.norvegic
	            	positions below base line: 1224
	pair: 35     ->	taxon1: O.viverrin	taxon2: D.melanoga
	            	positions below base line: 1252
	pair: 36     ->	taxon1: O.viverrin	taxon2: G.salaris 
	            	positions below base line: 1341
	pair: 37     ->	taxon1: D.rerio   	taxon2: H.microsto
	            	positions below base line: 1251
	pair: 38     ->	taxon1: D.rerio   	taxon2: M.lignano 
	            	positions below base line: 1346
	pair: 39     ->	taxon1: D.rerio   	taxon2: C.sinensis
	            	positions below base line: 1217
	pair: 40     ->	taxon1: D.rerio   	taxon2: S.mansoni 
	            	positions below base line: 1257
	pair: 41     ->	taxon1: D.rerio   	taxon2: E.granulos
	            	positions below base line: 1246
	pair: 42     ->	taxon1: D.rerio   	taxon2: T.solium  
	            	positions below base line: 1240
	pair: 43     ->	taxon1: D.rerio   	taxon2: G.turnbull
	            	positions below base line: 1351
	pair: 44     ->	taxon1: D.rerio   	taxon2: R.norvegic
	            	positions below base line: 981
	pair: 45     ->	taxon1: D.rerio   	taxon2: D.melanoga
	            	positions below base line: 1169
	pair: 46     ->	taxon1: D.rerio   	taxon2: G.salaris 
	            	positions below base line: 1356
	pair: 47     ->	taxon1: H.microsto	taxon2: M.lignano 
	            	positions below base line: 1390
	pair: 48     ->	taxon1: H.microsto	taxon2: C.sinensis
	            	positions below base line: 1221
	pair: 49     ->	taxon1: H.microsto	taxon2: S.mansoni 
	            	positions below base line: 1248
	pair: 50     ->	taxon1: H.microsto	taxon2: E.granulos
	            	positions below base line: 1120
	pair: 51     ->	taxon1: H.microsto	taxon2: T.solium  
	            	positions below base line: 1134
	pair: 52     ->	taxon1: H.microsto	taxon2: G.turnbull
	            	positions below base line: 1394
	pair: 53     ->	taxon1: H.microsto	taxon2: R.norvegic
	            	positions below base line: 1247
	pair: 54     ->	taxon1: H.microsto	taxon2: D.melanoga
	            	positions below base line: 1277
	pair: 55     ->	taxon1: H.microsto	taxon2: G.salaris 
	            	positions below base line: 1369
	pair: 56     ->	taxon1: M.lignano 	taxon2: C.sinensis
	            	positions below base line: 1367
	pair: 57     ->	taxon1: M.lignano 	taxon2: S.mansoni 
	            	positions below base line: 1385
	pair: 58     ->	taxon1: M.lignano 	taxon2: E.granulos
	            	positions below base line: 1358
	pair: 59     ->	taxon1: M.lignano 	taxon2: T.solium  
	            	positions below base line: 1370
	pair: 60     ->	taxon1: M.lignano 	taxon2: G.turnbull
	            	positions below base line: 1462
	pair: 61     ->	taxon1: M.lignano 	taxon2: R.norvegic
	            	positions below base line: 1348
	pair: 62     ->	taxon1: M.lignano 	taxon2: D.melanoga
	            	positions below base line: 1360
	pair: 63     ->	taxon1: M.lignano 	taxon2: G.salaris 
	            	positions below base line: 1405
	pair: 64     ->	taxon1: C.sinensis	taxon2: S.mansoni 
	            	positions below base line: 1125
	pair: 65     ->	taxon1: C.sinensis	taxon2: E.granulos
	            	positions below base line: 1213
	pair: 66     ->	taxon1: C.sinensis	taxon2: T.solium  
	            	positions below base line: 1206
	pair: 67     ->	taxon1: C.sinensis	taxon2: G.turnbull
	            	positions below base line: 1357
	pair: 68     ->	taxon1: C.sinensis	taxon2: R.norvegic
	            	positions below base line: 1226
	pair: 69     ->	taxon1: C.sinensis	taxon2: D.melanoga
	            	positions below base line: 1236
	pair: 70     ->	taxon1: C.sinensis	taxon2: G.salaris 
	            	positions below base line: 1335
	pair: 71     ->	taxon1: S.mansoni 	taxon2: E.granulos
	            	positions below base line: 1238
	pair: 72     ->	taxon1: S.mansoni 	taxon2: T.solium  
	            	positions below base line: 1242
	pair: 73     ->	taxon1: S.mansoni 	taxon2: G.turnbull
	            	positions below base line: 1372
	pair: 74     ->	taxon1: S.mansoni 	taxon2: R.norvegic
	            	positions below base line: 1265
	pair: 75     ->	taxon1: S.mansoni 	taxon2: D.melanoga
	            	positions below base line: 1290
	pair: 76     ->	taxon1: S.mansoni 	taxon2: G.salaris 
	            	positions below base line: 1365
	pair: 77     ->	taxon1: E.granulos	taxon2: T.solium  
	            	positions below base line: 1105
	pair: 78     ->	taxon1: E.granulos	taxon2: G.turnbull
	            	positions below base line: 1390
	pair: 79     ->	taxon1: E.granulos	taxon2: R.norvegic
	            	positions below base line: 1240
	pair: 80     ->	taxon1: E.granulos	taxon2: D.melanoga
	            	positions below base line: 1276
	pair: 81     ->	taxon1: E.granulos	taxon2: G.salaris 
	            	positions below base line: 1357
	pair: 82     ->	taxon1: T.solium  	taxon2: G.turnbull
	            	positions below base line: 1381
	pair: 83     ->	taxon1: T.solium  	taxon2: R.norvegic
	            	positions below base line: 1247
	pair: 84     ->	taxon1: T.solium  	taxon2: D.melanoga
	            	positions below base line: 1284
	pair: 85     ->	taxon1: T.solium  	taxon2: G.salaris 
	            	positions below base line: 1367
	pair: 86     ->	taxon1: G.turnbull	taxon2: R.norvegic
	            	positions below base line: 1342
	pair: 87     ->	taxon1: G.turnbull	taxon2: D.melanoga
	            	positions below base line: 1388
	pair: 88     ->	taxon1: G.turnbull	taxon2: G.salaris 
	            	positions below base line: 613
	pair: 89     ->	taxon1: R.norvegic	taxon2: D.melanoga
	            	positions below base line: 1171
	pair: 90     ->	taxon1: R.norvegic	taxon2: G.salaris 
	            	positions below base line: 1354
	pair: 91     ->	taxon1: D.melanoga	taxon2: G.salaris 
	            	positions below base line: 1347

	generates quality profile from collected scores ...


	scoring done ...


	generates vector plot from collected scores ...


Argument "-" treated as 0 in increment (++) at /usr/bin/Aliscore.pl line 1213.
	Profile written to EOG091G0FIJ.clustalo.aln.fasta_Profile_random.txt
	List   written to EOG091G0FIJ.clustalo.aln.fasta_List_random.txt

	time used: 5.15 sec

