
RAxML can't, parse the alignment file as phylip file 
it will now try to parse it as FASTA file


This is the RAxML Master Pthread

This is RAxML Worker Pthread Number: 1

This is RAxML Worker Pthread Number: 2

This is RAxML Worker Pthread Number: 3

This is RAxML Worker Pthread Number: 4

This is RAxML Worker Pthread Number: 5


This is RAxML version 8.2.12 released by Alexandros Stamatakis on May 2018.

With greatly appreciated code contributions by:
Andre Aberer      (HITS)
Simon Berger      (HITS)
Alexey Kozlov     (HITS)
Kassian Kobert    (HITS)
David Dao         (KIT and HITS)
Sarah Lutteropp   (KIT and HITS)
Nick Pattengale   (Sandia)
Wayne Pfeiffer    (SDSC)
Akifumi S. Tanabe (NRIFS)
Charlie Taylor    (UF)


Alignment has 241 distinct alignment patterns

Proportion of gaps and completely undetermined characters in this alignment: 7.12%

RAxML rapid bootstrapping and subsequent ML search

Using 1 distinct models/data partitions with joint branch length optimization



Executing 100 rapid bootstrap inferences and thereafter a thorough ML search 

All free model parameters will be estimated by RAxML
GAMMA model of rate heterogeneity, ML estimate of alpha-parameter

GAMMA Model parameters will be estimated up to an accuracy of 0.1000000000 Log Likelihood units

Partition: 0
Alignment Patterns: 241
Name: No Name Provided
DataType: AA
Substitution Matrix: WAG
Using empirical base frequencies




RAxML was called as follows:

raxml -f a -T 6 -m PROTGAMMAWAGF -p 12345 -x 12345 -# 100 -s ALICUT_EOG091G0BHP.clustalo.aln.fasta -n EOG091G0BHP.clustalo.aln.ALICUT.WAGF 



Time for BS model parameter optimization 0.057819
Bootstrap[0]: Time 0.514316 seconds, bootstrap likelihood -3523.890653, best rearrangement setting 13
Bootstrap[1]: Time 0.399988 seconds, bootstrap likelihood -3661.745968, best rearrangement setting 13
Bootstrap[2]: Time 0.448150 seconds, bootstrap likelihood -3948.172783, best rearrangement setting 12
Bootstrap[3]: Time 0.419737 seconds, bootstrap likelihood -3954.333294, best rearrangement setting 15
Bootstrap[4]: Time 0.514558 seconds, bootstrap likelihood -3732.526804, best rearrangement setting 10
Bootstrap[5]: Time 0.447942 seconds, bootstrap likelihood -3852.544953, best rearrangement setting 10
Bootstrap[6]: Time 0.453138 seconds, bootstrap likelihood -3750.790615, best rearrangement setting 6
Bootstrap[7]: Time 0.418602 seconds, bootstrap likelihood -3630.067350, best rearrangement setting 14
Bootstrap[8]: Time 0.433889 seconds, bootstrap likelihood -3863.843838, best rearrangement setting 5
Bootstrap[9]: Time 0.452994 seconds, bootstrap likelihood -3719.000172, best rearrangement setting 7
Bootstrap[10]: Time 0.457111 seconds, bootstrap likelihood -3666.854089, best rearrangement setting 7
Bootstrap[11]: Time 0.400996 seconds, bootstrap likelihood -3475.097599, best rearrangement setting 5
Bootstrap[12]: Time 0.465443 seconds, bootstrap likelihood -3669.284465, best rearrangement setting 8
Bootstrap[13]: Time 0.449164 seconds, bootstrap likelihood -3548.716533, best rearrangement setting 7
Bootstrap[14]: Time 0.448355 seconds, bootstrap likelihood -3977.359362, best rearrangement setting 12
Bootstrap[15]: Time 0.448856 seconds, bootstrap likelihood -3849.559267, best rearrangement setting 15
Bootstrap[16]: Time 0.485591 seconds, bootstrap likelihood -3759.619159, best rearrangement setting 12
Bootstrap[17]: Time 0.475638 seconds, bootstrap likelihood -3778.647407, best rearrangement setting 12
Bootstrap[18]: Time 0.452617 seconds, bootstrap likelihood -3600.456271, best rearrangement setting 5
Bootstrap[19]: Time 0.416792 seconds, bootstrap likelihood -3737.644261, best rearrangement setting 8
Bootstrap[20]: Time 0.435576 seconds, bootstrap likelihood -3846.693265, best rearrangement setting 10
Bootstrap[21]: Time 0.441094 seconds, bootstrap likelihood -3570.540178, best rearrangement setting 6
Bootstrap[22]: Time 0.449201 seconds, bootstrap likelihood -3484.110226, best rearrangement setting 5
Bootstrap[23]: Time 0.426586 seconds, bootstrap likelihood -3737.910588, best rearrangement setting 7
Bootstrap[24]: Time 0.214718 seconds, bootstrap likelihood -3866.017986, best rearrangement setting 8
Bootstrap[25]: Time 0.215780 seconds, bootstrap likelihood -3654.485670, best rearrangement setting 6
Bootstrap[26]: Time 0.470463 seconds, bootstrap likelihood -3886.407146, best rearrangement setting 12
Bootstrap[27]: Time 0.435909 seconds, bootstrap likelihood -3622.104511, best rearrangement setting 10
Bootstrap[28]: Time 0.466183 seconds, bootstrap likelihood -3896.100747, best rearrangement setting 11
Bootstrap[29]: Time 0.454640 seconds, bootstrap likelihood -3648.213569, best rearrangement setting 12
Bootstrap[30]: Time 0.470109 seconds, bootstrap likelihood -3701.899113, best rearrangement setting 15
Bootstrap[31]: Time 0.451131 seconds, bootstrap likelihood -3771.514088, best rearrangement setting 15
Bootstrap[32]: Time 0.419720 seconds, bootstrap likelihood -3856.627629, best rearrangement setting 6
Bootstrap[33]: Time 0.437618 seconds, bootstrap likelihood -3523.402476, best rearrangement setting 15
Bootstrap[34]: Time 0.471993 seconds, bootstrap likelihood -4087.219142, best rearrangement setting 11
Bootstrap[35]: Time 0.476218 seconds, bootstrap likelihood -3960.697552, best rearrangement setting 8
Bootstrap[36]: Time 0.441574 seconds, bootstrap likelihood -3658.996702, best rearrangement setting 9
Bootstrap[37]: Time 0.470460 seconds, bootstrap likelihood -3660.208772, best rearrangement setting 11
Bootstrap[38]: Time 0.451041 seconds, bootstrap likelihood -3770.908998, best rearrangement setting 8
Bootstrap[39]: Time 0.451278 seconds, bootstrap likelihood -3634.921147, best rearrangement setting 13
Bootstrap[40]: Time 0.447770 seconds, bootstrap likelihood -3839.639539, best rearrangement setting 13
Bootstrap[41]: Time 0.452087 seconds, bootstrap likelihood -3730.000561, best rearrangement setting 10
Bootstrap[42]: Time 0.446383 seconds, bootstrap likelihood -3709.979225, best rearrangement setting 5
Bootstrap[43]: Time 0.469091 seconds, bootstrap likelihood -3624.555251, best rearrangement setting 14
Bootstrap[44]: Time 0.478913 seconds, bootstrap likelihood -3879.793094, best rearrangement setting 10
Bootstrap[45]: Time 0.462530 seconds, bootstrap likelihood -3950.601061, best rearrangement setting 15
Bootstrap[46]: Time 0.438483 seconds, bootstrap likelihood -3790.734098, best rearrangement setting 14
Bootstrap[47]: Time 0.456461 seconds, bootstrap likelihood -3864.494998, best rearrangement setting 8
Bootstrap[48]: Time 0.483423 seconds, bootstrap likelihood -3457.552214, best rearrangement setting 6
Bootstrap[49]: Time 0.196296 seconds, bootstrap likelihood -3523.941239, best rearrangement setting 7
Bootstrap[50]: Time 0.460707 seconds, bootstrap likelihood -3605.351139, best rearrangement setting 7
Bootstrap[51]: Time 0.433831 seconds, bootstrap likelihood -3749.638411, best rearrangement setting 11
Bootstrap[52]: Time 0.452241 seconds, bootstrap likelihood -3845.521295, best rearrangement setting 12
Bootstrap[53]: Time 0.468539 seconds, bootstrap likelihood -3638.797249, best rearrangement setting 8
Bootstrap[54]: Time 0.406679 seconds, bootstrap likelihood -3466.909981, best rearrangement setting 9
Bootstrap[55]: Time 0.415316 seconds, bootstrap likelihood -3733.693914, best rearrangement setting 11
Bootstrap[56]: Time 0.397774 seconds, bootstrap likelihood -3671.697774, best rearrangement setting 5
Bootstrap[57]: Time 0.517157 seconds, bootstrap likelihood -4166.709161, best rearrangement setting 7
Bootstrap[58]: Time 0.436968 seconds, bootstrap likelihood -3653.818394, best rearrangement setting 10
Bootstrap[59]: Time 0.457855 seconds, bootstrap likelihood -3413.780416, best rearrangement setting 9
Bootstrap[60]: Time 0.464834 seconds, bootstrap likelihood -3758.000594, best rearrangement setting 7
Bootstrap[61]: Time 0.501284 seconds, bootstrap likelihood -3836.647255, best rearrangement setting 5
Bootstrap[62]: Time 0.480900 seconds, bootstrap likelihood -3773.907087, best rearrangement setting 11
Bootstrap[63]: Time 0.456049 seconds, bootstrap likelihood -3684.964065, best rearrangement setting 12
Bootstrap[64]: Time 0.412507 seconds, bootstrap likelihood -3589.309217, best rearrangement setting 7
Bootstrap[65]: Time 0.425259 seconds, bootstrap likelihood -3788.177165, best rearrangement setting 5
Bootstrap[66]: Time 0.513532 seconds, bootstrap likelihood -3942.164476, best rearrangement setting 5
Bootstrap[67]: Time 0.444462 seconds, bootstrap likelihood -3664.983831, best rearrangement setting 15
Bootstrap[68]: Time 0.417672 seconds, bootstrap likelihood -3802.988839, best rearrangement setting 11
Bootstrap[69]: Time 0.424225 seconds, bootstrap likelihood -3891.993471, best rearrangement setting 5
Bootstrap[70]: Time 0.217657 seconds, bootstrap likelihood -3788.199538, best rearrangement setting 8
Bootstrap[71]: Time 0.458893 seconds, bootstrap likelihood -3927.550185, best rearrangement setting 10
Bootstrap[72]: Time 0.470213 seconds, bootstrap likelihood -3731.552546, best rearrangement setting 11
Bootstrap[73]: Time 0.420122 seconds, bootstrap likelihood -3646.293356, best rearrangement setting 9
Bootstrap[74]: Time 0.441005 seconds, bootstrap likelihood -3644.638523, best rearrangement setting 5
Bootstrap[75]: Time 0.437122 seconds, bootstrap likelihood -3585.804489, best rearrangement setting 8
Bootstrap[76]: Time 0.414864 seconds, bootstrap likelihood -3674.937629, best rearrangement setting 9
Bootstrap[77]: Time 0.449776 seconds, bootstrap likelihood -3803.512837, best rearrangement setting 11
Bootstrap[78]: Time 0.474424 seconds, bootstrap likelihood -3752.936493, best rearrangement setting 15
Bootstrap[79]: Time 0.420610 seconds, bootstrap likelihood -3455.147718, best rearrangement setting 9
Bootstrap[80]: Time 0.445626 seconds, bootstrap likelihood -3678.139889, best rearrangement setting 15
Bootstrap[81]: Time 0.431789 seconds, bootstrap likelihood -3687.130058, best rearrangement setting 7
Bootstrap[82]: Time 0.424138 seconds, bootstrap likelihood -3559.748589, best rearrangement setting 6
Bootstrap[83]: Time 0.437350 seconds, bootstrap likelihood -3707.068630, best rearrangement setting 10
Bootstrap[84]: Time 0.454839 seconds, bootstrap likelihood -3812.641912, best rearrangement setting 11
Bootstrap[85]: Time 0.451966 seconds, bootstrap likelihood -3948.416598, best rearrangement setting 8
Bootstrap[86]: Time 0.478765 seconds, bootstrap likelihood -3774.597973, best rearrangement setting 7
Bootstrap[87]: Time 0.442328 seconds, bootstrap likelihood -3548.938004, best rearrangement setting 7
Bootstrap[88]: Time 0.496122 seconds, bootstrap likelihood -3997.917868, best rearrangement setting 12
Bootstrap[89]: Time 0.461392 seconds, bootstrap likelihood -3579.902832, best rearrangement setting 10
Bootstrap[90]: Time 0.440340 seconds, bootstrap likelihood -3898.428268, best rearrangement setting 8
Bootstrap[91]: Time 0.481935 seconds, bootstrap likelihood -4137.567760, best rearrangement setting 12
Bootstrap[92]: Time 0.437076 seconds, bootstrap likelihood -4068.382448, best rearrangement setting 13
Bootstrap[93]: Time 0.453086 seconds, bootstrap likelihood -3834.256983, best rearrangement setting 15
Bootstrap[94]: Time 0.455303 seconds, bootstrap likelihood -3511.077504, best rearrangement setting 5
Bootstrap[95]: Time 0.480781 seconds, bootstrap likelihood -3868.941613, best rearrangement setting 5
Bootstrap[96]: Time 0.476402 seconds, bootstrap likelihood -3820.126700, best rearrangement setting 13
Bootstrap[97]: Time 0.465009 seconds, bootstrap likelihood -3790.118108, best rearrangement setting 11
Bootstrap[98]: Time 0.486141 seconds, bootstrap likelihood -3631.381786, best rearrangement setting 6
Bootstrap[99]: Time 0.213358 seconds, bootstrap likelihood -3652.418946, best rearrangement setting 14


Overall Time for 100 Rapid Bootstraps 44.019866 seconds
Average Time per Rapid Bootstrap 0.440199 seconds

Starting ML Search ...

Fast ML optimization finished

Fast ML search Time: 28.531152 seconds

Slow ML Search 0 Likelihood: -3769.755565
Slow ML Search 1 Likelihood: -3769.755565
Slow ML Search 2 Likelihood: -3769.755565
Slow ML Search 3 Likelihood: -3769.755565
Slow ML Search 4 Likelihood: -3769.755565
Slow ML Search 5 Likelihood: -3769.755565
Slow ML Search 6 Likelihood: -3769.755565
Slow ML Search 7 Likelihood: -3769.755565
Slow ML Search 8 Likelihood: -3770.763925
Slow ML Search 9 Likelihood: -3770.763925
Slow ML optimization finished

Slow ML search Time: 9.496546 seconds
Thorough ML search Time: 0.723667 seconds

Final ML Optimization Likelihood: -3769.755565

Model Information:

Model Parameters of Partition 0, Name: No Name Provided, Type of Data: AA
alpha: 0.581716
Tree-Length: 3.047730
rate A <-> R: 0.705217
rate A <-> N: 0.651871
rate A <-> D: 0.944853
rate A <-> C: 1.313132
rate A <-> Q: 1.161697
rate A <-> E: 2.023768
rate A <-> G: 1.811361
rate A <-> H: 0.405245
rate A <-> I: 0.247190
rate A <-> L: 0.508758
rate A <-> K: 1.158714
rate A <-> M: 1.142388
rate A <-> F: 0.269129
rate A <-> P: 1.839272
rate A <-> S: 4.309757
rate A <-> T: 2.711966
rate A <-> W: 0.144647
rate A <-> Y: 0.307794
rate A <-> V: 2.564804
rate R <-> N: 0.812328
rate R <-> D: 0.188337
rate R <-> C: 0.675324
rate R <-> Q: 3.881068
rate R <-> E: 0.561488
rate R <-> G: 0.747529
rate R <-> H: 2.732474
rate R <-> I: 0.239064
rate R <-> L: 0.636302
rate R <-> K: 6.842111
rate R <-> M: 0.873463
rate R <-> F: 0.131322
rate R <-> P: 0.868767
rate R <-> S: 1.565200
rate R <-> T: 0.708850
rate R <-> W: 1.488141
rate R <-> Y: 0.487813
rate R <-> V: 0.322004
rate N <-> D: 6.941838
rate N <-> C: 0.339146
rate N <-> Q: 1.973636
rate N <-> E: 1.211049
rate N <-> G: 1.439096
rate N <-> H: 5.058353
rate N <-> I: 0.708624
rate N <-> L: 0.168166
rate N <-> K: 3.851035
rate N <-> M: 0.253437
rate N <-> F: 0.122949
rate N <-> P: 0.249423
rate N <-> S: 5.081291
rate N <-> T: 2.595553
rate N <-> W: 0.091950
rate N <-> Y: 1.388516
rate N <-> V: 0.250912
rate D <-> C: 0.038734
rate D <-> Q: 0.788594
rate D <-> E: 7.894033
rate D <-> G: 1.106701
rate D <-> H: 1.189925
rate D <-> I: 0.050423
rate D <-> L: 0.108428
rate D <-> K: 0.613523
rate D <-> M: 0.132656
rate D <-> F: 0.059748
rate D <-> P: 0.542089
rate D <-> S: 1.370309
rate D <-> T: 0.479289
rate D <-> W: 0.165915
rate D <-> Y: 0.416441
rate D <-> V: 0.194769
rate C <-> Q: 0.126345
rate C <-> E: 0.027300
rate C <-> G: 0.392101
rate C <-> H: 0.318326
rate C <-> I: 0.217528
rate C <-> L: 0.491334
rate C <-> K: 0.094657
rate C <-> M: 0.499255
rate C <-> F: 0.508892
rate C <-> P: 0.139880
rate C <-> S: 1.799778
rate C <-> T: 0.655881
rate C <-> W: 0.916817
rate C <-> Y: 0.695323
rate C <-> V: 1.281296
rate Q <-> E: 6.993045
rate Q <-> G: 0.421991
rate Q <-> H: 5.490277
rate Q <-> I: 0.145650
rate Q <-> L: 1.111694
rate Q <-> K: 4.979863
rate Q <-> M: 1.975707
rate Q <-> F: 0.127755
rate Q <-> P: 1.193372
rate Q <-> S: 1.315472
rate Q <-> T: 1.096912
rate Q <-> W: 0.275833
rate Q <-> Y: 0.291141
rate Q <-> V: 0.385206
rate E <-> G: 0.725860
rate E <-> H: 0.728811
rate E <-> I: 0.162882
rate E <-> L: 0.197234
rate E <-> K: 3.304348
rate E <-> M: 0.402905
rate E <-> F: 0.103735
rate E <-> P: 0.872432
rate E <-> S: 0.901307
rate E <-> T: 1.051954
rate E <-> W: 0.200167
rate E <-> Y: 0.250985
rate E <-> V: 0.752728
rate G <-> H: 0.318886
rate G <-> I: 0.038932
rate G <-> L: 0.078380
rate G <-> K: 0.477616
rate G <-> M: 0.222597
rate G <-> F: 0.063840
rate G <-> P: 0.311419
rate G <-> S: 1.715597
rate G <-> T: 0.288741
rate G <-> W: 0.430853
rate G <-> Y: 0.132464
rate G <-> V: 0.239406
rate H <-> I: 0.176684
rate H <-> L: 0.638592
rate H <-> K: 1.138471
rate H <-> M: 0.516718
rate H <-> F: 0.868616
rate H <-> P: 0.890131
rate H <-> S: 0.946350
rate H <-> T: 0.605151
rate H <-> W: 0.335710
rate H <-> Y: 4.952425
rate H <-> V: 0.151328
rate I <-> L: 4.054275
rate I <-> K: 0.414039
rate I <-> M: 5.443417
rate I <-> F: 1.354596
rate I <-> P: 0.127765
rate I <-> S: 0.408423
rate I <-> T: 1.864345
rate I <-> W: 0.271672
rate I <-> Y: 0.537212
rate I <-> V: 10.000000
rate L <-> K: 0.329299
rate L <-> M: 6.206155
rate L <-> F: 2.704371
rate L <-> P: 0.531681
rate L <-> S: 0.440769
rate L <-> T: 0.417606
rate L <-> W: 0.850637
rate L <-> Y: 0.509657
rate L <-> V: 2.301842
rate K <-> M: 1.194528
rate K <-> F: 0.113582
rate K <-> P: 0.712025
rate K <-> S: 1.236534
rate K <-> T: 1.773337
rate K <-> W: 0.175808
rate K <-> Y: 0.170386
rate K <-> V: 0.390516
rate M <-> F: 1.522292
rate M <-> P: 0.219054
rate M <-> S: 0.631487
rate M <-> T: 1.938450
rate M <-> W: 0.659361
rate M <-> Y: 0.547782
rate M <-> V: 2.631851
rate F <-> P: 0.206416
rate F <-> S: 0.698005
rate F <-> T: 0.219788
rate F <-> W: 1.955736
rate F <-> Y: 8.252183
rate F <-> V: 0.830926
rate P <-> S: 2.062675
rate P <-> T: 1.016946
rate P <-> W: 0.178238
rate P <-> Y: 0.276228
rate P <-> V: 0.402602
rate S <-> T: 5.597561
rate S <-> W: 0.669635
rate S <-> Y: 1.006218
rate S <-> V: 0.297571
rate T <-> W: 0.141746
rate T <-> Y: 0.372250
rate T <-> V: 1.774935
rate W <-> Y: 3.177720
rate W <-> V: 0.467146
rate Y <-> V: 0.402401

freq pi(A): 0.074426
freq pi(R): 0.049804
freq pi(N): 0.062395
freq pi(D): 0.052602
freq pi(C): 0.032736
freq pi(Q): 0.037773
freq pi(E): 0.066032
freq pi(G): 0.064633
freq pi(H): 0.018747
freq pi(I): 0.053442
freq pi(L): 0.090655
freq pi(K): 0.044768
freq pi(M): 0.031058
freq pi(F): 0.042529
freq pi(P): 0.038332
freq pi(S): 0.067711
freq pi(T): 0.040011
freq pi(W): 0.007555
freq pi(Y): 0.031337
freq pi(V): 0.093453


ML search took 38.783652 secs or 0.010773 hours

Combined Bootstrap and ML search took 82.803743 secs or 0.023001 hours

Drawing Bootstrap Support Values on best-scoring ML tree ...



Found 1 tree in File /in/RAxML_bestTree.EOG091G0BHP.clustalo.aln.ALICUT.WAGF



Found 1 tree in File /in/RAxML_bestTree.EOG091G0BHP.clustalo.aln.ALICUT.WAGF

Program execution info written to /in/RAxML_info.EOG091G0BHP.clustalo.aln.ALICUT.WAGF
All 100 bootstrapped trees written to: /in/RAxML_bootstrap.EOG091G0BHP.clustalo.aln.ALICUT.WAGF

Best-scoring ML tree written to: /in/RAxML_bestTree.EOG091G0BHP.clustalo.aln.ALICUT.WAGF

Best-scoring ML tree with support values written to: /in/RAxML_bipartitions.EOG091G0BHP.clustalo.aln.ALICUT.WAGF

Best-scoring ML tree with support values as branch labels written to: /in/RAxML_bipartitionsBranchLabels.EOG091G0BHP.clustalo.aln.ALICUT.WAGF

Overall execution time for full ML analysis: 82.806656 secs or 0.023002 hours or 0.000958 days

