
	reading taxa from FASTA ...


	D.melanogaster       -> sites: 399   
	S.mansoni            -> sites: 399   
	H.robusta            -> sites: 399   
	D.rerio              -> sites: 399   
	T.solium             -> sites: 399   
	H.microstoma         -> sites: 399   
	C.sinensis           -> sites: 399   
	C.intestinalis       -> sites: 399   
	E.granulosus         -> sites: 399   
	L.gigantea           -> sites: 399   
	M.lignano            -> sites: 399   
	R.norvegicus         -> sites: 399   
	O.viverrini          -> sites: 399   
	G.salaris            -> sites: 399   


	data type             : amino acid sequences

	input ...

	infile		: EOG091G0OWI.clustalo.aln.fasta
	random pairs	: 200000000000000000
	window size	: 6
	indels		: ambiguous
	tree file	: -
	node level	: -
	strict profile	: -
	outgroup	: -
	matrix          : BLOSUM62

	number of taxa        : 14
	random number of pairs: 200000000000000000

	generates threshhold value for amino acid data
	using BLOSUM62

	checks for (potential) identical taxa


	scores site patterns ...


	max number of different pairs is 91
	max random pairs are scored!

	pair: 1      ->	taxon1: D.melanoga	taxon2: S.mansoni 
	            	positions below base line: 250
	pair: 2      ->	taxon1: D.melanoga	taxon2: H.robusta 
	            	positions below base line: 227
	pair: 3      ->	taxon1: D.melanoga	taxon2: D.rerio   
	            	positions below base line: 171
	pair: 4      ->	taxon1: D.melanoga	taxon2: T.solium  
	            	positions below base line: 218
	pair: 5      ->	taxon1: D.melanoga	taxon2: H.microsto
	            	positions below base line: 200
	pair: 6      ->	taxon1: D.melanoga	taxon2: C.sinensis
	            	positions below base line: 228
	pair: 7      ->	taxon1: D.melanoga	taxon2: C.intestin
	            	positions below base line: 189
	pair: 8      ->	taxon1: D.melanoga	taxon2: E.granulos
	            	positions below base line: 219
	pair: 9      ->	taxon1: D.melanoga	taxon2: L.gigantea
	            	positions below base line: 160
	pair: 10     ->	taxon1: D.melanoga	taxon2: M.lignano 
	            	positions below base line: 215
	pair: 11     ->	taxon1: D.melanoga	taxon2: R.norvegic
	            	positions below base line: 170
	pair: 12     ->	taxon1: D.melanoga	taxon2: O.viverrin
	            	positions below base line: 234
	pair: 13     ->	taxon1: D.melanoga	taxon2: G.salaris 
	            	positions below base line: 234
	pair: 14     ->	taxon1: S.mansoni 	taxon2: H.robusta 
	            	positions below base line: 254
	pair: 15     ->	taxon1: S.mansoni 	taxon2: D.rerio   
	            	positions below base line: 252
	pair: 16     ->	taxon1: S.mansoni 	taxon2: T.solium  
	            	positions below base line: 215
	pair: 17     ->	taxon1: S.mansoni 	taxon2: H.microsto
	            	positions below base line: 226
	pair: 18     ->	taxon1: S.mansoni 	taxon2: C.sinensis
	            	positions below base line: 247
	pair: 19     ->	taxon1: S.mansoni 	taxon2: C.intestin
	            	positions below base line: 248
	pair: 20     ->	taxon1: S.mansoni 	taxon2: E.granulos
	            	positions below base line: 232
	pair: 21     ->	taxon1: S.mansoni 	taxon2: L.gigantea
	            	positions below base line: 249
	pair: 22     ->	taxon1: S.mansoni 	taxon2: M.lignano 
	            	positions below base line: 271
	pair: 23     ->	taxon1: S.mansoni 	taxon2: R.norvegic
	            	positions below base line: 232
	pair: 24     ->	taxon1: S.mansoni 	taxon2: O.viverrin
	            	positions below base line: 255
	pair: 25     ->	taxon1: S.mansoni 	taxon2: G.salaris 
	            	positions below base line: 246
	pair: 26     ->	taxon1: H.robusta 	taxon2: D.rerio   
	            	positions below base line: 221
	pair: 27     ->	taxon1: H.robusta 	taxon2: T.solium  
	            	positions below base line: 251
	pair: 28     ->	taxon1: H.robusta 	taxon2: H.microsto
	            	positions below base line: 250
	pair: 29     ->	taxon1: H.robusta 	taxon2: C.sinensis
	            	positions below base line: 268
	pair: 30     ->	taxon1: H.robusta 	taxon2: C.intestin
	            	positions below base line: 220
	pair: 31     ->	taxon1: H.robusta 	taxon2: E.granulos
	            	positions below base line: 253
	pair: 32     ->	taxon1: H.robusta 	taxon2: L.gigantea
	            	positions below base line: 207
	pair: 33     ->	taxon1: H.robusta 	taxon2: M.lignano 
	            	positions below base line: 263
	pair: 34     ->	taxon1: H.robusta 	taxon2: R.norvegic
	            	positions below base line: 218
	pair: 35     ->	taxon1: H.robusta 	taxon2: O.viverrin
	            	positions below base line: 279
	pair: 36     ->	taxon1: H.robusta 	taxon2: G.salaris 
	            	positions below base line: 259
	pair: 37     ->	taxon1: D.rerio   	taxon2: T.solium  
	            	positions below base line: 214
	pair: 38     ->	taxon1: D.rerio   	taxon2: H.microsto
	            	positions below base line: 207
	pair: 39     ->	taxon1: D.rerio   	taxon2: C.sinensis
	            	positions below base line: 228
	pair: 40     ->	taxon1: D.rerio   	taxon2: C.intestin
	            	positions below base line: 163
	pair: 41     ->	taxon1: D.rerio   	taxon2: E.granulos
	            	positions below base line: 205
	pair: 42     ->	taxon1: D.rerio   	taxon2: L.gigantea
	            	positions below base line: 150
	pair: 43     ->	taxon1: D.rerio   	taxon2: M.lignano 
	            	positions below base line: 226
	pair: 44     ->	taxon1: D.rerio   	taxon2: R.norvegic
	            	positions below base line: 111
	pair: 45     ->	taxon1: D.rerio   	taxon2: O.viverrin
	            	positions below base line: 229
	pair: 46     ->	taxon1: D.rerio   	taxon2: G.salaris 
	            	positions below base line: 225
	pair: 47     ->	taxon1: T.solium  	taxon2: H.microsto
	            	positions below base line: 113
	pair: 48     ->	taxon1: T.solium  	taxon2: C.sinensis
	            	positions below base line: 217
	pair: 49     ->	taxon1: T.solium  	taxon2: C.intestin
	            	positions below base line: 223
	pair: 50     ->	taxon1: T.solium  	taxon2: E.granulos
	            	positions below base line: 85
	pair: 51     ->	taxon1: T.solium  	taxon2: L.gigantea
	            	positions below base line: 195
	pair: 52     ->	taxon1: T.solium  	taxon2: M.lignano 
	            	positions below base line: 245
	pair: 53     ->	taxon1: T.solium  	taxon2: R.norvegic
	            	positions below base line: 224
	pair: 54     ->	taxon1: T.solium  	taxon2: O.viverrin
	            	positions below base line: 227
	pair: 55     ->	taxon1: T.solium  	taxon2: G.salaris 
	            	positions below base line: 193
	pair: 56     ->	taxon1: H.microsto	taxon2: C.sinensis
	            	positions below base line: 211
	pair: 57     ->	taxon1: H.microsto	taxon2: C.intestin
	            	positions below base line: 203
	pair: 58     ->	taxon1: H.microsto	taxon2: E.granulos
	            	positions below base line: 110
	pair: 59     ->	taxon1: H.microsto	taxon2: L.gigantea
	            	positions below base line: 200
	pair: 60     ->	taxon1: H.microsto	taxon2: M.lignano 
	            	positions below base line: 242
	pair: 61     ->	taxon1: H.microsto	taxon2: R.norvegic
	            	positions below base line: 225
	pair: 62     ->	taxon1: H.microsto	taxon2: O.viverrin
	            	positions below base line: 221
	pair: 63     ->	taxon1: H.microsto	taxon2: G.salaris 
	            	positions below base line: 197
	pair: 64     ->	taxon1: C.sinensis	taxon2: C.intestin
	            	positions below base line: 241
	pair: 65     ->	taxon1: C.sinensis	taxon2: E.granulos
	            	positions below base line: 207
	pair: 66     ->	taxon1: C.sinensis	taxon2: L.gigantea
	            	positions below base line: 223
	pair: 67     ->	taxon1: C.sinensis	taxon2: M.lignano 
	            	positions below base line: 280
	pair: 68     ->	taxon1: C.sinensis	taxon2: R.norvegic
	            	positions below base line: 238
	pair: 69     ->	taxon1: C.sinensis	taxon2: O.viverrin
	            	positions below base line: 109
	pair: 70     ->	taxon1: C.sinensis	taxon2: G.salaris 
	            	positions below base line: 237
	pair: 71     ->	taxon1: C.intestin	taxon2: E.granulos
	            	positions below base line: 217
	pair: 72     ->	taxon1: C.intestin	taxon2: L.gigantea
	            	positions below base line: 167
	pair: 73     ->	taxon1: C.intestin	taxon2: M.lignano 
	            	positions below base line: 220
	pair: 74     ->	taxon1: C.intestin	taxon2: R.norvegic
	            	positions below base line: 161
	pair: 75     ->	taxon1: C.intestin	taxon2: O.viverrin
	            	positions below base line: 245
	pair: 76     ->	taxon1: C.intestin	taxon2: G.salaris 
	            	positions below base line: 220
	pair: 77     ->	taxon1: E.granulos	taxon2: L.gigantea
	            	positions below base line: 196
	pair: 78     ->	taxon1: E.granulos	taxon2: M.lignano 
	            	positions below base line: 248
	pair: 79     ->	taxon1: E.granulos	taxon2: R.norvegic
	            	positions below base line: 217
	pair: 80     ->	taxon1: E.granulos	taxon2: O.viverrin
	            	positions below base line: 219
	pair: 81     ->	taxon1: E.granulos	taxon2: G.salaris 
	            	positions below base line: 200
	pair: 82     ->	taxon1: L.gigantea	taxon2: M.lignano 
	            	positions below base line: 239
	pair: 83     ->	taxon1: L.gigantea	taxon2: R.norvegic
	            	positions below base line: 150
	pair: 84     ->	taxon1: L.gigantea	taxon2: O.viverrin
	            	positions below base line: 229
	pair: 85     ->	taxon1: L.gigantea	taxon2: G.salaris 
	            	positions below base line: 217
	pair: 86     ->	taxon1: M.lignano 	taxon2: R.norvegic
	            	positions below base line: 226
	pair: 87     ->	taxon1: M.lignano 	taxon2: O.viverrin
	            	positions below base line: 294
	pair: 88     ->	taxon1: M.lignano 	taxon2: G.salaris 
	            	positions below base line: 260
	pair: 89     ->	taxon1: R.norvegic	taxon2: O.viverrin
	            	positions below base line: 249
	pair: 90     ->	taxon1: R.norvegic	taxon2: G.salaris 
	            	positions below base line: 217
	pair: 91     ->	taxon1: O.viverrin	taxon2: G.salaris 
	            	positions below base line: 254

	generates quality profile from collected scores ...


	scoring done ...


	generates vector plot from collected scores ...


Argument "-" treated as 0 in increment (++) at /usr/bin/Aliscore.pl line 1213.
	Profile written to EOG091G0OWI.clustalo.aln.fasta_Profile_random.txt
	List   written to EOG091G0OWI.clustalo.aln.fasta_List_random.txt

	time used: 3.82 sec

