
	reading taxa from FASTA ...


	C.sinensis           -> sites: 760   
	S.mansoni            -> sites: 760   
	H.microstoma         -> sites: 760   
	O.viverrini          -> sites: 760   
	D.melanogaster       -> sites: 760   
	G.salaris            -> sites: 760   
	R.norvegicus         -> sites: 760   
	H.robusta            -> sites: 760   
	E.granulosus         -> sites: 760   
	D.rerio              -> sites: 760   
	T.solium             -> sites: 760   


	data type             : amino acid sequences

	input ...

	infile		: EOG091G0DVQ.clustalo.aln.fasta
	random pairs	: 200000000000000000
	window size	: 6
	indels		: ambiguous
	tree file	: -
	node level	: -
	strict profile	: -
	outgroup	: -
	matrix          : BLOSUM62

	number of taxa        : 11
	random number of pairs: 200000000000000000

	generates threshhold value for amino acid data
	using BLOSUM62

	checks for (potential) identical taxa


	scores site patterns ...


	max number of different pairs is 55
	max random pairs are scored!

	pair: 1      ->	taxon1: C.sinensis	taxon2: S.mansoni 
	            	positions below base line: 534
	pair: 2      ->	taxon1: C.sinensis	taxon2: H.microsto
	            	positions below base line: 553
	pair: 3      ->	taxon1: C.sinensis	taxon2: O.viverrin
	            	positions below base line: 569
	pair: 4      ->	taxon1: C.sinensis	taxon2: D.melanoga
	            	positions below base line: 542
	pair: 5      ->	taxon1: C.sinensis	taxon2: G.salaris 
	            	positions below base line: 521
	pair: 6      ->	taxon1: C.sinensis	taxon2: R.norvegic
	            	positions below base line: 537
	pair: 7      ->	taxon1: C.sinensis	taxon2: H.robusta 
	            	positions below base line: 533
	pair: 8      ->	taxon1: C.sinensis	taxon2: E.granulos
	            	positions below base line: 526
	pair: 9      ->	taxon1: C.sinensis	taxon2: D.rerio   
	            	positions below base line: 535
	pair: 10     ->	taxon1: C.sinensis	taxon2: T.solium  
	            	positions below base line: 548
	pair: 11     ->	taxon1: S.mansoni 	taxon2: H.microsto
	            	positions below base line: 561
	pair: 12     ->	taxon1: S.mansoni 	taxon2: O.viverrin
	            	positions below base line: 584
	pair: 13     ->	taxon1: S.mansoni 	taxon2: D.melanoga
	            	positions below base line: 532
	pair: 14     ->	taxon1: S.mansoni 	taxon2: G.salaris 
	            	positions below base line: 520
	pair: 15     ->	taxon1: S.mansoni 	taxon2: R.norvegic
	            	positions below base line: 550
	pair: 16     ->	taxon1: S.mansoni 	taxon2: H.robusta 
	            	positions below base line: 540
	pair: 17     ->	taxon1: S.mansoni 	taxon2: E.granulos
	            	positions below base line: 538
	pair: 18     ->	taxon1: S.mansoni 	taxon2: D.rerio   
	            	positions below base line: 550
	pair: 19     ->	taxon1: S.mansoni 	taxon2: T.solium  
	            	positions below base line: 552
	pair: 20     ->	taxon1: H.microsto	taxon2: O.viverrin
	            	positions below base line: 569
	pair: 21     ->	taxon1: H.microsto	taxon2: D.melanoga
	            	positions below base line: 558
	pair: 22     ->	taxon1: H.microsto	taxon2: G.salaris 
	            	positions below base line: 525
	pair: 23     ->	taxon1: H.microsto	taxon2: R.norvegic
	            	positions below base line: 543
	pair: 24     ->	taxon1: H.microsto	taxon2: H.robusta 
	            	positions below base line: 542
	pair: 25     ->	taxon1: H.microsto	taxon2: E.granulos
	            	positions below base line: 554
	pair: 26     ->	taxon1: H.microsto	taxon2: D.rerio   
	            	positions below base line: 544
	pair: 27     ->	taxon1: H.microsto	taxon2: T.solium  
	            	positions below base line: 538
	pair: 28     ->	taxon1: O.viverrin	taxon2: D.melanoga
	            	positions below base line: 555
	pair: 29     ->	taxon1: O.viverrin	taxon2: G.salaris 
	            	positions below base line: 562
	pair: 30     ->	taxon1: O.viverrin	taxon2: R.norvegic
	            	positions below base line: 557
	pair: 31     ->	taxon1: O.viverrin	taxon2: H.robusta 
	            	positions below base line: 551
	pair: 32     ->	taxon1: O.viverrin	taxon2: E.granulos
	            	positions below base line: 575
	pair: 33     ->	taxon1: O.viverrin	taxon2: D.rerio   
	            	positions below base line: 557
	pair: 34     ->	taxon1: O.viverrin	taxon2: T.solium  
	            	positions below base line: 584
	pair: 35     ->	taxon1: D.melanoga	taxon2: G.salaris 
	            	positions below base line: 530
	pair: 36     ->	taxon1: D.melanoga	taxon2: R.norvegic
	            	positions below base line: 472
	pair: 37     ->	taxon1: D.melanoga	taxon2: H.robusta 
	            	positions below base line: 458
	pair: 38     ->	taxon1: D.melanoga	taxon2: E.granulos
	            	positions below base line: 556
	pair: 39     ->	taxon1: D.melanoga	taxon2: D.rerio   
	            	positions below base line: 484
	pair: 40     ->	taxon1: D.melanoga	taxon2: T.solium  
	            	positions below base line: 564
	pair: 41     ->	taxon1: G.salaris 	taxon2: R.norvegic
	            	positions below base line: 509
	pair: 42     ->	taxon1: G.salaris 	taxon2: H.robusta 
	            	positions below base line: 510
	pair: 43     ->	taxon1: G.salaris 	taxon2: E.granulos
	            	positions below base line: 522
	pair: 44     ->	taxon1: G.salaris 	taxon2: D.rerio   
	            	positions below base line: 517
	pair: 45     ->	taxon1: G.salaris 	taxon2: T.solium  
	            	positions below base line: 543
	pair: 46     ->	taxon1: R.norvegic	taxon2: H.robusta 
	            	positions below base line: 451
	pair: 47     ->	taxon1: R.norvegic	taxon2: E.granulos
	            	positions below base line: 547
	pair: 48     ->	taxon1: R.norvegic	taxon2: D.rerio   
	            	positions below base line: 435
	pair: 49     ->	taxon1: R.norvegic	taxon2: T.solium  
	            	positions below base line: 538
	pair: 50     ->	taxon1: H.robusta 	taxon2: E.granulos
	            	positions below base line: 560
	pair: 51     ->	taxon1: H.robusta 	taxon2: D.rerio   
	            	positions below base line: 462
	pair: 52     ->	taxon1: H.robusta 	taxon2: T.solium  
	            	positions below base line: 543
	pair: 53     ->	taxon1: E.granulos	taxon2: D.rerio   
	            	positions below base line: 559
	pair: 54     ->	taxon1: E.granulos	taxon2: T.solium  
	            	positions below base line: 509
	pair: 55     ->	taxon1: D.rerio   	taxon2: T.solium  
	            	positions below base line: 545

	generates quality profile from collected scores ...


	scoring done ...


	generates vector plot from collected scores ...


Argument "-" treated as 0 in increment (++) at /usr/bin/Aliscore.pl line 1213.
	Profile written to EOG091G0DVQ.clustalo.aln.fasta_Profile_random.txt
	List   written to EOG091G0DVQ.clustalo.aln.fasta_List_random.txt

	time used: 3.86 sec

