
RAxML can't, parse the alignment file as phylip file 
it will now try to parse it as FASTA file


This is the RAxML Master Pthread

This is RAxML Worker Pthread Number: 1


This is RAxML version 8.2.12 released by Alexandros Stamatakis on May 2018.

With greatly appreciated code contributions by:
Andre Aberer      (HITS)
Simon Berger      (HITS)
Alexey Kozlov     (HITS)
Kassian Kobert    (HITS)
David Dao         (KIT and HITS)
Sarah Lutteropp   (KIT and HITS)
Nick Pattengale   (Sandia)
Wayne Pfeiffer    (SDSC)
Akifumi S. Tanabe (NRIFS)
Charlie Taylor    (UF)


Alignment has 129 distinct alignment patterns

Proportion of gaps and completely undetermined characters in this alignment: 4.86%

RAxML rapid bootstrapping and subsequent ML search

Using 1 distinct models/data partitions with joint branch length optimization



Executing 100 rapid bootstrap inferences and thereafter a thorough ML search 

All free model parameters will be estimated by RAxML
GAMMA model of rate heterogeneity, ML estimate of alpha-parameter

GAMMA Model parameters will be estimated up to an accuracy of 0.1000000000 Log Likelihood units

Partition: 0
Alignment Patterns: 129
Name: No Name Provided
DataType: AA
Substitution Matrix: VT
Using fixed base frequencies




RAxML was called as follows:

raxml -f a -T 2 -m PROTGAMMAVT -p 12345 -x 12345 -# 100 -s ALICUT_EOG091G0S8Y.clustalo.aln.fasta -n EOG091G0S8Y.clustalo.aln.ALICUT.VT 



Time for BS model parameter optimization 0.030538
Bootstrap[0]: Time 0.597029 seconds, bootstrap likelihood -2761.733295, best rearrangement setting 13
Bootstrap[1]: Time 0.538536 seconds, bootstrap likelihood -2937.998774, best rearrangement setting 13
Bootstrap[2]: Time 0.461070 seconds, bootstrap likelihood -2831.995104, best rearrangement setting 12
Bootstrap[3]: Time 0.473868 seconds, bootstrap likelihood -3126.585879, best rearrangement setting 15
Bootstrap[4]: Time 0.571411 seconds, bootstrap likelihood -3289.238430, best rearrangement setting 10
Bootstrap[5]: Time 0.546536 seconds, bootstrap likelihood -2816.192367, best rearrangement setting 10
Bootstrap[6]: Time 0.691128 seconds, bootstrap likelihood -3073.047299, best rearrangement setting 6
Bootstrap[7]: Time 0.562020 seconds, bootstrap likelihood -3013.863408, best rearrangement setting 14
Bootstrap[8]: Time 0.497937 seconds, bootstrap likelihood -2809.857149, best rearrangement setting 5
Bootstrap[9]: Time 0.518892 seconds, bootstrap likelihood -2912.025075, best rearrangement setting 7
Bootstrap[10]: Time 0.444486 seconds, bootstrap likelihood -2734.173254, best rearrangement setting 7
Bootstrap[11]: Time 0.516442 seconds, bootstrap likelihood -2879.554616, best rearrangement setting 5
Bootstrap[12]: Time 0.525506 seconds, bootstrap likelihood -2903.691173, best rearrangement setting 8
Bootstrap[13]: Time 0.542119 seconds, bootstrap likelihood -2800.628371, best rearrangement setting 7
Bootstrap[14]: Time 0.539775 seconds, bootstrap likelihood -3024.168188, best rearrangement setting 12
Bootstrap[15]: Time 0.552637 seconds, bootstrap likelihood -2966.629147, best rearrangement setting 15
Bootstrap[16]: Time 0.500927 seconds, bootstrap likelihood -2952.566975, best rearrangement setting 12
Bootstrap[17]: Time 0.569288 seconds, bootstrap likelihood -3114.644758, best rearrangement setting 12
Bootstrap[18]: Time 0.706459 seconds, bootstrap likelihood -2663.056044, best rearrangement setting 5
Bootstrap[19]: Time 0.730263 seconds, bootstrap likelihood -3083.634387, best rearrangement setting 8
Bootstrap[20]: Time 0.538825 seconds, bootstrap likelihood -2858.599247, best rearrangement setting 10
Bootstrap[21]: Time 0.487378 seconds, bootstrap likelihood -2833.734968, best rearrangement setting 6
Bootstrap[22]: Time 0.542790 seconds, bootstrap likelihood -2762.808776, best rearrangement setting 5
Bootstrap[23]: Time 0.624446 seconds, bootstrap likelihood -2981.304596, best rearrangement setting 7
Bootstrap[24]: Time 0.532555 seconds, bootstrap likelihood -2892.332535, best rearrangement setting 8
Bootstrap[25]: Time 0.596952 seconds, bootstrap likelihood -2925.508809, best rearrangement setting 6
Bootstrap[26]: Time 0.509860 seconds, bootstrap likelihood -2806.531291, best rearrangement setting 12
Bootstrap[27]: Time 0.534195 seconds, bootstrap likelihood -3035.679551, best rearrangement setting 10
Bootstrap[28]: Time 0.561224 seconds, bootstrap likelihood -2878.258990, best rearrangement setting 11
Bootstrap[29]: Time 0.524214 seconds, bootstrap likelihood -3119.933940, best rearrangement setting 12
Bootstrap[30]: Time 0.473835 seconds, bootstrap likelihood -2728.296830, best rearrangement setting 15
Bootstrap[31]: Time 0.612687 seconds, bootstrap likelihood -2937.926288, best rearrangement setting 15
Bootstrap[32]: Time 0.532261 seconds, bootstrap likelihood -3037.585761, best rearrangement setting 6
Bootstrap[33]: Time 0.522742 seconds, bootstrap likelihood -2902.725725, best rearrangement setting 15
Bootstrap[34]: Time 0.486896 seconds, bootstrap likelihood -2941.915774, best rearrangement setting 11
Bootstrap[35]: Time 0.666418 seconds, bootstrap likelihood -3000.275709, best rearrangement setting 8
Bootstrap[36]: Time 0.498929 seconds, bootstrap likelihood -2707.705488, best rearrangement setting 9
Bootstrap[37]: Time 0.679335 seconds, bootstrap likelihood -2893.129408, best rearrangement setting 11
Bootstrap[38]: Time 0.865540 seconds, bootstrap likelihood -2766.092959, best rearrangement setting 8
Bootstrap[39]: Time 0.576924 seconds, bootstrap likelihood -2928.526687, best rearrangement setting 13
Bootstrap[40]: Time 0.509379 seconds, bootstrap likelihood -2869.795804, best rearrangement setting 13
Bootstrap[41]: Time 0.568871 seconds, bootstrap likelihood -2892.949298, best rearrangement setting 10
Bootstrap[42]: Time 0.563572 seconds, bootstrap likelihood -2847.815415, best rearrangement setting 5
Bootstrap[43]: Time 0.482501 seconds, bootstrap likelihood -2718.137958, best rearrangement setting 14
Bootstrap[44]: Time 0.551247 seconds, bootstrap likelihood -2969.192599, best rearrangement setting 10
Bootstrap[45]: Time 0.557672 seconds, bootstrap likelihood -2605.645603, best rearrangement setting 15
Bootstrap[46]: Time 0.550152 seconds, bootstrap likelihood -2747.034926, best rearrangement setting 14
Bootstrap[47]: Time 0.574294 seconds, bootstrap likelihood -2576.879406, best rearrangement setting 8
Bootstrap[48]: Time 0.495469 seconds, bootstrap likelihood -2793.037532, best rearrangement setting 6
Bootstrap[49]: Time 0.560227 seconds, bootstrap likelihood -2894.484736, best rearrangement setting 7
Bootstrap[50]: Time 0.578302 seconds, bootstrap likelihood -2877.144233, best rearrangement setting 7
Bootstrap[51]: Time 0.535860 seconds, bootstrap likelihood -2700.236052, best rearrangement setting 11
Bootstrap[52]: Time 0.447206 seconds, bootstrap likelihood -2675.573623, best rearrangement setting 12
Bootstrap[53]: Time 0.504463 seconds, bootstrap likelihood -2870.026723, best rearrangement setting 8
Bootstrap[54]: Time 0.585386 seconds, bootstrap likelihood -2955.109469, best rearrangement setting 9
Bootstrap[55]: Time 0.556791 seconds, bootstrap likelihood -3018.367854, best rearrangement setting 11
Bootstrap[56]: Time 0.614139 seconds, bootstrap likelihood -3109.117568, best rearrangement setting 5
Bootstrap[57]: Time 0.497772 seconds, bootstrap likelihood -2858.231375, best rearrangement setting 7
Bootstrap[58]: Time 0.455842 seconds, bootstrap likelihood -3004.003610, best rearrangement setting 10
Bootstrap[59]: Time 0.559884 seconds, bootstrap likelihood -2954.064693, best rearrangement setting 9
Bootstrap[60]: Time 0.557804 seconds, bootstrap likelihood -2967.696038, best rearrangement setting 7
Bootstrap[61]: Time 0.624923 seconds, bootstrap likelihood -2914.056653, best rearrangement setting 5
Bootstrap[62]: Time 0.536507 seconds, bootstrap likelihood -2735.559673, best rearrangement setting 11
Bootstrap[63]: Time 0.587642 seconds, bootstrap likelihood -2797.396438, best rearrangement setting 12
Bootstrap[64]: Time 0.610646 seconds, bootstrap likelihood -2843.563601, best rearrangement setting 7
Bootstrap[65]: Time 0.535396 seconds, bootstrap likelihood -2931.868596, best rearrangement setting 5
Bootstrap[66]: Time 0.561757 seconds, bootstrap likelihood -3085.405249, best rearrangement setting 5
Bootstrap[67]: Time 0.524385 seconds, bootstrap likelihood -3046.944822, best rearrangement setting 15
Bootstrap[68]: Time 0.591821 seconds, bootstrap likelihood -2873.237508, best rearrangement setting 11
Bootstrap[69]: Time 0.600821 seconds, bootstrap likelihood -2817.155436, best rearrangement setting 5
Bootstrap[70]: Time 0.615440 seconds, bootstrap likelihood -2927.614577, best rearrangement setting 8
Bootstrap[71]: Time 0.426908 seconds, bootstrap likelihood -3024.160344, best rearrangement setting 10
Bootstrap[72]: Time 0.492746 seconds, bootstrap likelihood -2861.002337, best rearrangement setting 11
Bootstrap[73]: Time 0.465950 seconds, bootstrap likelihood -2825.084340, best rearrangement setting 9
Bootstrap[74]: Time 0.523605 seconds, bootstrap likelihood -3011.881477, best rearrangement setting 5
Bootstrap[75]: Time 0.584087 seconds, bootstrap likelihood -2744.035562, best rearrangement setting 8
Bootstrap[76]: Time 0.578265 seconds, bootstrap likelihood -3029.946141, best rearrangement setting 9
Bootstrap[77]: Time 0.542092 seconds, bootstrap likelihood -3107.894784, best rearrangement setting 11
Bootstrap[78]: Time 0.522592 seconds, bootstrap likelihood -3028.861766, best rearrangement setting 15
Bootstrap[79]: Time 0.603573 seconds, bootstrap likelihood -2715.501514, best rearrangement setting 9
Bootstrap[80]: Time 0.484000 seconds, bootstrap likelihood -2919.641969, best rearrangement setting 15
Bootstrap[81]: Time 0.524073 seconds, bootstrap likelihood -2560.417072, best rearrangement setting 7
Bootstrap[82]: Time 0.510243 seconds, bootstrap likelihood -2714.113574, best rearrangement setting 6
Bootstrap[83]: Time 0.598900 seconds, bootstrap likelihood -2816.914243, best rearrangement setting 10
Bootstrap[84]: Time 0.541482 seconds, bootstrap likelihood -3229.811402, best rearrangement setting 11
Bootstrap[85]: Time 0.512509 seconds, bootstrap likelihood -2979.241830, best rearrangement setting 8
Bootstrap[86]: Time 0.497560 seconds, bootstrap likelihood -3014.742656, best rearrangement setting 7
Bootstrap[87]: Time 0.547609 seconds, bootstrap likelihood -2910.314304, best rearrangement setting 7
Bootstrap[88]: Time 0.480373 seconds, bootstrap likelihood -2727.576326, best rearrangement setting 12
Bootstrap[89]: Time 0.632118 seconds, bootstrap likelihood -3099.700495, best rearrangement setting 10
Bootstrap[90]: Time 0.515975 seconds, bootstrap likelihood -3085.628418, best rearrangement setting 8
Bootstrap[91]: Time 0.550046 seconds, bootstrap likelihood -2848.673396, best rearrangement setting 12
Bootstrap[92]: Time 0.603689 seconds, bootstrap likelihood -3113.646948, best rearrangement setting 13
Bootstrap[93]: Time 0.635793 seconds, bootstrap likelihood -3054.234634, best rearrangement setting 15
Bootstrap[94]: Time 0.612071 seconds, bootstrap likelihood -2947.642009, best rearrangement setting 5
Bootstrap[95]: Time 0.510228 seconds, bootstrap likelihood -2868.384712, best rearrangement setting 5
Bootstrap[96]: Time 0.502659 seconds, bootstrap likelihood -2669.988770, best rearrangement setting 13
Bootstrap[97]: Time 0.434456 seconds, bootstrap likelihood -2862.392562, best rearrangement setting 11
Bootstrap[98]: Time 0.463835 seconds, bootstrap likelihood -2768.932257, best rearrangement setting 6
Bootstrap[99]: Time 0.560786 seconds, bootstrap likelihood -3157.274349, best rearrangement setting 14


Overall Time for 100 Rapid Bootstraps 55.026012 seconds
Average Time per Rapid Bootstrap 0.550260 seconds

Starting ML Search ...

Fast ML optimization finished

Fast ML search Time: 43.218827 seconds

Slow ML Search 0 Likelihood: -2929.819235
Slow ML Search 1 Likelihood: -2929.819235
Slow ML Search 2 Likelihood: -2929.819235
Slow ML Search 3 Likelihood: -2929.819235
Slow ML Search 4 Likelihood: -2929.819235
Slow ML Search 5 Likelihood: -2929.819235
Slow ML Search 6 Likelihood: -2929.819235
Slow ML Search 7 Likelihood: -2929.819235
Slow ML Search 8 Likelihood: -2929.819235
Slow ML Search 9 Likelihood: -2929.819235
Slow ML optimization finished

Slow ML search Time: 13.800355 seconds
Thorough ML search Time: 1.071304 seconds

Final ML Optimization Likelihood: -2929.819238

Model Information:

Model Parameters of Partition 0, Name: No Name Provided, Type of Data: AA
alpha: 1.433965
Tree-Length: 6.565628
rate A <-> R: 0.834583
rate A <-> N: 0.819222
rate A <-> D: 0.925128
rate A <-> C: 1.662834
rate A <-> Q: 1.489630
rate A <-> E: 1.571977
rate A <-> G: 2.244786
rate A <-> H: 0.646533
rate A <-> I: 0.598954
rate A <-> L: 0.724706
rate A <-> K: 1.003975
rate A <-> M: 1.277922
rate A <-> F: 0.462817
rate A <-> P: 1.839289
rate A <-> S: 4.317169
rate A <-> T: 3.556293
rate A <-> W: 0.369031
rate A <-> Y: 0.363867
rate A <-> V: 3.126612
rate R <-> N: 1.057005
rate R <-> D: 0.507678
rate R <-> C: 0.969161
rate R <-> Q: 3.706116
rate R <-> E: 0.910540
rate R <-> G: 0.882254
rate R <-> H: 3.310623
rate R <-> I: 0.290663
rate R <-> L: 0.563890
rate R <-> K: 6.735276
rate R <-> M: 0.839689
rate R <-> F: 0.284069
rate R <-> P: 0.880246
rate R <-> S: 1.291137
rate R <-> T: 0.898505
rate R <-> W: 1.019983
rate R <-> Y: 0.599251
rate R <-> V: 0.524914
rate N <-> D: 5.283707
rate N <-> C: 0.657885
rate N <-> Q: 2.026715
rate N <-> E: 1.351007
rate N <-> G: 1.621579
rate N <-> H: 4.166924
rate N <-> I: 0.617181
rate N <-> L: 0.275555
rate N <-> K: 2.960717
rate N <-> M: 0.630595
rate N <-> F: 0.339203
rate N <-> P: 0.477627
rate N <-> S: 4.117178
rate N <-> T: 2.612296
rate N <-> W: 0.121598
rate N <-> Y: 0.732534
rate N <-> V: 0.308350
rate D <-> C: 0.152794
rate D <-> Q: 1.113600
rate D <-> E: 6.514078
rate D <-> G: 1.287041
rate D <-> H: 1.442865
rate D <-> I: 0.145342
rate D <-> L: 0.240316
rate D <-> K: 0.976390
rate D <-> M: 0.274004
rate D <-> F: 0.112629
rate D <-> P: 0.720410
rate D <-> S: 1.490086
rate D <-> T: 1.013038
rate D <-> W: 0.167861
rate D <-> Y: 0.500750
rate D <-> V: 0.308919
rate C <-> Q: 0.308444
rate C <-> E: 0.303852
rate C <-> G: 0.741925
rate C <-> H: 1.021773
rate C <-> I: 0.613643
rate C <-> L: 0.946775
rate C <-> K: 0.226660
rate C <-> M: 0.821160
rate C <-> F: 1.139920
rate C <-> P: 0.290879
rate C <-> S: 2.445168
rate C <-> T: 1.180471
rate C <-> W: 1.094282
rate C <-> Y: 1.450943
rate C <-> V: 1.521385
rate Q <-> E: 4.580442
rate Q <-> G: 0.590073
rate Q <-> H: 5.375081
rate Q <-> I: 0.328297
rate Q <-> L: 0.895459
rate Q <-> K: 4.069075
rate Q <-> M: 1.284628
rate Q <-> F: 0.240264
rate Q <-> P: 1.547723
rate Q <-> S: 1.559457
rate Q <-> T: 1.450723
rate Q <-> W: 0.602375
rate Q <-> Y: 0.617470
rate Q <-> V: 0.428089
rate E <-> G: 0.931902
rate E <-> H: 1.099990
rate E <-> I: 0.271332
rate E <-> L: 0.377243
rate E <-> K: 2.910662
rate E <-> M: 0.502385
rate E <-> F: 0.155799
rate E <-> P: 1.017473
rate E <-> S: 1.228644
rate E <-> T: 1.065021
rate E <-> W: 0.282284
rate E <-> Y: 0.391188
rate E <-> V: 0.601130
rate G <-> H: 0.575626
rate G <-> I: 0.194183
rate G <-> L: 0.240616
rate G <-> K: 0.601466
rate G <-> M: 0.400379
rate G <-> F: 0.248352
rate G <-> P: 0.520740
rate G <-> S: 2.059969
rate G <-> T: 0.480570
rate G <-> W: 0.628642
rate G <-> Y: 0.226886
rate G <-> V: 0.416416
rate H <-> I: 0.389159
rate H <-> L: 0.723799
rate H <-> K: 1.215976
rate H <-> M: 0.928418
rate H <-> F: 0.916414
rate H <-> P: 1.235167
rate H <-> S: 1.324547
rate H <-> T: 1.084968
rate H <-> W: 0.423720
rate H <-> Y: 5.216687
rate H <-> V: 0.358586
rate I <-> L: 4.035459
rate I <-> K: 0.419843
rate I <-> M: 4.545028
rate I <-> F: 1.537308
rate I <-> P: 0.323501
rate I <-> S: 0.406611
rate I <-> T: 1.771324
rate I <-> W: 0.376835
rate I <-> Y: 0.580033
rate I <-> V: 10.000000
rate L <-> K: 0.379369
rate L <-> M: 5.400938
rate L <-> F: 2.932276
rate L <-> P: 0.678032
rate L <-> S: 0.602017
rate L <-> T: 0.685272
rate L <-> W: 1.020855
rate L <-> Y: 0.837242
rate L <-> V: 2.384069
rate K <-> M: 1.151735
rate K <-> F: 0.262931
rate K <-> P: 0.935857
rate K <-> S: 1.329706
rate K <-> T: 1.715451
rate K <-> W: 0.393461
rate K <-> Y: 0.526826
rate K <-> V: 0.524515
rate M <-> F: 1.559973
rate M <-> P: 0.333034
rate M <-> S: 0.716569
rate M <-> T: 2.261053
rate M <-> W: 0.987060
rate M <-> Y: 0.732819
rate M <-> V: 2.728754
rate F <-> P: 0.251922
rate F <-> S: 0.744920
rate F <-> T: 0.462769
rate F <-> W: 2.248947
rate F <-> Y: 6.982383
rate F <-> V: 1.145687
rate P <-> S: 2.384594
rate P <-> T: 1.310123
rate P <-> W: 0.290868
rate P <-> Y: 0.324019
rate P <-> V: 0.402442
rate S <-> T: 5.949061
rate S <-> W: 0.456610
rate S <-> Y: 0.641920
rate S <-> V: 0.625649
rate T <-> W: 0.303518
rate T <-> Y: 0.575832
rate T <-> V: 2.302318
rate W <-> Y: 3.050994
rate W <-> V: 0.380488
rate Y <-> V: 0.672362

freq pi(A): 0.077076
freq pi(R): 0.050082
freq pi(N): 0.046238
freq pi(D): 0.053793
freq pi(C): 0.014453
freq pi(Q): 0.040892
freq pi(E): 0.063358
freq pi(G): 0.065567
freq pi(H): 0.021880
freq pi(I): 0.059197
freq pi(L): 0.097646
freq pi(K): 0.059208
freq pi(M): 0.022070
freq pi(F): 0.041351
freq pi(P): 0.047687
freq pi(S): 0.070730
freq pi(T): 0.056776
freq pi(W): 0.012702
freq pi(Y): 0.032375
freq pi(V): 0.066919


ML search took 58.113814 secs or 0.016143 hours

Combined Bootstrap and ML search took 113.140064 secs or 0.031428 hours

Drawing Bootstrap Support Values on best-scoring ML tree ...



Found 1 tree in File /in/RAxML_bestTree.EOG091G0S8Y.clustalo.aln.ALICUT.VT



Found 1 tree in File /in/RAxML_bestTree.EOG091G0S8Y.clustalo.aln.ALICUT.VT

Program execution info written to /in/RAxML_info.EOG091G0S8Y.clustalo.aln.ALICUT.VT
All 100 bootstrapped trees written to: /in/RAxML_bootstrap.EOG091G0S8Y.clustalo.aln.ALICUT.VT

Best-scoring ML tree written to: /in/RAxML_bestTree.EOG091G0S8Y.clustalo.aln.ALICUT.VT

Best-scoring ML tree with support values written to: /in/RAxML_bipartitions.EOG091G0S8Y.clustalo.aln.ALICUT.VT

Best-scoring ML tree with support values as branch labels written to: /in/RAxML_bipartitionsBranchLabels.EOG091G0S8Y.clustalo.aln.ALICUT.VT

Overall execution time for full ML analysis: 113.142964 secs or 0.031429 hours or 0.001310 days

