
	reading taxa from FASTA ...


	C.intestinalis       -> sites: 648   
	O.viverrini          -> sites: 648   
	T.solium             -> sites: 648   
	G.turnbulli          -> sites: 648   
	D.rerio              -> sites: 648   
	D.melanogaster       -> sites: 648   
	G.salaris            -> sites: 648   
	R.norvegicus         -> sites: 648   
	H.microstoma         -> sites: 648   
	C.sinensis           -> sites: 648   
	H.robusta            -> sites: 648   


	data type             : amino acid sequences

	input ...

	infile		: EOG091G0CNT.clustalo.aln.fasta
	random pairs	: 200000000000000000
	window size	: 6
	indels		: ambiguous
	tree file	: -
	node level	: -
	strict profile	: -
	outgroup	: -
	matrix          : BLOSUM62

	number of taxa        : 11
	random number of pairs: 200000000000000000

	generates threshhold value for amino acid data
	using BLOSUM62

	checks for (potential) identical taxa


	scores site patterns ...


	max number of different pairs is 55
	max random pairs are scored!

	pair: 1      ->	taxon1: C.intestin	taxon2: O.viverrin
	            	positions below base line: 403
	pair: 2      ->	taxon1: C.intestin	taxon2: T.solium  
	            	positions below base line: 466
	pair: 3      ->	taxon1: C.intestin	taxon2: G.turnbull
	            	positions below base line: 405
	pair: 4      ->	taxon1: C.intestin	taxon2: D.rerio   
	            	positions below base line: 334
	pair: 5      ->	taxon1: C.intestin	taxon2: D.melanoga
	            	positions below base line: 358
	pair: 6      ->	taxon1: C.intestin	taxon2: G.salaris 
	            	positions below base line: 434
	pair: 7      ->	taxon1: C.intestin	taxon2: R.norvegic
	            	positions below base line: 348
	pair: 8      ->	taxon1: C.intestin	taxon2: H.microsto
	            	positions below base line: 407
	pair: 9      ->	taxon1: C.intestin	taxon2: C.sinensis
	            	positions below base line: 396
	pair: 10     ->	taxon1: C.intestin	taxon2: H.robusta 
	            	positions below base line: 341
	pair: 11     ->	taxon1: O.viverrin	taxon2: T.solium  
	            	positions below base line: 446
	pair: 12     ->	taxon1: O.viverrin	taxon2: G.turnbull
	            	positions below base line: 400
	pair: 13     ->	taxon1: O.viverrin	taxon2: D.rerio   
	            	positions below base line: 396
	pair: 14     ->	taxon1: O.viverrin	taxon2: D.melanoga
	            	positions below base line: 398
	pair: 15     ->	taxon1: O.viverrin	taxon2: G.salaris 
	            	positions below base line: 434
	pair: 16     ->	taxon1: O.viverrin	taxon2: R.norvegic
	            	positions below base line: 395
	pair: 17     ->	taxon1: O.viverrin	taxon2: H.microsto
	            	positions below base line: 382
	pair: 18     ->	taxon1: O.viverrin	taxon2: C.sinensis
	            	positions below base line: 296
	pair: 19     ->	taxon1: O.viverrin	taxon2: H.robusta 
	            	positions below base line: 386
	pair: 20     ->	taxon1: T.solium  	taxon2: G.turnbull
	            	positions below base line: 460
	pair: 21     ->	taxon1: T.solium  	taxon2: D.rerio   
	            	positions below base line: 470
	pair: 22     ->	taxon1: T.solium  	taxon2: D.melanoga
	            	positions below base line: 485
	pair: 23     ->	taxon1: T.solium  	taxon2: G.salaris 
	            	positions below base line: 487
	pair: 24     ->	taxon1: T.solium  	taxon2: R.norvegic
	            	positions below base line: 467
	pair: 25     ->	taxon1: T.solium  	taxon2: H.microsto
	            	positions below base line: 349
	pair: 26     ->	taxon1: T.solium  	taxon2: C.sinensis
	            	positions below base line: 447
	pair: 27     ->	taxon1: T.solium  	taxon2: H.robusta 
	            	positions below base line: 487
	pair: 28     ->	taxon1: G.turnbull	taxon2: D.rerio   
	            	positions below base line: 412
	pair: 29     ->	taxon1: G.turnbull	taxon2: D.melanoga
	            	positions below base line: 418
	pair: 30     ->	taxon1: G.turnbull	taxon2: G.salaris 
	            	positions below base line: 366
	pair: 31     ->	taxon1: G.turnbull	taxon2: R.norvegic
	            	positions below base line: 404
	pair: 32     ->	taxon1: G.turnbull	taxon2: H.microsto
	            	positions below base line: 406
	pair: 33     ->	taxon1: G.turnbull	taxon2: C.sinensis
	            	positions below base line: 401
	pair: 34     ->	taxon1: G.turnbull	taxon2: H.robusta 
	            	positions below base line: 405
	pair: 35     ->	taxon1: D.rerio   	taxon2: D.melanoga
	            	positions below base line: 356
	pair: 36     ->	taxon1: D.rerio   	taxon2: G.salaris 
	            	positions below base line: 430
	pair: 37     ->	taxon1: D.rerio   	taxon2: R.norvegic
	            	positions below base line: 291
	pair: 38     ->	taxon1: D.rerio   	taxon2: H.microsto
	            	positions below base line: 420
	pair: 39     ->	taxon1: D.rerio   	taxon2: C.sinensis
	            	positions below base line: 396
	pair: 40     ->	taxon1: D.rerio   	taxon2: H.robusta 
	            	positions below base line: 342
	pair: 41     ->	taxon1: D.melanoga	taxon2: G.salaris 
	            	positions below base line: 446
	pair: 42     ->	taxon1: D.melanoga	taxon2: R.norvegic
	            	positions below base line: 354
	pair: 43     ->	taxon1: D.melanoga	taxon2: H.microsto
	            	positions below base line: 423
	pair: 44     ->	taxon1: D.melanoga	taxon2: C.sinensis
	            	positions below base line: 397
	pair: 45     ->	taxon1: D.melanoga	taxon2: H.robusta 
	            	positions below base line: 363
	pair: 46     ->	taxon1: G.salaris 	taxon2: R.norvegic
	            	positions below base line: 442
	pair: 47     ->	taxon1: G.salaris 	taxon2: H.microsto
	            	positions below base line: 414
	pair: 48     ->	taxon1: G.salaris 	taxon2: C.sinensis
	            	positions below base line: 437
	pair: 49     ->	taxon1: G.salaris 	taxon2: H.robusta 
	            	positions below base line: 437
	pair: 50     ->	taxon1: R.norvegic	taxon2: H.microsto
	            	positions below base line: 401
	pair: 51     ->	taxon1: R.norvegic	taxon2: C.sinensis
	            	positions below base line: 388
	pair: 52     ->	taxon1: R.norvegic	taxon2: H.robusta 
	            	positions below base line: 344
	pair: 53     ->	taxon1: H.microsto	taxon2: C.sinensis
	            	positions below base line: 383
	pair: 54     ->	taxon1: H.microsto	taxon2: H.robusta 
	            	positions below base line: 425
	pair: 55     ->	taxon1: C.sinensis	taxon2: H.robusta 
	            	positions below base line: 387

	generates quality profile from collected scores ...


	scoring done ...


	generates vector plot from collected scores ...


Argument "-" treated as 0 in increment (++) at /usr/bin/Aliscore.pl line 1213.
	Profile written to EOG091G0CNT.clustalo.aln.fasta_Profile_random.txt
	List   written to EOG091G0CNT.clustalo.aln.fasta_List_random.txt

	time used: 4.13 sec

