--2018-12-14 10:02:56--  http://www.orthodb.org/fasta?query=EOG091G0262&level=33208
Resolving www.orthodb.org (www.orthodb.org)... 142.93.108.123, 2a03:b0c0:3:e0::1b:1
Connecting to www.orthodb.org (www.orthodb.org)|142.93.108.123|:80... connected.
HTTP request sent, awaiting response... 301 Moved Permanently
Location: https://www.orthodb.org/fasta?query=EOG091G0262&level=33208 [following]
--2018-12-14 10:02:56--  https://www.orthodb.org/fasta?query=EOG091G0262&level=33208
Connecting to www.orthodb.org (www.orthodb.org)|142.93.108.123|:443... connected.
HTTP request sent, awaiting response... 200 OK
Length: 625229 (611K) [text/plain]
Saving to: ‘EOG091G0262/EOG091G0262.orthodb.fasta’

     0K .......... .......... .......... .......... ..........  8%  867K 1s
    50K .......... .......... .......... .......... .......... 16% 1,14M 1s
   100K .......... .......... .......... .......... .......... 24% 2,45M 0s
   150K .......... .......... .......... .......... .......... 32% 1,13M 0s
   200K .......... .......... .......... .......... .......... 40% 2,66M 0s
   250K .......... .......... .......... .......... .......... 49% 2,12M 0s
   300K .......... .......... .......... .......... .......... 57% 2,56M 0s
   350K .......... .......... .......... .......... .......... 65% 2,19M 0s
   400K .......... .......... .......... .......... .......... 73% 2,77M 0s
   450K .......... .......... .......... .......... .......... 81% 2,69M 0s
   500K .......... .......... .......... .......... .......... 90% 1,96M 0s
   550K .......... .......... .......... .......... .......... 98% 3,24M 0s
   600K ..........                                            100% 13,2M=0,3s

2018-12-14 10:02:57 (1,85 MB/s) - ‘EOG091G0262/EOG091G0262.orthodb.fasta’ saved [625229/625229]

