
WARNING: The number of threads is currently set to 1
You can specify the number of threads to run via -T numberOfThreads
NumberOfThreads must be set to an integer value greater than 1

RAxML, will now set the number of threads automatically to 2 !


RAxML can't, parse the alignment file as phylip file 
it will now try to parse it as FASTA file


This is the RAxML Master Pthread

This is RAxML Worker Pthread Number: 1


This is RAxML version 8.2.12 released by Alexandros Stamatakis on May 2018.

With greatly appreciated code contributions by:
Andre Aberer      (HITS)
Simon Berger      (HITS)
Alexey Kozlov     (HITS)
Kassian Kobert    (HITS)
David Dao         (KIT and HITS)
Sarah Lutteropp   (KIT and HITS)
Nick Pattengale   (Sandia)
Wayne Pfeiffer    (SDSC)
Akifumi S. Tanabe (NRIFS)
Charlie Taylor    (UF)


Alignment has 345 distinct alignment patterns

Proportion of gaps and completely undetermined characters in this alignment: 12.21%

RAxML rapid bootstrapping and subsequent ML search

Using 1 distinct models/data partitions with joint branch length optimization



Executing 100 rapid bootstrap inferences and thereafter a thorough ML search 

All free model parameters will be estimated by RAxML
GAMMA model of rate heterogeneity, ML estimate of alpha-parameter

GAMMA Model parameters will be estimated up to an accuracy of 0.1000000000 Log Likelihood units

Partition: 0
Alignment Patterns: 345
Name: No Name Provided
DataType: AA
Substitution Matrix: LG
Using empirical base frequencies




RAxML was called as follows:

raxml -f a -T 1 -m PROTGAMMALGF -p 12345 -x 12345 -# 100 -s ALICUT_EOG091G09U9.clustalo.aln.fasta -n EOG091G09U9.clustalo.aln.ALICUT.LGF 



Time for BS model parameter optimization 0.045417
Bootstrap[0]: Time 0.824406 seconds, bootstrap likelihood -5374.751157, best rearrangement setting 13
Bootstrap[1]: Time 0.784364 seconds, bootstrap likelihood -5195.516700, best rearrangement setting 13
Bootstrap[2]: Time 0.743085 seconds, bootstrap likelihood -5171.454026, best rearrangement setting 12
Bootstrap[3]: Time 0.788712 seconds, bootstrap likelihood -5053.969168, best rearrangement setting 15
Bootstrap[4]: Time 0.785622 seconds, bootstrap likelihood -5164.629456, best rearrangement setting 10
Bootstrap[5]: Time 0.764383 seconds, bootstrap likelihood -5012.962798, best rearrangement setting 10
Bootstrap[6]: Time 0.730682 seconds, bootstrap likelihood -5040.830260, best rearrangement setting 6
Bootstrap[7]: Time 0.779956 seconds, bootstrap likelihood -5213.416296, best rearrangement setting 14
Bootstrap[8]: Time 1.100420 seconds, bootstrap likelihood -5045.805721, best rearrangement setting 5
Bootstrap[9]: Time 0.565904 seconds, bootstrap likelihood -5457.757756, best rearrangement setting 7
Bootstrap[10]: Time 1.252148 seconds, bootstrap likelihood -5228.797728, best rearrangement setting 7
Bootstrap[11]: Time 1.117183 seconds, bootstrap likelihood -4900.911107, best rearrangement setting 5
Bootstrap[12]: Time 1.142891 seconds, bootstrap likelihood -5144.488064, best rearrangement setting 8
Bootstrap[13]: Time 1.239362 seconds, bootstrap likelihood -4821.095204, best rearrangement setting 7
Bootstrap[14]: Time 1.201527 seconds, bootstrap likelihood -4987.333736, best rearrangement setting 12
Bootstrap[15]: Time 1.071634 seconds, bootstrap likelihood -5196.325314, best rearrangement setting 15
Bootstrap[16]: Time 1.236428 seconds, bootstrap likelihood -5136.218126, best rearrangement setting 12
Bootstrap[17]: Time 1.300548 seconds, bootstrap likelihood -5095.317228, best rearrangement setting 12
Bootstrap[18]: Time 1.112734 seconds, bootstrap likelihood -4884.815074, best rearrangement setting 5
Bootstrap[19]: Time 1.248050 seconds, bootstrap likelihood -5271.894153, best rearrangement setting 8
Bootstrap[20]: Time 1.198344 seconds, bootstrap likelihood -5063.437635, best rearrangement setting 10
Bootstrap[21]: Time 1.254792 seconds, bootstrap likelihood -5205.893165, best rearrangement setting 6
Bootstrap[22]: Time 1.377617 seconds, bootstrap likelihood -5347.879029, best rearrangement setting 5
Bootstrap[23]: Time 1.220156 seconds, bootstrap likelihood -5105.332369, best rearrangement setting 7
Bootstrap[24]: Time 1.260920 seconds, bootstrap likelihood -5257.540109, best rearrangement setting 8
Bootstrap[25]: Time 1.177235 seconds, bootstrap likelihood -5398.157064, best rearrangement setting 6
Bootstrap[26]: Time 1.187766 seconds, bootstrap likelihood -5343.905995, best rearrangement setting 12
Bootstrap[27]: Time 1.234402 seconds, bootstrap likelihood -4960.063656, best rearrangement setting 10
Bootstrap[28]: Time 1.147065 seconds, bootstrap likelihood -4945.447995, best rearrangement setting 11
Bootstrap[29]: Time 1.166830 seconds, bootstrap likelihood -5145.957865, best rearrangement setting 12
Bootstrap[30]: Time 1.240550 seconds, bootstrap likelihood -5585.564259, best rearrangement setting 15
Bootstrap[31]: Time 1.253797 seconds, bootstrap likelihood -5243.708081, best rearrangement setting 15
Bootstrap[32]: Time 1.148761 seconds, bootstrap likelihood -5428.905462, best rearrangement setting 6
Bootstrap[33]: Time 1.173861 seconds, bootstrap likelihood -4950.212599, best rearrangement setting 15
Bootstrap[34]: Time 1.104898 seconds, bootstrap likelihood -4919.284856, best rearrangement setting 11
Bootstrap[35]: Time 1.122207 seconds, bootstrap likelihood -5129.742670, best rearrangement setting 8
Bootstrap[36]: Time 1.135524 seconds, bootstrap likelihood -4785.897422, best rearrangement setting 9
Bootstrap[37]: Time 1.268988 seconds, bootstrap likelihood -4920.814770, best rearrangement setting 11
Bootstrap[38]: Time 0.580664 seconds, bootstrap likelihood -5255.753792, best rearrangement setting 8
Bootstrap[39]: Time 1.111051 seconds, bootstrap likelihood -5304.882597, best rearrangement setting 13
Bootstrap[40]: Time 1.223431 seconds, bootstrap likelihood -4867.908829, best rearrangement setting 13
Bootstrap[41]: Time 1.355707 seconds, bootstrap likelihood -5300.671978, best rearrangement setting 10
Bootstrap[42]: Time 1.279964 seconds, bootstrap likelihood -5429.670700, best rearrangement setting 5
Bootstrap[43]: Time 1.107165 seconds, bootstrap likelihood -4849.464087, best rearrangement setting 14
Bootstrap[44]: Time 1.232197 seconds, bootstrap likelihood -5262.183021, best rearrangement setting 10
Bootstrap[45]: Time 1.195508 seconds, bootstrap likelihood -5517.023627, best rearrangement setting 15
Bootstrap[46]: Time 0.602287 seconds, bootstrap likelihood -5375.904626, best rearrangement setting 14
Bootstrap[47]: Time 1.268694 seconds, bootstrap likelihood -5311.935122, best rearrangement setting 8
Bootstrap[48]: Time 1.242893 seconds, bootstrap likelihood -5355.232461, best rearrangement setting 6
Bootstrap[49]: Time 1.317523 seconds, bootstrap likelihood -5372.617804, best rearrangement setting 7
Bootstrap[50]: Time 1.157898 seconds, bootstrap likelihood -5208.444028, best rearrangement setting 7
Bootstrap[51]: Time 1.164192 seconds, bootstrap likelihood -5133.438722, best rearrangement setting 11
Bootstrap[52]: Time 0.543376 seconds, bootstrap likelihood -4910.503097, best rearrangement setting 12
Bootstrap[53]: Time 1.077376 seconds, bootstrap likelihood -5155.166846, best rearrangement setting 8
Bootstrap[54]: Time 0.488609 seconds, bootstrap likelihood -5043.950995, best rearrangement setting 9
Bootstrap[55]: Time 1.149351 seconds, bootstrap likelihood -5244.906899, best rearrangement setting 11
Bootstrap[56]: Time 1.155542 seconds, bootstrap likelihood -5309.149421, best rearrangement setting 5
Bootstrap[57]: Time 1.228353 seconds, bootstrap likelihood -5232.813046, best rearrangement setting 7
Bootstrap[58]: Time 1.295711 seconds, bootstrap likelihood -5511.619672, best rearrangement setting 10
Bootstrap[59]: Time 1.178127 seconds, bootstrap likelihood -4936.784106, best rearrangement setting 9
Bootstrap[60]: Time 1.211244 seconds, bootstrap likelihood -5256.958903, best rearrangement setting 7
Bootstrap[61]: Time 1.190066 seconds, bootstrap likelihood -4736.197070, best rearrangement setting 5
Bootstrap[62]: Time 1.234574 seconds, bootstrap likelihood -5313.831618, best rearrangement setting 11
Bootstrap[63]: Time 1.294180 seconds, bootstrap likelihood -5376.740312, best rearrangement setting 12
Bootstrap[64]: Time 1.153444 seconds, bootstrap likelihood -4834.656583, best rearrangement setting 7
Bootstrap[65]: Time 1.203289 seconds, bootstrap likelihood -5403.020412, best rearrangement setting 5
Bootstrap[66]: Time 1.192009 seconds, bootstrap likelihood -5228.354886, best rearrangement setting 5
Bootstrap[67]: Time 1.108537 seconds, bootstrap likelihood -5324.086521, best rearrangement setting 15
Bootstrap[68]: Time 1.209964 seconds, bootstrap likelihood -5458.965420, best rearrangement setting 11
Bootstrap[69]: Time 1.242145 seconds, bootstrap likelihood -5195.299436, best rearrangement setting 5
Bootstrap[70]: Time 1.267162 seconds, bootstrap likelihood -5173.530295, best rearrangement setting 8
Bootstrap[71]: Time 1.138392 seconds, bootstrap likelihood -5030.460595, best rearrangement setting 10
Bootstrap[72]: Time 0.589852 seconds, bootstrap likelihood -5093.484347, best rearrangement setting 11
Bootstrap[73]: Time 1.167299 seconds, bootstrap likelihood -4910.035256, best rearrangement setting 9
Bootstrap[74]: Time 1.333407 seconds, bootstrap likelihood -5265.811954, best rearrangement setting 5
Bootstrap[75]: Time 1.272019 seconds, bootstrap likelihood -5295.061187, best rearrangement setting 8
Bootstrap[76]: Time 1.083994 seconds, bootstrap likelihood -5195.859243, best rearrangement setting 9
Bootstrap[77]: Time 1.154879 seconds, bootstrap likelihood -5033.168792, best rearrangement setting 11
Bootstrap[78]: Time 1.272580 seconds, bootstrap likelihood -5104.608582, best rearrangement setting 15
Bootstrap[79]: Time 1.411576 seconds, bootstrap likelihood -5381.065007, best rearrangement setting 9
Bootstrap[80]: Time 1.191900 seconds, bootstrap likelihood -5053.945068, best rearrangement setting 15
Bootstrap[81]: Time 1.309780 seconds, bootstrap likelihood -5411.433247, best rearrangement setting 7
Bootstrap[82]: Time 1.292293 seconds, bootstrap likelihood -5315.875727, best rearrangement setting 6
Bootstrap[83]: Time 1.218173 seconds, bootstrap likelihood -5366.424704, best rearrangement setting 10
Bootstrap[84]: Time 1.133782 seconds, bootstrap likelihood -5174.774806, best rearrangement setting 11
Bootstrap[85]: Time 1.332532 seconds, bootstrap likelihood -5178.421893, best rearrangement setting 8
Bootstrap[86]: Time 1.299630 seconds, bootstrap likelihood -5257.515188, best rearrangement setting 7
Bootstrap[87]: Time 1.299503 seconds, bootstrap likelihood -5390.351940, best rearrangement setting 7
Bootstrap[88]: Time 1.187483 seconds, bootstrap likelihood -4981.428920, best rearrangement setting 12
Bootstrap[89]: Time 1.176260 seconds, bootstrap likelihood -5327.934265, best rearrangement setting 10
Bootstrap[90]: Time 1.435837 seconds, bootstrap likelihood -5429.160931, best rearrangement setting 8
Bootstrap[91]: Time 1.224214 seconds, bootstrap likelihood -5190.892380, best rearrangement setting 12
Bootstrap[92]: Time 1.212064 seconds, bootstrap likelihood -5256.736757, best rearrangement setting 13
Bootstrap[93]: Time 1.133761 seconds, bootstrap likelihood -5030.003881, best rearrangement setting 15
Bootstrap[94]: Time 1.144206 seconds, bootstrap likelihood -5316.096162, best rearrangement setting 5
Bootstrap[95]: Time 0.737213 seconds, bootstrap likelihood -5623.362235, best rearrangement setting 5
Bootstrap[96]: Time 0.779388 seconds, bootstrap likelihood -5277.762991, best rearrangement setting 13
Bootstrap[97]: Time 0.829754 seconds, bootstrap likelihood -5259.728223, best rearrangement setting 11
Bootstrap[98]: Time 0.698804 seconds, bootstrap likelihood -5385.330880, best rearrangement setting 6
Bootstrap[99]: Time 0.717315 seconds, bootstrap likelihood -5266.863020, best rearrangement setting 14


Overall Time for 100 Rapid Bootstraps 111.529653 seconds
Average Time per Rapid Bootstrap 1.115297 seconds

Starting ML Search ...

Fast ML optimization finished

Fast ML search Time: 73.403624 seconds

Slow ML Search 0 Likelihood: -5239.703741
Slow ML Search 1 Likelihood: -5239.703741
Slow ML Search 2 Likelihood: -5239.703741
Slow ML Search 3 Likelihood: -5239.703741
Slow ML Search 4 Likelihood: -5239.703741
Slow ML Search 5 Likelihood: -5239.703741
Slow ML Search 6 Likelihood: -5239.703741
Slow ML Search 7 Likelihood: -5239.703741
Slow ML Search 8 Likelihood: -5239.703741
Slow ML Search 9 Likelihood: -5239.703741
Slow ML optimization finished

Slow ML search Time: 20.826284 seconds
Thorough ML search Time: 1.943949 seconds

Final ML Optimization Likelihood: -5239.703741

Model Information:

Model Parameters of Partition 0, Name: No Name Provided, Type of Data: AA
alpha: 0.962375
Tree-Length: 3.566504
rate A <-> R: 0.399182
rate A <-> N: 0.259945
rate A <-> D: 0.371058
rate A <-> C: 2.337364
rate A <-> Q: 0.910775
rate A <-> E: 0.975241
rate A <-> G: 1.940106
rate A <-> H: 0.336984
rate A <-> I: 0.140697
rate A <-> L: 0.371240
rate A <-> K: 0.503815
rate A <-> M: 1.055520
rate A <-> F: 0.238237
rate A <-> P: 1.105868
rate A <-> S: 4.439041
rate A <-> T: 2.009090
rate A <-> W: 0.169702
rate A <-> Y: 0.205613
rate A <-> V: 2.392567
rate R <-> N: 0.706048
rate R <-> D: 0.116398
rate R <-> C: 0.501968
rate R <-> Q: 2.636754
rate R <-> E: 0.341785
rate R <-> G: 0.366408
rate R <-> H: 2.278690
rate R <-> I: 0.119250
rate R <-> L: 0.283449
rate R <-> K: 5.940467
rate R <-> M: 0.454623
rate R <-> F: 0.049508
rate R <-> P: 0.312264
rate R <-> S: 0.805843
rate R <-> T: 0.543695
rate R <-> W: 0.557424
rate R <-> Y: 0.295274
rate R <-> V: 0.160471
rate N <-> D: 4.766737
rate N <-> C: 0.496537
rate N <-> Q: 1.592389
rate N <-> E: 0.508692
rate N <-> G: 1.350015
rate N <-> H: 4.234381
rate N <-> I: 0.179830
rate N <-> L: 0.064256
rate N <-> K: 2.014327
rate N <-> M: 0.348390
rate N <-> F: 0.084068
rate N <-> P: 0.151925
rate N <-> S: 3.764032
rate N <-> T: 1.878729
rate N <-> W: 0.042610
rate N <-> Y: 0.574720
rate N <-> V: 0.078587
rate D <-> C: 0.058743
rate D <-> Q: 0.491483
rate D <-> E: 4.924234
rate D <-> G: 0.793424
rate D <-> H: 0.870603
rate D <-> I: 0.010038
rate D <-> L: 0.014157
rate D <-> K: 0.265711
rate D <-> M: 0.023991
rate D <-> F: 0.016354
rate D <-> P: 0.370412
rate D <-> S: 1.164675
rate D <-> T: 0.399902
rate D <-> W: 0.028068
rate D <-> Y: 0.126872
rate D <-> V: 0.035653
rate C <-> Q: 0.079639
rate C <-> E: 0.003286
rate C <-> G: 0.534566
rate C <-> H: 0.601499
rate C <-> I: 0.301083
rate C <-> L: 0.557800
rate C <-> K: 0.012457
rate C <-> M: 0.839207
rate C <-> F: 1.037881
rate C <-> P: 0.070787
rate C <-> S: 2.614753
rate C <-> T: 1.073780
rate C <-> W: 0.629281
rate C <-> Y: 1.094488
rate C <-> V: 1.839864
rate Q <-> E: 3.876936
rate Q <-> G: 0.251626
rate Q <-> H: 4.520102
rate Q <-> I: 0.068413
rate Q <-> L: 0.546954
rate Q <-> K: 3.037150
rate Q <-> M: 1.570619
rate Q <-> F: 0.033669
rate Q <-> P: 0.586241
rate Q <-> S: 1.149231
rate Q <-> T: 1.014297
rate Q <-> W: 0.221802
rate Q <-> Y: 0.241650
rate Q <-> V: 0.197511
rate E <-> G: 0.327583
rate E <-> H: 0.398044
rate E <-> I: 0.041567
rate E <-> L: 0.065426
rate E <-> K: 1.697022
rate E <-> M: 0.163145
rate E <-> F: 0.017664
rate E <-> P: 0.393844
rate E <-> S: 0.574671
rate E <-> T: 0.567695
rate E <-> W: 0.073107
rate E <-> Y: 0.112720
rate E <-> V: 0.230098
rate G <-> H: 0.292498
rate G <-> I: 0.008174
rate G <-> L: 0.041563
rate G <-> K: 0.278555
rate G <-> M: 0.131033
rate G <-> F: 0.084125
rate G <-> P: 0.184955
rate G <-> S: 1.633930
rate G <-> T: 0.121922
rate G <-> W: 0.252125
rate G <-> Y: 0.051346
rate G <-> V: 0.072026
rate H <-> I: 0.102245
rate H <-> L: 0.343988
rate H <-> K: 0.654763
rate H <-> M: 0.415502
rate H <-> F: 0.640560
rate H <-> P: 0.477834
rate H <-> S: 0.929667
rate H <-> T: 0.548649
rate H <-> W: 0.560661
rate H <-> Y: 4.983361
rate H <-> V: 0.111759
rate I <-> L: 3.892408
rate I <-> K: 0.149373
rate I <-> M: 4.013113
rate I <-> F: 1.044902
rate I <-> P: 0.073509
rate I <-> S: 0.060198
rate I <-> T: 0.970728
rate I <-> W: 0.104854
rate I <-> Y: 0.218350
rate I <-> V: 10.000000
rate L <-> K: 0.129119
rate L <-> M: 5.927594
rate L <-> F: 2.434657
rate L <-> P: 0.233879
rate L <-> S: 0.171176
rate L <-> T: 0.284471
rate L <-> W: 0.581863
rate L <-> Y: 0.281383
rate L <-> V: 1.598956
rate K <-> M: 0.616581
rate K <-> F: 0.022460
rate K <-> P: 0.366530
rate K <-> S: 0.703048
rate K <-> T: 1.067567
rate K <-> W: 0.046864
rate K <-> Y: 0.123890
rate K <-> V: 0.173913
rate M <-> F: 1.689205
rate M <-> P: 0.093763
rate M <-> S: 0.325811
rate M <-> T: 1.897216
rate M <-> W: 0.653740
rate M <-> Y: 0.451968
rate M <-> V: 1.782983
rate F <-> P: 0.088706
rate F <-> S: 0.339765
rate F <-> T: 0.154944
rate F <-> W: 2.307349
rate F <-> Y: 7.328222
rate F <-> V: 0.614777
rate P <-> S: 1.256567
rate P <-> T: 0.536635
rate P <-> W: 0.089332
rate P <-> Y: 0.084151
rate P <-> V: 0.278428
rate S <-> T: 6.077767
rate S <-> W: 0.233693
rate S <-> Y: 0.376132
rate S <-> V: 0.092373
rate T <-> W: 0.132241
rate T <-> Y: 0.230856
rate T <-> V: 2.054781
rate W <-> Y: 2.959699
rate W <-> V: 0.177959
rate Y <-> V: 0.234116

freq pi(A): 0.059504
freq pi(R): 0.048406
freq pi(N): 0.034002
freq pi(D): 0.073672
freq pi(C): 0.016765
freq pi(Q): 0.039906
freq pi(E): 0.058560
freq pi(G): 0.057615
freq pi(H): 0.022196
freq pi(I): 0.076033
freq pi(L): 0.081228
freq pi(K): 0.073908
freq pi(M): 0.020543
freq pi(F): 0.076033
freq pi(P): 0.049587
freq pi(S): 0.062574
freq pi(T): 0.054309
freq pi(W): 0.008973
freq pi(Y): 0.029988
freq pi(V): 0.056198


ML search took 96.209668 secs or 0.026725 hours

Combined Bootstrap and ML search took 207.739574 secs or 0.057705 hours

Drawing Bootstrap Support Values on best-scoring ML tree ...



Found 1 tree in File /in/RAxML_bestTree.EOG091G09U9.clustalo.aln.ALICUT.LGF



Found 1 tree in File /in/RAxML_bestTree.EOG091G09U9.clustalo.aln.ALICUT.LGF

Program execution info written to /in/RAxML_info.EOG091G09U9.clustalo.aln.ALICUT.LGF
All 100 bootstrapped trees written to: /in/RAxML_bootstrap.EOG091G09U9.clustalo.aln.ALICUT.LGF

Best-scoring ML tree written to: /in/RAxML_bestTree.EOG091G09U9.clustalo.aln.ALICUT.LGF

Best-scoring ML tree with support values written to: /in/RAxML_bipartitions.EOG091G09U9.clustalo.aln.ALICUT.LGF

Best-scoring ML tree with support values as branch labels written to: /in/RAxML_bipartitionsBranchLabels.EOG091G09U9.clustalo.aln.ALICUT.LGF

Overall execution time for full ML analysis: 207.744214 secs or 0.057707 hours or 0.002404 days

