
	reading taxa from FASTA ...


	D.rerio              -> sites: 3167  
	E.granulosus         -> sites: 3167  
	R.norvegicus         -> sites: 3167  
	C.intestinalis       -> sites: 3167  
	H.robusta            -> sites: 3167  
	D.melanogaster       -> sites: 3167  
	M.lignano            -> sites: 3167  
	C.sinensis           -> sites: 3167  
	O.viverrini          -> sites: 3167  
	T.solium             -> sites: 3167  
	E.nipponicum         -> sites: 3167  


	data type             : amino acid sequences

	input ...

	infile		: EOG091G0NNO.clustalo.aln.fasta
	random pairs	: 200000000000000000
	window size	: 6
	indels		: ambiguous
	tree file	: -
	node level	: -
	strict profile	: -
	outgroup	: -
	matrix          : BLOSUM62

	number of taxa        : 11
	random number of pairs: 200000000000000000

	generates threshhold value for amino acid data
	using BLOSUM62

	checks for (potential) identical taxa


	scores site patterns ...


	max number of different pairs is 55
	max random pairs are scored!

	pair: 1      ->	taxon1: D.rerio   	taxon2: E.granulos
	            	positions below base line: 2893
	pair: 2      ->	taxon1: D.rerio   	taxon2: R.norvegic
	            	positions below base line: 2660
	pair: 3      ->	taxon1: D.rerio   	taxon2: C.intestin
	            	positions below base line: 2757
	pair: 4      ->	taxon1: D.rerio   	taxon2: H.robusta 
	            	positions below base line: 2764
	pair: 5      ->	taxon1: D.rerio   	taxon2: D.melanoga
	            	positions below base line: 2786
	pair: 6      ->	taxon1: D.rerio   	taxon2: M.lignano 
	            	positions below base line: 2842
	pair: 7      ->	taxon1: D.rerio   	taxon2: C.sinensis
	            	positions below base line: 2915
	pair: 8      ->	taxon1: D.rerio   	taxon2: O.viverrin
	            	positions below base line: 2908
	pair: 9      ->	taxon1: D.rerio   	taxon2: T.solium  
	            	positions below base line: 2969
	pair: 10     ->	taxon1: D.rerio   	taxon2: E.nipponic
	            	positions below base line: 2975
	pair: 11     ->	taxon1: E.granulos	taxon2: R.norvegic
	            	positions below base line: 2900
	pair: 12     ->	taxon1: E.granulos	taxon2: C.intestin
	            	positions below base line: 2919
	pair: 13     ->	taxon1: E.granulos	taxon2: H.robusta 
	            	positions below base line: 2921
	pair: 14     ->	taxon1: E.granulos	taxon2: D.melanoga
	            	positions below base line: 2949
	pair: 15     ->	taxon1: E.granulos	taxon2: M.lignano 
	            	positions below base line: 2971
	pair: 16     ->	taxon1: E.granulos	taxon2: C.sinensis
	            	positions below base line: 2996
	pair: 17     ->	taxon1: E.granulos	taxon2: O.viverrin
	            	positions below base line: 2914
	pair: 18     ->	taxon1: E.granulos	taxon2: T.solium  
	            	positions below base line: 2892
	pair: 19     ->	taxon1: E.granulos	taxon2: E.nipponic
	            	positions below base line: 3023
	pair: 20     ->	taxon1: R.norvegic	taxon2: C.intestin
	            	positions below base line: 2772
	pair: 21     ->	taxon1: R.norvegic	taxon2: H.robusta 
	            	positions below base line: 2764
	pair: 22     ->	taxon1: R.norvegic	taxon2: D.melanoga
	            	positions below base line: 2779
	pair: 23     ->	taxon1: R.norvegic	taxon2: M.lignano 
	            	positions below base line: 2874
	pair: 24     ->	taxon1: R.norvegic	taxon2: C.sinensis
	            	positions below base line: 2919
	pair: 25     ->	taxon1: R.norvegic	taxon2: O.viverrin
	            	positions below base line: 2895
	pair: 26     ->	taxon1: R.norvegic	taxon2: T.solium  
	            	positions below base line: 2980
	pair: 27     ->	taxon1: R.norvegic	taxon2: E.nipponic
	            	positions below base line: 2994
	pair: 28     ->	taxon1: C.intestin	taxon2: H.robusta 
	            	positions below base line: 2793
	pair: 29     ->	taxon1: C.intestin	taxon2: D.melanoga
	            	positions below base line: 2790
	pair: 30     ->	taxon1: C.intestin	taxon2: M.lignano 
	            	positions below base line: 2894
	pair: 31     ->	taxon1: C.intestin	taxon2: C.sinensis
	            	positions below base line: 2936
	pair: 32     ->	taxon1: C.intestin	taxon2: O.viverrin
	            	positions below base line: 2925
	pair: 33     ->	taxon1: C.intestin	taxon2: T.solium  
	            	positions below base line: 2988
	pair: 34     ->	taxon1: C.intestin	taxon2: E.nipponic
	            	positions below base line: 2986
	pair: 35     ->	taxon1: H.robusta 	taxon2: D.melanoga
	            	positions below base line: 2822
	pair: 36     ->	taxon1: H.robusta 	taxon2: M.lignano 
	            	positions below base line: 2877
	pair: 37     ->	taxon1: H.robusta 	taxon2: C.sinensis
	            	positions below base line: 2940
	pair: 38     ->	taxon1: H.robusta 	taxon2: O.viverrin
	            	positions below base line: 2916
	pair: 39     ->	taxon1: H.robusta 	taxon2: T.solium  
	            	positions below base line: 2986
	pair: 40     ->	taxon1: H.robusta 	taxon2: E.nipponic
	            	positions below base line: 3018
	pair: 41     ->	taxon1: D.melanoga	taxon2: M.lignano 
	            	positions below base line: 2891
	pair: 42     ->	taxon1: D.melanoga	taxon2: C.sinensis
	            	positions below base line: 2967
	pair: 43     ->	taxon1: D.melanoga	taxon2: O.viverrin
	            	positions below base line: 2948
	pair: 44     ->	taxon1: D.melanoga	taxon2: T.solium  
	            	positions below base line: 3000
	pair: 45     ->	taxon1: D.melanoga	taxon2: E.nipponic
	            	positions below base line: 2989
	pair: 46     ->	taxon1: M.lignano 	taxon2: C.sinensis
	            	positions below base line: 2918
	pair: 47     ->	taxon1: M.lignano 	taxon2: O.viverrin
	            	positions below base line: 2931
	pair: 48     ->	taxon1: M.lignano 	taxon2: T.solium  
	            	positions below base line: 3007
	pair: 49     ->	taxon1: M.lignano 	taxon2: E.nipponic
	            	positions below base line: 3024
	pair: 50     ->	taxon1: C.sinensis	taxon2: O.viverrin
	            	positions below base line: 3008
	pair: 51     ->	taxon1: C.sinensis	taxon2: T.solium  
	            	positions below base line: 3058
	pair: 52     ->	taxon1: C.sinensis	taxon2: E.nipponic
	            	positions below base line: 3008
	pair: 53     ->	taxon1: O.viverrin	taxon2: T.solium  
	            	positions below base line: 2982
	pair: 54     ->	taxon1: O.viverrin	taxon2: E.nipponic
	            	positions below base line: 3058
	pair: 55     ->	taxon1: T.solium  	taxon2: E.nipponic
	            	positions below base line: 3025

	generates quality profile from collected scores ...


	scoring done ...


	generates vector plot from collected scores ...


Argument "-" treated as 0 in increment (++) at /usr/bin/Aliscore.pl line 1213.
	Profile written to EOG091G0NNO.clustalo.aln.fasta_Profile_random.txt
	List   written to EOG091G0NNO.clustalo.aln.fasta_List_random.txt

	time used: 4.77 sec

