
	reading taxa from FASTA ...


	R.norvegicus         -> sites: 1049  
	T.solium             -> sites: 1049  
	C.sinensis           -> sites: 1049  
	S.mediterranea       -> sites: 1049  
	C.intestinalis       -> sites: 1049  
	E.granulosus         -> sites: 1049  
	D.melanogaster       -> sites: 1049  
	H.microstoma         -> sites: 1049  
	D.rerio              -> sites: 1049  
	L.gigantea           -> sites: 1049  
	G.salaris            -> sites: 1049  
	H.robusta            -> sites: 1049  


	data type             : amino acid sequences

	input ...

	infile		: EOG091G0291.clustalo.aln.fasta
	random pairs	: 200000000000000000
	window size	: 6
	indels		: ambiguous
	tree file	: -
	node level	: -
	strict profile	: -
	outgroup	: -
	matrix          : BLOSUM62

	number of taxa        : 12
	random number of pairs: 200000000000000000

	generates threshhold value for amino acid data
	using BLOSUM62

	checks for (potential) identical taxa


	scores site patterns ...


	max number of different pairs is 66
	max random pairs are scored!

	pair: 1      ->	taxon1: R.norvegic	taxon2: T.solium  
	            	positions below base line: 385
	pair: 2      ->	taxon1: R.norvegic	taxon2: C.sinensis
	            	positions below base line: 469
	pair: 3      ->	taxon1: R.norvegic	taxon2: S.mediterr
	            	positions below base line: 550
	pair: 4      ->	taxon1: R.norvegic	taxon2: C.intestin
	            	positions below base line: 302
	pair: 5      ->	taxon1: R.norvegic	taxon2: E.granulos
	            	positions below base line: 404
	pair: 6      ->	taxon1: R.norvegic	taxon2: D.melanoga
	            	positions below base line: 282
	pair: 7      ->	taxon1: R.norvegic	taxon2: H.microsto
	            	positions below base line: 442
	pair: 8      ->	taxon1: R.norvegic	taxon2: D.rerio   
	            	positions below base line: 199
	pair: 9      ->	taxon1: R.norvegic	taxon2: L.gigantea
	            	positions below base line: 264
	pair: 10     ->	taxon1: R.norvegic	taxon2: G.salaris 
	            	positions below base line: 421
	pair: 11     ->	taxon1: R.norvegic	taxon2: H.robusta 
	            	positions below base line: 365
	pair: 12     ->	taxon1: T.solium  	taxon2: C.sinensis
	            	positions below base line: 383
	pair: 13     ->	taxon1: T.solium  	taxon2: S.mediterr
	            	positions below base line: 567
	pair: 14     ->	taxon1: T.solium  	taxon2: C.intestin
	            	positions below base line: 370
	pair: 15     ->	taxon1: T.solium  	taxon2: E.granulos
	            	positions below base line: 271
	pair: 16     ->	taxon1: T.solium  	taxon2: D.melanoga
	            	positions below base line: 376
	pair: 17     ->	taxon1: T.solium  	taxon2: H.microsto
	            	positions below base line: 335
	pair: 18     ->	taxon1: T.solium  	taxon2: D.rerio   
	            	positions below base line: 377
	pair: 19     ->	taxon1: T.solium  	taxon2: L.gigantea
	            	positions below base line: 391
	pair: 20     ->	taxon1: T.solium  	taxon2: G.salaris 
	            	positions below base line: 380
	pair: 21     ->	taxon1: T.solium  	taxon2: H.robusta 
	            	positions below base line: 414
	pair: 22     ->	taxon1: C.sinensis	taxon2: S.mediterr
	            	positions below base line: 656
	pair: 23     ->	taxon1: C.sinensis	taxon2: C.intestin
	            	positions below base line: 466
	pair: 24     ->	taxon1: C.sinensis	taxon2: E.granulos
	            	positions below base line: 472
	pair: 25     ->	taxon1: C.sinensis	taxon2: D.melanoga
	            	positions below base line: 459
	pair: 26     ->	taxon1: C.sinensis	taxon2: H.microsto
	            	positions below base line: 519
	pair: 27     ->	taxon1: C.sinensis	taxon2: D.rerio   
	            	positions below base line: 476
	pair: 28     ->	taxon1: C.sinensis	taxon2: L.gigantea
	            	positions below base line: 477
	pair: 29     ->	taxon1: C.sinensis	taxon2: G.salaris 
	            	positions below base line: 508
	pair: 30     ->	taxon1: C.sinensis	taxon2: H.robusta 
	            	positions below base line: 504
	pair: 31     ->	taxon1: S.mediterr	taxon2: C.intestin
	            	positions below base line: 554
	pair: 32     ->	taxon1: S.mediterr	taxon2: E.granulos
	            	positions below base line: 587
	pair: 33     ->	taxon1: S.mediterr	taxon2: D.melanoga
	            	positions below base line: 548
	pair: 34     ->	taxon1: S.mediterr	taxon2: H.microsto
	            	positions below base line: 576
	pair: 35     ->	taxon1: S.mediterr	taxon2: D.rerio   
	            	positions below base line: 546
	pair: 36     ->	taxon1: S.mediterr	taxon2: L.gigantea
	            	positions below base line: 554
	pair: 37     ->	taxon1: S.mediterr	taxon2: G.salaris 
	            	positions below base line: 572
	pair: 38     ->	taxon1: S.mediterr	taxon2: H.robusta 
	            	positions below base line: 557
	pair: 39     ->	taxon1: C.intestin	taxon2: E.granulos
	            	positions below base line: 415
	pair: 40     ->	taxon1: C.intestin	taxon2: D.melanoga
	            	positions below base line: 308
	pair: 41     ->	taxon1: C.intestin	taxon2: H.microsto
	            	positions below base line: 444
	pair: 42     ->	taxon1: C.intestin	taxon2: D.rerio   
	            	positions below base line: 292
	pair: 43     ->	taxon1: C.intestin	taxon2: L.gigantea
	            	positions below base line: 313
	pair: 44     ->	taxon1: C.intestin	taxon2: G.salaris 
	            	positions below base line: 408
	pair: 45     ->	taxon1: C.intestin	taxon2: H.robusta 
	            	positions below base line: 369
	pair: 46     ->	taxon1: E.granulos	taxon2: D.melanoga
	            	positions below base line: 416
	pair: 47     ->	taxon1: E.granulos	taxon2: H.microsto
	            	positions below base line: 397
	pair: 48     ->	taxon1: E.granulos	taxon2: D.rerio   
	            	positions below base line: 395
	pair: 49     ->	taxon1: E.granulos	taxon2: L.gigantea
	            	positions below base line: 411
	pair: 50     ->	taxon1: E.granulos	taxon2: G.salaris 
	            	positions below base line: 380
	pair: 51     ->	taxon1: E.granulos	taxon2: H.robusta 
	            	positions below base line: 442
	pair: 52     ->	taxon1: D.melanoga	taxon2: H.microsto
	            	positions below base line: 448
	pair: 53     ->	taxon1: D.melanoga	taxon2: D.rerio   
	            	positions below base line: 285
	pair: 54     ->	taxon1: D.melanoga	taxon2: L.gigantea
	            	positions below base line: 282
	pair: 55     ->	taxon1: D.melanoga	taxon2: G.salaris 
	            	positions below base line: 422
	pair: 56     ->	taxon1: D.melanoga	taxon2: H.robusta 
	            	positions below base line: 375
	pair: 57     ->	taxon1: H.microsto	taxon2: D.rerio   
	            	positions below base line: 442
	pair: 58     ->	taxon1: H.microsto	taxon2: L.gigantea
	            	positions below base line: 449
	pair: 59     ->	taxon1: H.microsto	taxon2: G.salaris 
	            	positions below base line: 430
	pair: 60     ->	taxon1: H.microsto	taxon2: H.robusta 
	            	positions below base line: 469
	pair: 61     ->	taxon1: D.rerio   	taxon2: L.gigantea
	            	positions below base line: 282
	pair: 62     ->	taxon1: D.rerio   	taxon2: G.salaris 
	            	positions below base line: 422
	pair: 63     ->	taxon1: D.rerio   	taxon2: H.robusta 
	            	positions below base line: 365
	pair: 64     ->	taxon1: L.gigantea	taxon2: G.salaris 
	            	positions below base line: 416
	pair: 65     ->	taxon1: L.gigantea	taxon2: H.robusta 
	            	positions below base line: 378
	pair: 66     ->	taxon1: G.salaris 	taxon2: H.robusta 
	            	positions below base line: 455

	generates quality profile from collected scores ...


	scoring done ...


	generates vector plot from collected scores ...


Argument "-" treated as 0 in increment (++) at /usr/bin/Aliscore.pl line 1213.
	Profile written to EOG091G0291.clustalo.aln.fasta_Profile_random.txt
	List   written to EOG091G0291.clustalo.aln.fasta_List_random.txt

	time used: 4.22 sec

