--2018-12-14 10:07:42--  http://www.orthodb.org/fasta?query=EOG091G0291&level=33208
Resolving www.orthodb.org (www.orthodb.org)... 167.99.129.42, 2a03:b0c0:3:e0::1b:1
Connecting to www.orthodb.org (www.orthodb.org)|167.99.129.42|:80... connected.
HTTP request sent, awaiting response... 301 Moved Permanently
Location: https://www.orthodb.org/fasta?query=EOG091G0291&level=33208 [following]
--2018-12-14 10:07:42--  https://www.orthodb.org/fasta?query=EOG091G0291&level=33208
Connecting to www.orthodb.org (www.orthodb.org)|167.99.129.42|:443... connected.
HTTP request sent, awaiting response... 200 OK
Length: 450634 (440K) [text/plain]
Saving to: ‘EOG091G0291/EOG091G0291.orthodb.fasta’

     0K .......... .......... .......... .......... .......... 11% 1,21M 0s
    50K .......... .......... .......... .......... .......... 22% 2,72M 0s
   100K .......... .......... .......... .......... .......... 34% 2,23M 0s
   150K .......... .......... .......... .......... .......... 45% 2,34M 0s
   200K .......... .......... .......... .......... .......... 56% 2,48M 0s
   250K .......... .......... .......... .......... .......... 68% 2,66M 0s
   300K .......... .......... .......... .......... .......... 79% 2,52M 0s
   350K .......... .......... .......... .......... .......... 90% 2,63M 0s
   400K .......... .......... .......... ..........           100% 4,39M=0,2s

2018-12-14 10:07:43 (2,31 MB/s) - ‘EOG091G0291/EOG091G0291.orthodb.fasta’ saved [450634/450634]

