--2018-12-11 14:39:43--  http://www.orthodb.org/fasta?query=EOG091G0IYB&level=33208
Resolving www.orthodb.org (www.orthodb.org)... 167.99.129.42, 2a03:b0c0:3:e0::1b:1
Connecting to www.orthodb.org (www.orthodb.org)|167.99.129.42|:80... connected.
HTTP request sent, awaiting response... 301 Moved Permanently
Location: https://www.orthodb.org/fasta?query=EOG091G0IYB&level=33208 [following]
--2018-12-11 14:39:43--  https://www.orthodb.org/fasta?query=EOG091G0IYB&level=33208
Connecting to www.orthodb.org (www.orthodb.org)|167.99.129.42|:443... connected.
HTTP request sent, awaiting response... 200 OK
Length: 467211 (456K) [text/plain]
Saving to: ‘EOG091G0IYB/EOG091G0IYB.orthodb.fasta’

     0K .......... .......... .......... .......... .......... 10% 1,22M 0s
    50K .......... .......... .......... .......... .......... 21% 1,24M 0s
   100K .......... .......... .......... .......... .......... 32% 2,34M 0s
   150K .......... .......... .......... .......... .......... 43% 2,25M 0s
   200K .......... .......... .......... .......... .......... 54% 3,15M 0s
   250K .......... .......... .......... .......... .......... 65% 6,31M 0s
   300K .......... .......... .......... .......... .......... 76% 2,27M 0s
   350K .......... .......... .......... .......... .......... 87% 2,61M 0s
   400K .......... .......... .......... .......... .......... 98% 2,45M 0s
   450K ......                                                100% 8,23M=0,2s

2018-12-11 14:39:44 (2,16 MB/s) - ‘EOG091G0IYB/EOG091G0IYB.orthodb.fasta’ saved [467211/467211]

