
RAxML can't, parse the alignment file as phylip file 
it will now try to parse it as FASTA file


This is the RAxML Master Pthread

This is RAxML Worker Pthread Number: 1

This is RAxML Worker Pthread Number: 2

This is RAxML Worker Pthread Number: 3

This is RAxML Worker Pthread Number: 4

This is RAxML Worker Pthread Number: 5


This is RAxML version 8.2.12 released by Alexandros Stamatakis on May 2018.

With greatly appreciated code contributions by:
Andre Aberer      (HITS)
Simon Berger      (HITS)
Alexey Kozlov     (HITS)
Kassian Kobert    (HITS)
David Dao         (KIT and HITS)
Sarah Lutteropp   (KIT and HITS)
Nick Pattengale   (Sandia)
Wayne Pfeiffer    (SDSC)
Akifumi S. Tanabe (NRIFS)
Charlie Taylor    (UF)


Alignment has 216 distinct alignment patterns

Proportion of gaps and completely undetermined characters in this alignment: 11.01%

RAxML rapid bootstrapping and subsequent ML search

Using 1 distinct models/data partitions with joint branch length optimization



Executing 100 rapid bootstrap inferences and thereafter a thorough ML search 

All free model parameters will be estimated by RAxML
GAMMA model of rate heterogeneity, ML estimate of alpha-parameter

GAMMA Model parameters will be estimated up to an accuracy of 0.1000000000 Log Likelihood units

Partition: 0
Alignment Patterns: 216
Name: No Name Provided
DataType: AA
Substitution Matrix: LG
Using empirical base frequencies




RAxML was called as follows:

raxml -f a -T 6 -m PROTGAMMALGF -p 12345 -x 12345 -# 100 -s ALICUT_EOG091G03I1.clustalo.aln.fasta -n EOG091G03I1.clustalo.aln.ALICUT.LGF 



Time for BS model parameter optimization 0.027614
Bootstrap[0]: Time 0.738822 seconds, bootstrap likelihood -3995.767040, best rearrangement setting 13
Bootstrap[1]: Time 0.667856 seconds, bootstrap likelihood -3620.692005, best rearrangement setting 13
Bootstrap[2]: Time 0.636770 seconds, bootstrap likelihood -4031.828444, best rearrangement setting 12
Bootstrap[3]: Time 0.578197 seconds, bootstrap likelihood -3855.879201, best rearrangement setting 15
Bootstrap[4]: Time 0.621459 seconds, bootstrap likelihood -3988.822818, best rearrangement setting 10
Bootstrap[5]: Time 0.649589 seconds, bootstrap likelihood -4146.304384, best rearrangement setting 10
Bootstrap[6]: Time 0.591224 seconds, bootstrap likelihood -3952.145833, best rearrangement setting 6
Bootstrap[7]: Time 0.579266 seconds, bootstrap likelihood -4194.195967, best rearrangement setting 14
Bootstrap[8]: Time 0.543226 seconds, bootstrap likelihood -3826.026661, best rearrangement setting 5
Bootstrap[9]: Time 0.620040 seconds, bootstrap likelihood -3858.416727, best rearrangement setting 7
Bootstrap[10]: Time 0.615402 seconds, bootstrap likelihood -4026.051367, best rearrangement setting 7
Bootstrap[11]: Time 0.524623 seconds, bootstrap likelihood -3796.117333, best rearrangement setting 5
Bootstrap[12]: Time 0.533602 seconds, bootstrap likelihood -4103.050502, best rearrangement setting 8
Bootstrap[13]: Time 0.625415 seconds, bootstrap likelihood -3969.845135, best rearrangement setting 7
Bootstrap[14]: Time 0.644340 seconds, bootstrap likelihood -4076.189257, best rearrangement setting 12
Bootstrap[15]: Time 0.529834 seconds, bootstrap likelihood -4287.543454, best rearrangement setting 15
Bootstrap[16]: Time 0.635996 seconds, bootstrap likelihood -3892.042811, best rearrangement setting 12
Bootstrap[17]: Time 0.571374 seconds, bootstrap likelihood -4075.891391, best rearrangement setting 12
Bootstrap[18]: Time 0.548676 seconds, bootstrap likelihood -4227.554442, best rearrangement setting 5
Bootstrap[19]: Time 0.527681 seconds, bootstrap likelihood -3796.210904, best rearrangement setting 8
Bootstrap[20]: Time 0.683661 seconds, bootstrap likelihood -4130.905260, best rearrangement setting 10
Bootstrap[21]: Time 0.594370 seconds, bootstrap likelihood -3845.518217, best rearrangement setting 6
Bootstrap[22]: Time 0.616167 seconds, bootstrap likelihood -3969.916304, best rearrangement setting 5
Bootstrap[23]: Time 0.246969 seconds, bootstrap likelihood -3882.134223, best rearrangement setting 7
Bootstrap[24]: Time 0.587195 seconds, bootstrap likelihood -4191.120754, best rearrangement setting 8
Bootstrap[25]: Time 0.535412 seconds, bootstrap likelihood -3920.953265, best rearrangement setting 6
Bootstrap[26]: Time 0.590172 seconds, bootstrap likelihood -4332.173915, best rearrangement setting 12
Bootstrap[27]: Time 0.621172 seconds, bootstrap likelihood -4191.743837, best rearrangement setting 10
Bootstrap[28]: Time 0.627082 seconds, bootstrap likelihood -4068.697410, best rearrangement setting 11
Bootstrap[29]: Time 0.633509 seconds, bootstrap likelihood -4159.971416, best rearrangement setting 12
Bootstrap[30]: Time 0.597547 seconds, bootstrap likelihood -3914.827040, best rearrangement setting 15
Bootstrap[31]: Time 0.529353 seconds, bootstrap likelihood -3962.961010, best rearrangement setting 15
Bootstrap[32]: Time 0.576710 seconds, bootstrap likelihood -3981.236571, best rearrangement setting 6
Bootstrap[33]: Time 0.624981 seconds, bootstrap likelihood -3716.501595, best rearrangement setting 15
Bootstrap[34]: Time 0.626237 seconds, bootstrap likelihood -4227.166833, best rearrangement setting 11
Bootstrap[35]: Time 0.592060 seconds, bootstrap likelihood -4188.972222, best rearrangement setting 8
Bootstrap[36]: Time 0.587518 seconds, bootstrap likelihood -3807.322306, best rearrangement setting 9
Bootstrap[37]: Time 0.648123 seconds, bootstrap likelihood -4100.329645, best rearrangement setting 11
Bootstrap[38]: Time 0.629445 seconds, bootstrap likelihood -4081.184046, best rearrangement setting 8
Bootstrap[39]: Time 0.579739 seconds, bootstrap likelihood -3896.207467, best rearrangement setting 13
Bootstrap[40]: Time 0.592497 seconds, bootstrap likelihood -4242.639792, best rearrangement setting 13
Bootstrap[41]: Time 0.226757 seconds, bootstrap likelihood -3700.222054, best rearrangement setting 10
Bootstrap[42]: Time 0.537927 seconds, bootstrap likelihood -4032.335028, best rearrangement setting 5
Bootstrap[43]: Time 0.633278 seconds, bootstrap likelihood -4059.902885, best rearrangement setting 14
Bootstrap[44]: Time 0.593931 seconds, bootstrap likelihood -4097.355543, best rearrangement setting 10
Bootstrap[45]: Time 0.610869 seconds, bootstrap likelihood -3984.356086, best rearrangement setting 15
Bootstrap[46]: Time 0.567364 seconds, bootstrap likelihood -3886.764598, best rearrangement setting 14
Bootstrap[47]: Time 0.268391 seconds, bootstrap likelihood -4072.892422, best rearrangement setting 8
Bootstrap[48]: Time 0.612530 seconds, bootstrap likelihood -4117.657373, best rearrangement setting 6
Bootstrap[49]: Time 0.554185 seconds, bootstrap likelihood -4132.674973, best rearrangement setting 7
Bootstrap[50]: Time 0.561685 seconds, bootstrap likelihood -3971.664454, best rearrangement setting 7
Bootstrap[51]: Time 0.577772 seconds, bootstrap likelihood -4132.955975, best rearrangement setting 11
Bootstrap[52]: Time 0.292328 seconds, bootstrap likelihood -4065.952058, best rearrangement setting 12
Bootstrap[53]: Time 0.552461 seconds, bootstrap likelihood -3940.359198, best rearrangement setting 8
Bootstrap[54]: Time 0.606051 seconds, bootstrap likelihood -4051.966236, best rearrangement setting 9
Bootstrap[55]: Time 0.552549 seconds, bootstrap likelihood -3786.748178, best rearrangement setting 11
Bootstrap[56]: Time 0.557017 seconds, bootstrap likelihood -3927.091826, best rearrangement setting 5
Bootstrap[57]: Time 0.551553 seconds, bootstrap likelihood -3892.672634, best rearrangement setting 7
Bootstrap[58]: Time 0.578453 seconds, bootstrap likelihood -4151.089261, best rearrangement setting 10
Bootstrap[59]: Time 0.564210 seconds, bootstrap likelihood -3982.812783, best rearrangement setting 9
Bootstrap[60]: Time 0.635165 seconds, bootstrap likelihood -3989.860134, best rearrangement setting 7
Bootstrap[61]: Time 0.236956 seconds, bootstrap likelihood -3997.903321, best rearrangement setting 5
Bootstrap[62]: Time 0.548958 seconds, bootstrap likelihood -3990.367691, best rearrangement setting 11
Bootstrap[63]: Time 0.525184 seconds, bootstrap likelihood -3871.878029, best rearrangement setting 12
Bootstrap[64]: Time 0.612133 seconds, bootstrap likelihood -4066.252792, best rearrangement setting 7
Bootstrap[65]: Time 0.510183 seconds, bootstrap likelihood -3978.145693, best rearrangement setting 5
Bootstrap[66]: Time 0.581269 seconds, bootstrap likelihood -4162.087859, best rearrangement setting 5
Bootstrap[67]: Time 0.634687 seconds, bootstrap likelihood -3887.611121, best rearrangement setting 15
Bootstrap[68]: Time 0.641351 seconds, bootstrap likelihood -3815.654979, best rearrangement setting 11
Bootstrap[69]: Time 0.564518 seconds, bootstrap likelihood -3896.113498, best rearrangement setting 5
Bootstrap[70]: Time 0.586493 seconds, bootstrap likelihood -4016.848923, best rearrangement setting 8
Bootstrap[71]: Time 0.602752 seconds, bootstrap likelihood -3997.422218, best rearrangement setting 10
Bootstrap[72]: Time 0.574026 seconds, bootstrap likelihood -3882.884263, best rearrangement setting 11
Bootstrap[73]: Time 0.555722 seconds, bootstrap likelihood -3936.199128, best rearrangement setting 9
Bootstrap[74]: Time 0.570024 seconds, bootstrap likelihood -3819.372598, best rearrangement setting 5
Bootstrap[75]: Time 0.631723 seconds, bootstrap likelihood -3929.655944, best rearrangement setting 8
Bootstrap[76]: Time 0.591845 seconds, bootstrap likelihood -3934.176335, best rearrangement setting 9
Bootstrap[77]: Time 0.660674 seconds, bootstrap likelihood -4156.699201, best rearrangement setting 11
Bootstrap[78]: Time 0.612407 seconds, bootstrap likelihood -3940.022714, best rearrangement setting 15
Bootstrap[79]: Time 0.569054 seconds, bootstrap likelihood -4063.819901, best rearrangement setting 9
Bootstrap[80]: Time 0.623455 seconds, bootstrap likelihood -3898.003664, best rearrangement setting 15
Bootstrap[81]: Time 0.584849 seconds, bootstrap likelihood -3875.247593, best rearrangement setting 7
Bootstrap[82]: Time 0.694468 seconds, bootstrap likelihood -3952.279564, best rearrangement setting 6
Bootstrap[83]: Time 0.690438 seconds, bootstrap likelihood -4081.732040, best rearrangement setting 10
Bootstrap[84]: Time 0.537111 seconds, bootstrap likelihood -4062.909169, best rearrangement setting 11
Bootstrap[85]: Time 0.608651 seconds, bootstrap likelihood -3929.369249, best rearrangement setting 8
Bootstrap[86]: Time 0.616810 seconds, bootstrap likelihood -4091.145733, best rearrangement setting 7
Bootstrap[87]: Time 0.577385 seconds, bootstrap likelihood -4013.311630, best rearrangement setting 7
Bootstrap[88]: Time 0.569398 seconds, bootstrap likelihood -3804.367060, best rearrangement setting 12
Bootstrap[89]: Time 0.635981 seconds, bootstrap likelihood -3993.636440, best rearrangement setting 10
Bootstrap[90]: Time 0.560749 seconds, bootstrap likelihood -3760.444244, best rearrangement setting 8
Bootstrap[91]: Time 0.565151 seconds, bootstrap likelihood -3848.455752, best rearrangement setting 12
Bootstrap[92]: Time 0.549990 seconds, bootstrap likelihood -3894.205922, best rearrangement setting 13
Bootstrap[93]: Time 0.230508 seconds, bootstrap likelihood -4158.164855, best rearrangement setting 15
Bootstrap[94]: Time 0.581600 seconds, bootstrap likelihood -3932.531190, best rearrangement setting 5
Bootstrap[95]: Time 0.573634 seconds, bootstrap likelihood -3707.044215, best rearrangement setting 5
Bootstrap[96]: Time 0.586548 seconds, bootstrap likelihood -3598.111534, best rearrangement setting 13
Bootstrap[97]: Time 0.561812 seconds, bootstrap likelihood -4066.307106, best rearrangement setting 11
Bootstrap[98]: Time 0.579276 seconds, bootstrap likelihood -4010.965158, best rearrangement setting 6
Bootstrap[99]: Time 0.523617 seconds, bootstrap likelihood -3992.221765, best rearrangement setting 14


Overall Time for 100 Rapid Bootstraps 57.226102 seconds
Average Time per Rapid Bootstrap 0.572261 seconds

Starting ML Search ...

Fast ML optimization finished

Fast ML search Time: 33.540154 seconds

Slow ML Search 0 Likelihood: -3998.050435
Slow ML Search 1 Likelihood: -3998.050435
Slow ML Search 2 Likelihood: -3998.050435
Slow ML Search 3 Likelihood: -3998.050435
Slow ML Search 4 Likelihood: -3998.050435
Slow ML Search 5 Likelihood: -3998.050435
Slow ML Search 6 Likelihood: -3998.050435
Slow ML Search 7 Likelihood: -3998.050435
Slow ML Search 8 Likelihood: -3998.050435
Slow ML Search 9 Likelihood: -3998.050435
Slow ML optimization finished

Slow ML search Time: 11.010056 seconds
Thorough ML search Time: 0.860044 seconds

Final ML Optimization Likelihood: -3998.050435

Model Information:

Model Parameters of Partition 0, Name: No Name Provided, Type of Data: AA
alpha: 0.810221
Tree-Length: 5.417376
rate A <-> R: 0.399182
rate A <-> N: 0.259945
rate A <-> D: 0.371058
rate A <-> C: 2.337364
rate A <-> Q: 0.910775
rate A <-> E: 0.975241
rate A <-> G: 1.940106
rate A <-> H: 0.336984
rate A <-> I: 0.140697
rate A <-> L: 0.371240
rate A <-> K: 0.503815
rate A <-> M: 1.055520
rate A <-> F: 0.238237
rate A <-> P: 1.105868
rate A <-> S: 4.439041
rate A <-> T: 2.009090
rate A <-> W: 0.169702
rate A <-> Y: 0.205613
rate A <-> V: 2.392567
rate R <-> N: 0.706048
rate R <-> D: 0.116398
rate R <-> C: 0.501968
rate R <-> Q: 2.636754
rate R <-> E: 0.341785
rate R <-> G: 0.366408
rate R <-> H: 2.278690
rate R <-> I: 0.119250
rate R <-> L: 0.283449
rate R <-> K: 5.940467
rate R <-> M: 0.454623
rate R <-> F: 0.049508
rate R <-> P: 0.312264
rate R <-> S: 0.805843
rate R <-> T: 0.543695
rate R <-> W: 0.557424
rate R <-> Y: 0.295274
rate R <-> V: 0.160471
rate N <-> D: 4.766737
rate N <-> C: 0.496537
rate N <-> Q: 1.592389
rate N <-> E: 0.508692
rate N <-> G: 1.350015
rate N <-> H: 4.234381
rate N <-> I: 0.179830
rate N <-> L: 0.064256
rate N <-> K: 2.014327
rate N <-> M: 0.348390
rate N <-> F: 0.084068
rate N <-> P: 0.151925
rate N <-> S: 3.764032
rate N <-> T: 1.878729
rate N <-> W: 0.042610
rate N <-> Y: 0.574720
rate N <-> V: 0.078587
rate D <-> C: 0.058743
rate D <-> Q: 0.491483
rate D <-> E: 4.924234
rate D <-> G: 0.793424
rate D <-> H: 0.870603
rate D <-> I: 0.010038
rate D <-> L: 0.014157
rate D <-> K: 0.265711
rate D <-> M: 0.023991
rate D <-> F: 0.016354
rate D <-> P: 0.370412
rate D <-> S: 1.164675
rate D <-> T: 0.399902
rate D <-> W: 0.028068
rate D <-> Y: 0.126872
rate D <-> V: 0.035653
rate C <-> Q: 0.079639
rate C <-> E: 0.003286
rate C <-> G: 0.534566
rate C <-> H: 0.601499
rate C <-> I: 0.301083
rate C <-> L: 0.557800
rate C <-> K: 0.012457
rate C <-> M: 0.839207
rate C <-> F: 1.037881
rate C <-> P: 0.070787
rate C <-> S: 2.614753
rate C <-> T: 1.073780
rate C <-> W: 0.629281
rate C <-> Y: 1.094488
rate C <-> V: 1.839864
rate Q <-> E: 3.876936
rate Q <-> G: 0.251626
rate Q <-> H: 4.520102
rate Q <-> I: 0.068413
rate Q <-> L: 0.546954
rate Q <-> K: 3.037150
rate Q <-> M: 1.570619
rate Q <-> F: 0.033669
rate Q <-> P: 0.586241
rate Q <-> S: 1.149231
rate Q <-> T: 1.014297
rate Q <-> W: 0.221802
rate Q <-> Y: 0.241650
rate Q <-> V: 0.197511
rate E <-> G: 0.327583
rate E <-> H: 0.398044
rate E <-> I: 0.041567
rate E <-> L: 0.065426
rate E <-> K: 1.697022
rate E <-> M: 0.163145
rate E <-> F: 0.017664
rate E <-> P: 0.393844
rate E <-> S: 0.574671
rate E <-> T: 0.567695
rate E <-> W: 0.073107
rate E <-> Y: 0.112720
rate E <-> V: 0.230098
rate G <-> H: 0.292498
rate G <-> I: 0.008174
rate G <-> L: 0.041563
rate G <-> K: 0.278555
rate G <-> M: 0.131033
rate G <-> F: 0.084125
rate G <-> P: 0.184955
rate G <-> S: 1.633930
rate G <-> T: 0.121922
rate G <-> W: 0.252125
rate G <-> Y: 0.051346
rate G <-> V: 0.072026
rate H <-> I: 0.102245
rate H <-> L: 0.343988
rate H <-> K: 0.654763
rate H <-> M: 0.415502
rate H <-> F: 0.640560
rate H <-> P: 0.477834
rate H <-> S: 0.929667
rate H <-> T: 0.548649
rate H <-> W: 0.560661
rate H <-> Y: 4.983361
rate H <-> V: 0.111759
rate I <-> L: 3.892408
rate I <-> K: 0.149373
rate I <-> M: 4.013113
rate I <-> F: 1.044902
rate I <-> P: 0.073509
rate I <-> S: 0.060198
rate I <-> T: 0.970728
rate I <-> W: 0.104854
rate I <-> Y: 0.218350
rate I <-> V: 10.000000
rate L <-> K: 0.129119
rate L <-> M: 5.927594
rate L <-> F: 2.434657
rate L <-> P: 0.233879
rate L <-> S: 0.171176
rate L <-> T: 0.284471
rate L <-> W: 0.581863
rate L <-> Y: 0.281383
rate L <-> V: 1.598956
rate K <-> M: 0.616581
rate K <-> F: 0.022460
rate K <-> P: 0.366530
rate K <-> S: 0.703048
rate K <-> T: 1.067567
rate K <-> W: 0.046864
rate K <-> Y: 0.123890
rate K <-> V: 0.173913
rate M <-> F: 1.689205
rate M <-> P: 0.093763
rate M <-> S: 0.325811
rate M <-> T: 1.897216
rate M <-> W: 0.653740
rate M <-> Y: 0.451968
rate M <-> V: 1.782983
rate F <-> P: 0.088706
rate F <-> S: 0.339765
rate F <-> T: 0.154944
rate F <-> W: 2.307349
rate F <-> Y: 7.328222
rate F <-> V: 0.614777
rate P <-> S: 1.256567
rate P <-> T: 0.536635
rate P <-> W: 0.089332
rate P <-> Y: 0.084151
rate P <-> V: 0.278428
rate S <-> T: 6.077767
rate S <-> W: 0.233693
rate S <-> Y: 0.376132
rate S <-> V: 0.092373
rate T <-> W: 0.132241
rate T <-> Y: 0.230856
rate T <-> V: 2.054781
rate W <-> Y: 2.959699
rate W <-> V: 0.177959
rate Y <-> V: 0.234116

freq pi(A): 0.055853
freq pi(R): 0.086288
freq pi(N): 0.063545
freq pi(D): 0.060870
freq pi(C): 0.023746
freq pi(Q): 0.057191
freq pi(E): 0.030769
freq pi(G): 0.064883
freq pi(H): 0.025084
freq pi(I): 0.046823
freq pi(L): 0.087625
freq pi(K): 0.045485
freq pi(M): 0.020736
freq pi(F): 0.060870
freq pi(P): 0.021739
freq pi(S): 0.061204
freq pi(T): 0.060535
freq pi(W): 0.017057
freq pi(Y): 0.048161
freq pi(V): 0.061538


ML search took 45.444118 secs or 0.012623 hours

Combined Bootstrap and ML search took 102.670439 secs or 0.028520 hours

Drawing Bootstrap Support Values on best-scoring ML tree ...



Found 1 tree in File /in/RAxML_bestTree.EOG091G03I1.clustalo.aln.ALICUT.LGF



Found 1 tree in File /in/RAxML_bestTree.EOG091G03I1.clustalo.aln.ALICUT.LGF

Program execution info written to /in/RAxML_info.EOG091G03I1.clustalo.aln.ALICUT.LGF
All 100 bootstrapped trees written to: /in/RAxML_bootstrap.EOG091G03I1.clustalo.aln.ALICUT.LGF

Best-scoring ML tree written to: /in/RAxML_bestTree.EOG091G03I1.clustalo.aln.ALICUT.LGF

Best-scoring ML tree with support values written to: /in/RAxML_bipartitions.EOG091G03I1.clustalo.aln.ALICUT.LGF

Best-scoring ML tree with support values as branch labels written to: /in/RAxML_bipartitionsBranchLabels.EOG091G03I1.clustalo.aln.ALICUT.LGF

Overall execution time for full ML analysis: 102.673549 secs or 0.028520 hours or 0.001188 days

