
RAxML can't, parse the alignment file as phylip file 
it will now try to parse it as FASTA file


This is the RAxML Master Pthread

This is RAxML Worker Pthread Number: 1


This is RAxML version 8.2.12 released by Alexandros Stamatakis on May 2018.

With greatly appreciated code contributions by:
Andre Aberer      (HITS)
Simon Berger      (HITS)
Alexey Kozlov     (HITS)
Kassian Kobert    (HITS)
David Dao         (KIT and HITS)
Sarah Lutteropp   (KIT and HITS)
Nick Pattengale   (Sandia)
Wayne Pfeiffer    (SDSC)
Akifumi S. Tanabe (NRIFS)
Charlie Taylor    (UF)


Alignment has 557 distinct alignment patterns

Proportion of gaps and completely undetermined characters in this alignment: 10.03%

RAxML rapid bootstrapping and subsequent ML search

Using 1 distinct models/data partitions with joint branch length optimization



Executing 100 rapid bootstrap inferences and thereafter a thorough ML search 

All free model parameters will be estimated by RAxML
GAMMA model of rate heterogeneity, ML estimate of alpha-parameter

GAMMA Model parameters will be estimated up to an accuracy of 0.1000000000 Log Likelihood units

Partition: 0
Alignment Patterns: 557
Name: No Name Provided
DataType: AA
Substitution Matrix: JTT
Using empirical base frequencies




RAxML was called as follows:

raxml -f a -T 2 -m PROTGAMMAJTTF -p 12345 -x 12345 -# 100 -s ALICUT_EOG091G03OT.clustalo.aln.fasta -n EOG091G03OT.clustalo.aln.ALICUT.JTTF 



Time for BS model parameter optimization 0.156960
Bootstrap[0]: Time 1.388696 seconds, bootstrap likelihood -8272.823538, best rearrangement setting 13
Bootstrap[1]: Time 1.100436 seconds, bootstrap likelihood -8240.110352, best rearrangement setting 13
Bootstrap[2]: Time 1.121536 seconds, bootstrap likelihood -8070.340989, best rearrangement setting 12
Bootstrap[3]: Time 1.035806 seconds, bootstrap likelihood -8325.794350, best rearrangement setting 15
Bootstrap[4]: Time 0.550579 seconds, bootstrap likelihood -8434.559149, best rearrangement setting 10
Bootstrap[5]: Time 1.289176 seconds, bootstrap likelihood -8611.365893, best rearrangement setting 10
Bootstrap[6]: Time 1.208382 seconds, bootstrap likelihood -8689.557071, best rearrangement setting 6
Bootstrap[7]: Time 0.515189 seconds, bootstrap likelihood -8211.681653, best rearrangement setting 14
Bootstrap[8]: Time 0.580191 seconds, bootstrap likelihood -8822.108298, best rearrangement setting 5
Bootstrap[9]: Time 1.048564 seconds, bootstrap likelihood -8643.489608, best rearrangement setting 7
Bootstrap[10]: Time 1.107998 seconds, bootstrap likelihood -8257.451800, best rearrangement setting 7
Bootstrap[11]: Time 1.055974 seconds, bootstrap likelihood -8311.359140, best rearrangement setting 5
Bootstrap[12]: Time 1.246039 seconds, bootstrap likelihood -8416.900014, best rearrangement setting 8
Bootstrap[13]: Time 0.536451 seconds, bootstrap likelihood -8352.075203, best rearrangement setting 7
Bootstrap[14]: Time 1.040226 seconds, bootstrap likelihood -8304.516036, best rearrangement setting 12
Bootstrap[15]: Time 1.098107 seconds, bootstrap likelihood -8031.985365, best rearrangement setting 15
Bootstrap[16]: Time 1.014356 seconds, bootstrap likelihood -8264.998577, best rearrangement setting 12
Bootstrap[17]: Time 0.998465 seconds, bootstrap likelihood -8075.305067, best rearrangement setting 12
Bootstrap[18]: Time 1.255687 seconds, bootstrap likelihood -8301.425326, best rearrangement setting 5
Bootstrap[19]: Time 1.437159 seconds, bootstrap likelihood -8366.838958, best rearrangement setting 8
Bootstrap[20]: Time 1.875573 seconds, bootstrap likelihood -8405.015285, best rearrangement setting 10
Bootstrap[21]: Time 1.896908 seconds, bootstrap likelihood -8011.297600, best rearrangement setting 6
Bootstrap[22]: Time 1.278108 seconds, bootstrap likelihood -8263.280500, best rearrangement setting 5
Bootstrap[23]: Time 1.152317 seconds, bootstrap likelihood -7876.398914, best rearrangement setting 7
Bootstrap[24]: Time 1.056632 seconds, bootstrap likelihood -8379.401093, best rearrangement setting 8
Bootstrap[25]: Time 1.114716 seconds, bootstrap likelihood -8230.435311, best rearrangement setting 6
Bootstrap[26]: Time 1.077023 seconds, bootstrap likelihood -8328.028081, best rearrangement setting 12
Bootstrap[27]: Time 1.094742 seconds, bootstrap likelihood -8138.404570, best rearrangement setting 10
Bootstrap[28]: Time 1.148761 seconds, bootstrap likelihood -8631.139281, best rearrangement setting 11
Bootstrap[29]: Time 1.293205 seconds, bootstrap likelihood -8535.275597, best rearrangement setting 12
Bootstrap[30]: Time 1.087953 seconds, bootstrap likelihood -8345.374002, best rearrangement setting 15
Bootstrap[31]: Time 1.169728 seconds, bootstrap likelihood -8614.326078, best rearrangement setting 15
Bootstrap[32]: Time 1.176621 seconds, bootstrap likelihood -8312.880498, best rearrangement setting 6
Bootstrap[33]: Time 1.101449 seconds, bootstrap likelihood -8151.552514, best rearrangement setting 15
Bootstrap[34]: Time 1.040177 seconds, bootstrap likelihood -8342.115244, best rearrangement setting 11
Bootstrap[35]: Time 0.615454 seconds, bootstrap likelihood -8063.476444, best rearrangement setting 8
Bootstrap[36]: Time 1.228880 seconds, bootstrap likelihood -8085.920532, best rearrangement setting 9
Bootstrap[37]: Time 1.141891 seconds, bootstrap likelihood -8257.398357, best rearrangement setting 11
Bootstrap[38]: Time 1.424550 seconds, bootstrap likelihood -8276.156808, best rearrangement setting 8
Bootstrap[39]: Time 1.104828 seconds, bootstrap likelihood -8308.594089, best rearrangement setting 13
Bootstrap[40]: Time 1.062203 seconds, bootstrap likelihood -8360.889811, best rearrangement setting 13
Bootstrap[41]: Time 1.136878 seconds, bootstrap likelihood -8137.546797, best rearrangement setting 10
Bootstrap[42]: Time 1.203362 seconds, bootstrap likelihood -8442.431701, best rearrangement setting 5
Bootstrap[43]: Time 1.127692 seconds, bootstrap likelihood -8577.845197, best rearrangement setting 14
Bootstrap[44]: Time 1.078308 seconds, bootstrap likelihood -8175.536598, best rearrangement setting 10
Bootstrap[45]: Time 0.515929 seconds, bootstrap likelihood -8470.501833, best rearrangement setting 15
Bootstrap[46]: Time 0.516319 seconds, bootstrap likelihood -8311.813109, best rearrangement setting 14
Bootstrap[47]: Time 1.071922 seconds, bootstrap likelihood -7967.020045, best rearrangement setting 8
Bootstrap[48]: Time 1.135071 seconds, bootstrap likelihood -8420.143923, best rearrangement setting 6
Bootstrap[49]: Time 1.101295 seconds, bootstrap likelihood -8437.191640, best rearrangement setting 7
Bootstrap[50]: Time 1.031854 seconds, bootstrap likelihood -8420.098645, best rearrangement setting 7
Bootstrap[51]: Time 1.136522 seconds, bootstrap likelihood -8564.875847, best rearrangement setting 11
Bootstrap[52]: Time 1.340988 seconds, bootstrap likelihood -8392.351849, best rearrangement setting 12
Bootstrap[53]: Time 1.091037 seconds, bootstrap likelihood -8024.842300, best rearrangement setting 8
Bootstrap[54]: Time 1.017964 seconds, bootstrap likelihood -8187.814239, best rearrangement setting 9
Bootstrap[55]: Time 1.165471 seconds, bootstrap likelihood -8451.620616, best rearrangement setting 11
Bootstrap[56]: Time 1.130393 seconds, bootstrap likelihood -8362.188750, best rearrangement setting 5
Bootstrap[57]: Time 1.160445 seconds, bootstrap likelihood -8630.085369, best rearrangement setting 7
Bootstrap[58]: Time 1.067957 seconds, bootstrap likelihood -8398.347981, best rearrangement setting 10
Bootstrap[59]: Time 1.145357 seconds, bootstrap likelihood -8346.620695, best rearrangement setting 9
Bootstrap[60]: Time 1.016087 seconds, bootstrap likelihood -8280.563816, best rearrangement setting 7
Bootstrap[61]: Time 1.056222 seconds, bootstrap likelihood -8556.866939, best rearrangement setting 5
Bootstrap[62]: Time 1.068612 seconds, bootstrap likelihood -8275.934922, best rearrangement setting 11
Bootstrap[63]: Time 1.061682 seconds, bootstrap likelihood -8617.963886, best rearrangement setting 12
Bootstrap[64]: Time 1.202944 seconds, bootstrap likelihood -8451.273109, best rearrangement setting 7
Bootstrap[65]: Time 1.064576 seconds, bootstrap likelihood -8165.073967, best rearrangement setting 5
Bootstrap[66]: Time 1.229547 seconds, bootstrap likelihood -8412.443818, best rearrangement setting 5
Bootstrap[67]: Time 0.491052 seconds, bootstrap likelihood -8006.462211, best rearrangement setting 15
Bootstrap[68]: Time 1.183619 seconds, bootstrap likelihood -8342.527608, best rearrangement setting 11
Bootstrap[69]: Time 1.260254 seconds, bootstrap likelihood -8205.707195, best rearrangement setting 5
Bootstrap[70]: Time 1.168345 seconds, bootstrap likelihood -8711.536772, best rearrangement setting 8
Bootstrap[71]: Time 1.065859 seconds, bootstrap likelihood -8266.845236, best rearrangement setting 10
Bootstrap[72]: Time 1.082415 seconds, bootstrap likelihood -8262.624843, best rearrangement setting 11
Bootstrap[73]: Time 1.178240 seconds, bootstrap likelihood -7752.362348, best rearrangement setting 9
Bootstrap[74]: Time 1.339635 seconds, bootstrap likelihood -8169.183421, best rearrangement setting 5
Bootstrap[75]: Time 1.168303 seconds, bootstrap likelihood -8103.262689, best rearrangement setting 8
Bootstrap[76]: Time 1.072513 seconds, bootstrap likelihood -8390.118126, best rearrangement setting 9
Bootstrap[77]: Time 1.103795 seconds, bootstrap likelihood -8383.776742, best rearrangement setting 11
Bootstrap[78]: Time 0.506059 seconds, bootstrap likelihood -7936.469907, best rearrangement setting 15
Bootstrap[79]: Time 1.100245 seconds, bootstrap likelihood -8202.361344, best rearrangement setting 9
Bootstrap[80]: Time 1.027021 seconds, bootstrap likelihood -8283.005917, best rearrangement setting 15
Bootstrap[81]: Time 1.119135 seconds, bootstrap likelihood -8356.302445, best rearrangement setting 7
Bootstrap[82]: Time 1.187020 seconds, bootstrap likelihood -8074.128894, best rearrangement setting 6
Bootstrap[83]: Time 1.063302 seconds, bootstrap likelihood -8270.038811, best rearrangement setting 10
Bootstrap[84]: Time 1.272334 seconds, bootstrap likelihood -8276.166743, best rearrangement setting 11
Bootstrap[85]: Time 1.033401 seconds, bootstrap likelihood -8610.923194, best rearrangement setting 8
Bootstrap[86]: Time 0.525806 seconds, bootstrap likelihood -8327.825070, best rearrangement setting 7
Bootstrap[87]: Time 1.080514 seconds, bootstrap likelihood -8234.438283, best rearrangement setting 7
Bootstrap[88]: Time 1.131052 seconds, bootstrap likelihood -8470.416288, best rearrangement setting 12
Bootstrap[89]: Time 1.282946 seconds, bootstrap likelihood -8437.409493, best rearrangement setting 10
Bootstrap[90]: Time 1.065273 seconds, bootstrap likelihood -7582.405649, best rearrangement setting 8
Bootstrap[91]: Time 1.191573 seconds, bootstrap likelihood -8086.346876, best rearrangement setting 12
Bootstrap[92]: Time 1.056204 seconds, bootstrap likelihood -8050.727924, best rearrangement setting 13
Bootstrap[93]: Time 1.153453 seconds, bootstrap likelihood -8227.317896, best rearrangement setting 15
Bootstrap[94]: Time 1.186908 seconds, bootstrap likelihood -8642.716170, best rearrangement setting 5
Bootstrap[95]: Time 0.995940 seconds, bootstrap likelihood -8070.137163, best rearrangement setting 5
Bootstrap[96]: Time 1.204441 seconds, bootstrap likelihood -8248.172192, best rearrangement setting 13
Bootstrap[97]: Time 1.140790 seconds, bootstrap likelihood -8248.938805, best rearrangement setting 11
Bootstrap[98]: Time 1.085126 seconds, bootstrap likelihood -8277.936578, best rearrangement setting 6
Bootstrap[99]: Time 1.062685 seconds, bootstrap likelihood -8305.756215, best rearrangement setting 14


Overall Time for 100 Rapid Bootstraps 109.254971 seconds
Average Time per Rapid Bootstrap 1.092550 seconds

Starting ML Search ...

Fast ML optimization finished

Fast ML search Time: 90.737725 seconds

Slow ML Search 0 Likelihood: -8322.446400
Slow ML Search 1 Likelihood: -8322.446400
Slow ML Search 2 Likelihood: -8322.446400
Slow ML Search 3 Likelihood: -8322.446400
Slow ML Search 4 Likelihood: -8322.446400
Slow ML Search 5 Likelihood: -8322.446400
Slow ML Search 6 Likelihood: -8322.446400
Slow ML Search 7 Likelihood: -8322.446400
Slow ML Search 8 Likelihood: -8322.446400
Slow ML Search 9 Likelihood: -8322.446400
Slow ML optimization finished

Slow ML search Time: 25.496972 seconds
Thorough ML search Time: 1.705305 seconds

Final ML Optimization Likelihood: -8322.446406

Model Information:

Model Parameters of Partition 0, Name: No Name Provided, Type of Data: AA
alpha: 1.407611
Tree-Length: 4.032611
rate A <-> R: 0.603538
rate A <-> N: 0.561915
rate A <-> D: 0.842872
rate A <-> C: 0.582726
rate A <-> Q: 0.593132
rate A <-> E: 1.092612
rate A <-> G: 1.862643
rate A <-> H: 0.280957
rate A <-> I: 0.374610
rate A <-> L: 0.312175
rate A <-> K: 0.364204
rate A <-> M: 0.561915
rate A <-> F: 0.156087
rate A <-> P: 2.018730
rate A <-> S: 3.933403
rate A <-> T: 4.942768
rate A <-> W: 0.093652
rate A <-> Y: 0.114464
rate A <-> V: 3.100937
rate R <-> N: 0.468262
rate R <-> D: 0.166493
rate R <-> C: 1.175858
rate R <-> Q: 3.225806
rate R <-> E: 0.301769
rate R <-> G: 1.425598
rate R <-> H: 3.413111
rate R <-> I: 0.228928
rate R <-> L: 0.395421
rate R <-> K: 6.722164
rate R <-> M: 0.457856
rate R <-> F: 0.052029
rate R <-> P: 0.770031
rate R <-> S: 1.050989
rate R <-> T: 0.665973
rate R <-> W: 1.311134
rate R <-> Y: 0.208117
rate R <-> V: 0.176899
rate N <-> D: 5.494277
rate N <-> C: 0.353798
rate N <-> Q: 0.894901
rate N <-> E: 0.603538
rate N <-> G: 0.842872
rate N <-> H: 4.068678
rate N <-> I: 0.489074
rate N <-> L: 0.124870
rate N <-> K: 2.736733
rate N <-> M: 0.312175
rate N <-> F: 0.104058
rate N <-> P: 0.156087
rate N <-> S: 5.234131
rate N <-> T: 2.414152
rate N <-> W: 0.083247
rate N <-> Y: 0.728408
rate N <-> V: 0.166493
rate D <-> C: 0.104058
rate D <-> Q: 0.509886
rate D <-> E: 7.981270
rate D <-> G: 1.352758
rate D <-> H: 1.165453
rate D <-> I: 0.114464
rate D <-> L: 0.072841
rate D <-> K: 0.270552
rate D <-> M: 0.156087
rate D <-> F: 0.041623
rate D <-> P: 0.156087
rate D <-> S: 0.613944
rate D <-> T: 0.395421
rate D <-> W: 0.041623
rate D <-> Y: 0.478668
rate D <-> V: 0.322581
rate C <-> Q: 0.093652
rate C <-> E: 0.052029
rate C <-> G: 0.613944
rate C <-> H: 0.718002
rate C <-> I: 0.176899
rate C <-> L: 0.239334
rate C <-> K: 0.072841
rate C <-> M: 0.322581
rate C <-> F: 0.811655
rate C <-> P: 0.145682
rate C <-> S: 2.320499
rate C <-> T: 0.437045
rate C <-> W: 1.196670
rate C <-> Y: 2.174818
rate C <-> V: 0.645161
rate Q <-> E: 3.361082
rate Q <-> G: 0.270552
rate Q <-> H: 6.212279
rate Q <-> I: 0.093652
rate Q <-> L: 0.749220
rate Q <-> K: 3.038502
rate Q <-> M: 0.447451
rate Q <-> F: 0.041623
rate Q <-> P: 1.706556
rate Q <-> S: 0.551509
rate Q <-> T: 0.530697
rate Q <-> W: 0.187305
rate Q <-> Y: 0.249740
rate Q <-> V: 0.208117
rate E <-> G: 1.238293
rate E <-> H: 0.270552
rate E <-> I: 0.124870
rate E <-> L: 0.093652
rate E <-> K: 1.883455
rate E <-> M: 0.187305
rate E <-> F: 0.052029
rate E <-> P: 0.187305
rate E <-> S: 0.312175
rate E <-> T: 0.332986
rate E <-> W: 0.104058
rate E <-> Y: 0.072841
rate E <-> V: 0.468262
rate G <-> H: 0.239334
rate G <-> I: 0.062435
rate G <-> L: 0.062435
rate G <-> K: 0.280957
rate G <-> M: 0.145682
rate G <-> F: 0.052029
rate G <-> P: 0.249740
rate G <-> S: 2.091571
rate G <-> T: 0.343392
rate G <-> W: 0.572320
rate G <-> Y: 0.083247
rate G <-> V: 0.489074
rate H <-> I: 0.166493
rate H <-> L: 0.582726
rate H <-> K: 0.468262
rate H <-> M: 0.343392
rate H <-> F: 0.416233
rate H <-> P: 1.196670
rate H <-> S: 0.759625
rate H <-> T: 0.478668
rate H <-> W: 0.083247
rate H <-> Y: 5.962539
rate H <-> V: 0.114464
rate I <-> L: 2.382934
rate I <-> K: 0.218522
rate I <-> M: 4.984391
rate I <-> F: 0.926119
rate I <-> P: 0.104058
rate I <-> S: 0.416233
rate I <-> T: 2.549428
rate I <-> W: 0.093652
rate I <-> Y: 0.332986
rate I <-> V: 10.000000
rate L <-> K: 0.145682
rate L <-> M: 4.037461
rate L <-> F: 2.580645
rate L <-> P: 1.061394
rate L <-> S: 0.613944
rate L <-> T: 0.260146
rate L <-> W: 0.541103
rate L <-> Y: 0.249740
rate L <-> V: 1.873049
rate K <-> M: 0.676379
rate K <-> F: 0.041623
rate K <-> P: 0.218522
rate K <-> S: 0.489074
rate K <-> T: 1.071800
rate K <-> W: 0.104058
rate K <-> Y: 0.083247
rate K <-> V: 0.145682
rate M <-> F: 0.447451
rate M <-> P: 0.166493
rate M <-> S: 0.301769
rate M <-> T: 2.351717
rate M <-> W: 0.249740
rate M <-> Y: 0.187305
rate M <-> V: 3.361082
rate F <-> P: 0.176899
rate F <-> S: 0.957336
rate F <-> T: 0.124870
rate F <-> W: 0.551509
rate F <-> Y: 5.577523
rate F <-> V: 0.645161
rate P <-> S: 2.965661
rate P <-> T: 1.227888
rate P <-> W: 0.062435
rate P <-> Y: 0.104058
rate P <-> V: 0.239334
rate S <-> T: 4.963580
rate S <-> W: 0.364204
rate S <-> Y: 0.655567
rate S <-> V: 0.395421
rate T <-> W: 0.124870
rate T <-> Y: 0.218522
rate T <-> V: 1.165453
rate W <-> Y: 0.738814
rate W <-> V: 0.260146
rate Y <-> V: 0.166493

freq pi(A): 0.093525
freq pi(R): 0.041567
freq pi(N): 0.043485
freq pi(D): 0.046683
freq pi(C): 0.021902
freq pi(Q): 0.051799
freq pi(E): 0.093525
freq pi(G): 0.041567
freq pi(H): 0.026059
freq pi(I): 0.059792
freq pi(L): 0.114309
freq pi(K): 0.061551
freq pi(M): 0.027978
freq pi(F): 0.040767
freq pi(P): 0.026539
freq pi(S): 0.045564
freq pi(T): 0.045564
freq pi(W): 0.005276
freq pi(Y): 0.062190
freq pi(V): 0.050360


ML search took 117.964061 secs or 0.032768 hours

Combined Bootstrap and ML search took 227.219262 secs or 0.063116 hours

Drawing Bootstrap Support Values on best-scoring ML tree ...



Found 1 tree in File /in/RAxML_bestTree.EOG091G03OT.clustalo.aln.ALICUT.JTTF



Found 1 tree in File /in/RAxML_bestTree.EOG091G03OT.clustalo.aln.ALICUT.JTTF

Program execution info written to /in/RAxML_info.EOG091G03OT.clustalo.aln.ALICUT.JTTF
All 100 bootstrapped trees written to: /in/RAxML_bootstrap.EOG091G03OT.clustalo.aln.ALICUT.JTTF

Best-scoring ML tree written to: /in/RAxML_bestTree.EOG091G03OT.clustalo.aln.ALICUT.JTTF

Best-scoring ML tree with support values written to: /in/RAxML_bipartitions.EOG091G03OT.clustalo.aln.ALICUT.JTTF

Best-scoring ML tree with support values as branch labels written to: /in/RAxML_bipartitionsBranchLabels.EOG091G03OT.clustalo.aln.ALICUT.JTTF

Overall execution time for full ML analysis: 227.221066 secs or 0.063117 hours or 0.002630 days

