--2018-12-16 05:15:29--  http://www.orthodb.org/fasta?query=EOG091G0D8I&level=33208
Resolving www.orthodb.org (www.orthodb.org)... 142.93.108.123, 2a03:b0c0:3:d0::d19:7001
Connecting to www.orthodb.org (www.orthodb.org)|142.93.108.123|:80... connected.
HTTP request sent, awaiting response... 301 Moved Permanently
Location: https://www.orthodb.org/fasta?query=EOG091G0D8I&level=33208 [following]
--2018-12-16 05:15:29--  https://www.orthodb.org/fasta?query=EOG091G0D8I&level=33208
Connecting to www.orthodb.org (www.orthodb.org)|142.93.108.123|:443... connected.
HTTP request sent, awaiting response... 200 OK
Length: 717459 (701K) [text/plain]
Saving to: ‘EOG091G0D8I/EOG091G0D8I.orthodb.fasta’

     0K .......... .......... .......... .......... ..........  7% 1,31M 0s
    50K .......... .......... .......... .......... .......... 14% 1,93M 0s
   100K .......... .......... .......... .......... .......... 21% 1,78M 0s
   150K .......... .......... .......... .......... .......... 28% 1,73M 0s
   200K .......... .......... .......... .......... .......... 35% 1,94M 0s
   250K .......... .......... .......... .......... .......... 42% 1,90M 0s
   300K .......... .......... .......... .......... .......... 49% 1,90M 0s
   350K .......... .......... .......... .......... .......... 57% 2,01M 0s
   400K .......... .......... .......... .......... .......... 64% 23,7M 0s
   450K .......... .......... .......... .......... .......... 71% 2,05M 0s
   500K .......... .......... .......... .......... .......... 78% 2,10M 0s
   550K .......... .......... .......... .......... .......... 85% 2,46M 0s
   600K .......... .......... .......... .......... .......... 92% 3,17M 0s
   650K .......... .......... .......... .......... .......... 99% 4,46M 0s
   700K                                                       100% 1227G=0,3s

2018-12-16 05:15:30 (2,17 MB/s) - ‘EOG091G0D8I/EOG091G0D8I.orthodb.fasta’ saved [717459/717459]

