
RAxML can't, parse the alignment file as phylip file 
it will now try to parse it as FASTA file


This is the RAxML Master Pthread

This is RAxML Worker Pthread Number: 1


This is RAxML version 8.2.12 released by Alexandros Stamatakis on May 2018.

With greatly appreciated code contributions by:
Andre Aberer      (HITS)
Simon Berger      (HITS)
Alexey Kozlov     (HITS)
Kassian Kobert    (HITS)
David Dao         (KIT and HITS)
Sarah Lutteropp   (KIT and HITS)
Nick Pattengale   (Sandia)
Wayne Pfeiffer    (SDSC)
Akifumi S. Tanabe (NRIFS)
Charlie Taylor    (UF)


Alignment has 108 distinct alignment patterns

Proportion of gaps and completely undetermined characters in this alignment: 1.62%

RAxML rapid bootstrapping and subsequent ML search

Using 1 distinct models/data partitions with joint branch length optimization



Executing 100 rapid bootstrap inferences and thereafter a thorough ML search 

All free model parameters will be estimated by RAxML
GAMMA model of rate heterogeneity, ML estimate of alpha-parameter

GAMMA Model parameters will be estimated up to an accuracy of 0.1000000000 Log Likelihood units

Partition: 0
Alignment Patterns: 108
Name: No Name Provided
DataType: AA
Substitution Matrix: LG
Using empirical base frequencies




RAxML was called as follows:

raxml -f a -T 2 -m PROTGAMMALGF -p 12345 -x 12345 -# 100 -s ALICUT_EOG091G0X3B.clustalo.aln.fasta -n EOG091G0X3B.clustalo.aln.ALICUT.LGF 



Time for BS model parameter optimization 0.017059
Bootstrap[0]: Time 0.415102 seconds, bootstrap likelihood -2138.872830, best rearrangement setting 13
Bootstrap[1]: Time 0.569263 seconds, bootstrap likelihood -2197.276120, best rearrangement setting 13
Bootstrap[2]: Time 0.521297 seconds, bootstrap likelihood -1938.120559, best rearrangement setting 12
Bootstrap[3]: Time 0.493195 seconds, bootstrap likelihood -1991.273228, best rearrangement setting 15
Bootstrap[4]: Time 0.551840 seconds, bootstrap likelihood -2081.912545, best rearrangement setting 10
Bootstrap[5]: Time 0.553633 seconds, bootstrap likelihood -1988.926348, best rearrangement setting 10
Bootstrap[6]: Time 0.458983 seconds, bootstrap likelihood -1728.840522, best rearrangement setting 6
Bootstrap[7]: Time 0.535533 seconds, bootstrap likelihood -2074.574475, best rearrangement setting 14
Bootstrap[8]: Time 0.459742 seconds, bootstrap likelihood -2173.921884, best rearrangement setting 5
Bootstrap[9]: Time 0.516262 seconds, bootstrap likelihood -1833.182856, best rearrangement setting 7
Bootstrap[10]: Time 0.412350 seconds, bootstrap likelihood -2019.822985, best rearrangement setting 7
Bootstrap[11]: Time 0.561543 seconds, bootstrap likelihood -2024.242973, best rearrangement setting 5
Bootstrap[12]: Time 0.552281 seconds, bootstrap likelihood -2162.432069, best rearrangement setting 8
Bootstrap[13]: Time 0.458647 seconds, bootstrap likelihood -1906.924889, best rearrangement setting 7
Bootstrap[14]: Time 0.568297 seconds, bootstrap likelihood -2067.410865, best rearrangement setting 12
Bootstrap[15]: Time 0.426007 seconds, bootstrap likelihood -2231.292634, best rearrangement setting 15
Bootstrap[16]: Time 0.597638 seconds, bootstrap likelihood -2263.609925, best rearrangement setting 12
Bootstrap[17]: Time 0.515274 seconds, bootstrap likelihood -2095.454803, best rearrangement setting 12
Bootstrap[18]: Time 0.496932 seconds, bootstrap likelihood -2111.056400, best rearrangement setting 5
Bootstrap[19]: Time 0.568898 seconds, bootstrap likelihood -1994.795918, best rearrangement setting 8
Bootstrap[20]: Time 0.434923 seconds, bootstrap likelihood -2014.603362, best rearrangement setting 10
Bootstrap[21]: Time 0.484897 seconds, bootstrap likelihood -2062.407233, best rearrangement setting 6
Bootstrap[22]: Time 0.487680 seconds, bootstrap likelihood -2121.173558, best rearrangement setting 5
Bootstrap[23]: Time 0.519556 seconds, bootstrap likelihood -2182.840794, best rearrangement setting 7
Bootstrap[24]: Time 0.422086 seconds, bootstrap likelihood -1978.635878, best rearrangement setting 8
Bootstrap[25]: Time 0.515165 seconds, bootstrap likelihood -2071.149803, best rearrangement setting 6
Bootstrap[26]: Time 0.558153 seconds, bootstrap likelihood -2201.106121, best rearrangement setting 12
Bootstrap[27]: Time 0.577677 seconds, bootstrap likelihood -2163.609446, best rearrangement setting 10
Bootstrap[28]: Time 0.501415 seconds, bootstrap likelihood -2229.850693, best rearrangement setting 11
Bootstrap[29]: Time 0.497022 seconds, bootstrap likelihood -2155.341725, best rearrangement setting 12
Bootstrap[30]: Time 0.589196 seconds, bootstrap likelihood -2297.628432, best rearrangement setting 15
Bootstrap[31]: Time 0.395345 seconds, bootstrap likelihood -2261.508024, best rearrangement setting 15
Bootstrap[32]: Time 0.536812 seconds, bootstrap likelihood -2155.224574, best rearrangement setting 6
Bootstrap[33]: Time 0.596919 seconds, bootstrap likelihood -2221.035373, best rearrangement setting 15
Bootstrap[34]: Time 0.450716 seconds, bootstrap likelihood -1917.479862, best rearrangement setting 11
Bootstrap[35]: Time 0.532556 seconds, bootstrap likelihood -2041.090905, best rearrangement setting 8
Bootstrap[36]: Time 0.545030 seconds, bootstrap likelihood -2123.557492, best rearrangement setting 9
Bootstrap[37]: Time 0.516431 seconds, bootstrap likelihood -2141.848346, best rearrangement setting 11
Bootstrap[38]: Time 0.515428 seconds, bootstrap likelihood -2152.369422, best rearrangement setting 8
Bootstrap[39]: Time 0.546109 seconds, bootstrap likelihood -2312.448667, best rearrangement setting 13
Bootstrap[40]: Time 0.454625 seconds, bootstrap likelihood -2043.598932, best rearrangement setting 13
Bootstrap[41]: Time 0.434775 seconds, bootstrap likelihood -2312.656393, best rearrangement setting 10
Bootstrap[42]: Time 0.483881 seconds, bootstrap likelihood -1964.774162, best rearrangement setting 5
Bootstrap[43]: Time 0.550861 seconds, bootstrap likelihood -2106.196235, best rearrangement setting 14
Bootstrap[44]: Time 0.509063 seconds, bootstrap likelihood -2171.758505, best rearrangement setting 10
Bootstrap[45]: Time 0.442160 seconds, bootstrap likelihood -2223.126514, best rearrangement setting 15
Bootstrap[46]: Time 0.585212 seconds, bootstrap likelihood -2059.378487, best rearrangement setting 14
Bootstrap[47]: Time 0.486345 seconds, bootstrap likelihood -1949.662328, best rearrangement setting 8
Bootstrap[48]: Time 0.504097 seconds, bootstrap likelihood -2118.334901, best rearrangement setting 6
Bootstrap[49]: Time 0.552895 seconds, bootstrap likelihood -1889.480564, best rearrangement setting 7
Bootstrap[50]: Time 0.444048 seconds, bootstrap likelihood -2330.748710, best rearrangement setting 7
Bootstrap[51]: Time 0.404884 seconds, bootstrap likelihood -2087.603958, best rearrangement setting 11
Bootstrap[52]: Time 0.490056 seconds, bootstrap likelihood -2001.528172, best rearrangement setting 12
Bootstrap[53]: Time 0.312770 seconds, bootstrap likelihood -2045.168989, best rearrangement setting 8
Bootstrap[54]: Time 0.337823 seconds, bootstrap likelihood -2039.444004, best rearrangement setting 9
Bootstrap[55]: Time 0.328448 seconds, bootstrap likelihood -2145.124164, best rearrangement setting 11
Bootstrap[56]: Time 0.304115 seconds, bootstrap likelihood -1870.979200, best rearrangement setting 5
Bootstrap[57]: Time 0.398043 seconds, bootstrap likelihood -2082.112441, best rearrangement setting 7
Bootstrap[58]: Time 0.346901 seconds, bootstrap likelihood -2099.641805, best rearrangement setting 10
Bootstrap[59]: Time 0.328338 seconds, bootstrap likelihood -2014.664834, best rearrangement setting 9
Bootstrap[60]: Time 0.281748 seconds, bootstrap likelihood -2110.702055, best rearrangement setting 7
Bootstrap[61]: Time 0.292606 seconds, bootstrap likelihood -2011.478257, best rearrangement setting 5
Bootstrap[62]: Time 0.363901 seconds, bootstrap likelihood -1957.547822, best rearrangement setting 11
Bootstrap[63]: Time 0.343129 seconds, bootstrap likelihood -2106.379589, best rearrangement setting 12
Bootstrap[64]: Time 0.326373 seconds, bootstrap likelihood -2300.029735, best rearrangement setting 7
Bootstrap[65]: Time 0.316806 seconds, bootstrap likelihood -2084.082379, best rearrangement setting 5
Bootstrap[66]: Time 0.320505 seconds, bootstrap likelihood -2185.262149, best rearrangement setting 5
Bootstrap[67]: Time 0.292379 seconds, bootstrap likelihood -2012.305665, best rearrangement setting 15
Bootstrap[68]: Time 0.320338 seconds, bootstrap likelihood -1898.862961, best rearrangement setting 11
Bootstrap[69]: Time 0.309456 seconds, bootstrap likelihood -1921.943134, best rearrangement setting 5
Bootstrap[70]: Time 0.340423 seconds, bootstrap likelihood -2186.227713, best rearrangement setting 8
Bootstrap[71]: Time 0.279821 seconds, bootstrap likelihood -1944.296582, best rearrangement setting 10
Bootstrap[72]: Time 0.297587 seconds, bootstrap likelihood -2101.382452, best rearrangement setting 11
Bootstrap[73]: Time 0.325297 seconds, bootstrap likelihood -2029.369538, best rearrangement setting 9
Bootstrap[74]: Time 0.284810 seconds, bootstrap likelihood -2116.735833, best rearrangement setting 5
Bootstrap[75]: Time 0.332181 seconds, bootstrap likelihood -2145.062368, best rearrangement setting 8
Bootstrap[76]: Time 0.299252 seconds, bootstrap likelihood -1881.977462, best rearrangement setting 9
Bootstrap[77]: Time 0.349078 seconds, bootstrap likelihood -2174.010095, best rearrangement setting 11
Bootstrap[78]: Time 0.291193 seconds, bootstrap likelihood -2105.174623, best rearrangement setting 15
Bootstrap[79]: Time 0.322592 seconds, bootstrap likelihood -2072.768974, best rearrangement setting 9
Bootstrap[80]: Time 0.278210 seconds, bootstrap likelihood -2045.305756, best rearrangement setting 15
Bootstrap[81]: Time 0.331824 seconds, bootstrap likelihood -2016.278276, best rearrangement setting 7
Bootstrap[82]: Time 0.311539 seconds, bootstrap likelihood -2066.828185, best rearrangement setting 6
Bootstrap[83]: Time 0.318423 seconds, bootstrap likelihood -2108.634892, best rearrangement setting 10
Bootstrap[84]: Time 0.328767 seconds, bootstrap likelihood -1950.228914, best rearrangement setting 11
Bootstrap[85]: Time 0.319297 seconds, bootstrap likelihood -2266.790062, best rearrangement setting 8
Bootstrap[86]: Time 0.307539 seconds, bootstrap likelihood -2003.467804, best rearrangement setting 7
Bootstrap[87]: Time 0.334222 seconds, bootstrap likelihood -2066.112377, best rearrangement setting 7
Bootstrap[88]: Time 0.290328 seconds, bootstrap likelihood -2027.471741, best rearrangement setting 12
Bootstrap[89]: Time 0.312109 seconds, bootstrap likelihood -2188.688861, best rearrangement setting 10
Bootstrap[90]: Time 0.323385 seconds, bootstrap likelihood -2015.552084, best rearrangement setting 8
Bootstrap[91]: Time 0.328742 seconds, bootstrap likelihood -1959.735654, best rearrangement setting 12
Bootstrap[92]: Time 0.331006 seconds, bootstrap likelihood -2186.168235, best rearrangement setting 13
Bootstrap[93]: Time 0.347614 seconds, bootstrap likelihood -2132.686115, best rearrangement setting 15
Bootstrap[94]: Time 0.323556 seconds, bootstrap likelihood -2075.500272, best rearrangement setting 5
Bootstrap[95]: Time 0.349853 seconds, bootstrap likelihood -1992.823134, best rearrangement setting 5
Bootstrap[96]: Time 0.399156 seconds, bootstrap likelihood -2076.342005, best rearrangement setting 13
Bootstrap[97]: Time 0.318601 seconds, bootstrap likelihood -2120.230016, best rearrangement setting 11
Bootstrap[98]: Time 0.331391 seconds, bootstrap likelihood -2144.717530, best rearrangement setting 6
Bootstrap[99]: Time 0.321798 seconds, bootstrap likelihood -2167.365910, best rearrangement setting 14


Overall Time for 100 Rapid Bootstraps 41.971965 seconds
Average Time per Rapid Bootstrap 0.419720 seconds

Starting ML Search ...

Fast ML optimization finished

Fast ML search Time: 25.396535 seconds

Slow ML Search 0 Likelihood: -2099.819455
Slow ML Search 1 Likelihood: -2099.819455
Slow ML Search 2 Likelihood: -2099.819455
Slow ML Search 3 Likelihood: -2099.819455
Slow ML Search 4 Likelihood: -2099.819455
Slow ML Search 5 Likelihood: -2099.819455
Slow ML Search 6 Likelihood: -2099.819455
Slow ML Search 7 Likelihood: -2099.819455
Slow ML Search 8 Likelihood: -2099.819455
Slow ML Search 9 Likelihood: -2099.819455
Slow ML optimization finished

Slow ML search Time: 6.527829 seconds
Thorough ML search Time: 0.476926 seconds

Final ML Optimization Likelihood: -2099.820489

Model Information:

Model Parameters of Partition 0, Name: No Name Provided, Type of Data: AA
alpha: 0.649059
Tree-Length: 7.541211
rate A <-> R: 0.399182
rate A <-> N: 0.259945
rate A <-> D: 0.371058
rate A <-> C: 2.337364
rate A <-> Q: 0.910775
rate A <-> E: 0.975241
rate A <-> G: 1.940106
rate A <-> H: 0.336984
rate A <-> I: 0.140697
rate A <-> L: 0.371240
rate A <-> K: 0.503815
rate A <-> M: 1.055520
rate A <-> F: 0.238237
rate A <-> P: 1.105868
rate A <-> S: 4.439041
rate A <-> T: 2.009090
rate A <-> W: 0.169702
rate A <-> Y: 0.205613
rate A <-> V: 2.392567
rate R <-> N: 0.706048
rate R <-> D: 0.116398
rate R <-> C: 0.501968
rate R <-> Q: 2.636754
rate R <-> E: 0.341785
rate R <-> G: 0.366408
rate R <-> H: 2.278690
rate R <-> I: 0.119250
rate R <-> L: 0.283449
rate R <-> K: 5.940467
rate R <-> M: 0.454623
rate R <-> F: 0.049508
rate R <-> P: 0.312264
rate R <-> S: 0.805843
rate R <-> T: 0.543695
rate R <-> W: 0.557424
rate R <-> Y: 0.295274
rate R <-> V: 0.160471
rate N <-> D: 4.766737
rate N <-> C: 0.496537
rate N <-> Q: 1.592389
rate N <-> E: 0.508692
rate N <-> G: 1.350015
rate N <-> H: 4.234381
rate N <-> I: 0.179830
rate N <-> L: 0.064256
rate N <-> K: 2.014327
rate N <-> M: 0.348390
rate N <-> F: 0.084068
rate N <-> P: 0.151925
rate N <-> S: 3.764032
rate N <-> T: 1.878729
rate N <-> W: 0.042610
rate N <-> Y: 0.574720
rate N <-> V: 0.078587
rate D <-> C: 0.058743
rate D <-> Q: 0.491483
rate D <-> E: 4.924234
rate D <-> G: 0.793424
rate D <-> H: 0.870603
rate D <-> I: 0.010038
rate D <-> L: 0.014157
rate D <-> K: 0.265711
rate D <-> M: 0.023991
rate D <-> F: 0.016354
rate D <-> P: 0.370412
rate D <-> S: 1.164675
rate D <-> T: 0.399902
rate D <-> W: 0.028068
rate D <-> Y: 0.126872
rate D <-> V: 0.035653
rate C <-> Q: 0.079639
rate C <-> E: 0.003286
rate C <-> G: 0.534566
rate C <-> H: 0.601499
rate C <-> I: 0.301083
rate C <-> L: 0.557800
rate C <-> K: 0.012457
rate C <-> M: 0.839207
rate C <-> F: 1.037881
rate C <-> P: 0.070787
rate C <-> S: 2.614753
rate C <-> T: 1.073780
rate C <-> W: 0.629281
rate C <-> Y: 1.094488
rate C <-> V: 1.839864
rate Q <-> E: 3.876936
rate Q <-> G: 0.251626
rate Q <-> H: 4.520102
rate Q <-> I: 0.068413
rate Q <-> L: 0.546954
rate Q <-> K: 3.037150
rate Q <-> M: 1.570619
rate Q <-> F: 0.033669
rate Q <-> P: 0.586241
rate Q <-> S: 1.149231
rate Q <-> T: 1.014297
rate Q <-> W: 0.221802
rate Q <-> Y: 0.241650
rate Q <-> V: 0.197511
rate E <-> G: 0.327583
rate E <-> H: 0.398044
rate E <-> I: 0.041567
rate E <-> L: 0.065426
rate E <-> K: 1.697022
rate E <-> M: 0.163145
rate E <-> F: 0.017664
rate E <-> P: 0.393844
rate E <-> S: 0.574671
rate E <-> T: 0.567695
rate E <-> W: 0.073107
rate E <-> Y: 0.112720
rate E <-> V: 0.230098
rate G <-> H: 0.292498
rate G <-> I: 0.008174
rate G <-> L: 0.041563
rate G <-> K: 0.278555
rate G <-> M: 0.131033
rate G <-> F: 0.084125
rate G <-> P: 0.184955
rate G <-> S: 1.633930
rate G <-> T: 0.121922
rate G <-> W: 0.252125
rate G <-> Y: 0.051346
rate G <-> V: 0.072026
rate H <-> I: 0.102245
rate H <-> L: 0.343988
rate H <-> K: 0.654763
rate H <-> M: 0.415502
rate H <-> F: 0.640560
rate H <-> P: 0.477834
rate H <-> S: 0.929667
rate H <-> T: 0.548649
rate H <-> W: 0.560661
rate H <-> Y: 4.983361
rate H <-> V: 0.111759
rate I <-> L: 3.892408
rate I <-> K: 0.149373
rate I <-> M: 4.013113
rate I <-> F: 1.044902
rate I <-> P: 0.073509
rate I <-> S: 0.060198
rate I <-> T: 0.970728
rate I <-> W: 0.104854
rate I <-> Y: 0.218350
rate I <-> V: 10.000000
rate L <-> K: 0.129119
rate L <-> M: 5.927594
rate L <-> F: 2.434657
rate L <-> P: 0.233879
rate L <-> S: 0.171176
rate L <-> T: 0.284471
rate L <-> W: 0.581863
rate L <-> Y: 0.281383
rate L <-> V: 1.598956
rate K <-> M: 0.616581
rate K <-> F: 0.022460
rate K <-> P: 0.366530
rate K <-> S: 0.703048
rate K <-> T: 1.067567
rate K <-> W: 0.046864
rate K <-> Y: 0.123890
rate K <-> V: 0.173913
rate M <-> F: 1.689205
rate M <-> P: 0.093763
rate M <-> S: 0.325811
rate M <-> T: 1.897216
rate M <-> W: 0.653740
rate M <-> Y: 0.451968
rate M <-> V: 1.782983
rate F <-> P: 0.088706
rate F <-> S: 0.339765
rate F <-> T: 0.154944
rate F <-> W: 2.307349
rate F <-> Y: 7.328222
rate F <-> V: 0.614777
rate P <-> S: 1.256567
rate P <-> T: 0.536635
rate P <-> W: 0.089332
rate P <-> Y: 0.084151
rate P <-> V: 0.278428
rate S <-> T: 6.077767
rate S <-> W: 0.233693
rate S <-> Y: 0.376132
rate S <-> V: 0.092373
rate T <-> W: 0.132241
rate T <-> Y: 0.230856
rate T <-> V: 2.054781
rate W <-> Y: 2.959699
rate W <-> V: 0.177959
rate Y <-> V: 0.234116

freq pi(A): 0.090452
freq pi(R): 0.034458
freq pi(N): 0.039483
freq pi(D): 0.049533
freq pi(C): 0.020101
freq pi(Q): 0.048816
freq pi(E): 0.073941
freq pi(G): 0.020818
freq pi(H): 0.038047
freq pi(I): 0.051687
freq pi(L): 0.139268
freq pi(K): 0.078248
freq pi(M): 0.011486
freq pi(F): 0.027997
freq pi(P): 0.037330
freq pi(S): 0.056712
freq pi(T): 0.053841
freq pi(W): 0.016511
freq pi(Y): 0.040919
freq pi(V): 0.070352


ML search took 32.423368 secs or 0.009006 hours

Combined Bootstrap and ML search took 74.395573 secs or 0.020665 hours

Drawing Bootstrap Support Values on best-scoring ML tree ...



Found 1 tree in File /in/RAxML_bestTree.EOG091G0X3B.clustalo.aln.ALICUT.LGF



Found 1 tree in File /in/RAxML_bestTree.EOG091G0X3B.clustalo.aln.ALICUT.LGF

Program execution info written to /in/RAxML_info.EOG091G0X3B.clustalo.aln.ALICUT.LGF
All 100 bootstrapped trees written to: /in/RAxML_bootstrap.EOG091G0X3B.clustalo.aln.ALICUT.LGF

Best-scoring ML tree written to: /in/RAxML_bestTree.EOG091G0X3B.clustalo.aln.ALICUT.LGF

Best-scoring ML tree with support values written to: /in/RAxML_bipartitions.EOG091G0X3B.clustalo.aln.ALICUT.LGF

Best-scoring ML tree with support values as branch labels written to: /in/RAxML_bipartitionsBranchLabels.EOG091G0X3B.clustalo.aln.ALICUT.LGF

Overall execution time for full ML analysis: 74.397458 secs or 0.020666 hours or 0.000861 days

