
	reading taxa from FASTA ...


	C.sinensis           -> sites: 713   
	D.melanogaster       -> sites: 713   
	O.viverrini          -> sites: 713   
	E.nipponicum         -> sites: 713   
	G.salaris            -> sites: 713   
	P.xenopodis          -> sites: 713   
	S.mediterranea       -> sites: 713   
	L.gigantea           -> sites: 713   
	T.solium             -> sites: 713   


	data type             : amino acid sequences

	input ...

	infile		: EOG091G0N0A.clustalo.aln.fasta
	random pairs	: 200000000000000000
	window size	: 6
	indels		: ambiguous
	tree file	: -
	node level	: -
	strict profile	: -
	outgroup	: -
	matrix          : BLOSUM62

	number of taxa        : 9
	random number of pairs: 200000000000000000

	generates threshhold value for amino acid data
	using BLOSUM62

	checks for (potential) identical taxa


	scores site patterns ...


	max number of different pairs is 36
	max random pairs are scored!

	pair: 1      ->	taxon1: C.sinensis	taxon2: D.melanoga
	            	positions below base line: 571
	pair: 2      ->	taxon1: C.sinensis	taxon2: O.viverrin
	            	positions below base line: 471
	pair: 3      ->	taxon1: C.sinensis	taxon2: E.nipponic
	            	positions below base line: 596
	pair: 4      ->	taxon1: C.sinensis	taxon2: G.salaris 
	            	positions below base line: 599
	pair: 5      ->	taxon1: C.sinensis	taxon2: P.xenopodi
	            	positions below base line: 595
	pair: 6      ->	taxon1: C.sinensis	taxon2: S.mediterr
	            	positions below base line: 582
	pair: 7      ->	taxon1: C.sinensis	taxon2: L.gigantea
	            	positions below base line: 625
	pair: 8      ->	taxon1: C.sinensis	taxon2: T.solium  
	            	positions below base line: 610
	pair: 9      ->	taxon1: D.melanoga	taxon2: O.viverrin
	            	positions below base line: 584
	pair: 10     ->	taxon1: D.melanoga	taxon2: E.nipponic
	            	positions below base line: 560
	pair: 11     ->	taxon1: D.melanoga	taxon2: G.salaris 
	            	positions below base line: 549
	pair: 12     ->	taxon1: D.melanoga	taxon2: P.xenopodi
	            	positions below base line: 618
	pair: 13     ->	taxon1: D.melanoga	taxon2: S.mediterr
	            	positions below base line: 510
	pair: 14     ->	taxon1: D.melanoga	taxon2: L.gigantea
	            	positions below base line: 611
	pair: 15     ->	taxon1: D.melanoga	taxon2: T.solium  
	            	positions below base line: 631
	pair: 16     ->	taxon1: O.viverrin	taxon2: E.nipponic
	            	positions below base line: 596
	pair: 17     ->	taxon1: O.viverrin	taxon2: G.salaris 
	            	positions below base line: 572
	pair: 18     ->	taxon1: O.viverrin	taxon2: P.xenopodi
	            	positions below base line: 592
	pair: 19     ->	taxon1: O.viverrin	taxon2: S.mediterr
	            	positions below base line: 586
	pair: 20     ->	taxon1: O.viverrin	taxon2: L.gigantea
	            	positions below base line: 626
	pair: 21     ->	taxon1: O.viverrin	taxon2: T.solium  
	            	positions below base line: 610
	pair: 22     ->	taxon1: E.nipponic	taxon2: G.salaris 
	            	positions below base line: 545
	pair: 23     ->	taxon1: E.nipponic	taxon2: P.xenopodi
	            	positions below base line: 575
	pair: 24     ->	taxon1: E.nipponic	taxon2: S.mediterr
	            	positions below base line: 536
	pair: 25     ->	taxon1: E.nipponic	taxon2: L.gigantea
	            	positions below base line: 613
	pair: 26     ->	taxon1: E.nipponic	taxon2: T.solium  
	            	positions below base line: 642
	pair: 27     ->	taxon1: G.salaris 	taxon2: P.xenopodi
	            	positions below base line: 584
	pair: 28     ->	taxon1: G.salaris 	taxon2: S.mediterr
	            	positions below base line: 581
	pair: 29     ->	taxon1: G.salaris 	taxon2: L.gigantea
	            	positions below base line: 613
	pair: 30     ->	taxon1: G.salaris 	taxon2: T.solium  
	            	positions below base line: 630
	pair: 31     ->	taxon1: P.xenopodi	taxon2: S.mediterr
	            	positions below base line: 578
	pair: 32     ->	taxon1: P.xenopodi	taxon2: L.gigantea
	            	positions below base line: 623
	pair: 33     ->	taxon1: P.xenopodi	taxon2: T.solium  
	            	positions below base line: 625
	pair: 34     ->	taxon1: S.mediterr	taxon2: L.gigantea
	            	positions below base line: 612
	pair: 35     ->	taxon1: S.mediterr	taxon2: T.solium  
	            	positions below base line: 653
	pair: 36     ->	taxon1: L.gigantea	taxon2: T.solium  
	            	positions below base line: 676

	generates quality profile from collected scores ...


	scoring done ...


	generates vector plot from collected scores ...


Argument "-" treated as 0 in increment (++) at /usr/bin/Aliscore.pl line 1213.
	Profile written to EOG091G0N0A.clustalo.aln.fasta_Profile_random.txt
	List   written to EOG091G0N0A.clustalo.aln.fasta_List_random.txt

	time used: 3.71 sec

