
	reading taxa from FASTA ...


	P.xenopodis          -> sites: 680   
	G.turnbulli          -> sites: 680   
	S.mediterranea       -> sites: 680   
	G.salaris            -> sites: 680   
	L.gigantea           -> sites: 680   
	T.solium             -> sites: 680   
	M.lignano            -> sites: 680   
	C.intestinalis       -> sites: 680   
	D.rerio              -> sites: 680   
	H.robusta            -> sites: 680   
	C.sinensis           -> sites: 680   
	D.melanogaster       -> sites: 680   
	E.nipponicum         -> sites: 680   
	R.norvegicus         -> sites: 680   


	data type             : amino acid sequences

	input ...

	infile		: EOG091G19Y2.clustalo.aln.fasta
	random pairs	: 200000000000000000
	window size	: 6
	indels		: ambiguous
	tree file	: -
	node level	: -
	strict profile	: -
	outgroup	: -
	matrix          : BLOSUM62

	number of taxa        : 14
	random number of pairs: 200000000000000000

	generates threshhold value for amino acid data
	using BLOSUM62

	checks for (potential) identical taxa


	scores site patterns ...


	max number of different pairs is 91
	max random pairs are scored!

	pair: 1      ->	taxon1: P.xenopodi	taxon2: G.turnbull
	            	positions below base line: 572
	pair: 2      ->	taxon1: P.xenopodi	taxon2: S.mediterr
	            	positions below base line: 563
	pair: 3      ->	taxon1: P.xenopodi	taxon2: G.salaris 
	            	positions below base line: 581
	pair: 4      ->	taxon1: P.xenopodi	taxon2: L.gigantea
	            	positions below base line: 556
	pair: 5      ->	taxon1: P.xenopodi	taxon2: T.solium  
	            	positions below base line: 555
	pair: 6      ->	taxon1: P.xenopodi	taxon2: M.lignano 
	            	positions below base line: 573
	pair: 7      ->	taxon1: P.xenopodi	taxon2: C.intestin
	            	positions below base line: 564
	pair: 8      ->	taxon1: P.xenopodi	taxon2: D.rerio   
	            	positions below base line: 560
	pair: 9      ->	taxon1: P.xenopodi	taxon2: H.robusta 
	            	positions below base line: 565
	pair: 10     ->	taxon1: P.xenopodi	taxon2: C.sinensis
	            	positions below base line: 549
	pair: 11     ->	taxon1: P.xenopodi	taxon2: D.melanoga
	            	positions below base line: 569
	pair: 12     ->	taxon1: P.xenopodi	taxon2: E.nipponic
	            	positions below base line: 549
	pair: 13     ->	taxon1: P.xenopodi	taxon2: R.norvegic
	            	positions below base line: 557
	pair: 14     ->	taxon1: G.turnbull	taxon2: S.mediterr
	            	positions below base line: 593
	pair: 15     ->	taxon1: G.turnbull	taxon2: G.salaris 
	            	positions below base line: 548
	pair: 16     ->	taxon1: G.turnbull	taxon2: L.gigantea
	            	positions below base line: 581
	pair: 17     ->	taxon1: G.turnbull	taxon2: T.solium  
	            	positions below base line: 558
	pair: 18     ->	taxon1: G.turnbull	taxon2: M.lignano 
	            	positions below base line: 609
	pair: 19     ->	taxon1: G.turnbull	taxon2: C.intestin
	            	positions below base line: 592
	pair: 20     ->	taxon1: G.turnbull	taxon2: D.rerio   
	            	positions below base line: 590
	pair: 21     ->	taxon1: G.turnbull	taxon2: H.robusta 
	            	positions below base line: 587
	pair: 22     ->	taxon1: G.turnbull	taxon2: C.sinensis
	            	positions below base line: 580
	pair: 23     ->	taxon1: G.turnbull	taxon2: D.melanoga
	            	positions below base line: 597
	pair: 24     ->	taxon1: G.turnbull	taxon2: E.nipponic
	            	positions below base line: 582
	pair: 25     ->	taxon1: G.turnbull	taxon2: R.norvegic
	            	positions below base line: 590
	pair: 26     ->	taxon1: S.mediterr	taxon2: G.salaris 
	            	positions below base line: 596
	pair: 27     ->	taxon1: S.mediterr	taxon2: L.gigantea
	            	positions below base line: 562
	pair: 28     ->	taxon1: S.mediterr	taxon2: T.solium  
	            	positions below base line: 558
	pair: 29     ->	taxon1: S.mediterr	taxon2: M.lignano 
	            	positions below base line: 577
	pair: 30     ->	taxon1: S.mediterr	taxon2: C.intestin
	            	positions below base line: 566
	pair: 31     ->	taxon1: S.mediterr	taxon2: D.rerio   
	            	positions below base line: 562
	pair: 32     ->	taxon1: S.mediterr	taxon2: H.robusta 
	            	positions below base line: 558
	pair: 33     ->	taxon1: S.mediterr	taxon2: C.sinensis
	            	positions below base line: 561
	pair: 34     ->	taxon1: S.mediterr	taxon2: D.melanoga
	            	positions below base line: 572
	pair: 35     ->	taxon1: S.mediterr	taxon2: E.nipponic
	            	positions below base line: 571
	pair: 36     ->	taxon1: S.mediterr	taxon2: R.norvegic
	            	positions below base line: 561
	pair: 37     ->	taxon1: G.salaris 	taxon2: L.gigantea
	            	positions below base line: 587
	pair: 38     ->	taxon1: G.salaris 	taxon2: T.solium  
	            	positions below base line: 563
	pair: 39     ->	taxon1: G.salaris 	taxon2: M.lignano 
	            	positions below base line: 605
	pair: 40     ->	taxon1: G.salaris 	taxon2: C.intestin
	            	positions below base line: 603
	pair: 41     ->	taxon1: G.salaris 	taxon2: D.rerio   
	            	positions below base line: 593
	pair: 42     ->	taxon1: G.salaris 	taxon2: H.robusta 
	            	positions below base line: 594
	pair: 43     ->	taxon1: G.salaris 	taxon2: C.sinensis
	            	positions below base line: 582
	pair: 44     ->	taxon1: G.salaris 	taxon2: D.melanoga
	            	positions below base line: 612
	pair: 45     ->	taxon1: G.salaris 	taxon2: E.nipponic
	            	positions below base line: 578
	pair: 46     ->	taxon1: G.salaris 	taxon2: R.norvegic
	            	positions below base line: 595
	pair: 47     ->	taxon1: L.gigantea	taxon2: T.solium  
	            	positions below base line: 559
	pair: 48     ->	taxon1: L.gigantea	taxon2: M.lignano 
	            	positions below base line: 577
	pair: 49     ->	taxon1: L.gigantea	taxon2: C.intestin
	            	positions below base line: 553
	pair: 50     ->	taxon1: L.gigantea	taxon2: D.rerio   
	            	positions below base line: 546
	pair: 51     ->	taxon1: L.gigantea	taxon2: H.robusta 
	            	positions below base line: 552
	pair: 52     ->	taxon1: L.gigantea	taxon2: C.sinensis
	            	positions below base line: 560
	pair: 53     ->	taxon1: L.gigantea	taxon2: D.melanoga
	            	positions below base line: 559
	pair: 54     ->	taxon1: L.gigantea	taxon2: E.nipponic
	            	positions below base line: 552
	pair: 55     ->	taxon1: L.gigantea	taxon2: R.norvegic
	            	positions below base line: 546
	pair: 56     ->	taxon1: T.solium  	taxon2: M.lignano 
	            	positions below base line: 575
	pair: 57     ->	taxon1: T.solium  	taxon2: C.intestin
	            	positions below base line: 565
	pair: 58     ->	taxon1: T.solium  	taxon2: D.rerio   
	            	positions below base line: 557
	pair: 59     ->	taxon1: T.solium  	taxon2: H.robusta 
	            	positions below base line: 564
	pair: 60     ->	taxon1: T.solium  	taxon2: C.sinensis
	            	positions below base line: 548
	pair: 61     ->	taxon1: T.solium  	taxon2: D.melanoga
	            	positions below base line: 573
	pair: 62     ->	taxon1: T.solium  	taxon2: E.nipponic
	            	positions below base line: 552
	pair: 63     ->	taxon1: T.solium  	taxon2: R.norvegic
	            	positions below base line: 557
	pair: 64     ->	taxon1: M.lignano 	taxon2: C.intestin
	            	positions below base line: 579
	pair: 65     ->	taxon1: M.lignano 	taxon2: D.rerio   
	            	positions below base line: 581
	pair: 66     ->	taxon1: M.lignano 	taxon2: H.robusta 
	            	positions below base line: 581
	pair: 67     ->	taxon1: M.lignano 	taxon2: C.sinensis
	            	positions below base line: 574
	pair: 68     ->	taxon1: M.lignano 	taxon2: D.melanoga
	            	positions below base line: 578
	pair: 69     ->	taxon1: M.lignano 	taxon2: E.nipponic
	            	positions below base line: 576
	pair: 70     ->	taxon1: M.lignano 	taxon2: R.norvegic
	            	positions below base line: 580
	pair: 71     ->	taxon1: C.intestin	taxon2: D.rerio   
	            	positions below base line: 548
	pair: 72     ->	taxon1: C.intestin	taxon2: H.robusta 
	            	positions below base line: 558
	pair: 73     ->	taxon1: C.intestin	taxon2: C.sinensis
	            	positions below base line: 557
	pair: 74     ->	taxon1: C.intestin	taxon2: D.melanoga
	            	positions below base line: 566
	pair: 75     ->	taxon1: C.intestin	taxon2: E.nipponic
	            	positions below base line: 565
	pair: 76     ->	taxon1: C.intestin	taxon2: R.norvegic
	            	positions below base line: 548
	pair: 77     ->	taxon1: D.rerio   	taxon2: H.robusta 
	            	positions below base line: 553
	pair: 78     ->	taxon1: D.rerio   	taxon2: C.sinensis
	            	positions below base line: 554
	pair: 79     ->	taxon1: D.rerio   	taxon2: D.melanoga
	            	positions below base line: 562
	pair: 80     ->	taxon1: D.rerio   	taxon2: E.nipponic
	            	positions below base line: 563
	pair: 81     ->	taxon1: D.rerio   	taxon2: R.norvegic
	            	positions below base line: 539
	pair: 82     ->	taxon1: H.robusta 	taxon2: C.sinensis
	            	positions below base line: 562
	pair: 83     ->	taxon1: H.robusta 	taxon2: D.melanoga
	            	positions below base line: 571
	pair: 84     ->	taxon1: H.robusta 	taxon2: E.nipponic
	            	positions below base line: 566
	pair: 85     ->	taxon1: H.robusta 	taxon2: R.norvegic
	            	positions below base line: 553
	pair: 86     ->	taxon1: C.sinensis	taxon2: D.melanoga
	            	positions below base line: 577
	pair: 87     ->	taxon1: C.sinensis	taxon2: E.nipponic
	            	positions below base line: 547
	pair: 88     ->	taxon1: C.sinensis	taxon2: R.norvegic
	            	positions below base line: 554
	pair: 89     ->	taxon1: D.melanoga	taxon2: E.nipponic
	            	positions below base line: 578
	pair: 90     ->	taxon1: D.melanoga	taxon2: R.norvegic
	            	positions below base line: 562
	pair: 91     ->	taxon1: E.nipponic	taxon2: R.norvegic
	            	positions below base line: 561

	generates quality profile from collected scores ...


	scoring done ...


	generates vector plot from collected scores ...


Argument "-" treated as 0 in increment (++) at /usr/bin/Aliscore.pl line 1213.
	Profile written to EOG091G19Y2.clustalo.aln.fasta_Profile_random.txt
	List   written to EOG091G19Y2.clustalo.aln.fasta_List_random.txt

	time used: 3.86 sec

