
RAxML can't, parse the alignment file as phylip file 
it will now try to parse it as FASTA file


This is the RAxML Master Pthread

This is RAxML Worker Pthread Number: 1


This is RAxML version 8.2.12 released by Alexandros Stamatakis on May 2018.

With greatly appreciated code contributions by:
Andre Aberer      (HITS)
Simon Berger      (HITS)
Alexey Kozlov     (HITS)
Kassian Kobert    (HITS)
David Dao         (KIT and HITS)
Sarah Lutteropp   (KIT and HITS)
Nick Pattengale   (Sandia)
Wayne Pfeiffer    (SDSC)
Akifumi S. Tanabe (NRIFS)
Charlie Taylor    (UF)


Alignment has 268 distinct alignment patterns

Proportion of gaps and completely undetermined characters in this alignment: 2.47%

RAxML rapid bootstrapping and subsequent ML search

Using 1 distinct models/data partitions with joint branch length optimization



Executing 100 rapid bootstrap inferences and thereafter a thorough ML search 

All free model parameters will be estimated by RAxML
GAMMA model of rate heterogeneity, ML estimate of alpha-parameter

GAMMA Model parameters will be estimated up to an accuracy of 0.1000000000 Log Likelihood units

Partition: 0
Alignment Patterns: 268
Name: No Name Provided
DataType: AA
Substitution Matrix: LG
Using empirical base frequencies




RAxML was called as follows:

raxml -f a -T 2 -m PROTGAMMALGF -p 12345 -x 12345 -# 100 -s ALICUT_EOG091G04EX.clustalo.aln.fasta -n EOG091G04EX.clustalo.aln.ALICUT.LGF 



Time for BS model parameter optimization 0.081244
Bootstrap[0]: Time 0.777427 seconds, bootstrap likelihood -5050.057694, best rearrangement setting 13
Bootstrap[1]: Time 0.622018 seconds, bootstrap likelihood -4812.077331, best rearrangement setting 13
Bootstrap[2]: Time 0.280801 seconds, bootstrap likelihood -5006.938580, best rearrangement setting 12
Bootstrap[3]: Time 0.624138 seconds, bootstrap likelihood -4694.285047, best rearrangement setting 15
Bootstrap[4]: Time 0.636722 seconds, bootstrap likelihood -4955.233378, best rearrangement setting 10
Bootstrap[5]: Time 0.652836 seconds, bootstrap likelihood -4762.679455, best rearrangement setting 10
Bootstrap[6]: Time 0.601006 seconds, bootstrap likelihood -4909.449526, best rearrangement setting 6
Bootstrap[7]: Time 0.580857 seconds, bootstrap likelihood -4762.911665, best rearrangement setting 14
Bootstrap[8]: Time 0.645774 seconds, bootstrap likelihood -4643.345409, best rearrangement setting 5
Bootstrap[9]: Time 0.633005 seconds, bootstrap likelihood -4846.723613, best rearrangement setting 7
Bootstrap[10]: Time 0.641547 seconds, bootstrap likelihood -4947.033882, best rearrangement setting 7
Bootstrap[11]: Time 0.673645 seconds, bootstrap likelihood -4986.445684, best rearrangement setting 5
Bootstrap[12]: Time 0.266417 seconds, bootstrap likelihood -5219.516537, best rearrangement setting 8
Bootstrap[13]: Time 0.703017 seconds, bootstrap likelihood -4802.307773, best rearrangement setting 7
Bootstrap[14]: Time 0.616105 seconds, bootstrap likelihood -4830.461589, best rearrangement setting 12
Bootstrap[15]: Time 0.720505 seconds, bootstrap likelihood -5009.829673, best rearrangement setting 15
Bootstrap[16]: Time 0.592722 seconds, bootstrap likelihood -4911.212535, best rearrangement setting 12
Bootstrap[17]: Time 0.671910 seconds, bootstrap likelihood -4806.023588, best rearrangement setting 12
Bootstrap[18]: Time 0.642122 seconds, bootstrap likelihood -4863.077768, best rearrangement setting 5
Bootstrap[19]: Time 0.612532 seconds, bootstrap likelihood -5056.072985, best rearrangement setting 8
Bootstrap[20]: Time 0.573338 seconds, bootstrap likelihood -4840.041475, best rearrangement setting 10
Bootstrap[21]: Time 0.604119 seconds, bootstrap likelihood -4976.116260, best rearrangement setting 6
Bootstrap[22]: Time 0.640822 seconds, bootstrap likelihood -4935.731985, best rearrangement setting 5
Bootstrap[23]: Time 0.855227 seconds, bootstrap likelihood -4744.259459, best rearrangement setting 7
Bootstrap[24]: Time 0.767644 seconds, bootstrap likelihood -4828.153029, best rearrangement setting 8
Bootstrap[25]: Time 0.580060 seconds, bootstrap likelihood -4874.722218, best rearrangement setting 6
Bootstrap[26]: Time 0.571351 seconds, bootstrap likelihood -4925.454812, best rearrangement setting 12
Bootstrap[27]: Time 0.724008 seconds, bootstrap likelihood -4946.636797, best rearrangement setting 10
Bootstrap[28]: Time 0.586312 seconds, bootstrap likelihood -4704.672423, best rearrangement setting 11
Bootstrap[29]: Time 0.610258 seconds, bootstrap likelihood -4872.601382, best rearrangement setting 12
Bootstrap[30]: Time 0.689067 seconds, bootstrap likelihood -5088.083837, best rearrangement setting 15
Bootstrap[31]: Time 0.611703 seconds, bootstrap likelihood -4890.155377, best rearrangement setting 15
Bootstrap[32]: Time 0.650559 seconds, bootstrap likelihood -4972.352426, best rearrangement setting 6
Bootstrap[33]: Time 0.640954 seconds, bootstrap likelihood -4953.124613, best rearrangement setting 15
Bootstrap[34]: Time 0.602158 seconds, bootstrap likelihood -4989.046036, best rearrangement setting 11
Bootstrap[35]: Time 0.280049 seconds, bootstrap likelihood -5026.835658, best rearrangement setting 8
Bootstrap[36]: Time 0.607642 seconds, bootstrap likelihood -4998.018686, best rearrangement setting 9
Bootstrap[37]: Time 0.598000 seconds, bootstrap likelihood -5106.698845, best rearrangement setting 11
Bootstrap[38]: Time 0.688124 seconds, bootstrap likelihood -4830.801526, best rearrangement setting 8
Bootstrap[39]: Time 0.496980 seconds, bootstrap likelihood -4957.808629, best rearrangement setting 13
Bootstrap[40]: Time 0.991444 seconds, bootstrap likelihood -4784.991889, best rearrangement setting 13
Bootstrap[41]: Time 0.747219 seconds, bootstrap likelihood -5089.399142, best rearrangement setting 10
Bootstrap[42]: Time 0.618384 seconds, bootstrap likelihood -4854.531618, best rearrangement setting 5
Bootstrap[43]: Time 0.579146 seconds, bootstrap likelihood -5015.916840, best rearrangement setting 14
Bootstrap[44]: Time 0.576401 seconds, bootstrap likelihood -5056.965144, best rearrangement setting 10
Bootstrap[45]: Time 0.608782 seconds, bootstrap likelihood -4886.269196, best rearrangement setting 15
Bootstrap[46]: Time 0.624271 seconds, bootstrap likelihood -4862.141286, best rearrangement setting 14
Bootstrap[47]: Time 0.691980 seconds, bootstrap likelihood -5285.389353, best rearrangement setting 8
Bootstrap[48]: Time 0.590296 seconds, bootstrap likelihood -5052.091367, best rearrangement setting 6
Bootstrap[49]: Time 0.290820 seconds, bootstrap likelihood -4904.428062, best rearrangement setting 7
Bootstrap[50]: Time 0.613645 seconds, bootstrap likelihood -4858.179572, best rearrangement setting 7
Bootstrap[51]: Time 0.643521 seconds, bootstrap likelihood -4839.092589, best rearrangement setting 11
Bootstrap[52]: Time 0.667472 seconds, bootstrap likelihood -4979.732084, best rearrangement setting 12
Bootstrap[53]: Time 0.635491 seconds, bootstrap likelihood -5200.307142, best rearrangement setting 8
Bootstrap[54]: Time 0.587280 seconds, bootstrap likelihood -4733.617775, best rearrangement setting 9
Bootstrap[55]: Time 0.593686 seconds, bootstrap likelihood -4853.867638, best rearrangement setting 11
Bootstrap[56]: Time 0.709363 seconds, bootstrap likelihood -4855.835635, best rearrangement setting 5
Bootstrap[57]: Time 0.630365 seconds, bootstrap likelihood -4787.985662, best rearrangement setting 7
Bootstrap[58]: Time 0.797001 seconds, bootstrap likelihood -4877.470042, best rearrangement setting 10
Bootstrap[59]: Time 0.734054 seconds, bootstrap likelihood -4978.910168, best rearrangement setting 9
Bootstrap[60]: Time 0.703612 seconds, bootstrap likelihood -4759.186266, best rearrangement setting 7
Bootstrap[61]: Time 0.628264 seconds, bootstrap likelihood -5025.032327, best rearrangement setting 5
Bootstrap[62]: Time 0.732767 seconds, bootstrap likelihood -5063.245334, best rearrangement setting 11
Bootstrap[63]: Time 0.724677 seconds, bootstrap likelihood -4915.913202, best rearrangement setting 12
Bootstrap[64]: Time 0.787307 seconds, bootstrap likelihood -4759.533818, best rearrangement setting 7
Bootstrap[65]: Time 0.862338 seconds, bootstrap likelihood -5073.187644, best rearrangement setting 5
Bootstrap[66]: Time 0.800850 seconds, bootstrap likelihood -4684.632707, best rearrangement setting 5
Bootstrap[67]: Time 0.685934 seconds, bootstrap likelihood -4825.190759, best rearrangement setting 15
Bootstrap[68]: Time 0.682049 seconds, bootstrap likelihood -4847.197516, best rearrangement setting 11
Bootstrap[69]: Time 0.659122 seconds, bootstrap likelihood -4880.187632, best rearrangement setting 5
Bootstrap[70]: Time 0.723293 seconds, bootstrap likelihood -4973.673699, best rearrangement setting 8
Bootstrap[71]: Time 0.693987 seconds, bootstrap likelihood -4876.730100, best rearrangement setting 10
Bootstrap[72]: Time 0.724668 seconds, bootstrap likelihood -4925.450164, best rearrangement setting 11
Bootstrap[73]: Time 0.753472 seconds, bootstrap likelihood -5252.414214, best rearrangement setting 9
Bootstrap[74]: Time 0.609786 seconds, bootstrap likelihood -4859.850524, best rearrangement setting 5
Bootstrap[75]: Time 0.598188 seconds, bootstrap likelihood -4859.972604, best rearrangement setting 8
Bootstrap[76]: Time 0.651380 seconds, bootstrap likelihood -4954.433607, best rearrangement setting 9
Bootstrap[77]: Time 0.351432 seconds, bootstrap likelihood -4816.679082, best rearrangement setting 11
Bootstrap[78]: Time 0.606994 seconds, bootstrap likelihood -4942.744306, best rearrangement setting 15
Bootstrap[79]: Time 0.659673 seconds, bootstrap likelihood -4912.127603, best rearrangement setting 9
Bootstrap[80]: Time 0.700968 seconds, bootstrap likelihood -5088.764887, best rearrangement setting 15
Bootstrap[81]: Time 0.295055 seconds, bootstrap likelihood -4897.626140, best rearrangement setting 7
Bootstrap[82]: Time 0.705503 seconds, bootstrap likelihood -5184.462150, best rearrangement setting 6
Bootstrap[83]: Time 0.617051 seconds, bootstrap likelihood -5053.351024, best rearrangement setting 10
Bootstrap[84]: Time 0.665694 seconds, bootstrap likelihood -4832.926841, best rearrangement setting 11
Bootstrap[85]: Time 0.718305 seconds, bootstrap likelihood -4842.865575, best rearrangement setting 8
Bootstrap[86]: Time 0.709752 seconds, bootstrap likelihood -4965.931323, best rearrangement setting 7
Bootstrap[87]: Time 0.364097 seconds, bootstrap likelihood -4870.775968, best rearrangement setting 7
Bootstrap[88]: Time 0.695363 seconds, bootstrap likelihood -4646.504969, best rearrangement setting 12
Bootstrap[89]: Time 0.325989 seconds, bootstrap likelihood -5123.964275, best rearrangement setting 10
Bootstrap[90]: Time 0.641991 seconds, bootstrap likelihood -4995.130559, best rearrangement setting 8
Bootstrap[91]: Time 0.728348 seconds, bootstrap likelihood -4861.002532, best rearrangement setting 12
Bootstrap[92]: Time 0.668054 seconds, bootstrap likelihood -4818.489107, best rearrangement setting 13
Bootstrap[93]: Time 0.724233 seconds, bootstrap likelihood -5238.730828, best rearrangement setting 15
Bootstrap[94]: Time 0.657722 seconds, bootstrap likelihood -4930.582862, best rearrangement setting 5
Bootstrap[95]: Time 0.777477 seconds, bootstrap likelihood -4758.783221, best rearrangement setting 5
Bootstrap[96]: Time 0.775817 seconds, bootstrap likelihood -4963.848009, best rearrangement setting 13
Bootstrap[97]: Time 0.730097 seconds, bootstrap likelihood -4910.917953, best rearrangement setting 11
Bootstrap[98]: Time 0.765544 seconds, bootstrap likelihood -5098.671381, best rearrangement setting 6
Bootstrap[99]: Time 0.343730 seconds, bootstrap likelihood -4898.357984, best rearrangement setting 14


Overall Time for 100 Rapid Bootstraps 63.774297 seconds
Average Time per Rapid Bootstrap 0.637743 seconds

Starting ML Search ...

Fast ML optimization finished

Fast ML search Time: 41.651334 seconds

Slow ML Search 0 Likelihood: -4960.409109
Slow ML Search 1 Likelihood: -4960.409109
Slow ML Search 2 Likelihood: -4960.409109
Slow ML Search 3 Likelihood: -4960.409109
Slow ML Search 4 Likelihood: -4960.409109
Slow ML Search 5 Likelihood: -4960.409109
Slow ML Search 6 Likelihood: -4960.409109
Slow ML Search 7 Likelihood: -4960.409109
Slow ML Search 8 Likelihood: -4960.409109
Slow ML Search 9 Likelihood: -4960.409109
Slow ML optimization finished

Slow ML search Time: 20.733459 seconds
Thorough ML search Time: 1.650983 seconds

Final ML Optimization Likelihood: -4960.409113

Model Information:

Model Parameters of Partition 0, Name: No Name Provided, Type of Data: AA
alpha: 1.556832
Tree-Length: 5.267522
rate A <-> R: 0.399182
rate A <-> N: 0.259945
rate A <-> D: 0.371058
rate A <-> C: 2.337364
rate A <-> Q: 0.910775
rate A <-> E: 0.975241
rate A <-> G: 1.940106
rate A <-> H: 0.336984
rate A <-> I: 0.140697
rate A <-> L: 0.371240
rate A <-> K: 0.503815
rate A <-> M: 1.055520
rate A <-> F: 0.238237
rate A <-> P: 1.105868
rate A <-> S: 4.439041
rate A <-> T: 2.009090
rate A <-> W: 0.169702
rate A <-> Y: 0.205613
rate A <-> V: 2.392567
rate R <-> N: 0.706048
rate R <-> D: 0.116398
rate R <-> C: 0.501968
rate R <-> Q: 2.636754
rate R <-> E: 0.341785
rate R <-> G: 0.366408
rate R <-> H: 2.278690
rate R <-> I: 0.119250
rate R <-> L: 0.283449
rate R <-> K: 5.940467
rate R <-> M: 0.454623
rate R <-> F: 0.049508
rate R <-> P: 0.312264
rate R <-> S: 0.805843
rate R <-> T: 0.543695
rate R <-> W: 0.557424
rate R <-> Y: 0.295274
rate R <-> V: 0.160471
rate N <-> D: 4.766737
rate N <-> C: 0.496537
rate N <-> Q: 1.592389
rate N <-> E: 0.508692
rate N <-> G: 1.350015
rate N <-> H: 4.234381
rate N <-> I: 0.179830
rate N <-> L: 0.064256
rate N <-> K: 2.014327
rate N <-> M: 0.348390
rate N <-> F: 0.084068
rate N <-> P: 0.151925
rate N <-> S: 3.764032
rate N <-> T: 1.878729
rate N <-> W: 0.042610
rate N <-> Y: 0.574720
rate N <-> V: 0.078587
rate D <-> C: 0.058743
rate D <-> Q: 0.491483
rate D <-> E: 4.924234
rate D <-> G: 0.793424
rate D <-> H: 0.870603
rate D <-> I: 0.010038
rate D <-> L: 0.014157
rate D <-> K: 0.265711
rate D <-> M: 0.023991
rate D <-> F: 0.016354
rate D <-> P: 0.370412
rate D <-> S: 1.164675
rate D <-> T: 0.399902
rate D <-> W: 0.028068
rate D <-> Y: 0.126872
rate D <-> V: 0.035653
rate C <-> Q: 0.079639
rate C <-> E: 0.003286
rate C <-> G: 0.534566
rate C <-> H: 0.601499
rate C <-> I: 0.301083
rate C <-> L: 0.557800
rate C <-> K: 0.012457
rate C <-> M: 0.839207
rate C <-> F: 1.037881
rate C <-> P: 0.070787
rate C <-> S: 2.614753
rate C <-> T: 1.073780
rate C <-> W: 0.629281
rate C <-> Y: 1.094488
rate C <-> V: 1.839864
rate Q <-> E: 3.876936
rate Q <-> G: 0.251626
rate Q <-> H: 4.520102
rate Q <-> I: 0.068413
rate Q <-> L: 0.546954
rate Q <-> K: 3.037150
rate Q <-> M: 1.570619
rate Q <-> F: 0.033669
rate Q <-> P: 0.586241
rate Q <-> S: 1.149231
rate Q <-> T: 1.014297
rate Q <-> W: 0.221802
rate Q <-> Y: 0.241650
rate Q <-> V: 0.197511
rate E <-> G: 0.327583
rate E <-> H: 0.398044
rate E <-> I: 0.041567
rate E <-> L: 0.065426
rate E <-> K: 1.697022
rate E <-> M: 0.163145
rate E <-> F: 0.017664
rate E <-> P: 0.393844
rate E <-> S: 0.574671
rate E <-> T: 0.567695
rate E <-> W: 0.073107
rate E <-> Y: 0.112720
rate E <-> V: 0.230098
rate G <-> H: 0.292498
rate G <-> I: 0.008174
rate G <-> L: 0.041563
rate G <-> K: 0.278555
rate G <-> M: 0.131033
rate G <-> F: 0.084125
rate G <-> P: 0.184955
rate G <-> S: 1.633930
rate G <-> T: 0.121922
rate G <-> W: 0.252125
rate G <-> Y: 0.051346
rate G <-> V: 0.072026
rate H <-> I: 0.102245
rate H <-> L: 0.343988
rate H <-> K: 0.654763
rate H <-> M: 0.415502
rate H <-> F: 0.640560
rate H <-> P: 0.477834
rate H <-> S: 0.929667
rate H <-> T: 0.548649
rate H <-> W: 0.560661
rate H <-> Y: 4.983361
rate H <-> V: 0.111759
rate I <-> L: 3.892408
rate I <-> K: 0.149373
rate I <-> M: 4.013113
rate I <-> F: 1.044902
rate I <-> P: 0.073509
rate I <-> S: 0.060198
rate I <-> T: 0.970728
rate I <-> W: 0.104854
rate I <-> Y: 0.218350
rate I <-> V: 10.000000
rate L <-> K: 0.129119
rate L <-> M: 5.927594
rate L <-> F: 2.434657
rate L <-> P: 0.233879
rate L <-> S: 0.171176
rate L <-> T: 0.284471
rate L <-> W: 0.581863
rate L <-> Y: 0.281383
rate L <-> V: 1.598956
rate K <-> M: 0.616581
rate K <-> F: 0.022460
rate K <-> P: 0.366530
rate K <-> S: 0.703048
rate K <-> T: 1.067567
rate K <-> W: 0.046864
rate K <-> Y: 0.123890
rate K <-> V: 0.173913
rate M <-> F: 1.689205
rate M <-> P: 0.093763
rate M <-> S: 0.325811
rate M <-> T: 1.897216
rate M <-> W: 0.653740
rate M <-> Y: 0.451968
rate M <-> V: 1.782983
rate F <-> P: 0.088706
rate F <-> S: 0.339765
rate F <-> T: 0.154944
rate F <-> W: 2.307349
rate F <-> Y: 7.328222
rate F <-> V: 0.614777
rate P <-> S: 1.256567
rate P <-> T: 0.536635
rate P <-> W: 0.089332
rate P <-> Y: 0.084151
rate P <-> V: 0.278428
rate S <-> T: 6.077767
rate S <-> W: 0.233693
rate S <-> Y: 0.376132
rate S <-> V: 0.092373
rate T <-> W: 0.132241
rate T <-> Y: 0.230856
rate T <-> V: 2.054781
rate W <-> Y: 2.959699
rate W <-> V: 0.177959
rate Y <-> V: 0.234116

freq pi(A): 0.069457
freq pi(R): 0.059285
freq pi(N): 0.047370
freq pi(D): 0.060738
freq pi(C): 0.024121
freq pi(Q): 0.049695
freq pi(E): 0.045336
freq pi(G): 0.053182
freq pi(H): 0.020343
freq pi(I): 0.066550
freq pi(L): 0.123511
freq pi(K): 0.046207
freq pi(M): 0.025865
freq pi(F): 0.037489
freq pi(P): 0.037489
freq pi(S): 0.081081
freq pi(T): 0.045626
freq pi(W): 0.017437
freq pi(Y): 0.023830
freq pi(V): 0.065388


ML search took 64.070101 secs or 0.017797 hours

Combined Bootstrap and ML search took 127.844593 secs or 0.035512 hours

Drawing Bootstrap Support Values on best-scoring ML tree ...



Found 1 tree in File /in/RAxML_bestTree.EOG091G04EX.clustalo.aln.ALICUT.LGF



Found 1 tree in File /in/RAxML_bestTree.EOG091G04EX.clustalo.aln.ALICUT.LGF

Program execution info written to /in/RAxML_info.EOG091G04EX.clustalo.aln.ALICUT.LGF
All 100 bootstrapped trees written to: /in/RAxML_bootstrap.EOG091G04EX.clustalo.aln.ALICUT.LGF

Best-scoring ML tree written to: /in/RAxML_bestTree.EOG091G04EX.clustalo.aln.ALICUT.LGF

Best-scoring ML tree with support values written to: /in/RAxML_bipartitions.EOG091G04EX.clustalo.aln.ALICUT.LGF

Best-scoring ML tree with support values as branch labels written to: /in/RAxML_bipartitionsBranchLabels.EOG091G04EX.clustalo.aln.ALICUT.LGF

Overall execution time for full ML analysis: 127.847059 secs or 0.035513 hours or 0.001480 days

