
	reading taxa from FASTA ...


	R.norvegicus         -> sites: 1239  
	D.rerio              -> sites: 1239  
	L.gigantea           -> sites: 1239  
	E.granulosus         -> sites: 1239  
	G.turnbulli          -> sites: 1239  
	D.melanogaster       -> sites: 1239  
	S.mansoni            -> sites: 1239  
	C.intestinalis       -> sites: 1239  
	H.microstoma         -> sites: 1239  
	H.robusta            -> sites: 1239  
	G.salaris            -> sites: 1239  
	T.solium             -> sites: 1239  


	data type             : amino acid sequences

	input ...

	infile		: EOG091G04LC.clustalo.aln.fasta
	random pairs	: 200000000000000000
	window size	: 6
	indels		: ambiguous
	tree file	: -
	node level	: -
	strict profile	: -
	outgroup	: -
	matrix          : BLOSUM62

	number of taxa        : 12
	random number of pairs: 200000000000000000

	generates threshhold value for amino acid data
	using BLOSUM62

	checks for (potential) identical taxa


	scores site patterns ...


	max number of different pairs is 66
	max random pairs are scored!

	pair: 1      ->	taxon1: R.norvegic	taxon2: D.rerio   
	            	positions below base line: 499
	pair: 2      ->	taxon1: R.norvegic	taxon2: L.gigantea
	            	positions below base line: 996
	pair: 3      ->	taxon1: R.norvegic	taxon2: E.granulos
	            	positions below base line: 1029
	pair: 4      ->	taxon1: R.norvegic	taxon2: G.turnbull
	            	positions below base line: 1167
	pair: 5      ->	taxon1: R.norvegic	taxon2: D.melanoga
	            	positions below base line: 712
	pair: 6      ->	taxon1: R.norvegic	taxon2: S.mansoni 
	            	positions below base line: 1146
	pair: 7      ->	taxon1: R.norvegic	taxon2: C.intestin
	            	positions below base line: 600
	pair: 8      ->	taxon1: R.norvegic	taxon2: H.microsto
	            	positions below base line: 1088
	pair: 9      ->	taxon1: R.norvegic	taxon2: H.robusta 
	            	positions below base line: 854
	pair: 10     ->	taxon1: R.norvegic	taxon2: G.salaris 
	            	positions below base line: 958
	pair: 11     ->	taxon1: R.norvegic	taxon2: T.solium  
	            	positions below base line: 1027
	pair: 12     ->	taxon1: D.rerio   	taxon2: L.gigantea
	            	positions below base line: 990
	pair: 13     ->	taxon1: D.rerio   	taxon2: E.granulos
	            	positions below base line: 1017
	pair: 14     ->	taxon1: D.rerio   	taxon2: G.turnbull
	            	positions below base line: 1144
	pair: 15     ->	taxon1: D.rerio   	taxon2: D.melanoga
	            	positions below base line: 706
	pair: 16     ->	taxon1: D.rerio   	taxon2: S.mansoni 
	            	positions below base line: 1142
	pair: 17     ->	taxon1: D.rerio   	taxon2: C.intestin
	            	positions below base line: 600
	pair: 18     ->	taxon1: D.rerio   	taxon2: H.microsto
	            	positions below base line: 1097
	pair: 19     ->	taxon1: D.rerio   	taxon2: H.robusta 
	            	positions below base line: 851
	pair: 20     ->	taxon1: D.rerio   	taxon2: G.salaris 
	            	positions below base line: 934
	pair: 21     ->	taxon1: D.rerio   	taxon2: T.solium  
	            	positions below base line: 989
	pair: 22     ->	taxon1: L.gigantea	taxon2: E.granulos
	            	positions below base line: 1115
	pair: 23     ->	taxon1: L.gigantea	taxon2: G.turnbull
	            	positions below base line: 1135
	pair: 24     ->	taxon1: L.gigantea	taxon2: D.melanoga
	            	positions below base line: 1028
	pair: 25     ->	taxon1: L.gigantea	taxon2: S.mansoni 
	            	positions below base line: 1140
	pair: 26     ->	taxon1: L.gigantea	taxon2: C.intestin
	            	positions below base line: 1011
	pair: 27     ->	taxon1: L.gigantea	taxon2: H.microsto
	            	positions below base line: 1075
	pair: 28     ->	taxon1: L.gigantea	taxon2: H.robusta 
	            	positions below base line: 1037
	pair: 29     ->	taxon1: L.gigantea	taxon2: G.salaris 
	            	positions below base line: 1102
	pair: 30     ->	taxon1: L.gigantea	taxon2: T.solium  
	            	positions below base line: 1107
	pair: 31     ->	taxon1: E.granulos	taxon2: G.turnbull
	            	positions below base line: 1098
	pair: 32     ->	taxon1: E.granulos	taxon2: D.melanoga
	            	positions below base line: 1068
	pair: 33     ->	taxon1: E.granulos	taxon2: S.mansoni 
	            	positions below base line: 1055
	pair: 34     ->	taxon1: E.granulos	taxon2: C.intestin
	            	positions below base line: 1059
	pair: 35     ->	taxon1: E.granulos	taxon2: H.microsto
	            	positions below base line: 917
	pair: 36     ->	taxon1: E.granulos	taxon2: H.robusta 
	            	positions below base line: 1072
	pair: 37     ->	taxon1: E.granulos	taxon2: G.salaris 
	            	positions below base line: 967
	pair: 38     ->	taxon1: E.granulos	taxon2: T.solium  
	            	positions below base line: 746
	pair: 39     ->	taxon1: G.turnbull	taxon2: D.melanoga
	            	positions below base line: 1156
	pair: 40     ->	taxon1: G.turnbull	taxon2: S.mansoni 
	            	positions below base line: 1111
	pair: 41     ->	taxon1: G.turnbull	taxon2: C.intestin
	            	positions below base line: 1136
	pair: 42     ->	taxon1: G.turnbull	taxon2: H.microsto
	            	positions below base line: 1066
	pair: 43     ->	taxon1: G.turnbull	taxon2: H.robusta 
	            	positions below base line: 1171
	pair: 44     ->	taxon1: G.turnbull	taxon2: G.salaris 
	            	positions below base line: 945
	pair: 45     ->	taxon1: G.turnbull	taxon2: T.solium  
	            	positions below base line: 1031
	pair: 46     ->	taxon1: D.melanoga	taxon2: S.mansoni 
	            	positions below base line: 1152
	pair: 47     ->	taxon1: D.melanoga	taxon2: C.intestin
	            	positions below base line: 672
	pair: 48     ->	taxon1: D.melanoga	taxon2: H.microsto
	            	positions below base line: 1127
	pair: 49     ->	taxon1: D.melanoga	taxon2: H.robusta 
	            	positions below base line: 891
	pair: 50     ->	taxon1: D.melanoga	taxon2: G.salaris 
	            	positions below base line: 987
	pair: 51     ->	taxon1: D.melanoga	taxon2: T.solium  
	            	positions below base line: 998
	pair: 52     ->	taxon1: S.mansoni 	taxon2: C.intestin
	            	positions below base line: 1164
	pair: 53     ->	taxon1: S.mansoni 	taxon2: H.microsto
	            	positions below base line: 1038
	pair: 54     ->	taxon1: S.mansoni 	taxon2: H.robusta 
	            	positions below base line: 1169
	pair: 55     ->	taxon1: S.mansoni 	taxon2: G.salaris 
	            	positions below base line: 1080
	pair: 56     ->	taxon1: S.mansoni 	taxon2: T.solium  
	            	positions below base line: 1061
	pair: 57     ->	taxon1: C.intestin	taxon2: H.microsto
	            	positions below base line: 1107
	pair: 58     ->	taxon1: C.intestin	taxon2: H.robusta 
	            	positions below base line: 869
	pair: 59     ->	taxon1: C.intestin	taxon2: G.salaris 
	            	positions below base line: 950
	pair: 60     ->	taxon1: C.intestin	taxon2: T.solium  
	            	positions below base line: 1017
	pair: 61     ->	taxon1: H.microsto	taxon2: H.robusta 
	            	positions below base line: 1141
	pair: 62     ->	taxon1: H.microsto	taxon2: G.salaris 
	            	positions below base line: 1037
	pair: 63     ->	taxon1: H.microsto	taxon2: T.solium  
	            	positions below base line: 891
	pair: 64     ->	taxon1: H.robusta 	taxon2: G.salaris 
	            	positions below base line: 1010
	pair: 65     ->	taxon1: H.robusta 	taxon2: T.solium  
	            	positions below base line: 1063
	pair: 66     ->	taxon1: G.salaris 	taxon2: T.solium  
	            	positions below base line: 924

	generates quality profile from collected scores ...


	scoring done ...


	generates vector plot from collected scores ...


Argument "-" treated as 0 in increment (++) at /usr/bin/Aliscore.pl line 1213.
	Profile written to EOG091G04LC.clustalo.aln.fasta_Profile_random.txt
	List   written to EOG091G04LC.clustalo.aln.fasta_List_random.txt

	time used: 3.98 sec

