
	reading taxa from FASTA ...


	C.sinensis           -> sites: 1852  
	C.intestinalis       -> sites: 1852  
	H.robusta            -> sites: 1852  
	T.solium             -> sites: 1852  
	H.microstoma         -> sites: 1852  
	G.turnbulli          -> sites: 1852  
	E.nipponicum         -> sites: 1852  
	R.norvegicus         -> sites: 1852  
	D.melanogaster       -> sites: 1852  
	P.xenopodis          -> sites: 1852  
	M.lignano            -> sites: 1852  
	S.mansoni            -> sites: 1852  
	O.viverrini          -> sites: 1852  
	E.granulosus         -> sites: 1852  
	D.rerio              -> sites: 1852  
	G.salaris            -> sites: 1852  


	data type             : amino acid sequences

	input ...

	infile		: EOG091G017G.clustalo.aln.fasta
	random pairs	: 200000000000000000
	window size	: 6
	indels		: ambiguous
	tree file	: -
	node level	: -
	strict profile	: -
	outgroup	: -
	matrix          : BLOSUM62

	number of taxa        : 16
	random number of pairs: 200000000000000000

	generates threshhold value for amino acid data
	using BLOSUM62

	checks for (potential) identical taxa


	scores site patterns ...


	max number of different pairs is 120
	max random pairs are scored!

	pair: 1      ->	taxon1: C.sinensis	taxon2: C.intestin
	            	positions below base line: 1281
	pair: 2      ->	taxon1: C.sinensis	taxon2: H.robusta 
	            	positions below base line: 993
	pair: 3      ->	taxon1: C.sinensis	taxon2: T.solium  
	            	positions below base line: 936
	pair: 4      ->	taxon1: C.sinensis	taxon2: H.microsto
	            	positions below base line: 1137
	pair: 5      ->	taxon1: C.sinensis	taxon2: G.turnbull
	            	positions below base line: 1298
	pair: 6      ->	taxon1: C.sinensis	taxon2: E.nipponic
	            	positions below base line: 1431
	pair: 7      ->	taxon1: C.sinensis	taxon2: R.norvegic
	            	positions below base line: 1234
	pair: 8      ->	taxon1: C.sinensis	taxon2: D.melanoga
	            	positions below base line: 1232
	pair: 9      ->	taxon1: C.sinensis	taxon2: P.xenopodi
	            	positions below base line: 1472
	pair: 10     ->	taxon1: C.sinensis	taxon2: M.lignano 
	            	positions below base line: 1009
	pair: 11     ->	taxon1: C.sinensis	taxon2: S.mansoni 
	            	positions below base line: 1275
	pair: 12     ->	taxon1: C.sinensis	taxon2: O.viverrin
	            	positions below base line: 929
	pair: 13     ->	taxon1: C.sinensis	taxon2: E.granulos
	            	positions below base line: 949
	pair: 14     ->	taxon1: C.sinensis	taxon2: D.rerio   
	            	positions below base line: 1244
	pair: 15     ->	taxon1: C.sinensis	taxon2: G.salaris 
	            	positions below base line: 1035
	pair: 16     ->	taxon1: C.intestin	taxon2: H.robusta 
	            	positions below base line: 1147
	pair: 17     ->	taxon1: C.intestin	taxon2: T.solium  
	            	positions below base line: 1207
	pair: 18     ->	taxon1: C.intestin	taxon2: H.microsto
	            	positions below base line: 1346
	pair: 19     ->	taxon1: C.intestin	taxon2: G.turnbull
	            	positions below base line: 1031
	pair: 20     ->	taxon1: C.intestin	taxon2: E.nipponic
	            	positions below base line: 1272
	pair: 21     ->	taxon1: C.intestin	taxon2: R.norvegic
	            	positions below base line: 984
	pair: 22     ->	taxon1: C.intestin	taxon2: D.melanoga
	            	positions below base line: 977
	pair: 23     ->	taxon1: C.intestin	taxon2: P.xenopodi
	            	positions below base line: 1319
	pair: 24     ->	taxon1: C.intestin	taxon2: M.lignano 
	            	positions below base line: 1187
	pair: 25     ->	taxon1: C.intestin	taxon2: S.mansoni 
	            	positions below base line: 1460
	pair: 26     ->	taxon1: C.intestin	taxon2: O.viverrin
	            	positions below base line: 1280
	pair: 27     ->	taxon1: C.intestin	taxon2: E.granulos
	            	positions below base line: 1203
	pair: 28     ->	taxon1: C.intestin	taxon2: D.rerio   
	            	positions below base line: 983
	pair: 29     ->	taxon1: C.intestin	taxon2: G.salaris 
	            	positions below base line: 1179
	pair: 30     ->	taxon1: H.robusta 	taxon2: T.solium  
	            	positions below base line: 872
	pair: 31     ->	taxon1: H.robusta 	taxon2: H.microsto
	            	positions below base line: 1012
	pair: 32     ->	taxon1: H.robusta 	taxon2: G.turnbull
	            	positions below base line: 1189
	pair: 33     ->	taxon1: H.robusta 	taxon2: E.nipponic
	            	positions below base line: 1342
	pair: 34     ->	taxon1: H.robusta 	taxon2: R.norvegic
	            	positions below base line: 1122
	pair: 35     ->	taxon1: H.robusta 	taxon2: D.melanoga
	            	positions below base line: 1141
	pair: 36     ->	taxon1: H.robusta 	taxon2: P.xenopodi
	            	positions below base line: 1400
	pair: 37     ->	taxon1: H.robusta 	taxon2: M.lignano 
	            	positions below base line: 899
	pair: 38     ->	taxon1: H.robusta 	taxon2: S.mansoni 
	            	positions below base line: 1210
	pair: 39     ->	taxon1: H.robusta 	taxon2: O.viverrin
	            	positions below base line: 1020
	pair: 40     ->	taxon1: H.robusta 	taxon2: E.granulos
	            	positions below base line: 858
	pair: 41     ->	taxon1: H.robusta 	taxon2: D.rerio   
	            	positions below base line: 1120
	pair: 42     ->	taxon1: H.robusta 	taxon2: G.salaris 
	            	positions below base line: 899
	pair: 43     ->	taxon1: T.solium  	taxon2: H.microsto
	            	positions below base line: 1001
	pair: 44     ->	taxon1: T.solium  	taxon2: G.turnbull
	            	positions below base line: 1242
	pair: 45     ->	taxon1: T.solium  	taxon2: E.nipponic
	            	positions below base line: 1385
	pair: 46     ->	taxon1: T.solium  	taxon2: R.norvegic
	            	positions below base line: 1175
	pair: 47     ->	taxon1: T.solium  	taxon2: D.melanoga
	            	positions below base line: 1175
	pair: 48     ->	taxon1: T.solium  	taxon2: P.xenopodi
	            	positions below base line: 1418
	pair: 49     ->	taxon1: T.solium  	taxon2: M.lignano 
	            	positions below base line: 890
	pair: 50     ->	taxon1: T.solium  	taxon2: S.mansoni 
	            	positions below base line: 1245
	pair: 51     ->	taxon1: T.solium  	taxon2: O.viverrin
	            	positions below base line: 985
	pair: 52     ->	taxon1: T.solium  	taxon2: E.granulos
	            	positions below base line: 280
	pair: 53     ->	taxon1: T.solium  	taxon2: D.rerio   
	            	positions below base line: 1181
	pair: 54     ->	taxon1: T.solium  	taxon2: G.salaris 
	            	positions below base line: 895
	pair: 55     ->	taxon1: H.microsto	taxon2: G.turnbull
	            	positions below base line: 1367
	pair: 56     ->	taxon1: H.microsto	taxon2: E.nipponic
	            	positions below base line: 1488
	pair: 57     ->	taxon1: H.microsto	taxon2: R.norvegic
	            	positions below base line: 1305
	pair: 58     ->	taxon1: H.microsto	taxon2: D.melanoga
	            	positions below base line: 1312
	pair: 59     ->	taxon1: H.microsto	taxon2: P.xenopodi
	            	positions below base line: 1558
	pair: 60     ->	taxon1: H.microsto	taxon2: M.lignano 
	            	positions below base line: 1077
	pair: 61     ->	taxon1: H.microsto	taxon2: S.mansoni 
	            	positions below base line: 1362
	pair: 62     ->	taxon1: H.microsto	taxon2: O.viverrin
	            	positions below base line: 1172
	pair: 63     ->	taxon1: H.microsto	taxon2: E.granulos
	            	positions below base line: 981
	pair: 64     ->	taxon1: H.microsto	taxon2: D.rerio   
	            	positions below base line: 1307
	pair: 65     ->	taxon1: H.microsto	taxon2: G.salaris 
	            	positions below base line: 1057
	pair: 66     ->	taxon1: G.turnbull	taxon2: E.nipponic
	            	positions below base line: 1267
	pair: 67     ->	taxon1: G.turnbull	taxon2: R.norvegic
	            	positions below base line: 997
	pair: 68     ->	taxon1: G.turnbull	taxon2: D.melanoga
	            	positions below base line: 996
	pair: 69     ->	taxon1: G.turnbull	taxon2: P.xenopodi
	            	positions below base line: 1317
	pair: 70     ->	taxon1: G.turnbull	taxon2: M.lignano 
	            	positions below base line: 1232
	pair: 71     ->	taxon1: G.turnbull	taxon2: S.mansoni 
	            	positions below base line: 1468
	pair: 72     ->	taxon1: G.turnbull	taxon2: O.viverrin
	            	positions below base line: 1300
	pair: 73     ->	taxon1: G.turnbull	taxon2: E.granulos
	            	positions below base line: 1241
	pair: 74     ->	taxon1: G.turnbull	taxon2: D.rerio   
	            	positions below base line: 997
	pair: 75     ->	taxon1: G.turnbull	taxon2: G.salaris 
	            	positions below base line: 1204
	pair: 76     ->	taxon1: E.nipponic	taxon2: R.norvegic
	            	positions below base line: 1239
	pair: 77     ->	taxon1: E.nipponic	taxon2: D.melanoga
	            	positions below base line: 1229
	pair: 78     ->	taxon1: E.nipponic	taxon2: P.xenopodi
	            	positions below base line: 1347
	pair: 79     ->	taxon1: E.nipponic	taxon2: M.lignano 
	            	positions below base line: 1385
	pair: 80     ->	taxon1: E.nipponic	taxon2: S.mansoni 
	            	positions below base line: 1608
	pair: 81     ->	taxon1: E.nipponic	taxon2: O.viverrin
	            	positions below base line: 1437
	pair: 82     ->	taxon1: E.nipponic	taxon2: E.granulos
	            	positions below base line: 1388
	pair: 83     ->	taxon1: E.nipponic	taxon2: D.rerio   
	            	positions below base line: 1240
	pair: 84     ->	taxon1: E.nipponic	taxon2: G.salaris 
	            	positions below base line: 1355
	pair: 85     ->	taxon1: R.norvegic	taxon2: D.melanoga
	            	positions below base line: 956
	pair: 86     ->	taxon1: R.norvegic	taxon2: P.xenopodi
	            	positions below base line: 1282
	pair: 87     ->	taxon1: R.norvegic	taxon2: M.lignano 
	            	positions below base line: 1152
	pair: 88     ->	taxon1: R.norvegic	taxon2: S.mansoni 
	            	positions below base line: 1439
	pair: 89     ->	taxon1: R.norvegic	taxon2: O.viverrin
	            	positions below base line: 1236
	pair: 90     ->	taxon1: R.norvegic	taxon2: E.granulos
	            	positions below base line: 1174
	pair: 91     ->	taxon1: R.norvegic	taxon2: D.rerio   
	            	positions below base line: 917
	pair: 92     ->	taxon1: R.norvegic	taxon2: G.salaris 
	            	positions below base line: 1146
	pair: 93     ->	taxon1: D.melanoga	taxon2: P.xenopodi
	            	positions below base line: 1285
	pair: 94     ->	taxon1: D.melanoga	taxon2: M.lignano 
	            	positions below base line: 1159
	pair: 95     ->	taxon1: D.melanoga	taxon2: S.mansoni 
	            	positions below base line: 1441
	pair: 96     ->	taxon1: D.melanoga	taxon2: O.viverrin
	            	positions below base line: 1232
	pair: 97     ->	taxon1: D.melanoga	taxon2: E.granulos
	            	positions below base line: 1174
	pair: 98     ->	taxon1: D.melanoga	taxon2: D.rerio   
	            	positions below base line: 959
	pair: 99     ->	taxon1: D.melanoga	taxon2: G.salaris 
	            	positions below base line: 1150
	pair: 100    ->	taxon1: P.xenopodi	taxon2: M.lignano 
	            	positions below base line: 1426
	pair: 101    ->	taxon1: P.xenopodi	taxon2: S.mansoni 
	            	positions below base line: 1602
	pair: 102    ->	taxon1: P.xenopodi	taxon2: O.viverrin
	            	positions below base line: 1483
	pair: 103    ->	taxon1: P.xenopodi	taxon2: E.granulos
	            	positions below base line: 1428
	pair: 104    ->	taxon1: P.xenopodi	taxon2: D.rerio   
	            	positions below base line: 1282
	pair: 105    ->	taxon1: P.xenopodi	taxon2: G.salaris 
	            	positions below base line: 1410
	pair: 106    ->	taxon1: M.lignano 	taxon2: S.mansoni 
	            	positions below base line: 1243
	pair: 107    ->	taxon1: M.lignano 	taxon2: O.viverrin
	            	positions below base line: 1057
	pair: 108    ->	taxon1: M.lignano 	taxon2: E.granulos
	            	positions below base line: 898
	pair: 109    ->	taxon1: M.lignano 	taxon2: D.rerio   
	            	positions below base line: 1157
	pair: 110    ->	taxon1: M.lignano 	taxon2: G.salaris 
	            	positions below base line: 947
	pair: 111    ->	taxon1: S.mansoni 	taxon2: O.viverrin
	            	positions below base line: 1300
	pair: 112    ->	taxon1: S.mansoni 	taxon2: E.granulos
	            	positions below base line: 1236
	pair: 113    ->	taxon1: S.mansoni 	taxon2: D.rerio   
	            	positions below base line: 1448
	pair: 114    ->	taxon1: S.mansoni 	taxon2: G.salaris 
	            	positions below base line: 1266
	pair: 115    ->	taxon1: O.viverrin	taxon2: E.granulos
	            	positions below base line: 988
	pair: 116    ->	taxon1: O.viverrin	taxon2: D.rerio   
	            	positions below base line: 1241
	pair: 117    ->	taxon1: O.viverrin	taxon2: G.salaris 
	            	positions below base line: 1042
	pair: 118    ->	taxon1: E.granulos	taxon2: D.rerio   
	            	positions below base line: 1179
	pair: 119    ->	taxon1: E.granulos	taxon2: G.salaris 
	            	positions below base line: 884
	pair: 120    ->	taxon1: D.rerio   	taxon2: G.salaris 
	            	positions below base line: 1142

	generates quality profile from collected scores ...


	scoring done ...


	generates vector plot from collected scores ...


Argument "-" treated as 0 in increment (++) at /usr/bin/Aliscore.pl line 1213.
	Profile written to EOG091G017G.clustalo.aln.fasta_Profile_random.txt
	List   written to EOG091G017G.clustalo.aln.fasta_List_random.txt

	time used: 4.84 sec

