--2018-12-14 13:27:29--  http://www.orthodb.org/fasta?query=EOG091G0A19&level=33208
Resolving www.orthodb.org (www.orthodb.org)... 167.99.129.42, 2a03:b0c0:3:e0::1b:1
Connecting to www.orthodb.org (www.orthodb.org)|167.99.129.42|:80... connected.
HTTP request sent, awaiting response... 301 Moved Permanently
Location: https://www.orthodb.org/fasta?query=EOG091G0A19&level=33208 [following]
--2018-12-14 13:27:29--  https://www.orthodb.org/fasta?query=EOG091G0A19&level=33208
Connecting to www.orthodb.org (www.orthodb.org)|167.99.129.42|:443... connected.
HTTP request sent, awaiting response... 200 OK
Length: 417649 (408K) [text/plain]
Saving to: ‘EOG091G0A19/EOG091G0A19.orthodb.fasta’

     0K .......... .......... .......... .......... .......... 12%  856K 0s
    50K .......... .......... .......... .......... .......... 24% 3,10M 0s
   100K .......... .......... .......... .......... .......... 36% 3,31M 0s
   150K .......... .......... .......... .......... .......... 49% 3,25M 0s
   200K .......... .......... .......... .......... .......... 61% 3,05M 0s
   250K .......... .......... .......... .......... .......... 73% 9,92M 0s
   300K .......... .......... .......... .......... .......... 85% 2,62M 0s
   350K .......... .......... .......... .......... .......... 98% 2,34M 0s
   400K .......                                               100% 8,03M=0,2s

2018-12-14 13:27:30 (2,41 MB/s) - ‘EOG091G0A19/EOG091G0A19.orthodb.fasta’ saved [417649/417649]

