
	reading taxa from FASTA ...


	E.granulosus         -> sites: 570   
	O.viverrini          -> sites: 570   
	H.microstoma         -> sites: 570   
	H.robusta            -> sites: 570   
	S.mediterranea       -> sites: 570   
	S.mansoni            -> sites: 570   
	G.salaris            -> sites: 570   
	D.melanogaster       -> sites: 570   
	R.norvegicus         -> sites: 570   
	D.rerio              -> sites: 570   
	G.turnbulli          -> sites: 570   
	T.solium             -> sites: 570   
	C.intestinalis       -> sites: 570   


	data type             : amino acid sequences

	input ...

	infile		: EOG091G0DTP.clustalo.aln.fasta
	random pairs	: 200000000000000000
	window size	: 6
	indels		: ambiguous
	tree file	: -
	node level	: -
	strict profile	: -
	outgroup	: -
	matrix          : BLOSUM62

	number of taxa        : 13
	random number of pairs: 200000000000000000

	generates threshhold value for amino acid data
	using BLOSUM62

	checks for (potential) identical taxa


	scores site patterns ...


	max number of different pairs is 78
	max random pairs are scored!

	pair: 1      ->	taxon1: E.granulos	taxon2: O.viverrin
	            	positions below base line: 241
	pair: 2      ->	taxon1: E.granulos	taxon2: H.microsto
	            	positions below base line: 223
	pair: 3      ->	taxon1: E.granulos	taxon2: H.robusta 
	            	positions below base line: 379
	pair: 4      ->	taxon1: E.granulos	taxon2: S.mediterr
	            	positions below base line: 357
	pair: 5      ->	taxon1: E.granulos	taxon2: S.mansoni 
	            	positions below base line: 249
	pair: 6      ->	taxon1: E.granulos	taxon2: G.salaris 
	            	positions below base line: 425
	pair: 7      ->	taxon1: E.granulos	taxon2: D.melanoga
	            	positions below base line: 338
	pair: 8      ->	taxon1: E.granulos	taxon2: R.norvegic
	            	positions below base line: 329
	pair: 9      ->	taxon1: E.granulos	taxon2: D.rerio   
	            	positions below base line: 339
	pair: 10     ->	taxon1: E.granulos	taxon2: G.turnbull
	            	positions below base line: 287
	pair: 11     ->	taxon1: E.granulos	taxon2: T.solium  
	            	positions below base line: 155
	pair: 12     ->	taxon1: E.granulos	taxon2: C.intestin
	            	positions below base line: 313
	pair: 13     ->	taxon1: O.viverrin	taxon2: H.microsto
	            	positions below base line: 261
	pair: 14     ->	taxon1: O.viverrin	taxon2: H.robusta 
	            	positions below base line: 370
	pair: 15     ->	taxon1: O.viverrin	taxon2: S.mediterr
	            	positions below base line: 322
	pair: 16     ->	taxon1: O.viverrin	taxon2: S.mansoni 
	            	positions below base line: 227
	pair: 17     ->	taxon1: O.viverrin	taxon2: G.salaris 
	            	positions below base line: 415
	pair: 18     ->	taxon1: O.viverrin	taxon2: D.melanoga
	            	positions below base line: 357
	pair: 19     ->	taxon1: O.viverrin	taxon2: R.norvegic
	            	positions below base line: 334
	pair: 20     ->	taxon1: O.viverrin	taxon2: D.rerio   
	            	positions below base line: 329
	pair: 21     ->	taxon1: O.viverrin	taxon2: G.turnbull
	            	positions below base line: 289
	pair: 22     ->	taxon1: O.viverrin	taxon2: T.solium  
	            	positions below base line: 250
	pair: 23     ->	taxon1: O.viverrin	taxon2: C.intestin
	            	positions below base line: 334
	pair: 24     ->	taxon1: H.microsto	taxon2: H.robusta 
	            	positions below base line: 400
	pair: 25     ->	taxon1: H.microsto	taxon2: S.mediterr
	            	positions below base line: 346
	pair: 26     ->	taxon1: H.microsto	taxon2: S.mansoni 
	            	positions below base line: 279
	pair: 27     ->	taxon1: H.microsto	taxon2: G.salaris 
	            	positions below base line: 445
	pair: 28     ->	taxon1: H.microsto	taxon2: D.melanoga
	            	positions below base line: 347
	pair: 29     ->	taxon1: H.microsto	taxon2: R.norvegic
	            	positions below base line: 358
	pair: 30     ->	taxon1: H.microsto	taxon2: D.rerio   
	            	positions below base line: 354
	pair: 31     ->	taxon1: H.microsto	taxon2: G.turnbull
	            	positions below base line: 323
	pair: 32     ->	taxon1: H.microsto	taxon2: T.solium  
	            	positions below base line: 222
	pair: 33     ->	taxon1: H.microsto	taxon2: C.intestin
	            	positions below base line: 346
	pair: 34     ->	taxon1: H.robusta 	taxon2: S.mediterr
	            	positions below base line: 357
	pair: 35     ->	taxon1: H.robusta 	taxon2: S.mansoni 
	            	positions below base line: 371
	pair: 36     ->	taxon1: H.robusta 	taxon2: G.salaris 
	            	positions below base line: 446
	pair: 37     ->	taxon1: H.robusta 	taxon2: D.melanoga
	            	positions below base line: 334
	pair: 38     ->	taxon1: H.robusta 	taxon2: R.norvegic
	            	positions below base line: 324
	pair: 39     ->	taxon1: H.robusta 	taxon2: D.rerio   
	            	positions below base line: 312
	pair: 40     ->	taxon1: H.robusta 	taxon2: G.turnbull
	            	positions below base line: 387
	pair: 41     ->	taxon1: H.robusta 	taxon2: T.solium  
	            	positions below base line: 376
	pair: 42     ->	taxon1: H.robusta 	taxon2: C.intestin
	            	positions below base line: 309
	pair: 43     ->	taxon1: S.mediterr	taxon2: S.mansoni 
	            	positions below base line: 332
	pair: 44     ->	taxon1: S.mediterr	taxon2: G.salaris 
	            	positions below base line: 435
	pair: 45     ->	taxon1: S.mediterr	taxon2: D.melanoga
	            	positions below base line: 319
	pair: 46     ->	taxon1: S.mediterr	taxon2: R.norvegic
	            	positions below base line: 323
	pair: 47     ->	taxon1: S.mediterr	taxon2: D.rerio   
	            	positions below base line: 320
	pair: 48     ->	taxon1: S.mediterr	taxon2: G.turnbull
	            	positions below base line: 350
	pair: 49     ->	taxon1: S.mediterr	taxon2: T.solium  
	            	positions below base line: 351
	pair: 50     ->	taxon1: S.mediterr	taxon2: C.intestin
	            	positions below base line: 333
	pair: 51     ->	taxon1: S.mansoni 	taxon2: G.salaris 
	            	positions below base line: 440
	pair: 52     ->	taxon1: S.mansoni 	taxon2: D.melanoga
	            	positions below base line: 356
	pair: 53     ->	taxon1: S.mansoni 	taxon2: R.norvegic
	            	positions below base line: 316
	pair: 54     ->	taxon1: S.mansoni 	taxon2: D.rerio   
	            	positions below base line: 309
	pair: 55     ->	taxon1: S.mansoni 	taxon2: G.turnbull
	            	positions below base line: 301
	pair: 56     ->	taxon1: S.mansoni 	taxon2: T.solium  
	            	positions below base line: 255
	pair: 57     ->	taxon1: S.mansoni 	taxon2: C.intestin
	            	positions below base line: 321
	pair: 58     ->	taxon1: G.salaris 	taxon2: D.melanoga
	            	positions below base line: 456
	pair: 59     ->	taxon1: G.salaris 	taxon2: R.norvegic
	            	positions below base line: 433
	pair: 60     ->	taxon1: G.salaris 	taxon2: D.rerio   
	            	positions below base line: 454
	pair: 61     ->	taxon1: G.salaris 	taxon2: G.turnbull
	            	positions below base line: 394
	pair: 62     ->	taxon1: G.salaris 	taxon2: T.solium  
	            	positions below base line: 425
	pair: 63     ->	taxon1: G.salaris 	taxon2: C.intestin
	            	positions below base line: 456
	pair: 64     ->	taxon1: D.melanoga	taxon2: R.norvegic
	            	positions below base line: 298
	pair: 65     ->	taxon1: D.melanoga	taxon2: D.rerio   
	            	positions below base line: 301
	pair: 66     ->	taxon1: D.melanoga	taxon2: G.turnbull
	            	positions below base line: 384
	pair: 67     ->	taxon1: D.melanoga	taxon2: T.solium  
	            	positions below base line: 344
	pair: 68     ->	taxon1: D.melanoga	taxon2: C.intestin
	            	positions below base line: 305
	pair: 69     ->	taxon1: R.norvegic	taxon2: D.rerio   
	            	positions below base line: 259
	pair: 70     ->	taxon1: R.norvegic	taxon2: G.turnbull
	            	positions below base line: 342
	pair: 71     ->	taxon1: R.norvegic	taxon2: T.solium  
	            	positions below base line: 322
	pair: 72     ->	taxon1: R.norvegic	taxon2: C.intestin
	            	positions below base line: 270
	pair: 73     ->	taxon1: D.rerio   	taxon2: G.turnbull
	            	positions below base line: 353
	pair: 74     ->	taxon1: D.rerio   	taxon2: T.solium  
	            	positions below base line: 340
	pair: 75     ->	taxon1: D.rerio   	taxon2: C.intestin
	            	positions below base line: 261
	pair: 76     ->	taxon1: G.turnbull	taxon2: T.solium  
	            	positions below base line: 289
	pair: 77     ->	taxon1: G.turnbull	taxon2: C.intestin
	            	positions below base line: 366
	pair: 78     ->	taxon1: T.solium  	taxon2: C.intestin
	            	positions below base line: 332

	generates quality profile from collected scores ...


	scoring done ...


	generates vector plot from collected scores ...


Argument "-" treated as 0 in increment (++) at /usr/bin/Aliscore.pl line 1213.
	Profile written to EOG091G0DTP.clustalo.aln.fasta_Profile_random.txt
	List   written to EOG091G0DTP.clustalo.aln.fasta_List_random.txt

	time used: 3.96 sec

