
	reading taxa from FASTA ...


	H.microstoma         -> sites: 365   
	S.mansoni            -> sites: 365   
	D.rerio              -> sites: 365   
	T.solium             -> sites: 365   
	L.gigantea           -> sites: 365   
	S.mediterranea       -> sites: 365   
	H.robusta            -> sites: 365   
	R.norvegicus         -> sites: 365   
	C.sinensis           -> sites: 365   
	O.viverrini          -> sites: 365   
	C.intestinalis       -> sites: 365   
	D.melanogaster       -> sites: 365   


	data type             : amino acid sequences

	input ...

	infile		: EOG091G0IDP.clustalo.aln.fasta
	random pairs	: 200000000000000000
	window size	: 6
	indels		: ambiguous
	tree file	: -
	node level	: -
	strict profile	: -
	outgroup	: -
	matrix          : BLOSUM62

	number of taxa        : 12
	random number of pairs: 200000000000000000

	generates threshhold value for amino acid data
	using BLOSUM62

	checks for (potential) identical taxa


	scores site patterns ...


	max number of different pairs is 66
	max random pairs are scored!

	pair: 1      ->	taxon1: H.microsto	taxon2: S.mansoni 
	            	positions below base line: 215
	pair: 2      ->	taxon1: H.microsto	taxon2: D.rerio   
	            	positions below base line: 182
	pair: 3      ->	taxon1: H.microsto	taxon2: T.solium  
	            	positions below base line: 135
	pair: 4      ->	taxon1: H.microsto	taxon2: L.gigantea
	            	positions below base line: 187
	pair: 5      ->	taxon1: H.microsto	taxon2: S.mediterr
	            	positions below base line: 183
	pair: 6      ->	taxon1: H.microsto	taxon2: H.robusta 
	            	positions below base line: 174
	pair: 7      ->	taxon1: H.microsto	taxon2: R.norvegic
	            	positions below base line: 187
	pair: 8      ->	taxon1: H.microsto	taxon2: C.sinensis
	            	positions below base line: 185
	pair: 9      ->	taxon1: H.microsto	taxon2: O.viverrin
	            	positions below base line: 185
	pair: 10     ->	taxon1: H.microsto	taxon2: C.intestin
	            	positions below base line: 182
	pair: 11     ->	taxon1: H.microsto	taxon2: D.melanoga
	            	positions below base line: 189
	pair: 12     ->	taxon1: S.mansoni 	taxon2: D.rerio   
	            	positions below base line: 212
	pair: 13     ->	taxon1: S.mansoni 	taxon2: T.solium  
	            	positions below base line: 215
	pair: 14     ->	taxon1: S.mansoni 	taxon2: L.gigantea
	            	positions below base line: 209
	pair: 15     ->	taxon1: S.mansoni 	taxon2: S.mediterr
	            	positions below base line: 209
	pair: 16     ->	taxon1: S.mansoni 	taxon2: H.robusta 
	            	positions below base line: 212
	pair: 17     ->	taxon1: S.mansoni 	taxon2: R.norvegic
	            	positions below base line: 212
	pair: 18     ->	taxon1: S.mansoni 	taxon2: C.sinensis
	            	positions below base line: 198
	pair: 19     ->	taxon1: S.mansoni 	taxon2: O.viverrin
	            	positions below base line: 198
	pair: 20     ->	taxon1: S.mansoni 	taxon2: C.intestin
	            	positions below base line: 212
	pair: 21     ->	taxon1: S.mansoni 	taxon2: D.melanoga
	            	positions below base line: 206
	pair: 22     ->	taxon1: D.rerio   	taxon2: T.solium  
	            	positions below base line: 185
	pair: 23     ->	taxon1: D.rerio   	taxon2: L.gigantea
	            	positions below base line: 137
	pair: 24     ->	taxon1: D.rerio   	taxon2: S.mediterr
	            	positions below base line: 173
	pair: 25     ->	taxon1: D.rerio   	taxon2: H.robusta 
	            	positions below base line: 144
	pair: 26     ->	taxon1: D.rerio   	taxon2: R.norvegic
	            	positions below base line: 124
	pair: 27     ->	taxon1: D.rerio   	taxon2: C.sinensis
	            	positions below base line: 179
	pair: 28     ->	taxon1: D.rerio   	taxon2: O.viverrin
	            	positions below base line: 171
	pair: 29     ->	taxon1: D.rerio   	taxon2: C.intestin
	            	positions below base line: 151
	pair: 30     ->	taxon1: D.rerio   	taxon2: D.melanoga
	            	positions below base line: 143
	pair: 31     ->	taxon1: T.solium  	taxon2: L.gigantea
	            	positions below base line: 176
	pair: 32     ->	taxon1: T.solium  	taxon2: S.mediterr
	            	positions below base line: 187
	pair: 33     ->	taxon1: T.solium  	taxon2: H.robusta 
	            	positions below base line: 174
	pair: 34     ->	taxon1: T.solium  	taxon2: R.norvegic
	            	positions below base line: 185
	pair: 35     ->	taxon1: T.solium  	taxon2: C.sinensis
	            	positions below base line: 180
	pair: 36     ->	taxon1: T.solium  	taxon2: O.viverrin
	            	positions below base line: 179
	pair: 37     ->	taxon1: T.solium  	taxon2: C.intestin
	            	positions below base line: 187
	pair: 38     ->	taxon1: T.solium  	taxon2: D.melanoga
	            	positions below base line: 187
	pair: 39     ->	taxon1: L.gigantea	taxon2: S.mediterr
	            	positions below base line: 169
	pair: 40     ->	taxon1: L.gigantea	taxon2: H.robusta 
	            	positions below base line: 150
	pair: 41     ->	taxon1: L.gigantea	taxon2: R.norvegic
	            	positions below base line: 136
	pair: 42     ->	taxon1: L.gigantea	taxon2: C.sinensis
	            	positions below base line: 179
	pair: 43     ->	taxon1: L.gigantea	taxon2: O.viverrin
	            	positions below base line: 171
	pair: 44     ->	taxon1: L.gigantea	taxon2: C.intestin
	            	positions below base line: 149
	pair: 45     ->	taxon1: L.gigantea	taxon2: D.melanoga
	            	positions below base line: 153
	pair: 46     ->	taxon1: S.mediterr	taxon2: H.robusta 
	            	positions below base line: 174
	pair: 47     ->	taxon1: S.mediterr	taxon2: R.norvegic
	            	positions below base line: 173
	pair: 48     ->	taxon1: S.mediterr	taxon2: C.sinensis
	            	positions below base line: 180
	pair: 49     ->	taxon1: S.mediterr	taxon2: O.viverrin
	            	positions below base line: 175
	pair: 50     ->	taxon1: S.mediterr	taxon2: C.intestin
	            	positions below base line: 172
	pair: 51     ->	taxon1: S.mediterr	taxon2: D.melanoga
	            	positions below base line: 178
	pair: 52     ->	taxon1: H.robusta 	taxon2: R.norvegic
	            	positions below base line: 143
	pair: 53     ->	taxon1: H.robusta 	taxon2: C.sinensis
	            	positions below base line: 179
	pair: 54     ->	taxon1: H.robusta 	taxon2: O.viverrin
	            	positions below base line: 171
	pair: 55     ->	taxon1: H.robusta 	taxon2: C.intestin
	            	positions below base line: 135
	pair: 56     ->	taxon1: H.robusta 	taxon2: D.melanoga
	            	positions below base line: 151
	pair: 57     ->	taxon1: R.norvegic	taxon2: C.sinensis
	            	positions below base line: 179
	pair: 58     ->	taxon1: R.norvegic	taxon2: O.viverrin
	            	positions below base line: 170
	pair: 59     ->	taxon1: R.norvegic	taxon2: C.intestin
	            	positions below base line: 144
	pair: 60     ->	taxon1: R.norvegic	taxon2: D.melanoga
	            	positions below base line: 143
	pair: 61     ->	taxon1: C.sinensis	taxon2: O.viverrin
	            	positions below base line: 165
	pair: 62     ->	taxon1: C.sinensis	taxon2: C.intestin
	            	positions below base line: 179
	pair: 63     ->	taxon1: C.sinensis	taxon2: D.melanoga
	            	positions below base line: 179
	pair: 64     ->	taxon1: O.viverrin	taxon2: C.intestin
	            	positions below base line: 174
	pair: 65     ->	taxon1: O.viverrin	taxon2: D.melanoga
	            	positions below base line: 168
	pair: 66     ->	taxon1: C.intestin	taxon2: D.melanoga
	            	positions below base line: 154

	generates quality profile from collected scores ...


	scoring done ...


	generates vector plot from collected scores ...


Argument "-" treated as 0 in increment (++) at /usr/bin/Aliscore.pl line 1213.
	Profile written to EOG091G0IDP.clustalo.aln.fasta_Profile_random.txt
	List   written to EOG091G0IDP.clustalo.aln.fasta_List_random.txt

	time used: 3.67 sec

