
	reading taxa from FASTA ...


	D.melanogaster       -> sites: 2085  
	E.granulosus         -> sites: 2085  
	G.turnbulli          -> sites: 2085  
	T.solium             -> sites: 2085  
	S.mansoni            -> sites: 2085  
	S.mediterranea       -> sites: 2085  
	G.salaris            -> sites: 2085  
	H.robusta            -> sites: 2085  
	C.sinensis           -> sites: 2085  
	C.intestinalis       -> sites: 2085  
	D.rerio              -> sites: 2085  
	O.viverrini          -> sites: 2085  
	R.norvegicus         -> sites: 2085  


	data type             : amino acid sequences

	input ...

	infile		: EOG091G00Q0.clustalo.aln.fasta
	random pairs	: 200000000000000000
	window size	: 6
	indels		: ambiguous
	tree file	: -
	node level	: -
	strict profile	: -
	outgroup	: -
	matrix          : BLOSUM62

	number of taxa        : 13
	random number of pairs: 200000000000000000

	generates threshhold value for amino acid data
	using BLOSUM62

	checks for (potential) identical taxa


	scores site patterns ...


	max number of different pairs is 78
	max random pairs are scored!

	pair: 1      ->	taxon1: D.melanoga	taxon2: E.granulos
	            	positions below base line: 1006
	pair: 2      ->	taxon1: D.melanoga	taxon2: G.turnbull
	            	positions below base line: 1116
	pair: 3      ->	taxon1: D.melanoga	taxon2: T.solium  
	            	positions below base line: 1026
	pair: 4      ->	taxon1: D.melanoga	taxon2: S.mansoni 
	            	positions below base line: 1501
	pair: 5      ->	taxon1: D.melanoga	taxon2: S.mediterr
	            	positions below base line: 1123
	pair: 6      ->	taxon1: D.melanoga	taxon2: G.salaris 
	            	positions below base line: 1022
	pair: 7      ->	taxon1: D.melanoga	taxon2: H.robusta 
	            	positions below base line: 895
	pair: 8      ->	taxon1: D.melanoga	taxon2: C.sinensis
	            	positions below base line: 1055
	pair: 9      ->	taxon1: D.melanoga	taxon2: C.intestin
	            	positions below base line: 824
	pair: 10     ->	taxon1: D.melanoga	taxon2: D.rerio   
	            	positions below base line: 815
	pair: 11     ->	taxon1: D.melanoga	taxon2: O.viverrin
	            	positions below base line: 1052
	pair: 12     ->	taxon1: D.melanoga	taxon2: R.norvegic
	            	positions below base line: 817
	pair: 13     ->	taxon1: E.granulos	taxon2: G.turnbull
	            	positions below base line: 988
	pair: 14     ->	taxon1: E.granulos	taxon2: T.solium  
	            	positions below base line: 628
	pair: 15     ->	taxon1: E.granulos	taxon2: S.mansoni 
	            	positions below base line: 1437
	pair: 16     ->	taxon1: E.granulos	taxon2: S.mediterr
	            	positions below base line: 1133
	pair: 17     ->	taxon1: E.granulos	taxon2: G.salaris 
	            	positions below base line: 864
	pair: 18     ->	taxon1: E.granulos	taxon2: H.robusta 
	            	positions below base line: 982
	pair: 19     ->	taxon1: E.granulos	taxon2: C.sinensis
	            	positions below base line: 932
	pair: 20     ->	taxon1: E.granulos	taxon2: C.intestin
	            	positions below base line: 982
	pair: 21     ->	taxon1: E.granulos	taxon2: D.rerio   
	            	positions below base line: 1001
	pair: 22     ->	taxon1: E.granulos	taxon2: O.viverrin
	            	positions below base line: 1055
	pair: 23     ->	taxon1: E.granulos	taxon2: R.norvegic
	            	positions below base line: 998
	pair: 24     ->	taxon1: G.turnbull	taxon2: T.solium  
	            	positions below base line: 985
	pair: 25     ->	taxon1: G.turnbull	taxon2: S.mansoni 
	            	positions below base line: 1468
	pair: 26     ->	taxon1: G.turnbull	taxon2: S.mediterr
	            	positions below base line: 1206
	pair: 27     ->	taxon1: G.turnbull	taxon2: G.salaris 
	            	positions below base line: 951
	pair: 28     ->	taxon1: G.turnbull	taxon2: H.robusta 
	            	positions below base line: 1105
	pair: 29     ->	taxon1: G.turnbull	taxon2: C.sinensis
	            	positions below base line: 1038
	pair: 30     ->	taxon1: G.turnbull	taxon2: C.intestin
	            	positions below base line: 1114
	pair: 31     ->	taxon1: G.turnbull	taxon2: D.rerio   
	            	positions below base line: 1133
	pair: 32     ->	taxon1: G.turnbull	taxon2: O.viverrin
	            	positions below base line: 1186
	pair: 33     ->	taxon1: G.turnbull	taxon2: R.norvegic
	            	positions below base line: 1128
	pair: 34     ->	taxon1: T.solium  	taxon2: S.mansoni 
	            	positions below base line: 1457
	pair: 35     ->	taxon1: T.solium  	taxon2: S.mediterr
	            	positions below base line: 1137
	pair: 36     ->	taxon1: T.solium  	taxon2: G.salaris 
	            	positions below base line: 882
	pair: 37     ->	taxon1: T.solium  	taxon2: H.robusta 
	            	positions below base line: 1005
	pair: 38     ->	taxon1: T.solium  	taxon2: C.sinensis
	            	positions below base line: 949
	pair: 39     ->	taxon1: T.solium  	taxon2: C.intestin
	            	positions below base line: 999
	pair: 40     ->	taxon1: T.solium  	taxon2: D.rerio   
	            	positions below base line: 1022
	pair: 41     ->	taxon1: T.solium  	taxon2: O.viverrin
	            	positions below base line: 1077
	pair: 42     ->	taxon1: T.solium  	taxon2: R.norvegic
	            	positions below base line: 1019
	pair: 43     ->	taxon1: S.mansoni 	taxon2: S.mediterr
	            	positions below base line: 1674
	pair: 44     ->	taxon1: S.mansoni 	taxon2: G.salaris 
	            	positions below base line: 1455
	pair: 45     ->	taxon1: S.mansoni 	taxon2: H.robusta 
	            	positions below base line: 1489
	pair: 46     ->	taxon1: S.mansoni 	taxon2: C.sinensis
	            	positions below base line: 1395
	pair: 47     ->	taxon1: S.mansoni 	taxon2: C.intestin
	            	positions below base line: 1500
	pair: 48     ->	taxon1: S.mansoni 	taxon2: D.rerio   
	            	positions below base line: 1514
	pair: 49     ->	taxon1: S.mansoni 	taxon2: O.viverrin
	            	positions below base line: 1594
	pair: 50     ->	taxon1: S.mansoni 	taxon2: R.norvegic
	            	positions below base line: 1515
	pair: 51     ->	taxon1: S.mediterr	taxon2: G.salaris 
	            	positions below base line: 1125
	pair: 52     ->	taxon1: S.mediterr	taxon2: H.robusta 
	            	positions below base line: 1116
	pair: 53     ->	taxon1: S.mediterr	taxon2: C.sinensis
	            	positions below base line: 1172
	pair: 54     ->	taxon1: S.mediterr	taxon2: C.intestin
	            	positions below base line: 1116
	pair: 55     ->	taxon1: S.mediterr	taxon2: D.rerio   
	            	positions below base line: 1114
	pair: 56     ->	taxon1: S.mediterr	taxon2: O.viverrin
	            	positions below base line: 1170
	pair: 57     ->	taxon1: S.mediterr	taxon2: R.norvegic
	            	positions below base line: 1114
	pair: 58     ->	taxon1: G.salaris 	taxon2: H.robusta 
	            	positions below base line: 1020
	pair: 59     ->	taxon1: G.salaris 	taxon2: C.sinensis
	            	positions below base line: 966
	pair: 60     ->	taxon1: G.salaris 	taxon2: C.intestin
	            	positions below base line: 1026
	pair: 61     ->	taxon1: G.salaris 	taxon2: D.rerio   
	            	positions below base line: 1045
	pair: 62     ->	taxon1: G.salaris 	taxon2: O.viverrin
	            	positions below base line: 1095
	pair: 63     ->	taxon1: G.salaris 	taxon2: R.norvegic
	            	positions below base line: 1045
	pair: 64     ->	taxon1: H.robusta 	taxon2: C.sinensis
	            	positions below base line: 1055
	pair: 65     ->	taxon1: H.robusta 	taxon2: C.intestin
	            	positions below base line: 896
	pair: 66     ->	taxon1: H.robusta 	taxon2: D.rerio   
	            	positions below base line: 856
	pair: 67     ->	taxon1: H.robusta 	taxon2: O.viverrin
	            	positions below base line: 1063
	pair: 68     ->	taxon1: H.robusta 	taxon2: R.norvegic
	            	positions below base line: 860
	pair: 69     ->	taxon1: C.sinensis	taxon2: C.intestin
	            	positions below base line: 1055
	pair: 70     ->	taxon1: C.sinensis	taxon2: D.rerio   
	            	positions below base line: 1063
	pair: 71     ->	taxon1: C.sinensis	taxon2: O.viverrin
	            	positions below base line: 1094
	pair: 72     ->	taxon1: C.sinensis	taxon2: R.norvegic
	            	positions below base line: 1065
	pair: 73     ->	taxon1: C.intestin	taxon2: D.rerio   
	            	positions below base line: 778
	pair: 74     ->	taxon1: C.intestin	taxon2: O.viverrin
	            	positions below base line: 1069
	pair: 75     ->	taxon1: C.intestin	taxon2: R.norvegic
	            	positions below base line: 784
	pair: 76     ->	taxon1: D.rerio   	taxon2: O.viverrin
	            	positions below base line: 1076
	pair: 77     ->	taxon1: D.rerio   	taxon2: R.norvegic
	            	positions below base line: 678
	pair: 78     ->	taxon1: O.viverrin	taxon2: R.norvegic
	            	positions below base line: 1082

	generates quality profile from collected scores ...


	scoring done ...


	generates vector plot from collected scores ...


Argument "-" treated as 0 in increment (++) at /usr/bin/Aliscore.pl line 1213.
	Profile written to EOG091G00Q0.clustalo.aln.fasta_Profile_random.txt
	List   written to EOG091G00Q0.clustalo.aln.fasta_List_random.txt

	time used: 6.23 sec

