
	reading taxa from FASTA ...


	H.robusta            -> sites: 1205  
	D.rerio              -> sites: 1205  
	C.sinensis           -> sites: 1205  
	S.mediterranea       -> sites: 1205  
	D.melanogaster       -> sites: 1205  
	N.vectensis          -> sites: 1205  
	R.norvegicus         -> sites: 1205  
	O.viverrini          -> sites: 1205  
	G.salaris            -> sites: 1205  
	T.solium             -> sites: 1205  
	H.microstoma         -> sites: 1205  
	C.intestinalis       -> sites: 1205  


	data type             : amino acid sequences

	input ...

	infile		: EOG091G085U.clustalo.aln.fasta
	random pairs	: 200000000000000000
	window size	: 6
	indels		: ambiguous
	tree file	: -
	node level	: -
	strict profile	: -
	outgroup	: -
	matrix          : BLOSUM62

	number of taxa        : 12
	random number of pairs: 200000000000000000

	generates threshhold value for amino acid data
	using BLOSUM62

	checks for (potential) identical taxa


	scores site patterns ...


	max number of different pairs is 66
	max random pairs are scored!

	pair: 1      ->	taxon1: H.robusta 	taxon2: D.rerio   
	            	positions below base line: 836
	pair: 2      ->	taxon1: H.robusta 	taxon2: C.sinensis
	            	positions below base line: 958
	pair: 3      ->	taxon1: H.robusta 	taxon2: S.mediterr
	            	positions below base line: 943
	pair: 4      ->	taxon1: H.robusta 	taxon2: D.melanoga
	            	positions below base line: 864
	pair: 5      ->	taxon1: H.robusta 	taxon2: N.vectensi
	            	positions below base line: 845
	pair: 6      ->	taxon1: H.robusta 	taxon2: R.norvegic
	            	positions below base line: 811
	pair: 7      ->	taxon1: H.robusta 	taxon2: O.viverrin
	            	positions below base line: 974
	pair: 8      ->	taxon1: H.robusta 	taxon2: G.salaris 
	            	positions below base line: 1015
	pair: 9      ->	taxon1: H.robusta 	taxon2: T.solium  
	            	positions below base line: 1025
	pair: 10     ->	taxon1: H.robusta 	taxon2: H.microsto
	            	positions below base line: 1028
	pair: 11     ->	taxon1: H.robusta 	taxon2: C.intestin
	            	positions below base line: 859
	pair: 12     ->	taxon1: D.rerio   	taxon2: C.sinensis
	            	positions below base line: 908
	pair: 13     ->	taxon1: D.rerio   	taxon2: S.mediterr
	            	positions below base line: 899
	pair: 14     ->	taxon1: D.rerio   	taxon2: D.melanoga
	            	positions below base line: 709
	pair: 15     ->	taxon1: D.rerio   	taxon2: N.vectensi
	            	positions below base line: 812
	pair: 16     ->	taxon1: D.rerio   	taxon2: R.norvegic
	            	positions below base line: 447
	pair: 17     ->	taxon1: D.rerio   	taxon2: O.viverrin
	            	positions below base line: 904
	pair: 18     ->	taxon1: D.rerio   	taxon2: G.salaris 
	            	positions below base line: 961
	pair: 19     ->	taxon1: D.rerio   	taxon2: T.solium  
	            	positions below base line: 1015
	pair: 20     ->	taxon1: D.rerio   	taxon2: H.microsto
	            	positions below base line: 1007
	pair: 21     ->	taxon1: D.rerio   	taxon2: C.intestin
	            	positions below base line: 616
	pair: 22     ->	taxon1: C.sinensis	taxon2: S.mediterr
	            	positions below base line: 952
	pair: 23     ->	taxon1: C.sinensis	taxon2: D.melanoga
	            	positions below base line: 919
	pair: 24     ->	taxon1: C.sinensis	taxon2: N.vectensi
	            	positions below base line: 933
	pair: 25     ->	taxon1: C.sinensis	taxon2: R.norvegic
	            	positions below base line: 930
	pair: 26     ->	taxon1: C.sinensis	taxon2: O.viverrin
	            	positions below base line: 699
	pair: 27     ->	taxon1: C.sinensis	taxon2: G.salaris 
	            	positions below base line: 964
	pair: 28     ->	taxon1: C.sinensis	taxon2: T.solium  
	            	positions below base line: 994
	pair: 29     ->	taxon1: C.sinensis	taxon2: H.microsto
	            	positions below base line: 915
	pair: 30     ->	taxon1: C.sinensis	taxon2: C.intestin
	            	positions below base line: 947
	pair: 31     ->	taxon1: S.mediterr	taxon2: D.melanoga
	            	positions below base line: 954
	pair: 32     ->	taxon1: S.mediterr	taxon2: N.vectensi
	            	positions below base line: 917
	pair: 33     ->	taxon1: S.mediterr	taxon2: R.norvegic
	            	positions below base line: 890
	pair: 34     ->	taxon1: S.mediterr	taxon2: O.viverrin
	            	positions below base line: 932
	pair: 35     ->	taxon1: S.mediterr	taxon2: G.salaris 
	            	positions below base line: 1002
	pair: 36     ->	taxon1: S.mediterr	taxon2: T.solium  
	            	positions below base line: 1025
	pair: 37     ->	taxon1: S.mediterr	taxon2: H.microsto
	            	positions below base line: 1035
	pair: 38     ->	taxon1: S.mediterr	taxon2: C.intestin
	            	positions below base line: 925
	pair: 39     ->	taxon1: D.melanoga	taxon2: N.vectensi
	            	positions below base line: 852
	pair: 40     ->	taxon1: D.melanoga	taxon2: R.norvegic
	            	positions below base line: 758
	pair: 41     ->	taxon1: D.melanoga	taxon2: O.viverrin
	            	positions below base line: 966
	pair: 42     ->	taxon1: D.melanoga	taxon2: G.salaris 
	            	positions below base line: 1021
	pair: 43     ->	taxon1: D.melanoga	taxon2: T.solium  
	            	positions below base line: 1001
	pair: 44     ->	taxon1: D.melanoga	taxon2: H.microsto
	            	positions below base line: 1017
	pair: 45     ->	taxon1: D.melanoga	taxon2: C.intestin
	            	positions below base line: 756
	pair: 46     ->	taxon1: N.vectensi	taxon2: R.norvegic
	            	positions below base line: 808
	pair: 47     ->	taxon1: N.vectensi	taxon2: O.viverrin
	            	positions below base line: 948
	pair: 48     ->	taxon1: N.vectensi	taxon2: G.salaris 
	            	positions below base line: 1017
	pair: 49     ->	taxon1: N.vectensi	taxon2: T.solium  
	            	positions below base line: 999
	pair: 50     ->	taxon1: N.vectensi	taxon2: H.microsto
	            	positions below base line: 1004
	pair: 51     ->	taxon1: N.vectensi	taxon2: C.intestin
	            	positions below base line: 817
	pair: 52     ->	taxon1: R.norvegic	taxon2: O.viverrin
	            	positions below base line: 918
	pair: 53     ->	taxon1: R.norvegic	taxon2: G.salaris 
	            	positions below base line: 975
	pair: 54     ->	taxon1: R.norvegic	taxon2: T.solium  
	            	positions below base line: 1016
	pair: 55     ->	taxon1: R.norvegic	taxon2: H.microsto
	            	positions below base line: 1010
	pair: 56     ->	taxon1: R.norvegic	taxon2: C.intestin
	            	positions below base line: 622
	pair: 57     ->	taxon1: O.viverrin	taxon2: G.salaris 
	            	positions below base line: 931
	pair: 58     ->	taxon1: O.viverrin	taxon2: T.solium  
	            	positions below base line: 998
	pair: 59     ->	taxon1: O.viverrin	taxon2: H.microsto
	            	positions below base line: 932
	pair: 60     ->	taxon1: O.viverrin	taxon2: C.intestin
	            	positions below base line: 930
	pair: 61     ->	taxon1: G.salaris 	taxon2: T.solium  
	            	positions below base line: 1046
	pair: 62     ->	taxon1: G.salaris 	taxon2: H.microsto
	            	positions below base line: 1071
	pair: 63     ->	taxon1: G.salaris 	taxon2: C.intestin
	            	positions below base line: 982
	pair: 64     ->	taxon1: T.solium  	taxon2: H.microsto
	            	positions below base line: 1018
	pair: 65     ->	taxon1: T.solium  	taxon2: C.intestin
	            	positions below base line: 1018
	pair: 66     ->	taxon1: H.microsto	taxon2: C.intestin
	            	positions below base line: 1004

	generates quality profile from collected scores ...


	scoring done ...


	generates vector plot from collected scores ...


Argument "-" treated as 0 in increment (++) at /usr/bin/Aliscore.pl line 1213.
	Profile written to EOG091G085U.clustalo.aln.fasta_Profile_random.txt
	List   written to EOG091G085U.clustalo.aln.fasta_List_random.txt

	time used: 4.14 sec

