
	reading taxa from FASTA ...


	D.melanogaster       -> sites: 1760  
	H.robusta            -> sites: 1760  
	D.rerio              -> sites: 1760  
	H.microstoma         -> sites: 1760  
	C.intestinalis       -> sites: 1760  
	C.sinensis           -> sites: 1760  
	T.solium             -> sites: 1760  
	R.norvegicus         -> sites: 1760  
	E.granulosus         -> sites: 1760  
	G.turnbulli          -> sites: 1760  
	S.mediterranea       -> sites: 1760  


	data type             : amino acid sequences

	input ...

	infile		: EOG091G01VH.clustalo.aln.fasta
	random pairs	: 200000000000000000
	window size	: 6
	indels		: ambiguous
	tree file	: -
	node level	: -
	strict profile	: -
	outgroup	: -
	matrix          : BLOSUM62

	number of taxa        : 11
	random number of pairs: 200000000000000000

	generates threshhold value for amino acid data
	using BLOSUM62

	checks for (potential) identical taxa


	scores site patterns ...


	max number of different pairs is 55
	max random pairs are scored!

	pair: 1      ->	taxon1: D.melanoga	taxon2: H.robusta 
	            	positions below base line: 690
	pair: 2      ->	taxon1: D.melanoga	taxon2: D.rerio   
	            	positions below base line: 621
	pair: 3      ->	taxon1: D.melanoga	taxon2: H.microsto
	            	positions below base line: 799
	pair: 4      ->	taxon1: D.melanoga	taxon2: C.intestin
	            	positions below base line: 646
	pair: 5      ->	taxon1: D.melanoga	taxon2: C.sinensis
	            	positions below base line: 919
	pair: 6      ->	taxon1: D.melanoga	taxon2: T.solium  
	            	positions below base line: 798
	pair: 7      ->	taxon1: D.melanoga	taxon2: R.norvegic
	            	positions below base line: 609
	pair: 8      ->	taxon1: D.melanoga	taxon2: E.granulos
	            	positions below base line: 915
	pair: 9      ->	taxon1: D.melanoga	taxon2: G.turnbull
	            	positions below base line: 1100
	pair: 10     ->	taxon1: D.melanoga	taxon2: S.mediterr
	            	positions below base line: 1191
	pair: 11     ->	taxon1: H.robusta 	taxon2: D.rerio   
	            	positions below base line: 664
	pair: 12     ->	taxon1: H.robusta 	taxon2: H.microsto
	            	positions below base line: 825
	pair: 13     ->	taxon1: H.robusta 	taxon2: C.intestin
	            	positions below base line: 678
	pair: 14     ->	taxon1: H.robusta 	taxon2: C.sinensis
	            	positions below base line: 952
	pair: 15     ->	taxon1: H.robusta 	taxon2: T.solium  
	            	positions below base line: 816
	pair: 16     ->	taxon1: H.robusta 	taxon2: R.norvegic
	            	positions below base line: 655
	pair: 17     ->	taxon1: H.robusta 	taxon2: E.granulos
	            	positions below base line: 932
	pair: 18     ->	taxon1: H.robusta 	taxon2: G.turnbull
	            	positions below base line: 1120
	pair: 19     ->	taxon1: H.robusta 	taxon2: S.mediterr
	            	positions below base line: 1233
	pair: 20     ->	taxon1: D.rerio   	taxon2: H.microsto
	            	positions below base line: 759
	pair: 21     ->	taxon1: D.rerio   	taxon2: C.intestin
	            	positions below base line: 579
	pair: 22     ->	taxon1: D.rerio   	taxon2: C.sinensis
	            	positions below base line: 861
	pair: 23     ->	taxon1: D.rerio   	taxon2: T.solium  
	            	positions below base line: 758
	pair: 24     ->	taxon1: D.rerio   	taxon2: R.norvegic
	            	positions below base line: 508
	pair: 25     ->	taxon1: D.rerio   	taxon2: E.granulos
	            	positions below base line: 887
	pair: 26     ->	taxon1: D.rerio   	taxon2: G.turnbull
	            	positions below base line: 1074
	pair: 27     ->	taxon1: D.rerio   	taxon2: S.mediterr
	            	positions below base line: 1150
	pair: 28     ->	taxon1: H.microsto	taxon2: C.intestin
	            	positions below base line: 803
	pair: 29     ->	taxon1: H.microsto	taxon2: C.sinensis
	            	positions below base line: 975
	pair: 30     ->	taxon1: H.microsto	taxon2: T.solium  
	            	positions below base line: 622
	pair: 31     ->	taxon1: H.microsto	taxon2: R.norvegic
	            	positions below base line: 778
	pair: 32     ->	taxon1: H.microsto	taxon2: E.granulos
	            	positions below base line: 702
	pair: 33     ->	taxon1: H.microsto	taxon2: G.turnbull
	            	positions below base line: 1015
	pair: 34     ->	taxon1: H.microsto	taxon2: S.mediterr
	            	positions below base line: 1188
	pair: 35     ->	taxon1: C.intestin	taxon2: C.sinensis
	            	positions below base line: 882
	pair: 36     ->	taxon1: C.intestin	taxon2: T.solium  
	            	positions below base line: 776
	pair: 37     ->	taxon1: C.intestin	taxon2: R.norvegic
	            	positions below base line: 577
	pair: 38     ->	taxon1: C.intestin	taxon2: E.granulos
	            	positions below base line: 913
	pair: 39     ->	taxon1: C.intestin	taxon2: G.turnbull
	            	positions below base line: 1097
	pair: 40     ->	taxon1: C.intestin	taxon2: S.mediterr
	            	positions below base line: 1173
	pair: 41     ->	taxon1: C.sinensis	taxon2: T.solium  
	            	positions below base line: 977
	pair: 42     ->	taxon1: C.sinensis	taxon2: R.norvegic
	            	positions below base line: 851
	pair: 43     ->	taxon1: C.sinensis	taxon2: E.granulos
	            	positions below base line: 1077
	pair: 44     ->	taxon1: C.sinensis	taxon2: G.turnbull
	            	positions below base line: 1226
	pair: 45     ->	taxon1: C.sinensis	taxon2: S.mediterr
	            	positions below base line: 1340
	pair: 46     ->	taxon1: T.solium  	taxon2: R.norvegic
	            	positions below base line: 768
	pair: 47     ->	taxon1: T.solium  	taxon2: E.granulos
	            	positions below base line: 680
	pair: 48     ->	taxon1: T.solium  	taxon2: G.turnbull
	            	positions below base line: 990
	pair: 49     ->	taxon1: T.solium  	taxon2: S.mediterr
	            	positions below base line: 1204
	pair: 50     ->	taxon1: R.norvegic	taxon2: E.granulos
	            	positions below base line: 890
	pair: 51     ->	taxon1: R.norvegic	taxon2: G.turnbull
	            	positions below base line: 1087
	pair: 52     ->	taxon1: R.norvegic	taxon2: S.mediterr
	            	positions below base line: 1154
	pair: 53     ->	taxon1: E.granulos	taxon2: G.turnbull
	            	positions below base line: 1080
	pair: 54     ->	taxon1: E.granulos	taxon2: S.mediterr
	            	positions below base line: 1270
	pair: 55     ->	taxon1: G.turnbull	taxon2: S.mediterr
	            	positions below base line: 1235

	generates quality profile from collected scores ...


	scoring done ...


	generates vector plot from collected scores ...


Argument "-" treated as 0 in increment (++) at /usr/bin/Aliscore.pl line 1213.
	Profile written to EOG091G01VH.clustalo.aln.fasta_Profile_random.txt
	List   written to EOG091G01VH.clustalo.aln.fasta_List_random.txt

	time used: 4.1 sec

