--2018-12-15 23:24:47--  http://www.orthodb.org/fasta?query=EOG091G01VH&level=33208
Resolving www.orthodb.org (www.orthodb.org)... 167.99.129.42, 2a03:b0c0:3:d0::d19:7001
Connecting to www.orthodb.org (www.orthodb.org)|167.99.129.42|:80... connected.
HTTP request sent, awaiting response... 301 Moved Permanently
Location: https://www.orthodb.org/fasta?query=EOG091G01VH&level=33208 [following]
--2018-12-15 23:24:47--  https://www.orthodb.org/fasta?query=EOG091G01VH&level=33208
Connecting to www.orthodb.org (www.orthodb.org)|167.99.129.42|:443... connected.
HTTP request sent, awaiting response... 200 OK
Length: 624634 (610K) [text/plain]
Saving to: ‘EOG091G01VH/EOG091G01VH.orthodb.fasta’

     0K .......... .......... .......... .......... ..........  8%  958K 1s
    50K .......... .......... .......... .......... .......... 16% 2,11M 0s
   100K .......... .......... .......... .......... .......... 24% 2,56M 0s
   150K .......... .......... .......... .......... .......... 32% 2,27M 0s
   200K .......... .......... .......... .......... .......... 40% 2,45M 0s
   250K .......... .......... .......... .......... .......... 49% 2,38M 0s
   300K .......... .......... .......... .......... .......... 57% 3,22M 0s
   350K .......... .......... .......... .......... .......... 65% 6,34M 0s
   400K .......... .......... .......... .......... .......... 73% 2,42M 0s
   450K .......... .......... .......... .......... .......... 81% 2,46M 0s
   500K .......... .......... .......... .......... .......... 90% 1015K 0s
   550K .......... .......... .......... .......... .......... 98% 25,1M 0s
   600K .........                                             100%  762K=0,3s

2018-12-15 23:24:48 (2,10 MB/s) - ‘EOG091G01VH/EOG091G01VH.orthodb.fasta’ saved [624634/624634]

