
RAxML can't, parse the alignment file as phylip file 
it will now try to parse it as FASTA file


This is the RAxML Master Pthread

This is RAxML Worker Pthread Number: 1


This is RAxML version 8.2.12 released by Alexandros Stamatakis on May 2018.

With greatly appreciated code contributions by:
Andre Aberer      (HITS)
Simon Berger      (HITS)
Alexey Kozlov     (HITS)
Kassian Kobert    (HITS)
David Dao         (KIT and HITS)
Sarah Lutteropp   (KIT and HITS)
Nick Pattengale   (Sandia)
Wayne Pfeiffer    (SDSC)
Akifumi S. Tanabe (NRIFS)
Charlie Taylor    (UF)


Alignment has 115 distinct alignment patterns

Proportion of gaps and completely undetermined characters in this alignment: 5.16%

RAxML rapid bootstrapping and subsequent ML search

Using 1 distinct models/data partitions with joint branch length optimization



Executing 100 rapid bootstrap inferences and thereafter a thorough ML search 

All free model parameters will be estimated by RAxML
GAMMA model of rate heterogeneity, ML estimate of alpha-parameter

GAMMA Model parameters will be estimated up to an accuracy of 0.1000000000 Log Likelihood units

Partition: 0
Alignment Patterns: 115
Name: No Name Provided
DataType: AA
Substitution Matrix: RTREV
Using empirical base frequencies




RAxML was called as follows:

raxml -f a -T 2 -m PROTGAMMARTREVF -p 12345 -x 12345 -# 100 -s ALICUT_EOG091G0LT1.clustalo.aln.fasta -n EOG091G0LT1.clustalo.aln.ALICUT.RTREVF 



Time for BS model parameter optimization 0.031321
Bootstrap[0]: Time 0.488890 seconds, bootstrap likelihood -1711.160329, best rearrangement setting 13
Bootstrap[1]: Time 0.487179 seconds, bootstrap likelihood -1858.134167, best rearrangement setting 13
Bootstrap[2]: Time 0.491997 seconds, bootstrap likelihood -1933.958266, best rearrangement setting 12
Bootstrap[3]: Time 0.547567 seconds, bootstrap likelihood -1964.870154, best rearrangement setting 15
Bootstrap[4]: Time 0.551030 seconds, bootstrap likelihood -1864.764460, best rearrangement setting 10
Bootstrap[5]: Time 0.405797 seconds, bootstrap likelihood -1888.615415, best rearrangement setting 10
Bootstrap[6]: Time 0.426816 seconds, bootstrap likelihood -1858.620669, best rearrangement setting 6
Bootstrap[7]: Time 0.533782 seconds, bootstrap likelihood -1984.431655, best rearrangement setting 14
Bootstrap[8]: Time 0.466584 seconds, bootstrap likelihood -1873.230434, best rearrangement setting 5
Bootstrap[9]: Time 0.452277 seconds, bootstrap likelihood -1768.222865, best rearrangement setting 7
Bootstrap[10]: Time 0.449053 seconds, bootstrap likelihood -1804.985340, best rearrangement setting 7
Bootstrap[11]: Time 0.233048 seconds, bootstrap likelihood -1914.735473, best rearrangement setting 5
Bootstrap[12]: Time 0.405533 seconds, bootstrap likelihood -1911.655203, best rearrangement setting 8
Bootstrap[13]: Time 0.484835 seconds, bootstrap likelihood -1943.555670, best rearrangement setting 7
Bootstrap[14]: Time 0.417846 seconds, bootstrap likelihood -2056.280255, best rearrangement setting 12
Bootstrap[15]: Time 0.329803 seconds, bootstrap likelihood -1972.360364, best rearrangement setting 15
Bootstrap[16]: Time 0.328758 seconds, bootstrap likelihood -1973.977849, best rearrangement setting 12
Bootstrap[17]: Time 0.289043 seconds, bootstrap likelihood -1807.930423, best rearrangement setting 12
Bootstrap[18]: Time 0.344452 seconds, bootstrap likelihood -1837.977859, best rearrangement setting 5
Bootstrap[19]: Time 0.296323 seconds, bootstrap likelihood -1945.779344, best rearrangement setting 8
Bootstrap[20]: Time 0.300836 seconds, bootstrap likelihood -1829.931179, best rearrangement setting 10
Bootstrap[21]: Time 0.326641 seconds, bootstrap likelihood -2036.571471, best rearrangement setting 6
Bootstrap[22]: Time 0.335721 seconds, bootstrap likelihood -1821.756305, best rearrangement setting 5
Bootstrap[23]: Time 0.316305 seconds, bootstrap likelihood -1866.814871, best rearrangement setting 7
Bootstrap[24]: Time 0.361415 seconds, bootstrap likelihood -1979.975753, best rearrangement setting 8
Bootstrap[25]: Time 0.284160 seconds, bootstrap likelihood -1885.053069, best rearrangement setting 6
Bootstrap[26]: Time 0.326957 seconds, bootstrap likelihood -1894.005607, best rearrangement setting 12
Bootstrap[27]: Time 0.334119 seconds, bootstrap likelihood -2000.270316, best rearrangement setting 10
Bootstrap[28]: Time 0.305607 seconds, bootstrap likelihood -1883.356120, best rearrangement setting 11
Bootstrap[29]: Time 0.282150 seconds, bootstrap likelihood -2024.135307, best rearrangement setting 12
Bootstrap[30]: Time 0.333327 seconds, bootstrap likelihood -2025.248849, best rearrangement setting 15
Bootstrap[31]: Time 0.326694 seconds, bootstrap likelihood -2004.051240, best rearrangement setting 15
Bootstrap[32]: Time 0.278015 seconds, bootstrap likelihood -1721.794989, best rearrangement setting 6
Bootstrap[33]: Time 0.305321 seconds, bootstrap likelihood -1974.107408, best rearrangement setting 15
Bootstrap[34]: Time 0.324212 seconds, bootstrap likelihood -1913.942629, best rearrangement setting 11
Bootstrap[35]: Time 0.327878 seconds, bootstrap likelihood -1936.500059, best rearrangement setting 8
Bootstrap[36]: Time 0.353321 seconds, bootstrap likelihood -1997.521886, best rearrangement setting 9
Bootstrap[37]: Time 0.134251 seconds, bootstrap likelihood -1892.289316, best rearrangement setting 11
Bootstrap[38]: Time 0.149118 seconds, bootstrap likelihood -1873.163223, best rearrangement setting 8
Bootstrap[39]: Time 0.311953 seconds, bootstrap likelihood -1794.892639, best rearrangement setting 13
Bootstrap[40]: Time 0.250004 seconds, bootstrap likelihood -1850.003828, best rearrangement setting 13
Bootstrap[41]: Time 0.159933 seconds, bootstrap likelihood -2105.734692, best rearrangement setting 10
Bootstrap[42]: Time 0.329331 seconds, bootstrap likelihood -1939.085118, best rearrangement setting 5
Bootstrap[43]: Time 0.312791 seconds, bootstrap likelihood -1915.968035, best rearrangement setting 14
Bootstrap[44]: Time 0.324349 seconds, bootstrap likelihood -1945.988805, best rearrangement setting 10
Bootstrap[45]: Time 0.353002 seconds, bootstrap likelihood -1784.261905, best rearrangement setting 15
Bootstrap[46]: Time 0.300627 seconds, bootstrap likelihood -1795.637587, best rearrangement setting 14
Bootstrap[47]: Time 0.316448 seconds, bootstrap likelihood -2077.942980, best rearrangement setting 8
Bootstrap[48]: Time 0.312825 seconds, bootstrap likelihood -1936.894048, best rearrangement setting 6
Bootstrap[49]: Time 0.257291 seconds, bootstrap likelihood -1697.364115, best rearrangement setting 7
Bootstrap[50]: Time 0.311330 seconds, bootstrap likelihood -1966.588291, best rearrangement setting 7
Bootstrap[51]: Time 0.343205 seconds, bootstrap likelihood -1891.461845, best rearrangement setting 11
Bootstrap[52]: Time 0.359420 seconds, bootstrap likelihood -1931.671664, best rearrangement setting 12
Bootstrap[53]: Time 0.277859 seconds, bootstrap likelihood -1777.733522, best rearrangement setting 8
Bootstrap[54]: Time 0.334800 seconds, bootstrap likelihood -1902.653065, best rearrangement setting 9
Bootstrap[55]: Time 0.284566 seconds, bootstrap likelihood -1860.905217, best rearrangement setting 11
Bootstrap[56]: Time 0.332409 seconds, bootstrap likelihood -1830.200685, best rearrangement setting 5
Bootstrap[57]: Time 0.318238 seconds, bootstrap likelihood -1749.544926, best rearrangement setting 7
Bootstrap[58]: Time 0.330242 seconds, bootstrap likelihood -1823.300420, best rearrangement setting 10
Bootstrap[59]: Time 0.308405 seconds, bootstrap likelihood -2031.837187, best rearrangement setting 9
Bootstrap[60]: Time 0.319052 seconds, bootstrap likelihood -1994.995129, best rearrangement setting 7
Bootstrap[61]: Time 0.327659 seconds, bootstrap likelihood -2052.735926, best rearrangement setting 5
Bootstrap[62]: Time 0.320852 seconds, bootstrap likelihood -1900.121869, best rearrangement setting 11
Bootstrap[63]: Time 0.298894 seconds, bootstrap likelihood -1811.269811, best rearrangement setting 12
Bootstrap[64]: Time 0.150228 seconds, bootstrap likelihood -1811.294458, best rearrangement setting 7
Bootstrap[65]: Time 0.159759 seconds, bootstrap likelihood -2022.642590, best rearrangement setting 5
Bootstrap[66]: Time 0.282084 seconds, bootstrap likelihood -1971.717842, best rearrangement setting 5
Bootstrap[67]: Time 0.291168 seconds, bootstrap likelihood -2052.071989, best rearrangement setting 15
Bootstrap[68]: Time 0.347647 seconds, bootstrap likelihood -1980.232818, best rearrangement setting 11
Bootstrap[69]: Time 0.353284 seconds, bootstrap likelihood -2050.853923, best rearrangement setting 5
Bootstrap[70]: Time 0.338481 seconds, bootstrap likelihood -1922.919795, best rearrangement setting 8
Bootstrap[71]: Time 0.291131 seconds, bootstrap likelihood -1852.721636, best rearrangement setting 10
Bootstrap[72]: Time 0.304402 seconds, bootstrap likelihood -1937.987344, best rearrangement setting 11
Bootstrap[73]: Time 0.144788 seconds, bootstrap likelihood -2061.127538, best rearrangement setting 9
Bootstrap[74]: Time 0.304483 seconds, bootstrap likelihood -2082.963926, best rearrangement setting 5
Bootstrap[75]: Time 0.322797 seconds, bootstrap likelihood -1913.816418, best rearrangement setting 8
Bootstrap[76]: Time 0.306242 seconds, bootstrap likelihood -1985.506202, best rearrangement setting 9
Bootstrap[77]: Time 0.316234 seconds, bootstrap likelihood -1949.971489, best rearrangement setting 11
Bootstrap[78]: Time 0.336442 seconds, bootstrap likelihood -1832.412377, best rearrangement setting 15
Bootstrap[79]: Time 0.316914 seconds, bootstrap likelihood -1746.122528, best rearrangement setting 9
Bootstrap[80]: Time 0.320361 seconds, bootstrap likelihood -2014.957198, best rearrangement setting 15
Bootstrap[81]: Time 0.139423 seconds, bootstrap likelihood -1825.934660, best rearrangement setting 7
Bootstrap[82]: Time 0.303449 seconds, bootstrap likelihood -1783.031989, best rearrangement setting 6
Bootstrap[83]: Time 0.340343 seconds, bootstrap likelihood -2038.076933, best rearrangement setting 10
Bootstrap[84]: Time 0.327944 seconds, bootstrap likelihood -1991.349637, best rearrangement setting 11
Bootstrap[85]: Time 0.280149 seconds, bootstrap likelihood -1749.969891, best rearrangement setting 8
Bootstrap[86]: Time 0.330047 seconds, bootstrap likelihood -2075.206831, best rearrangement setting 7
Bootstrap[87]: Time 0.338914 seconds, bootstrap likelihood -2102.940126, best rearrangement setting 7
Bootstrap[88]: Time 0.251293 seconds, bootstrap likelihood -1800.887494, best rearrangement setting 12
Bootstrap[89]: Time 0.320124 seconds, bootstrap likelihood -1903.255988, best rearrangement setting 10
Bootstrap[90]: Time 0.343530 seconds, bootstrap likelihood -1818.994660, best rearrangement setting 8
Bootstrap[91]: Time 0.325841 seconds, bootstrap likelihood -1909.249345, best rearrangement setting 12
Bootstrap[92]: Time 0.291703 seconds, bootstrap likelihood -2024.211227, best rearrangement setting 13
Bootstrap[93]: Time 0.316012 seconds, bootstrap likelihood -1925.637301, best rearrangement setting 15
Bootstrap[94]: Time 0.336488 seconds, bootstrap likelihood -1975.562333, best rearrangement setting 5
Bootstrap[95]: Time 0.324502 seconds, bootstrap likelihood -2023.576217, best rearrangement setting 5
Bootstrap[96]: Time 0.447559 seconds, bootstrap likelihood -1866.452598, best rearrangement setting 13
Bootstrap[97]: Time 0.523652 seconds, bootstrap likelihood -1969.802628, best rearrangement setting 11
Bootstrap[98]: Time 0.336666 seconds, bootstrap likelihood -1931.783036, best rearrangement setting 6
Bootstrap[99]: Time 0.378531 seconds, bootstrap likelihood -2077.785522, best rearrangement setting 14


Overall Time for 100 Rapid Bootstraps 32.993183 seconds
Average Time per Rapid Bootstrap 0.329932 seconds

Starting ML Search ...

Fast ML optimization finished

Fast ML search Time: 18.603917 seconds

Slow ML Search 0 Likelihood: -1931.095199
Slow ML Search 1 Likelihood: -1931.095199
Slow ML Search 2 Likelihood: -1931.095199
Slow ML Search 3 Likelihood: -1931.095199
Slow ML Search 4 Likelihood: -1931.095199
Slow ML Search 5 Likelihood: -1931.095199
Slow ML Search 6 Likelihood: -1931.095199
Slow ML Search 7 Likelihood: -1931.095199
Slow ML Search 8 Likelihood: -1931.095199
Slow ML Search 9 Likelihood: -1931.095199
Slow ML optimization finished

Slow ML search Time: 6.387993 seconds
Thorough ML search Time: 0.422186 seconds

Final ML Optimization Likelihood: -1931.095202

Model Information:

Model Parameters of Partition 0, Name: No Name Provided, Type of Data: AA
alpha: 1.085360
Tree-Length: 3.994500
rate A <-> R: 0.324427
rate A <-> N: 0.486641
rate A <-> D: 0.095420
rate A <-> C: 4.188931
rate A <-> Q: 0.305344
rate A <-> E: 0.772901
rate A <-> G: 1.288168
rate A <-> H: 0.286260
rate A <-> I: 0.009542
rate A <-> L: 0.429389
rate A <-> K: 0.362595
rate A <-> M: 2.242366
rate A <-> F: 0.009542
rate A <-> P: 0.925573
rate A <-> S: 4.389313
rate A <-> T: 2.461832
rate A <-> W: 0.047710
rate A <-> Y: 0.524809
rate A <-> V: 1.879771
rate R <-> N: 0.333969
rate R <-> D: 0.286260
rate R <-> C: 0.877863
rate R <-> Q: 2.108779
rate R <-> E: 0.095420
rate R <-> G: 0.391221
rate R <-> H: 0.858779
rate R <-> I: 0.229008
rate R <-> L: 0.171756
rate R <-> K: 5.658397
rate R <-> M: 0.543893
rate R <-> F: 0.066794
rate R <-> P: 0.229008
rate R <-> S: 0.973282
rate R <-> T: 0.610687
rate R <-> W: 0.124046
rate R <-> Y: 0.448473
rate R <-> V: 0.276718
rate N <-> D: 3.664122
rate N <-> C: 1.221374
rate N <-> Q: 2.251908
rate N <-> E: 0.753817
rate N <-> G: 0.896947
rate N <-> H: 3.053435
rate N <-> I: 0.333969
rate N <-> L: 0.143130
rate N <-> K: 1.173664
rate N <-> M: 0.009542
rate N <-> F: 0.467557
rate N <-> P: 0.314885
rate N <-> S: 2.805344
rate N <-> T: 1.412214
rate N <-> W: 0.152672
rate N <-> Y: 0.267176
rate N <-> V: 0.200382
rate D <-> C: 0.009542
rate D <-> Q: 0.744275
rate D <-> E: 5.171756
rate D <-> G: 0.582061
rate D <-> H: 0.868321
rate D <-> I: 0.009542
rate D <-> L: 0.047710
rate D <-> K: 0.190840
rate D <-> M: 0.009542
rate D <-> F: 0.009542
rate D <-> P: 0.524809
rate D <-> S: 1.297710
rate D <-> T: 0.524809
rate D <-> W: 0.009542
rate D <-> Y: 0.009542
rate D <-> V: 0.057252
rate C <-> Q: 0.667939
rate C <-> E: 0.009542
rate C <-> G: 0.458015
rate C <-> H: 1.183206
rate C <-> I: 0.992366
rate C <-> L: 1.049618
rate C <-> K: 0.152672
rate C <-> M: 1.488550
rate C <-> F: 0.667939
rate C <-> P: 0.009542
rate C <-> S: 0.715649
rate C <-> T: 1.116412
rate C <-> W: 0.524809
rate C <-> Y: 1.250000
rate C <-> V: 2.814885
rate Q <-> E: 3.549618
rate Q <-> G: 0.171756
rate Q <-> H: 3.692748
rate Q <-> I: 0.314885
rate Q <-> L: 0.515267
rate Q <-> K: 2.948473
rate Q <-> M: 1.507634
rate Q <-> F: 0.009542
rate Q <-> P: 0.648855
rate Q <-> S: 2.146947
rate Q <-> T: 1.393130
rate Q <-> W: 0.095420
rate Q <-> Y: 0.429389
rate Q <-> V: 0.343511
rate E <-> G: 0.667939
rate E <-> H: 0.324427
rate E <-> I: 0.009542
rate E <-> L: 0.200382
rate E <-> K: 1.345420
rate E <-> M: 0.009542
rate E <-> F: 0.009542
rate E <-> P: 0.496183
rate E <-> S: 0.906489
rate E <-> T: 0.782443
rate E <-> W: 0.162214
rate E <-> Y: 0.009542
rate E <-> V: 0.333969
rate G <-> H: 0.648855
rate G <-> I: 0.009542
rate G <-> L: 0.028626
rate G <-> K: 0.286260
rate G <-> M: 0.353053
rate G <-> F: 0.066794
rate G <-> P: 0.162214
rate G <-> S: 1.450382
rate G <-> T: 0.066794
rate G <-> W: 0.219466
rate G <-> Y: 0.200382
rate G <-> V: 0.028626
rate H <-> I: 0.324427
rate H <-> L: 0.486641
rate H <-> K: 0.725191
rate H <-> M: 1.106870
rate H <-> F: 1.345420
rate H <-> P: 0.419847
rate H <-> S: 1.746183
rate H <-> T: 0.467557
rate H <-> W: 0.458015
rate H <-> Y: 2.929389
rate H <-> V: 0.009542
rate I <-> L: 3.673664
rate I <-> K: 0.324427
rate I <-> M: 3.578244
rate I <-> F: 0.610687
rate I <-> P: 0.095420
rate I <-> S: 0.038168
rate I <-> T: 0.687023
rate I <-> W: 0.372137
rate I <-> Y: 0.248092
rate I <-> V: 10.000000
rate L <-> K: 0.219466
rate L <-> M: 5.543893
rate L <-> F: 1.708015
rate L <-> P: 0.209924
rate L <-> S: 0.229008
rate L <-> T: 0.238550
rate L <-> W: 0.448473
rate L <-> Y: 0.610687
rate L <-> V: 1.068702
rate K <-> M: 1.278626
rate K <-> F: 0.133588
rate K <-> P: 0.410305
rate K <-> S: 0.734733
rate K <-> T: 1.049618
rate K <-> W: 0.057252
rate K <-> Y: 0.009542
rate K <-> V: 0.181298
rate M <-> F: 2.356870
rate M <-> P: 0.009542
rate M <-> S: 0.009542
rate M <-> T: 1.250000
rate M <-> W: 1.059160
rate M <-> Y: 0.706107
rate M <-> V: 2.251908
rate F <-> P: 0.104962
rate F <-> S: 0.190840
rate F <-> T: 0.658397
rate F <-> W: 1.736641
rate F <-> Y: 9.704198
rate F <-> V: 0.877863
rate P <-> S: 1.278626
rate P <-> T: 0.591603
rate P <-> W: 0.085878
rate P <-> Y: 0.133588
rate P <-> V: 0.238550
rate S <-> T: 6.402672
rate S <-> W: 0.133588
rate S <-> Y: 0.295802
rate S <-> V: 0.372137
rate T <-> W: 0.009542
rate T <-> Y: 0.324427
rate T <-> V: 1.870229
rate W <-> Y: 1.679389
rate W <-> V: 0.248092
rate Y <-> V: 0.562977

freq pi(A): 0.059275
freq pi(R): 0.073919
freq pi(N): 0.065551
freq pi(D): 0.041841
freq pi(C): 0.011158
freq pi(Q): 0.033473
freq pi(E): 0.075314
freq pi(G): 0.052999
freq pi(H): 0.015342
freq pi(I): 0.046722
freq pi(L): 0.040446
freq pi(K): 0.076011
freq pi(M): 0.027197
freq pi(F): 0.041841
freq pi(P): 0.058577
freq pi(S): 0.089958
freq pi(T): 0.066946
freq pi(W): 0.042538
freq pi(Y): 0.023013
freq pi(V): 0.057880


ML search took 25.435654 secs or 0.007065 hours

Combined Bootstrap and ML search took 58.429065 secs or 0.016230 hours

Drawing Bootstrap Support Values on best-scoring ML tree ...



Found 1 tree in File /in/RAxML_bestTree.EOG091G0LT1.clustalo.aln.ALICUT.RTREVF



Found 1 tree in File /in/RAxML_bestTree.EOG091G0LT1.clustalo.aln.ALICUT.RTREVF

Program execution info written to /in/RAxML_info.EOG091G0LT1.clustalo.aln.ALICUT.RTREVF
All 100 bootstrapped trees written to: /in/RAxML_bootstrap.EOG091G0LT1.clustalo.aln.ALICUT.RTREVF

Best-scoring ML tree written to: /in/RAxML_bestTree.EOG091G0LT1.clustalo.aln.ALICUT.RTREVF

Best-scoring ML tree with support values written to: /in/RAxML_bipartitions.EOG091G0LT1.clustalo.aln.ALICUT.RTREVF

Best-scoring ML tree with support values as branch labels written to: /in/RAxML_bipartitionsBranchLabels.EOG091G0LT1.clustalo.aln.ALICUT.RTREVF

Overall execution time for full ML analysis: 58.431330 secs or 0.016231 hours or 0.000676 days

