
	reading taxa from FASTA ...


	T.solium             -> sites: 738   
	G.salaris            -> sites: 738   
	E.granulosus         -> sites: 738   
	D.melanogaster       -> sites: 738   
	H.robusta            -> sites: 738   
	R.norvegicus         -> sites: 738   
	C.sinensis           -> sites: 738   
	L.gigantea           -> sites: 738   
	C.intestinalis       -> sites: 738   
	D.rerio              -> sites: 738   
	M.lignano            -> sites: 738   
	G.turnbulli          -> sites: 738   


	data type             : amino acid sequences

	input ...

	infile		: EOG091G0JHQ.clustalo.aln.fasta
	random pairs	: 200000000000000000
	window size	: 6
	indels		: ambiguous
	tree file	: -
	node level	: -
	strict profile	: -
	outgroup	: -
	matrix          : BLOSUM62

	number of taxa        : 12
	random number of pairs: 200000000000000000

	generates threshhold value for amino acid data
	using BLOSUM62

	checks for (potential) identical taxa


	scores site patterns ...


	max number of different pairs is 66
	max random pairs are scored!

	pair: 1      ->	taxon1: T.solium  	taxon2: G.salaris 
	            	positions below base line: 555
	pair: 2      ->	taxon1: T.solium  	taxon2: E.granulos
	            	positions below base line: 484
	pair: 3      ->	taxon1: T.solium  	taxon2: D.melanoga
	            	positions below base line: 562
	pair: 4      ->	taxon1: T.solium  	taxon2: H.robusta 
	            	positions below base line: 575
	pair: 5      ->	taxon1: T.solium  	taxon2: R.norvegic
	            	positions below base line: 557
	pair: 6      ->	taxon1: T.solium  	taxon2: C.sinensis
	            	positions below base line: 616
	pair: 7      ->	taxon1: T.solium  	taxon2: L.gigantea
	            	positions below base line: 553
	pair: 8      ->	taxon1: T.solium  	taxon2: C.intestin
	            	positions below base line: 563
	pair: 9      ->	taxon1: T.solium  	taxon2: D.rerio   
	            	positions below base line: 546
	pair: 10     ->	taxon1: T.solium  	taxon2: M.lignano 
	            	positions below base line: 581
	pair: 11     ->	taxon1: T.solium  	taxon2: G.turnbull
	            	positions below base line: 561
	pair: 12     ->	taxon1: G.salaris 	taxon2: E.granulos
	            	positions below base line: 529
	pair: 13     ->	taxon1: G.salaris 	taxon2: D.melanoga
	            	positions below base line: 578
	pair: 14     ->	taxon1: G.salaris 	taxon2: H.robusta 
	            	positions below base line: 577
	pair: 15     ->	taxon1: G.salaris 	taxon2: R.norvegic
	            	positions below base line: 560
	pair: 16     ->	taxon1: G.salaris 	taxon2: C.sinensis
	            	positions below base line: 625
	pair: 17     ->	taxon1: G.salaris 	taxon2: L.gigantea
	            	positions below base line: 564
	pair: 18     ->	taxon1: G.salaris 	taxon2: C.intestin
	            	positions below base line: 569
	pair: 19     ->	taxon1: G.salaris 	taxon2: D.rerio   
	            	positions below base line: 548
	pair: 20     ->	taxon1: G.salaris 	taxon2: M.lignano 
	            	positions below base line: 617
	pair: 21     ->	taxon1: G.salaris 	taxon2: G.turnbull
	            	positions below base line: 363
	pair: 22     ->	taxon1: E.granulos	taxon2: D.melanoga
	            	positions below base line: 559
	pair: 23     ->	taxon1: E.granulos	taxon2: H.robusta 
	            	positions below base line: 571
	pair: 24     ->	taxon1: E.granulos	taxon2: R.norvegic
	            	positions below base line: 543
	pair: 25     ->	taxon1: E.granulos	taxon2: C.sinensis
	            	positions below base line: 609
	pair: 26     ->	taxon1: E.granulos	taxon2: L.gigantea
	            	positions below base line: 541
	pair: 27     ->	taxon1: E.granulos	taxon2: C.intestin
	            	positions below base line: 552
	pair: 28     ->	taxon1: E.granulos	taxon2: D.rerio   
	            	positions below base line: 539
	pair: 29     ->	taxon1: E.granulos	taxon2: M.lignano 
	            	positions below base line: 583
	pair: 30     ->	taxon1: E.granulos	taxon2: G.turnbull
	            	positions below base line: 530
	pair: 31     ->	taxon1: D.melanoga	taxon2: H.robusta 
	            	positions below base line: 521
	pair: 32     ->	taxon1: D.melanoga	taxon2: R.norvegic
	            	positions below base line: 488
	pair: 33     ->	taxon1: D.melanoga	taxon2: C.sinensis
	            	positions below base line: 602
	pair: 34     ->	taxon1: D.melanoga	taxon2: L.gigantea
	            	positions below base line: 492
	pair: 35     ->	taxon1: D.melanoga	taxon2: C.intestin
	            	positions below base line: 497
	pair: 36     ->	taxon1: D.melanoga	taxon2: D.rerio   
	            	positions below base line: 479
	pair: 37     ->	taxon1: D.melanoga	taxon2: M.lignano 
	            	positions below base line: 552
	pair: 38     ->	taxon1: D.melanoga	taxon2: G.turnbull
	            	positions below base line: 578
	pair: 39     ->	taxon1: H.robusta 	taxon2: R.norvegic
	            	positions below base line: 487
	pair: 40     ->	taxon1: H.robusta 	taxon2: C.sinensis
	            	positions below base line: 580
	pair: 41     ->	taxon1: H.robusta 	taxon2: L.gigantea
	            	positions below base line: 502
	pair: 42     ->	taxon1: H.robusta 	taxon2: C.intestin
	            	positions below base line: 501
	pair: 43     ->	taxon1: H.robusta 	taxon2: D.rerio   
	            	positions below base line: 475
	pair: 44     ->	taxon1: H.robusta 	taxon2: M.lignano 
	            	positions below base line: 529
	pair: 45     ->	taxon1: H.robusta 	taxon2: G.turnbull
	            	positions below base line: 591
	pair: 46     ->	taxon1: R.norvegic	taxon2: C.sinensis
	            	positions below base line: 576
	pair: 47     ->	taxon1: R.norvegic	taxon2: L.gigantea
	            	positions below base line: 452
	pair: 48     ->	taxon1: R.norvegic	taxon2: C.intestin
	            	positions below base line: 456
	pair: 49     ->	taxon1: R.norvegic	taxon2: D.rerio   
	            	positions below base line: 405
	pair: 50     ->	taxon1: R.norvegic	taxon2: M.lignano 
	            	positions below base line: 523
	pair: 51     ->	taxon1: R.norvegic	taxon2: G.turnbull
	            	positions below base line: 564
	pair: 52     ->	taxon1: C.sinensis	taxon2: L.gigantea
	            	positions below base line: 578
	pair: 53     ->	taxon1: C.sinensis	taxon2: C.intestin
	            	positions below base line: 573
	pair: 54     ->	taxon1: C.sinensis	taxon2: D.rerio   
	            	positions below base line: 567
	pair: 55     ->	taxon1: C.sinensis	taxon2: M.lignano 
	            	positions below base line: 605
	pair: 56     ->	taxon1: C.sinensis	taxon2: G.turnbull
	            	positions below base line: 634
	pair: 57     ->	taxon1: L.gigantea	taxon2: C.intestin
	            	positions below base line: 465
	pair: 58     ->	taxon1: L.gigantea	taxon2: D.rerio   
	            	positions below base line: 453
	pair: 59     ->	taxon1: L.gigantea	taxon2: M.lignano 
	            	positions below base line: 519
	pair: 60     ->	taxon1: L.gigantea	taxon2: G.turnbull
	            	positions below base line: 559
	pair: 61     ->	taxon1: C.intestin	taxon2: D.rerio   
	            	positions below base line: 457
	pair: 62     ->	taxon1: C.intestin	taxon2: M.lignano 
	            	positions below base line: 534
	pair: 63     ->	taxon1: C.intestin	taxon2: G.turnbull
	            	positions below base line: 572
	pair: 64     ->	taxon1: D.rerio   	taxon2: M.lignano 
	            	positions below base line: 522
	pair: 65     ->	taxon1: D.rerio   	taxon2: G.turnbull
	            	positions below base line: 555
	pair: 66     ->	taxon1: M.lignano 	taxon2: G.turnbull
	            	positions below base line: 630

	generates quality profile from collected scores ...


	scoring done ...


	generates vector plot from collected scores ...


Argument "-" treated as 0 in increment (++) at /usr/bin/Aliscore.pl line 1213.
	Profile written to EOG091G0JHQ.clustalo.aln.fasta_Profile_random.txt
	List   written to EOG091G0JHQ.clustalo.aln.fasta_List_random.txt

	time used: 4.01 sec

