
RAxML can't, parse the alignment file as phylip file 
it will now try to parse it as FASTA file


This is the RAxML Master Pthread

This is RAxML Worker Pthread Number: 1


This is RAxML version 8.2.12 released by Alexandros Stamatakis on May 2018.

With greatly appreciated code contributions by:
Andre Aberer      (HITS)
Simon Berger      (HITS)
Alexey Kozlov     (HITS)
Kassian Kobert    (HITS)
David Dao         (KIT and HITS)
Sarah Lutteropp   (KIT and HITS)
Nick Pattengale   (Sandia)
Wayne Pfeiffer    (SDSC)
Akifumi S. Tanabe (NRIFS)
Charlie Taylor    (UF)


Alignment has 255 distinct alignment patterns

Proportion of gaps and completely undetermined characters in this alignment: 17.57%

RAxML rapid bootstrapping and subsequent ML search

Using 1 distinct models/data partitions with joint branch length optimization



Executing 100 rapid bootstrap inferences and thereafter a thorough ML search 

All free model parameters will be estimated by RAxML
GAMMA model of rate heterogeneity, ML estimate of alpha-parameter

GAMMA Model parameters will be estimated up to an accuracy of 0.1000000000 Log Likelihood units

Partition: 0
Alignment Patterns: 255
Name: No Name Provided
DataType: AA
Substitution Matrix: DAYHOFF
Using empirical base frequencies




RAxML was called as follows:

raxml -f a -T 2 -m PROTGAMMADAYHOFFF -p 12345 -x 12345 -# 100 -s ALICUT_EOG091G03G3.clustalo.aln.fasta -n EOG091G03G3.clustalo.aln.ALICUT.DAYHOFFF 



Time for BS model parameter optimization 0.049024
Bootstrap[0]: Time 0.976054 seconds, bootstrap likelihood -4450.980834, best rearrangement setting 13
Bootstrap[1]: Time 0.858174 seconds, bootstrap likelihood -4944.435214, best rearrangement setting 13
Bootstrap[2]: Time 0.859692 seconds, bootstrap likelihood -4800.583191, best rearrangement setting 12
Bootstrap[3]: Time 1.216262 seconds, bootstrap likelihood -4307.850001, best rearrangement setting 15
Bootstrap[4]: Time 0.573922 seconds, bootstrap likelihood -4734.030559, best rearrangement setting 10
Bootstrap[5]: Time 1.001989 seconds, bootstrap likelihood -4556.224769, best rearrangement setting 10
Bootstrap[6]: Time 0.889515 seconds, bootstrap likelihood -4369.433543, best rearrangement setting 6
Bootstrap[7]: Time 0.853135 seconds, bootstrap likelihood -4820.879330, best rearrangement setting 14
Bootstrap[8]: Time 0.810503 seconds, bootstrap likelihood -5100.235059, best rearrangement setting 5
Bootstrap[9]: Time 0.940747 seconds, bootstrap likelihood -4765.751332, best rearrangement setting 7
Bootstrap[10]: Time 0.912029 seconds, bootstrap likelihood -4902.438491, best rearrangement setting 7
Bootstrap[11]: Time 0.897297 seconds, bootstrap likelihood -4442.617438, best rearrangement setting 5
Bootstrap[12]: Time 0.906411 seconds, bootstrap likelihood -4643.043273, best rearrangement setting 8
Bootstrap[13]: Time 0.882341 seconds, bootstrap likelihood -4439.785942, best rearrangement setting 7
Bootstrap[14]: Time 0.857660 seconds, bootstrap likelihood -4540.988410, best rearrangement setting 12
Bootstrap[15]: Time 0.848108 seconds, bootstrap likelihood -4837.377744, best rearrangement setting 15
Bootstrap[16]: Time 0.860843 seconds, bootstrap likelihood -4271.574843, best rearrangement setting 12
Bootstrap[17]: Time 1.049035 seconds, bootstrap likelihood -4821.857695, best rearrangement setting 12
Bootstrap[18]: Time 0.981045 seconds, bootstrap likelihood -4735.013711, best rearrangement setting 5
Bootstrap[19]: Time 0.836543 seconds, bootstrap likelihood -4729.813331, best rearrangement setting 8
Bootstrap[20]: Time 0.784295 seconds, bootstrap likelihood -4428.057968, best rearrangement setting 10
Bootstrap[21]: Time 0.844875 seconds, bootstrap likelihood -4406.785189, best rearrangement setting 6
Bootstrap[22]: Time 0.817428 seconds, bootstrap likelihood -4691.353407, best rearrangement setting 5
Bootstrap[23]: Time 0.891381 seconds, bootstrap likelihood -4775.433407, best rearrangement setting 7
Bootstrap[24]: Time 0.921082 seconds, bootstrap likelihood -4532.654123, best rearrangement setting 8
Bootstrap[25]: Time 0.843410 seconds, bootstrap likelihood -4538.977006, best rearrangement setting 6
Bootstrap[26]: Time 0.826034 seconds, bootstrap likelihood -4791.475849, best rearrangement setting 12
Bootstrap[27]: Time 0.770365 seconds, bootstrap likelihood -4683.858145, best rearrangement setting 10
Bootstrap[28]: Time 0.874013 seconds, bootstrap likelihood -4573.529059, best rearrangement setting 11
Bootstrap[29]: Time 1.145004 seconds, bootstrap likelihood -4273.628542, best rearrangement setting 12
Bootstrap[30]: Time 1.277227 seconds, bootstrap likelihood -4334.376468, best rearrangement setting 15
Bootstrap[31]: Time 0.847601 seconds, bootstrap likelihood -4763.290667, best rearrangement setting 15
Bootstrap[32]: Time 1.415904 seconds, bootstrap likelihood -4658.020687, best rearrangement setting 6
Bootstrap[33]: Time 1.237619 seconds, bootstrap likelihood -4198.135174, best rearrangement setting 15
Bootstrap[34]: Time 1.301629 seconds, bootstrap likelihood -4488.499971, best rearrangement setting 11
Bootstrap[35]: Time 1.256693 seconds, bootstrap likelihood -4777.892465, best rearrangement setting 8
Bootstrap[36]: Time 1.486183 seconds, bootstrap likelihood -4849.160076, best rearrangement setting 9
Bootstrap[37]: Time 1.354072 seconds, bootstrap likelihood -4844.636410, best rearrangement setting 11
Bootstrap[38]: Time 1.184968 seconds, bootstrap likelihood -4537.224398, best rearrangement setting 8
Bootstrap[39]: Time 1.309457 seconds, bootstrap likelihood -4648.431905, best rearrangement setting 13
Bootstrap[40]: Time 1.427688 seconds, bootstrap likelihood -4697.576271, best rearrangement setting 13
Bootstrap[41]: Time 1.321634 seconds, bootstrap likelihood -4858.337409, best rearrangement setting 10
Bootstrap[42]: Time 1.496641 seconds, bootstrap likelihood -4643.173390, best rearrangement setting 5
Bootstrap[43]: Time 1.417675 seconds, bootstrap likelihood -4598.446970, best rearrangement setting 14
Bootstrap[44]: Time 1.068414 seconds, bootstrap likelihood -4718.009708, best rearrangement setting 10
Bootstrap[45]: Time 0.926732 seconds, bootstrap likelihood -4555.250617, best rearrangement setting 15
Bootstrap[46]: Time 0.898416 seconds, bootstrap likelihood -4501.757841, best rearrangement setting 14
Bootstrap[47]: Time 0.985685 seconds, bootstrap likelihood -4828.596449, best rearrangement setting 8
Bootstrap[48]: Time 0.877484 seconds, bootstrap likelihood -4606.159459, best rearrangement setting 6
Bootstrap[49]: Time 0.850050 seconds, bootstrap likelihood -4374.295044, best rearrangement setting 7
Bootstrap[50]: Time 0.887307 seconds, bootstrap likelihood -5060.162142, best rearrangement setting 7
Bootstrap[51]: Time 0.917176 seconds, bootstrap likelihood -4313.044605, best rearrangement setting 11
Bootstrap[52]: Time 0.925640 seconds, bootstrap likelihood -4781.592859, best rearrangement setting 12
Bootstrap[53]: Time 0.908494 seconds, bootstrap likelihood -4272.971730, best rearrangement setting 8
Bootstrap[54]: Time 0.869142 seconds, bootstrap likelihood -4294.945336, best rearrangement setting 9
Bootstrap[55]: Time 0.890016 seconds, bootstrap likelihood -4701.884776, best rearrangement setting 11
Bootstrap[56]: Time 0.973140 seconds, bootstrap likelihood -4714.962387, best rearrangement setting 5
Bootstrap[57]: Time 0.928616 seconds, bootstrap likelihood -4811.924693, best rearrangement setting 7
Bootstrap[58]: Time 0.845039 seconds, bootstrap likelihood -4961.694239, best rearrangement setting 10
Bootstrap[59]: Time 0.980532 seconds, bootstrap likelihood -4728.837343, best rearrangement setting 9
Bootstrap[60]: Time 0.842299 seconds, bootstrap likelihood -4385.263831, best rearrangement setting 7
Bootstrap[61]: Time 0.863928 seconds, bootstrap likelihood -4570.369281, best rearrangement setting 5
Bootstrap[62]: Time 0.790341 seconds, bootstrap likelihood -4393.161644, best rearrangement setting 11
Bootstrap[63]: Time 0.898383 seconds, bootstrap likelihood -4652.755667, best rearrangement setting 12
Bootstrap[64]: Time 0.974008 seconds, bootstrap likelihood -4293.144356, best rearrangement setting 7
Bootstrap[65]: Time 1.019345 seconds, bootstrap likelihood -4345.470963, best rearrangement setting 5
Bootstrap[66]: Time 1.007972 seconds, bootstrap likelihood -4613.580516, best rearrangement setting 5
Bootstrap[67]: Time 0.926553 seconds, bootstrap likelihood -4310.924066, best rearrangement setting 15
Bootstrap[68]: Time 0.931445 seconds, bootstrap likelihood -4530.649566, best rearrangement setting 11
Bootstrap[69]: Time 0.922624 seconds, bootstrap likelihood -4476.626227, best rearrangement setting 5
Bootstrap[70]: Time 0.897526 seconds, bootstrap likelihood -4413.117517, best rearrangement setting 8
Bootstrap[71]: Time 1.075576 seconds, bootstrap likelihood -4809.129271, best rearrangement setting 10
Bootstrap[72]: Time 0.879219 seconds, bootstrap likelihood -4685.283415, best rearrangement setting 11
Bootstrap[73]: Time 0.768653 seconds, bootstrap likelihood -4588.872175, best rearrangement setting 9
Bootstrap[74]: Time 0.827823 seconds, bootstrap likelihood -5041.351282, best rearrangement setting 5
Bootstrap[75]: Time 0.952209 seconds, bootstrap likelihood -4494.105522, best rearrangement setting 8
Bootstrap[76]: Time 1.157098 seconds, bootstrap likelihood -4494.989851, best rearrangement setting 9
Bootstrap[77]: Time 1.468907 seconds, bootstrap likelihood -5040.973382, best rearrangement setting 11
Bootstrap[78]: Time 1.295858 seconds, bootstrap likelihood -4688.732240, best rearrangement setting 15
Bootstrap[79]: Time 1.654853 seconds, bootstrap likelihood -4203.991988, best rearrangement setting 9
Bootstrap[80]: Time 1.379820 seconds, bootstrap likelihood -4848.187891, best rearrangement setting 15
Bootstrap[81]: Time 1.251867 seconds, bootstrap likelihood -4289.756159, best rearrangement setting 7
Bootstrap[82]: Time 1.195854 seconds, bootstrap likelihood -4823.341060, best rearrangement setting 6
Bootstrap[83]: Time 1.499861 seconds, bootstrap likelihood -5143.104361, best rearrangement setting 10
Bootstrap[84]: Time 1.527857 seconds, bootstrap likelihood -4548.386488, best rearrangement setting 11
Bootstrap[85]: Time 1.390297 seconds, bootstrap likelihood -4320.233213, best rearrangement setting 8
Bootstrap[86]: Time 1.204686 seconds, bootstrap likelihood -4617.508105, best rearrangement setting 7
Bootstrap[87]: Time 0.867484 seconds, bootstrap likelihood -4839.214847, best rearrangement setting 7
Bootstrap[88]: Time 0.917670 seconds, bootstrap likelihood -4666.771718, best rearrangement setting 12
Bootstrap[89]: Time 0.909731 seconds, bootstrap likelihood -4661.413691, best rearrangement setting 10
Bootstrap[90]: Time 0.793195 seconds, bootstrap likelihood -4485.879523, best rearrangement setting 8
Bootstrap[91]: Time 0.823240 seconds, bootstrap likelihood -4535.351604, best rearrangement setting 12
Bootstrap[92]: Time 0.885912 seconds, bootstrap likelihood -4862.416911, best rearrangement setting 13
Bootstrap[93]: Time 1.032185 seconds, bootstrap likelihood -4332.678407, best rearrangement setting 15
Bootstrap[94]: Time 0.831097 seconds, bootstrap likelihood -4782.209455, best rearrangement setting 5
Bootstrap[95]: Time 0.855973 seconds, bootstrap likelihood -4490.709675, best rearrangement setting 5
Bootstrap[96]: Time 0.865331 seconds, bootstrap likelihood -4684.982710, best rearrangement setting 13
Bootstrap[97]: Time 0.933164 seconds, bootstrap likelihood -4970.837949, best rearrangement setting 11
Bootstrap[98]: Time 0.899004 seconds, bootstrap likelihood -4372.741052, best rearrangement setting 6
Bootstrap[99]: Time 0.984412 seconds, bootstrap likelihood -4749.023509, best rearrangement setting 14


Overall Time for 100 Rapid Bootstraps 101.052357 seconds
Average Time per Rapid Bootstrap 1.010524 seconds

Starting ML Search ...

Fast ML optimization finished

Fast ML search Time: 88.266848 seconds

Slow ML Search 0 Likelihood: -4639.638506
Slow ML Search 1 Likelihood: -4639.638506
Slow ML Search 2 Likelihood: -4639.638506
Slow ML Search 3 Likelihood: -4639.638506
Slow ML Search 4 Likelihood: -4639.638506
Slow ML Search 5 Likelihood: -4639.638506
Slow ML Search 6 Likelihood: -4639.638506
Slow ML Search 7 Likelihood: -4639.638506
Slow ML Search 8 Likelihood: -4639.638506
Slow ML Search 9 Likelihood: -4639.638506
Slow ML optimization finished

Slow ML search Time: 24.318655 seconds
Thorough ML search Time: 1.640134 seconds

Final ML Optimization Likelihood: -4639.638510

Model Information:

Model Parameters of Partition 0, Name: No Name Provided, Type of Data: AA
alpha: 1.153662
Tree-Length: 7.771576
rate A <-> R: 0.234172
rate A <-> N: 0.849957
rate A <-> D: 1.040763
rate A <-> C: 0.312229
rate A <-> Q: 0.771899
rate A <-> E: 1.717259
rate A <-> G: 2.081526
rate A <-> H: 0.199480
rate A <-> I: 0.563747
rate A <-> L: 0.355594
rate A <-> K: 0.225499
rate A <-> M: 0.624458
rate A <-> F: 0.156114
rate A <-> P: 2.168257
rate A <-> S: 3.547268
rate A <-> T: 3.217693
rate A <-> W: 0.000000
rate A <-> Y: 0.208153
rate A <-> V: 1.803990
rate R <-> N: 0.277537
rate R <-> D: 0.000000
rate R <-> C: 0.199480
rate R <-> Q: 2.133565
rate R <-> E: 0.008673
rate R <-> G: 0.078057
rate R <-> H: 2.081526
rate R <-> I: 0.555074
rate R <-> L: 0.130095
rate R <-> K: 4.024284
rate R <-> M: 0.780572
rate R <-> F: 0.121422
rate R <-> P: 0.893322
rate R <-> S: 1.335646
rate R <-> T: 0.225499
rate R <-> W: 1.743278
rate R <-> Y: 0.069384
rate R <-> V: 0.208153
rate N <-> D: 7.849089
rate N <-> C: 0.000000
rate N <-> Q: 0.893322
rate N <-> E: 1.283608
rate N <-> G: 1.205551
rate N <-> H: 4.640069
rate N <-> I: 0.667823
rate N <-> L: 0.294883
rate N <-> K: 2.758023
rate N <-> M: 0.008673
rate N <-> F: 0.121422
rate N <-> P: 0.364267
rate N <-> S: 4.293148
rate N <-> T: 1.986123
rate N <-> W: 0.199480
rate N <-> Y: 0.823938
rate N <-> V: 0.130095
rate D <-> C: 0.000000
rate D <-> Q: 1.162186
rate D <-> E: 10.000000
rate D <-> G: 1.084128
rate D <-> H: 0.745880
rate D <-> I: 0.208153
rate D <-> L: 0.000000
rate D <-> K: 0.615785
rate D <-> M: 0.000000
rate D <-> F: 0.000000
rate D <-> P: 0.112749
rate D <-> S: 0.823938
rate D <-> T: 0.572420
rate D <-> W: 0.000000
rate D <-> Y: 0.000000
rate D <-> V: 0.156114
rate C <-> Q: 0.000000
rate C <-> E: 0.000000
rate C <-> G: 0.095403
rate C <-> H: 0.242845
rate C <-> I: 0.381613
rate C <-> L: 0.000000
rate C <-> K: 0.000000
rate C <-> M: 0.000000
rate C <-> F: 0.000000
rate C <-> P: 0.164788
rate C <-> S: 1.396357
rate C <-> T: 0.138768
rate C <-> W: 0.000000
rate C <-> Y: 0.832611
rate C <-> V: 0.424978
rate Q <-> E: 6.209887
rate Q <-> G: 0.242845
rate Q <-> H: 5.255854
rate Q <-> I: 0.156114
rate Q <-> L: 0.633131
rate Q <-> K: 1.326973
rate Q <-> M: 0.988725
rate Q <-> F: 0.000000
rate Q <-> P: 1.326973
rate Q <-> S: 0.485690
rate Q <-> T: 0.459670
rate Q <-> W: 0.000000
rate Q <-> Y: 0.000000
rate Q <-> V: 0.303556
rate E <-> G: 0.702515
rate E <-> H: 0.372940
rate E <-> I: 0.529055
rate E <-> L: 0.095403
rate E <-> K: 0.719861
rate E <-> M: 0.260191
rate E <-> F: 0.000000
rate E <-> P: 0.442324
rate E <-> S: 0.685169
rate E <-> T: 0.294883
rate E <-> W: 0.000000
rate E <-> Y: 0.190807
rate E <-> V: 0.320902
rate G <-> H: 0.086730
rate G <-> I: 0.000000
rate G <-> L: 0.060711
rate G <-> K: 0.234172
rate G <-> M: 0.147441
rate G <-> F: 0.130095
rate G <-> P: 0.294883
rate G <-> S: 2.029488
rate G <-> T: 0.260191
rate G <-> W: 0.000000
rate G <-> Y: 0.000000
rate G <-> V: 0.468343
rate H <-> I: 0.060711
rate H <-> L: 0.381613
rate H <-> K: 0.225499
rate H <-> M: 0.000000
rate H <-> F: 0.416305
rate H <-> P: 0.815265
rate H <-> S: 0.303556
rate H <-> T: 0.190807
rate H <-> W: 0.234172
rate H <-> Y: 1.101474
rate H <-> V: 0.381613
rate I <-> L: 2.228968
rate I <-> K: 0.398959
rate I <-> M: 2.914137
rate I <-> F: 1.699913
rate I <-> P: 0.104076
rate I <-> S: 0.208153
rate I <-> T: 1.665221
rate I <-> W: 0.000000
rate I <-> Y: 0.320902
rate I <-> V: 7.710321
rate L <-> K: 0.156114
rate L <-> M: 4.570685
rate L <-> F: 1.361665
rate L <-> P: 0.277537
rate L <-> S: 0.147441
rate L <-> T: 0.286210
rate L <-> W: 0.398959
rate L <-> Y: 0.242845
rate L <-> V: 1.517780
rate K <-> M: 2.107546
rate K <-> F: 0.000000
rate K <-> P: 0.286210
rate K <-> S: 0.832611
rate K <-> T: 1.179532
rate K <-> W: 0.000000
rate K <-> Y: 0.112749
rate K <-> V: 0.086730
rate M <-> F: 0.797918
rate M <-> P: 0.147441
rate M <-> S: 0.537728
rate M <-> T: 0.901995
rate M <-> W: 0.000000
rate M <-> Y: 0.000000
rate M <-> V: 2.237641
rate F <-> P: 0.095403
rate F <-> S: 0.398959
rate F <-> T: 0.112749
rate F <-> W: 0.659150
rate F <-> Y: 6.053773
rate F <-> V: 0.104076
rate P <-> S: 2.124892
rate P <-> T: 0.676496
rate P <-> W: 0.000000
rate P <-> Y: 0.000000
rate P <-> V: 0.416305
rate S <-> T: 4.770165
rate S <-> W: 0.650477
rate S <-> Y: 0.294883
rate S <-> V: 0.260191
rate T <-> W: 0.000000
rate T <-> Y: 0.364267
rate T <-> V: 1.361665
rate W <-> Y: 0.529055
rate W <-> V: 0.000000
rate Y <-> V: 0.242845

freq pi(A): 0.029766
freq pi(R): 0.064642
freq pi(N): 0.067649
freq pi(D): 0.042995
freq pi(C): 0.023151
freq pi(Q): 0.051413
freq pi(E): 0.057426
freq pi(G): 0.027962
freq pi(H): 0.011726
freq pi(I): 0.042995
freq pi(L): 0.143415
freq pi(K): 0.073662
freq pi(M): 0.017438
freq pi(F): 0.073361
freq pi(P): 0.023752
freq pi(S): 0.082081
freq pi(T): 0.052616
freq pi(W): 0.029164
freq pi(Y): 0.042093
freq pi(V): 0.042694


ML search took 114.247599 secs or 0.031735 hours

Combined Bootstrap and ML search took 215.300217 secs or 0.059806 hours

Drawing Bootstrap Support Values on best-scoring ML tree ...



Found 1 tree in File /in/RAxML_bestTree.EOG091G03G3.clustalo.aln.ALICUT.DAYHOFFF



Found 1 tree in File /in/RAxML_bestTree.EOG091G03G3.clustalo.aln.ALICUT.DAYHOFFF

Program execution info written to /in/RAxML_info.EOG091G03G3.clustalo.aln.ALICUT.DAYHOFFF
All 100 bootstrapped trees written to: /in/RAxML_bootstrap.EOG091G03G3.clustalo.aln.ALICUT.DAYHOFFF

Best-scoring ML tree written to: /in/RAxML_bestTree.EOG091G03G3.clustalo.aln.ALICUT.DAYHOFFF

Best-scoring ML tree with support values written to: /in/RAxML_bipartitions.EOG091G03G3.clustalo.aln.ALICUT.DAYHOFFF

Best-scoring ML tree with support values as branch labels written to: /in/RAxML_bipartitionsBranchLabels.EOG091G03G3.clustalo.aln.ALICUT.DAYHOFFF

Overall execution time for full ML analysis: 215.302841 secs or 0.059806 hours or 0.002492 days

