
	reading taxa from FASTA ...


	T.solium             -> sites: 558   
	D.melanogaster       -> sites: 558   
	D.rerio              -> sites: 558   
	R.norvegicus         -> sites: 558   
	H.microstoma         -> sites: 558   
	C.sinensis           -> sites: 558   
	O.viverrini          -> sites: 558   
	C.intestinalis       -> sites: 558   
	S.mansoni            -> sites: 558   
	E.granulosus         -> sites: 558   


	data type             : amino acid sequences

	input ...

	infile		: EOG091G0AU6.clustalo.aln.fasta
	random pairs	: 200000000000000000
	window size	: 6
	indels		: ambiguous
	tree file	: -
	node level	: -
	strict profile	: -
	outgroup	: -
	matrix          : BLOSUM62

	number of taxa        : 10
	random number of pairs: 200000000000000000

	generates threshhold value for amino acid data
	using BLOSUM62

	checks for (potential) identical taxa


	scores site patterns ...


	max number of different pairs is 45
	max random pairs are scored!

	pair: 1      ->	taxon1: T.solium  	taxon2: D.melanoga
	            	positions below base line: 423
	pair: 2      ->	taxon1: T.solium  	taxon2: D.rerio   
	            	positions below base line: 411
	pair: 3      ->	taxon1: T.solium  	taxon2: R.norvegic
	            	positions below base line: 406
	pair: 4      ->	taxon1: T.solium  	taxon2: H.microsto
	            	positions below base line: 296
	pair: 5      ->	taxon1: T.solium  	taxon2: C.sinensis
	            	positions below base line: 353
	pair: 6      ->	taxon1: T.solium  	taxon2: O.viverrin
	            	positions below base line: 366
	pair: 7      ->	taxon1: T.solium  	taxon2: C.intestin
	            	positions below base line: 401
	pair: 8      ->	taxon1: T.solium  	taxon2: S.mansoni 
	            	positions below base line: 398
	pair: 9      ->	taxon1: T.solium  	taxon2: E.granulos
	            	positions below base line: 263
	pair: 10     ->	taxon1: D.melanoga	taxon2: D.rerio   
	            	positions below base line: 312
	pair: 11     ->	taxon1: D.melanoga	taxon2: R.norvegic
	            	positions below base line: 344
	pair: 12     ->	taxon1: D.melanoga	taxon2: H.microsto
	            	positions below base line: 393
	pair: 13     ->	taxon1: D.melanoga	taxon2: C.sinensis
	            	positions below base line: 384
	pair: 14     ->	taxon1: D.melanoga	taxon2: O.viverrin
	            	positions below base line: 394
	pair: 15     ->	taxon1: D.melanoga	taxon2: C.intestin
	            	positions below base line: 311
	pair: 16     ->	taxon1: D.melanoga	taxon2: S.mansoni 
	            	positions below base line: 426
	pair: 17     ->	taxon1: D.melanoga	taxon2: E.granulos
	            	positions below base line: 392
	pair: 18     ->	taxon1: D.rerio   	taxon2: R.norvegic
	            	positions below base line: 235
	pair: 19     ->	taxon1: D.rerio   	taxon2: H.microsto
	            	positions below base line: 382
	pair: 20     ->	taxon1: D.rerio   	taxon2: C.sinensis
	            	positions below base line: 376
	pair: 21     ->	taxon1: D.rerio   	taxon2: O.viverrin
	            	positions below base line: 377
	pair: 22     ->	taxon1: D.rerio   	taxon2: C.intestin
	            	positions below base line: 282
	pair: 23     ->	taxon1: D.rerio   	taxon2: S.mansoni 
	            	positions below base line: 402
	pair: 24     ->	taxon1: D.rerio   	taxon2: E.granulos
	            	positions below base line: 381
	pair: 25     ->	taxon1: R.norvegic	taxon2: H.microsto
	            	positions below base line: 393
	pair: 26     ->	taxon1: R.norvegic	taxon2: C.sinensis
	            	positions below base line: 360
	pair: 27     ->	taxon1: R.norvegic	taxon2: O.viverrin
	            	positions below base line: 380
	pair: 28     ->	taxon1: R.norvegic	taxon2: C.intestin
	            	positions below base line: 289
	pair: 29     ->	taxon1: R.norvegic	taxon2: S.mansoni 
	            	positions below base line: 402
	pair: 30     ->	taxon1: R.norvegic	taxon2: E.granulos
	            	positions below base line: 359
	pair: 31     ->	taxon1: H.microsto	taxon2: C.sinensis
	            	positions below base line: 348
	pair: 32     ->	taxon1: H.microsto	taxon2: O.viverrin
	            	positions below base line: 361
	pair: 33     ->	taxon1: H.microsto	taxon2: C.intestin
	            	positions below base line: 376
	pair: 34     ->	taxon1: H.microsto	taxon2: S.mansoni 
	            	positions below base line: 387
	pair: 35     ->	taxon1: H.microsto	taxon2: E.granulos
	            	positions below base line: 284
	pair: 36     ->	taxon1: C.sinensis	taxon2: O.viverrin
	            	positions below base line: 291
	pair: 37     ->	taxon1: C.sinensis	taxon2: C.intestin
	            	positions below base line: 356
	pair: 38     ->	taxon1: C.sinensis	taxon2: S.mansoni 
	            	positions below base line: 397
	pair: 39     ->	taxon1: C.sinensis	taxon2: E.granulos
	            	positions below base line: 351
	pair: 40     ->	taxon1: O.viverrin	taxon2: C.intestin
	            	positions below base line: 383
	pair: 41     ->	taxon1: O.viverrin	taxon2: S.mansoni 
	            	positions below base line: 386
	pair: 42     ->	taxon1: O.viverrin	taxon2: E.granulos
	            	positions below base line: 355
	pair: 43     ->	taxon1: C.intestin	taxon2: S.mansoni 
	            	positions below base line: 423
	pair: 44     ->	taxon1: C.intestin	taxon2: E.granulos
	            	positions below base line: 370
	pair: 45     ->	taxon1: S.mansoni 	taxon2: E.granulos
	            	positions below base line: 397

	generates quality profile from collected scores ...


	scoring done ...


	generates vector plot from collected scores ...


Argument "-" treated as 0 in increment (++) at /usr/bin/Aliscore.pl line 1213.
	Profile written to EOG091G0AU6.clustalo.aln.fasta_Profile_random.txt
	List   written to EOG091G0AU6.clustalo.aln.fasta_List_random.txt

	time used: 4.19 sec

