
WARNING: The number of threads is currently set to 1
You can specify the number of threads to run via -T numberOfThreads
NumberOfThreads must be set to an integer value greater than 1

RAxML, will now set the number of threads automatically to 2 !


RAxML can't, parse the alignment file as phylip file 
it will now try to parse it as FASTA file


This is the RAxML Master Pthread

This is RAxML Worker Pthread Number: 1


This is RAxML version 8.2.12 released by Alexandros Stamatakis on May 2018.

With greatly appreciated code contributions by:
Andre Aberer      (HITS)
Simon Berger      (HITS)
Alexey Kozlov     (HITS)
Kassian Kobert    (HITS)
David Dao         (KIT and HITS)
Sarah Lutteropp   (KIT and HITS)
Nick Pattengale   (Sandia)
Wayne Pfeiffer    (SDSC)
Akifumi S. Tanabe (NRIFS)
Charlie Taylor    (UF)


Alignment has 580 distinct alignment patterns

Proportion of gaps and completely undetermined characters in this alignment: 9.54%

RAxML rapid bootstrapping and subsequent ML search

Using 1 distinct models/data partitions with joint branch length optimization



Executing 100 rapid bootstrap inferences and thereafter a thorough ML search 

All free model parameters will be estimated by RAxML
GAMMA model of rate heterogeneity, ML estimate of alpha-parameter

GAMMA Model parameters will be estimated up to an accuracy of 0.1000000000 Log Likelihood units

Partition: 0
Alignment Patterns: 580
Name: No Name Provided
DataType: AA
Substitution Matrix: LG
Using empirical base frequencies




RAxML was called as follows:

raxml -f a -T 1 -m PROTGAMMALGF -p 12345 -x 12345 -# 100 -s ALICUT_EOG091G00AH.clustalo.aln.fasta -n EOG091G00AH.clustalo.aln.ALICUT.LGF 



Time for BS model parameter optimization 0.271305
Bootstrap[0]: Time 2.051870 seconds, bootstrap likelihood -8657.799234, best rearrangement setting 13
Bootstrap[1]: Time 1.539946 seconds, bootstrap likelihood -8518.797434, best rearrangement setting 13
Bootstrap[2]: Time 1.491819 seconds, bootstrap likelihood -8668.504246, best rearrangement setting 12
Bootstrap[3]: Time 0.813409 seconds, bootstrap likelihood -8459.193083, best rearrangement setting 15
Bootstrap[4]: Time 0.794116 seconds, bootstrap likelihood -8371.544701, best rearrangement setting 10
Bootstrap[5]: Time 1.454901 seconds, bootstrap likelihood -8634.281643, best rearrangement setting 10
Bootstrap[6]: Time 1.546132 seconds, bootstrap likelihood -8200.717907, best rearrangement setting 6
Bootstrap[7]: Time 1.428850 seconds, bootstrap likelihood -8629.765815, best rearrangement setting 14
Bootstrap[8]: Time 1.462844 seconds, bootstrap likelihood -8627.460128, best rearrangement setting 5
Bootstrap[9]: Time 1.488480 seconds, bootstrap likelihood -8492.722836, best rearrangement setting 7
Bootstrap[10]: Time 1.666499 seconds, bootstrap likelihood -8562.492577, best rearrangement setting 7
Bootstrap[11]: Time 1.479769 seconds, bootstrap likelihood -8477.023493, best rearrangement setting 5
Bootstrap[12]: Time 1.513540 seconds, bootstrap likelihood -8446.670331, best rearrangement setting 8
Bootstrap[13]: Time 0.728260 seconds, bootstrap likelihood -8569.763407, best rearrangement setting 7
Bootstrap[14]: Time 1.519939 seconds, bootstrap likelihood -8191.262835, best rearrangement setting 12
Bootstrap[15]: Time 1.545883 seconds, bootstrap likelihood -8696.687105, best rearrangement setting 15
Bootstrap[16]: Time 1.558586 seconds, bootstrap likelihood -8788.074087, best rearrangement setting 12
Bootstrap[17]: Time 1.692628 seconds, bootstrap likelihood -8731.915589, best rearrangement setting 12
Bootstrap[18]: Time 1.537301 seconds, bootstrap likelihood -8732.133421, best rearrangement setting 5
Bootstrap[19]: Time 1.590640 seconds, bootstrap likelihood -8651.601936, best rearrangement setting 8
Bootstrap[20]: Time 1.487533 seconds, bootstrap likelihood -8586.263954, best rearrangement setting 10
Bootstrap[21]: Time 1.781807 seconds, bootstrap likelihood -8546.988531, best rearrangement setting 6
Bootstrap[22]: Time 0.771179 seconds, bootstrap likelihood -8603.860987, best rearrangement setting 5
Bootstrap[23]: Time 1.508483 seconds, bootstrap likelihood -8724.041889, best rearrangement setting 7
Bootstrap[24]: Time 1.581568 seconds, bootstrap likelihood -8440.355846, best rearrangement setting 8
Bootstrap[25]: Time 0.725547 seconds, bootstrap likelihood -8587.154646, best rearrangement setting 6
Bootstrap[26]: Time 1.467460 seconds, bootstrap likelihood -8805.398372, best rearrangement setting 12
Bootstrap[27]: Time 1.428973 seconds, bootstrap likelihood -8538.768560, best rearrangement setting 10
Bootstrap[28]: Time 1.513325 seconds, bootstrap likelihood -8204.144333, best rearrangement setting 11
Bootstrap[29]: Time 1.540739 seconds, bootstrap likelihood -8253.609889, best rearrangement setting 12
Bootstrap[30]: Time 1.523151 seconds, bootstrap likelihood -8605.708484, best rearrangement setting 15
Bootstrap[31]: Time 1.518854 seconds, bootstrap likelihood -8322.832640, best rearrangement setting 15
Bootstrap[32]: Time 1.545255 seconds, bootstrap likelihood -8574.474801, best rearrangement setting 6
Bootstrap[33]: Time 0.746848 seconds, bootstrap likelihood -8502.177143, best rearrangement setting 15
Bootstrap[34]: Time 1.594766 seconds, bootstrap likelihood -8718.618477, best rearrangement setting 11
Bootstrap[35]: Time 1.461331 seconds, bootstrap likelihood -8742.776064, best rearrangement setting 8
Bootstrap[36]: Time 1.606258 seconds, bootstrap likelihood -8818.247642, best rearrangement setting 9
Bootstrap[37]: Time 0.766383 seconds, bootstrap likelihood -8465.699775, best rearrangement setting 11
Bootstrap[38]: Time 0.769826 seconds, bootstrap likelihood -8661.538716, best rearrangement setting 8
Bootstrap[39]: Time 1.531309 seconds, bootstrap likelihood -8754.652722, best rearrangement setting 13
Bootstrap[40]: Time 1.639544 seconds, bootstrap likelihood -8783.247885, best rearrangement setting 13
Bootstrap[41]: Time 1.648176 seconds, bootstrap likelihood -9131.481709, best rearrangement setting 10
Bootstrap[42]: Time 1.605852 seconds, bootstrap likelihood -8637.206218, best rearrangement setting 5
Bootstrap[43]: Time 1.469289 seconds, bootstrap likelihood -8440.516469, best rearrangement setting 14
Bootstrap[44]: Time 0.733220 seconds, bootstrap likelihood -8343.179066, best rearrangement setting 10
Bootstrap[45]: Time 0.774811 seconds, bootstrap likelihood -8426.857691, best rearrangement setting 15
Bootstrap[46]: Time 1.611559 seconds, bootstrap likelihood -8393.017059, best rearrangement setting 14
Bootstrap[47]: Time 1.631422 seconds, bootstrap likelihood -8487.173782, best rearrangement setting 8
Bootstrap[48]: Time 1.604826 seconds, bootstrap likelihood -8437.512769, best rearrangement setting 6
Bootstrap[49]: Time 1.609282 seconds, bootstrap likelihood -8752.353782, best rearrangement setting 7
Bootstrap[50]: Time 1.505001 seconds, bootstrap likelihood -8615.036397, best rearrangement setting 7
Bootstrap[51]: Time 1.481993 seconds, bootstrap likelihood -8331.441434, best rearrangement setting 11
Bootstrap[52]: Time 1.540505 seconds, bootstrap likelihood -8586.231446, best rearrangement setting 12
Bootstrap[53]: Time 1.499186 seconds, bootstrap likelihood -8400.012116, best rearrangement setting 8
Bootstrap[54]: Time 1.428785 seconds, bootstrap likelihood -8585.330932, best rearrangement setting 9
Bootstrap[55]: Time 1.471880 seconds, bootstrap likelihood -8624.513426, best rearrangement setting 11
Bootstrap[56]: Time 1.532463 seconds, bootstrap likelihood -8475.420509, best rearrangement setting 5
Bootstrap[57]: Time 1.464500 seconds, bootstrap likelihood -8439.092921, best rearrangement setting 7
Bootstrap[58]: Time 1.622601 seconds, bootstrap likelihood -8505.470517, best rearrangement setting 10
Bootstrap[59]: Time 1.560362 seconds, bootstrap likelihood -8451.857499, best rearrangement setting 9
Bootstrap[60]: Time 0.722737 seconds, bootstrap likelihood -8393.284594, best rearrangement setting 7
Bootstrap[61]: Time 0.715214 seconds, bootstrap likelihood -8543.751800, best rearrangement setting 5
Bootstrap[62]: Time 1.480261 seconds, bootstrap likelihood -8637.699788, best rearrangement setting 11
Bootstrap[63]: Time 0.750141 seconds, bootstrap likelihood -8635.507504, best rearrangement setting 12
Bootstrap[64]: Time 1.599809 seconds, bootstrap likelihood -8515.440825, best rearrangement setting 7
Bootstrap[65]: Time 1.594238 seconds, bootstrap likelihood -8536.592387, best rearrangement setting 5
Bootstrap[66]: Time 1.510637 seconds, bootstrap likelihood -8499.547739, best rearrangement setting 5
Bootstrap[67]: Time 1.499710 seconds, bootstrap likelihood -8546.906250, best rearrangement setting 15
Bootstrap[68]: Time 1.471745 seconds, bootstrap likelihood -8410.761229, best rearrangement setting 11
Bootstrap[69]: Time 1.422004 seconds, bootstrap likelihood -8706.159851, best rearrangement setting 5
Bootstrap[70]: Time 1.456257 seconds, bootstrap likelihood -8502.273072, best rearrangement setting 8
Bootstrap[71]: Time 1.625650 seconds, bootstrap likelihood -8605.309971, best rearrangement setting 10
Bootstrap[72]: Time 1.390624 seconds, bootstrap likelihood -8323.148750, best rearrangement setting 11
Bootstrap[73]: Time 1.415140 seconds, bootstrap likelihood -8477.946010, best rearrangement setting 9
Bootstrap[74]: Time 1.485361 seconds, bootstrap likelihood -8757.029626, best rearrangement setting 5
Bootstrap[75]: Time 1.569987 seconds, bootstrap likelihood -8607.809043, best rearrangement setting 8
Bootstrap[76]: Time 1.559949 seconds, bootstrap likelihood -8486.747988, best rearrangement setting 9
Bootstrap[77]: Time 1.495235 seconds, bootstrap likelihood -8878.799534, best rearrangement setting 11
Bootstrap[78]: Time 1.543786 seconds, bootstrap likelihood -8839.966496, best rearrangement setting 15
Bootstrap[79]: Time 1.573074 seconds, bootstrap likelihood -8341.344621, best rearrangement setting 9
Bootstrap[80]: Time 0.736691 seconds, bootstrap likelihood -8560.691494, best rearrangement setting 15
Bootstrap[81]: Time 0.748706 seconds, bootstrap likelihood -8458.477246, best rearrangement setting 7
Bootstrap[82]: Time 0.728310 seconds, bootstrap likelihood -8569.724194, best rearrangement setting 6
Bootstrap[83]: Time 1.589214 seconds, bootstrap likelihood -8842.514001, best rearrangement setting 10
Bootstrap[84]: Time 1.543647 seconds, bootstrap likelihood -8713.125878, best rearrangement setting 11
Bootstrap[85]: Time 1.473646 seconds, bootstrap likelihood -8372.393758, best rearrangement setting 8
Bootstrap[86]: Time 1.460909 seconds, bootstrap likelihood -8641.250884, best rearrangement setting 7
Bootstrap[87]: Time 1.548322 seconds, bootstrap likelihood -8555.914607, best rearrangement setting 7
Bootstrap[88]: Time 1.637709 seconds, bootstrap likelihood -8593.348315, best rearrangement setting 12
Bootstrap[89]: Time 0.798394 seconds, bootstrap likelihood -8714.831027, best rearrangement setting 10
Bootstrap[90]: Time 1.571976 seconds, bootstrap likelihood -8608.849066, best rearrangement setting 8
Bootstrap[91]: Time 1.615533 seconds, bootstrap likelihood -8798.940808, best rearrangement setting 12
Bootstrap[92]: Time 0.743639 seconds, bootstrap likelihood -8662.775699, best rearrangement setting 13
Bootstrap[93]: Time 1.460868 seconds, bootstrap likelihood -8584.267123, best rearrangement setting 15
Bootstrap[94]: Time 1.442749 seconds, bootstrap likelihood -8646.369177, best rearrangement setting 5
Bootstrap[95]: Time 1.454592 seconds, bootstrap likelihood -8426.011977, best rearrangement setting 5
Bootstrap[96]: Time 1.612894 seconds, bootstrap likelihood -8770.424513, best rearrangement setting 13
Bootstrap[97]: Time 1.574368 seconds, bootstrap likelihood -8264.112085, best rearrangement setting 11
Bootstrap[98]: Time 1.513054 seconds, bootstrap likelihood -8847.359744, best rearrangement setting 6
Bootstrap[99]: Time 1.554631 seconds, bootstrap likelihood -8612.049998, best rearrangement setting 14


Overall Time for 100 Rapid Bootstraps 139.942547 seconds
Average Time per Rapid Bootstrap 1.399425 seconds

Starting ML Search ...

Fast ML optimization finished

Fast ML search Time: 117.428215 seconds

Slow ML Search 0 Likelihood: -8613.696276
Slow ML Search 1 Likelihood: -8613.696276
Slow ML Search 2 Likelihood: -8613.696276
Slow ML Search 3 Likelihood: -8613.696276
Slow ML Search 4 Likelihood: -8613.696276
Slow ML Search 5 Likelihood: -8613.696276
Slow ML Search 6 Likelihood: -8613.696276
Slow ML Search 7 Likelihood: -8613.696276
Slow ML Search 8 Likelihood: -8613.696276
Slow ML Search 9 Likelihood: -8613.696276
Slow ML optimization finished

Slow ML search Time: 26.868578 seconds
Thorough ML search Time: 2.446027 seconds

Final ML Optimization Likelihood: -8613.696277

Model Information:

Model Parameters of Partition 0, Name: No Name Provided, Type of Data: AA
alpha: 1.523999
Tree-Length: 4.072603
rate A <-> R: 0.399182
rate A <-> N: 0.259945
rate A <-> D: 0.371058
rate A <-> C: 2.337364
rate A <-> Q: 0.910775
rate A <-> E: 0.975241
rate A <-> G: 1.940106
rate A <-> H: 0.336984
rate A <-> I: 0.140697
rate A <-> L: 0.371240
rate A <-> K: 0.503815
rate A <-> M: 1.055520
rate A <-> F: 0.238237
rate A <-> P: 1.105868
rate A <-> S: 4.439041
rate A <-> T: 2.009090
rate A <-> W: 0.169702
rate A <-> Y: 0.205613
rate A <-> V: 2.392567
rate R <-> N: 0.706048
rate R <-> D: 0.116398
rate R <-> C: 0.501968
rate R <-> Q: 2.636754
rate R <-> E: 0.341785
rate R <-> G: 0.366408
rate R <-> H: 2.278690
rate R <-> I: 0.119250
rate R <-> L: 0.283449
rate R <-> K: 5.940467
rate R <-> M: 0.454623
rate R <-> F: 0.049508
rate R <-> P: 0.312264
rate R <-> S: 0.805843
rate R <-> T: 0.543695
rate R <-> W: 0.557424
rate R <-> Y: 0.295274
rate R <-> V: 0.160471
rate N <-> D: 4.766737
rate N <-> C: 0.496537
rate N <-> Q: 1.592389
rate N <-> E: 0.508692
rate N <-> G: 1.350015
rate N <-> H: 4.234381
rate N <-> I: 0.179830
rate N <-> L: 0.064256
rate N <-> K: 2.014327
rate N <-> M: 0.348390
rate N <-> F: 0.084068
rate N <-> P: 0.151925
rate N <-> S: 3.764032
rate N <-> T: 1.878729
rate N <-> W: 0.042610
rate N <-> Y: 0.574720
rate N <-> V: 0.078587
rate D <-> C: 0.058743
rate D <-> Q: 0.491483
rate D <-> E: 4.924234
rate D <-> G: 0.793424
rate D <-> H: 0.870603
rate D <-> I: 0.010038
rate D <-> L: 0.014157
rate D <-> K: 0.265711
rate D <-> M: 0.023991
rate D <-> F: 0.016354
rate D <-> P: 0.370412
rate D <-> S: 1.164675
rate D <-> T: 0.399902
rate D <-> W: 0.028068
rate D <-> Y: 0.126872
rate D <-> V: 0.035653
rate C <-> Q: 0.079639
rate C <-> E: 0.003286
rate C <-> G: 0.534566
rate C <-> H: 0.601499
rate C <-> I: 0.301083
rate C <-> L: 0.557800
rate C <-> K: 0.012457
rate C <-> M: 0.839207
rate C <-> F: 1.037881
rate C <-> P: 0.070787
rate C <-> S: 2.614753
rate C <-> T: 1.073780
rate C <-> W: 0.629281
rate C <-> Y: 1.094488
rate C <-> V: 1.839864
rate Q <-> E: 3.876936
rate Q <-> G: 0.251626
rate Q <-> H: 4.520102
rate Q <-> I: 0.068413
rate Q <-> L: 0.546954
rate Q <-> K: 3.037150
rate Q <-> M: 1.570619
rate Q <-> F: 0.033669
rate Q <-> P: 0.586241
rate Q <-> S: 1.149231
rate Q <-> T: 1.014297
rate Q <-> W: 0.221802
rate Q <-> Y: 0.241650
rate Q <-> V: 0.197511
rate E <-> G: 0.327583
rate E <-> H: 0.398044
rate E <-> I: 0.041567
rate E <-> L: 0.065426
rate E <-> K: 1.697022
rate E <-> M: 0.163145
rate E <-> F: 0.017664
rate E <-> P: 0.393844
rate E <-> S: 0.574671
rate E <-> T: 0.567695
rate E <-> W: 0.073107
rate E <-> Y: 0.112720
rate E <-> V: 0.230098
rate G <-> H: 0.292498
rate G <-> I: 0.008174
rate G <-> L: 0.041563
rate G <-> K: 0.278555
rate G <-> M: 0.131033
rate G <-> F: 0.084125
rate G <-> P: 0.184955
rate G <-> S: 1.633930
rate G <-> T: 0.121922
rate G <-> W: 0.252125
rate G <-> Y: 0.051346
rate G <-> V: 0.072026
rate H <-> I: 0.102245
rate H <-> L: 0.343988
rate H <-> K: 0.654763
rate H <-> M: 0.415502
rate H <-> F: 0.640560
rate H <-> P: 0.477834
rate H <-> S: 0.929667
rate H <-> T: 0.548649
rate H <-> W: 0.560661
rate H <-> Y: 4.983361
rate H <-> V: 0.111759
rate I <-> L: 3.892408
rate I <-> K: 0.149373
rate I <-> M: 4.013113
rate I <-> F: 1.044902
rate I <-> P: 0.073509
rate I <-> S: 0.060198
rate I <-> T: 0.970728
rate I <-> W: 0.104854
rate I <-> Y: 0.218350
rate I <-> V: 10.000000
rate L <-> K: 0.129119
rate L <-> M: 5.927594
rate L <-> F: 2.434657
rate L <-> P: 0.233879
rate L <-> S: 0.171176
rate L <-> T: 0.284471
rate L <-> W: 0.581863
rate L <-> Y: 0.281383
rate L <-> V: 1.598956
rate K <-> M: 0.616581
rate K <-> F: 0.022460
rate K <-> P: 0.366530
rate K <-> S: 0.703048
rate K <-> T: 1.067567
rate K <-> W: 0.046864
rate K <-> Y: 0.123890
rate K <-> V: 0.173913
rate M <-> F: 1.689205
rate M <-> P: 0.093763
rate M <-> S: 0.325811
rate M <-> T: 1.897216
rate M <-> W: 0.653740
rate M <-> Y: 0.451968
rate M <-> V: 1.782983
rate F <-> P: 0.088706
rate F <-> S: 0.339765
rate F <-> T: 0.154944
rate F <-> W: 2.307349
rate F <-> Y: 7.328222
rate F <-> V: 0.614777
rate P <-> S: 1.256567
rate P <-> T: 0.536635
rate P <-> W: 0.089332
rate P <-> Y: 0.084151
rate P <-> V: 0.278428
rate S <-> T: 6.077767
rate S <-> W: 0.233693
rate S <-> Y: 0.376132
rate S <-> V: 0.092373
rate T <-> W: 0.132241
rate T <-> Y: 0.230856
rate T <-> V: 2.054781
rate W <-> Y: 2.959699
rate W <-> V: 0.177959
rate Y <-> V: 0.234116

freq pi(A): 0.057098
freq pi(R): 0.065949
freq pi(N): 0.039222
freq pi(D): 0.050503
freq pi(C): 0.021520
freq pi(Q): 0.043735
freq pi(E): 0.057272
freq pi(G): 0.040611
freq pi(H): 0.027942
freq pi(I): 0.052412
freq pi(L): 0.107775
freq pi(K): 0.056230
freq pi(M): 0.032107
freq pi(F): 0.045817
freq pi(P): 0.045123
freq pi(S): 0.065776
freq pi(T): 0.046165
freq pi(W): 0.024471
freq pi(Y): 0.038875
freq pi(V): 0.081395


ML search took 146.775511 secs or 0.040771 hours

Combined Bootstrap and ML search took 286.718294 secs or 0.079644 hours

Drawing Bootstrap Support Values on best-scoring ML tree ...



Found 1 tree in File /in/RAxML_bestTree.EOG091G00AH.clustalo.aln.ALICUT.LGF



Found 1 tree in File /in/RAxML_bestTree.EOG091G00AH.clustalo.aln.ALICUT.LGF

Program execution info written to /in/RAxML_info.EOG091G00AH.clustalo.aln.ALICUT.LGF
All 100 bootstrapped trees written to: /in/RAxML_bootstrap.EOG091G00AH.clustalo.aln.ALICUT.LGF

Best-scoring ML tree written to: /in/RAxML_bestTree.EOG091G00AH.clustalo.aln.ALICUT.LGF

Best-scoring ML tree with support values written to: /in/RAxML_bipartitions.EOG091G00AH.clustalo.aln.ALICUT.LGF

Best-scoring ML tree with support values as branch labels written to: /in/RAxML_bipartitionsBranchLabels.EOG091G00AH.clustalo.aln.ALICUT.LGF

Overall execution time for full ML analysis: 286.723888 secs or 0.079646 hours or 0.003319 days

