--2018-12-16 00:10:29--  http://www.orthodb.org/fasta?query=EOG091G02NH&level=33208
Resolving www.orthodb.org (www.orthodb.org)... 142.93.108.123, 2a03:b0c0:3:e0::1b:1
Connecting to www.orthodb.org (www.orthodb.org)|142.93.108.123|:80... connected.
HTTP request sent, awaiting response... 301 Moved Permanently
Location: https://www.orthodb.org/fasta?query=EOG091G02NH&level=33208 [following]
--2018-12-16 00:10:29--  https://www.orthodb.org/fasta?query=EOG091G02NH&level=33208
Connecting to www.orthodb.org (www.orthodb.org)|142.93.108.123|:443... connected.
HTTP request sent, awaiting response... 200 OK
Length: 627598 (613K) [text/plain]
Saving to: ‘EOG091G02NH/EOG091G02NH.orthodb.fasta’

     0K .......... .......... .......... .......... ..........  8% 1,31M 0s
    50K .......... .......... .......... .......... .......... 16% 2,24M 0s
   100K .......... .......... .......... .......... .......... 24% 2,29M 0s
   150K .......... .......... .......... .......... .......... 32% 2,34M 0s
   200K .......... .......... .......... .......... .......... 40% 2,42M 0s
   250K .......... .......... .......... .......... .......... 48% 2,39M 0s
   300K .......... .......... .......... .......... .......... 57% 3,10M 0s
   350K .......... .......... .......... .......... .......... 65% 7,33M 0s
   400K .......... .......... .......... .......... .......... 73% 2,42M 0s
   450K .......... .......... .......... .......... .......... 81% 2,14M 0s
   500K .......... .......... .......... .......... .......... 89% 2,65M 0s
   550K .......... .......... .......... .......... .......... 97% 2,41M 0s
   600K .......... ..                                         100% 21,9M=0,2s

2018-12-16 00:10:30 (2,43 MB/s) - ‘EOG091G02NH/EOG091G02NH.orthodb.fasta’ saved [627598/627598]

