
	reading taxa from FASTA ...


	G.turnbulli          -> sites: 1585  
	H.microstoma         -> sites: 1585  
	D.rerio              -> sites: 1585  
	E.nipponicum         -> sites: 1585  
	H.robusta            -> sites: 1585  
	G.salaris            -> sites: 1585  
	S.mansoni            -> sites: 1585  
	R.norvegicus         -> sites: 1585  
	C.intestinalis       -> sites: 1585  
	E.granulosus         -> sites: 1585  
	T.solium             -> sites: 1585  
	D.melanogaster       -> sites: 1585  
	C.sinensis           -> sites: 1585  
	N.vectensis          -> sites: 1585  


	data type             : amino acid sequences

	input ...

	infile		: EOG091G0L66.clustalo.aln.fasta
	random pairs	: 200000000000000000
	window size	: 6
	indels		: ambiguous
	tree file	: -
	node level	: -
	strict profile	: -
	outgroup	: -
	matrix          : BLOSUM62

	number of taxa        : 14
	random number of pairs: 200000000000000000

	generates threshhold value for amino acid data
	using BLOSUM62

	checks for (potential) identical taxa


	scores site patterns ...


	max number of different pairs is 91
	max random pairs are scored!

	pair: 1      ->	taxon1: G.turnbull	taxon2: H.microsto
	            	positions below base line: 1380
	pair: 2      ->	taxon1: G.turnbull	taxon2: D.rerio   
	            	positions below base line: 1470
	pair: 3      ->	taxon1: G.turnbull	taxon2: E.nipponic
	            	positions below base line: 1392
	pair: 4      ->	taxon1: G.turnbull	taxon2: H.robusta 
	            	positions below base line: 1385
	pair: 5      ->	taxon1: G.turnbull	taxon2: G.salaris 
	            	positions below base line: 1401
	pair: 6      ->	taxon1: G.turnbull	taxon2: S.mansoni 
	            	positions below base line: 1364
	pair: 7      ->	taxon1: G.turnbull	taxon2: R.norvegic
	            	positions below base line: 1411
	pair: 8      ->	taxon1: G.turnbull	taxon2: C.intestin
	            	positions below base line: 1398
	pair: 9      ->	taxon1: G.turnbull	taxon2: E.granulos
	            	positions below base line: 1376
	pair: 10     ->	taxon1: G.turnbull	taxon2: T.solium  
	            	positions below base line: 1361
	pair: 11     ->	taxon1: G.turnbull	taxon2: D.melanoga
	            	positions below base line: 1405
	pair: 12     ->	taxon1: G.turnbull	taxon2: C.sinensis
	            	positions below base line: 1348
	pair: 13     ->	taxon1: G.turnbull	taxon2: N.vectensi
	            	positions below base line: 1476
	pair: 14     ->	taxon1: H.microsto	taxon2: D.rerio   
	            	positions below base line: 1465
	pair: 15     ->	taxon1: H.microsto	taxon2: E.nipponic
	            	positions below base line: 1415
	pair: 16     ->	taxon1: H.microsto	taxon2: H.robusta 
	            	positions below base line: 1399
	pair: 17     ->	taxon1: H.microsto	taxon2: G.salaris 
	            	positions below base line: 1421
	pair: 18     ->	taxon1: H.microsto	taxon2: S.mansoni 
	            	positions below base line: 1372
	pair: 19     ->	taxon1: H.microsto	taxon2: R.norvegic
	            	positions below base line: 1414
	pair: 20     ->	taxon1: H.microsto	taxon2: C.intestin
	            	positions below base line: 1408
	pair: 21     ->	taxon1: H.microsto	taxon2: E.granulos
	            	positions below base line: 1374
	pair: 22     ->	taxon1: H.microsto	taxon2: T.solium  
	            	positions below base line: 1369
	pair: 23     ->	taxon1: H.microsto	taxon2: D.melanoga
	            	positions below base line: 1400
	pair: 24     ->	taxon1: H.microsto	taxon2: C.sinensis
	            	positions below base line: 1368
	pair: 25     ->	taxon1: H.microsto	taxon2: N.vectensi
	            	positions below base line: 1451
	pair: 26     ->	taxon1: D.rerio   	taxon2: E.nipponic
	            	positions below base line: 1481
	pair: 27     ->	taxon1: D.rerio   	taxon2: H.robusta 
	            	positions below base line: 1492
	pair: 28     ->	taxon1: D.rerio   	taxon2: G.salaris 
	            	positions below base line: 1475
	pair: 29     ->	taxon1: D.rerio   	taxon2: S.mansoni 
	            	positions below base line: 1460
	pair: 30     ->	taxon1: D.rerio   	taxon2: R.norvegic
	            	positions below base line: 1480
	pair: 31     ->	taxon1: D.rerio   	taxon2: C.intestin
	            	positions below base line: 1480
	pair: 32     ->	taxon1: D.rerio   	taxon2: E.granulos
	            	positions below base line: 1474
	pair: 33     ->	taxon1: D.rerio   	taxon2: T.solium  
	            	positions below base line: 1457
	pair: 34     ->	taxon1: D.rerio   	taxon2: D.melanoga
	            	positions below base line: 1484
	pair: 35     ->	taxon1: D.rerio   	taxon2: C.sinensis
	            	positions below base line: 1461
	pair: 36     ->	taxon1: D.rerio   	taxon2: N.vectensi
	            	positions below base line: 1269
	pair: 37     ->	taxon1: E.nipponic	taxon2: H.robusta 
	            	positions below base line: 1394
	pair: 38     ->	taxon1: E.nipponic	taxon2: G.salaris 
	            	positions below base line: 1411
	pair: 39     ->	taxon1: E.nipponic	taxon2: S.mansoni 
	            	positions below base line: 1394
	pair: 40     ->	taxon1: E.nipponic	taxon2: R.norvegic
	            	positions below base line: 1405
	pair: 41     ->	taxon1: E.nipponic	taxon2: C.intestin
	            	positions below base line: 1394
	pair: 42     ->	taxon1: E.nipponic	taxon2: E.granulos
	            	positions below base line: 1390
	pair: 43     ->	taxon1: E.nipponic	taxon2: T.solium  
	            	positions below base line: 1385
	pair: 44     ->	taxon1: E.nipponic	taxon2: D.melanoga
	            	positions below base line: 1395
	pair: 45     ->	taxon1: E.nipponic	taxon2: C.sinensis
	            	positions below base line: 1379
	pair: 46     ->	taxon1: E.nipponic	taxon2: N.vectensi
	            	positions below base line: 1469
	pair: 47     ->	taxon1: H.robusta 	taxon2: G.salaris 
	            	positions below base line: 1428
	pair: 48     ->	taxon1: H.robusta 	taxon2: S.mansoni 
	            	positions below base line: 1395
	pair: 49     ->	taxon1: H.robusta 	taxon2: R.norvegic
	            	positions below base line: 1380
	pair: 50     ->	taxon1: H.robusta 	taxon2: C.intestin
	            	positions below base line: 1358
	pair: 51     ->	taxon1: H.robusta 	taxon2: E.granulos
	            	positions below base line: 1395
	pair: 52     ->	taxon1: H.robusta 	taxon2: T.solium  
	            	positions below base line: 1392
	pair: 53     ->	taxon1: H.robusta 	taxon2: D.melanoga
	            	positions below base line: 1387
	pair: 54     ->	taxon1: H.robusta 	taxon2: C.sinensis
	            	positions below base line: 1392
	pair: 55     ->	taxon1: H.robusta 	taxon2: N.vectensi
	            	positions below base line: 1495
	pair: 56     ->	taxon1: G.salaris 	taxon2: S.mansoni 
	            	positions below base line: 1410
	pair: 57     ->	taxon1: G.salaris 	taxon2: R.norvegic
	            	positions below base line: 1422
	pair: 58     ->	taxon1: G.salaris 	taxon2: C.intestin
	            	positions below base line: 1420
	pair: 59     ->	taxon1: G.salaris 	taxon2: E.granulos
	            	positions below base line: 1422
	pair: 60     ->	taxon1: G.salaris 	taxon2: T.solium  
	            	positions below base line: 1392
	pair: 61     ->	taxon1: G.salaris 	taxon2: D.melanoga
	            	positions below base line: 1442
	pair: 62     ->	taxon1: G.salaris 	taxon2: C.sinensis
	            	positions below base line: 1405
	pair: 63     ->	taxon1: G.salaris 	taxon2: N.vectensi
	            	positions below base line: 1467
	pair: 64     ->	taxon1: S.mansoni 	taxon2: R.norvegic
	            	positions below base line: 1410
	pair: 65     ->	taxon1: S.mansoni 	taxon2: C.intestin
	            	positions below base line: 1390
	pair: 66     ->	taxon1: S.mansoni 	taxon2: E.granulos
	            	positions below base line: 1360
	pair: 67     ->	taxon1: S.mansoni 	taxon2: T.solium  
	            	positions below base line: 1343
	pair: 68     ->	taxon1: S.mansoni 	taxon2: D.melanoga
	            	positions below base line: 1403
	pair: 69     ->	taxon1: S.mansoni 	taxon2: C.sinensis
	            	positions below base line: 1354
	pair: 70     ->	taxon1: S.mansoni 	taxon2: N.vectensi
	            	positions below base line: 1469
	pair: 71     ->	taxon1: R.norvegic	taxon2: C.intestin
	            	positions below base line: 1326
	pair: 72     ->	taxon1: R.norvegic	taxon2: E.granulos
	            	positions below base line: 1417
	pair: 73     ->	taxon1: R.norvegic	taxon2: T.solium  
	            	positions below base line: 1391
	pair: 74     ->	taxon1: R.norvegic	taxon2: D.melanoga
	            	positions below base line: 1359
	pair: 75     ->	taxon1: R.norvegic	taxon2: C.sinensis
	            	positions below base line: 1411
	pair: 76     ->	taxon1: R.norvegic	taxon2: N.vectensi
	            	positions below base line: 1481
	pair: 77     ->	taxon1: C.intestin	taxon2: E.granulos
	            	positions below base line: 1393
	pair: 78     ->	taxon1: C.intestin	taxon2: T.solium  
	            	positions below base line: 1388
	pair: 79     ->	taxon1: C.intestin	taxon2: D.melanoga
	            	positions below base line: 1355
	pair: 80     ->	taxon1: C.intestin	taxon2: C.sinensis
	            	positions below base line: 1383
	pair: 81     ->	taxon1: C.intestin	taxon2: N.vectensi
	            	positions below base line: 1476
	pair: 82     ->	taxon1: E.granulos	taxon2: T.solium  
	            	positions below base line: 1344
	pair: 83     ->	taxon1: E.granulos	taxon2: D.melanoga
	            	positions below base line: 1401
	pair: 84     ->	taxon1: E.granulos	taxon2: C.sinensis
	            	positions below base line: 1370
	pair: 85     ->	taxon1: E.granulos	taxon2: N.vectensi
	            	positions below base line: 1463
	pair: 86     ->	taxon1: T.solium  	taxon2: D.melanoga
	            	positions below base line: 1390
	pair: 87     ->	taxon1: T.solium  	taxon2: C.sinensis
	            	positions below base line: 1352
	pair: 88     ->	taxon1: T.solium  	taxon2: N.vectensi
	            	positions below base line: 1468
	pair: 89     ->	taxon1: D.melanoga	taxon2: C.sinensis
	            	positions below base line: 1395
	pair: 90     ->	taxon1: D.melanoga	taxon2: N.vectensi
	            	positions below base line: 1473
	pair: 91     ->	taxon1: C.sinensis	taxon2: N.vectensi
	            	positions below base line: 1462

	generates quality profile from collected scores ...


	scoring done ...


	generates vector plot from collected scores ...


Argument "-" treated as 0 in increment (++) at /usr/bin/Aliscore.pl line 1213.
	Profile written to EOG091G0L66.clustalo.aln.fasta_Profile_random.txt
	List   written to EOG091G0L66.clustalo.aln.fasta_List_random.txt

	time used: 4.28 sec

