
RAxML can't, parse the alignment file as phylip file 
it will now try to parse it as FASTA file


This is the RAxML Master Pthread

This is RAxML Worker Pthread Number: 1

This is RAxML Worker Pthread Number: 2

This is RAxML Worker Pthread Number: 3

This is RAxML Worker Pthread Number: 4

This is RAxML Worker Pthread Number: 5


This is RAxML version 8.2.12 released by Alexandros Stamatakis on May 2018.

With greatly appreciated code contributions by:
Andre Aberer      (HITS)
Simon Berger      (HITS)
Alexey Kozlov     (HITS)
Kassian Kobert    (HITS)
David Dao         (KIT and HITS)
Sarah Lutteropp   (KIT and HITS)
Nick Pattengale   (Sandia)
Wayne Pfeiffer    (SDSC)
Akifumi S. Tanabe (NRIFS)
Charlie Taylor    (UF)


Alignment has 193 distinct alignment patterns

Proportion of gaps and completely undetermined characters in this alignment: 4.00%

RAxML rapid bootstrapping and subsequent ML search

Using 1 distinct models/data partitions with joint branch length optimization



Executing 100 rapid bootstrap inferences and thereafter a thorough ML search 

All free model parameters will be estimated by RAxML
GAMMA model of rate heterogeneity, ML estimate of alpha-parameter

GAMMA Model parameters will be estimated up to an accuracy of 0.1000000000 Log Likelihood units

Partition: 0
Alignment Patterns: 193
Name: No Name Provided
DataType: AA
Substitution Matrix: DCMUT
Using empirical base frequencies




RAxML was called as follows:

raxml -f a -T 6 -m PROTGAMMADCMUTF -p 12345 -x 12345 -# 100 -s ALICUT_EOG091G0DRZ.clustalo.aln.fasta -n EOG091G0DRZ.clustalo.aln.ALICUT.DCMUTF 



Time for BS model parameter optimization 0.025261
Bootstrap[0]: Time 0.531792 seconds, bootstrap likelihood -3405.696058, best rearrangement setting 13
Bootstrap[1]: Time 0.438559 seconds, bootstrap likelihood -3240.666579, best rearrangement setting 13
Bootstrap[2]: Time 0.465360 seconds, bootstrap likelihood -3314.711318, best rearrangement setting 12
Bootstrap[3]: Time 0.482675 seconds, bootstrap likelihood -3563.934360, best rearrangement setting 15
Bootstrap[4]: Time 0.473695 seconds, bootstrap likelihood -3390.341262, best rearrangement setting 10
Bootstrap[5]: Time 0.436716 seconds, bootstrap likelihood -3062.303717, best rearrangement setting 10
Bootstrap[6]: Time 0.473855 seconds, bootstrap likelihood -3534.240061, best rearrangement setting 6
Bootstrap[7]: Time 0.473823 seconds, bootstrap likelihood -3149.493107, best rearrangement setting 14
Bootstrap[8]: Time 0.426153 seconds, bootstrap likelihood -3221.567277, best rearrangement setting 5
Bootstrap[9]: Time 0.454565 seconds, bootstrap likelihood -3356.613672, best rearrangement setting 7
Bootstrap[10]: Time 0.463894 seconds, bootstrap likelihood -3406.685327, best rearrangement setting 7
Bootstrap[11]: Time 0.488176 seconds, bootstrap likelihood -3557.435377, best rearrangement setting 5
Bootstrap[12]: Time 0.465085 seconds, bootstrap likelihood -3192.468258, best rearrangement setting 8
Bootstrap[13]: Time 0.464312 seconds, bootstrap likelihood -3674.376096, best rearrangement setting 7
Bootstrap[14]: Time 0.465466 seconds, bootstrap likelihood -3327.354144, best rearrangement setting 12
Bootstrap[15]: Time 0.410281 seconds, bootstrap likelihood -3567.599801, best rearrangement setting 15
Bootstrap[16]: Time 0.486016 seconds, bootstrap likelihood -3022.699952, best rearrangement setting 12
Bootstrap[17]: Time 0.443636 seconds, bootstrap likelihood -3258.118670, best rearrangement setting 12
Bootstrap[18]: Time 0.467887 seconds, bootstrap likelihood -3457.103698, best rearrangement setting 5
Bootstrap[19]: Time 0.493346 seconds, bootstrap likelihood -3344.248172, best rearrangement setting 8
Bootstrap[20]: Time 0.444118 seconds, bootstrap likelihood -3106.571677, best rearrangement setting 10
Bootstrap[21]: Time 0.507702 seconds, bootstrap likelihood -3079.545918, best rearrangement setting 6
Bootstrap[22]: Time 0.491284 seconds, bootstrap likelihood -3387.015216, best rearrangement setting 5
Bootstrap[23]: Time 0.491055 seconds, bootstrap likelihood -3231.009072, best rearrangement setting 7
Bootstrap[24]: Time 0.423431 seconds, bootstrap likelihood -3007.264535, best rearrangement setting 8
Bootstrap[25]: Time 0.521870 seconds, bootstrap likelihood -3534.863826, best rearrangement setting 6
Bootstrap[26]: Time 0.423161 seconds, bootstrap likelihood -3598.225465, best rearrangement setting 12
Bootstrap[27]: Time 0.435189 seconds, bootstrap likelihood -3405.350796, best rearrangement setting 10
Bootstrap[28]: Time 0.504212 seconds, bootstrap likelihood -3359.023940, best rearrangement setting 11
Bootstrap[29]: Time 0.468239 seconds, bootstrap likelihood -3221.490029, best rearrangement setting 12
Bootstrap[30]: Time 0.426030 seconds, bootstrap likelihood -2943.387254, best rearrangement setting 15
Bootstrap[31]: Time 0.469974 seconds, bootstrap likelihood -3126.308623, best rearrangement setting 15
Bootstrap[32]: Time 0.440594 seconds, bootstrap likelihood -3074.279455, best rearrangement setting 6
Bootstrap[33]: Time 0.450453 seconds, bootstrap likelihood -3147.653459, best rearrangement setting 15
Bootstrap[34]: Time 0.457096 seconds, bootstrap likelihood -3390.274077, best rearrangement setting 11
Bootstrap[35]: Time 0.474662 seconds, bootstrap likelihood -3309.472126, best rearrangement setting 8
Bootstrap[36]: Time 0.451848 seconds, bootstrap likelihood -3368.888403, best rearrangement setting 9
Bootstrap[37]: Time 0.466282 seconds, bootstrap likelihood -3370.619732, best rearrangement setting 11
Bootstrap[38]: Time 0.460185 seconds, bootstrap likelihood -3413.463043, best rearrangement setting 8
Bootstrap[39]: Time 0.458376 seconds, bootstrap likelihood -3441.862869, best rearrangement setting 13
Bootstrap[40]: Time 0.445730 seconds, bootstrap likelihood -3321.730858, best rearrangement setting 13
Bootstrap[41]: Time 0.480729 seconds, bootstrap likelihood -3476.552793, best rearrangement setting 10
Bootstrap[42]: Time 0.471434 seconds, bootstrap likelihood -3219.717198, best rearrangement setting 5
Bootstrap[43]: Time 0.465214 seconds, bootstrap likelihood -3338.416153, best rearrangement setting 14
Bootstrap[44]: Time 0.428337 seconds, bootstrap likelihood -3352.980283, best rearrangement setting 10
Bootstrap[45]: Time 0.468677 seconds, bootstrap likelihood -3393.906500, best rearrangement setting 15
Bootstrap[46]: Time 0.481254 seconds, bootstrap likelihood -3618.980618, best rearrangement setting 14
Bootstrap[47]: Time 0.454794 seconds, bootstrap likelihood -3574.601424, best rearrangement setting 8
Bootstrap[48]: Time 0.446086 seconds, bootstrap likelihood -3495.219975, best rearrangement setting 6
Bootstrap[49]: Time 0.439114 seconds, bootstrap likelihood -3342.260398, best rearrangement setting 7
Bootstrap[50]: Time 0.460259 seconds, bootstrap likelihood -3601.461618, best rearrangement setting 7
Bootstrap[51]: Time 0.468918 seconds, bootstrap likelihood -3477.549815, best rearrangement setting 11
Bootstrap[52]: Time 0.503745 seconds, bootstrap likelihood -3542.130172, best rearrangement setting 12
Bootstrap[53]: Time 0.498842 seconds, bootstrap likelihood -3127.852234, best rearrangement setting 8
Bootstrap[54]: Time 0.442421 seconds, bootstrap likelihood -3422.195824, best rearrangement setting 9
Bootstrap[55]: Time 0.501429 seconds, bootstrap likelihood -3216.702850, best rearrangement setting 11
Bootstrap[56]: Time 0.472364 seconds, bootstrap likelihood -3182.254218, best rearrangement setting 5
Bootstrap[57]: Time 0.454398 seconds, bootstrap likelihood -3402.621743, best rearrangement setting 7
Bootstrap[58]: Time 0.461973 seconds, bootstrap likelihood -3576.337153, best rearrangement setting 10
Bootstrap[59]: Time 0.457139 seconds, bootstrap likelihood -3561.537520, best rearrangement setting 9
Bootstrap[60]: Time 0.441298 seconds, bootstrap likelihood -3158.347654, best rearrangement setting 7
Bootstrap[61]: Time 0.460283 seconds, bootstrap likelihood -3308.238021, best rearrangement setting 5
Bootstrap[62]: Time 0.477531 seconds, bootstrap likelihood -3335.650895, best rearrangement setting 11
Bootstrap[63]: Time 0.447160 seconds, bootstrap likelihood -3414.119073, best rearrangement setting 12
Bootstrap[64]: Time 0.419793 seconds, bootstrap likelihood -3262.457482, best rearrangement setting 7
Bootstrap[65]: Time 0.437654 seconds, bootstrap likelihood -3272.459842, best rearrangement setting 5
Bootstrap[66]: Time 0.435069 seconds, bootstrap likelihood -3291.991172, best rearrangement setting 5
Bootstrap[67]: Time 0.440384 seconds, bootstrap likelihood -3095.959059, best rearrangement setting 15
Bootstrap[68]: Time 0.512749 seconds, bootstrap likelihood -3605.382702, best rearrangement setting 11
Bootstrap[69]: Time 0.421450 seconds, bootstrap likelihood -3222.906985, best rearrangement setting 5
Bootstrap[70]: Time 0.477915 seconds, bootstrap likelihood -3354.652263, best rearrangement setting 8
Bootstrap[71]: Time 0.479159 seconds, bootstrap likelihood -3578.148270, best rearrangement setting 10
Bootstrap[72]: Time 0.417776 seconds, bootstrap likelihood -3155.480691, best rearrangement setting 11
Bootstrap[73]: Time 0.499886 seconds, bootstrap likelihood -3699.795518, best rearrangement setting 9
Bootstrap[74]: Time 0.464283 seconds, bootstrap likelihood -3244.329949, best rearrangement setting 5
Bootstrap[75]: Time 0.442062 seconds, bootstrap likelihood -3302.942075, best rearrangement setting 8
Bootstrap[76]: Time 0.516340 seconds, bootstrap likelihood -3388.971234, best rearrangement setting 9
Bootstrap[77]: Time 0.487384 seconds, bootstrap likelihood -3406.559589, best rearrangement setting 11
Bootstrap[78]: Time 0.488924 seconds, bootstrap likelihood -3009.948608, best rearrangement setting 15
Bootstrap[79]: Time 0.467284 seconds, bootstrap likelihood -3378.616551, best rearrangement setting 9
Bootstrap[80]: Time 0.203068 seconds, bootstrap likelihood -3258.553935, best rearrangement setting 15
Bootstrap[81]: Time 0.499197 seconds, bootstrap likelihood -3619.239469, best rearrangement setting 7
Bootstrap[82]: Time 0.410741 seconds, bootstrap likelihood -2923.065143, best rearrangement setting 6
Bootstrap[83]: Time 0.430512 seconds, bootstrap likelihood -3157.731832, best rearrangement setting 10
Bootstrap[84]: Time 0.512845 seconds, bootstrap likelihood -3448.317881, best rearrangement setting 11
Bootstrap[85]: Time 0.429568 seconds, bootstrap likelihood -3346.010939, best rearrangement setting 8
Bootstrap[86]: Time 0.433833 seconds, bootstrap likelihood -3171.699576, best rearrangement setting 7
Bootstrap[87]: Time 0.441207 seconds, bootstrap likelihood -3226.766084, best rearrangement setting 7
Bootstrap[88]: Time 0.451614 seconds, bootstrap likelihood -3083.319251, best rearrangement setting 12
Bootstrap[89]: Time 0.492062 seconds, bootstrap likelihood -3510.317764, best rearrangement setting 10
Bootstrap[90]: Time 0.434689 seconds, bootstrap likelihood -3254.516536, best rearrangement setting 8
Bootstrap[91]: Time 0.462896 seconds, bootstrap likelihood -3384.015239, best rearrangement setting 12
Bootstrap[92]: Time 0.475952 seconds, bootstrap likelihood -3227.955370, best rearrangement setting 13
Bootstrap[93]: Time 0.479683 seconds, bootstrap likelihood -3441.654124, best rearrangement setting 15
Bootstrap[94]: Time 0.463080 seconds, bootstrap likelihood -3228.987625, best rearrangement setting 5
Bootstrap[95]: Time 0.414741 seconds, bootstrap likelihood -3067.586934, best rearrangement setting 5
Bootstrap[96]: Time 0.456300 seconds, bootstrap likelihood -3155.439689, best rearrangement setting 13
Bootstrap[97]: Time 0.499515 seconds, bootstrap likelihood -3496.598514, best rearrangement setting 11
Bootstrap[98]: Time 0.506461 seconds, bootstrap likelihood -3216.411119, best rearrangement setting 6
Bootstrap[99]: Time 0.487644 seconds, bootstrap likelihood -3277.063120, best rearrangement setting 14


Overall Time for 100 Rapid Bootstraps 46.123256 seconds
Average Time per Rapid Bootstrap 0.461233 seconds

Starting ML Search ...

Fast ML optimization finished

Fast ML search Time: 36.444528 seconds

Slow ML Search 0 Likelihood: -3344.557074
Slow ML Search 1 Likelihood: -3344.557074
Slow ML Search 2 Likelihood: -3344.557074
Slow ML Search 3 Likelihood: -3344.557074
Slow ML Search 4 Likelihood: -3344.557074
Slow ML Search 5 Likelihood: -3344.557074
Slow ML Search 6 Likelihood: -3344.557074
Slow ML Search 7 Likelihood: -3344.557074
Slow ML Search 8 Likelihood: -3344.557074
Slow ML Search 9 Likelihood: -3344.557074
Slow ML optimization finished

Slow ML search Time: 10.427318 seconds
Thorough ML search Time: 0.762909 seconds

Final ML Optimization Likelihood: -3344.557074

Model Information:

Model Parameters of Partition 0, Name: No Name Provided, Type of Data: AA
alpha: 0.925109
Tree-Length: 3.353879
rate A <-> R: 0.235171
rate A <-> N: 0.864434
rate A <-> D: 1.053509
rate A <-> C: 0.316118
rate A <-> Q: 0.779506
rate A <-> E: 1.722035
rate A <-> G: 2.095164
rate A <-> H: 0.200301
rate A <-> I: 0.573743
rate A <-> L: 0.356873
rate A <-> K: 0.227099
rate A <-> M: 0.630311
rate A <-> F: 0.161249
rate A <-> P: 2.182803
rate A <-> S: 3.557811
rate A <-> T: 3.231605
rate A <-> W: 0.000000
rate A <-> Y: 0.214370
rate A <-> V: 1.808434
rate R <-> N: 0.287180
rate R <-> D: 0.000000
rate R <-> C: 0.204040
rate R <-> Q: 2.142429
rate R <-> E: 0.000000
rate R <-> G: 0.077086
rate R <-> H: 2.092562
rate R <-> I: 0.555490
rate R <-> L: 0.136034
rate R <-> K: 4.047995
rate R <-> M: 0.787029
rate R <-> F: 0.120213
rate R <-> P: 0.902927
rate R <-> S: 1.344838
rate R <-> T: 0.233342
rate R <-> W: 1.757340
rate R <-> Y: 0.068500
rate R <-> V: 0.211059
rate N <-> D: 7.842464
rate N <-> C: 0.000000
rate N <-> Q: 0.903099
rate N <-> E: 1.311312
rate N <-> G: 1.216431
rate N <-> H: 4.644993
rate N <-> I: 0.674376
rate N <-> L: 0.299520
rate N <-> K: 2.764479
rate N <-> M: 0.000000
rate N <-> F: 0.121615
rate N <-> P: 0.368124
rate N <-> S: 4.290138
rate N <-> T: 1.994701
rate N <-> W: 0.197537
rate N <-> Y: 0.831476
rate N <-> V: 0.138793
rate D <-> C: 0.000000
rate D <-> Q: 1.184117
rate D <-> E: 10.000000
rate D <-> G: 1.089664
rate D <-> H: 0.762373
rate D <-> I: 0.210076
rate D <-> L: 0.000000
rate D <-> K: 0.629497
rate D <-> M: 0.000000
rate D <-> F: 0.000000
rate D <-> P: 0.117608
rate D <-> S: 0.839517
rate D <-> T: 0.580340
rate D <-> W: 0.000000
rate D <-> Y: 0.000000
rate D <-> V: 0.156573
rate C <-> Q: 0.000000
rate C <-> E: 0.000000
rate C <-> G: 0.094197
rate C <-> H: 0.248255
rate C <-> I: 0.384658
rate C <-> L: 0.000000
rate C <-> K: 0.000000
rate C <-> M: 0.000000
rate C <-> F: 0.000000
rate C <-> P: 0.164681
rate C <-> S: 1.403463
rate C <-> T: 0.142568
rate C <-> W: 0.000000
rate C <-> Y: 0.836941
rate C <-> V: 0.425580
rate Q <-> E: 6.221999
rate Q <-> G: 0.247247
rate Q <-> H: 5.278596
rate Q <-> I: 0.158397
rate Q <-> L: 0.641666
rate Q <-> K: 1.333852
rate Q <-> M: 0.990019
rate Q <-> F: 0.000000
rate Q <-> P: 1.340095
rate Q <-> S: 0.493322
rate Q <-> T: 0.461557
rate Q <-> W: 0.000000
rate Q <-> Y: 0.000000
rate Q <-> V: 0.304674
rate E <-> G: 0.712908
rate E <-> H: 0.385883
rate E <-> I: 0.535204
rate E <-> L: 0.099116
rate E <-> K: 0.728864
rate E <-> M: 0.267637
rate E <-> F: 0.000000
rate E <-> P: 0.445182
rate E <-> S: 0.697184
rate E <-> T: 0.298680
rate E <-> W: 0.000000
rate E <-> Y: 0.188536
rate E <-> V: 0.322470
rate G <-> H: 0.093779
rate G <-> I: 0.000000
rate G <-> L: 0.062794
rate G <-> K: 0.235043
rate G <-> M: 0.149598
rate G <-> F: 0.134764
rate G <-> P: 0.304823
rate G <-> S: 2.039084
rate G <-> T: 0.269270
rate G <-> W: 0.000000
rate G <-> Y: 0.000000
rate G <-> V: 0.472545
rate H <-> I: 0.067594
rate H <-> L: 0.389426
rate H <-> K: 0.237495
rate H <-> M: 0.000000
rate H <-> F: 0.417896
rate H <-> P: 0.819859
rate H <-> S: 0.310522
rate H <-> T: 0.198735
rate H <-> W: 0.237573
rate H <-> Y: 1.111105
rate H <-> V: 0.385221
rate I <-> L: 2.244939
rate I <-> K: 0.404663
rate I <-> M: 2.926360
rate I <-> F: 1.713943
rate I <-> P: 0.104623
rate I <-> S: 0.217721
rate I <-> T: 1.668975
rate I <-> W: 0.000000
rate I <-> Y: 0.329129
rate I <-> V: 7.735799
rate L <-> K: 0.158604
rate L <-> M: 4.592389
rate L <-> F: 1.374315
rate L <-> P: 0.277696
rate L <-> S: 0.150529
rate L <-> T: 0.290719
rate L <-> W: 0.405470
rate L <-> Y: 0.251629
rate L <-> V: 1.532363
rate K <-> M: 2.117667
rate K <-> F: 0.000000
rate K <-> P: 0.294520
rate K <-> S: 0.838165
rate K <-> T: 1.185916
rate K <-> W: 0.000000
rate K <-> Y: 0.116029
rate K <-> V: 0.091187
rate M <-> F: 0.809454
rate M <-> P: 0.149451
rate M <-> S: 0.544358
rate M <-> T: 0.905755
rate M <-> W: 0.000000
rate M <-> Y: 0.000000
rate M <-> V: 2.253079
rate F <-> P: 0.097032
rate F <-> S: 0.403824
rate F <-> T: 0.119992
rate F <-> W: 0.669398
rate F <-> Y: 6.104871
rate F <-> V: 0.108534
rate P <-> S: 2.131245
rate P <-> T: 0.687401
rate P <-> W: 0.000000
rate P <-> Y: 0.000000
rate P <-> V: 0.425885
rate S <-> T: 4.773761
rate S <-> W: 0.650488
rate S <-> Y: 0.295284
rate S <-> V: 0.266788
rate T <-> W: 0.000000
rate T <-> Y: 0.366890
rate T <-> V: 1.371537
rate W <-> Y: 0.533926
rate W <-> V: 0.000000
rate Y <-> V: 0.245313

freq pi(A): 0.059153
freq pi(R): 0.066936
freq pi(N): 0.027086
freq pi(D): 0.046077
freq pi(C): 0.127024
freq pi(Q): 0.057908
freq pi(E): 0.052927
freq pi(G): 0.068493
freq pi(H): 0.039851
freq pi(I): 0.029577
freq pi(L): 0.051370
freq pi(K): 0.099626
freq pi(M): 0.023973
freq pi(F): 0.039851
freq pi(P): 0.034558
freq pi(S): 0.060399
freq pi(T): 0.038605
freq pi(W): 0.008095
freq pi(Y): 0.024595
freq pi(V): 0.043898


ML search took 47.660519 secs or 0.013239 hours

Combined Bootstrap and ML search took 93.784047 secs or 0.026051 hours

Drawing Bootstrap Support Values on best-scoring ML tree ...



Found 1 tree in File /in/RAxML_bestTree.EOG091G0DRZ.clustalo.aln.ALICUT.DCMUTF



Found 1 tree in File /in/RAxML_bestTree.EOG091G0DRZ.clustalo.aln.ALICUT.DCMUTF

Program execution info written to /in/RAxML_info.EOG091G0DRZ.clustalo.aln.ALICUT.DCMUTF
All 100 bootstrapped trees written to: /in/RAxML_bootstrap.EOG091G0DRZ.clustalo.aln.ALICUT.DCMUTF

Best-scoring ML tree written to: /in/RAxML_bestTree.EOG091G0DRZ.clustalo.aln.ALICUT.DCMUTF

Best-scoring ML tree with support values written to: /in/RAxML_bipartitions.EOG091G0DRZ.clustalo.aln.ALICUT.DCMUTF

Best-scoring ML tree with support values as branch labels written to: /in/RAxML_bipartitionsBranchLabels.EOG091G0DRZ.clustalo.aln.ALICUT.DCMUTF

Overall execution time for full ML analysis: 93.786297 secs or 0.026052 hours or 0.001085 days

