
RAxML can't, parse the alignment file as phylip file 
it will now try to parse it as FASTA file


This is the RAxML Master Pthread

This is RAxML Worker Pthread Number: 1


This is RAxML version 8.2.12 released by Alexandros Stamatakis on May 2018.

With greatly appreciated code contributions by:
Andre Aberer      (HITS)
Simon Berger      (HITS)
Alexey Kozlov     (HITS)
Kassian Kobert    (HITS)
David Dao         (KIT and HITS)
Sarah Lutteropp   (KIT and HITS)
Nick Pattengale   (Sandia)
Wayne Pfeiffer    (SDSC)
Akifumi S. Tanabe (NRIFS)
Charlie Taylor    (UF)


Alignment has 79 distinct alignment patterns

Proportion of gaps and completely undetermined characters in this alignment: 7.11%

RAxML rapid bootstrapping and subsequent ML search

Using 1 distinct models/data partitions with joint branch length optimization



Executing 100 rapid bootstrap inferences and thereafter a thorough ML search 

All free model parameters will be estimated by RAxML
GAMMA model of rate heterogeneity, ML estimate of alpha-parameter

GAMMA Model parameters will be estimated up to an accuracy of 0.1000000000 Log Likelihood units

Partition: 0
Alignment Patterns: 79
Name: No Name Provided
DataType: AA
Substitution Matrix: JTT
Using empirical base frequencies




RAxML was called as follows:

raxml -f a -T 2 -m PROTGAMMAJTTF -p 12345 -x 12345 -# 100 -s ALICUT_EOG091G0N0A.clustalo.aln.fasta -n EOG091G0N0A.clustalo.aln.ALICUT.JTTF 



Time for BS model parameter optimization 0.009595
Bootstrap[0]: Time 0.165165 seconds, bootstrap likelihood -915.920325, best rearrangement setting 13
Bootstrap[1]: Time 0.130316 seconds, bootstrap likelihood -862.066428, best rearrangement setting 13
Bootstrap[2]: Time 0.136968 seconds, bootstrap likelihood -788.707623, best rearrangement setting 12
Bootstrap[3]: Time 0.150285 seconds, bootstrap likelihood -846.490961, best rearrangement setting 15
Bootstrap[4]: Time 0.118309 seconds, bootstrap likelihood -799.399165, best rearrangement setting 10
Bootstrap[5]: Time 0.141417 seconds, bootstrap likelihood -822.511531, best rearrangement setting 10
Bootstrap[6]: Time 0.146562 seconds, bootstrap likelihood -885.360786, best rearrangement setting 6
Bootstrap[7]: Time 0.121447 seconds, bootstrap likelihood -896.523658, best rearrangement setting 14
Bootstrap[8]: Time 0.128343 seconds, bootstrap likelihood -877.392754, best rearrangement setting 5
Bootstrap[9]: Time 0.077345 seconds, bootstrap likelihood -920.903454, best rearrangement setting 7
Bootstrap[10]: Time 0.151796 seconds, bootstrap likelihood -962.835770, best rearrangement setting 7
Bootstrap[11]: Time 0.138308 seconds, bootstrap likelihood -928.291865, best rearrangement setting 5
Bootstrap[12]: Time 0.137638 seconds, bootstrap likelihood -966.829747, best rearrangement setting 8
Bootstrap[13]: Time 0.146782 seconds, bootstrap likelihood -809.012322, best rearrangement setting 7
Bootstrap[14]: Time 0.141358 seconds, bootstrap likelihood -839.919091, best rearrangement setting 12
Bootstrap[15]: Time 0.124582 seconds, bootstrap likelihood -805.386695, best rearrangement setting 15
Bootstrap[16]: Time 0.142797 seconds, bootstrap likelihood -888.852577, best rearrangement setting 12
Bootstrap[17]: Time 0.131853 seconds, bootstrap likelihood -884.758274, best rearrangement setting 12
Bootstrap[18]: Time 0.168579 seconds, bootstrap likelihood -993.060003, best rearrangement setting 5
Bootstrap[19]: Time 0.064768 seconds, bootstrap likelihood -850.749725, best rearrangement setting 8
Bootstrap[20]: Time 0.068041 seconds, bootstrap likelihood -897.026660, best rearrangement setting 10
Bootstrap[21]: Time 0.137430 seconds, bootstrap likelihood -841.883692, best rearrangement setting 6
Bootstrap[22]: Time 0.118814 seconds, bootstrap likelihood -802.766168, best rearrangement setting 5
Bootstrap[23]: Time 0.141648 seconds, bootstrap likelihood -811.005296, best rearrangement setting 7
Bootstrap[24]: Time 0.183253 seconds, bootstrap likelihood -957.912303, best rearrangement setting 8
Bootstrap[25]: Time 0.068438 seconds, bootstrap likelihood -860.621532, best rearrangement setting 6
Bootstrap[26]: Time 0.144384 seconds, bootstrap likelihood -993.115445, best rearrangement setting 12
Bootstrap[27]: Time 0.130193 seconds, bootstrap likelihood -795.005667, best rearrangement setting 10
Bootstrap[28]: Time 0.131681 seconds, bootstrap likelihood -826.065666, best rearrangement setting 11
Bootstrap[29]: Time 0.129984 seconds, bootstrap likelihood -794.627723, best rearrangement setting 12
Bootstrap[30]: Time 0.138907 seconds, bootstrap likelihood -912.363280, best rearrangement setting 15
Bootstrap[31]: Time 0.138557 seconds, bootstrap likelihood -908.650437, best rearrangement setting 15
Bootstrap[32]: Time 0.148029 seconds, bootstrap likelihood -916.446603, best rearrangement setting 6
Bootstrap[33]: Time 0.142037 seconds, bootstrap likelihood -750.000590, best rearrangement setting 15
Bootstrap[34]: Time 0.131213 seconds, bootstrap likelihood -867.565743, best rearrangement setting 11
Bootstrap[35]: Time 0.141284 seconds, bootstrap likelihood -866.791904, best rearrangement setting 8
Bootstrap[36]: Time 0.145885 seconds, bootstrap likelihood -879.854993, best rearrangement setting 9
Bootstrap[37]: Time 0.134384 seconds, bootstrap likelihood -926.980011, best rearrangement setting 11
Bootstrap[38]: Time 0.135831 seconds, bootstrap likelihood -872.415280, best rearrangement setting 8
Bootstrap[39]: Time 0.128120 seconds, bootstrap likelihood -688.828004, best rearrangement setting 13
Bootstrap[40]: Time 0.168250 seconds, bootstrap likelihood -965.510086, best rearrangement setting 13
Bootstrap[41]: Time 0.138115 seconds, bootstrap likelihood -906.962004, best rearrangement setting 10
Bootstrap[42]: Time 0.134762 seconds, bootstrap likelihood -980.475256, best rearrangement setting 5
Bootstrap[43]: Time 0.118389 seconds, bootstrap likelihood -786.002735, best rearrangement setting 14
Bootstrap[44]: Time 0.126452 seconds, bootstrap likelihood -1008.897105, best rearrangement setting 10
Bootstrap[45]: Time 0.123482 seconds, bootstrap likelihood -750.787842, best rearrangement setting 15
Bootstrap[46]: Time 0.149569 seconds, bootstrap likelihood -813.833994, best rearrangement setting 14
Bootstrap[47]: Time 0.130024 seconds, bootstrap likelihood -862.597654, best rearrangement setting 8
Bootstrap[48]: Time 0.136208 seconds, bootstrap likelihood -781.161660, best rearrangement setting 6
Bootstrap[49]: Time 0.141282 seconds, bootstrap likelihood -835.109524, best rearrangement setting 7
Bootstrap[50]: Time 0.136907 seconds, bootstrap likelihood -845.817503, best rearrangement setting 7
Bootstrap[51]: Time 0.126772 seconds, bootstrap likelihood -865.832113, best rearrangement setting 11
Bootstrap[52]: Time 0.063849 seconds, bootstrap likelihood -824.211094, best rearrangement setting 12
Bootstrap[53]: Time 0.155652 seconds, bootstrap likelihood -890.333455, best rearrangement setting 8
Bootstrap[54]: Time 0.066050 seconds, bootstrap likelihood -875.899018, best rearrangement setting 9
Bootstrap[55]: Time 0.138832 seconds, bootstrap likelihood -856.240218, best rearrangement setting 11
Bootstrap[56]: Time 0.134425 seconds, bootstrap likelihood -830.531191, best rearrangement setting 5
Bootstrap[57]: Time 0.074485 seconds, bootstrap likelihood -812.271539, best rearrangement setting 7
Bootstrap[58]: Time 0.054499 seconds, bootstrap likelihood -874.914540, best rearrangement setting 10
Bootstrap[59]: Time 0.138594 seconds, bootstrap likelihood -864.977199, best rearrangement setting 9
Bootstrap[60]: Time 0.069640 seconds, bootstrap likelihood -864.637603, best rearrangement setting 7
Bootstrap[61]: Time 0.153862 seconds, bootstrap likelihood -897.976770, best rearrangement setting 5
Bootstrap[62]: Time 0.124992 seconds, bootstrap likelihood -896.501570, best rearrangement setting 11
Bootstrap[63]: Time 0.148538 seconds, bootstrap likelihood -853.692004, best rearrangement setting 12
Bootstrap[64]: Time 0.118723 seconds, bootstrap likelihood -865.971653, best rearrangement setting 7
Bootstrap[65]: Time 0.135952 seconds, bootstrap likelihood -739.448077, best rearrangement setting 5
Bootstrap[66]: Time 0.136633 seconds, bootstrap likelihood -858.418936, best rearrangement setting 5
Bootstrap[67]: Time 0.076342 seconds, bootstrap likelihood -810.704736, best rearrangement setting 15
Bootstrap[68]: Time 0.129410 seconds, bootstrap likelihood -812.657578, best rearrangement setting 11
Bootstrap[69]: Time 0.117632 seconds, bootstrap likelihood -837.720213, best rearrangement setting 5
Bootstrap[70]: Time 0.140710 seconds, bootstrap likelihood -890.285635, best rearrangement setting 8
Bootstrap[71]: Time 0.150311 seconds, bootstrap likelihood -932.962098, best rearrangement setting 10
Bootstrap[72]: Time 0.068757 seconds, bootstrap likelihood -932.150469, best rearrangement setting 11
Bootstrap[73]: Time 0.122981 seconds, bootstrap likelihood -817.222354, best rearrangement setting 9
Bootstrap[74]: Time 0.073457 seconds, bootstrap likelihood -833.837684, best rearrangement setting 5
Bootstrap[75]: Time 0.162706 seconds, bootstrap likelihood -830.233011, best rearrangement setting 8
Bootstrap[76]: Time 0.127114 seconds, bootstrap likelihood -858.422850, best rearrangement setting 9
Bootstrap[77]: Time 0.072348 seconds, bootstrap likelihood -934.201349, best rearrangement setting 11
Bootstrap[78]: Time 0.144662 seconds, bootstrap likelihood -780.514709, best rearrangement setting 15
Bootstrap[79]: Time 0.125704 seconds, bootstrap likelihood -876.441971, best rearrangement setting 9
Bootstrap[80]: Time 0.129014 seconds, bootstrap likelihood -796.783358, best rearrangement setting 15
Bootstrap[81]: Time 0.170164 seconds, bootstrap likelihood -886.517342, best rearrangement setting 7
Bootstrap[82]: Time 0.125919 seconds, bootstrap likelihood -801.946847, best rearrangement setting 6
Bootstrap[83]: Time 0.143170 seconds, bootstrap likelihood -908.899596, best rearrangement setting 10
Bootstrap[84]: Time 0.142176 seconds, bootstrap likelihood -819.795772, best rearrangement setting 11
Bootstrap[85]: Time 0.134215 seconds, bootstrap likelihood -870.706343, best rearrangement setting 8
Bootstrap[86]: Time 0.153124 seconds, bootstrap likelihood -881.902286, best rearrangement setting 7
Bootstrap[87]: Time 0.131452 seconds, bootstrap likelihood -956.944231, best rearrangement setting 7
Bootstrap[88]: Time 0.146945 seconds, bootstrap likelihood -810.312674, best rearrangement setting 12
Bootstrap[89]: Time 0.134117 seconds, bootstrap likelihood -846.667564, best rearrangement setting 10
Bootstrap[90]: Time 0.157212 seconds, bootstrap likelihood -1001.680705, best rearrangement setting 8
Bootstrap[91]: Time 0.143424 seconds, bootstrap likelihood -860.616416, best rearrangement setting 12
Bootstrap[92]: Time 0.164604 seconds, bootstrap likelihood -881.134724, best rearrangement setting 13
Bootstrap[93]: Time 0.170139 seconds, bootstrap likelihood -822.279904, best rearrangement setting 15
Bootstrap[94]: Time 0.104464 seconds, bootstrap likelihood -798.060919, best rearrangement setting 5
Bootstrap[95]: Time 0.144493 seconds, bootstrap likelihood -949.183239, best rearrangement setting 5
Bootstrap[96]: Time 0.116182 seconds, bootstrap likelihood -812.356852, best rearrangement setting 13
Bootstrap[97]: Time 0.140515 seconds, bootstrap likelihood -808.731896, best rearrangement setting 11
Bootstrap[98]: Time 0.151763 seconds, bootstrap likelihood -889.740739, best rearrangement setting 6
Bootstrap[99]: Time 0.155859 seconds, bootstrap likelihood -794.491940, best rearrangement setting 14


Overall Time for 100 Rapid Bootstraps 13.033422 seconds
Average Time per Rapid Bootstrap 0.130334 seconds

Starting ML Search ...

Fast ML optimization finished

Fast ML search Time: 7.652994 seconds

Slow ML Search 0 Likelihood: -871.266007
Slow ML Search 1 Likelihood: -871.266007
Slow ML Search 2 Likelihood: -871.266007
Slow ML Search 3 Likelihood: -871.266007
Slow ML Search 4 Likelihood: -871.266007
Slow ML Search 5 Likelihood: -871.266007
Slow ML Search 6 Likelihood: -871.266007
Slow ML Search 7 Likelihood: -871.266007
Slow ML Search 8 Likelihood: -871.266007
Slow ML Search 9 Likelihood: -871.266007
Slow ML optimization finished

Slow ML search Time: 2.121139 seconds
Thorough ML search Time: 0.167438 seconds

Final ML Optimization Likelihood: -871.266007

Model Information:

Model Parameters of Partition 0, Name: No Name Provided, Type of Data: AA
alpha: 0.659569
Tree-Length: 1.583822
rate A <-> R: 0.603538
rate A <-> N: 0.561915
rate A <-> D: 0.842872
rate A <-> C: 0.582726
rate A <-> Q: 0.593132
rate A <-> E: 1.092612
rate A <-> G: 1.862643
rate A <-> H: 0.280957
rate A <-> I: 0.374610
rate A <-> L: 0.312175
rate A <-> K: 0.364204
rate A <-> M: 0.561915
rate A <-> F: 0.156087
rate A <-> P: 2.018730
rate A <-> S: 3.933403
rate A <-> T: 4.942768
rate A <-> W: 0.093652
rate A <-> Y: 0.114464
rate A <-> V: 3.100937
rate R <-> N: 0.468262
rate R <-> D: 0.166493
rate R <-> C: 1.175858
rate R <-> Q: 3.225806
rate R <-> E: 0.301769
rate R <-> G: 1.425598
rate R <-> H: 3.413111
rate R <-> I: 0.228928
rate R <-> L: 0.395421
rate R <-> K: 6.722164
rate R <-> M: 0.457856
rate R <-> F: 0.052029
rate R <-> P: 0.770031
rate R <-> S: 1.050989
rate R <-> T: 0.665973
rate R <-> W: 1.311134
rate R <-> Y: 0.208117
rate R <-> V: 0.176899
rate N <-> D: 5.494277
rate N <-> C: 0.353798
rate N <-> Q: 0.894901
rate N <-> E: 0.603538
rate N <-> G: 0.842872
rate N <-> H: 4.068678
rate N <-> I: 0.489074
rate N <-> L: 0.124870
rate N <-> K: 2.736733
rate N <-> M: 0.312175
rate N <-> F: 0.104058
rate N <-> P: 0.156087
rate N <-> S: 5.234131
rate N <-> T: 2.414152
rate N <-> W: 0.083247
rate N <-> Y: 0.728408
rate N <-> V: 0.166493
rate D <-> C: 0.104058
rate D <-> Q: 0.509886
rate D <-> E: 7.981270
rate D <-> G: 1.352758
rate D <-> H: 1.165453
rate D <-> I: 0.114464
rate D <-> L: 0.072841
rate D <-> K: 0.270552
rate D <-> M: 0.156087
rate D <-> F: 0.041623
rate D <-> P: 0.156087
rate D <-> S: 0.613944
rate D <-> T: 0.395421
rate D <-> W: 0.041623
rate D <-> Y: 0.478668
rate D <-> V: 0.322581
rate C <-> Q: 0.093652
rate C <-> E: 0.052029
rate C <-> G: 0.613944
rate C <-> H: 0.718002
rate C <-> I: 0.176899
rate C <-> L: 0.239334
rate C <-> K: 0.072841
rate C <-> M: 0.322581
rate C <-> F: 0.811655
rate C <-> P: 0.145682
rate C <-> S: 2.320499
rate C <-> T: 0.437045
rate C <-> W: 1.196670
rate C <-> Y: 2.174818
rate C <-> V: 0.645161
rate Q <-> E: 3.361082
rate Q <-> G: 0.270552
rate Q <-> H: 6.212279
rate Q <-> I: 0.093652
rate Q <-> L: 0.749220
rate Q <-> K: 3.038502
rate Q <-> M: 0.447451
rate Q <-> F: 0.041623
rate Q <-> P: 1.706556
rate Q <-> S: 0.551509
rate Q <-> T: 0.530697
rate Q <-> W: 0.187305
rate Q <-> Y: 0.249740
rate Q <-> V: 0.208117
rate E <-> G: 1.238293
rate E <-> H: 0.270552
rate E <-> I: 0.124870
rate E <-> L: 0.093652
rate E <-> K: 1.883455
rate E <-> M: 0.187305
rate E <-> F: 0.052029
rate E <-> P: 0.187305
rate E <-> S: 0.312175
rate E <-> T: 0.332986
rate E <-> W: 0.104058
rate E <-> Y: 0.072841
rate E <-> V: 0.468262
rate G <-> H: 0.239334
rate G <-> I: 0.062435
rate G <-> L: 0.062435
rate G <-> K: 0.280957
rate G <-> M: 0.145682
rate G <-> F: 0.052029
rate G <-> P: 0.249740
rate G <-> S: 2.091571
rate G <-> T: 0.343392
rate G <-> W: 0.572320
rate G <-> Y: 0.083247
rate G <-> V: 0.489074
rate H <-> I: 0.166493
rate H <-> L: 0.582726
rate H <-> K: 0.468262
rate H <-> M: 0.343392
rate H <-> F: 0.416233
rate H <-> P: 1.196670
rate H <-> S: 0.759625
rate H <-> T: 0.478668
rate H <-> W: 0.083247
rate H <-> Y: 5.962539
rate H <-> V: 0.114464
rate I <-> L: 2.382934
rate I <-> K: 0.218522
rate I <-> M: 4.984391
rate I <-> F: 0.926119
rate I <-> P: 0.104058
rate I <-> S: 0.416233
rate I <-> T: 2.549428
rate I <-> W: 0.093652
rate I <-> Y: 0.332986
rate I <-> V: 10.000000
rate L <-> K: 0.145682
rate L <-> M: 4.037461
rate L <-> F: 2.580645
rate L <-> P: 1.061394
rate L <-> S: 0.613944
rate L <-> T: 0.260146
rate L <-> W: 0.541103
rate L <-> Y: 0.249740
rate L <-> V: 1.873049
rate K <-> M: 0.676379
rate K <-> F: 0.041623
rate K <-> P: 0.218522
rate K <-> S: 0.489074
rate K <-> T: 1.071800
rate K <-> W: 0.104058
rate K <-> Y: 0.083247
rate K <-> V: 0.145682
rate M <-> F: 0.447451
rate M <-> P: 0.166493
rate M <-> S: 0.301769
rate M <-> T: 2.351717
rate M <-> W: 0.249740
rate M <-> Y: 0.187305
rate M <-> V: 3.361082
rate F <-> P: 0.176899
rate F <-> S: 0.957336
rate F <-> T: 0.124870
rate F <-> W: 0.551509
rate F <-> Y: 5.577523
rate F <-> V: 0.645161
rate P <-> S: 2.965661
rate P <-> T: 1.227888
rate P <-> W: 0.062435
rate P <-> Y: 0.104058
rate P <-> V: 0.239334
rate S <-> T: 4.963580
rate S <-> W: 0.364204
rate S <-> Y: 0.655567
rate S <-> V: 0.395421
rate T <-> W: 0.124870
rate T <-> Y: 0.218522
rate T <-> V: 1.165453
rate W <-> Y: 0.738814
rate W <-> V: 0.260146
rate Y <-> V: 0.166493

freq pi(A): 0.035885
freq pi(R): 0.039474
freq pi(N): 0.038278
freq pi(D): 0.058612
freq pi(C): 0.044258
freq pi(Q): 0.041866
freq pi(E): 0.074163
freq pi(G): 0.061005
freq pi(H): 0.063397
freq pi(I): 0.080144
freq pi(L): 0.072967
freq pi(K): 0.098086
freq pi(M): 0.019139
freq pi(F): 0.041866
freq pi(P): 0.089713
freq pi(S): 0.033493
freq pi(T): 0.027512
freq pi(W): 0.014354
freq pi(Y): 0.028708
freq pi(V): 0.037081


ML search took 9.963860 secs or 0.002768 hours

Combined Bootstrap and ML search took 22.997539 secs or 0.006388 hours

Drawing Bootstrap Support Values on best-scoring ML tree ...



Found 1 tree in File /in/RAxML_bestTree.EOG091G0N0A.clustalo.aln.ALICUT.JTTF



Found 1 tree in File /in/RAxML_bestTree.EOG091G0N0A.clustalo.aln.ALICUT.JTTF

Program execution info written to /in/RAxML_info.EOG091G0N0A.clustalo.aln.ALICUT.JTTF
All 100 bootstrapped trees written to: /in/RAxML_bootstrap.EOG091G0N0A.clustalo.aln.ALICUT.JTTF

Best-scoring ML tree written to: /in/RAxML_bestTree.EOG091G0N0A.clustalo.aln.ALICUT.JTTF

Best-scoring ML tree with support values written to: /in/RAxML_bipartitions.EOG091G0N0A.clustalo.aln.ALICUT.JTTF

Best-scoring ML tree with support values as branch labels written to: /in/RAxML_bipartitionsBranchLabels.EOG091G0N0A.clustalo.aln.ALICUT.JTTF

Overall execution time for full ML analysis: 22.999467 secs or 0.006389 hours or 0.000266 days

