
	reading taxa from FASTA ...


	O.viverrini          -> sites: 1353  
	H.microstoma         -> sites: 1353  
	T.solium             -> sites: 1353  
	R.norvegicus         -> sites: 1353  
	C.intestinalis       -> sites: 1353  
	D.melanogaster       -> sites: 1353  
	G.salaris            -> sites: 1353  
	D.rerio              -> sites: 1353  
	G.turnbulli          -> sites: 1353  
	H.robusta            -> sites: 1353  
	L.gigantea           -> sites: 1353  
	E.granulosus         -> sites: 1353  


	data type             : amino acid sequences

	input ...

	infile		: EOG091G05GZ.clustalo.aln.fasta
	random pairs	: 200000000000000000
	window size	: 6
	indels		: ambiguous
	tree file	: -
	node level	: -
	strict profile	: -
	outgroup	: -
	matrix          : BLOSUM62

	number of taxa        : 12
	random number of pairs: 200000000000000000

	generates threshhold value for amino acid data
	using BLOSUM62

	checks for (potential) identical taxa


	scores site patterns ...


	max number of different pairs is 66
	max random pairs are scored!

	pair: 1      ->	taxon1: O.viverrin	taxon2: H.microsto
	            	positions below base line: 978
	pair: 2      ->	taxon1: O.viverrin	taxon2: T.solium  
	            	positions below base line: 1152
	pair: 3      ->	taxon1: O.viverrin	taxon2: R.norvegic
	            	positions below base line: 953
	pair: 4      ->	taxon1: O.viverrin	taxon2: C.intestin
	            	positions below base line: 945
	pair: 5      ->	taxon1: O.viverrin	taxon2: D.melanoga
	            	positions below base line: 977
	pair: 6      ->	taxon1: O.viverrin	taxon2: G.salaris 
	            	positions below base line: 1188
	pair: 7      ->	taxon1: O.viverrin	taxon2: D.rerio   
	            	positions below base line: 946
	pair: 8      ->	taxon1: O.viverrin	taxon2: G.turnbull
	            	positions below base line: 1097
	pair: 9      ->	taxon1: O.viverrin	taxon2: H.robusta 
	            	positions below base line: 969
	pair: 10     ->	taxon1: O.viverrin	taxon2: L.gigantea
	            	positions below base line: 949
	pair: 11     ->	taxon1: O.viverrin	taxon2: E.granulos
	            	positions below base line: 904
	pair: 12     ->	taxon1: H.microsto	taxon2: T.solium  
	            	positions below base line: 1109
	pair: 13     ->	taxon1: H.microsto	taxon2: R.norvegic
	            	positions below base line: 1027
	pair: 14     ->	taxon1: H.microsto	taxon2: C.intestin
	            	positions below base line: 1024
	pair: 15     ->	taxon1: H.microsto	taxon2: D.melanoga
	            	positions below base line: 1074
	pair: 16     ->	taxon1: H.microsto	taxon2: G.salaris 
	            	positions below base line: 1232
	pair: 17     ->	taxon1: H.microsto	taxon2: D.rerio   
	            	positions below base line: 1013
	pair: 18     ->	taxon1: H.microsto	taxon2: G.turnbull
	            	positions below base line: 1141
	pair: 19     ->	taxon1: H.microsto	taxon2: H.robusta 
	            	positions below base line: 1042
	pair: 20     ->	taxon1: H.microsto	taxon2: L.gigantea
	            	positions below base line: 1002
	pair: 21     ->	taxon1: H.microsto	taxon2: E.granulos
	            	positions below base line: 887
	pair: 22     ->	taxon1: T.solium  	taxon2: R.norvegic
	            	positions below base line: 1182
	pair: 23     ->	taxon1: T.solium  	taxon2: C.intestin
	            	positions below base line: 1188
	pair: 24     ->	taxon1: T.solium  	taxon2: D.melanoga
	            	positions below base line: 1209
	pair: 25     ->	taxon1: T.solium  	taxon2: G.salaris 
	            	positions below base line: 1295
	pair: 26     ->	taxon1: T.solium  	taxon2: D.rerio   
	            	positions below base line: 1168
	pair: 27     ->	taxon1: T.solium  	taxon2: G.turnbull
	            	positions below base line: 1263
	pair: 28     ->	taxon1: T.solium  	taxon2: H.robusta 
	            	positions below base line: 1168
	pair: 29     ->	taxon1: T.solium  	taxon2: L.gigantea
	            	positions below base line: 1172
	pair: 30     ->	taxon1: T.solium  	taxon2: E.granulos
	            	positions below base line: 698
	pair: 31     ->	taxon1: R.norvegic	taxon2: C.intestin
	            	positions below base line: 800
	pair: 32     ->	taxon1: R.norvegic	taxon2: D.melanoga
	            	positions below base line: 894
	pair: 33     ->	taxon1: R.norvegic	taxon2: G.salaris 
	            	positions below base line: 1196
	pair: 34     ->	taxon1: R.norvegic	taxon2: D.rerio   
	            	positions below base line: 616
	pair: 35     ->	taxon1: R.norvegic	taxon2: G.turnbull
	            	positions below base line: 1106
	pair: 36     ->	taxon1: R.norvegic	taxon2: H.robusta 
	            	positions below base line: 795
	pair: 37     ->	taxon1: R.norvegic	taxon2: L.gigantea
	            	positions below base line: 729
	pair: 38     ->	taxon1: R.norvegic	taxon2: E.granulos
	            	positions below base line: 1012
	pair: 39     ->	taxon1: C.intestin	taxon2: D.melanoga
	            	positions below base line: 905
	pair: 40     ->	taxon1: C.intestin	taxon2: G.salaris 
	            	positions below base line: 1181
	pair: 41     ->	taxon1: C.intestin	taxon2: D.rerio   
	            	positions below base line: 786
	pair: 42     ->	taxon1: C.intestin	taxon2: G.turnbull
	            	positions below base line: 1116
	pair: 43     ->	taxon1: C.intestin	taxon2: H.robusta 
	            	positions below base line: 861
	pair: 44     ->	taxon1: C.intestin	taxon2: L.gigantea
	            	positions below base line: 762
	pair: 45     ->	taxon1: C.intestin	taxon2: E.granulos
	            	positions below base line: 1036
	pair: 46     ->	taxon1: D.melanoga	taxon2: G.salaris 
	            	positions below base line: 1185
	pair: 47     ->	taxon1: D.melanoga	taxon2: D.rerio   
	            	positions below base line: 874
	pair: 48     ->	taxon1: D.melanoga	taxon2: G.turnbull
	            	positions below base line: 1144
	pair: 49     ->	taxon1: D.melanoga	taxon2: H.robusta 
	            	positions below base line: 912
	pair: 50     ->	taxon1: D.melanoga	taxon2: L.gigantea
	            	positions below base line: 908
	pair: 51     ->	taxon1: D.melanoga	taxon2: E.granulos
	            	positions below base line: 1091
	pair: 52     ->	taxon1: G.salaris 	taxon2: D.rerio   
	            	positions below base line: 1187
	pair: 53     ->	taxon1: G.salaris 	taxon2: G.turnbull
	            	positions below base line: 1115
	pair: 54     ->	taxon1: G.salaris 	taxon2: H.robusta 
	            	positions below base line: 1167
	pair: 55     ->	taxon1: G.salaris 	taxon2: L.gigantea
	            	positions below base line: 1169
	pair: 56     ->	taxon1: G.salaris 	taxon2: E.granulos
	            	positions below base line: 1242
	pair: 57     ->	taxon1: D.rerio   	taxon2: G.turnbull
	            	positions below base line: 1118
	pair: 58     ->	taxon1: D.rerio   	taxon2: H.robusta 
	            	positions below base line: 787
	pair: 59     ->	taxon1: D.rerio   	taxon2: L.gigantea
	            	positions below base line: 728
	pair: 60     ->	taxon1: D.rerio   	taxon2: E.granulos
	            	positions below base line: 1016
	pair: 61     ->	taxon1: G.turnbull	taxon2: H.robusta 
	            	positions below base line: 1111
	pair: 62     ->	taxon1: G.turnbull	taxon2: L.gigantea
	            	positions below base line: 1059
	pair: 63     ->	taxon1: G.turnbull	taxon2: E.granulos
	            	positions below base line: 1086
	pair: 64     ->	taxon1: H.robusta 	taxon2: L.gigantea
	            	positions below base line: 753
	pair: 65     ->	taxon1: H.robusta 	taxon2: E.granulos
	            	positions below base line: 1062
	pair: 66     ->	taxon1: L.gigantea	taxon2: E.granulos
	            	positions below base line: 1006

	generates quality profile from collected scores ...


	scoring done ...


	generates vector plot from collected scores ...


Argument "-" treated as 0 in increment (++) at /usr/bin/Aliscore.pl line 1213.
	Profile written to EOG091G05GZ.clustalo.aln.fasta_Profile_random.txt
	List   written to EOG091G05GZ.clustalo.aln.fasta_List_random.txt

	time used: 4.06 sec

