
	reading taxa from FASTA ...


	S.mediterranea       -> sites: 794   
	M.lignano            -> sites: 794   
	T.solium             -> sites: 794   
	R.norvegicus         -> sites: 794   
	D.rerio              -> sites: 794   
	L.gigantea           -> sites: 794   
	G.salaris            -> sites: 794   
	C.intestinalis       -> sites: 794   
	H.robusta            -> sites: 794   
	D.melanogaster       -> sites: 794   
	G.turnbulli          -> sites: 794   
	O.viverrini          -> sites: 794   


	data type             : amino acid sequences

	input ...

	infile		: EOG091G0AKM.clustalo.aln.fasta
	random pairs	: 200000000000000000
	window size	: 6
	indels		: ambiguous
	tree file	: -
	node level	: -
	strict profile	: -
	outgroup	: -
	matrix          : BLOSUM62

	number of taxa        : 12
	random number of pairs: 200000000000000000

	generates threshhold value for amino acid data
	using BLOSUM62

	checks for (potential) identical taxa


	scores site patterns ...


	max number of different pairs is 66
	max random pairs are scored!

	pair: 1      ->	taxon1: S.mediterr	taxon2: M.lignano 
	            	positions below base line: 624
	pair: 2      ->	taxon1: S.mediterr	taxon2: T.solium  
	            	positions below base line: 639
	pair: 3      ->	taxon1: S.mediterr	taxon2: R.norvegic
	            	positions below base line: 601
	pair: 4      ->	taxon1: S.mediterr	taxon2: D.rerio   
	            	positions below base line: 587
	pair: 5      ->	taxon1: S.mediterr	taxon2: L.gigantea
	            	positions below base line: 609
	pair: 6      ->	taxon1: S.mediterr	taxon2: G.salaris 
	            	positions below base line: 710
	pair: 7      ->	taxon1: S.mediterr	taxon2: C.intestin
	            	positions below base line: 605
	pair: 8      ->	taxon1: S.mediterr	taxon2: H.robusta 
	            	positions below base line: 609
	pair: 9      ->	taxon1: S.mediterr	taxon2: D.melanoga
	            	positions below base line: 621
	pair: 10     ->	taxon1: S.mediterr	taxon2: G.turnbull
	            	positions below base line: 597
	pair: 11     ->	taxon1: S.mediterr	taxon2: O.viverrin
	            	positions below base line: 593
	pair: 12     ->	taxon1: M.lignano 	taxon2: T.solium  
	            	positions below base line: 621
	pair: 13     ->	taxon1: M.lignano 	taxon2: R.norvegic
	            	positions below base line: 473
	pair: 14     ->	taxon1: M.lignano 	taxon2: D.rerio   
	            	positions below base line: 462
	pair: 15     ->	taxon1: M.lignano 	taxon2: L.gigantea
	            	positions below base line: 488
	pair: 16     ->	taxon1: M.lignano 	taxon2: G.salaris 
	            	positions below base line: 589
	pair: 17     ->	taxon1: M.lignano 	taxon2: C.intestin
	            	positions below base line: 454
	pair: 18     ->	taxon1: M.lignano 	taxon2: H.robusta 
	            	positions below base line: 520
	pair: 19     ->	taxon1: M.lignano 	taxon2: D.melanoga
	            	positions below base line: 500
	pair: 20     ->	taxon1: M.lignano 	taxon2: G.turnbull
	            	positions below base line: 544
	pair: 21     ->	taxon1: M.lignano 	taxon2: O.viverrin
	            	positions below base line: 549
	pair: 22     ->	taxon1: T.solium  	taxon2: R.norvegic
	            	positions below base line: 587
	pair: 23     ->	taxon1: T.solium  	taxon2: D.rerio   
	            	positions below base line: 608
	pair: 24     ->	taxon1: T.solium  	taxon2: L.gigantea
	            	positions below base line: 617
	pair: 25     ->	taxon1: T.solium  	taxon2: G.salaris 
	            	positions below base line: 692
	pair: 26     ->	taxon1: T.solium  	taxon2: C.intestin
	            	positions below base line: 602
	pair: 27     ->	taxon1: T.solium  	taxon2: H.robusta 
	            	positions below base line: 603
	pair: 28     ->	taxon1: T.solium  	taxon2: D.melanoga
	            	positions below base line: 620
	pair: 29     ->	taxon1: T.solium  	taxon2: G.turnbull
	            	positions below base line: 609
	pair: 30     ->	taxon1: T.solium  	taxon2: O.viverrin
	            	positions below base line: 581
	pair: 31     ->	taxon1: R.norvegic	taxon2: D.rerio   
	            	positions below base line: 379
	pair: 32     ->	taxon1: R.norvegic	taxon2: L.gigantea
	            	positions below base line: 443
	pair: 33     ->	taxon1: R.norvegic	taxon2: G.salaris 
	            	positions below base line: 606
	pair: 34     ->	taxon1: R.norvegic	taxon2: C.intestin
	            	positions below base line: 464
	pair: 35     ->	taxon1: R.norvegic	taxon2: H.robusta 
	            	positions below base line: 493
	pair: 36     ->	taxon1: R.norvegic	taxon2: D.melanoga
	            	positions below base line: 499
	pair: 37     ->	taxon1: R.norvegic	taxon2: G.turnbull
	            	positions below base line: 537
	pair: 38     ->	taxon1: R.norvegic	taxon2: O.viverrin
	            	positions below base line: 523
	pair: 39     ->	taxon1: D.rerio   	taxon2: L.gigantea
	            	positions below base line: 450
	pair: 40     ->	taxon1: D.rerio   	taxon2: G.salaris 
	            	positions below base line: 600
	pair: 41     ->	taxon1: D.rerio   	taxon2: C.intestin
	            	positions below base line: 453
	pair: 42     ->	taxon1: D.rerio   	taxon2: H.robusta 
	            	positions below base line: 490
	pair: 43     ->	taxon1: D.rerio   	taxon2: D.melanoga
	            	positions below base line: 508
	pair: 44     ->	taxon1: D.rerio   	taxon2: G.turnbull
	            	positions below base line: 540
	pair: 45     ->	taxon1: D.rerio   	taxon2: O.viverrin
	            	positions below base line: 516
	pair: 46     ->	taxon1: L.gigantea	taxon2: G.salaris 
	            	positions below base line: 595
	pair: 47     ->	taxon1: L.gigantea	taxon2: C.intestin
	            	positions below base line: 458
	pair: 48     ->	taxon1: L.gigantea	taxon2: H.robusta 
	            	positions below base line: 465
	pair: 49     ->	taxon1: L.gigantea	taxon2: D.melanoga
	            	positions below base line: 515
	pair: 50     ->	taxon1: L.gigantea	taxon2: G.turnbull
	            	positions below base line: 520
	pair: 51     ->	taxon1: L.gigantea	taxon2: O.viverrin
	            	positions below base line: 541
	pair: 52     ->	taxon1: G.salaris 	taxon2: C.intestin
	            	positions below base line: 589
	pair: 53     ->	taxon1: G.salaris 	taxon2: H.robusta 
	            	positions below base line: 619
	pair: 54     ->	taxon1: G.salaris 	taxon2: D.melanoga
	            	positions below base line: 644
	pair: 55     ->	taxon1: G.salaris 	taxon2: G.turnbull
	            	positions below base line: 604
	pair: 56     ->	taxon1: G.salaris 	taxon2: O.viverrin
	            	positions below base line: 637
	pair: 57     ->	taxon1: C.intestin	taxon2: H.robusta 
	            	positions below base line: 487
	pair: 58     ->	taxon1: C.intestin	taxon2: D.melanoga
	            	positions below base line: 501
	pair: 59     ->	taxon1: C.intestin	taxon2: G.turnbull
	            	positions below base line: 536
	pair: 60     ->	taxon1: C.intestin	taxon2: O.viverrin
	            	positions below base line: 526
	pair: 61     ->	taxon1: H.robusta 	taxon2: D.melanoga
	            	positions below base line: 521
	pair: 62     ->	taxon1: H.robusta 	taxon2: G.turnbull
	            	positions below base line: 557
	pair: 63     ->	taxon1: H.robusta 	taxon2: O.viverrin
	            	positions below base line: 541
	pair: 64     ->	taxon1: D.melanoga	taxon2: G.turnbull
	            	positions below base line: 554
	pair: 65     ->	taxon1: D.melanoga	taxon2: O.viverrin
	            	positions below base line: 564
	pair: 66     ->	taxon1: G.turnbull	taxon2: O.viverrin
	            	positions below base line: 550

	generates quality profile from collected scores ...


	scoring done ...


	generates vector plot from collected scores ...


Argument "-" treated as 0 in increment (++) at /usr/bin/Aliscore.pl line 1213.
	Profile written to EOG091G0AKM.clustalo.aln.fasta_Profile_random.txt
	List   written to EOG091G0AKM.clustalo.aln.fasta_List_random.txt

	time used: 3.81 sec

