
RAxML can't, parse the alignment file as phylip file 
it will now try to parse it as FASTA file


This is the RAxML Master Pthread

This is RAxML Worker Pthread Number: 1

This is RAxML Worker Pthread Number: 2

This is RAxML Worker Pthread Number: 3

This is RAxML Worker Pthread Number: 4

This is RAxML Worker Pthread Number: 5


This is RAxML version 8.2.12 released by Alexandros Stamatakis on May 2018.

With greatly appreciated code contributions by:
Andre Aberer      (HITS)
Simon Berger      (HITS)
Alexey Kozlov     (HITS)
Kassian Kobert    (HITS)
David Dao         (KIT and HITS)
Sarah Lutteropp   (KIT and HITS)
Nick Pattengale   (Sandia)
Wayne Pfeiffer    (SDSC)
Akifumi S. Tanabe (NRIFS)
Charlie Taylor    (UF)


Alignment has 227 distinct alignment patterns

Proportion of gaps and completely undetermined characters in this alignment: 8.11%

RAxML rapid bootstrapping and subsequent ML search

Using 1 distinct models/data partitions with joint branch length optimization



Executing 100 rapid bootstrap inferences and thereafter a thorough ML search 

All free model parameters will be estimated by RAxML
GAMMA model of rate heterogeneity, ML estimate of alpha-parameter

GAMMA Model parameters will be estimated up to an accuracy of 0.1000000000 Log Likelihood units

Partition: 0
Alignment Patterns: 227
Name: No Name Provided
DataType: AA
Substitution Matrix: LG
Using empirical base frequencies




RAxML was called as follows:

raxml -f a -T 6 -m PROTGAMMALGF -p 12345 -x 12345 -# 100 -s ALICUT_EOG091G0AKM.clustalo.aln.fasta -n EOG091G0AKM.clustalo.aln.ALICUT.LGF 



Time for BS model parameter optimization 0.024067
Bootstrap[0]: Time 0.474412 seconds, bootstrap likelihood -4071.202696, best rearrangement setting 13
Bootstrap[1]: Time 0.405922 seconds, bootstrap likelihood -3973.990451, best rearrangement setting 13
Bootstrap[2]: Time 0.433864 seconds, bootstrap likelihood -4130.429312, best rearrangement setting 12
Bootstrap[3]: Time 0.470560 seconds, bootstrap likelihood -4045.200099, best rearrangement setting 15
Bootstrap[4]: Time 0.455011 seconds, bootstrap likelihood -4137.647382, best rearrangement setting 10
Bootstrap[5]: Time 0.387999 seconds, bootstrap likelihood -3844.646846, best rearrangement setting 10
Bootstrap[6]: Time 0.404319 seconds, bootstrap likelihood -3775.350977, best rearrangement setting 6
Bootstrap[7]: Time 0.398946 seconds, bootstrap likelihood -3787.281223, best rearrangement setting 14
Bootstrap[8]: Time 0.386755 seconds, bootstrap likelihood -3910.574506, best rearrangement setting 5
Bootstrap[9]: Time 0.432963 seconds, bootstrap likelihood -3903.042358, best rearrangement setting 7
Bootstrap[10]: Time 0.416130 seconds, bootstrap likelihood -3812.052304, best rearrangement setting 7
Bootstrap[11]: Time 0.389429 seconds, bootstrap likelihood -3949.888108, best rearrangement setting 5
Bootstrap[12]: Time 0.371506 seconds, bootstrap likelihood -3922.919928, best rearrangement setting 8
Bootstrap[13]: Time 0.428265 seconds, bootstrap likelihood -3809.002755, best rearrangement setting 7
Bootstrap[14]: Time 0.373936 seconds, bootstrap likelihood -3914.427533, best rearrangement setting 12
Bootstrap[15]: Time 0.416635 seconds, bootstrap likelihood -3837.400686, best rearrangement setting 15
Bootstrap[16]: Time 0.441222 seconds, bootstrap likelihood -3982.137322, best rearrangement setting 12
Bootstrap[17]: Time 0.428196 seconds, bootstrap likelihood -3837.452050, best rearrangement setting 12
Bootstrap[18]: Time 0.417680 seconds, bootstrap likelihood -4006.676095, best rearrangement setting 5
Bootstrap[19]: Time 0.435844 seconds, bootstrap likelihood -4094.390366, best rearrangement setting 8
Bootstrap[20]: Time 0.342219 seconds, bootstrap likelihood -3940.651231, best rearrangement setting 10
Bootstrap[21]: Time 0.448595 seconds, bootstrap likelihood -4225.187529, best rearrangement setting 6
Bootstrap[22]: Time 0.392381 seconds, bootstrap likelihood -3975.770607, best rearrangement setting 5
Bootstrap[23]: Time 0.446922 seconds, bootstrap likelihood -3945.300252, best rearrangement setting 7
Bootstrap[24]: Time 0.414916 seconds, bootstrap likelihood -3874.228015, best rearrangement setting 8
Bootstrap[25]: Time 0.392871 seconds, bootstrap likelihood -3879.959790, best rearrangement setting 6
Bootstrap[26]: Time 0.481374 seconds, bootstrap likelihood -4079.768248, best rearrangement setting 12
Bootstrap[27]: Time 0.447216 seconds, bootstrap likelihood -4200.748324, best rearrangement setting 10
Bootstrap[28]: Time 0.392242 seconds, bootstrap likelihood -3839.796014, best rearrangement setting 11
Bootstrap[29]: Time 0.447640 seconds, bootstrap likelihood -3989.306696, best rearrangement setting 12
Bootstrap[30]: Time 0.455566 seconds, bootstrap likelihood -4015.822870, best rearrangement setting 15
Bootstrap[31]: Time 0.446034 seconds, bootstrap likelihood -3916.371591, best rearrangement setting 15
Bootstrap[32]: Time 0.406181 seconds, bootstrap likelihood -3881.282747, best rearrangement setting 6
Bootstrap[33]: Time 0.381383 seconds, bootstrap likelihood -3943.250463, best rearrangement setting 15
Bootstrap[34]: Time 0.407124 seconds, bootstrap likelihood -4189.659972, best rearrangement setting 11
Bootstrap[35]: Time 0.402113 seconds, bootstrap likelihood -3907.113703, best rearrangement setting 8
Bootstrap[36]: Time 0.416877 seconds, bootstrap likelihood -3823.245495, best rearrangement setting 9
Bootstrap[37]: Time 0.404081 seconds, bootstrap likelihood -4059.802587, best rearrangement setting 11
Bootstrap[38]: Time 0.450149 seconds, bootstrap likelihood -3894.450367, best rearrangement setting 8
Bootstrap[39]: Time 0.437050 seconds, bootstrap likelihood -3922.696612, best rearrangement setting 13
Bootstrap[40]: Time 0.417061 seconds, bootstrap likelihood -3933.831988, best rearrangement setting 13
Bootstrap[41]: Time 0.434627 seconds, bootstrap likelihood -4136.452044, best rearrangement setting 10
Bootstrap[42]: Time 0.187425 seconds, bootstrap likelihood -3903.249937, best rearrangement setting 5
Bootstrap[43]: Time 0.365183 seconds, bootstrap likelihood -3910.275593, best rearrangement setting 14
Bootstrap[44]: Time 0.397470 seconds, bootstrap likelihood -3786.141940, best rearrangement setting 10
Bootstrap[45]: Time 0.396760 seconds, bootstrap likelihood -3901.890331, best rearrangement setting 15
Bootstrap[46]: Time 0.434630 seconds, bootstrap likelihood -3796.138623, best rearrangement setting 14
Bootstrap[47]: Time 0.455558 seconds, bootstrap likelihood -4187.189645, best rearrangement setting 8
Bootstrap[48]: Time 0.458175 seconds, bootstrap likelihood -4066.157461, best rearrangement setting 6
Bootstrap[49]: Time 0.390538 seconds, bootstrap likelihood -3931.981576, best rearrangement setting 7
Bootstrap[50]: Time 0.459469 seconds, bootstrap likelihood -3852.183338, best rearrangement setting 7
Bootstrap[51]: Time 0.427875 seconds, bootstrap likelihood -3999.996834, best rearrangement setting 11
Bootstrap[52]: Time 0.490283 seconds, bootstrap likelihood -4206.503316, best rearrangement setting 12
Bootstrap[53]: Time 0.423078 seconds, bootstrap likelihood -3851.894415, best rearrangement setting 8
Bootstrap[54]: Time 0.417647 seconds, bootstrap likelihood -3826.935301, best rearrangement setting 9
Bootstrap[55]: Time 0.446197 seconds, bootstrap likelihood -3897.055551, best rearrangement setting 11
Bootstrap[56]: Time 0.415990 seconds, bootstrap likelihood -3808.791138, best rearrangement setting 5
Bootstrap[57]: Time 0.417348 seconds, bootstrap likelihood -3928.486635, best rearrangement setting 7
Bootstrap[58]: Time 0.400200 seconds, bootstrap likelihood -3865.338743, best rearrangement setting 10
Bootstrap[59]: Time 0.487572 seconds, bootstrap likelihood -3892.459199, best rearrangement setting 9
Bootstrap[60]: Time 0.480856 seconds, bootstrap likelihood -4171.394190, best rearrangement setting 7
Bootstrap[61]: Time 0.423697 seconds, bootstrap likelihood -4074.888746, best rearrangement setting 5
Bootstrap[62]: Time 0.441181 seconds, bootstrap likelihood -3813.392373, best rearrangement setting 11
Bootstrap[63]: Time 0.425797 seconds, bootstrap likelihood -3981.040411, best rearrangement setting 12
Bootstrap[64]: Time 0.422695 seconds, bootstrap likelihood -4011.125444, best rearrangement setting 7
Bootstrap[65]: Time 0.435765 seconds, bootstrap likelihood -4174.083622, best rearrangement setting 5
Bootstrap[66]: Time 0.437542 seconds, bootstrap likelihood -4315.402806, best rearrangement setting 5
Bootstrap[67]: Time 0.407062 seconds, bootstrap likelihood -4056.185035, best rearrangement setting 15
Bootstrap[68]: Time 0.409275 seconds, bootstrap likelihood -4243.625001, best rearrangement setting 11
Bootstrap[69]: Time 0.433930 seconds, bootstrap likelihood -3850.851892, best rearrangement setting 5
Bootstrap[70]: Time 0.467099 seconds, bootstrap likelihood -3841.327996, best rearrangement setting 8
Bootstrap[71]: Time 0.404541 seconds, bootstrap likelihood -3915.203819, best rearrangement setting 10
Bootstrap[72]: Time 0.428004 seconds, bootstrap likelihood -3931.029097, best rearrangement setting 11
Bootstrap[73]: Time 0.450287 seconds, bootstrap likelihood -4030.820657, best rearrangement setting 9
Bootstrap[74]: Time 0.485289 seconds, bootstrap likelihood -3935.323517, best rearrangement setting 5
Bootstrap[75]: Time 0.409964 seconds, bootstrap likelihood -3959.207438, best rearrangement setting 8
Bootstrap[76]: Time 0.412609 seconds, bootstrap likelihood -4087.544187, best rearrangement setting 9
Bootstrap[77]: Time 0.391684 seconds, bootstrap likelihood -3737.414317, best rearrangement setting 11
Bootstrap[78]: Time 0.376903 seconds, bootstrap likelihood -3786.346814, best rearrangement setting 15
Bootstrap[79]: Time 0.425749 seconds, bootstrap likelihood -3719.933907, best rearrangement setting 9
Bootstrap[80]: Time 0.429727 seconds, bootstrap likelihood -3783.505926, best rearrangement setting 15
Bootstrap[81]: Time 0.403744 seconds, bootstrap likelihood -3796.964504, best rearrangement setting 7
Bootstrap[82]: Time 0.447682 seconds, bootstrap likelihood -4033.767860, best rearrangement setting 6
Bootstrap[83]: Time 0.473969 seconds, bootstrap likelihood -4002.506274, best rearrangement setting 10
Bootstrap[84]: Time 0.458107 seconds, bootstrap likelihood -3749.524510, best rearrangement setting 11
Bootstrap[85]: Time 0.452070 seconds, bootstrap likelihood -4164.195217, best rearrangement setting 8
Bootstrap[86]: Time 0.376666 seconds, bootstrap likelihood -3873.810266, best rearrangement setting 7
Bootstrap[87]: Time 0.402698 seconds, bootstrap likelihood -3872.349465, best rearrangement setting 7
Bootstrap[88]: Time 0.434204 seconds, bootstrap likelihood -3748.130803, best rearrangement setting 12
Bootstrap[89]: Time 0.409016 seconds, bootstrap likelihood -4059.072820, best rearrangement setting 10
Bootstrap[90]: Time 0.455350 seconds, bootstrap likelihood -4105.295184, best rearrangement setting 8
Bootstrap[91]: Time 0.425677 seconds, bootstrap likelihood -3973.004296, best rearrangement setting 12
Bootstrap[92]: Time 0.444844 seconds, bootstrap likelihood -4129.968152, best rearrangement setting 13
Bootstrap[93]: Time 0.455484 seconds, bootstrap likelihood -3767.666610, best rearrangement setting 15
Bootstrap[94]: Time 0.431992 seconds, bootstrap likelihood -3888.747856, best rearrangement setting 5
Bootstrap[95]: Time 0.403742 seconds, bootstrap likelihood -3887.214820, best rearrangement setting 5
Bootstrap[96]: Time 0.410789 seconds, bootstrap likelihood -4043.698085, best rearrangement setting 13
Bootstrap[97]: Time 0.400869 seconds, bootstrap likelihood -3341.916465, best rearrangement setting 11
Bootstrap[98]: Time 0.438553 seconds, bootstrap likelihood -3874.351117, best rearrangement setting 6
Bootstrap[99]: Time 0.418233 seconds, bootstrap likelihood -3887.565822, best rearrangement setting 14


Overall Time for 100 Rapid Bootstraps 42.274131 seconds
Average Time per Rapid Bootstrap 0.422741 seconds

Starting ML Search ...

Fast ML optimization finished

Fast ML search Time: 39.233069 seconds

Slow ML Search 0 Likelihood: -3949.571297
Slow ML Search 1 Likelihood: -3949.571297
Slow ML Search 2 Likelihood: -3949.571297
Slow ML Search 3 Likelihood: -3949.571297
Slow ML Search 4 Likelihood: -3949.571297
Slow ML Search 5 Likelihood: -3949.571297
Slow ML Search 6 Likelihood: -3949.571297
Slow ML Search 7 Likelihood: -3949.571297
Slow ML Search 8 Likelihood: -3949.571297
Slow ML Search 9 Likelihood: -3949.571297
Slow ML optimization finished

Slow ML search Time: 7.743183 seconds
Thorough ML search Time: 0.680588 seconds

Final ML Optimization Likelihood: -3949.571297

Model Information:

Model Parameters of Partition 0, Name: No Name Provided, Type of Data: AA
alpha: 0.713905
Tree-Length: 5.458826
rate A <-> R: 0.399182
rate A <-> N: 0.259945
rate A <-> D: 0.371058
rate A <-> C: 2.337364
rate A <-> Q: 0.910775
rate A <-> E: 0.975241
rate A <-> G: 1.940106
rate A <-> H: 0.336984
rate A <-> I: 0.140697
rate A <-> L: 0.371240
rate A <-> K: 0.503815
rate A <-> M: 1.055520
rate A <-> F: 0.238237
rate A <-> P: 1.105868
rate A <-> S: 4.439041
rate A <-> T: 2.009090
rate A <-> W: 0.169702
rate A <-> Y: 0.205613
rate A <-> V: 2.392567
rate R <-> N: 0.706048
rate R <-> D: 0.116398
rate R <-> C: 0.501968
rate R <-> Q: 2.636754
rate R <-> E: 0.341785
rate R <-> G: 0.366408
rate R <-> H: 2.278690
rate R <-> I: 0.119250
rate R <-> L: 0.283449
rate R <-> K: 5.940467
rate R <-> M: 0.454623
rate R <-> F: 0.049508
rate R <-> P: 0.312264
rate R <-> S: 0.805843
rate R <-> T: 0.543695
rate R <-> W: 0.557424
rate R <-> Y: 0.295274
rate R <-> V: 0.160471
rate N <-> D: 4.766737
rate N <-> C: 0.496537
rate N <-> Q: 1.592389
rate N <-> E: 0.508692
rate N <-> G: 1.350015
rate N <-> H: 4.234381
rate N <-> I: 0.179830
rate N <-> L: 0.064256
rate N <-> K: 2.014327
rate N <-> M: 0.348390
rate N <-> F: 0.084068
rate N <-> P: 0.151925
rate N <-> S: 3.764032
rate N <-> T: 1.878729
rate N <-> W: 0.042610
rate N <-> Y: 0.574720
rate N <-> V: 0.078587
rate D <-> C: 0.058743
rate D <-> Q: 0.491483
rate D <-> E: 4.924234
rate D <-> G: 0.793424
rate D <-> H: 0.870603
rate D <-> I: 0.010038
rate D <-> L: 0.014157
rate D <-> K: 0.265711
rate D <-> M: 0.023991
rate D <-> F: 0.016354
rate D <-> P: 0.370412
rate D <-> S: 1.164675
rate D <-> T: 0.399902
rate D <-> W: 0.028068
rate D <-> Y: 0.126872
rate D <-> V: 0.035653
rate C <-> Q: 0.079639
rate C <-> E: 0.003286
rate C <-> G: 0.534566
rate C <-> H: 0.601499
rate C <-> I: 0.301083
rate C <-> L: 0.557800
rate C <-> K: 0.012457
rate C <-> M: 0.839207
rate C <-> F: 1.037881
rate C <-> P: 0.070787
rate C <-> S: 2.614753
rate C <-> T: 1.073780
rate C <-> W: 0.629281
rate C <-> Y: 1.094488
rate C <-> V: 1.839864
rate Q <-> E: 3.876936
rate Q <-> G: 0.251626
rate Q <-> H: 4.520102
rate Q <-> I: 0.068413
rate Q <-> L: 0.546954
rate Q <-> K: 3.037150
rate Q <-> M: 1.570619
rate Q <-> F: 0.033669
rate Q <-> P: 0.586241
rate Q <-> S: 1.149231
rate Q <-> T: 1.014297
rate Q <-> W: 0.221802
rate Q <-> Y: 0.241650
rate Q <-> V: 0.197511
rate E <-> G: 0.327583
rate E <-> H: 0.398044
rate E <-> I: 0.041567
rate E <-> L: 0.065426
rate E <-> K: 1.697022
rate E <-> M: 0.163145
rate E <-> F: 0.017664
rate E <-> P: 0.393844
rate E <-> S: 0.574671
rate E <-> T: 0.567695
rate E <-> W: 0.073107
rate E <-> Y: 0.112720
rate E <-> V: 0.230098
rate G <-> H: 0.292498
rate G <-> I: 0.008174
rate G <-> L: 0.041563
rate G <-> K: 0.278555
rate G <-> M: 0.131033
rate G <-> F: 0.084125
rate G <-> P: 0.184955
rate G <-> S: 1.633930
rate G <-> T: 0.121922
rate G <-> W: 0.252125
rate G <-> Y: 0.051346
rate G <-> V: 0.072026
rate H <-> I: 0.102245
rate H <-> L: 0.343988
rate H <-> K: 0.654763
rate H <-> M: 0.415502
rate H <-> F: 0.640560
rate H <-> P: 0.477834
rate H <-> S: 0.929667
rate H <-> T: 0.548649
rate H <-> W: 0.560661
rate H <-> Y: 4.983361
rate H <-> V: 0.111759
rate I <-> L: 3.892408
rate I <-> K: 0.149373
rate I <-> M: 4.013113
rate I <-> F: 1.044902
rate I <-> P: 0.073509
rate I <-> S: 0.060198
rate I <-> T: 0.970728
rate I <-> W: 0.104854
rate I <-> Y: 0.218350
rate I <-> V: 10.000000
rate L <-> K: 0.129119
rate L <-> M: 5.927594
rate L <-> F: 2.434657
rate L <-> P: 0.233879
rate L <-> S: 0.171176
rate L <-> T: 0.284471
rate L <-> W: 0.581863
rate L <-> Y: 0.281383
rate L <-> V: 1.598956
rate K <-> M: 0.616581
rate K <-> F: 0.022460
rate K <-> P: 0.366530
rate K <-> S: 0.703048
rate K <-> T: 1.067567
rate K <-> W: 0.046864
rate K <-> Y: 0.123890
rate K <-> V: 0.173913
rate M <-> F: 1.689205
rate M <-> P: 0.093763
rate M <-> S: 0.325811
rate M <-> T: 1.897216
rate M <-> W: 0.653740
rate M <-> Y: 0.451968
rate M <-> V: 1.782983
rate F <-> P: 0.088706
rate F <-> S: 0.339765
rate F <-> T: 0.154944
rate F <-> W: 2.307349
rate F <-> Y: 7.328222
rate F <-> V: 0.614777
rate P <-> S: 1.256567
rate P <-> T: 0.536635
rate P <-> W: 0.089332
rate P <-> Y: 0.084151
rate P <-> V: 0.278428
rate S <-> T: 6.077767
rate S <-> W: 0.233693
rate S <-> Y: 0.376132
rate S <-> V: 0.092373
rate T <-> W: 0.132241
rate T <-> Y: 0.230856
rate T <-> V: 2.054781
rate W <-> Y: 2.959699
rate W <-> V: 0.177959
rate Y <-> V: 0.234116

freq pi(A): 0.075159
freq pi(R): 0.032463
freq pi(N): 0.020113
freq pi(D): 0.025759
freq pi(C): 0.025759
freq pi(Q): 0.035639
freq pi(E): 0.047989
freq pi(G): 0.074453
freq pi(H): 0.026464
freq pi(I): 0.083980
freq pi(L): 0.120677
freq pi(K): 0.043402
freq pi(M): 0.030346
freq pi(F): 0.071277
freq pi(P): 0.058222
freq pi(S): 0.058574
freq pi(T): 0.046577
freq pi(W): 0.020113
freq pi(Y): 0.034227
freq pi(V): 0.068807


ML search took 47.687973 secs or 0.013247 hours

Combined Bootstrap and ML search took 89.962430 secs or 0.024990 hours

Drawing Bootstrap Support Values on best-scoring ML tree ...



Found 1 tree in File /in/RAxML_bestTree.EOG091G0AKM.clustalo.aln.ALICUT.LGF



Found 1 tree in File /in/RAxML_bestTree.EOG091G0AKM.clustalo.aln.ALICUT.LGF

Program execution info written to /in/RAxML_info.EOG091G0AKM.clustalo.aln.ALICUT.LGF
All 100 bootstrapped trees written to: /in/RAxML_bootstrap.EOG091G0AKM.clustalo.aln.ALICUT.LGF

Best-scoring ML tree written to: /in/RAxML_bestTree.EOG091G0AKM.clustalo.aln.ALICUT.LGF

Best-scoring ML tree with support values written to: /in/RAxML_bipartitions.EOG091G0AKM.clustalo.aln.ALICUT.LGF

Best-scoring ML tree with support values as branch labels written to: /in/RAxML_bipartitionsBranchLabels.EOG091G0AKM.clustalo.aln.ALICUT.LGF

Overall execution time for full ML analysis: 89.965107 secs or 0.024990 hours or 0.001041 days

