
	reading taxa from FASTA ...


	G.salaris            -> sites: 612   
	D.melanogaster       -> sites: 612   
	C.sinensis           -> sites: 612   
	R.norvegicus         -> sites: 612   
	H.robusta            -> sites: 612   
	O.viverrini          -> sites: 612   
	N.vectensis          -> sites: 612   
	P.xenopodis          -> sites: 612   
	D.rerio              -> sites: 612   
	T.solium             -> sites: 612   
	E.nipponicum         -> sites: 612   
	C.intestinalis       -> sites: 612   
	G.turnbulli          -> sites: 612   
	S.mediterranea       -> sites: 612   


	data type             : amino acid sequences

	input ...

	infile		: EOG091G0SRZ.clustalo.aln.fasta
	random pairs	: 200000000000000000
	window size	: 6
	indels		: ambiguous
	tree file	: -
	node level	: -
	strict profile	: -
	outgroup	: -
	matrix          : BLOSUM62

	number of taxa        : 14
	random number of pairs: 200000000000000000

	generates threshhold value for amino acid data
	using BLOSUM62

	checks for (potential) identical taxa


	scores site patterns ...


	max number of different pairs is 91
	max random pairs are scored!

	pair: 1      ->	taxon1: G.salaris 	taxon2: D.melanoga
	            	positions below base line: 490
	pair: 2      ->	taxon1: G.salaris 	taxon2: C.sinensis
	            	positions below base line: 505
	pair: 3      ->	taxon1: G.salaris 	taxon2: R.norvegic
	            	positions below base line: 478
	pair: 4      ->	taxon1: G.salaris 	taxon2: H.robusta 
	            	positions below base line: 489
	pair: 5      ->	taxon1: G.salaris 	taxon2: O.viverrin
	            	positions below base line: 481
	pair: 6      ->	taxon1: G.salaris 	taxon2: N.vectensi
	            	positions below base line: 491
	pair: 7      ->	taxon1: G.salaris 	taxon2: P.xenopodi
	            	positions below base line: 482
	pair: 8      ->	taxon1: G.salaris 	taxon2: D.rerio   
	            	positions below base line: 488
	pair: 9      ->	taxon1: G.salaris 	taxon2: T.solium  
	            	positions below base line: 511
	pair: 10     ->	taxon1: G.salaris 	taxon2: E.nipponic
	            	positions below base line: 492
	pair: 11     ->	taxon1: G.salaris 	taxon2: C.intestin
	            	positions below base line: 509
	pair: 12     ->	taxon1: G.salaris 	taxon2: G.turnbull
	            	positions below base line: 467
	pair: 13     ->	taxon1: G.salaris 	taxon2: S.mediterr
	            	positions below base line: 497
	pair: 14     ->	taxon1: D.melanoga	taxon2: C.sinensis
	            	positions below base line: 497
	pair: 15     ->	taxon1: D.melanoga	taxon2: R.norvegic
	            	positions below base line: 454
	pair: 16     ->	taxon1: D.melanoga	taxon2: H.robusta 
	            	positions below base line: 475
	pair: 17     ->	taxon1: D.melanoga	taxon2: O.viverrin
	            	positions below base line: 478
	pair: 18     ->	taxon1: D.melanoga	taxon2: N.vectensi
	            	positions below base line: 454
	pair: 19     ->	taxon1: D.melanoga	taxon2: P.xenopodi
	            	positions below base line: 485
	pair: 20     ->	taxon1: D.melanoga	taxon2: D.rerio   
	            	positions below base line: 449
	pair: 21     ->	taxon1: D.melanoga	taxon2: T.solium  
	            	positions below base line: 511
	pair: 22     ->	taxon1: D.melanoga	taxon2: E.nipponic
	            	positions below base line: 449
	pair: 23     ->	taxon1: D.melanoga	taxon2: C.intestin
	            	positions below base line: 472
	pair: 24     ->	taxon1: D.melanoga	taxon2: G.turnbull
	            	positions below base line: 502
	pair: 25     ->	taxon1: D.melanoga	taxon2: S.mediterr
	            	positions below base line: 491
	pair: 26     ->	taxon1: C.sinensis	taxon2: R.norvegic
	            	positions below base line: 500
	pair: 27     ->	taxon1: C.sinensis	taxon2: H.robusta 
	            	positions below base line: 504
	pair: 28     ->	taxon1: C.sinensis	taxon2: O.viverrin
	            	positions below base line: 493
	pair: 29     ->	taxon1: C.sinensis	taxon2: N.vectensi
	            	positions below base line: 499
	pair: 30     ->	taxon1: C.sinensis	taxon2: P.xenopodi
	            	positions below base line: 506
	pair: 31     ->	taxon1: C.sinensis	taxon2: D.rerio   
	            	positions below base line: 496
	pair: 32     ->	taxon1: C.sinensis	taxon2: T.solium  
	            	positions below base line: 509
	pair: 33     ->	taxon1: C.sinensis	taxon2: E.nipponic
	            	positions below base line: 495
	pair: 34     ->	taxon1: C.sinensis	taxon2: C.intestin
	            	positions below base line: 488
	pair: 35     ->	taxon1: C.sinensis	taxon2: G.turnbull
	            	positions below base line: 513
	pair: 36     ->	taxon1: C.sinensis	taxon2: S.mediterr
	            	positions below base line: 513
	pair: 37     ->	taxon1: R.norvegic	taxon2: H.robusta 
	            	positions below base line: 476
	pair: 38     ->	taxon1: R.norvegic	taxon2: O.viverrin
	            	positions below base line: 483
	pair: 39     ->	taxon1: R.norvegic	taxon2: N.vectensi
	            	positions below base line: 459
	pair: 40     ->	taxon1: R.norvegic	taxon2: P.xenopodi
	            	positions below base line: 489
	pair: 41     ->	taxon1: R.norvegic	taxon2: D.rerio   
	            	positions below base line: 427
	pair: 42     ->	taxon1: R.norvegic	taxon2: T.solium  
	            	positions below base line: 498
	pair: 43     ->	taxon1: R.norvegic	taxon2: E.nipponic
	            	positions below base line: 427
	pair: 44     ->	taxon1: R.norvegic	taxon2: C.intestin
	            	positions below base line: 458
	pair: 45     ->	taxon1: R.norvegic	taxon2: G.turnbull
	            	positions below base line: 499
	pair: 46     ->	taxon1: R.norvegic	taxon2: S.mediterr
	            	positions below base line: 488
	pair: 47     ->	taxon1: H.robusta 	taxon2: O.viverrin
	            	positions below base line: 488
	pair: 48     ->	taxon1: H.robusta 	taxon2: N.vectensi
	            	positions below base line: 477
	pair: 49     ->	taxon1: H.robusta 	taxon2: P.xenopodi
	            	positions below base line: 488
	pair: 50     ->	taxon1: H.robusta 	taxon2: D.rerio   
	            	positions below base line: 476
	pair: 51     ->	taxon1: H.robusta 	taxon2: T.solium  
	            	positions below base line: 512
	pair: 52     ->	taxon1: H.robusta 	taxon2: E.nipponic
	            	positions below base line: 476
	pair: 53     ->	taxon1: H.robusta 	taxon2: C.intestin
	            	positions below base line: 483
	pair: 54     ->	taxon1: H.robusta 	taxon2: G.turnbull
	            	positions below base line: 503
	pair: 55     ->	taxon1: H.robusta 	taxon2: S.mediterr
	            	positions below base line: 494
	pair: 56     ->	taxon1: O.viverrin	taxon2: N.vectensi
	            	positions below base line: 484
	pair: 57     ->	taxon1: O.viverrin	taxon2: P.xenopodi
	            	positions below base line: 465
	pair: 58     ->	taxon1: O.viverrin	taxon2: D.rerio   
	            	positions below base line: 488
	pair: 59     ->	taxon1: O.viverrin	taxon2: T.solium  
	            	positions below base line: 510
	pair: 60     ->	taxon1: O.viverrin	taxon2: E.nipponic
	            	positions below base line: 483
	pair: 61     ->	taxon1: O.viverrin	taxon2: C.intestin
	            	positions below base line: 493
	pair: 62     ->	taxon1: O.viverrin	taxon2: G.turnbull
	            	positions below base line: 485
	pair: 63     ->	taxon1: O.viverrin	taxon2: S.mediterr
	            	positions below base line: 479
	pair: 64     ->	taxon1: N.vectensi	taxon2: P.xenopodi
	            	positions below base line: 483
	pair: 65     ->	taxon1: N.vectensi	taxon2: D.rerio   
	            	positions below base line: 459
	pair: 66     ->	taxon1: N.vectensi	taxon2: T.solium  
	            	positions below base line: 502
	pair: 67     ->	taxon1: N.vectensi	taxon2: E.nipponic
	            	positions below base line: 459
	pair: 68     ->	taxon1: N.vectensi	taxon2: C.intestin
	            	positions below base line: 469
	pair: 69     ->	taxon1: N.vectensi	taxon2: G.turnbull
	            	positions below base line: 497
	pair: 70     ->	taxon1: N.vectensi	taxon2: S.mediterr
	            	positions below base line: 492
	pair: 71     ->	taxon1: P.xenopodi	taxon2: D.rerio   
	            	positions below base line: 492
	pair: 72     ->	taxon1: P.xenopodi	taxon2: T.solium  
	            	positions below base line: 516
	pair: 73     ->	taxon1: P.xenopodi	taxon2: E.nipponic
	            	positions below base line: 491
	pair: 74     ->	taxon1: P.xenopodi	taxon2: C.intestin
	            	positions below base line: 491
	pair: 75     ->	taxon1: P.xenopodi	taxon2: G.turnbull
	            	positions below base line: 490
	pair: 76     ->	taxon1: P.xenopodi	taxon2: S.mediterr
	            	positions below base line: 487
	pair: 77     ->	taxon1: D.rerio   	taxon2: T.solium  
	            	positions below base line: 501
	pair: 78     ->	taxon1: D.rerio   	taxon2: E.nipponic
	            	positions below base line: 425
	pair: 79     ->	taxon1: D.rerio   	taxon2: C.intestin
	            	positions below base line: 463
	pair: 80     ->	taxon1: D.rerio   	taxon2: G.turnbull
	            	positions below base line: 506
	pair: 81     ->	taxon1: D.rerio   	taxon2: S.mediterr
	            	positions below base line: 488
	pair: 82     ->	taxon1: T.solium  	taxon2: E.nipponic
	            	positions below base line: 498
	pair: 83     ->	taxon1: T.solium  	taxon2: C.intestin
	            	positions below base line: 508
	pair: 84     ->	taxon1: T.solium  	taxon2: G.turnbull
	            	positions below base line: 535
	pair: 85     ->	taxon1: T.solium  	taxon2: S.mediterr
	            	positions below base line: 514
	pair: 86     ->	taxon1: E.nipponic	taxon2: C.intestin
	            	positions below base line: 464
	pair: 87     ->	taxon1: E.nipponic	taxon2: G.turnbull
	            	positions below base line: 504
	pair: 88     ->	taxon1: E.nipponic	taxon2: S.mediterr
	            	positions below base line: 488
	pair: 89     ->	taxon1: C.intestin	taxon2: G.turnbull
	            	positions below base line: 512
	pair: 90     ->	taxon1: C.intestin	taxon2: S.mediterr
	            	positions below base line: 489
	pair: 91     ->	taxon1: G.turnbull	taxon2: S.mediterr
	            	positions below base line: 519

	generates quality profile from collected scores ...


	scoring done ...


	generates vector plot from collected scores ...


Argument "-" treated as 0 in increment (++) at /usr/bin/Aliscore.pl line 1213.
	Profile written to EOG091G0SRZ.clustalo.aln.fasta_Profile_random.txt
	List   written to EOG091G0SRZ.clustalo.aln.fasta_List_random.txt

	time used: 3.92 sec

