
RAxML can't, parse the alignment file as phylip file 
it will now try to parse it as FASTA file


This is the RAxML Master Pthread

This is RAxML Worker Pthread Number: 1

This is RAxML Worker Pthread Number: 3

This is RAxML Worker Pthread Number: 2

This is RAxML Worker Pthread Number: 4

This is RAxML Worker Pthread Number: 5


This is RAxML version 8.2.12 released by Alexandros Stamatakis on May 2018.

With greatly appreciated code contributions by:
Andre Aberer      (HITS)
Simon Berger      (HITS)
Alexey Kozlov     (HITS)
Kassian Kobert    (HITS)
David Dao         (KIT and HITS)
Sarah Lutteropp   (KIT and HITS)
Nick Pattengale   (Sandia)
Wayne Pfeiffer    (SDSC)
Akifumi S. Tanabe (NRIFS)
Charlie Taylor    (UF)


Alignment has 410 distinct alignment patterns

Proportion of gaps and completely undetermined characters in this alignment: 6.23%

RAxML rapid bootstrapping and subsequent ML search

Using 1 distinct models/data partitions with joint branch length optimization



Executing 100 rapid bootstrap inferences and thereafter a thorough ML search 

All free model parameters will be estimated by RAxML
GAMMA model of rate heterogeneity, ML estimate of alpha-parameter

GAMMA Model parameters will be estimated up to an accuracy of 0.1000000000 Log Likelihood units

Partition: 0
Alignment Patterns: 410
Name: No Name Provided
DataType: AA
Substitution Matrix: LG
Using fixed base frequencies




RAxML was called as follows:

raxml -f a -T 6 -m PROTGAMMALG -p 12345 -x 12345 -# 100 -s ALICUT_EOG091G08BK.clustalo.aln.fasta -n EOG091G08BK.clustalo.aln.ALICUT.LG 



Time for BS model parameter optimization 0.040454
Bootstrap[0]: Time 0.852601 seconds, bootstrap likelihood -7245.092237, best rearrangement setting 13
Bootstrap[1]: Time 0.295907 seconds, bootstrap likelihood -6914.185481, best rearrangement setting 13
Bootstrap[2]: Time 0.641246 seconds, bootstrap likelihood -6841.464661, best rearrangement setting 12
Bootstrap[3]: Time 0.673794 seconds, bootstrap likelihood -6874.123235, best rearrangement setting 15
Bootstrap[4]: Time 0.711128 seconds, bootstrap likelihood -7138.230025, best rearrangement setting 10
Bootstrap[5]: Time 0.706457 seconds, bootstrap likelihood -7119.432239, best rearrangement setting 10
Bootstrap[6]: Time 0.312545 seconds, bootstrap likelihood -7002.343955, best rearrangement setting 6
Bootstrap[7]: Time 0.705667 seconds, bootstrap likelihood -7195.028486, best rearrangement setting 14
Bootstrap[8]: Time 0.711692 seconds, bootstrap likelihood -6964.941174, best rearrangement setting 5
Bootstrap[9]: Time 0.667201 seconds, bootstrap likelihood -6818.711776, best rearrangement setting 7
Bootstrap[10]: Time 0.761536 seconds, bootstrap likelihood -7017.402412, best rearrangement setting 7
Bootstrap[11]: Time 0.752263 seconds, bootstrap likelihood -6842.093833, best rearrangement setting 5
Bootstrap[12]: Time 0.702949 seconds, bootstrap likelihood -6764.916160, best rearrangement setting 8
Bootstrap[13]: Time 0.760811 seconds, bootstrap likelihood -6887.030956, best rearrangement setting 7
Bootstrap[14]: Time 0.729249 seconds, bootstrap likelihood -6954.250882, best rearrangement setting 12
Bootstrap[15]: Time 0.697548 seconds, bootstrap likelihood -6624.135330, best rearrangement setting 15
Bootstrap[16]: Time 0.732576 seconds, bootstrap likelihood -7033.758520, best rearrangement setting 12
Bootstrap[17]: Time 0.693638 seconds, bootstrap likelihood -6765.953437, best rearrangement setting 12
Bootstrap[18]: Time 0.681605 seconds, bootstrap likelihood -6724.571576, best rearrangement setting 5
Bootstrap[19]: Time 0.661624 seconds, bootstrap likelihood -6682.032105, best rearrangement setting 8
Bootstrap[20]: Time 0.675895 seconds, bootstrap likelihood -7068.325629, best rearrangement setting 10
Bootstrap[21]: Time 0.720051 seconds, bootstrap likelihood -6761.074526, best rearrangement setting 6
Bootstrap[22]: Time 0.715108 seconds, bootstrap likelihood -7021.982607, best rearrangement setting 5
Bootstrap[23]: Time 0.751353 seconds, bootstrap likelihood -7118.467099, best rearrangement setting 7
Bootstrap[24]: Time 0.741641 seconds, bootstrap likelihood -6828.399921, best rearrangement setting 8
Bootstrap[25]: Time 0.772815 seconds, bootstrap likelihood -7261.605278, best rearrangement setting 6
Bootstrap[26]: Time 0.714312 seconds, bootstrap likelihood -6781.710393, best rearrangement setting 12
Bootstrap[27]: Time 0.762779 seconds, bootstrap likelihood -7063.752334, best rearrangement setting 10
Bootstrap[28]: Time 0.760385 seconds, bootstrap likelihood -6970.025058, best rearrangement setting 11
Bootstrap[29]: Time 0.769778 seconds, bootstrap likelihood -7217.329059, best rearrangement setting 12
Bootstrap[30]: Time 0.717847 seconds, bootstrap likelihood -6846.293943, best rearrangement setting 15
Bootstrap[31]: Time 0.733133 seconds, bootstrap likelihood -6829.127466, best rearrangement setting 15
Bootstrap[32]: Time 0.748935 seconds, bootstrap likelihood -7124.603535, best rearrangement setting 6
Bootstrap[33]: Time 0.719848 seconds, bootstrap likelihood -7233.217962, best rearrangement setting 15
Bootstrap[34]: Time 0.763182 seconds, bootstrap likelihood -7013.992346, best rearrangement setting 11
Bootstrap[35]: Time 0.747115 seconds, bootstrap likelihood -7049.081607, best rearrangement setting 8
Bootstrap[36]: Time 0.763790 seconds, bootstrap likelihood -7085.889456, best rearrangement setting 9
Bootstrap[37]: Time 0.753002 seconds, bootstrap likelihood -6966.093901, best rearrangement setting 11
Bootstrap[38]: Time 0.675486 seconds, bootstrap likelihood -7175.325776, best rearrangement setting 8
Bootstrap[39]: Time 0.725961 seconds, bootstrap likelihood -6675.936873, best rearrangement setting 13
Bootstrap[40]: Time 0.690154 seconds, bootstrap likelihood -6651.586901, best rearrangement setting 13
Bootstrap[41]: Time 0.645532 seconds, bootstrap likelihood -7004.089914, best rearrangement setting 10
Bootstrap[42]: Time 0.684455 seconds, bootstrap likelihood -6856.997419, best rearrangement setting 5
Bootstrap[43]: Time 0.686348 seconds, bootstrap likelihood -7387.891894, best rearrangement setting 14
Bootstrap[44]: Time 0.747664 seconds, bootstrap likelihood -7104.185503, best rearrangement setting 10
Bootstrap[45]: Time 0.750290 seconds, bootstrap likelihood -6846.933163, best rearrangement setting 15
Bootstrap[46]: Time 0.732403 seconds, bootstrap likelihood -6871.767385, best rearrangement setting 14
Bootstrap[47]: Time 0.675325 seconds, bootstrap likelihood -6755.792106, best rearrangement setting 8
Bootstrap[48]: Time 0.707236 seconds, bootstrap likelihood -7063.595325, best rearrangement setting 6
Bootstrap[49]: Time 0.707343 seconds, bootstrap likelihood -6873.143502, best rearrangement setting 7
Bootstrap[50]: Time 0.724234 seconds, bootstrap likelihood -6910.370027, best rearrangement setting 7
Bootstrap[51]: Time 0.754796 seconds, bootstrap likelihood -7180.175150, best rearrangement setting 11
Bootstrap[52]: Time 0.741285 seconds, bootstrap likelihood -6886.997375, best rearrangement setting 12
Bootstrap[53]: Time 0.771513 seconds, bootstrap likelihood -6891.877020, best rearrangement setting 8
Bootstrap[54]: Time 0.711331 seconds, bootstrap likelihood -6977.838001, best rearrangement setting 9
Bootstrap[55]: Time 0.745932 seconds, bootstrap likelihood -6881.571080, best rearrangement setting 11
Bootstrap[56]: Time 0.746908 seconds, bootstrap likelihood -7217.976407, best rearrangement setting 5
Bootstrap[57]: Time 0.716416 seconds, bootstrap likelihood -6967.187723, best rearrangement setting 7
Bootstrap[58]: Time 0.736543 seconds, bootstrap likelihood -7079.952714, best rearrangement setting 10
Bootstrap[59]: Time 0.677196 seconds, bootstrap likelihood -6883.913505, best rearrangement setting 9
Bootstrap[60]: Time 0.774294 seconds, bootstrap likelihood -6888.926734, best rearrangement setting 7
Bootstrap[61]: Time 0.751952 seconds, bootstrap likelihood -6833.900963, best rearrangement setting 5
Bootstrap[62]: Time 0.783221 seconds, bootstrap likelihood -7384.931608, best rearrangement setting 11
Bootstrap[63]: Time 0.659005 seconds, bootstrap likelihood -6772.822711, best rearrangement setting 12
Bootstrap[64]: Time 0.759185 seconds, bootstrap likelihood -7161.785829, best rearrangement setting 7
Bootstrap[65]: Time 0.736532 seconds, bootstrap likelihood -6686.597120, best rearrangement setting 5
Bootstrap[66]: Time 0.719709 seconds, bootstrap likelihood -6765.556195, best rearrangement setting 5
Bootstrap[67]: Time 0.722091 seconds, bootstrap likelihood -6920.508849, best rearrangement setting 15
Bootstrap[68]: Time 0.758918 seconds, bootstrap likelihood -6729.071901, best rearrangement setting 11
Bootstrap[69]: Time 0.798471 seconds, bootstrap likelihood -6942.949079, best rearrangement setting 5
Bootstrap[70]: Time 0.695029 seconds, bootstrap likelihood -6602.024187, best rearrangement setting 8
Bootstrap[71]: Time 0.721197 seconds, bootstrap likelihood -7239.339199, best rearrangement setting 10
Bootstrap[72]: Time 0.761501 seconds, bootstrap likelihood -7080.049634, best rearrangement setting 11
Bootstrap[73]: Time 0.689647 seconds, bootstrap likelihood -7035.553163, best rearrangement setting 9
Bootstrap[74]: Time 0.735920 seconds, bootstrap likelihood -6944.367365, best rearrangement setting 5
Bootstrap[75]: Time 0.732588 seconds, bootstrap likelihood -6975.496521, best rearrangement setting 8
Bootstrap[76]: Time 0.666774 seconds, bootstrap likelihood -6564.913553, best rearrangement setting 9
Bootstrap[77]: Time 0.728102 seconds, bootstrap likelihood -6804.199723, best rearrangement setting 11
Bootstrap[78]: Time 0.717442 seconds, bootstrap likelihood -7023.232427, best rearrangement setting 15
Bootstrap[79]: Time 0.740147 seconds, bootstrap likelihood -7231.497780, best rearrangement setting 9
Bootstrap[80]: Time 0.734789 seconds, bootstrap likelihood -6897.090122, best rearrangement setting 15
Bootstrap[81]: Time 0.726149 seconds, bootstrap likelihood -6579.516042, best rearrangement setting 7
Bootstrap[82]: Time 0.758997 seconds, bootstrap likelihood -7245.583043, best rearrangement setting 6
Bootstrap[83]: Time 0.688070 seconds, bootstrap likelihood -7094.124802, best rearrangement setting 10
Bootstrap[84]: Time 0.695336 seconds, bootstrap likelihood -7137.648713, best rearrangement setting 11
Bootstrap[85]: Time 0.656974 seconds, bootstrap likelihood -6884.323724, best rearrangement setting 8
Bootstrap[86]: Time 0.716864 seconds, bootstrap likelihood -6832.122610, best rearrangement setting 7
Bootstrap[87]: Time 0.725094 seconds, bootstrap likelihood -6956.411335, best rearrangement setting 7
Bootstrap[88]: Time 0.723281 seconds, bootstrap likelihood -6897.668146, best rearrangement setting 12
Bootstrap[89]: Time 0.335149 seconds, bootstrap likelihood -6736.885656, best rearrangement setting 10
Bootstrap[90]: Time 0.696957 seconds, bootstrap likelihood -6960.393515, best rearrangement setting 8
Bootstrap[91]: Time 0.675080 seconds, bootstrap likelihood -6948.516421, best rearrangement setting 12
Bootstrap[92]: Time 0.725118 seconds, bootstrap likelihood -7211.035005, best rearrangement setting 13
Bootstrap[93]: Time 0.747101 seconds, bootstrap likelihood -7056.607096, best rearrangement setting 15
Bootstrap[94]: Time 0.673941 seconds, bootstrap likelihood -6696.125298, best rearrangement setting 5
Bootstrap[95]: Time 0.762724 seconds, bootstrap likelihood -6892.553388, best rearrangement setting 5
Bootstrap[96]: Time 0.680096 seconds, bootstrap likelihood -7107.338794, best rearrangement setting 13
Bootstrap[97]: Time 0.677079 seconds, bootstrap likelihood -7267.772981, best rearrangement setting 11
Bootstrap[98]: Time 0.315283 seconds, bootstrap likelihood -6974.854245, best rearrangement setting 6
Bootstrap[99]: Time 0.642344 seconds, bootstrap likelihood -6770.024509, best rearrangement setting 14


Overall Time for 100 Rapid Bootstraps 70.577538 seconds
Average Time per Rapid Bootstrap 0.705775 seconds

Starting ML Search ...

Fast ML optimization finished

Fast ML search Time: 60.961542 seconds

Slow ML Search 0 Likelihood: -7019.507875
Slow ML Search 1 Likelihood: -7019.507875
Slow ML Search 2 Likelihood: -7019.507875
Slow ML Search 3 Likelihood: -7019.507875
Slow ML Search 4 Likelihood: -7019.507875
Slow ML Search 5 Likelihood: -7019.507875
Slow ML Search 6 Likelihood: -7019.507875
Slow ML Search 7 Likelihood: -7019.507875
Slow ML Search 8 Likelihood: -7019.507875
Slow ML Search 9 Likelihood: -7019.507875
Slow ML optimization finished

Slow ML search Time: 15.830323 seconds
Thorough ML search Time: 1.179529 seconds

Final ML Optimization Likelihood: -7019.507877

Model Information:

Model Parameters of Partition 0, Name: No Name Provided, Type of Data: AA
alpha: 0.781680
Tree-Length: 4.127157
rate A <-> R: 0.399182
rate A <-> N: 0.259945
rate A <-> D: 0.371058
rate A <-> C: 2.337364
rate A <-> Q: 0.910775
rate A <-> E: 0.975241
rate A <-> G: 1.940106
rate A <-> H: 0.336984
rate A <-> I: 0.140697
rate A <-> L: 0.371240
rate A <-> K: 0.503815
rate A <-> M: 1.055520
rate A <-> F: 0.238237
rate A <-> P: 1.105868
rate A <-> S: 4.439041
rate A <-> T: 2.009090
rate A <-> W: 0.169702
rate A <-> Y: 0.205613
rate A <-> V: 2.392567
rate R <-> N: 0.706048
rate R <-> D: 0.116398
rate R <-> C: 0.501968
rate R <-> Q: 2.636754
rate R <-> E: 0.341785
rate R <-> G: 0.366408
rate R <-> H: 2.278690
rate R <-> I: 0.119250
rate R <-> L: 0.283449
rate R <-> K: 5.940467
rate R <-> M: 0.454623
rate R <-> F: 0.049508
rate R <-> P: 0.312264
rate R <-> S: 0.805843
rate R <-> T: 0.543695
rate R <-> W: 0.557424
rate R <-> Y: 0.295274
rate R <-> V: 0.160471
rate N <-> D: 4.766737
rate N <-> C: 0.496537
rate N <-> Q: 1.592389
rate N <-> E: 0.508692
rate N <-> G: 1.350015
rate N <-> H: 4.234381
rate N <-> I: 0.179830
rate N <-> L: 0.064256
rate N <-> K: 2.014327
rate N <-> M: 0.348390
rate N <-> F: 0.084068
rate N <-> P: 0.151925
rate N <-> S: 3.764032
rate N <-> T: 1.878729
rate N <-> W: 0.042610
rate N <-> Y: 0.574720
rate N <-> V: 0.078587
rate D <-> C: 0.058743
rate D <-> Q: 0.491483
rate D <-> E: 4.924234
rate D <-> G: 0.793424
rate D <-> H: 0.870603
rate D <-> I: 0.010038
rate D <-> L: 0.014157
rate D <-> K: 0.265711
rate D <-> M: 0.023991
rate D <-> F: 0.016354
rate D <-> P: 0.370412
rate D <-> S: 1.164675
rate D <-> T: 0.399902
rate D <-> W: 0.028068
rate D <-> Y: 0.126872
rate D <-> V: 0.035653
rate C <-> Q: 0.079639
rate C <-> E: 0.003286
rate C <-> G: 0.534566
rate C <-> H: 0.601499
rate C <-> I: 0.301083
rate C <-> L: 0.557800
rate C <-> K: 0.012457
rate C <-> M: 0.839207
rate C <-> F: 1.037881
rate C <-> P: 0.070787
rate C <-> S: 2.614753
rate C <-> T: 1.073780
rate C <-> W: 0.629281
rate C <-> Y: 1.094488
rate C <-> V: 1.839864
rate Q <-> E: 3.876936
rate Q <-> G: 0.251626
rate Q <-> H: 4.520102
rate Q <-> I: 0.068413
rate Q <-> L: 0.546954
rate Q <-> K: 3.037150
rate Q <-> M: 1.570619
rate Q <-> F: 0.033669
rate Q <-> P: 0.586241
rate Q <-> S: 1.149231
rate Q <-> T: 1.014297
rate Q <-> W: 0.221802
rate Q <-> Y: 0.241650
rate Q <-> V: 0.197511
rate E <-> G: 0.327583
rate E <-> H: 0.398044
rate E <-> I: 0.041567
rate E <-> L: 0.065426
rate E <-> K: 1.697022
rate E <-> M: 0.163145
rate E <-> F: 0.017664
rate E <-> P: 0.393844
rate E <-> S: 0.574671
rate E <-> T: 0.567695
rate E <-> W: 0.073107
rate E <-> Y: 0.112720
rate E <-> V: 0.230098
rate G <-> H: 0.292498
rate G <-> I: 0.008174
rate G <-> L: 0.041563
rate G <-> K: 0.278555
rate G <-> M: 0.131033
rate G <-> F: 0.084125
rate G <-> P: 0.184955
rate G <-> S: 1.633930
rate G <-> T: 0.121922
rate G <-> W: 0.252125
rate G <-> Y: 0.051346
rate G <-> V: 0.072026
rate H <-> I: 0.102245
rate H <-> L: 0.343988
rate H <-> K: 0.654763
rate H <-> M: 0.415502
rate H <-> F: 0.640560
rate H <-> P: 0.477834
rate H <-> S: 0.929667
rate H <-> T: 0.548649
rate H <-> W: 0.560661
rate H <-> Y: 4.983361
rate H <-> V: 0.111759
rate I <-> L: 3.892408
rate I <-> K: 0.149373
rate I <-> M: 4.013113
rate I <-> F: 1.044902
rate I <-> P: 0.073509
rate I <-> S: 0.060198
rate I <-> T: 0.970728
rate I <-> W: 0.104854
rate I <-> Y: 0.218350
rate I <-> V: 10.000000
rate L <-> K: 0.129119
rate L <-> M: 5.927594
rate L <-> F: 2.434657
rate L <-> P: 0.233879
rate L <-> S: 0.171176
rate L <-> T: 0.284471
rate L <-> W: 0.581863
rate L <-> Y: 0.281383
rate L <-> V: 1.598956
rate K <-> M: 0.616581
rate K <-> F: 0.022460
rate K <-> P: 0.366530
rate K <-> S: 0.703048
rate K <-> T: 1.067567
rate K <-> W: 0.046864
rate K <-> Y: 0.123890
rate K <-> V: 0.173913
rate M <-> F: 1.689205
rate M <-> P: 0.093763
rate M <-> S: 0.325811
rate M <-> T: 1.897216
rate M <-> W: 0.653740
rate M <-> Y: 0.451968
rate M <-> V: 1.782983
rate F <-> P: 0.088706
rate F <-> S: 0.339765
rate F <-> T: 0.154944
rate F <-> W: 2.307349
rate F <-> Y: 7.328222
rate F <-> V: 0.614777
rate P <-> S: 1.256567
rate P <-> T: 0.536635
rate P <-> W: 0.089332
rate P <-> Y: 0.084151
rate P <-> V: 0.278428
rate S <-> T: 6.077767
rate S <-> W: 0.233693
rate S <-> Y: 0.376132
rate S <-> V: 0.092373
rate T <-> W: 0.132241
rate T <-> Y: 0.230856
rate T <-> V: 2.054781
rate W <-> Y: 2.959699
rate W <-> V: 0.177959
rate Y <-> V: 0.234116

freq pi(A): 0.079066
freq pi(R): 0.055941
freq pi(N): 0.041977
freq pi(D): 0.053052
freq pi(C): 0.012937
freq pi(Q): 0.040767
freq pi(E): 0.071586
freq pi(G): 0.057337
freq pi(H): 0.022355
freq pi(I): 0.062157
freq pi(L): 0.099081
freq pi(K): 0.064600
freq pi(M): 0.022951
freq pi(F): 0.042302
freq pi(P): 0.044040
freq pi(S): 0.061197
freq pi(T): 0.053287
freq pi(W): 0.012066
freq pi(Y): 0.034155
freq pi(V): 0.069146


ML search took 77.999308 secs or 0.021666 hours

Combined Bootstrap and ML search took 148.577092 secs or 0.041271 hours

Drawing Bootstrap Support Values on best-scoring ML tree ...



Found 1 tree in File /in/RAxML_bestTree.EOG091G08BK.clustalo.aln.ALICUT.LG



Found 1 tree in File /in/RAxML_bestTree.EOG091G08BK.clustalo.aln.ALICUT.LG

Program execution info written to /in/RAxML_info.EOG091G08BK.clustalo.aln.ALICUT.LG
All 100 bootstrapped trees written to: /in/RAxML_bootstrap.EOG091G08BK.clustalo.aln.ALICUT.LG

Best-scoring ML tree written to: /in/RAxML_bestTree.EOG091G08BK.clustalo.aln.ALICUT.LG

Best-scoring ML tree with support values written to: /in/RAxML_bipartitions.EOG091G08BK.clustalo.aln.ALICUT.LG

Best-scoring ML tree with support values as branch labels written to: /in/RAxML_bipartitionsBranchLabels.EOG091G08BK.clustalo.aln.ALICUT.LG

Overall execution time for full ML analysis: 148.580122 secs or 0.041272 hours or 0.001720 days

