
	reading taxa from FASTA ...


	H.microstoma         -> sites: 695   
	S.mediterranea       -> sites: 695   
	C.sinensis           -> sites: 695   
	S.mansoni            -> sites: 695   
	O.viverrini          -> sites: 695   
	H.robusta            -> sites: 695   
	E.granulosus         -> sites: 695   
	E.nipponicum         -> sites: 695   
	G.salaris            -> sites: 695   
	T.solium             -> sites: 695   
	D.rerio              -> sites: 695   
	P.xenopodis          -> sites: 695   
	G.turnbulli          -> sites: 695   
	D.melanogaster       -> sites: 695   


	data type             : amino acid sequences

	input ...

	infile		: EOG091G0HXI.clustalo.aln.fasta
	random pairs	: 200000000000000000
	window size	: 6
	indels		: ambiguous
	tree file	: -
	node level	: -
	strict profile	: -
	outgroup	: -
	matrix          : BLOSUM62

	number of taxa        : 14
	random number of pairs: 200000000000000000

	generates threshhold value for amino acid data
	using BLOSUM62

	checks for (potential) identical taxa


	scores site patterns ...


	max number of different pairs is 91
	max random pairs are scored!

	pair: 1      ->	taxon1: H.microsto	taxon2: S.mediterr
	            	positions below base line: 507
	pair: 2      ->	taxon1: H.microsto	taxon2: C.sinensis
	            	positions below base line: 495
	pair: 3      ->	taxon1: H.microsto	taxon2: S.mansoni 
	            	positions below base line: 406
	pair: 4      ->	taxon1: H.microsto	taxon2: O.viverrin
	            	positions below base line: 485
	pair: 5      ->	taxon1: H.microsto	taxon2: H.robusta 
	            	positions below base line: 477
	pair: 6      ->	taxon1: H.microsto	taxon2: E.granulos
	            	positions below base line: 358
	pair: 7      ->	taxon1: H.microsto	taxon2: E.nipponic
	            	positions below base line: 511
	pair: 8      ->	taxon1: H.microsto	taxon2: G.salaris 
	            	positions below base line: 431
	pair: 9      ->	taxon1: H.microsto	taxon2: T.solium  
	            	positions below base line: 330
	pair: 10     ->	taxon1: H.microsto	taxon2: D.rerio   
	            	positions below base line: 449
	pair: 11     ->	taxon1: H.microsto	taxon2: P.xenopodi
	            	positions below base line: 422
	pair: 12     ->	taxon1: H.microsto	taxon2: G.turnbull
	            	positions below base line: 453
	pair: 13     ->	taxon1: H.microsto	taxon2: D.melanoga
	            	positions below base line: 476
	pair: 14     ->	taxon1: S.mediterr	taxon2: C.sinensis
	            	positions below base line: 550
	pair: 15     ->	taxon1: S.mediterr	taxon2: S.mansoni 
	            	positions below base line: 534
	pair: 16     ->	taxon1: S.mediterr	taxon2: O.viverrin
	            	positions below base line: 555
	pair: 17     ->	taxon1: S.mediterr	taxon2: H.robusta 
	            	positions below base line: 506
	pair: 18     ->	taxon1: S.mediterr	taxon2: E.granulos
	            	positions below base line: 547
	pair: 19     ->	taxon1: S.mediterr	taxon2: E.nipponic
	            	positions below base line: 566
	pair: 20     ->	taxon1: S.mediterr	taxon2: G.salaris 
	            	positions below base line: 505
	pair: 21     ->	taxon1: S.mediterr	taxon2: T.solium  
	            	positions below base line: 523
	pair: 22     ->	taxon1: S.mediterr	taxon2: D.rerio   
	            	positions below base line: 475
	pair: 23     ->	taxon1: S.mediterr	taxon2: P.xenopodi
	            	positions below base line: 525
	pair: 24     ->	taxon1: S.mediterr	taxon2: G.turnbull
	            	positions below base line: 551
	pair: 25     ->	taxon1: S.mediterr	taxon2: D.melanoga
	            	positions below base line: 531
	pair: 26     ->	taxon1: C.sinensis	taxon2: S.mansoni 
	            	positions below base line: 515
	pair: 27     ->	taxon1: C.sinensis	taxon2: O.viverrin
	            	positions below base line: 456
	pair: 28     ->	taxon1: C.sinensis	taxon2: H.robusta 
	            	positions below base line: 519
	pair: 29     ->	taxon1: C.sinensis	taxon2: E.granulos
	            	positions below base line: 514
	pair: 30     ->	taxon1: C.sinensis	taxon2: E.nipponic
	            	positions below base line: 558
	pair: 31     ->	taxon1: C.sinensis	taxon2: G.salaris 
	            	positions below base line: 483
	pair: 32     ->	taxon1: C.sinensis	taxon2: T.solium  
	            	positions below base line: 496
	pair: 33     ->	taxon1: C.sinensis	taxon2: D.rerio   
	            	positions below base line: 503
	pair: 34     ->	taxon1: C.sinensis	taxon2: P.xenopodi
	            	positions below base line: 503
	pair: 35     ->	taxon1: C.sinensis	taxon2: G.turnbull
	            	positions below base line: 519
	pair: 36     ->	taxon1: C.sinensis	taxon2: D.melanoga
	            	positions below base line: 521
	pair: 37     ->	taxon1: S.mansoni 	taxon2: O.viverrin
	            	positions below base line: 511
	pair: 38     ->	taxon1: S.mansoni 	taxon2: H.robusta 
	            	positions below base line: 486
	pair: 39     ->	taxon1: S.mansoni 	taxon2: E.granulos
	            	positions below base line: 373
	pair: 40     ->	taxon1: S.mansoni 	taxon2: E.nipponic
	            	positions below base line: 493
	pair: 41     ->	taxon1: S.mansoni 	taxon2: G.salaris 
	            	positions below base line: 456
	pair: 42     ->	taxon1: S.mansoni 	taxon2: T.solium  
	            	positions below base line: 380
	pair: 43     ->	taxon1: S.mansoni 	taxon2: D.rerio   
	            	positions below base line: 456
	pair: 44     ->	taxon1: S.mansoni 	taxon2: P.xenopodi
	            	positions below base line: 408
	pair: 45     ->	taxon1: S.mansoni 	taxon2: G.turnbull
	            	positions below base line: 462
	pair: 46     ->	taxon1: S.mansoni 	taxon2: D.melanoga
	            	positions below base line: 490
	pair: 47     ->	taxon1: O.viverrin	taxon2: H.robusta 
	            	positions below base line: 532
	pair: 48     ->	taxon1: O.viverrin	taxon2: E.granulos
	            	positions below base line: 498
	pair: 49     ->	taxon1: O.viverrin	taxon2: E.nipponic
	            	positions below base line: 562
	pair: 50     ->	taxon1: O.viverrin	taxon2: G.salaris 
	            	positions below base line: 514
	pair: 51     ->	taxon1: O.viverrin	taxon2: T.solium  
	            	positions below base line: 484
	pair: 52     ->	taxon1: O.viverrin	taxon2: D.rerio   
	            	positions below base line: 528
	pair: 53     ->	taxon1: O.viverrin	taxon2: P.xenopodi
	            	positions below base line: 505
	pair: 54     ->	taxon1: O.viverrin	taxon2: G.turnbull
	            	positions below base line: 518
	pair: 55     ->	taxon1: O.viverrin	taxon2: D.melanoga
	            	positions below base line: 539
	pair: 56     ->	taxon1: H.robusta 	taxon2: E.granulos
	            	positions below base line: 507
	pair: 57     ->	taxon1: H.robusta 	taxon2: E.nipponic
	            	positions below base line: 528
	pair: 58     ->	taxon1: H.robusta 	taxon2: G.salaris 
	            	positions below base line: 482
	pair: 59     ->	taxon1: H.robusta 	taxon2: T.solium  
	            	positions below base line: 481
	pair: 60     ->	taxon1: H.robusta 	taxon2: D.rerio   
	            	positions below base line: 474
	pair: 61     ->	taxon1: H.robusta 	taxon2: P.xenopodi
	            	positions below base line: 500
	pair: 62     ->	taxon1: H.robusta 	taxon2: G.turnbull
	            	positions below base line: 494
	pair: 63     ->	taxon1: H.robusta 	taxon2: D.melanoga
	            	positions below base line: 470
	pair: 64     ->	taxon1: E.granulos	taxon2: E.nipponic
	            	positions below base line: 506
	pair: 65     ->	taxon1: E.granulos	taxon2: G.salaris 
	            	positions below base line: 471
	pair: 66     ->	taxon1: E.granulos	taxon2: T.solium  
	            	positions below base line: 316
	pair: 67     ->	taxon1: E.granulos	taxon2: D.rerio   
	            	positions below base line: 492
	pair: 68     ->	taxon1: E.granulos	taxon2: P.xenopodi
	            	positions below base line: 440
	pair: 69     ->	taxon1: E.granulos	taxon2: G.turnbull
	            	positions below base line: 454
	pair: 70     ->	taxon1: E.granulos	taxon2: D.melanoga
	            	positions below base line: 501
	pair: 71     ->	taxon1: E.nipponic	taxon2: G.salaris 
	            	positions below base line: 526
	pair: 72     ->	taxon1: E.nipponic	taxon2: T.solium  
	            	positions below base line: 496
	pair: 73     ->	taxon1: E.nipponic	taxon2: D.rerio   
	            	positions below base line: 514
	pair: 74     ->	taxon1: E.nipponic	taxon2: P.xenopodi
	            	positions below base line: 483
	pair: 75     ->	taxon1: E.nipponic	taxon2: G.turnbull
	            	positions below base line: 516
	pair: 76     ->	taxon1: E.nipponic	taxon2: D.melanoga
	            	positions below base line: 535
	pair: 77     ->	taxon1: G.salaris 	taxon2: T.solium  
	            	positions below base line: 451
	pair: 78     ->	taxon1: G.salaris 	taxon2: D.rerio   
	            	positions below base line: 474
	pair: 79     ->	taxon1: G.salaris 	taxon2: P.xenopodi
	            	positions below base line: 443
	pair: 80     ->	taxon1: G.salaris 	taxon2: G.turnbull
	            	positions below base line: 402
	pair: 81     ->	taxon1: G.salaris 	taxon2: D.melanoga
	            	positions below base line: 503
	pair: 82     ->	taxon1: T.solium  	taxon2: D.rerio   
	            	positions below base line: 473
	pair: 83     ->	taxon1: T.solium  	taxon2: P.xenopodi
	            	positions below base line: 424
	pair: 84     ->	taxon1: T.solium  	taxon2: G.turnbull
	            	positions below base line: 443
	pair: 85     ->	taxon1: T.solium  	taxon2: D.melanoga
	            	positions below base line: 481
	pair: 86     ->	taxon1: D.rerio   	taxon2: P.xenopodi
	            	positions below base line: 477
	pair: 87     ->	taxon1: D.rerio   	taxon2: G.turnbull
	            	positions below base line: 482
	pair: 88     ->	taxon1: D.rerio   	taxon2: D.melanoga
	            	positions below base line: 438
	pair: 89     ->	taxon1: P.xenopodi	taxon2: G.turnbull
	            	positions below base line: 454
	pair: 90     ->	taxon1: P.xenopodi	taxon2: D.melanoga
	            	positions below base line: 486
	pair: 91     ->	taxon1: G.turnbull	taxon2: D.melanoga
	            	positions below base line: 516

	generates quality profile from collected scores ...


	scoring done ...


	generates vector plot from collected scores ...


Argument "-" treated as 0 in increment (++) at /usr/bin/Aliscore.pl line 1213.
	Profile written to EOG091G0HXI.clustalo.aln.fasta_Profile_random.txt
	List   written to EOG091G0HXI.clustalo.aln.fasta_List_random.txt

	time used: 4.05 sec

