
	reading taxa from FASTA ...


	C.intestinalis       -> sites: 1930  
	O.viverrini          -> sites: 1930  
	C.sinensis           -> sites: 1930  
	G.salaris            -> sites: 1930  
	M.lignano            -> sites: 1930  
	P.xenopodis          -> sites: 1930  
	H.microstoma         -> sites: 1930  
	C.elegans            -> sites: 1930  
	S.mediterranea       -> sites: 1930  
	T.solium             -> sites: 1930  
	R.norvegicus         -> sites: 1930  
	D.rerio              -> sites: 1930  
	D.melanogaster       -> sites: 1930  


	data type             : amino acid sequences

	input ...

	infile		: EOG091G03AN.clustalo.aln.fasta
	random pairs	: 200000000000000000
	window size	: 6
	indels		: ambiguous
	tree file	: -
	node level	: -
	strict profile	: -
	outgroup	: -
	matrix          : BLOSUM62

	number of taxa        : 13
	random number of pairs: 200000000000000000

	generates threshhold value for amino acid data
	using BLOSUM62

	checks for (potential) identical taxa


	scores site patterns ...


	max number of different pairs is 78
	max random pairs are scored!

	pair: 1      ->	taxon1: C.intestin	taxon2: O.viverrin
	            	positions below base line: 1555
	pair: 2      ->	taxon1: C.intestin	taxon2: C.sinensis
	            	positions below base line: 1527
	pair: 3      ->	taxon1: C.intestin	taxon2: G.salaris 
	            	positions below base line: 1631
	pair: 4      ->	taxon1: C.intestin	taxon2: M.lignano 
	            	positions below base line: 1537
	pair: 5      ->	taxon1: C.intestin	taxon2: P.xenopodi
	            	positions below base line: 1656
	pair: 6      ->	taxon1: C.intestin	taxon2: H.microsto
	            	positions below base line: 1627
	pair: 7      ->	taxon1: C.intestin	taxon2: C.elegans 
	            	positions below base line: 1584
	pair: 8      ->	taxon1: C.intestin	taxon2: S.mediterr
	            	positions below base line: 1700
	pair: 9      ->	taxon1: C.intestin	taxon2: T.solium  
	            	positions below base line: 1568
	pair: 10     ->	taxon1: C.intestin	taxon2: R.norvegic
	            	positions below base line: 1222
	pair: 11     ->	taxon1: C.intestin	taxon2: D.rerio   
	            	positions below base line: 1201
	pair: 12     ->	taxon1: C.intestin	taxon2: D.melanoga
	            	positions below base line: 1395
	pair: 13     ->	taxon1: O.viverrin	taxon2: C.sinensis
	            	positions below base line: 1131
	pair: 14     ->	taxon1: O.viverrin	taxon2: G.salaris 
	            	positions below base line: 1541
	pair: 15     ->	taxon1: O.viverrin	taxon2: M.lignano 
	            	positions below base line: 1515
	pair: 16     ->	taxon1: O.viverrin	taxon2: P.xenopodi
	            	positions below base line: 1533
	pair: 17     ->	taxon1: O.viverrin	taxon2: H.microsto
	            	positions below base line: 1512
	pair: 18     ->	taxon1: O.viverrin	taxon2: C.elegans 
	            	positions below base line: 1682
	pair: 19     ->	taxon1: O.viverrin	taxon2: S.mediterr
	            	positions below base line: 1730
	pair: 20     ->	taxon1: O.viverrin	taxon2: T.solium  
	            	positions below base line: 1430
	pair: 21     ->	taxon1: O.viverrin	taxon2: R.norvegic
	            	positions below base line: 1540
	pair: 22     ->	taxon1: O.viverrin	taxon2: D.rerio   
	            	positions below base line: 1577
	pair: 23     ->	taxon1: O.viverrin	taxon2: D.melanoga
	            	positions below base line: 1610
	pair: 24     ->	taxon1: C.sinensis	taxon2: G.salaris 
	            	positions below base line: 1510
	pair: 25     ->	taxon1: C.sinensis	taxon2: M.lignano 
	            	positions below base line: 1484
	pair: 26     ->	taxon1: C.sinensis	taxon2: P.xenopodi
	            	positions below base line: 1519
	pair: 27     ->	taxon1: C.sinensis	taxon2: H.microsto
	            	positions below base line: 1457
	pair: 28     ->	taxon1: C.sinensis	taxon2: C.elegans 
	            	positions below base line: 1669
	pair: 29     ->	taxon1: C.sinensis	taxon2: S.mediterr
	            	positions below base line: 1713
	pair: 30     ->	taxon1: C.sinensis	taxon2: T.solium  
	            	positions below base line: 1359
	pair: 31     ->	taxon1: C.sinensis	taxon2: R.norvegic
	            	positions below base line: 1513
	pair: 32     ->	taxon1: C.sinensis	taxon2: D.rerio   
	            	positions below base line: 1548
	pair: 33     ->	taxon1: C.sinensis	taxon2: D.melanoga
	            	positions below base line: 1595
	pair: 34     ->	taxon1: G.salaris 	taxon2: M.lignano 
	            	positions below base line: 1633
	pair: 35     ->	taxon1: G.salaris 	taxon2: P.xenopodi
	            	positions below base line: 1635
	pair: 36     ->	taxon1: G.salaris 	taxon2: H.microsto
	            	positions below base line: 1595
	pair: 37     ->	taxon1: G.salaris 	taxon2: C.elegans 
	            	positions below base line: 1696
	pair: 38     ->	taxon1: G.salaris 	taxon2: S.mediterr
	            	positions below base line: 1788
	pair: 39     ->	taxon1: G.salaris 	taxon2: T.solium  
	            	positions below base line: 1545
	pair: 40     ->	taxon1: G.salaris 	taxon2: R.norvegic
	            	positions below base line: 1627
	pair: 41     ->	taxon1: G.salaris 	taxon2: D.rerio   
	            	positions below base line: 1630
	pair: 42     ->	taxon1: G.salaris 	taxon2: D.melanoga
	            	positions below base line: 1669
	pair: 43     ->	taxon1: M.lignano 	taxon2: P.xenopodi
	            	positions below base line: 1623
	pair: 44     ->	taxon1: M.lignano 	taxon2: H.microsto
	            	positions below base line: 1594
	pair: 45     ->	taxon1: M.lignano 	taxon2: C.elegans 
	            	positions below base line: 1631
	pair: 46     ->	taxon1: M.lignano 	taxon2: S.mediterr
	            	positions below base line: 1730
	pair: 47     ->	taxon1: M.lignano 	taxon2: T.solium  
	            	positions below base line: 1517
	pair: 48     ->	taxon1: M.lignano 	taxon2: R.norvegic
	            	positions below base line: 1505
	pair: 49     ->	taxon1: M.lignano 	taxon2: D.rerio   
	            	positions below base line: 1491
	pair: 50     ->	taxon1: M.lignano 	taxon2: D.melanoga
	            	positions below base line: 1538
	pair: 51     ->	taxon1: P.xenopodi	taxon2: H.microsto
	            	positions below base line: 1676
	pair: 52     ->	taxon1: P.xenopodi	taxon2: C.elegans 
	            	positions below base line: 1743
	pair: 53     ->	taxon1: P.xenopodi	taxon2: S.mediterr
	            	positions below base line: 1836
	pair: 54     ->	taxon1: P.xenopodi	taxon2: T.solium  
	            	positions below base line: 1628
	pair: 55     ->	taxon1: P.xenopodi	taxon2: R.norvegic
	            	positions below base line: 1606
	pair: 56     ->	taxon1: P.xenopodi	taxon2: D.rerio   
	            	positions below base line: 1630
	pair: 57     ->	taxon1: P.xenopodi	taxon2: D.melanoga
	            	positions below base line: 1687
	pair: 58     ->	taxon1: H.microsto	taxon2: C.elegans 
	            	positions below base line: 1744
	pair: 59     ->	taxon1: H.microsto	taxon2: S.mediterr
	            	positions below base line: 1740
	pair: 60     ->	taxon1: H.microsto	taxon2: T.solium  
	            	positions below base line: 996
	pair: 61     ->	taxon1: H.microsto	taxon2: R.norvegic
	            	positions below base line: 1635
	pair: 62     ->	taxon1: H.microsto	taxon2: D.rerio   
	            	positions below base line: 1644
	pair: 63     ->	taxon1: H.microsto	taxon2: D.melanoga
	            	positions below base line: 1673
	pair: 64     ->	taxon1: C.elegans 	taxon2: S.mediterr
	            	positions below base line: 1782
	pair: 65     ->	taxon1: C.elegans 	taxon2: T.solium  
	            	positions below base line: 1693
	pair: 66     ->	taxon1: C.elegans 	taxon2: R.norvegic
	            	positions below base line: 1584
	pair: 67     ->	taxon1: C.elegans 	taxon2: D.rerio   
	            	positions below base line: 1577
	pair: 68     ->	taxon1: C.elegans 	taxon2: D.melanoga
	            	positions below base line: 1634
	pair: 69     ->	taxon1: S.mediterr	taxon2: T.solium  
	            	positions below base line: 1742
	pair: 70     ->	taxon1: S.mediterr	taxon2: R.norvegic
	            	positions below base line: 1704
	pair: 71     ->	taxon1: S.mediterr	taxon2: D.rerio   
	            	positions below base line: 1683
	pair: 72     ->	taxon1: S.mediterr	taxon2: D.melanoga
	            	positions below base line: 1704
	pair: 73     ->	taxon1: T.solium  	taxon2: R.norvegic
	            	positions below base line: 1550
	pair: 74     ->	taxon1: T.solium  	taxon2: D.rerio   
	            	positions below base line: 1599
	pair: 75     ->	taxon1: T.solium  	taxon2: D.melanoga
	            	positions below base line: 1625
	pair: 76     ->	taxon1: R.norvegic	taxon2: D.rerio   
	            	positions below base line: 1083
	pair: 77     ->	taxon1: R.norvegic	taxon2: D.melanoga
	            	positions below base line: 1351
	pair: 78     ->	taxon1: D.rerio   	taxon2: D.melanoga
	            	positions below base line: 1374

	generates quality profile from collected scores ...


	scoring done ...


	generates vector plot from collected scores ...


Argument "-" treated as 0 in increment (++) at /usr/bin/Aliscore.pl line 1213.
	Profile written to EOG091G03AN.clustalo.aln.fasta_Profile_random.txt
	List   written to EOG091G03AN.clustalo.aln.fasta_List_random.txt

	time used: 6.21 sec

