
WARNING: The number of threads is currently set to 1
You can specify the number of threads to run via -T numberOfThreads
NumberOfThreads must be set to an integer value greater than 1

RAxML, will now set the number of threads automatically to 2 !


RAxML can't, parse the alignment file as phylip file 
it will now try to parse it as FASTA file


This is the RAxML Master Pthread

This is RAxML Worker Pthread Number: 1


This is RAxML version 8.2.12 released by Alexandros Stamatakis on May 2018.

With greatly appreciated code contributions by:
Andre Aberer      (HITS)
Simon Berger      (HITS)
Alexey Kozlov     (HITS)
Kassian Kobert    (HITS)
David Dao         (KIT and HITS)
Sarah Lutteropp   (KIT and HITS)
Nick Pattengale   (Sandia)
Wayne Pfeiffer    (SDSC)
Akifumi S. Tanabe (NRIFS)
Charlie Taylor    (UF)


Alignment has 160 distinct alignment patterns

Proportion of gaps and completely undetermined characters in this alignment: 4.98%

RAxML rapid bootstrapping and subsequent ML search

Using 1 distinct models/data partitions with joint branch length optimization



Executing 100 rapid bootstrap inferences and thereafter a thorough ML search 

All free model parameters will be estimated by RAxML
GAMMA model of rate heterogeneity, ML estimate of alpha-parameter

GAMMA Model parameters will be estimated up to an accuracy of 0.1000000000 Log Likelihood units

Partition: 0
Alignment Patterns: 160
Name: No Name Provided
DataType: AA
Substitution Matrix: DAYHOFF
Using empirical base frequencies




RAxML was called as follows:

raxml -f a -T 1 -m PROTGAMMADAYHOFFF -p 12345 -x 12345 -# 100 -s ALICUT_EOG091G17K3.clustalo.aln.fasta -n EOG091G17K3.clustalo.aln.ALICUT.DAYHOFFF 



Time for BS model parameter optimization 0.025098
Bootstrap[0]: Time 0.586464 seconds, bootstrap likelihood -3031.207047, best rearrangement setting 13
Bootstrap[1]: Time 0.535703 seconds, bootstrap likelihood -3089.299709, best rearrangement setting 13
Bootstrap[2]: Time 0.509465 seconds, bootstrap likelihood -3130.155505, best rearrangement setting 12
Bootstrap[3]: Time 0.505839 seconds, bootstrap likelihood -3303.098445, best rearrangement setting 15
Bootstrap[4]: Time 0.426239 seconds, bootstrap likelihood -2797.996619, best rearrangement setting 10
Bootstrap[5]: Time 0.478870 seconds, bootstrap likelihood -3087.810838, best rearrangement setting 10
Bootstrap[6]: Time 0.524285 seconds, bootstrap likelihood -2990.111920, best rearrangement setting 6
Bootstrap[7]: Time 0.449530 seconds, bootstrap likelihood -3101.620095, best rearrangement setting 14
Bootstrap[8]: Time 0.500106 seconds, bootstrap likelihood -3226.768098, best rearrangement setting 5
Bootstrap[9]: Time 0.456751 seconds, bootstrap likelihood -2984.251280, best rearrangement setting 7
Bootstrap[10]: Time 0.452352 seconds, bootstrap likelihood -3249.510611, best rearrangement setting 7
Bootstrap[11]: Time 0.499425 seconds, bootstrap likelihood -3195.162202, best rearrangement setting 5
Bootstrap[12]: Time 0.434770 seconds, bootstrap likelihood -2964.671757, best rearrangement setting 8
Bootstrap[13]: Time 0.510459 seconds, bootstrap likelihood -3187.298828, best rearrangement setting 7
Bootstrap[14]: Time 0.462324 seconds, bootstrap likelihood -2595.974459, best rearrangement setting 12
Bootstrap[15]: Time 0.455268 seconds, bootstrap likelihood -3180.072041, best rearrangement setting 15
Bootstrap[16]: Time 0.441307 seconds, bootstrap likelihood -3176.149709, best rearrangement setting 12
Bootstrap[17]: Time 0.481036 seconds, bootstrap likelihood -3122.293463, best rearrangement setting 12
Bootstrap[18]: Time 0.420165 seconds, bootstrap likelihood -3034.515138, best rearrangement setting 5
Bootstrap[19]: Time 0.475994 seconds, bootstrap likelihood -3499.434493, best rearrangement setting 8
Bootstrap[20]: Time 0.483804 seconds, bootstrap likelihood -3007.957022, best rearrangement setting 10
Bootstrap[21]: Time 0.471508 seconds, bootstrap likelihood -3377.235153, best rearrangement setting 6
Bootstrap[22]: Time 0.483020 seconds, bootstrap likelihood -3246.277135, best rearrangement setting 5
Bootstrap[23]: Time 0.452059 seconds, bootstrap likelihood -3228.683871, best rearrangement setting 7
Bootstrap[24]: Time 0.438313 seconds, bootstrap likelihood -2906.622821, best rearrangement setting 8
Bootstrap[25]: Time 0.460290 seconds, bootstrap likelihood -3150.600996, best rearrangement setting 6
Bootstrap[26]: Time 0.468379 seconds, bootstrap likelihood -3197.161289, best rearrangement setting 12
Bootstrap[27]: Time 0.448710 seconds, bootstrap likelihood -3143.055437, best rearrangement setting 10
Bootstrap[28]: Time 0.492198 seconds, bootstrap likelihood -3221.182664, best rearrangement setting 11
Bootstrap[29]: Time 0.456999 seconds, bootstrap likelihood -2999.354065, best rearrangement setting 12
Bootstrap[30]: Time 0.473928 seconds, bootstrap likelihood -3084.811157, best rearrangement setting 15
Bootstrap[31]: Time 0.437384 seconds, bootstrap likelihood -3072.381238, best rearrangement setting 15
Bootstrap[32]: Time 0.532465 seconds, bootstrap likelihood -3085.554121, best rearrangement setting 6
Bootstrap[33]: Time 0.459117 seconds, bootstrap likelihood -3214.959111, best rearrangement setting 15
Bootstrap[34]: Time 0.494636 seconds, bootstrap likelihood -3064.469391, best rearrangement setting 11
Bootstrap[35]: Time 0.487388 seconds, bootstrap likelihood -3000.131204, best rearrangement setting 8
Bootstrap[36]: Time 0.453793 seconds, bootstrap likelihood -2804.209723, best rearrangement setting 9
Bootstrap[37]: Time 0.535306 seconds, bootstrap likelihood -3153.779009, best rearrangement setting 11
Bootstrap[38]: Time 0.522381 seconds, bootstrap likelihood -3340.312902, best rearrangement setting 8
Bootstrap[39]: Time 0.492468 seconds, bootstrap likelihood -2944.311542, best rearrangement setting 13
Bootstrap[40]: Time 0.450380 seconds, bootstrap likelihood -3129.414298, best rearrangement setting 13
Bootstrap[41]: Time 0.442044 seconds, bootstrap likelihood -3206.710255, best rearrangement setting 10
Bootstrap[42]: Time 0.476094 seconds, bootstrap likelihood -3103.592918, best rearrangement setting 5
Bootstrap[43]: Time 0.437114 seconds, bootstrap likelihood -3079.106485, best rearrangement setting 14
Bootstrap[44]: Time 0.483865 seconds, bootstrap likelihood -3206.710554, best rearrangement setting 10
Bootstrap[45]: Time 0.474676 seconds, bootstrap likelihood -3091.906738, best rearrangement setting 15
Bootstrap[46]: Time 0.416295 seconds, bootstrap likelihood -2965.840560, best rearrangement setting 14
Bootstrap[47]: Time 0.481070 seconds, bootstrap likelihood -3097.801443, best rearrangement setting 8
Bootstrap[48]: Time 0.452867 seconds, bootstrap likelihood -3114.489778, best rearrangement setting 6
Bootstrap[49]: Time 0.479534 seconds, bootstrap likelihood -2920.150184, best rearrangement setting 7
Bootstrap[50]: Time 0.472100 seconds, bootstrap likelihood -3071.162237, best rearrangement setting 7
Bootstrap[51]: Time 0.518486 seconds, bootstrap likelihood -2957.709753, best rearrangement setting 11
Bootstrap[52]: Time 0.502366 seconds, bootstrap likelihood -3107.144649, best rearrangement setting 12
Bootstrap[53]: Time 0.476225 seconds, bootstrap likelihood -2950.351961, best rearrangement setting 8
Bootstrap[54]: Time 0.490307 seconds, bootstrap likelihood -3365.828909, best rearrangement setting 9
Bootstrap[55]: Time 0.444474 seconds, bootstrap likelihood -3112.394499, best rearrangement setting 11
Bootstrap[56]: Time 0.460995 seconds, bootstrap likelihood -3023.137129, best rearrangement setting 5
Bootstrap[57]: Time 0.541816 seconds, bootstrap likelihood -3243.936094, best rearrangement setting 7
Bootstrap[58]: Time 0.505870 seconds, bootstrap likelihood -2906.658668, best rearrangement setting 10
Bootstrap[59]: Time 0.464210 seconds, bootstrap likelihood -3092.099914, best rearrangement setting 9
Bootstrap[60]: Time 0.444421 seconds, bootstrap likelihood -3252.001108, best rearrangement setting 7
Bootstrap[61]: Time 0.493713 seconds, bootstrap likelihood -3069.072609, best rearrangement setting 5
Bootstrap[62]: Time 0.507123 seconds, bootstrap likelihood -3124.721059, best rearrangement setting 11
Bootstrap[63]: Time 0.528122 seconds, bootstrap likelihood -3122.955334, best rearrangement setting 12
Bootstrap[64]: Time 0.473679 seconds, bootstrap likelihood -3020.373740, best rearrangement setting 7
Bootstrap[65]: Time 0.486485 seconds, bootstrap likelihood -3470.847942, best rearrangement setting 5
Bootstrap[66]: Time 0.508532 seconds, bootstrap likelihood -3240.913061, best rearrangement setting 5
Bootstrap[67]: Time 0.456667 seconds, bootstrap likelihood -2926.000092, best rearrangement setting 15
Bootstrap[68]: Time 0.422563 seconds, bootstrap likelihood -3030.111356, best rearrangement setting 11
Bootstrap[69]: Time 0.463065 seconds, bootstrap likelihood -3218.300324, best rearrangement setting 5
Bootstrap[70]: Time 0.478072 seconds, bootstrap likelihood -3211.097274, best rearrangement setting 8
Bootstrap[71]: Time 0.526191 seconds, bootstrap likelihood -2943.587201, best rearrangement setting 10
Bootstrap[72]: Time 0.500054 seconds, bootstrap likelihood -3144.506599, best rearrangement setting 11
Bootstrap[73]: Time 0.495878 seconds, bootstrap likelihood -3056.248136, best rearrangement setting 9
Bootstrap[74]: Time 0.493818 seconds, bootstrap likelihood -3008.781593, best rearrangement setting 5
Bootstrap[75]: Time 0.447796 seconds, bootstrap likelihood -3042.609643, best rearrangement setting 8
Bootstrap[76]: Time 0.410006 seconds, bootstrap likelihood -2950.774909, best rearrangement setting 9
Bootstrap[77]: Time 0.202715 seconds, bootstrap likelihood -3031.225151, best rearrangement setting 11
Bootstrap[78]: Time 0.488751 seconds, bootstrap likelihood -2931.411466, best rearrangement setting 15
Bootstrap[79]: Time 0.474124 seconds, bootstrap likelihood -3017.580099, best rearrangement setting 9
Bootstrap[80]: Time 0.465160 seconds, bootstrap likelihood -2882.424367, best rearrangement setting 15
Bootstrap[81]: Time 0.520022 seconds, bootstrap likelihood -3199.265306, best rearrangement setting 7
Bootstrap[82]: Time 0.491797 seconds, bootstrap likelihood -3210.734987, best rearrangement setting 6
Bootstrap[83]: Time 0.489758 seconds, bootstrap likelihood -2898.537430, best rearrangement setting 10
Bootstrap[84]: Time 0.521179 seconds, bootstrap likelihood -2931.503924, best rearrangement setting 11
Bootstrap[85]: Time 0.496692 seconds, bootstrap likelihood -2965.656770, best rearrangement setting 8
Bootstrap[86]: Time 0.486982 seconds, bootstrap likelihood -3468.067483, best rearrangement setting 7
Bootstrap[87]: Time 0.435456 seconds, bootstrap likelihood -3065.079614, best rearrangement setting 7
Bootstrap[88]: Time 0.470841 seconds, bootstrap likelihood -3098.807200, best rearrangement setting 12
Bootstrap[89]: Time 0.467935 seconds, bootstrap likelihood -3151.126287, best rearrangement setting 10
Bootstrap[90]: Time 0.449659 seconds, bootstrap likelihood -3178.081104, best rearrangement setting 8
Bootstrap[91]: Time 0.449359 seconds, bootstrap likelihood -3022.362695, best rearrangement setting 12
Bootstrap[92]: Time 0.459276 seconds, bootstrap likelihood -3314.097954, best rearrangement setting 13
Bootstrap[93]: Time 0.465965 seconds, bootstrap likelihood -3300.709972, best rearrangement setting 15
Bootstrap[94]: Time 0.499752 seconds, bootstrap likelihood -3225.412690, best rearrangement setting 5
Bootstrap[95]: Time 0.483469 seconds, bootstrap likelihood -2968.887053, best rearrangement setting 5
Bootstrap[96]: Time 0.457987 seconds, bootstrap likelihood -3076.516387, best rearrangement setting 13
Bootstrap[97]: Time 0.492027 seconds, bootstrap likelihood -3148.954774, best rearrangement setting 11
Bootstrap[98]: Time 0.464413 seconds, bootstrap likelihood -3233.136874, best rearrangement setting 6
Bootstrap[99]: Time 0.451778 seconds, bootstrap likelihood -3045.814046, best rearrangement setting 14


Overall Time for 100 Rapid Bootstraps 47.458561 seconds
Average Time per Rapid Bootstrap 0.474586 seconds

Starting ML Search ...

Fast ML optimization finished

Fast ML search Time: 39.871736 seconds

Slow ML Search 0 Likelihood: -3133.652384
Slow ML Search 1 Likelihood: -3133.652384
Slow ML Search 2 Likelihood: -3133.652384
Slow ML Search 3 Likelihood: -3133.652384
Slow ML Search 4 Likelihood: -3133.652384
Slow ML Search 5 Likelihood: -3133.652384
Slow ML Search 6 Likelihood: -3133.652384
Slow ML Search 7 Likelihood: -3133.652384
Slow ML Search 8 Likelihood: -3133.652384
Slow ML Search 9 Likelihood: -3133.652384
Slow ML optimization finished

Slow ML search Time: 11.060411 seconds
Thorough ML search Time: 0.756925 seconds

Final ML Optimization Likelihood: -3133.652385

Model Information:

Model Parameters of Partition 0, Name: No Name Provided, Type of Data: AA
alpha: 0.876188
Tree-Length: 7.036908
rate A <-> R: 0.234172
rate A <-> N: 0.849957
rate A <-> D: 1.040763
rate A <-> C: 0.312229
rate A <-> Q: 0.771899
rate A <-> E: 1.717259
rate A <-> G: 2.081526
rate A <-> H: 0.199480
rate A <-> I: 0.563747
rate A <-> L: 0.355594
rate A <-> K: 0.225499
rate A <-> M: 0.624458
rate A <-> F: 0.156114
rate A <-> P: 2.168257
rate A <-> S: 3.547268
rate A <-> T: 3.217693
rate A <-> W: 0.000000
rate A <-> Y: 0.208153
rate A <-> V: 1.803990
rate R <-> N: 0.277537
rate R <-> D: 0.000000
rate R <-> C: 0.199480
rate R <-> Q: 2.133565
rate R <-> E: 0.008673
rate R <-> G: 0.078057
rate R <-> H: 2.081526
rate R <-> I: 0.555074
rate R <-> L: 0.130095
rate R <-> K: 4.024284
rate R <-> M: 0.780572
rate R <-> F: 0.121422
rate R <-> P: 0.893322
rate R <-> S: 1.335646
rate R <-> T: 0.225499
rate R <-> W: 1.743278
rate R <-> Y: 0.069384
rate R <-> V: 0.208153
rate N <-> D: 7.849089
rate N <-> C: 0.000000
rate N <-> Q: 0.893322
rate N <-> E: 1.283608
rate N <-> G: 1.205551
rate N <-> H: 4.640069
rate N <-> I: 0.667823
rate N <-> L: 0.294883
rate N <-> K: 2.758023
rate N <-> M: 0.008673
rate N <-> F: 0.121422
rate N <-> P: 0.364267
rate N <-> S: 4.293148
rate N <-> T: 1.986123
rate N <-> W: 0.199480
rate N <-> Y: 0.823938
rate N <-> V: 0.130095
rate D <-> C: 0.000000
rate D <-> Q: 1.162186
rate D <-> E: 10.000000
rate D <-> G: 1.084128
rate D <-> H: 0.745880
rate D <-> I: 0.208153
rate D <-> L: 0.000000
rate D <-> K: 0.615785
rate D <-> M: 0.000000
rate D <-> F: 0.000000
rate D <-> P: 0.112749
rate D <-> S: 0.823938
rate D <-> T: 0.572420
rate D <-> W: 0.000000
rate D <-> Y: 0.000000
rate D <-> V: 0.156114
rate C <-> Q: 0.000000
rate C <-> E: 0.000000
rate C <-> G: 0.095403
rate C <-> H: 0.242845
rate C <-> I: 0.381613
rate C <-> L: 0.000000
rate C <-> K: 0.000000
rate C <-> M: 0.000000
rate C <-> F: 0.000000
rate C <-> P: 0.164788
rate C <-> S: 1.396357
rate C <-> T: 0.138768
rate C <-> W: 0.000000
rate C <-> Y: 0.832611
rate C <-> V: 0.424978
rate Q <-> E: 6.209887
rate Q <-> G: 0.242845
rate Q <-> H: 5.255854
rate Q <-> I: 0.156114
rate Q <-> L: 0.633131
rate Q <-> K: 1.326973
rate Q <-> M: 0.988725
rate Q <-> F: 0.000000
rate Q <-> P: 1.326973
rate Q <-> S: 0.485690
rate Q <-> T: 0.459670
rate Q <-> W: 0.000000
rate Q <-> Y: 0.000000
rate Q <-> V: 0.303556
rate E <-> G: 0.702515
rate E <-> H: 0.372940
rate E <-> I: 0.529055
rate E <-> L: 0.095403
rate E <-> K: 0.719861
rate E <-> M: 0.260191
rate E <-> F: 0.000000
rate E <-> P: 0.442324
rate E <-> S: 0.685169
rate E <-> T: 0.294883
rate E <-> W: 0.000000
rate E <-> Y: 0.190807
rate E <-> V: 0.320902
rate G <-> H: 0.086730
rate G <-> I: 0.000000
rate G <-> L: 0.060711
rate G <-> K: 0.234172
rate G <-> M: 0.147441
rate G <-> F: 0.130095
rate G <-> P: 0.294883
rate G <-> S: 2.029488
rate G <-> T: 0.260191
rate G <-> W: 0.000000
rate G <-> Y: 0.000000
rate G <-> V: 0.468343
rate H <-> I: 0.060711
rate H <-> L: 0.381613
rate H <-> K: 0.225499
rate H <-> M: 0.000000
rate H <-> F: 0.416305
rate H <-> P: 0.815265
rate H <-> S: 0.303556
rate H <-> T: 0.190807
rate H <-> W: 0.234172
rate H <-> Y: 1.101474
rate H <-> V: 0.381613
rate I <-> L: 2.228968
rate I <-> K: 0.398959
rate I <-> M: 2.914137
rate I <-> F: 1.699913
rate I <-> P: 0.104076
rate I <-> S: 0.208153
rate I <-> T: 1.665221
rate I <-> W: 0.000000
rate I <-> Y: 0.320902
rate I <-> V: 7.710321
rate L <-> K: 0.156114
rate L <-> M: 4.570685
rate L <-> F: 1.361665
rate L <-> P: 0.277537
rate L <-> S: 0.147441
rate L <-> T: 0.286210
rate L <-> W: 0.398959
rate L <-> Y: 0.242845
rate L <-> V: 1.517780
rate K <-> M: 2.107546
rate K <-> F: 0.000000
rate K <-> P: 0.286210
rate K <-> S: 0.832611
rate K <-> T: 1.179532
rate K <-> W: 0.000000
rate K <-> Y: 0.112749
rate K <-> V: 0.086730
rate M <-> F: 0.797918
rate M <-> P: 0.147441
rate M <-> S: 0.537728
rate M <-> T: 0.901995
rate M <-> W: 0.000000
rate M <-> Y: 0.000000
rate M <-> V: 2.237641
rate F <-> P: 0.095403
rate F <-> S: 0.398959
rate F <-> T: 0.112749
rate F <-> W: 0.659150
rate F <-> Y: 6.053773
rate F <-> V: 0.104076
rate P <-> S: 2.124892
rate P <-> T: 0.676496
rate P <-> W: 0.000000
rate P <-> Y: 0.000000
rate P <-> V: 0.416305
rate S <-> T: 4.770165
rate S <-> W: 0.650477
rate S <-> Y: 0.294883
rate S <-> V: 0.260191
rate T <-> W: 0.000000
rate T <-> Y: 0.364267
rate T <-> V: 1.361665
rate W <-> Y: 0.529055
rate W <-> V: 0.000000
rate Y <-> V: 0.242845

freq pi(A): 0.034762
freq pi(R): 0.082381
freq pi(N): 0.037143
freq pi(D): 0.066667
freq pi(C): 0.041905
freq pi(Q): 0.032857
freq pi(E): 0.105714
freq pi(G): 0.034762
freq pi(H): 0.032857
freq pi(I): 0.034286
freq pi(L): 0.091905
freq pi(K): 0.112381
freq pi(M): 0.020000
freq pi(F): 0.040000
freq pi(P): 0.028095
freq pi(S): 0.060952
freq pi(T): 0.045238
freq pi(W): 0.012857
freq pi(Y): 0.037619
freq pi(V): 0.047619


ML search took 51.708558 secs or 0.014363 hours

Combined Bootstrap and ML search took 99.167340 secs or 0.027546 hours

Drawing Bootstrap Support Values on best-scoring ML tree ...



Found 1 tree in File /in/RAxML_bestTree.EOG091G17K3.clustalo.aln.ALICUT.DAYHOFFF



Found 1 tree in File /in/RAxML_bestTree.EOG091G17K3.clustalo.aln.ALICUT.DAYHOFFF

Program execution info written to /in/RAxML_info.EOG091G17K3.clustalo.aln.ALICUT.DAYHOFFF
All 100 bootstrapped trees written to: /in/RAxML_bootstrap.EOG091G17K3.clustalo.aln.ALICUT.DAYHOFFF

Best-scoring ML tree written to: /in/RAxML_bestTree.EOG091G17K3.clustalo.aln.ALICUT.DAYHOFFF

Best-scoring ML tree with support values written to: /in/RAxML_bipartitions.EOG091G17K3.clustalo.aln.ALICUT.DAYHOFFF

Best-scoring ML tree with support values as branch labels written to: /in/RAxML_bipartitionsBranchLabels.EOG091G17K3.clustalo.aln.ALICUT.DAYHOFFF

Overall execution time for full ML analysis: 99.169898 secs or 0.027547 hours or 0.001148 days

