
	reading taxa from FASTA ...


	N.vectensis          -> sites: 197   
	D.melanogaster       -> sites: 197   
	H.robusta            -> sites: 197   
	G.turnbulli          -> sites: 197   
	H.microstoma         -> sites: 197   
	S.mansoni            -> sites: 197   
	R.norvegicus         -> sites: 197   
	D.rerio              -> sites: 197   
	E.nipponicum         -> sites: 197   
	G.salaris            -> sites: 197   
	C.sinensis           -> sites: 197   
	C.intestinalis       -> sites: 197   
	E.granulosus         -> sites: 197   
	S.mediterranea       -> sites: 197   


	data type             : amino acid sequences

	input ...

	infile		: EOG091G0OI8.clustalo.aln.fasta
	random pairs	: 200000000000000000
	window size	: 6
	indels		: ambiguous
	tree file	: -
	node level	: -
	strict profile	: -
	outgroup	: -
	matrix          : BLOSUM62

	number of taxa        : 14
	random number of pairs: 200000000000000000

	generates threshhold value for amino acid data
	using BLOSUM62

	checks for (potential) identical taxa


	scores site patterns ...


	max number of different pairs is 91
	max random pairs are scored!

	pair: 1      ->	taxon1: N.vectensi	taxon2: D.melanoga
	            	positions below base line: 25
	pair: 2      ->	taxon1: N.vectensi	taxon2: H.robusta 
	            	positions below base line: 25
	pair: 3      ->	taxon1: N.vectensi	taxon2: G.turnbull
	            	positions below base line: 30
	pair: 4      ->	taxon1: N.vectensi	taxon2: H.microsto
	            	positions below base line: 30
	pair: 5      ->	taxon1: N.vectensi	taxon2: S.mansoni 
	            	positions below base line: 31
	pair: 6      ->	taxon1: N.vectensi	taxon2: R.norvegic
	            	positions below base line: 25
	pair: 7      ->	taxon1: N.vectensi	taxon2: D.rerio   
	            	positions below base line: 25
	pair: 8      ->	taxon1: N.vectensi	taxon2: E.nipponic
	            	positions below base line: 31
	pair: 9      ->	taxon1: N.vectensi	taxon2: G.salaris 
	            	positions below base line: 30
	pair: 10     ->	taxon1: N.vectensi	taxon2: C.sinensis
	            	positions below base line: 31
	pair: 11     ->	taxon1: N.vectensi	taxon2: C.intestin
	            	positions below base line: 25
	pair: 12     ->	taxon1: N.vectensi	taxon2: E.granulos
	            	positions below base line: 32
	pair: 13     ->	taxon1: N.vectensi	taxon2: S.mediterr
	            	positions below base line: 31
	pair: 14     ->	taxon1: D.melanoga	taxon2: H.robusta 
	            	positions below base line: 25
	pair: 15     ->	taxon1: D.melanoga	taxon2: G.turnbull
	            	positions below base line: 31
	pair: 16     ->	taxon1: D.melanoga	taxon2: H.microsto
	            	positions below base line: 30
	pair: 17     ->	taxon1: D.melanoga	taxon2: S.mansoni 
	            	positions below base line: 30
	pair: 18     ->	taxon1: D.melanoga	taxon2: R.norvegic
	            	positions below base line: 25
	pair: 19     ->	taxon1: D.melanoga	taxon2: D.rerio   
	            	positions below base line: 25
	pair: 20     ->	taxon1: D.melanoga	taxon2: E.nipponic
	            	positions below base line: 31
	pair: 21     ->	taxon1: D.melanoga	taxon2: G.salaris 
	            	positions below base line: 32
	pair: 22     ->	taxon1: D.melanoga	taxon2: C.sinensis
	            	positions below base line: 30
	pair: 23     ->	taxon1: D.melanoga	taxon2: C.intestin
	            	positions below base line: 25
	pair: 24     ->	taxon1: D.melanoga	taxon2: E.granulos
	            	positions below base line: 30
	pair: 25     ->	taxon1: D.melanoga	taxon2: S.mediterr
	            	positions below base line: 30
	pair: 26     ->	taxon1: H.robusta 	taxon2: G.turnbull
	            	positions below base line: 31
	pair: 27     ->	taxon1: H.robusta 	taxon2: H.microsto
	            	positions below base line: 30
	pair: 28     ->	taxon1: H.robusta 	taxon2: S.mansoni 
	            	positions below base line: 30
	pair: 29     ->	taxon1: H.robusta 	taxon2: R.norvegic
	            	positions below base line: 25
	pair: 30     ->	taxon1: H.robusta 	taxon2: D.rerio   
	            	positions below base line: 25
	pair: 31     ->	taxon1: H.robusta 	taxon2: E.nipponic
	            	positions below base line: 31
	pair: 32     ->	taxon1: H.robusta 	taxon2: G.salaris 
	            	positions below base line: 32
	pair: 33     ->	taxon1: H.robusta 	taxon2: C.sinensis
	            	positions below base line: 31
	pair: 34     ->	taxon1: H.robusta 	taxon2: C.intestin
	            	positions below base line: 25
	pair: 35     ->	taxon1: H.robusta 	taxon2: E.granulos
	            	positions below base line: 32
	pair: 36     ->	taxon1: H.robusta 	taxon2: S.mediterr
	            	positions below base line: 31
	pair: 37     ->	taxon1: G.turnbull	taxon2: H.microsto
	            	positions below base line: 32
	pair: 38     ->	taxon1: G.turnbull	taxon2: S.mansoni 
	            	positions below base line: 30
	pair: 39     ->	taxon1: G.turnbull	taxon2: R.norvegic
	            	positions below base line: 30
	pair: 40     ->	taxon1: G.turnbull	taxon2: D.rerio   
	            	positions below base line: 30
	pair: 41     ->	taxon1: G.turnbull	taxon2: E.nipponic
	            	positions below base line: 29
	pair: 42     ->	taxon1: G.turnbull	taxon2: G.salaris 
	            	positions below base line: 21
	pair: 43     ->	taxon1: G.turnbull	taxon2: C.sinensis
	            	positions below base line: 30
	pair: 44     ->	taxon1: G.turnbull	taxon2: C.intestin
	            	positions below base line: 30
	pair: 45     ->	taxon1: G.turnbull	taxon2: E.granulos
	            	positions below base line: 32
	pair: 46     ->	taxon1: G.turnbull	taxon2: S.mediterr
	            	positions below base line: 30
	pair: 47     ->	taxon1: H.microsto	taxon2: S.mansoni 
	            	positions below base line: 31
	pair: 48     ->	taxon1: H.microsto	taxon2: R.norvegic
	            	positions below base line: 30
	pair: 49     ->	taxon1: H.microsto	taxon2: D.rerio   
	            	positions below base line: 30
	pair: 50     ->	taxon1: H.microsto	taxon2: E.nipponic
	            	positions below base line: 31
	pair: 51     ->	taxon1: H.microsto	taxon2: G.salaris 
	            	positions below base line: 33
	pair: 52     ->	taxon1: H.microsto	taxon2: C.sinensis
	            	positions below base line: 31
	pair: 53     ->	taxon1: H.microsto	taxon2: C.intestin
	            	positions below base line: 30
	pair: 54     ->	taxon1: H.microsto	taxon2: E.granulos
	            	positions below base line: 30
	pair: 55     ->	taxon1: H.microsto	taxon2: S.mediterr
	            	positions below base line: 29
	pair: 56     ->	taxon1: S.mansoni 	taxon2: R.norvegic
	            	positions below base line: 31
	pair: 57     ->	taxon1: S.mansoni 	taxon2: D.rerio   
	            	positions below base line: 31
	pair: 58     ->	taxon1: S.mansoni 	taxon2: E.nipponic
	            	positions below base line: 30
	pair: 59     ->	taxon1: S.mansoni 	taxon2: G.salaris 
	            	positions below base line: 31
	pair: 60     ->	taxon1: S.mansoni 	taxon2: C.sinensis
	            	positions below base line: 30
	pair: 61     ->	taxon1: S.mansoni 	taxon2: C.intestin
	            	positions below base line: 29
	pair: 62     ->	taxon1: S.mansoni 	taxon2: E.granulos
	            	positions below base line: 32
	pair: 63     ->	taxon1: S.mansoni 	taxon2: S.mediterr
	            	positions below base line: 29
	pair: 64     ->	taxon1: R.norvegic	taxon2: D.rerio   
	            	positions below base line: 25
	pair: 65     ->	taxon1: R.norvegic	taxon2: E.nipponic
	            	positions below base line: 31
	pair: 66     ->	taxon1: R.norvegic	taxon2: G.salaris 
	            	positions below base line: 30
	pair: 67     ->	taxon1: R.norvegic	taxon2: C.sinensis
	            	positions below base line: 31
	pair: 68     ->	taxon1: R.norvegic	taxon2: C.intestin
	            	positions below base line: 25
	pair: 69     ->	taxon1: R.norvegic	taxon2: E.granulos
	            	positions below base line: 30
	pair: 70     ->	taxon1: R.norvegic	taxon2: S.mediterr
	            	positions below base line: 31
	pair: 71     ->	taxon1: D.rerio   	taxon2: E.nipponic
	            	positions below base line: 31
	pair: 72     ->	taxon1: D.rerio   	taxon2: G.salaris 
	            	positions below base line: 30
	pair: 73     ->	taxon1: D.rerio   	taxon2: C.sinensis
	            	positions below base line: 31
	pair: 74     ->	taxon1: D.rerio   	taxon2: C.intestin
	            	positions below base line: 25
	pair: 75     ->	taxon1: D.rerio   	taxon2: E.granulos
	            	positions below base line: 30
	pair: 76     ->	taxon1: D.rerio   	taxon2: S.mediterr
	            	positions below base line: 31
	pair: 77     ->	taxon1: E.nipponic	taxon2: G.salaris 
	            	positions below base line: 32
	pair: 78     ->	taxon1: E.nipponic	taxon2: C.sinensis
	            	positions below base line: 29
	pair: 79     ->	taxon1: E.nipponic	taxon2: C.intestin
	            	positions below base line: 31
	pair: 80     ->	taxon1: E.nipponic	taxon2: E.granulos
	            	positions below base line: 30
	pair: 81     ->	taxon1: E.nipponic	taxon2: S.mediterr
	            	positions below base line: 29
	pair: 82     ->	taxon1: G.salaris 	taxon2: C.sinensis
	            	positions below base line: 32
	pair: 83     ->	taxon1: G.salaris 	taxon2: C.intestin
	            	positions below base line: 31
	pair: 84     ->	taxon1: G.salaris 	taxon2: E.granulos
	            	positions below base line: 33
	pair: 85     ->	taxon1: G.salaris 	taxon2: S.mediterr
	            	positions below base line: 32
	pair: 86     ->	taxon1: C.sinensis	taxon2: C.intestin
	            	positions below base line: 31
	pair: 87     ->	taxon1: C.sinensis	taxon2: E.granulos
	            	positions below base line: 32
	pair: 88     ->	taxon1: C.sinensis	taxon2: S.mediterr
	            	positions below base line: 29
	pair: 89     ->	taxon1: C.intestin	taxon2: E.granulos
	            	positions below base line: 32
	pair: 90     ->	taxon1: C.intestin	taxon2: S.mediterr
	            	positions below base line: 30
	pair: 91     ->	taxon1: E.granulos	taxon2: S.mediterr
	            	positions below base line: 32

	generates quality profile from collected scores ...


	scoring done ...


	generates vector plot from collected scores ...


Argument "-" treated as 0 in increment (++) at /usr/bin/Aliscore.pl line 1213.
	Profile written to EOG091G0OI8.clustalo.aln.fasta_Profile_random.txt
	List   written to EOG091G0OI8.clustalo.aln.fasta_List_random.txt

	time used: 3.75 sec

