
	reading taxa from FASTA ...


	M.lignano            -> sites: 805   
	C.sinensis           -> sites: 805   
	E.granulosus         -> sites: 805   
	C.elegans            -> sites: 805   
	O.viverrini          -> sites: 805   
	R.norvegicus         -> sites: 805   
	H.microstoma         -> sites: 805   
	T.solium             -> sites: 805   
	D.rerio              -> sites: 805   
	C.intestinalis       -> sites: 805   
	D.melanogaster       -> sites: 805   


	data type             : amino acid sequences

	input ...

	infile		: EOG091G08D1.clustalo.aln.fasta
	random pairs	: 200000000000000000
	window size	: 6
	indels		: ambiguous
	tree file	: -
	node level	: -
	strict profile	: -
	outgroup	: -
	matrix          : BLOSUM62

	number of taxa        : 11
	random number of pairs: 200000000000000000

	generates threshhold value for amino acid data
	using BLOSUM62

	checks for (potential) identical taxa


	scores site patterns ...


	max number of different pairs is 55
	max random pairs are scored!

	pair: 1      ->	taxon1: M.lignano 	taxon2: C.sinensis
	            	positions below base line: 624
	pair: 2      ->	taxon1: M.lignano 	taxon2: E.granulos
	            	positions below base line: 590
	pair: 3      ->	taxon1: M.lignano 	taxon2: C.elegans 
	            	positions below base line: 540
	pair: 4      ->	taxon1: M.lignano 	taxon2: O.viverrin
	            	positions below base line: 564
	pair: 5      ->	taxon1: M.lignano 	taxon2: R.norvegic
	            	positions below base line: 363
	pair: 6      ->	taxon1: M.lignano 	taxon2: H.microsto
	            	positions below base line: 587
	pair: 7      ->	taxon1: M.lignano 	taxon2: T.solium  
	            	positions below base line: 598
	pair: 8      ->	taxon1: M.lignano 	taxon2: D.rerio   
	            	positions below base line: 378
	pair: 9      ->	taxon1: M.lignano 	taxon2: C.intestin
	            	positions below base line: 398
	pair: 10     ->	taxon1: M.lignano 	taxon2: D.melanoga
	            	positions below base line: 524
	pair: 11     ->	taxon1: C.sinensis	taxon2: E.granulos
	            	positions below base line: 585
	pair: 12     ->	taxon1: C.sinensis	taxon2: C.elegans 
	            	positions below base line: 714
	pair: 13     ->	taxon1: C.sinensis	taxon2: O.viverrin
	            	positions below base line: 336
	pair: 14     ->	taxon1: C.sinensis	taxon2: R.norvegic
	            	positions below base line: 610
	pair: 15     ->	taxon1: C.sinensis	taxon2: H.microsto
	            	positions below base line: 571
	pair: 16     ->	taxon1: C.sinensis	taxon2: T.solium  
	            	positions below base line: 581
	pair: 17     ->	taxon1: C.sinensis	taxon2: D.rerio   
	            	positions below base line: 623
	pair: 18     ->	taxon1: C.sinensis	taxon2: C.intestin
	            	positions below base line: 611
	pair: 19     ->	taxon1: C.sinensis	taxon2: D.melanoga
	            	positions below base line: 641
	pair: 20     ->	taxon1: E.granulos	taxon2: C.elegans 
	            	positions below base line: 643
	pair: 21     ->	taxon1: E.granulos	taxon2: O.viverrin
	            	positions below base line: 534
	pair: 22     ->	taxon1: E.granulos	taxon2: R.norvegic
	            	positions below base line: 563
	pair: 23     ->	taxon1: E.granulos	taxon2: H.microsto
	            	positions below base line: 260
	pair: 24     ->	taxon1: E.granulos	taxon2: T.solium  
	            	positions below base line: 161
	pair: 25     ->	taxon1: E.granulos	taxon2: D.rerio   
	            	positions below base line: 568
	pair: 26     ->	taxon1: E.granulos	taxon2: C.intestin
	            	positions below base line: 600
	pair: 27     ->	taxon1: E.granulos	taxon2: D.melanoga
	            	positions below base line: 621
	pair: 28     ->	taxon1: C.elegans 	taxon2: O.viverrin
	            	positions below base line: 690
	pair: 29     ->	taxon1: C.elegans 	taxon2: R.norvegic
	            	positions below base line: 490
	pair: 30     ->	taxon1: C.elegans 	taxon2: H.microsto
	            	positions below base line: 619
	pair: 31     ->	taxon1: C.elegans 	taxon2: T.solium  
	            	positions below base line: 638
	pair: 32     ->	taxon1: C.elegans 	taxon2: D.rerio   
	            	positions below base line: 501
	pair: 33     ->	taxon1: C.elegans 	taxon2: C.intestin
	            	positions below base line: 541
	pair: 34     ->	taxon1: C.elegans 	taxon2: D.melanoga
	            	positions below base line: 536
	pair: 35     ->	taxon1: O.viverrin	taxon2: R.norvegic
	            	positions below base line: 574
	pair: 36     ->	taxon1: O.viverrin	taxon2: H.microsto
	            	positions below base line: 544
	pair: 37     ->	taxon1: O.viverrin	taxon2: T.solium  
	            	positions below base line: 529
	pair: 38     ->	taxon1: O.viverrin	taxon2: D.rerio   
	            	positions below base line: 586
	pair: 39     ->	taxon1: O.viverrin	taxon2: C.intestin
	            	positions below base line: 566
	pair: 40     ->	taxon1: O.viverrin	taxon2: D.melanoga
	            	positions below base line: 622
	pair: 41     ->	taxon1: R.norvegic	taxon2: H.microsto
	            	positions below base line: 553
	pair: 42     ->	taxon1: R.norvegic	taxon2: T.solium  
	            	positions below base line: 565
	pair: 43     ->	taxon1: R.norvegic	taxon2: D.rerio   
	            	positions below base line: 182
	pair: 44     ->	taxon1: R.norvegic	taxon2: C.intestin
	            	positions below base line: 311
	pair: 45     ->	taxon1: R.norvegic	taxon2: D.melanoga
	            	positions below base line: 457
	pair: 46     ->	taxon1: H.microsto	taxon2: T.solium  
	            	positions below base line: 252
	pair: 47     ->	taxon1: H.microsto	taxon2: D.rerio   
	            	positions below base line: 574
	pair: 48     ->	taxon1: H.microsto	taxon2: C.intestin
	            	positions below base line: 588
	pair: 49     ->	taxon1: H.microsto	taxon2: D.melanoga
	            	positions below base line: 603
	pair: 50     ->	taxon1: T.solium  	taxon2: D.rerio   
	            	positions below base line: 566
	pair: 51     ->	taxon1: T.solium  	taxon2: C.intestin
	            	positions below base line: 611
	pair: 52     ->	taxon1: T.solium  	taxon2: D.melanoga
	            	positions below base line: 622
	pair: 53     ->	taxon1: D.rerio   	taxon2: C.intestin
	            	positions below base line: 326
	pair: 54     ->	taxon1: D.rerio   	taxon2: D.melanoga
	            	positions below base line: 510
	pair: 55     ->	taxon1: C.intestin	taxon2: D.melanoga
	            	positions below base line: 489

	generates quality profile from collected scores ...


	scoring done ...


	generates vector plot from collected scores ...


Argument "-" treated as 0 in increment (++) at /usr/bin/Aliscore.pl line 1213.
	Profile written to EOG091G08D1.clustalo.aln.fasta_Profile_random.txt
	List   written to EOG091G08D1.clustalo.aln.fasta_List_random.txt

	time used: 4.08 sec

