
	reading taxa from FASTA ...


	R.norvegicus         -> sites: 1098  
	T.solium             -> sites: 1098  
	D.rerio              -> sites: 1098  
	S.mediterranea       -> sites: 1098  
	L.gigantea           -> sites: 1098  
	D.melanogaster       -> sites: 1098  
	G.turnbulli          -> sites: 1098  
	E.granulosus         -> sites: 1098  
	H.robusta            -> sites: 1098  
	H.microstoma         -> sites: 1098  
	S.mansoni            -> sites: 1098  
	O.viverrini          -> sites: 1098  
	C.intestinalis       -> sites: 1098  


	data type             : amino acid sequences

	input ...

	infile		: EOG091G06S3.clustalo.aln.fasta
	random pairs	: 200000000000000000
	window size	: 6
	indels		: ambiguous
	tree file	: -
	node level	: -
	strict profile	: -
	outgroup	: -
	matrix          : BLOSUM62

	number of taxa        : 13
	random number of pairs: 200000000000000000

	generates threshhold value for amino acid data
	using BLOSUM62

	checks for (potential) identical taxa


	scores site patterns ...


	max number of different pairs is 78
	max random pairs are scored!

	pair: 1      ->	taxon1: R.norvegic	taxon2: T.solium  
	            	positions below base line: 686
	pair: 2      ->	taxon1: R.norvegic	taxon2: D.rerio   
	            	positions below base line: 579
	pair: 3      ->	taxon1: R.norvegic	taxon2: S.mediterr
	            	positions below base line: 652
	pair: 4      ->	taxon1: R.norvegic	taxon2: L.gigantea
	            	positions below base line: 582
	pair: 5      ->	taxon1: R.norvegic	taxon2: D.melanoga
	            	positions below base line: 605
	pair: 6      ->	taxon1: R.norvegic	taxon2: G.turnbull
	            	positions below base line: 748
	pair: 7      ->	taxon1: R.norvegic	taxon2: E.granulos
	            	positions below base line: 679
	pair: 8      ->	taxon1: R.norvegic	taxon2: H.robusta 
	            	positions below base line: 597
	pair: 9      ->	taxon1: R.norvegic	taxon2: H.microsto
	            	positions below base line: 634
	pair: 10     ->	taxon1: R.norvegic	taxon2: S.mansoni 
	            	positions below base line: 692
	pair: 11     ->	taxon1: R.norvegic	taxon2: O.viverrin
	            	positions below base line: 634
	pair: 12     ->	taxon1: R.norvegic	taxon2: C.intestin
	            	positions below base line: 609
	pair: 13     ->	taxon1: T.solium  	taxon2: D.rerio   
	            	positions below base line: 689
	pair: 14     ->	taxon1: T.solium  	taxon2: S.mediterr
	            	positions below base line: 722
	pair: 15     ->	taxon1: T.solium  	taxon2: L.gigantea
	            	positions below base line: 694
	pair: 16     ->	taxon1: T.solium  	taxon2: D.melanoga
	            	positions below base line: 695
	pair: 17     ->	taxon1: T.solium  	taxon2: G.turnbull
	            	positions below base line: 803
	pair: 18     ->	taxon1: T.solium  	taxon2: E.granulos
	            	positions below base line: 562
	pair: 19     ->	taxon1: T.solium  	taxon2: H.robusta 
	            	positions below base line: 705
	pair: 20     ->	taxon1: T.solium  	taxon2: H.microsto
	            	positions below base line: 684
	pair: 21     ->	taxon1: T.solium  	taxon2: S.mansoni 
	            	positions below base line: 715
	pair: 22     ->	taxon1: T.solium  	taxon2: O.viverrin
	            	positions below base line: 696
	pair: 23     ->	taxon1: T.solium  	taxon2: C.intestin
	            	positions below base line: 703
	pair: 24     ->	taxon1: D.rerio   	taxon2: S.mediterr
	            	positions below base line: 636
	pair: 25     ->	taxon1: D.rerio   	taxon2: L.gigantea
	            	positions below base line: 586
	pair: 26     ->	taxon1: D.rerio   	taxon2: D.melanoga
	            	positions below base line: 598
	pair: 27     ->	taxon1: D.rerio   	taxon2: G.turnbull
	            	positions below base line: 737
	pair: 28     ->	taxon1: D.rerio   	taxon2: E.granulos
	            	positions below base line: 683
	pair: 29     ->	taxon1: D.rerio   	taxon2: H.robusta 
	            	positions below base line: 594
	pair: 30     ->	taxon1: D.rerio   	taxon2: H.microsto
	            	positions below base line: 631
	pair: 31     ->	taxon1: D.rerio   	taxon2: S.mansoni 
	            	positions below base line: 686
	pair: 32     ->	taxon1: D.rerio   	taxon2: O.viverrin
	            	positions below base line: 628
	pair: 33     ->	taxon1: D.rerio   	taxon2: C.intestin
	            	positions below base line: 594
	pair: 34     ->	taxon1: S.mediterr	taxon2: L.gigantea
	            	positions below base line: 652
	pair: 35     ->	taxon1: S.mediterr	taxon2: D.melanoga
	            	positions below base line: 678
	pair: 36     ->	taxon1: S.mediterr	taxon2: G.turnbull
	            	positions below base line: 795
	pair: 37     ->	taxon1: S.mediterr	taxon2: E.granulos
	            	positions below base line: 713
	pair: 38     ->	taxon1: S.mediterr	taxon2: H.robusta 
	            	positions below base line: 653
	pair: 39     ->	taxon1: S.mediterr	taxon2: H.microsto
	            	positions below base line: 675
	pair: 40     ->	taxon1: S.mediterr	taxon2: S.mansoni 
	            	positions below base line: 731
	pair: 41     ->	taxon1: S.mediterr	taxon2: O.viverrin
	            	positions below base line: 690
	pair: 42     ->	taxon1: S.mediterr	taxon2: C.intestin
	            	positions below base line: 664
	pair: 43     ->	taxon1: L.gigantea	taxon2: D.melanoga
	            	positions below base line: 599
	pair: 44     ->	taxon1: L.gigantea	taxon2: G.turnbull
	            	positions below base line: 753
	pair: 45     ->	taxon1: L.gigantea	taxon2: E.granulos
	            	positions below base line: 682
	pair: 46     ->	taxon1: L.gigantea	taxon2: H.robusta 
	            	positions below base line: 605
	pair: 47     ->	taxon1: L.gigantea	taxon2: H.microsto
	            	positions below base line: 632
	pair: 48     ->	taxon1: L.gigantea	taxon2: S.mansoni 
	            	positions below base line: 697
	pair: 49     ->	taxon1: L.gigantea	taxon2: O.viverrin
	            	positions below base line: 622
	pair: 50     ->	taxon1: L.gigantea	taxon2: C.intestin
	            	positions below base line: 600
	pair: 51     ->	taxon1: D.melanoga	taxon2: G.turnbull
	            	positions below base line: 761
	pair: 52     ->	taxon1: D.melanoga	taxon2: E.granulos
	            	positions below base line: 677
	pair: 53     ->	taxon1: D.melanoga	taxon2: H.robusta 
	            	positions below base line: 599
	pair: 54     ->	taxon1: D.melanoga	taxon2: H.microsto
	            	positions below base line: 644
	pair: 55     ->	taxon1: D.melanoga	taxon2: S.mansoni 
	            	positions below base line: 699
	pair: 56     ->	taxon1: D.melanoga	taxon2: O.viverrin
	            	positions below base line: 632
	pair: 57     ->	taxon1: D.melanoga	taxon2: C.intestin
	            	positions below base line: 602
	pair: 58     ->	taxon1: G.turnbull	taxon2: E.granulos
	            	positions below base line: 780
	pair: 59     ->	taxon1: G.turnbull	taxon2: H.robusta 
	            	positions below base line: 732
	pair: 60     ->	taxon1: G.turnbull	taxon2: H.microsto
	            	positions below base line: 775
	pair: 61     ->	taxon1: G.turnbull	taxon2: S.mansoni 
	            	positions below base line: 798
	pair: 62     ->	taxon1: G.turnbull	taxon2: O.viverrin
	            	positions below base line: 744
	pair: 63     ->	taxon1: G.turnbull	taxon2: C.intestin
	            	positions below base line: 758
	pair: 64     ->	taxon1: E.granulos	taxon2: H.robusta 
	            	positions below base line: 697
	pair: 65     ->	taxon1: E.granulos	taxon2: H.microsto
	            	positions below base line: 678
	pair: 66     ->	taxon1: E.granulos	taxon2: S.mansoni 
	            	positions below base line: 709
	pair: 67     ->	taxon1: E.granulos	taxon2: O.viverrin
	            	positions below base line: 671
	pair: 68     ->	taxon1: E.granulos	taxon2: C.intestin
	            	positions below base line: 696
	pair: 69     ->	taxon1: H.robusta 	taxon2: H.microsto
	            	positions below base line: 646
	pair: 70     ->	taxon1: H.robusta 	taxon2: S.mansoni 
	            	positions below base line: 700
	pair: 71     ->	taxon1: H.robusta 	taxon2: O.viverrin
	            	positions below base line: 642
	pair: 72     ->	taxon1: H.robusta 	taxon2: C.intestin
	            	positions below base line: 597
	pair: 73     ->	taxon1: H.microsto	taxon2: S.mansoni 
	            	positions below base line: 686
	pair: 74     ->	taxon1: H.microsto	taxon2: O.viverrin
	            	positions below base line: 635
	pair: 75     ->	taxon1: H.microsto	taxon2: C.intestin
	            	positions below base line: 643
	pair: 76     ->	taxon1: S.mansoni 	taxon2: O.viverrin
	            	positions below base line: 685
	pair: 77     ->	taxon1: S.mansoni 	taxon2: C.intestin
	            	positions below base line: 695
	pair: 78     ->	taxon1: O.viverrin	taxon2: C.intestin
	            	positions below base line: 641

	generates quality profile from collected scores ...


	scoring done ...


	generates vector plot from collected scores ...


Argument "-" treated as 0 in increment (++) at /usr/bin/Aliscore.pl line 1213.
	Profile written to EOG091G06S3.clustalo.aln.fasta_Profile_random.txt
	List   written to EOG091G06S3.clustalo.aln.fasta_List_random.txt

	time used: 4.04 sec

