
	reading taxa from FASTA ...


	H.robusta            -> sites: 1498  
	N.vectensis          -> sites: 1498  
	T.solium             -> sites: 1498  
	E.granulosus         -> sites: 1498  
	O.viverrini          -> sites: 1498  
	S.mediterranea       -> sites: 1498  
	C.intestinalis       -> sites: 1498  
	M.lignano            -> sites: 1498  
	G.turnbulli          -> sites: 1498  
	C.sinensis           -> sites: 1498  
	E.nipponicum         -> sites: 1498  
	R.norvegicus         -> sites: 1498  
	S.mansoni            -> sites: 1498  
	D.melanogaster       -> sites: 1498  
	D.rerio              -> sites: 1498  


	data type             : amino acid sequences

	input ...

	infile		: EOG091G08LT.clustalo.aln.fasta
	random pairs	: 200000000000000000
	window size	: 6
	indels		: ambiguous
	tree file	: -
	node level	: -
	strict profile	: -
	outgroup	: -
	matrix          : BLOSUM62

	number of taxa        : 15
	random number of pairs: 200000000000000000

	generates threshhold value for amino acid data
	using BLOSUM62

	checks for (potential) identical taxa


	scores site patterns ...


	max number of different pairs is 105
	max random pairs are scored!

	pair: 1      ->	taxon1: H.robusta 	taxon2: N.vectensi
	            	positions below base line: 1259
	pair: 2      ->	taxon1: H.robusta 	taxon2: T.solium  
	            	positions below base line: 1279
	pair: 3      ->	taxon1: H.robusta 	taxon2: E.granulos
	            	positions below base line: 1321
	pair: 4      ->	taxon1: H.robusta 	taxon2: O.viverrin
	            	positions below base line: 1314
	pair: 5      ->	taxon1: H.robusta 	taxon2: S.mediterr
	            	positions below base line: 1296
	pair: 6      ->	taxon1: H.robusta 	taxon2: C.intestin
	            	positions below base line: 1240
	pair: 7      ->	taxon1: H.robusta 	taxon2: M.lignano 
	            	positions below base line: 1263
	pair: 8      ->	taxon1: H.robusta 	taxon2: G.turnbull
	            	positions below base line: 1384
	pair: 9      ->	taxon1: H.robusta 	taxon2: C.sinensis
	            	positions below base line: 1314
	pair: 10     ->	taxon1: H.robusta 	taxon2: E.nipponic
	            	positions below base line: 1306
	pair: 11     ->	taxon1: H.robusta 	taxon2: R.norvegic
	            	positions below base line: 1266
	pair: 12     ->	taxon1: H.robusta 	taxon2: S.mansoni 
	            	positions below base line: 1309
	pair: 13     ->	taxon1: H.robusta 	taxon2: D.melanoga
	            	positions below base line: 1240
	pair: 14     ->	taxon1: H.robusta 	taxon2: D.rerio   
	            	positions below base line: 1257
	pair: 15     ->	taxon1: N.vectensi	taxon2: T.solium  
	            	positions below base line: 1237
	pair: 16     ->	taxon1: N.vectensi	taxon2: E.granulos
	            	positions below base line: 1272
	pair: 17     ->	taxon1: N.vectensi	taxon2: O.viverrin
	            	positions below base line: 1307
	pair: 18     ->	taxon1: N.vectensi	taxon2: S.mediterr
	            	positions below base line: 1250
	pair: 19     ->	taxon1: N.vectensi	taxon2: C.intestin
	            	positions below base line: 1204
	pair: 20     ->	taxon1: N.vectensi	taxon2: M.lignano 
	            	positions below base line: 1192
	pair: 21     ->	taxon1: N.vectensi	taxon2: G.turnbull
	            	positions below base line: 1361
	pair: 22     ->	taxon1: N.vectensi	taxon2: C.sinensis
	            	positions below base line: 1277
	pair: 23     ->	taxon1: N.vectensi	taxon2: E.nipponic
	            	positions below base line: 1246
	pair: 24     ->	taxon1: N.vectensi	taxon2: R.norvegic
	            	positions below base line: 1173
	pair: 25     ->	taxon1: N.vectensi	taxon2: S.mansoni 
	            	positions below base line: 1291
	pair: 26     ->	taxon1: N.vectensi	taxon2: D.melanoga
	            	positions below base line: 1201
	pair: 27     ->	taxon1: N.vectensi	taxon2: D.rerio   
	            	positions below base line: 1160
	pair: 28     ->	taxon1: T.solium  	taxon2: E.granulos
	            	positions below base line: 1033
	pair: 29     ->	taxon1: T.solium  	taxon2: O.viverrin
	            	positions below base line: 1222
	pair: 30     ->	taxon1: T.solium  	taxon2: S.mediterr
	            	positions below base line: 1235
	pair: 31     ->	taxon1: T.solium  	taxon2: C.intestin
	            	positions below base line: 1216
	pair: 32     ->	taxon1: T.solium  	taxon2: M.lignano 
	            	positions below base line: 1164
	pair: 33     ->	taxon1: T.solium  	taxon2: G.turnbull
	            	positions below base line: 1385
	pair: 34     ->	taxon1: T.solium  	taxon2: C.sinensis
	            	positions below base line: 1216
	pair: 35     ->	taxon1: T.solium  	taxon2: E.nipponic
	            	positions below base line: 1117
	pair: 36     ->	taxon1: T.solium  	taxon2: R.norvegic
	            	positions below base line: 1216
	pair: 37     ->	taxon1: T.solium  	taxon2: S.mansoni 
	            	positions below base line: 1248
	pair: 38     ->	taxon1: T.solium  	taxon2: D.melanoga
	            	positions below base line: 1190
	pair: 39     ->	taxon1: T.solium  	taxon2: D.rerio   
	            	positions below base line: 1198
	pair: 40     ->	taxon1: E.granulos	taxon2: O.viverrin
	            	positions below base line: 1229
	pair: 41     ->	taxon1: E.granulos	taxon2: S.mediterr
	            	positions below base line: 1247
	pair: 42     ->	taxon1: E.granulos	taxon2: C.intestin
	            	positions below base line: 1255
	pair: 43     ->	taxon1: E.granulos	taxon2: M.lignano 
	            	positions below base line: 1219
	pair: 44     ->	taxon1: E.granulos	taxon2: G.turnbull
	            	positions below base line: 1389
	pair: 45     ->	taxon1: E.granulos	taxon2: C.sinensis
	            	positions below base line: 1213
	pair: 46     ->	taxon1: E.granulos	taxon2: E.nipponic
	            	positions below base line: 1159
	pair: 47     ->	taxon1: E.granulos	taxon2: R.norvegic
	            	positions below base line: 1257
	pair: 48     ->	taxon1: E.granulos	taxon2: S.mansoni 
	            	positions below base line: 1252
	pair: 49     ->	taxon1: E.granulos	taxon2: D.melanoga
	            	positions below base line: 1243
	pair: 50     ->	taxon1: E.granulos	taxon2: D.rerio   
	            	positions below base line: 1225
	pair: 51     ->	taxon1: O.viverrin	taxon2: S.mediterr
	            	positions below base line: 1283
	pair: 52     ->	taxon1: O.viverrin	taxon2: C.intestin
	            	positions below base line: 1299
	pair: 53     ->	taxon1: O.viverrin	taxon2: M.lignano 
	            	positions below base line: 1285
	pair: 54     ->	taxon1: O.viverrin	taxon2: G.turnbull
	            	positions below base line: 1396
	pair: 55     ->	taxon1: O.viverrin	taxon2: C.sinensis
	            	positions below base line: 1176
	pair: 56     ->	taxon1: O.viverrin	taxon2: E.nipponic
	            	positions below base line: 1214
	pair: 57     ->	taxon1: O.viverrin	taxon2: R.norvegic
	            	positions below base line: 1309
	pair: 58     ->	taxon1: O.viverrin	taxon2: S.mansoni 
	            	positions below base line: 1186
	pair: 59     ->	taxon1: O.viverrin	taxon2: D.melanoga
	            	positions below base line: 1288
	pair: 60     ->	taxon1: O.viverrin	taxon2: D.rerio   
	            	positions below base line: 1300
	pair: 61     ->	taxon1: S.mediterr	taxon2: C.intestin
	            	positions below base line: 1226
	pair: 62     ->	taxon1: S.mediterr	taxon2: M.lignano 
	            	positions below base line: 1238
	pair: 63     ->	taxon1: S.mediterr	taxon2: G.turnbull
	            	positions below base line: 1401
	pair: 64     ->	taxon1: S.mediterr	taxon2: C.sinensis
	            	positions below base line: 1256
	pair: 65     ->	taxon1: S.mediterr	taxon2: E.nipponic
	            	positions below base line: 1242
	pair: 66     ->	taxon1: S.mediterr	taxon2: R.norvegic
	            	positions below base line: 1236
	pair: 67     ->	taxon1: S.mediterr	taxon2: S.mansoni 
	            	positions below base line: 1276
	pair: 68     ->	taxon1: S.mediterr	taxon2: D.melanoga
	            	positions below base line: 1235
	pair: 69     ->	taxon1: S.mediterr	taxon2: D.rerio   
	            	positions below base line: 1216
	pair: 70     ->	taxon1: C.intestin	taxon2: M.lignano 
	            	positions below base line: 1117
	pair: 71     ->	taxon1: C.intestin	taxon2: G.turnbull
	            	positions below base line: 1366
	pair: 72     ->	taxon1: C.intestin	taxon2: C.sinensis
	            	positions below base line: 1292
	pair: 73     ->	taxon1: C.intestin	taxon2: E.nipponic
	            	positions below base line: 1215
	pair: 74     ->	taxon1: C.intestin	taxon2: R.norvegic
	            	positions below base line: 1079
	pair: 75     ->	taxon1: C.intestin	taxon2: S.mansoni 
	            	positions below base line: 1284
	pair: 76     ->	taxon1: C.intestin	taxon2: D.melanoga
	            	positions below base line: 1044
	pair: 77     ->	taxon1: C.intestin	taxon2: D.rerio   
	            	positions below base line: 971
	pair: 78     ->	taxon1: M.lignano 	taxon2: G.turnbull
	            	positions below base line: 1390
	pair: 79     ->	taxon1: M.lignano 	taxon2: C.sinensis
	            	positions below base line: 1268
	pair: 80     ->	taxon1: M.lignano 	taxon2: E.nipponic
	            	positions below base line: 1215
	pair: 81     ->	taxon1: M.lignano 	taxon2: R.norvegic
	            	positions below base line: 1112
	pair: 82     ->	taxon1: M.lignano 	taxon2: S.mansoni 
	            	positions below base line: 1266
	pair: 83     ->	taxon1: M.lignano 	taxon2: D.melanoga
	            	positions below base line: 1153
	pair: 84     ->	taxon1: M.lignano 	taxon2: D.rerio   
	            	positions below base line: 1097
	pair: 85     ->	taxon1: G.turnbull	taxon2: C.sinensis
	            	positions below base line: 1401
	pair: 86     ->	taxon1: G.turnbull	taxon2: E.nipponic
	            	positions below base line: 1390
	pair: 87     ->	taxon1: G.turnbull	taxon2: R.norvegic
	            	positions below base line: 1337
	pair: 88     ->	taxon1: G.turnbull	taxon2: S.mansoni 
	            	positions below base line: 1402
	pair: 89     ->	taxon1: G.turnbull	taxon2: D.melanoga
	            	positions below base line: 1383
	pair: 90     ->	taxon1: G.turnbull	taxon2: D.rerio   
	            	positions below base line: 1369
	pair: 91     ->	taxon1: C.sinensis	taxon2: E.nipponic
	            	positions below base line: 1202
	pair: 92     ->	taxon1: C.sinensis	taxon2: R.norvegic
	            	positions below base line: 1293
	pair: 93     ->	taxon1: C.sinensis	taxon2: S.mansoni 
	            	positions below base line: 1189
	pair: 94     ->	taxon1: C.sinensis	taxon2: D.melanoga
	            	positions below base line: 1274
	pair: 95     ->	taxon1: C.sinensis	taxon2: D.rerio   
	            	positions below base line: 1295
	pair: 96     ->	taxon1: E.nipponic	taxon2: R.norvegic
	            	positions below base line: 1236
	pair: 97     ->	taxon1: E.nipponic	taxon2: S.mansoni 
	            	positions below base line: 1216
	pair: 98     ->	taxon1: E.nipponic	taxon2: D.melanoga
	            	positions below base line: 1222
	pair: 99     ->	taxon1: E.nipponic	taxon2: D.rerio   
	            	positions below base line: 1206
	pair: 100    ->	taxon1: R.norvegic	taxon2: S.mansoni 
	            	positions below base line: 1299
	pair: 101    ->	taxon1: R.norvegic	taxon2: D.melanoga
	            	positions below base line: 1038
	pair: 102    ->	taxon1: R.norvegic	taxon2: D.rerio   
	            	positions below base line: 922
	pair: 103    ->	taxon1: S.mansoni 	taxon2: D.melanoga
	            	positions below base line: 1291
	pair: 104    ->	taxon1: S.mansoni 	taxon2: D.rerio   
	            	positions below base line: 1290
	pair: 105    ->	taxon1: D.melanoga	taxon2: D.rerio   
	            	positions below base line: 1060

	generates quality profile from collected scores ...


	scoring done ...


	generates vector plot from collected scores ...


Argument "-" treated as 0 in increment (++) at /usr/bin/Aliscore.pl line 1213.
	Profile written to EOG091G08LT.clustalo.aln.fasta_Profile_random.txt
	List   written to EOG091G08LT.clustalo.aln.fasta_List_random.txt

	time used: 5.05 sec

