
	reading taxa from FASTA ...


	L.gigantea           -> sites: 962   
	T.solium             -> sites: 962   
	D.melanogaster       -> sites: 962   
	S.mansoni            -> sites: 962   
	S.mediterranea       -> sites: 962   
	H.microstoma         -> sites: 962   
	C.intestinalis       -> sites: 962   
	R.norvegicus         -> sites: 962   
	G.turnbulli          -> sites: 962   
	G.salaris            -> sites: 962   
	O.viverrini          -> sites: 962   
	H.robusta            -> sites: 962   
	E.nipponicum         -> sites: 962   
	C.sinensis           -> sites: 962   
	D.rerio              -> sites: 962   
	E.granulosus         -> sites: 962   


	data type             : amino acid sequences

	input ...

	infile		: EOG091G0MVL.clustalo.aln.fasta
	random pairs	: 200000000000000000
	window size	: 6
	indels		: ambiguous
	tree file	: -
	node level	: -
	strict profile	: -
	outgroup	: -
	matrix          : BLOSUM62

	number of taxa        : 16
	random number of pairs: 200000000000000000

	generates threshhold value for amino acid data
	using BLOSUM62

	checks for (potential) identical taxa


	scores site patterns ...


	max number of different pairs is 120
	max random pairs are scored!

	pair: 1      ->	taxon1: L.gigantea	taxon2: T.solium  
	            	positions below base line: 722
	pair: 2      ->	taxon1: L.gigantea	taxon2: D.melanoga
	            	positions below base line: 735
	pair: 3      ->	taxon1: L.gigantea	taxon2: S.mansoni 
	            	positions below base line: 744
	pair: 4      ->	taxon1: L.gigantea	taxon2: S.mediterr
	            	positions below base line: 740
	pair: 5      ->	taxon1: L.gigantea	taxon2: H.microsto
	            	positions below base line: 743
	pair: 6      ->	taxon1: L.gigantea	taxon2: C.intestin
	            	positions below base line: 729
	pair: 7      ->	taxon1: L.gigantea	taxon2: R.norvegic
	            	positions below base line: 731
	pair: 8      ->	taxon1: L.gigantea	taxon2: G.turnbull
	            	positions below base line: 751
	pair: 9      ->	taxon1: L.gigantea	taxon2: G.salaris 
	            	positions below base line: 739
	pair: 10     ->	taxon1: L.gigantea	taxon2: O.viverrin
	            	positions below base line: 748
	pair: 11     ->	taxon1: L.gigantea	taxon2: H.robusta 
	            	positions below base line: 812
	pair: 12     ->	taxon1: L.gigantea	taxon2: E.nipponic
	            	positions below base line: 815
	pair: 13     ->	taxon1: L.gigantea	taxon2: C.sinensis
	            	positions below base line: 741
	pair: 14     ->	taxon1: L.gigantea	taxon2: D.rerio   
	            	positions below base line: 715
	pair: 15     ->	taxon1: L.gigantea	taxon2: E.granulos
	            	positions below base line: 738
	pair: 16     ->	taxon1: T.solium  	taxon2: D.melanoga
	            	positions below base line: 743
	pair: 17     ->	taxon1: T.solium  	taxon2: S.mansoni 
	            	positions below base line: 745
	pair: 18     ->	taxon1: T.solium  	taxon2: S.mediterr
	            	positions below base line: 747
	pair: 19     ->	taxon1: T.solium  	taxon2: H.microsto
	            	positions below base line: 723
	pair: 20     ->	taxon1: T.solium  	taxon2: C.intestin
	            	positions below base line: 744
	pair: 21     ->	taxon1: T.solium  	taxon2: R.norvegic
	            	positions below base line: 738
	pair: 22     ->	taxon1: T.solium  	taxon2: G.turnbull
	            	positions below base line: 754
	pair: 23     ->	taxon1: T.solium  	taxon2: G.salaris 
	            	positions below base line: 747
	pair: 24     ->	taxon1: T.solium  	taxon2: O.viverrin
	            	positions below base line: 742
	pair: 25     ->	taxon1: T.solium  	taxon2: H.robusta 
	            	positions below base line: 815
	pair: 26     ->	taxon1: T.solium  	taxon2: E.nipponic
	            	positions below base line: 817
	pair: 27     ->	taxon1: T.solium  	taxon2: C.sinensis
	            	positions below base line: 743
	pair: 28     ->	taxon1: T.solium  	taxon2: D.rerio   
	            	positions below base line: 729
	pair: 29     ->	taxon1: T.solium  	taxon2: E.granulos
	            	positions below base line: 723
	pair: 30     ->	taxon1: D.melanoga	taxon2: S.mansoni 
	            	positions below base line: 750
	pair: 31     ->	taxon1: D.melanoga	taxon2: S.mediterr
	            	positions below base line: 746
	pair: 32     ->	taxon1: D.melanoga	taxon2: H.microsto
	            	positions below base line: 757
	pair: 33     ->	taxon1: D.melanoga	taxon2: C.intestin
	            	positions below base line: 741
	pair: 34     ->	taxon1: D.melanoga	taxon2: R.norvegic
	            	positions below base line: 747
	pair: 35     ->	taxon1: D.melanoga	taxon2: G.turnbull
	            	positions below base line: 732
	pair: 36     ->	taxon1: D.melanoga	taxon2: G.salaris 
	            	positions below base line: 730
	pair: 37     ->	taxon1: D.melanoga	taxon2: O.viverrin
	            	positions below base line: 765
	pair: 38     ->	taxon1: D.melanoga	taxon2: H.robusta 
	            	positions below base line: 823
	pair: 39     ->	taxon1: D.melanoga	taxon2: E.nipponic
	            	positions below base line: 829
	pair: 40     ->	taxon1: D.melanoga	taxon2: C.sinensis
	            	positions below base line: 746
	pair: 41     ->	taxon1: D.melanoga	taxon2: D.rerio   
	            	positions below base line: 732
	pair: 42     ->	taxon1: D.melanoga	taxon2: E.granulos
	            	positions below base line: 746
	pair: 43     ->	taxon1: S.mansoni 	taxon2: S.mediterr
	            	positions below base line: 746
	pair: 44     ->	taxon1: S.mansoni 	taxon2: H.microsto
	            	positions below base line: 763
	pair: 45     ->	taxon1: S.mansoni 	taxon2: C.intestin
	            	positions below base line: 748
	pair: 46     ->	taxon1: S.mansoni 	taxon2: R.norvegic
	            	positions below base line: 737
	pair: 47     ->	taxon1: S.mansoni 	taxon2: G.turnbull
	            	positions below base line: 739
	pair: 48     ->	taxon1: S.mansoni 	taxon2: G.salaris 
	            	positions below base line: 743
	pair: 49     ->	taxon1: S.mansoni 	taxon2: O.viverrin
	            	positions below base line: 746
	pair: 50     ->	taxon1: S.mansoni 	taxon2: H.robusta 
	            	positions below base line: 812
	pair: 51     ->	taxon1: S.mansoni 	taxon2: E.nipponic
	            	positions below base line: 823
	pair: 52     ->	taxon1: S.mansoni 	taxon2: C.sinensis
	            	positions below base line: 727
	pair: 53     ->	taxon1: S.mansoni 	taxon2: D.rerio   
	            	positions below base line: 741
	pair: 54     ->	taxon1: S.mansoni 	taxon2: E.granulos
	            	positions below base line: 744
	pair: 55     ->	taxon1: S.mediterr	taxon2: H.microsto
	            	positions below base line: 760
	pair: 56     ->	taxon1: S.mediterr	taxon2: C.intestin
	            	positions below base line: 730
	pair: 57     ->	taxon1: S.mediterr	taxon2: R.norvegic
	            	positions below base line: 743
	pair: 58     ->	taxon1: S.mediterr	taxon2: G.turnbull
	            	positions below base line: 743
	pair: 59     ->	taxon1: S.mediterr	taxon2: G.salaris 
	            	positions below base line: 736
	pair: 60     ->	taxon1: S.mediterr	taxon2: O.viverrin
	            	positions below base line: 770
	pair: 61     ->	taxon1: S.mediterr	taxon2: H.robusta 
	            	positions below base line: 808
	pair: 62     ->	taxon1: S.mediterr	taxon2: E.nipponic
	            	positions below base line: 816
	pair: 63     ->	taxon1: S.mediterr	taxon2: C.sinensis
	            	positions below base line: 746
	pair: 64     ->	taxon1: S.mediterr	taxon2: D.rerio   
	            	positions below base line: 742
	pair: 65     ->	taxon1: S.mediterr	taxon2: E.granulos
	            	positions below base line: 745
	pair: 66     ->	taxon1: H.microsto	taxon2: C.intestin
	            	positions below base line: 766
	pair: 67     ->	taxon1: H.microsto	taxon2: R.norvegic
	            	positions below base line: 755
	pair: 68     ->	taxon1: H.microsto	taxon2: G.turnbull
	            	positions below base line: 768
	pair: 69     ->	taxon1: H.microsto	taxon2: G.salaris 
	            	positions below base line: 764
	pair: 70     ->	taxon1: H.microsto	taxon2: O.viverrin
	            	positions below base line: 758
	pair: 71     ->	taxon1: H.microsto	taxon2: H.robusta 
	            	positions below base line: 829
	pair: 72     ->	taxon1: H.microsto	taxon2: E.nipponic
	            	positions below base line: 822
	pair: 73     ->	taxon1: H.microsto	taxon2: C.sinensis
	            	positions below base line: 752
	pair: 74     ->	taxon1: H.microsto	taxon2: D.rerio   
	            	positions below base line: 751
	pair: 75     ->	taxon1: H.microsto	taxon2: E.granulos
	            	positions below base line: 741
	pair: 76     ->	taxon1: C.intestin	taxon2: R.norvegic
	            	positions below base line: 741
	pair: 77     ->	taxon1: C.intestin	taxon2: G.turnbull
	            	positions below base line: 753
	pair: 78     ->	taxon1: C.intestin	taxon2: G.salaris 
	            	positions below base line: 745
	pair: 79     ->	taxon1: C.intestin	taxon2: O.viverrin
	            	positions below base line: 764
	pair: 80     ->	taxon1: C.intestin	taxon2: H.robusta 
	            	positions below base line: 823
	pair: 81     ->	taxon1: C.intestin	taxon2: E.nipponic
	            	positions below base line: 821
	pair: 82     ->	taxon1: C.intestin	taxon2: C.sinensis
	            	positions below base line: 751
	pair: 83     ->	taxon1: C.intestin	taxon2: D.rerio   
	            	positions below base line: 735
	pair: 84     ->	taxon1: C.intestin	taxon2: E.granulos
	            	positions below base line: 743
	pair: 85     ->	taxon1: R.norvegic	taxon2: G.turnbull
	            	positions below base line: 745
	pair: 86     ->	taxon1: R.norvegic	taxon2: G.salaris 
	            	positions below base line: 746
	pair: 87     ->	taxon1: R.norvegic	taxon2: O.viverrin
	            	positions below base line: 757
	pair: 88     ->	taxon1: R.norvegic	taxon2: H.robusta 
	            	positions below base line: 805
	pair: 89     ->	taxon1: R.norvegic	taxon2: E.nipponic
	            	positions below base line: 820
	pair: 90     ->	taxon1: R.norvegic	taxon2: C.sinensis
	            	positions below base line: 745
	pair: 91     ->	taxon1: R.norvegic	taxon2: D.rerio   
	            	positions below base line: 707
	pair: 92     ->	taxon1: R.norvegic	taxon2: E.granulos
	            	positions below base line: 747
	pair: 93     ->	taxon1: G.turnbull	taxon2: G.salaris 
	            	positions below base line: 724
	pair: 94     ->	taxon1: G.turnbull	taxon2: O.viverrin
	            	positions below base line: 766
	pair: 95     ->	taxon1: G.turnbull	taxon2: H.robusta 
	            	positions below base line: 818
	pair: 96     ->	taxon1: G.turnbull	taxon2: E.nipponic
	            	positions below base line: 821
	pair: 97     ->	taxon1: G.turnbull	taxon2: C.sinensis
	            	positions below base line: 743
	pair: 98     ->	taxon1: G.turnbull	taxon2: D.rerio   
	            	positions below base line: 739
	pair: 99     ->	taxon1: G.turnbull	taxon2: E.granulos
	            	positions below base line: 754
	pair: 100    ->	taxon1: G.salaris 	taxon2: O.viverrin
	            	positions below base line: 767
	pair: 101    ->	taxon1: G.salaris 	taxon2: H.robusta 
	            	positions below base line: 820
	pair: 102    ->	taxon1: G.salaris 	taxon2: E.nipponic
	            	positions below base line: 824
	pair: 103    ->	taxon1: G.salaris 	taxon2: C.sinensis
	            	positions below base line: 745
	pair: 104    ->	taxon1: G.salaris 	taxon2: D.rerio   
	            	positions below base line: 744
	pair: 105    ->	taxon1: G.salaris 	taxon2: E.granulos
	            	positions below base line: 752
	pair: 106    ->	taxon1: O.viverrin	taxon2: H.robusta 
	            	positions below base line: 821
	pair: 107    ->	taxon1: O.viverrin	taxon2: E.nipponic
	            	positions below base line: 831
	pair: 108    ->	taxon1: O.viverrin	taxon2: C.sinensis
	            	positions below base line: 716
	pair: 109    ->	taxon1: O.viverrin	taxon2: D.rerio   
	            	positions below base line: 755
	pair: 110    ->	taxon1: O.viverrin	taxon2: E.granulos
	            	positions below base line: 749
	pair: 111    ->	taxon1: H.robusta 	taxon2: E.nipponic
	            	positions below base line: 826
	pair: 112    ->	taxon1: H.robusta 	taxon2: C.sinensis
	            	positions below base line: 820
	pair: 113    ->	taxon1: H.robusta 	taxon2: D.rerio   
	            	positions below base line: 813
	pair: 114    ->	taxon1: H.robusta 	taxon2: E.granulos
	            	positions below base line: 817
	pair: 115    ->	taxon1: E.nipponic	taxon2: C.sinensis
	            	positions below base line: 811
	pair: 116    ->	taxon1: E.nipponic	taxon2: D.rerio   
	            	positions below base line: 818
	pair: 117    ->	taxon1: E.nipponic	taxon2: E.granulos
	            	positions below base line: 816
	pair: 118    ->	taxon1: C.sinensis	taxon2: D.rerio   
	            	positions below base line: 742
	pair: 119    ->	taxon1: C.sinensis	taxon2: E.granulos
	            	positions below base line: 743
	pair: 120    ->	taxon1: D.rerio   	taxon2: E.granulos
	            	positions below base line: 737

	generates quality profile from collected scores ...


	scoring done ...


	generates vector plot from collected scores ...


Argument "-" treated as 0 in increment (++) at /usr/bin/Aliscore.pl line 1213.
	Profile written to EOG091G0MVL.clustalo.aln.fasta_Profile_random.txt
	List   written to EOG091G0MVL.clustalo.aln.fasta_List_random.txt

	time used: 4.13 sec

