
	reading taxa from FASTA ...


	M.lignano            -> sites: 356   
	R.norvegicus         -> sites: 356   
	G.salaris            -> sites: 356   
	T.solium             -> sites: 356   
	H.robusta            -> sites: 356   
	D.melanogaster       -> sites: 356   
	H.microstoma         -> sites: 356   
	C.intestinalis       -> sites: 356   
	L.gigantea           -> sites: 356   
	E.granulosus         -> sites: 356   
	P.xenopodis          -> sites: 356   
	D.rerio              -> sites: 356   


	data type             : amino acid sequences

	input ...

	infile		: EOG091G0MRS.clustalo.aln.fasta
	random pairs	: 200000000000000000
	window size	: 6
	indels		: ambiguous
	tree file	: -
	node level	: -
	strict profile	: -
	outgroup	: -
	matrix          : BLOSUM62

	number of taxa        : 12
	random number of pairs: 200000000000000000

	generates threshhold value for amino acid data
	using BLOSUM62

	checks for (potential) identical taxa


	scores site patterns ...


	max number of different pairs is 66
	max random pairs are scored!

	pair: 1      ->	taxon1: M.lignano 	taxon2: R.norvegic
	            	positions below base line: 179
	pair: 2      ->	taxon1: M.lignano 	taxon2: G.salaris 
	            	positions below base line: 187
	pair: 3      ->	taxon1: M.lignano 	taxon2: T.solium  
	            	positions below base line: 160
	pair: 4      ->	taxon1: M.lignano 	taxon2: H.robusta 
	            	positions below base line: 164
	pair: 5      ->	taxon1: M.lignano 	taxon2: D.melanoga
	            	positions below base line: 159
	pair: 6      ->	taxon1: M.lignano 	taxon2: H.microsto
	            	positions below base line: 163
	pair: 7      ->	taxon1: M.lignano 	taxon2: C.intestin
	            	positions below base line: 177
	pair: 8      ->	taxon1: M.lignano 	taxon2: L.gigantea
	            	positions below base line: 158
	pair: 9      ->	taxon1: M.lignano 	taxon2: E.granulos
	            	positions below base line: 165
	pair: 10     ->	taxon1: M.lignano 	taxon2: P.xenopodi
	            	positions below base line: 208
	pair: 11     ->	taxon1: M.lignano 	taxon2: D.rerio   
	            	positions below base line: 179
	pair: 12     ->	taxon1: R.norvegic	taxon2: G.salaris 
	            	positions below base line: 167
	pair: 13     ->	taxon1: R.norvegic	taxon2: T.solium  
	            	positions below base line: 181
	pair: 14     ->	taxon1: R.norvegic	taxon2: H.robusta 
	            	positions below base line: 186
	pair: 15     ->	taxon1: R.norvegic	taxon2: D.melanoga
	            	positions below base line: 179
	pair: 16     ->	taxon1: R.norvegic	taxon2: H.microsto
	            	positions below base line: 181
	pair: 17     ->	taxon1: R.norvegic	taxon2: C.intestin
	            	positions below base line: 165
	pair: 18     ->	taxon1: R.norvegic	taxon2: L.gigantea
	            	positions below base line: 181
	pair: 19     ->	taxon1: R.norvegic	taxon2: E.granulos
	            	positions below base line: 181
	pair: 20     ->	taxon1: R.norvegic	taxon2: P.xenopodi
	            	positions below base line: 194
	pair: 21     ->	taxon1: R.norvegic	taxon2: D.rerio   
	            	positions below base line: 152
	pair: 22     ->	taxon1: G.salaris 	taxon2: T.solium  
	            	positions below base line: 180
	pair: 23     ->	taxon1: G.salaris 	taxon2: H.robusta 
	            	positions below base line: 190
	pair: 24     ->	taxon1: G.salaris 	taxon2: D.melanoga
	            	positions below base line: 185
	pair: 25     ->	taxon1: G.salaris 	taxon2: H.microsto
	            	positions below base line: 179
	pair: 26     ->	taxon1: G.salaris 	taxon2: C.intestin
	            	positions below base line: 167
	pair: 27     ->	taxon1: G.salaris 	taxon2: L.gigantea
	            	positions below base line: 183
	pair: 28     ->	taxon1: G.salaris 	taxon2: E.granulos
	            	positions below base line: 180
	pair: 29     ->	taxon1: G.salaris 	taxon2: P.xenopodi
	            	positions below base line: 191
	pair: 30     ->	taxon1: G.salaris 	taxon2: D.rerio   
	            	positions below base line: 159
	pair: 31     ->	taxon1: T.solium  	taxon2: H.robusta 
	            	positions below base line: 170
	pair: 32     ->	taxon1: T.solium  	taxon2: D.melanoga
	            	positions below base line: 164
	pair: 33     ->	taxon1: T.solium  	taxon2: H.microsto
	            	positions below base line: 161
	pair: 34     ->	taxon1: T.solium  	taxon2: C.intestin
	            	positions below base line: 179
	pair: 35     ->	taxon1: T.solium  	taxon2: L.gigantea
	            	positions below base line: 160
	pair: 36     ->	taxon1: T.solium  	taxon2: E.granulos
	            	positions below base line: 162
	pair: 37     ->	taxon1: T.solium  	taxon2: P.xenopodi
	            	positions below base line: 213
	pair: 38     ->	taxon1: T.solium  	taxon2: D.rerio   
	            	positions below base line: 180
	pair: 39     ->	taxon1: H.robusta 	taxon2: D.melanoga
	            	positions below base line: 166
	pair: 40     ->	taxon1: H.robusta 	taxon2: H.microsto
	            	positions below base line: 173
	pair: 41     ->	taxon1: H.robusta 	taxon2: C.intestin
	            	positions below base line: 184
	pair: 42     ->	taxon1: H.robusta 	taxon2: L.gigantea
	            	positions below base line: 164
	pair: 43     ->	taxon1: H.robusta 	taxon2: E.granulos
	            	positions below base line: 175
	pair: 44     ->	taxon1: H.robusta 	taxon2: P.xenopodi
	            	positions below base line: 225
	pair: 45     ->	taxon1: H.robusta 	taxon2: D.rerio   
	            	positions below base line: 187
	pair: 46     ->	taxon1: D.melanoga	taxon2: H.microsto
	            	positions below base line: 167
	pair: 47     ->	taxon1: D.melanoga	taxon2: C.intestin
	            	positions below base line: 183
	pair: 48     ->	taxon1: D.melanoga	taxon2: L.gigantea
	            	positions below base line: 159
	pair: 49     ->	taxon1: D.melanoga	taxon2: E.granulos
	            	positions below base line: 169
	pair: 50     ->	taxon1: D.melanoga	taxon2: P.xenopodi
	            	positions below base line: 211
	pair: 51     ->	taxon1: D.melanoga	taxon2: D.rerio   
	            	positions below base line: 178
	pair: 52     ->	taxon1: H.microsto	taxon2: C.intestin
	            	positions below base line: 179
	pair: 53     ->	taxon1: H.microsto	taxon2: L.gigantea
	            	positions below base line: 163
	pair: 54     ->	taxon1: H.microsto	taxon2: E.granulos
	            	positions below base line: 162
	pair: 55     ->	taxon1: H.microsto	taxon2: P.xenopodi
	            	positions below base line: 217
	pair: 56     ->	taxon1: H.microsto	taxon2: D.rerio   
	            	positions below base line: 180
	pair: 57     ->	taxon1: C.intestin	taxon2: L.gigantea
	            	positions below base line: 177
	pair: 58     ->	taxon1: C.intestin	taxon2: E.granulos
	            	positions below base line: 179
	pair: 59     ->	taxon1: C.intestin	taxon2: P.xenopodi
	            	positions below base line: 198
	pair: 60     ->	taxon1: C.intestin	taxon2: D.rerio   
	            	positions below base line: 161
	pair: 61     ->	taxon1: L.gigantea	taxon2: E.granulos
	            	positions below base line: 165
	pair: 62     ->	taxon1: L.gigantea	taxon2: P.xenopodi
	            	positions below base line: 208
	pair: 63     ->	taxon1: L.gigantea	taxon2: D.rerio   
	            	positions below base line: 179
	pair: 64     ->	taxon1: E.granulos	taxon2: P.xenopodi
	            	positions below base line: 214
	pair: 65     ->	taxon1: E.granulos	taxon2: D.rerio   
	            	positions below base line: 180
	pair: 66     ->	taxon1: P.xenopodi	taxon2: D.rerio   
	            	positions below base line: 194

	generates quality profile from collected scores ...


	scoring done ...


	generates vector plot from collected scores ...


Argument "-" treated as 0 in increment (++) at /usr/bin/Aliscore.pl line 1213.
	Profile written to EOG091G0MRS.clustalo.aln.fasta_Profile_random.txt
	List   written to EOG091G0MRS.clustalo.aln.fasta_List_random.txt

	time used: 3.78 sec

