
	reading taxa from FASTA ...


	O.viverrini          -> sites: 661   
	H.robusta            -> sites: 661   
	T.solium             -> sites: 661   
	G.salaris            -> sites: 661   
	D.rerio              -> sites: 661   
	R.norvegicus         -> sites: 661   
	S.mediterranea       -> sites: 661   
	M.lignano            -> sites: 661   
	C.sinensis           -> sites: 661   
	H.microstoma         -> sites: 661   
	C.intestinalis       -> sites: 661   
	D.melanogaster       -> sites: 661   
	E.granulosus         -> sites: 661   
	S.mansoni            -> sites: 661   


	data type             : amino acid sequences

	input ...

	infile		: EOG091G0G3M.clustalo.aln.fasta
	random pairs	: 200000000000000000
	window size	: 6
	indels		: ambiguous
	tree file	: -
	node level	: -
	strict profile	: -
	outgroup	: -
	matrix          : BLOSUM62

	number of taxa        : 14
	random number of pairs: 200000000000000000

	generates threshhold value for amino acid data
	using BLOSUM62

	checks for (potential) identical taxa


	scores site patterns ...


	max number of different pairs is 91
	max random pairs are scored!

	pair: 1      ->	taxon1: O.viverrin	taxon2: H.robusta 
	            	positions below base line: 346
	pair: 2      ->	taxon1: O.viverrin	taxon2: T.solium  
	            	positions below base line: 378
	pair: 3      ->	taxon1: O.viverrin	taxon2: G.salaris 
	            	positions below base line: 282
	pair: 4      ->	taxon1: O.viverrin	taxon2: D.rerio   
	            	positions below base line: 328
	pair: 5      ->	taxon1: O.viverrin	taxon2: R.norvegic
	            	positions below base line: 317
	pair: 6      ->	taxon1: O.viverrin	taxon2: S.mediterr
	            	positions below base line: 306
	pair: 7      ->	taxon1: O.viverrin	taxon2: M.lignano 
	            	positions below base line: 337
	pair: 8      ->	taxon1: O.viverrin	taxon2: C.sinensis
	            	positions below base line: 270
	pair: 9      ->	taxon1: O.viverrin	taxon2: H.microsto
	            	positions below base line: 388
	pair: 10     ->	taxon1: O.viverrin	taxon2: C.intestin
	            	positions below base line: 324
	pair: 11     ->	taxon1: O.viverrin	taxon2: D.melanoga
	            	positions below base line: 345
	pair: 12     ->	taxon1: O.viverrin	taxon2: E.granulos
	            	positions below base line: 384
	pair: 13     ->	taxon1: O.viverrin	taxon2: S.mansoni 
	            	positions below base line: 403
	pair: 14     ->	taxon1: H.robusta 	taxon2: T.solium  
	            	positions below base line: 361
	pair: 15     ->	taxon1: H.robusta 	taxon2: G.salaris 
	            	positions below base line: 361
	pair: 16     ->	taxon1: H.robusta 	taxon2: D.rerio   
	            	positions below base line: 294
	pair: 17     ->	taxon1: H.robusta 	taxon2: R.norvegic
	            	positions below base line: 287
	pair: 18     ->	taxon1: H.robusta 	taxon2: S.mediterr
	            	positions below base line: 333
	pair: 19     ->	taxon1: H.robusta 	taxon2: M.lignano 
	            	positions below base line: 341
	pair: 20     ->	taxon1: H.robusta 	taxon2: C.sinensis
	            	positions below base line: 378
	pair: 21     ->	taxon1: H.robusta 	taxon2: H.microsto
	            	positions below base line: 369
	pair: 22     ->	taxon1: H.robusta 	taxon2: C.intestin
	            	positions below base line: 314
	pair: 23     ->	taxon1: H.robusta 	taxon2: D.melanoga
	            	positions below base line: 294
	pair: 24     ->	taxon1: H.robusta 	taxon2: E.granulos
	            	positions below base line: 365
	pair: 25     ->	taxon1: H.robusta 	taxon2: S.mansoni 
	            	positions below base line: 366
	pair: 26     ->	taxon1: T.solium  	taxon2: G.salaris 
	            	positions below base line: 396
	pair: 27     ->	taxon1: T.solium  	taxon2: D.rerio   
	            	positions below base line: 342
	pair: 28     ->	taxon1: T.solium  	taxon2: R.norvegic
	            	positions below base line: 339
	pair: 29     ->	taxon1: T.solium  	taxon2: S.mediterr
	            	positions below base line: 377
	pair: 30     ->	taxon1: T.solium  	taxon2: M.lignano 
	            	positions below base line: 380
	pair: 31     ->	taxon1: T.solium  	taxon2: C.sinensis
	            	positions below base line: 394
	pair: 32     ->	taxon1: T.solium  	taxon2: H.microsto
	            	positions below base line: 260
	pair: 33     ->	taxon1: T.solium  	taxon2: C.intestin
	            	positions below base line: 340
	pair: 34     ->	taxon1: T.solium  	taxon2: D.melanoga
	            	positions below base line: 348
	pair: 35     ->	taxon1: T.solium  	taxon2: E.granulos
	            	positions below base line: 235
	pair: 36     ->	taxon1: T.solium  	taxon2: S.mansoni 
	            	positions below base line: 289
	pair: 37     ->	taxon1: G.salaris 	taxon2: D.rerio   
	            	positions below base line: 324
	pair: 38     ->	taxon1: G.salaris 	taxon2: R.norvegic
	            	positions below base line: 327
	pair: 39     ->	taxon1: G.salaris 	taxon2: S.mediterr
	            	positions below base line: 299
	pair: 40     ->	taxon1: G.salaris 	taxon2: M.lignano 
	            	positions below base line: 347
	pair: 41     ->	taxon1: G.salaris 	taxon2: C.sinensis
	            	positions below base line: 338
	pair: 42     ->	taxon1: G.salaris 	taxon2: H.microsto
	            	positions below base line: 400
	pair: 43     ->	taxon1: G.salaris 	taxon2: C.intestin
	            	positions below base line: 331
	pair: 44     ->	taxon1: G.salaris 	taxon2: D.melanoga
	            	positions below base line: 319
	pair: 45     ->	taxon1: G.salaris 	taxon2: E.granulos
	            	positions below base line: 387
	pair: 46     ->	taxon1: G.salaris 	taxon2: S.mansoni 
	            	positions below base line: 392
	pair: 47     ->	taxon1: D.rerio   	taxon2: R.norvegic
	            	positions below base line: 228
	pair: 48     ->	taxon1: D.rerio   	taxon2: S.mediterr
	            	positions below base line: 319
	pair: 49     ->	taxon1: D.rerio   	taxon2: M.lignano 
	            	positions below base line: 328
	pair: 50     ->	taxon1: D.rerio   	taxon2: C.sinensis
	            	positions below base line: 374
	pair: 51     ->	taxon1: D.rerio   	taxon2: H.microsto
	            	positions below base line: 349
	pair: 52     ->	taxon1: D.rerio   	taxon2: C.intestin
	            	positions below base line: 259
	pair: 53     ->	taxon1: D.rerio   	taxon2: D.melanoga
	            	positions below base line: 253
	pair: 54     ->	taxon1: D.rerio   	taxon2: E.granulos
	            	positions below base line: 327
	pair: 55     ->	taxon1: D.rerio   	taxon2: S.mansoni 
	            	positions below base line: 351
	pair: 56     ->	taxon1: R.norvegic	taxon2: S.mediterr
	            	positions below base line: 314
	pair: 57     ->	taxon1: R.norvegic	taxon2: M.lignano 
	            	positions below base line: 316
	pair: 58     ->	taxon1: R.norvegic	taxon2: C.sinensis
	            	positions below base line: 365
	pair: 59     ->	taxon1: R.norvegic	taxon2: H.microsto
	            	positions below base line: 343
	pair: 60     ->	taxon1: R.norvegic	taxon2: C.intestin
	            	positions below base line: 255
	pair: 61     ->	taxon1: R.norvegic	taxon2: D.melanoga
	            	positions below base line: 252
	pair: 62     ->	taxon1: R.norvegic	taxon2: E.granulos
	            	positions below base line: 325
	pair: 63     ->	taxon1: R.norvegic	taxon2: S.mansoni 
	            	positions below base line: 340
	pair: 64     ->	taxon1: S.mediterr	taxon2: M.lignano 
	            	positions below base line: 349
	pair: 65     ->	taxon1: S.mediterr	taxon2: C.sinensis
	            	positions below base line: 349
	pair: 66     ->	taxon1: S.mediterr	taxon2: H.microsto
	            	positions below base line: 380
	pair: 67     ->	taxon1: S.mediterr	taxon2: C.intestin
	            	positions below base line: 330
	pair: 68     ->	taxon1: S.mediterr	taxon2: D.melanoga
	            	positions below base line: 315
	pair: 69     ->	taxon1: S.mediterr	taxon2: E.granulos
	            	positions below base line: 379
	pair: 70     ->	taxon1: S.mediterr	taxon2: S.mansoni 
	            	positions below base line: 381
	pair: 71     ->	taxon1: M.lignano 	taxon2: C.sinensis
	            	positions below base line: 384
	pair: 72     ->	taxon1: M.lignano 	taxon2: H.microsto
	            	positions below base line: 388
	pair: 73     ->	taxon1: M.lignano 	taxon2: C.intestin
	            	positions below base line: 326
	pair: 74     ->	taxon1: M.lignano 	taxon2: D.melanoga
	            	positions below base line: 326
	pair: 75     ->	taxon1: M.lignano 	taxon2: E.granulos
	            	positions below base line: 369
	pair: 76     ->	taxon1: M.lignano 	taxon2: S.mansoni 
	            	positions below base line: 383
	pair: 77     ->	taxon1: C.sinensis	taxon2: H.microsto
	            	positions below base line: 397
	pair: 78     ->	taxon1: C.sinensis	taxon2: C.intestin
	            	positions below base line: 360
	pair: 79     ->	taxon1: C.sinensis	taxon2: D.melanoga
	            	positions below base line: 364
	pair: 80     ->	taxon1: C.sinensis	taxon2: E.granulos
	            	positions below base line: 400
	pair: 81     ->	taxon1: C.sinensis	taxon2: S.mansoni 
	            	positions below base line: 412
	pair: 82     ->	taxon1: H.microsto	taxon2: C.intestin
	            	positions below base line: 343
	pair: 83     ->	taxon1: H.microsto	taxon2: D.melanoga
	            	positions below base line: 349
	pair: 84     ->	taxon1: H.microsto	taxon2: E.granulos
	            	positions below base line: 256
	pair: 85     ->	taxon1: H.microsto	taxon2: S.mansoni 
	            	positions below base line: 306
	pair: 86     ->	taxon1: C.intestin	taxon2: D.melanoga
	            	positions below base line: 268
	pair: 87     ->	taxon1: C.intestin	taxon2: E.granulos
	            	positions below base line: 322
	pair: 88     ->	taxon1: C.intestin	taxon2: S.mansoni 
	            	positions below base line: 354
	pair: 89     ->	taxon1: D.melanoga	taxon2: E.granulos
	            	positions below base line: 338
	pair: 90     ->	taxon1: D.melanoga	taxon2: S.mansoni 
	            	positions below base line: 335
	pair: 91     ->	taxon1: E.granulos	taxon2: S.mansoni 
	            	positions below base line: 280

	generates quality profile from collected scores ...


	scoring done ...


	generates vector plot from collected scores ...


Argument "-" treated as 0 in increment (++) at /usr/bin/Aliscore.pl line 1213.
	Profile written to EOG091G0G3M.clustalo.aln.fasta_Profile_random.txt
	List   written to EOG091G0G3M.clustalo.aln.fasta_List_random.txt

	time used: 4.19 sec

