--2018-12-14 10:48:22--  http://www.orthodb.org/fasta?query=EOG091G03OT&level=33208
Resolving www.orthodb.org (www.orthodb.org)... 142.93.108.123, 2a03:b0c0:3:d0::d19:7001
Connecting to www.orthodb.org (www.orthodb.org)|142.93.108.123|:80... connected.
HTTP request sent, awaiting response... 301 Moved Permanently
Location: https://www.orthodb.org/fasta?query=EOG091G03OT&level=33208 [following]
--2018-12-14 10:48:23--  https://www.orthodb.org/fasta?query=EOG091G03OT&level=33208
Connecting to www.orthodb.org (www.orthodb.org)|142.93.108.123|:443... connected.
HTTP request sent, awaiting response... 200 OK
Length: 455937 (445K) [text/plain]
Saving to: ‘EOG091G03OT/EOG091G03OT.orthodb.fasta’

     0K .......... .......... .......... .......... .......... 11% 1,37M 0s
    50K .......... .......... .......... .......... .......... 22% 2,36M 0s
   100K .......... .......... .......... .......... .......... 33% 2,40M 0s
   150K .......... .......... .......... .......... .......... 44% 2,07M 0s
   200K .......... .......... .......... .......... .......... 56% 2,89M 0s
   250K .......... .......... .......... .......... .......... 67% 2,41M 0s
   300K .......... .......... .......... .......... .......... 78% 3,21M 0s
   350K .......... .......... .......... .......... .......... 89% 5,95M 0s
   400K .......... .......... .......... .......... .....     100% 2,20M=0,2s

2018-12-14 10:48:23 (2,40 MB/s) - ‘EOG091G03OT/EOG091G03OT.orthodb.fasta’ saved [455937/455937]

