
RAxML can't, parse the alignment file as phylip file 
it will now try to parse it as FASTA file


This is the RAxML Master Pthread

This is RAxML Worker Pthread Number: 1


This is RAxML version 8.2.12 released by Alexandros Stamatakis on May 2018.

With greatly appreciated code contributions by:
Andre Aberer      (HITS)
Simon Berger      (HITS)
Alexey Kozlov     (HITS)
Kassian Kobert    (HITS)
David Dao         (KIT and HITS)
Sarah Lutteropp   (KIT and HITS)
Nick Pattengale   (Sandia)
Wayne Pfeiffer    (SDSC)
Akifumi S. Tanabe (NRIFS)
Charlie Taylor    (UF)


Alignment has 556 distinct alignment patterns

Proportion of gaps and completely undetermined characters in this alignment: 6.77%

RAxML rapid bootstrapping and subsequent ML search

Using 1 distinct models/data partitions with joint branch length optimization



Executing 100 rapid bootstrap inferences and thereafter a thorough ML search 

All free model parameters will be estimated by RAxML
GAMMA model of rate heterogeneity, ML estimate of alpha-parameter

GAMMA Model parameters will be estimated up to an accuracy of 0.1000000000 Log Likelihood units

Partition: 0
Alignment Patterns: 556
Name: No Name Provided
DataType: AA
Substitution Matrix: LG
Using empirical base frequencies




RAxML was called as follows:

raxml -f a -T 2 -m PROTGAMMALGF -p 12345 -x 12345 -# 100 -s ALICUT_EOG091G01XQ.clustalo.aln.fasta -n EOG091G01XQ.clustalo.aln.ALICUT.LGF 



Time for BS model parameter optimization 0.082270
Bootstrap[0]: Time 1.326204 seconds, bootstrap likelihood -9289.532589, best rearrangement setting 13
Bootstrap[1]: Time 1.161367 seconds, bootstrap likelihood -9858.787768, best rearrangement setting 13
Bootstrap[2]: Time 1.202666 seconds, bootstrap likelihood -9621.311694, best rearrangement setting 12
Bootstrap[3]: Time 1.111536 seconds, bootstrap likelihood -9710.322720, best rearrangement setting 15
Bootstrap[4]: Time 1.115916 seconds, bootstrap likelihood -9653.258445, best rearrangement setting 10
Bootstrap[5]: Time 1.194484 seconds, bootstrap likelihood -10230.427522, best rearrangement setting 10
Bootstrap[6]: Time 0.518401 seconds, bootstrap likelihood -9488.135677, best rearrangement setting 6
Bootstrap[7]: Time 1.196575 seconds, bootstrap likelihood -9626.437386, best rearrangement setting 14
Bootstrap[8]: Time 1.182856 seconds, bootstrap likelihood -9847.021512, best rearrangement setting 5
Bootstrap[9]: Time 1.269203 seconds, bootstrap likelihood -9780.746317, best rearrangement setting 7
Bootstrap[10]: Time 1.084319 seconds, bootstrap likelihood -9343.472234, best rearrangement setting 7
Bootstrap[11]: Time 1.126159 seconds, bootstrap likelihood -9359.266929, best rearrangement setting 5
Bootstrap[12]: Time 0.515295 seconds, bootstrap likelihood -9709.668058, best rearrangement setting 8
Bootstrap[13]: Time 1.321382 seconds, bootstrap likelihood -9823.509795, best rearrangement setting 7
Bootstrap[14]: Time 1.132625 seconds, bootstrap likelihood -9863.497085, best rearrangement setting 12
Bootstrap[15]: Time 1.166774 seconds, bootstrap likelihood -9254.428303, best rearrangement setting 15
Bootstrap[16]: Time 1.200143 seconds, bootstrap likelihood -9607.914225, best rearrangement setting 12
Bootstrap[17]: Time 1.138592 seconds, bootstrap likelihood -9498.856646, best rearrangement setting 12
Bootstrap[18]: Time 0.539868 seconds, bootstrap likelihood -10115.981389, best rearrangement setting 5
Bootstrap[19]: Time 1.171921 seconds, bootstrap likelihood -9883.941757, best rearrangement setting 8
Bootstrap[20]: Time 1.584388 seconds, bootstrap likelihood -9745.495740, best rearrangement setting 10
Bootstrap[21]: Time 1.152943 seconds, bootstrap likelihood -9472.465280, best rearrangement setting 6
Bootstrap[22]: Time 1.189858 seconds, bootstrap likelihood -9727.985467, best rearrangement setting 5
Bootstrap[23]: Time 1.246019 seconds, bootstrap likelihood -9845.988798, best rearrangement setting 7
Bootstrap[24]: Time 1.294061 seconds, bootstrap likelihood -9653.508652, best rearrangement setting 8
Bootstrap[25]: Time 1.194944 seconds, bootstrap likelihood -10095.480290, best rearrangement setting 6
Bootstrap[26]: Time 1.171794 seconds, bootstrap likelihood -9153.126271, best rearrangement setting 12
Bootstrap[27]: Time 1.191461 seconds, bootstrap likelihood -9598.131859, best rearrangement setting 10
Bootstrap[28]: Time 1.226115 seconds, bootstrap likelihood -9509.779426, best rearrangement setting 11
Bootstrap[29]: Time 1.283976 seconds, bootstrap likelihood -9781.361565, best rearrangement setting 12
Bootstrap[30]: Time 1.153113 seconds, bootstrap likelihood -9744.182787, best rearrangement setting 15
Bootstrap[31]: Time 1.179398 seconds, bootstrap likelihood -9604.190972, best rearrangement setting 15
Bootstrap[32]: Time 1.197648 seconds, bootstrap likelihood -9878.071938, best rearrangement setting 6
Bootstrap[33]: Time 1.205922 seconds, bootstrap likelihood -9924.986892, best rearrangement setting 15
Bootstrap[34]: Time 1.619009 seconds, bootstrap likelihood -9774.674153, best rearrangement setting 11
Bootstrap[35]: Time 1.084539 seconds, bootstrap likelihood -9609.689958, best rearrangement setting 8
Bootstrap[36]: Time 1.180861 seconds, bootstrap likelihood -9685.051498, best rearrangement setting 9
Bootstrap[37]: Time 1.157947 seconds, bootstrap likelihood -9838.406373, best rearrangement setting 11
Bootstrap[38]: Time 1.183958 seconds, bootstrap likelihood -9344.663675, best rearrangement setting 8
Bootstrap[39]: Time 1.193837 seconds, bootstrap likelihood -9838.906556, best rearrangement setting 13
Bootstrap[40]: Time 1.275781 seconds, bootstrap likelihood -10049.213453, best rearrangement setting 13
Bootstrap[41]: Time 1.128071 seconds, bootstrap likelihood -9710.096240, best rearrangement setting 10
Bootstrap[42]: Time 1.160387 seconds, bootstrap likelihood -9955.794322, best rearrangement setting 5
Bootstrap[43]: Time 1.148660 seconds, bootstrap likelihood -9578.515593, best rearrangement setting 14
Bootstrap[44]: Time 1.082596 seconds, bootstrap likelihood -9523.141536, best rearrangement setting 10
Bootstrap[45]: Time 1.109907 seconds, bootstrap likelihood -9725.831710, best rearrangement setting 15
Bootstrap[46]: Time 1.075849 seconds, bootstrap likelihood -9492.536570, best rearrangement setting 14
Bootstrap[47]: Time 1.183033 seconds, bootstrap likelihood -9836.993516, best rearrangement setting 8
Bootstrap[48]: Time 1.252422 seconds, bootstrap likelihood -9777.294801, best rearrangement setting 6
Bootstrap[49]: Time 1.206063 seconds, bootstrap likelihood -9848.976525, best rearrangement setting 7
Bootstrap[50]: Time 1.139999 seconds, bootstrap likelihood -9708.100043, best rearrangement setting 7
Bootstrap[51]: Time 1.133624 seconds, bootstrap likelihood -9613.565626, best rearrangement setting 11
Bootstrap[52]: Time 1.525378 seconds, bootstrap likelihood -9232.132916, best rearrangement setting 12
Bootstrap[53]: Time 0.507941 seconds, bootstrap likelihood -9788.037553, best rearrangement setting 8
Bootstrap[54]: Time 1.615330 seconds, bootstrap likelihood -9874.788965, best rearrangement setting 9
Bootstrap[55]: Time 1.173003 seconds, bootstrap likelihood -9778.935767, best rearrangement setting 11
Bootstrap[56]: Time 1.722436 seconds, bootstrap likelihood -9294.792685, best rearrangement setting 5
Bootstrap[57]: Time 1.613487 seconds, bootstrap likelihood -9911.494453, best rearrangement setting 7
Bootstrap[58]: Time 1.494455 seconds, bootstrap likelihood -9571.438051, best rearrangement setting 10
Bootstrap[59]: Time 1.180395 seconds, bootstrap likelihood -9767.005655, best rearrangement setting 9
Bootstrap[60]: Time 1.175530 seconds, bootstrap likelihood -9816.234940, best rearrangement setting 7
Bootstrap[61]: Time 1.089742 seconds, bootstrap likelihood -9794.938816, best rearrangement setting 5
Bootstrap[62]: Time 1.170483 seconds, bootstrap likelihood -9477.575122, best rearrangement setting 11
Bootstrap[63]: Time 1.194635 seconds, bootstrap likelihood -9381.521446, best rearrangement setting 12
Bootstrap[64]: Time 1.255561 seconds, bootstrap likelihood -9630.827137, best rearrangement setting 7
Bootstrap[65]: Time 1.494524 seconds, bootstrap likelihood -9891.326504, best rearrangement setting 5
Bootstrap[66]: Time 0.553113 seconds, bootstrap likelihood -9651.311460, best rearrangement setting 5
Bootstrap[67]: Time 1.218956 seconds, bootstrap likelihood -9621.116569, best rearrangement setting 15
Bootstrap[68]: Time 1.219066 seconds, bootstrap likelihood -9407.319605, best rearrangement setting 11
Bootstrap[69]: Time 0.599998 seconds, bootstrap likelihood -9202.292969, best rearrangement setting 5
Bootstrap[70]: Time 1.248130 seconds, bootstrap likelihood -9706.563270, best rearrangement setting 8
Bootstrap[71]: Time 1.372367 seconds, bootstrap likelihood -9454.097661, best rearrangement setting 10
Bootstrap[72]: Time 1.354598 seconds, bootstrap likelihood -9698.828065, best rearrangement setting 11
Bootstrap[73]: Time 1.193709 seconds, bootstrap likelihood -9697.945640, best rearrangement setting 9
Bootstrap[74]: Time 0.562899 seconds, bootstrap likelihood -9621.316483, best rearrangement setting 5
Bootstrap[75]: Time 1.188238 seconds, bootstrap likelihood -9924.265080, best rearrangement setting 8
Bootstrap[76]: Time 0.564129 seconds, bootstrap likelihood -9731.531370, best rearrangement setting 9
Bootstrap[77]: Time 1.237579 seconds, bootstrap likelihood -9274.293675, best rearrangement setting 11
Bootstrap[78]: Time 1.275675 seconds, bootstrap likelihood -9789.764865, best rearrangement setting 15
Bootstrap[79]: Time 1.230261 seconds, bootstrap likelihood -9825.357205, best rearrangement setting 9
Bootstrap[80]: Time 1.275741 seconds, bootstrap likelihood -9676.165904, best rearrangement setting 15
Bootstrap[81]: Time 1.263621 seconds, bootstrap likelihood -9892.113710, best rearrangement setting 7
Bootstrap[82]: Time 1.249049 seconds, bootstrap likelihood -9763.419080, best rearrangement setting 6
Bootstrap[83]: Time 1.323730 seconds, bootstrap likelihood -9837.349904, best rearrangement setting 10
Bootstrap[84]: Time 1.183065 seconds, bootstrap likelihood -9488.073341, best rearrangement setting 11
Bootstrap[85]: Time 1.406698 seconds, bootstrap likelihood -9796.562054, best rearrangement setting 8
Bootstrap[86]: Time 1.269084 seconds, bootstrap likelihood -9413.794675, best rearrangement setting 7
Bootstrap[87]: Time 1.243140 seconds, bootstrap likelihood -9592.103183, best rearrangement setting 7
Bootstrap[88]: Time 1.345386 seconds, bootstrap likelihood -9561.444346, best rearrangement setting 12
Bootstrap[89]: Time 1.313203 seconds, bootstrap likelihood -9609.834058, best rearrangement setting 10
Bootstrap[90]: Time 1.246983 seconds, bootstrap likelihood -9296.327150, best rearrangement setting 8
Bootstrap[91]: Time 1.217364 seconds, bootstrap likelihood -9882.926081, best rearrangement setting 12
Bootstrap[92]: Time 1.310580 seconds, bootstrap likelihood -9741.512194, best rearrangement setting 13
Bootstrap[93]: Time 0.527429 seconds, bootstrap likelihood -9727.125241, best rearrangement setting 15
Bootstrap[94]: Time 1.178166 seconds, bootstrap likelihood -9509.715999, best rearrangement setting 5
Bootstrap[95]: Time 1.269362 seconds, bootstrap likelihood -9475.396794, best rearrangement setting 5
Bootstrap[96]: Time 1.177924 seconds, bootstrap likelihood -9673.313051, best rearrangement setting 13
Bootstrap[97]: Time 0.528613 seconds, bootstrap likelihood -9629.896445, best rearrangement setting 11
Bootstrap[98]: Time 1.169884 seconds, bootstrap likelihood -9727.087559, best rearrangement setting 6
Bootstrap[99]: Time 1.264559 seconds, bootstrap likelihood -9517.140128, best rearrangement setting 14


Overall Time for 100 Rapid Bootstraps 117.104175 seconds
Average Time per Rapid Bootstrap 1.171042 seconds

Starting ML Search ...

Fast ML optimization finished

Fast ML search Time: 84.971777 seconds

Slow ML Search 0 Likelihood: -9651.946468
Slow ML Search 1 Likelihood: -9651.946468
Slow ML Search 2 Likelihood: -9651.946468
Slow ML Search 3 Likelihood: -9651.946468
Slow ML Search 4 Likelihood: -9651.946468
Slow ML Search 5 Likelihood: -9651.946468
Slow ML Search 6 Likelihood: -9651.946468
Slow ML Search 7 Likelihood: -9651.946468
Slow ML Search 8 Likelihood: -9651.946468
Slow ML Search 9 Likelihood: -9651.946468
Slow ML optimization finished

Slow ML search Time: 32.462662 seconds
Thorough ML search Time: 2.461578 seconds

Final ML Optimization Likelihood: -9651.946468

Model Information:

Model Parameters of Partition 0, Name: No Name Provided, Type of Data: AA
alpha: 1.136979
Tree-Length: 4.927445
rate A <-> R: 0.399182
rate A <-> N: 0.259945
rate A <-> D: 0.371058
rate A <-> C: 2.337364
rate A <-> Q: 0.910775
rate A <-> E: 0.975241
rate A <-> G: 1.940106
rate A <-> H: 0.336984
rate A <-> I: 0.140697
rate A <-> L: 0.371240
rate A <-> K: 0.503815
rate A <-> M: 1.055520
rate A <-> F: 0.238237
rate A <-> P: 1.105868
rate A <-> S: 4.439041
rate A <-> T: 2.009090
rate A <-> W: 0.169702
rate A <-> Y: 0.205613
rate A <-> V: 2.392567
rate R <-> N: 0.706048
rate R <-> D: 0.116398
rate R <-> C: 0.501968
rate R <-> Q: 2.636754
rate R <-> E: 0.341785
rate R <-> G: 0.366408
rate R <-> H: 2.278690
rate R <-> I: 0.119250
rate R <-> L: 0.283449
rate R <-> K: 5.940467
rate R <-> M: 0.454623
rate R <-> F: 0.049508
rate R <-> P: 0.312264
rate R <-> S: 0.805843
rate R <-> T: 0.543695
rate R <-> W: 0.557424
rate R <-> Y: 0.295274
rate R <-> V: 0.160471
rate N <-> D: 4.766737
rate N <-> C: 0.496537
rate N <-> Q: 1.592389
rate N <-> E: 0.508692
rate N <-> G: 1.350015
rate N <-> H: 4.234381
rate N <-> I: 0.179830
rate N <-> L: 0.064256
rate N <-> K: 2.014327
rate N <-> M: 0.348390
rate N <-> F: 0.084068
rate N <-> P: 0.151925
rate N <-> S: 3.764032
rate N <-> T: 1.878729
rate N <-> W: 0.042610
rate N <-> Y: 0.574720
rate N <-> V: 0.078587
rate D <-> C: 0.058743
rate D <-> Q: 0.491483
rate D <-> E: 4.924234
rate D <-> G: 0.793424
rate D <-> H: 0.870603
rate D <-> I: 0.010038
rate D <-> L: 0.014157
rate D <-> K: 0.265711
rate D <-> M: 0.023991
rate D <-> F: 0.016354
rate D <-> P: 0.370412
rate D <-> S: 1.164675
rate D <-> T: 0.399902
rate D <-> W: 0.028068
rate D <-> Y: 0.126872
rate D <-> V: 0.035653
rate C <-> Q: 0.079639
rate C <-> E: 0.003286
rate C <-> G: 0.534566
rate C <-> H: 0.601499
rate C <-> I: 0.301083
rate C <-> L: 0.557800
rate C <-> K: 0.012457
rate C <-> M: 0.839207
rate C <-> F: 1.037881
rate C <-> P: 0.070787
rate C <-> S: 2.614753
rate C <-> T: 1.073780
rate C <-> W: 0.629281
rate C <-> Y: 1.094488
rate C <-> V: 1.839864
rate Q <-> E: 3.876936
rate Q <-> G: 0.251626
rate Q <-> H: 4.520102
rate Q <-> I: 0.068413
rate Q <-> L: 0.546954
rate Q <-> K: 3.037150
rate Q <-> M: 1.570619
rate Q <-> F: 0.033669
rate Q <-> P: 0.586241
rate Q <-> S: 1.149231
rate Q <-> T: 1.014297
rate Q <-> W: 0.221802
rate Q <-> Y: 0.241650
rate Q <-> V: 0.197511
rate E <-> G: 0.327583
rate E <-> H: 0.398044
rate E <-> I: 0.041567
rate E <-> L: 0.065426
rate E <-> K: 1.697022
rate E <-> M: 0.163145
rate E <-> F: 0.017664
rate E <-> P: 0.393844
rate E <-> S: 0.574671
rate E <-> T: 0.567695
rate E <-> W: 0.073107
rate E <-> Y: 0.112720
rate E <-> V: 0.230098
rate G <-> H: 0.292498
rate G <-> I: 0.008174
rate G <-> L: 0.041563
rate G <-> K: 0.278555
rate G <-> M: 0.131033
rate G <-> F: 0.084125
rate G <-> P: 0.184955
rate G <-> S: 1.633930
rate G <-> T: 0.121922
rate G <-> W: 0.252125
rate G <-> Y: 0.051346
rate G <-> V: 0.072026
rate H <-> I: 0.102245
rate H <-> L: 0.343988
rate H <-> K: 0.654763
rate H <-> M: 0.415502
rate H <-> F: 0.640560
rate H <-> P: 0.477834
rate H <-> S: 0.929667
rate H <-> T: 0.548649
rate H <-> W: 0.560661
rate H <-> Y: 4.983361
rate H <-> V: 0.111759
rate I <-> L: 3.892408
rate I <-> K: 0.149373
rate I <-> M: 4.013113
rate I <-> F: 1.044902
rate I <-> P: 0.073509
rate I <-> S: 0.060198
rate I <-> T: 0.970728
rate I <-> W: 0.104854
rate I <-> Y: 0.218350
rate I <-> V: 10.000000
rate L <-> K: 0.129119
rate L <-> M: 5.927594
rate L <-> F: 2.434657
rate L <-> P: 0.233879
rate L <-> S: 0.171176
rate L <-> T: 0.284471
rate L <-> W: 0.581863
rate L <-> Y: 0.281383
rate L <-> V: 1.598956
rate K <-> M: 0.616581
rate K <-> F: 0.022460
rate K <-> P: 0.366530
rate K <-> S: 0.703048
rate K <-> T: 1.067567
rate K <-> W: 0.046864
rate K <-> Y: 0.123890
rate K <-> V: 0.173913
rate M <-> F: 1.689205
rate M <-> P: 0.093763
rate M <-> S: 0.325811
rate M <-> T: 1.897216
rate M <-> W: 0.653740
rate M <-> Y: 0.451968
rate M <-> V: 1.782983
rate F <-> P: 0.088706
rate F <-> S: 0.339765
rate F <-> T: 0.154944
rate F <-> W: 2.307349
rate F <-> Y: 7.328222
rate F <-> V: 0.614777
rate P <-> S: 1.256567
rate P <-> T: 0.536635
rate P <-> W: 0.089332
rate P <-> Y: 0.084151
rate P <-> V: 0.278428
rate S <-> T: 6.077767
rate S <-> W: 0.233693
rate S <-> Y: 0.376132
rate S <-> V: 0.092373
rate T <-> W: 0.132241
rate T <-> Y: 0.230856
rate T <-> V: 2.054781
rate W <-> Y: 2.959699
rate W <-> V: 0.177959
rate Y <-> V: 0.234116

freq pi(A): 0.093596
freq pi(R): 0.035577
freq pi(N): 0.039272
freq pi(D): 0.060208
freq pi(C): 0.025041
freq pi(Q): 0.047209
freq pi(E): 0.067734
freq pi(G): 0.046935
freq pi(H): 0.014505
freq pi(I): 0.072660
freq pi(L): 0.121921
freq pi(K): 0.042556
freq pi(M): 0.030515
freq pi(F): 0.031609
freq pi(P): 0.039819
freq pi(S): 0.072250
freq pi(T): 0.048166
freq pi(W): 0.010673
freq pi(Y): 0.025041
freq pi(V): 0.074713


ML search took 119.918454 secs or 0.033311 hours

Combined Bootstrap and ML search took 237.022849 secs or 0.065840 hours

Drawing Bootstrap Support Values on best-scoring ML tree ...



Found 1 tree in File /in/RAxML_bestTree.EOG091G01XQ.clustalo.aln.ALICUT.LGF



Found 1 tree in File /in/RAxML_bestTree.EOG091G01XQ.clustalo.aln.ALICUT.LGF

Program execution info written to /in/RAxML_info.EOG091G01XQ.clustalo.aln.ALICUT.LGF
All 100 bootstrapped trees written to: /in/RAxML_bootstrap.EOG091G01XQ.clustalo.aln.ALICUT.LGF

Best-scoring ML tree written to: /in/RAxML_bestTree.EOG091G01XQ.clustalo.aln.ALICUT.LGF

Best-scoring ML tree with support values written to: /in/RAxML_bipartitions.EOG091G01XQ.clustalo.aln.ALICUT.LGF

Best-scoring ML tree with support values as branch labels written to: /in/RAxML_bipartitionsBranchLabels.EOG091G01XQ.clustalo.aln.ALICUT.LGF

Overall execution time for full ML analysis: 237.024790 secs or 0.065840 hours or 0.002743 days

