
WARNING: The number of threads is currently set to 1
You can specify the number of threads to run via -T numberOfThreads
NumberOfThreads must be set to an integer value greater than 1

RAxML, will now set the number of threads automatically to 2 !


RAxML can't, parse the alignment file as phylip file 
it will now try to parse it as FASTA file


This is the RAxML Master Pthread

This is RAxML Worker Pthread Number: 1


This is RAxML version 8.2.12 released by Alexandros Stamatakis on May 2018.

With greatly appreciated code contributions by:
Andre Aberer      (HITS)
Simon Berger      (HITS)
Alexey Kozlov     (HITS)
Kassian Kobert    (HITS)
David Dao         (KIT and HITS)
Sarah Lutteropp   (KIT and HITS)
Nick Pattengale   (Sandia)
Wayne Pfeiffer    (SDSC)
Akifumi S. Tanabe (NRIFS)
Charlie Taylor    (UF)


Alignment has 759 distinct alignment patterns

Proportion of gaps and completely undetermined characters in this alignment: 7.80%

RAxML rapid bootstrapping and subsequent ML search

Using 1 distinct models/data partitions with joint branch length optimization



Executing 100 rapid bootstrap inferences and thereafter a thorough ML search 

All free model parameters will be estimated by RAxML
GAMMA model of rate heterogeneity, ML estimate of alpha-parameter

GAMMA Model parameters will be estimated up to an accuracy of 0.1000000000 Log Likelihood units

Partition: 0
Alignment Patterns: 759
Name: No Name Provided
DataType: AA
Substitution Matrix: LG
Using empirical base frequencies




RAxML was called as follows:

raxml -f a -T 1 -m PROTGAMMALGF -p 12345 -x 12345 -# 100 -s ALICUT_EOG091G01VH.clustalo.aln.fasta -n EOG091G01VH.clustalo.aln.ALICUT.LGF 



Time for BS model parameter optimization 0.414099
Bootstrap[0]: Time 1.787816 seconds, bootstrap likelihood -13461.092813, best rearrangement setting 13
Bootstrap[1]: Time 1.129953 seconds, bootstrap likelihood -13065.684384, best rearrangement setting 13
Bootstrap[2]: Time 1.126087 seconds, bootstrap likelihood -13031.267600, best rearrangement setting 12
Bootstrap[3]: Time 1.111693 seconds, bootstrap likelihood -13148.887333, best rearrangement setting 15
Bootstrap[4]: Time 2.211564 seconds, bootstrap likelihood -13357.592192, best rearrangement setting 10
Bootstrap[5]: Time 2.288311 seconds, bootstrap likelihood -13287.807041, best rearrangement setting 10
Bootstrap[6]: Time 2.291411 seconds, bootstrap likelihood -12883.564293, best rearrangement setting 6
Bootstrap[7]: Time 2.304485 seconds, bootstrap likelihood -12951.464856, best rearrangement setting 14
Bootstrap[8]: Time 1.069047 seconds, bootstrap likelihood -13379.909361, best rearrangement setting 5
Bootstrap[9]: Time 1.174830 seconds, bootstrap likelihood -13039.848082, best rearrangement setting 7
Bootstrap[10]: Time 1.107025 seconds, bootstrap likelihood -13235.264116, best rearrangement setting 7
Bootstrap[11]: Time 1.080854 seconds, bootstrap likelihood -13445.764812, best rearrangement setting 5
Bootstrap[12]: Time 2.432409 seconds, bootstrap likelihood -12769.243236, best rearrangement setting 8
Bootstrap[13]: Time 2.302184 seconds, bootstrap likelihood -13170.049862, best rearrangement setting 7
Bootstrap[14]: Time 2.300489 seconds, bootstrap likelihood -13001.663882, best rearrangement setting 12
Bootstrap[15]: Time 2.342735 seconds, bootstrap likelihood -13088.445442, best rearrangement setting 15
Bootstrap[16]: Time 2.370421 seconds, bootstrap likelihood -13325.480405, best rearrangement setting 12
Bootstrap[17]: Time 2.289497 seconds, bootstrap likelihood -12679.939186, best rearrangement setting 12
Bootstrap[18]: Time 2.151677 seconds, bootstrap likelihood -13361.266120, best rearrangement setting 5
Bootstrap[19]: Time 2.344778 seconds, bootstrap likelihood -13332.431528, best rearrangement setting 8
Bootstrap[20]: Time 2.424129 seconds, bootstrap likelihood -13361.322105, best rearrangement setting 10
Bootstrap[21]: Time 2.495723 seconds, bootstrap likelihood -13103.452025, best rearrangement setting 6
Bootstrap[22]: Time 1.121895 seconds, bootstrap likelihood -13075.354809, best rearrangement setting 5
Bootstrap[23]: Time 1.162697 seconds, bootstrap likelihood -13015.859012, best rearrangement setting 7
Bootstrap[24]: Time 1.106849 seconds, bootstrap likelihood -13154.018054, best rearrangement setting 8
Bootstrap[25]: Time 1.157801 seconds, bootstrap likelihood -13099.435807, best rearrangement setting 6
Bootstrap[26]: Time 1.108520 seconds, bootstrap likelihood -13373.348740, best rearrangement setting 12
Bootstrap[27]: Time 2.432931 seconds, bootstrap likelihood -13394.755778, best rearrangement setting 10
Bootstrap[28]: Time 2.456351 seconds, bootstrap likelihood -13324.727519, best rearrangement setting 11
Bootstrap[29]: Time 1.145327 seconds, bootstrap likelihood -13386.479556, best rearrangement setting 12
Bootstrap[30]: Time 2.473420 seconds, bootstrap likelihood -13212.166866, best rearrangement setting 15
Bootstrap[31]: Time 2.360815 seconds, bootstrap likelihood -13077.357965, best rearrangement setting 15
Bootstrap[32]: Time 2.427799 seconds, bootstrap likelihood -13278.251276, best rearrangement setting 6
Bootstrap[33]: Time 1.138140 seconds, bootstrap likelihood -13568.015258, best rearrangement setting 15
Bootstrap[34]: Time 2.365166 seconds, bootstrap likelihood -13369.335087, best rearrangement setting 11
Bootstrap[35]: Time 2.307824 seconds, bootstrap likelihood -12899.621124, best rearrangement setting 8
Bootstrap[36]: Time 2.306852 seconds, bootstrap likelihood -13145.844694, best rearrangement setting 9
Bootstrap[37]: Time 2.302847 seconds, bootstrap likelihood -13014.308320, best rearrangement setting 11
Bootstrap[38]: Time 1.142446 seconds, bootstrap likelihood -13360.575321, best rearrangement setting 8
Bootstrap[39]: Time 2.112301 seconds, bootstrap likelihood -13407.285284, best rearrangement setting 13
Bootstrap[40]: Time 1.129361 seconds, bootstrap likelihood -13465.936286, best rearrangement setting 13
Bootstrap[41]: Time 1.046158 seconds, bootstrap likelihood -13199.001112, best rearrangement setting 10
Bootstrap[42]: Time 1.071077 seconds, bootstrap likelihood -13381.027622, best rearrangement setting 5
Bootstrap[43]: Time 2.183885 seconds, bootstrap likelihood -13355.828993, best rearrangement setting 14
Bootstrap[44]: Time 2.221694 seconds, bootstrap likelihood -13249.815211, best rearrangement setting 10
Bootstrap[45]: Time 2.379291 seconds, bootstrap likelihood -13219.231769, best rearrangement setting 15
Bootstrap[46]: Time 2.380028 seconds, bootstrap likelihood -13520.235067, best rearrangement setting 14
Bootstrap[47]: Time 1.071505 seconds, bootstrap likelihood -12719.474598, best rearrangement setting 8
Bootstrap[48]: Time 1.152369 seconds, bootstrap likelihood -12997.690598, best rearrangement setting 6
Bootstrap[49]: Time 1.115784 seconds, bootstrap likelihood -13420.469835, best rearrangement setting 7
Bootstrap[50]: Time 2.443402 seconds, bootstrap likelihood -13875.690808, best rearrangement setting 7
Bootstrap[51]: Time 2.394908 seconds, bootstrap likelihood -13322.546147, best rearrangement setting 11
Bootstrap[52]: Time 2.388244 seconds, bootstrap likelihood -13484.971817, best rearrangement setting 12
Bootstrap[53]: Time 2.415945 seconds, bootstrap likelihood -13242.902180, best rearrangement setting 8
Bootstrap[54]: Time 2.203210 seconds, bootstrap likelihood -12970.787521, best rearrangement setting 9
Bootstrap[55]: Time 2.431237 seconds, bootstrap likelihood -12858.147118, best rearrangement setting 11
Bootstrap[56]: Time 2.353200 seconds, bootstrap likelihood -13095.129272, best rearrangement setting 5
Bootstrap[57]: Time 1.100261 seconds, bootstrap likelihood -12978.988197, best rearrangement setting 7
Bootstrap[58]: Time 1.148756 seconds, bootstrap likelihood -13405.452171, best rearrangement setting 10
Bootstrap[59]: Time 1.101289 seconds, bootstrap likelihood -13295.878822, best rearrangement setting 9
Bootstrap[60]: Time 1.197774 seconds, bootstrap likelihood -13364.275405, best rearrangement setting 7
Bootstrap[61]: Time 1.091667 seconds, bootstrap likelihood -13133.717782, best rearrangement setting 5
Bootstrap[62]: Time 2.124457 seconds, bootstrap likelihood -13380.756533, best rearrangement setting 11
Bootstrap[63]: Time 2.486955 seconds, bootstrap likelihood -13790.375130, best rearrangement setting 12
Bootstrap[64]: Time 1.149231 seconds, bootstrap likelihood -13606.813086, best rearrangement setting 7
Bootstrap[65]: Time 2.464187 seconds, bootstrap likelihood -13255.930997, best rearrangement setting 5
Bootstrap[66]: Time 2.347510 seconds, bootstrap likelihood -13023.962795, best rearrangement setting 5
Bootstrap[67]: Time 2.201261 seconds, bootstrap likelihood -12991.441272, best rearrangement setting 15
Bootstrap[68]: Time 2.281245 seconds, bootstrap likelihood -13324.390765, best rearrangement setting 11
Bootstrap[69]: Time 2.378589 seconds, bootstrap likelihood -13115.338859, best rearrangement setting 5
Bootstrap[70]: Time 2.277016 seconds, bootstrap likelihood -13512.084529, best rearrangement setting 8
Bootstrap[71]: Time 2.372273 seconds, bootstrap likelihood -13479.092751, best rearrangement setting 10
Bootstrap[72]: Time 1.191512 seconds, bootstrap likelihood -13095.225127, best rearrangement setting 11
Bootstrap[73]: Time 2.442755 seconds, bootstrap likelihood -13594.025941, best rearrangement setting 9
Bootstrap[74]: Time 2.265267 seconds, bootstrap likelihood -13321.045976, best rearrangement setting 5
Bootstrap[75]: Time 1.203397 seconds, bootstrap likelihood -13373.059699, best rearrangement setting 8
Bootstrap[76]: Time 1.116360 seconds, bootstrap likelihood -12792.750108, best rearrangement setting 9
Bootstrap[77]: Time 1.155996 seconds, bootstrap likelihood -13039.547963, best rearrangement setting 11
Bootstrap[78]: Time 1.128822 seconds, bootstrap likelihood -13292.942673, best rearrangement setting 15
Bootstrap[79]: Time 2.340661 seconds, bootstrap likelihood -13398.344175, best rearrangement setting 9
Bootstrap[80]: Time 1.103602 seconds, bootstrap likelihood -12857.896158, best rearrangement setting 15
Bootstrap[81]: Time 2.264438 seconds, bootstrap likelihood -13066.777910, best rearrangement setting 7
Bootstrap[82]: Time 2.450653 seconds, bootstrap likelihood -13552.156133, best rearrangement setting 6
Bootstrap[83]: Time 2.376273 seconds, bootstrap likelihood -13040.345922, best rearrangement setting 10
Bootstrap[84]: Time 1.070720 seconds, bootstrap likelihood -13116.183457, best rearrangement setting 11
Bootstrap[85]: Time 1.162561 seconds, bootstrap likelihood -13316.342823, best rearrangement setting 8
Bootstrap[86]: Time 2.286864 seconds, bootstrap likelihood -13549.546002, best rearrangement setting 7
Bootstrap[87]: Time 2.372995 seconds, bootstrap likelihood -13256.970567, best rearrangement setting 7
Bootstrap[88]: Time 2.299753 seconds, bootstrap likelihood -13241.880955, best rearrangement setting 12
Bootstrap[89]: Time 1.118684 seconds, bootstrap likelihood -12939.818781, best rearrangement setting 10
Bootstrap[90]: Time 1.133960 seconds, bootstrap likelihood -12904.305027, best rearrangement setting 8
Bootstrap[91]: Time 2.325330 seconds, bootstrap likelihood -13111.509774, best rearrangement setting 12
Bootstrap[92]: Time 2.267713 seconds, bootstrap likelihood -13265.871698, best rearrangement setting 13
Bootstrap[93]: Time 1.103533 seconds, bootstrap likelihood -13421.205547, best rearrangement setting 15
Bootstrap[94]: Time 1.160282 seconds, bootstrap likelihood -13101.455157, best rearrangement setting 5
Bootstrap[95]: Time 1.058418 seconds, bootstrap likelihood -12831.770131, best rearrangement setting 5
Bootstrap[96]: Time 1.145718 seconds, bootstrap likelihood -13526.749547, best rearrangement setting 13
Bootstrap[97]: Time 2.382984 seconds, bootstrap likelihood -13331.780543, best rearrangement setting 11
Bootstrap[98]: Time 2.268219 seconds, bootstrap likelihood -12874.742027, best rearrangement setting 6
Bootstrap[99]: Time 2.477512 seconds, bootstrap likelihood -12950.452776, best rearrangement setting 14


Overall Time for 100 Rapid Bootstraps 183.595500 seconds
Average Time per Rapid Bootstrap 1.835955 seconds

Starting ML Search ...

Fast ML optimization finished

Fast ML search Time: 134.329045 seconds

Slow ML Search 0 Likelihood: -13267.480361
Slow ML Search 1 Likelihood: -13267.480361
Slow ML Search 2 Likelihood: -13267.480361
Slow ML Search 3 Likelihood: -13267.480361
Slow ML Search 4 Likelihood: -13267.480361
Slow ML Search 5 Likelihood: -13267.480361
Slow ML Search 6 Likelihood: -13267.480361
Slow ML Search 7 Likelihood: -13267.480361
Slow ML Search 8 Likelihood: -13267.480361
Slow ML Search 9 Likelihood: -13267.480361
Slow ML optimization finished

Slow ML search Time: 64.007989 seconds
Thorough ML search Time: 4.306353 seconds

Final ML Optimization Likelihood: -13267.480361

Model Information:

Model Parameters of Partition 0, Name: No Name Provided, Type of Data: AA
alpha: 0.776948
Tree-Length: 4.492355
rate A <-> R: 0.399182
rate A <-> N: 0.259945
rate A <-> D: 0.371058
rate A <-> C: 2.337364
rate A <-> Q: 0.910775
rate A <-> E: 0.975241
rate A <-> G: 1.940106
rate A <-> H: 0.336984
rate A <-> I: 0.140697
rate A <-> L: 0.371240
rate A <-> K: 0.503815
rate A <-> M: 1.055520
rate A <-> F: 0.238237
rate A <-> P: 1.105868
rate A <-> S: 4.439041
rate A <-> T: 2.009090
rate A <-> W: 0.169702
rate A <-> Y: 0.205613
rate A <-> V: 2.392567
rate R <-> N: 0.706048
rate R <-> D: 0.116398
rate R <-> C: 0.501968
rate R <-> Q: 2.636754
rate R <-> E: 0.341785
rate R <-> G: 0.366408
rate R <-> H: 2.278690
rate R <-> I: 0.119250
rate R <-> L: 0.283449
rate R <-> K: 5.940467
rate R <-> M: 0.454623
rate R <-> F: 0.049508
rate R <-> P: 0.312264
rate R <-> S: 0.805843
rate R <-> T: 0.543695
rate R <-> W: 0.557424
rate R <-> Y: 0.295274
rate R <-> V: 0.160471
rate N <-> D: 4.766737
rate N <-> C: 0.496537
rate N <-> Q: 1.592389
rate N <-> E: 0.508692
rate N <-> G: 1.350015
rate N <-> H: 4.234381
rate N <-> I: 0.179830
rate N <-> L: 0.064256
rate N <-> K: 2.014327
rate N <-> M: 0.348390
rate N <-> F: 0.084068
rate N <-> P: 0.151925
rate N <-> S: 3.764032
rate N <-> T: 1.878729
rate N <-> W: 0.042610
rate N <-> Y: 0.574720
rate N <-> V: 0.078587
rate D <-> C: 0.058743
rate D <-> Q: 0.491483
rate D <-> E: 4.924234
rate D <-> G: 0.793424
rate D <-> H: 0.870603
rate D <-> I: 0.010038
rate D <-> L: 0.014157
rate D <-> K: 0.265711
rate D <-> M: 0.023991
rate D <-> F: 0.016354
rate D <-> P: 0.370412
rate D <-> S: 1.164675
rate D <-> T: 0.399902
rate D <-> W: 0.028068
rate D <-> Y: 0.126872
rate D <-> V: 0.035653
rate C <-> Q: 0.079639
rate C <-> E: 0.003286
rate C <-> G: 0.534566
rate C <-> H: 0.601499
rate C <-> I: 0.301083
rate C <-> L: 0.557800
rate C <-> K: 0.012457
rate C <-> M: 0.839207
rate C <-> F: 1.037881
rate C <-> P: 0.070787
rate C <-> S: 2.614753
rate C <-> T: 1.073780
rate C <-> W: 0.629281
rate C <-> Y: 1.094488
rate C <-> V: 1.839864
rate Q <-> E: 3.876936
rate Q <-> G: 0.251626
rate Q <-> H: 4.520102
rate Q <-> I: 0.068413
rate Q <-> L: 0.546954
rate Q <-> K: 3.037150
rate Q <-> M: 1.570619
rate Q <-> F: 0.033669
rate Q <-> P: 0.586241
rate Q <-> S: 1.149231
rate Q <-> T: 1.014297
rate Q <-> W: 0.221802
rate Q <-> Y: 0.241650
rate Q <-> V: 0.197511
rate E <-> G: 0.327583
rate E <-> H: 0.398044
rate E <-> I: 0.041567
rate E <-> L: 0.065426
rate E <-> K: 1.697022
rate E <-> M: 0.163145
rate E <-> F: 0.017664
rate E <-> P: 0.393844
rate E <-> S: 0.574671
rate E <-> T: 0.567695
rate E <-> W: 0.073107
rate E <-> Y: 0.112720
rate E <-> V: 0.230098
rate G <-> H: 0.292498
rate G <-> I: 0.008174
rate G <-> L: 0.041563
rate G <-> K: 0.278555
rate G <-> M: 0.131033
rate G <-> F: 0.084125
rate G <-> P: 0.184955
rate G <-> S: 1.633930
rate G <-> T: 0.121922
rate G <-> W: 0.252125
rate G <-> Y: 0.051346
rate G <-> V: 0.072026
rate H <-> I: 0.102245
rate H <-> L: 0.343988
rate H <-> K: 0.654763
rate H <-> M: 0.415502
rate H <-> F: 0.640560
rate H <-> P: 0.477834
rate H <-> S: 0.929667
rate H <-> T: 0.548649
rate H <-> W: 0.560661
rate H <-> Y: 4.983361
rate H <-> V: 0.111759
rate I <-> L: 3.892408
rate I <-> K: 0.149373
rate I <-> M: 4.013113
rate I <-> F: 1.044902
rate I <-> P: 0.073509
rate I <-> S: 0.060198
rate I <-> T: 0.970728
rate I <-> W: 0.104854
rate I <-> Y: 0.218350
rate I <-> V: 10.000000
rate L <-> K: 0.129119
rate L <-> M: 5.927594
rate L <-> F: 2.434657
rate L <-> P: 0.233879
rate L <-> S: 0.171176
rate L <-> T: 0.284471
rate L <-> W: 0.581863
rate L <-> Y: 0.281383
rate L <-> V: 1.598956
rate K <-> M: 0.616581
rate K <-> F: 0.022460
rate K <-> P: 0.366530
rate K <-> S: 0.703048
rate K <-> T: 1.067567
rate K <-> W: 0.046864
rate K <-> Y: 0.123890
rate K <-> V: 0.173913
rate M <-> F: 1.689205
rate M <-> P: 0.093763
rate M <-> S: 0.325811
rate M <-> T: 1.897216
rate M <-> W: 0.653740
rate M <-> Y: 0.451968
rate M <-> V: 1.782983
rate F <-> P: 0.088706
rate F <-> S: 0.339765
rate F <-> T: 0.154944
rate F <-> W: 2.307349
rate F <-> Y: 7.328222
rate F <-> V: 0.614777
rate P <-> S: 1.256567
rate P <-> T: 0.536635
rate P <-> W: 0.089332
rate P <-> Y: 0.084151
rate P <-> V: 0.278428
rate S <-> T: 6.077767
rate S <-> W: 0.233693
rate S <-> Y: 0.376132
rate S <-> V: 0.092373
rate T <-> W: 0.132241
rate T <-> Y: 0.230856
rate T <-> V: 2.054781
rate W <-> Y: 2.959699
rate W <-> V: 0.177959
rate Y <-> V: 0.234116

freq pi(A): 0.067839
freq pi(R): 0.046666
freq pi(N): 0.037923
freq pi(D): 0.060782
freq pi(C): 0.017381
freq pi(Q): 0.036553
freq pi(E): 0.069209
freq pi(G): 0.055620
freq pi(H): 0.022648
freq pi(I): 0.053408
freq pi(L): 0.105235
freq pi(K): 0.080586
freq pi(M): 0.029495
freq pi(F): 0.040135
freq pi(P): 0.047509
freq pi(S): 0.057832
freq pi(T): 0.045929
freq pi(W): 0.019593
freq pi(Y): 0.045297
freq pi(V): 0.060360


ML search took 202.683876 secs or 0.056301 hours

Combined Bootstrap and ML search took 386.280105 secs or 0.107300 hours

Drawing Bootstrap Support Values on best-scoring ML tree ...



Found 1 tree in File /in/RAxML_bestTree.EOG091G01VH.clustalo.aln.ALICUT.LGF



Found 1 tree in File /in/RAxML_bestTree.EOG091G01VH.clustalo.aln.ALICUT.LGF

Program execution info written to /in/RAxML_info.EOG091G01VH.clustalo.aln.ALICUT.LGF
All 100 bootstrapped trees written to: /in/RAxML_bootstrap.EOG091G01VH.clustalo.aln.ALICUT.LGF

Best-scoring ML tree written to: /in/RAxML_bestTree.EOG091G01VH.clustalo.aln.ALICUT.LGF

Best-scoring ML tree with support values written to: /in/RAxML_bipartitions.EOG091G01VH.clustalo.aln.ALICUT.LGF

Best-scoring ML tree with support values as branch labels written to: /in/RAxML_bipartitionsBranchLabels.EOG091G01VH.clustalo.aln.ALICUT.LGF

Overall execution time for full ML analysis: 386.283213 secs or 0.107301 hours or 0.004471 days

