
	reading taxa from FASTA ...


	T.solium             -> sites: 356   
	O.viverrini          -> sites: 356   
	C.intestinalis       -> sites: 356   
	H.robusta            -> sites: 356   
	H.microstoma         -> sites: 356   
	E.granulosus         -> sites: 356   
	C.sinensis           -> sites: 356   
	R.norvegicus         -> sites: 356   
	S.mediterranea       -> sites: 356   
	D.rerio              -> sites: 356   
	D.melanogaster       -> sites: 356   


	data type             : amino acid sequences

	input ...

	infile		: EOG091G0QJA.clustalo.aln.fasta
	random pairs	: 200000000000000000
	window size	: 6
	indels		: ambiguous
	tree file	: -
	node level	: -
	strict profile	: -
	outgroup	: -
	matrix          : BLOSUM62

	number of taxa        : 11
	random number of pairs: 200000000000000000

	generates threshhold value for amino acid data
	using BLOSUM62

	checks for (potential) identical taxa


	scores site patterns ...


	max number of different pairs is 55
	max random pairs are scored!

	pair: 1      ->	taxon1: T.solium  	taxon2: O.viverrin
	            	positions below base line: 178
	pair: 2      ->	taxon1: T.solium  	taxon2: C.intestin
	            	positions below base line: 222
	pair: 3      ->	taxon1: T.solium  	taxon2: H.robusta 
	            	positions below base line: 223
	pair: 4      ->	taxon1: T.solium  	taxon2: H.microsto
	            	positions below base line: 175
	pair: 5      ->	taxon1: T.solium  	taxon2: E.granulos
	            	positions below base line: 175
	pair: 6      ->	taxon1: T.solium  	taxon2: C.sinensis
	            	positions below base line: 207
	pair: 7      ->	taxon1: T.solium  	taxon2: R.norvegic
	            	positions below base line: 219
	pair: 8      ->	taxon1: T.solium  	taxon2: S.mediterr
	            	positions below base line: 214
	pair: 9      ->	taxon1: T.solium  	taxon2: D.rerio   
	            	positions below base line: 219
	pair: 10     ->	taxon1: T.solium  	taxon2: D.melanoga
	            	positions below base line: 217
	pair: 11     ->	taxon1: O.viverrin	taxon2: C.intestin
	            	positions below base line: 219
	pair: 12     ->	taxon1: O.viverrin	taxon2: H.robusta 
	            	positions below base line: 219
	pair: 13     ->	taxon1: O.viverrin	taxon2: H.microsto
	            	positions below base line: 182
	pair: 14     ->	taxon1: O.viverrin	taxon2: E.granulos
	            	positions below base line: 178
	pair: 15     ->	taxon1: O.viverrin	taxon2: C.sinensis
	            	positions below base line: 210
	pair: 16     ->	taxon1: O.viverrin	taxon2: R.norvegic
	            	positions below base line: 215
	pair: 17     ->	taxon1: O.viverrin	taxon2: S.mediterr
	            	positions below base line: 207
	pair: 18     ->	taxon1: O.viverrin	taxon2: D.rerio   
	            	positions below base line: 215
	pair: 19     ->	taxon1: O.viverrin	taxon2: D.melanoga
	            	positions below base line: 211
	pair: 20     ->	taxon1: C.intestin	taxon2: H.robusta 
	            	positions below base line: 191
	pair: 21     ->	taxon1: C.intestin	taxon2: H.microsto
	            	positions below base line: 224
	pair: 22     ->	taxon1: C.intestin	taxon2: E.granulos
	            	positions below base line: 219
	pair: 23     ->	taxon1: C.intestin	taxon2: C.sinensis
	            	positions below base line: 248
	pair: 24     ->	taxon1: C.intestin	taxon2: R.norvegic
	            	positions below base line: 188
	pair: 25     ->	taxon1: C.intestin	taxon2: S.mediterr
	            	positions below base line: 235
	pair: 26     ->	taxon1: C.intestin	taxon2: D.rerio   
	            	positions below base line: 188
	pair: 27     ->	taxon1: C.intestin	taxon2: D.melanoga
	            	positions below base line: 188
	pair: 28     ->	taxon1: H.robusta 	taxon2: H.microsto
	            	positions below base line: 219
	pair: 29     ->	taxon1: H.robusta 	taxon2: E.granulos
	            	positions below base line: 223
	pair: 30     ->	taxon1: H.robusta 	taxon2: C.sinensis
	            	positions below base line: 246
	pair: 31     ->	taxon1: H.robusta 	taxon2: R.norvegic
	            	positions below base line: 184
	pair: 32     ->	taxon1: H.robusta 	taxon2: S.mediterr
	            	positions below base line: 235
	pair: 33     ->	taxon1: H.robusta 	taxon2: D.rerio   
	            	positions below base line: 182
	pair: 34     ->	taxon1: H.robusta 	taxon2: D.melanoga
	            	positions below base line: 178
	pair: 35     ->	taxon1: H.microsto	taxon2: E.granulos
	            	positions below base line: 178
	pair: 36     ->	taxon1: H.microsto	taxon2: C.sinensis
	            	positions below base line: 212
	pair: 37     ->	taxon1: H.microsto	taxon2: R.norvegic
	            	positions below base line: 217
	pair: 38     ->	taxon1: H.microsto	taxon2: S.mediterr
	            	positions below base line: 218
	pair: 39     ->	taxon1: H.microsto	taxon2: D.rerio   
	            	positions below base line: 217
	pair: 40     ->	taxon1: H.microsto	taxon2: D.melanoga
	            	positions below base line: 212
	pair: 41     ->	taxon1: E.granulos	taxon2: C.sinensis
	            	positions below base line: 207
	pair: 42     ->	taxon1: E.granulos	taxon2: R.norvegic
	            	positions below base line: 216
	pair: 43     ->	taxon1: E.granulos	taxon2: S.mediterr
	            	positions below base line: 215
	pair: 44     ->	taxon1: E.granulos	taxon2: D.rerio   
	            	positions below base line: 216
	pair: 45     ->	taxon1: E.granulos	taxon2: D.melanoga
	            	positions below base line: 215
	pair: 46     ->	taxon1: C.sinensis	taxon2: R.norvegic
	            	positions below base line: 246
	pair: 47     ->	taxon1: C.sinensis	taxon2: S.mediterr
	            	positions below base line: 252
	pair: 48     ->	taxon1: C.sinensis	taxon2: D.rerio   
	            	positions below base line: 246
	pair: 49     ->	taxon1: C.sinensis	taxon2: D.melanoga
	            	positions below base line: 243
	pair: 50     ->	taxon1: R.norvegic	taxon2: S.mediterr
	            	positions below base line: 226
	pair: 51     ->	taxon1: R.norvegic	taxon2: D.rerio   
	            	positions below base line: 178
	pair: 52     ->	taxon1: R.norvegic	taxon2: D.melanoga
	            	positions below base line: 183
	pair: 53     ->	taxon1: S.mediterr	taxon2: D.rerio   
	            	positions below base line: 226
	pair: 54     ->	taxon1: S.mediterr	taxon2: D.melanoga
	            	positions below base line: 231
	pair: 55     ->	taxon1: D.rerio   	taxon2: D.melanoga
	            	positions below base line: 182

	generates quality profile from collected scores ...


	scoring done ...


	generates vector plot from collected scores ...


Argument "-" treated as 0 in increment (++) at /usr/bin/Aliscore.pl line 1213.
	Profile written to EOG091G0QJA.clustalo.aln.fasta_Profile_random.txt
	List   written to EOG091G0QJA.clustalo.aln.fasta_List_random.txt

	time used: 3.85 sec

