
	reading taxa from FASTA ...


	E.nipponicum         -> sites: 229   
	S.mediterranea       -> sites: 229   
	E.granulosus         -> sites: 229   
	H.microstoma         -> sites: 229   
	C.intestinalis       -> sites: 229   
	T.solium             -> sites: 229   
	R.norvegicus         -> sites: 229   
	S.mansoni            -> sites: 229   
	N.vectensis          -> sites: 229   
	D.rerio              -> sites: 229   
	D.melanogaster       -> sites: 229   
	H.robusta            -> sites: 229   


	data type             : amino acid sequences

	input ...

	infile		: EOG091G0VZF.clustalo.aln.fasta
	random pairs	: 200000000000000000
	window size	: 6
	indels		: ambiguous
	tree file	: -
	node level	: -
	strict profile	: -
	outgroup	: -
	matrix          : BLOSUM62

	number of taxa        : 12
	random number of pairs: 200000000000000000

	generates threshhold value for amino acid data
	using BLOSUM62

	checks for (potential) identical taxa


	scores site patterns ...


	max number of different pairs is 66
	max random pairs are scored!

	pair: 1      ->	taxon1: E.nipponic	taxon2: S.mediterr
	            	positions below base line: 136
	pair: 2      ->	taxon1: E.nipponic	taxon2: E.granulos
	            	positions below base line: 133
	pair: 3      ->	taxon1: E.nipponic	taxon2: H.microsto
	            	positions below base line: 138
	pair: 4      ->	taxon1: E.nipponic	taxon2: C.intestin
	            	positions below base line: 132
	pair: 5      ->	taxon1: E.nipponic	taxon2: T.solium  
	            	positions below base line: 140
	pair: 6      ->	taxon1: E.nipponic	taxon2: R.norvegic
	            	positions below base line: 128
	pair: 7      ->	taxon1: E.nipponic	taxon2: S.mansoni 
	            	positions below base line: 133
	pair: 8      ->	taxon1: E.nipponic	taxon2: N.vectensi
	            	positions below base line: 140
	pair: 9      ->	taxon1: E.nipponic	taxon2: D.rerio   
	            	positions below base line: 128
	pair: 10     ->	taxon1: E.nipponic	taxon2: D.melanoga
	            	positions below base line: 132
	pair: 11     ->	taxon1: E.nipponic	taxon2: H.robusta 
	            	positions below base line: 129
	pair: 12     ->	taxon1: S.mediterr	taxon2: E.granulos
	            	positions below base line: 142
	pair: 13     ->	taxon1: S.mediterr	taxon2: H.microsto
	            	positions below base line: 138
	pair: 14     ->	taxon1: S.mediterr	taxon2: C.intestin
	            	positions below base line: 127
	pair: 15     ->	taxon1: S.mediterr	taxon2: T.solium  
	            	positions below base line: 129
	pair: 16     ->	taxon1: S.mediterr	taxon2: R.norvegic
	            	positions below base line: 125
	pair: 17     ->	taxon1: S.mediterr	taxon2: S.mansoni 
	            	positions below base line: 138
	pair: 18     ->	taxon1: S.mediterr	taxon2: N.vectensi
	            	positions below base line: 130
	pair: 19     ->	taxon1: S.mediterr	taxon2: D.rerio   
	            	positions below base line: 126
	pair: 20     ->	taxon1: S.mediterr	taxon2: D.melanoga
	            	positions below base line: 131
	pair: 21     ->	taxon1: S.mediterr	taxon2: H.robusta 
	            	positions below base line: 128
	pair: 22     ->	taxon1: E.granulos	taxon2: H.microsto
	            	positions below base line: 123
	pair: 23     ->	taxon1: E.granulos	taxon2: C.intestin
	            	positions below base line: 139
	pair: 24     ->	taxon1: E.granulos	taxon2: T.solium  
	            	positions below base line: 113
	pair: 25     ->	taxon1: E.granulos	taxon2: R.norvegic
	            	positions below base line: 138
	pair: 26     ->	taxon1: E.granulos	taxon2: S.mansoni 
	            	positions below base line: 135
	pair: 27     ->	taxon1: E.granulos	taxon2: N.vectensi
	            	positions below base line: 139
	pair: 28     ->	taxon1: E.granulos	taxon2: D.rerio   
	            	positions below base line: 138
	pair: 29     ->	taxon1: E.granulos	taxon2: D.melanoga
	            	positions below base line: 141
	pair: 30     ->	taxon1: E.granulos	taxon2: H.robusta 
	            	positions below base line: 140
	pair: 31     ->	taxon1: H.microsto	taxon2: C.intestin
	            	positions below base line: 139
	pair: 32     ->	taxon1: H.microsto	taxon2: T.solium  
	            	positions below base line: 137
	pair: 33     ->	taxon1: H.microsto	taxon2: R.norvegic
	            	positions below base line: 139
	pair: 34     ->	taxon1: H.microsto	taxon2: S.mansoni 
	            	positions below base line: 139
	pair: 35     ->	taxon1: H.microsto	taxon2: N.vectensi
	            	positions below base line: 139
	pair: 36     ->	taxon1: H.microsto	taxon2: D.rerio   
	            	positions below base line: 139
	pair: 37     ->	taxon1: H.microsto	taxon2: D.melanoga
	            	positions below base line: 132
	pair: 38     ->	taxon1: H.microsto	taxon2: H.robusta 
	            	positions below base line: 130
	pair: 39     ->	taxon1: C.intestin	taxon2: T.solium  
	            	positions below base line: 130
	pair: 40     ->	taxon1: C.intestin	taxon2: R.norvegic
	            	positions below base line: 93
	pair: 41     ->	taxon1: C.intestin	taxon2: S.mansoni 
	            	positions below base line: 139
	pair: 42     ->	taxon1: C.intestin	taxon2: N.vectensi
	            	positions below base line: 96
	pair: 43     ->	taxon1: C.intestin	taxon2: D.rerio   
	            	positions below base line: 93
	pair: 44     ->	taxon1: C.intestin	taxon2: D.melanoga
	            	positions below base line: 95
	pair: 45     ->	taxon1: C.intestin	taxon2: H.robusta 
	            	positions below base line: 100
	pair: 46     ->	taxon1: T.solium  	taxon2: R.norvegic
	            	positions below base line: 126
	pair: 47     ->	taxon1: T.solium  	taxon2: S.mansoni 
	            	positions below base line: 138
	pair: 48     ->	taxon1: T.solium  	taxon2: N.vectensi
	            	positions below base line: 130
	pair: 49     ->	taxon1: T.solium  	taxon2: D.rerio   
	            	positions below base line: 127
	pair: 50     ->	taxon1: T.solium  	taxon2: D.melanoga
	            	positions below base line: 128
	pair: 51     ->	taxon1: T.solium  	taxon2: H.robusta 
	            	positions below base line: 128
	pair: 52     ->	taxon1: R.norvegic	taxon2: S.mansoni 
	            	positions below base line: 137
	pair: 53     ->	taxon1: R.norvegic	taxon2: N.vectensi
	            	positions below base line: 96
	pair: 54     ->	taxon1: R.norvegic	taxon2: D.rerio   
	            	positions below base line: 93
	pair: 55     ->	taxon1: R.norvegic	taxon2: D.melanoga
	            	positions below base line: 95
	pair: 56     ->	taxon1: R.norvegic	taxon2: H.robusta 
	            	positions below base line: 100
	pair: 57     ->	taxon1: S.mansoni 	taxon2: N.vectensi
	            	positions below base line: 138
	pair: 58     ->	taxon1: S.mansoni 	taxon2: D.rerio   
	            	positions below base line: 137
	pair: 59     ->	taxon1: S.mansoni 	taxon2: D.melanoga
	            	positions below base line: 140
	pair: 60     ->	taxon1: S.mansoni 	taxon2: H.robusta 
	            	positions below base line: 140
	pair: 61     ->	taxon1: N.vectensi	taxon2: D.rerio   
	            	positions below base line: 96
	pair: 62     ->	taxon1: N.vectensi	taxon2: D.melanoga
	            	positions below base line: 97
	pair: 63     ->	taxon1: N.vectensi	taxon2: H.robusta 
	            	positions below base line: 102
	pair: 64     ->	taxon1: D.rerio   	taxon2: D.melanoga
	            	positions below base line: 95
	pair: 65     ->	taxon1: D.rerio   	taxon2: H.robusta 
	            	positions below base line: 100
	pair: 66     ->	taxon1: D.melanoga	taxon2: H.robusta 
	            	positions below base line: 99

	generates quality profile from collected scores ...


	scoring done ...


	generates vector plot from collected scores ...


Argument "-" treated as 0 in increment (++) at /usr/bin/Aliscore.pl line 1213.
	Profile written to EOG091G0VZF.clustalo.aln.fasta_Profile_random.txt
	List   written to EOG091G0VZF.clustalo.aln.fasta_List_random.txt

	time used: 3.66 sec

