
	reading taxa from FASTA ...


	T.solium             -> sites: 849   
	S.mansoni            -> sites: 849   
	C.sinensis           -> sites: 849   
	H.robusta            -> sites: 849   
	C.intestinalis       -> sites: 849   
	S.mediterranea       -> sites: 849   
	L.gigantea           -> sites: 849   
	G.salaris            -> sites: 849   
	G.turnbulli          -> sites: 849   
	R.norvegicus         -> sites: 849   
	O.viverrini          -> sites: 849   
	D.rerio              -> sites: 849   
	H.microstoma         -> sites: 849   
	D.melanogaster       -> sites: 849   


	data type             : amino acid sequences

	input ...

	infile		: EOG091G0MKY.clustalo.aln.fasta
	random pairs	: 200000000000000000
	window size	: 6
	indels		: ambiguous
	tree file	: -
	node level	: -
	strict profile	: -
	outgroup	: -
	matrix          : BLOSUM62

	number of taxa        : 14
	random number of pairs: 200000000000000000

	generates threshhold value for amino acid data
	using BLOSUM62

	checks for (potential) identical taxa


	scores site patterns ...


	max number of different pairs is 91
	max random pairs are scored!

	pair: 1      ->	taxon1: T.solium  	taxon2: S.mansoni 
	            	positions below base line: 623
	pair: 2      ->	taxon1: T.solium  	taxon2: C.sinensis
	            	positions below base line: 723
	pair: 3      ->	taxon1: T.solium  	taxon2: H.robusta 
	            	positions below base line: 772
	pair: 4      ->	taxon1: T.solium  	taxon2: C.intestin
	            	positions below base line: 652
	pair: 5      ->	taxon1: T.solium  	taxon2: S.mediterr
	            	positions below base line: 655
	pair: 6      ->	taxon1: T.solium  	taxon2: L.gigantea
	            	positions below base line: 654
	pair: 7      ->	taxon1: T.solium  	taxon2: G.salaris 
	            	positions below base line: 645
	pair: 8      ->	taxon1: T.solium  	taxon2: G.turnbull
	            	positions below base line: 647
	pair: 9      ->	taxon1: T.solium  	taxon2: R.norvegic
	            	positions below base line: 729
	pair: 10     ->	taxon1: T.solium  	taxon2: O.viverrin
	            	positions below base line: 703
	pair: 11     ->	taxon1: T.solium  	taxon2: D.rerio   
	            	positions below base line: 653
	pair: 12     ->	taxon1: T.solium  	taxon2: H.microsto
	            	positions below base line: 584
	pair: 13     ->	taxon1: T.solium  	taxon2: D.melanoga
	            	positions below base line: 647
	pair: 14     ->	taxon1: S.mansoni 	taxon2: C.sinensis
	            	positions below base line: 738
	pair: 15     ->	taxon1: S.mansoni 	taxon2: H.robusta 
	            	positions below base line: 778
	pair: 16     ->	taxon1: S.mansoni 	taxon2: C.intestin
	            	positions below base line: 669
	pair: 17     ->	taxon1: S.mansoni 	taxon2: S.mediterr
	            	positions below base line: 667
	pair: 18     ->	taxon1: S.mansoni 	taxon2: L.gigantea
	            	positions below base line: 670
	pair: 19     ->	taxon1: S.mansoni 	taxon2: G.salaris 
	            	positions below base line: 643
	pair: 20     ->	taxon1: S.mansoni 	taxon2: G.turnbull
	            	positions below base line: 643
	pair: 21     ->	taxon1: S.mansoni 	taxon2: R.norvegic
	            	positions below base line: 744
	pair: 22     ->	taxon1: S.mansoni 	taxon2: O.viverrin
	            	positions below base line: 717
	pair: 23     ->	taxon1: S.mansoni 	taxon2: D.rerio   
	            	positions below base line: 659
	pair: 24     ->	taxon1: S.mansoni 	taxon2: H.microsto
	            	positions below base line: 620
	pair: 25     ->	taxon1: S.mansoni 	taxon2: D.melanoga
	            	positions below base line: 662
	pair: 26     ->	taxon1: C.sinensis	taxon2: H.robusta 
	            	positions below base line: 823
	pair: 27     ->	taxon1: C.sinensis	taxon2: C.intestin
	            	positions below base line: 718
	pair: 28     ->	taxon1: C.sinensis	taxon2: S.mediterr
	            	positions below base line: 709
	pair: 29     ->	taxon1: C.sinensis	taxon2: L.gigantea
	            	positions below base line: 713
	pair: 30     ->	taxon1: C.sinensis	taxon2: G.salaris 
	            	positions below base line: 721
	pair: 31     ->	taxon1: C.sinensis	taxon2: G.turnbull
	            	positions below base line: 722
	pair: 32     ->	taxon1: C.sinensis	taxon2: R.norvegic
	            	positions below base line: 769
	pair: 33     ->	taxon1: C.sinensis	taxon2: O.viverrin
	            	positions below base line: 716
	pair: 34     ->	taxon1: C.sinensis	taxon2: D.rerio   
	            	positions below base line: 711
	pair: 35     ->	taxon1: C.sinensis	taxon2: H.microsto
	            	positions below base line: 717
	pair: 36     ->	taxon1: C.sinensis	taxon2: D.melanoga
	            	positions below base line: 711
	pair: 37     ->	taxon1: H.robusta 	taxon2: C.intestin
	            	positions below base line: 762
	pair: 38     ->	taxon1: H.robusta 	taxon2: S.mediterr
	            	positions below base line: 770
	pair: 39     ->	taxon1: H.robusta 	taxon2: L.gigantea
	            	positions below base line: 761
	pair: 40     ->	taxon1: H.robusta 	taxon2: G.salaris 
	            	positions below base line: 772
	pair: 41     ->	taxon1: H.robusta 	taxon2: G.turnbull
	            	positions below base line: 770
	pair: 42     ->	taxon1: H.robusta 	taxon2: R.norvegic
	            	positions below base line: 781
	pair: 43     ->	taxon1: H.robusta 	taxon2: O.viverrin
	            	positions below base line: 824
	pair: 44     ->	taxon1: H.robusta 	taxon2: D.rerio   
	            	positions below base line: 756
	pair: 45     ->	taxon1: H.robusta 	taxon2: H.microsto
	            	positions below base line: 771
	pair: 46     ->	taxon1: H.robusta 	taxon2: D.melanoga
	            	positions below base line: 756
	pair: 47     ->	taxon1: C.intestin	taxon2: S.mediterr
	            	positions below base line: 663
	pair: 48     ->	taxon1: C.intestin	taxon2: L.gigantea
	            	positions below base line: 642
	pair: 49     ->	taxon1: C.intestin	taxon2: G.salaris 
	            	positions below base line: 654
	pair: 50     ->	taxon1: C.intestin	taxon2: G.turnbull
	            	positions below base line: 657
	pair: 51     ->	taxon1: C.intestin	taxon2: R.norvegic
	            	positions below base line: 730
	pair: 52     ->	taxon1: C.intestin	taxon2: O.viverrin
	            	positions below base line: 718
	pair: 53     ->	taxon1: C.intestin	taxon2: D.rerio   
	            	positions below base line: 643
	pair: 54     ->	taxon1: C.intestin	taxon2: H.microsto
	            	positions below base line: 653
	pair: 55     ->	taxon1: C.intestin	taxon2: D.melanoga
	            	positions below base line: 642
	pair: 56     ->	taxon1: S.mediterr	taxon2: L.gigantea
	            	positions below base line: 654
	pair: 57     ->	taxon1: S.mediterr	taxon2: G.salaris 
	            	positions below base line: 654
	pair: 58     ->	taxon1: S.mediterr	taxon2: G.turnbull
	            	positions below base line: 662
	pair: 59     ->	taxon1: S.mediterr	taxon2: R.norvegic
	            	positions below base line: 724
	pair: 60     ->	taxon1: S.mediterr	taxon2: O.viverrin
	            	positions below base line: 702
	pair: 61     ->	taxon1: S.mediterr	taxon2: D.rerio   
	            	positions below base line: 651
	pair: 62     ->	taxon1: S.mediterr	taxon2: H.microsto
	            	positions below base line: 654
	pair: 63     ->	taxon1: S.mediterr	taxon2: D.melanoga
	            	positions below base line: 654
	pair: 64     ->	taxon1: L.gigantea	taxon2: G.salaris 
	            	positions below base line: 645
	pair: 65     ->	taxon1: L.gigantea	taxon2: G.turnbull
	            	positions below base line: 641
	pair: 66     ->	taxon1: L.gigantea	taxon2: R.norvegic
	            	positions below base line: 724
	pair: 67     ->	taxon1: L.gigantea	taxon2: O.viverrin
	            	positions below base line: 708
	pair: 68     ->	taxon1: L.gigantea	taxon2: D.rerio   
	            	positions below base line: 638
	pair: 69     ->	taxon1: L.gigantea	taxon2: H.microsto
	            	positions below base line: 651
	pair: 70     ->	taxon1: L.gigantea	taxon2: D.melanoga
	            	positions below base line: 637
	pair: 71     ->	taxon1: G.salaris 	taxon2: G.turnbull
	            	positions below base line: 600
	pair: 72     ->	taxon1: G.salaris 	taxon2: R.norvegic
	            	positions below base line: 723
	pair: 73     ->	taxon1: G.salaris 	taxon2: O.viverrin
	            	positions below base line: 704
	pair: 74     ->	taxon1: G.salaris 	taxon2: D.rerio   
	            	positions below base line: 643
	pair: 75     ->	taxon1: G.salaris 	taxon2: H.microsto
	            	positions below base line: 635
	pair: 76     ->	taxon1: G.salaris 	taxon2: D.melanoga
	            	positions below base line: 646
	pair: 77     ->	taxon1: G.turnbull	taxon2: R.norvegic
	            	positions below base line: 728
	pair: 78     ->	taxon1: G.turnbull	taxon2: O.viverrin
	            	positions below base line: 700
	pair: 79     ->	taxon1: G.turnbull	taxon2: D.rerio   
	            	positions below base line: 646
	pair: 80     ->	taxon1: G.turnbull	taxon2: H.microsto
	            	positions below base line: 644
	pair: 81     ->	taxon1: G.turnbull	taxon2: D.melanoga
	            	positions below base line: 648
	pair: 82     ->	taxon1: R.norvegic	taxon2: O.viverrin
	            	positions below base line: 752
	pair: 83     ->	taxon1: R.norvegic	taxon2: D.rerio   
	            	positions below base line: 720
	pair: 84     ->	taxon1: R.norvegic	taxon2: H.microsto
	            	positions below base line: 729
	pair: 85     ->	taxon1: R.norvegic	taxon2: D.melanoga
	            	positions below base line: 728
	pair: 86     ->	taxon1: O.viverrin	taxon2: D.rerio   
	            	positions below base line: 693
	pair: 87     ->	taxon1: O.viverrin	taxon2: H.microsto
	            	positions below base line: 700
	pair: 88     ->	taxon1: O.viverrin	taxon2: D.melanoga
	            	positions below base line: 690
	pair: 89     ->	taxon1: D.rerio   	taxon2: H.microsto
	            	positions below base line: 646
	pair: 90     ->	taxon1: D.rerio   	taxon2: D.melanoga
	            	positions below base line: 638
	pair: 91     ->	taxon1: H.microsto	taxon2: D.melanoga
	            	positions below base line: 646

	generates quality profile from collected scores ...


	scoring done ...


	generates vector plot from collected scores ...


Argument "-" treated as 0 in increment (++) at /usr/bin/Aliscore.pl line 1213.
	Profile written to EOG091G0MKY.clustalo.aln.fasta_Profile_random.txt
	List   written to EOG091G0MKY.clustalo.aln.fasta_List_random.txt

	time used: 4.06 sec

