
RAxML can't, parse the alignment file as phylip file 
it will now try to parse it as FASTA file


This is the RAxML Master Pthread

This is RAxML Worker Pthread Number: 1


This is RAxML version 8.2.12 released by Alexandros Stamatakis on May 2018.

With greatly appreciated code contributions by:
Andre Aberer      (HITS)
Simon Berger      (HITS)
Alexey Kozlov     (HITS)
Kassian Kobert    (HITS)
David Dao         (KIT and HITS)
Sarah Lutteropp   (KIT and HITS)
Nick Pattengale   (Sandia)
Wayne Pfeiffer    (SDSC)
Akifumi S. Tanabe (NRIFS)
Charlie Taylor    (UF)


Alignment has 168 distinct alignment patterns

Proportion of gaps and completely undetermined characters in this alignment: 6.39%

RAxML rapid bootstrapping and subsequent ML search

Using 1 distinct models/data partitions with joint branch length optimization



Executing 100 rapid bootstrap inferences and thereafter a thorough ML search 

All free model parameters will be estimated by RAxML
GAMMA model of rate heterogeneity, ML estimate of alpha-parameter

GAMMA Model parameters will be estimated up to an accuracy of 0.1000000000 Log Likelihood units

Partition: 0
Alignment Patterns: 168
Name: No Name Provided
DataType: AA
Substitution Matrix: LG
Using empirical base frequencies




RAxML was called as follows:

raxml -f a -T 2 -m PROTGAMMALGF -p 12345 -x 12345 -# 100 -s ALICUT_EOG091G0AU6.clustalo.aln.fasta -n EOG091G0AU6.clustalo.aln.ALICUT.LGF 



Time for BS model parameter optimization 0.041722
Bootstrap[0]: Time 0.592182 seconds, bootstrap likelihood -3080.235319, best rearrangement setting 13
Bootstrap[1]: Time 0.620084 seconds, bootstrap likelihood -2982.518239, best rearrangement setting 13
Bootstrap[2]: Time 0.666784 seconds, bootstrap likelihood -2994.777158, best rearrangement setting 12
Bootstrap[3]: Time 0.698573 seconds, bootstrap likelihood -3240.952768, best rearrangement setting 15
Bootstrap[4]: Time 0.649452 seconds, bootstrap likelihood -3060.285325, best rearrangement setting 10
Bootstrap[5]: Time 0.694955 seconds, bootstrap likelihood -3089.841836, best rearrangement setting 10
Bootstrap[6]: Time 0.765961 seconds, bootstrap likelihood -2921.871316, best rearrangement setting 6
Bootstrap[7]: Time 0.459077 seconds, bootstrap likelihood -3088.149883, best rearrangement setting 14
Bootstrap[8]: Time 0.588369 seconds, bootstrap likelihood -2859.402981, best rearrangement setting 5
Bootstrap[9]: Time 0.612730 seconds, bootstrap likelihood -2860.110955, best rearrangement setting 7
Bootstrap[10]: Time 0.612170 seconds, bootstrap likelihood -2827.309305, best rearrangement setting 7
Bootstrap[11]: Time 0.683072 seconds, bootstrap likelihood -2949.232935, best rearrangement setting 5
Bootstrap[12]: Time 0.643913 seconds, bootstrap likelihood -2914.236903, best rearrangement setting 8
Bootstrap[13]: Time 0.699356 seconds, bootstrap likelihood -3199.146664, best rearrangement setting 7
Bootstrap[14]: Time 0.644497 seconds, bootstrap likelihood -2990.028098, best rearrangement setting 12
Bootstrap[15]: Time 0.460876 seconds, bootstrap likelihood -2795.510605, best rearrangement setting 15
Bootstrap[16]: Time 0.665109 seconds, bootstrap likelihood -2738.067549, best rearrangement setting 12
Bootstrap[17]: Time 0.648083 seconds, bootstrap likelihood -3081.048446, best rearrangement setting 12
Bootstrap[18]: Time 0.697165 seconds, bootstrap likelihood -2969.155286, best rearrangement setting 5
Bootstrap[19]: Time 0.731358 seconds, bootstrap likelihood -3203.001124, best rearrangement setting 8
Bootstrap[20]: Time 0.639937 seconds, bootstrap likelihood -2923.119384, best rearrangement setting 10
Bootstrap[21]: Time 0.731018 seconds, bootstrap likelihood -3124.597200, best rearrangement setting 6
Bootstrap[22]: Time 0.483543 seconds, bootstrap likelihood -2958.623024, best rearrangement setting 5
Bootstrap[23]: Time 0.635264 seconds, bootstrap likelihood -3000.993359, best rearrangement setting 7
Bootstrap[24]: Time 0.677761 seconds, bootstrap likelihood -3229.944489, best rearrangement setting 8
Bootstrap[25]: Time 0.589480 seconds, bootstrap likelihood -2951.813077, best rearrangement setting 6
Bootstrap[26]: Time 0.589482 seconds, bootstrap likelihood -2686.616693, best rearrangement setting 12
Bootstrap[27]: Time 0.725887 seconds, bootstrap likelihood -3010.901351, best rearrangement setting 10
Bootstrap[28]: Time 0.668600 seconds, bootstrap likelihood -3133.237151, best rearrangement setting 11
Bootstrap[29]: Time 0.633911 seconds, bootstrap likelihood -2793.417768, best rearrangement setting 12
Bootstrap[30]: Time 0.495516 seconds, bootstrap likelihood -2781.427987, best rearrangement setting 15
Bootstrap[31]: Time 0.679340 seconds, bootstrap likelihood -3029.789529, best rearrangement setting 15
Bootstrap[32]: Time 0.733622 seconds, bootstrap likelihood -3317.976900, best rearrangement setting 6
Bootstrap[33]: Time 0.602527 seconds, bootstrap likelihood -2885.283300, best rearrangement setting 15
Bootstrap[34]: Time 0.578448 seconds, bootstrap likelihood -3417.953345, best rearrangement setting 11
Bootstrap[35]: Time 0.657060 seconds, bootstrap likelihood -3113.505867, best rearrangement setting 8
Bootstrap[36]: Time 0.697094 seconds, bootstrap likelihood -2913.117878, best rearrangement setting 9
Bootstrap[37]: Time 0.479336 seconds, bootstrap likelihood -2945.202869, best rearrangement setting 11
Bootstrap[38]: Time 0.534087 seconds, bootstrap likelihood -3121.481823, best rearrangement setting 8
Bootstrap[39]: Time 0.675490 seconds, bootstrap likelihood -3073.802149, best rearrangement setting 13
Bootstrap[40]: Time 0.580399 seconds, bootstrap likelihood -2628.530644, best rearrangement setting 13
Bootstrap[41]: Time 0.672639 seconds, bootstrap likelihood -2861.499911, best rearrangement setting 10
Bootstrap[42]: Time 0.674940 seconds, bootstrap likelihood -2987.279791, best rearrangement setting 5
Bootstrap[43]: Time 0.612292 seconds, bootstrap likelihood -3120.953388, best rearrangement setting 14
Bootstrap[44]: Time 0.708780 seconds, bootstrap likelihood -2835.780179, best rearrangement setting 10
Bootstrap[45]: Time 0.534049 seconds, bootstrap likelihood -3031.760991, best rearrangement setting 15
Bootstrap[46]: Time 0.660501 seconds, bootstrap likelihood -2903.426094, best rearrangement setting 14
Bootstrap[47]: Time 0.420353 seconds, bootstrap likelihood -3161.739116, best rearrangement setting 8
Bootstrap[48]: Time 0.379758 seconds, bootstrap likelihood -2937.782896, best rearrangement setting 6
Bootstrap[49]: Time 0.411585 seconds, bootstrap likelihood -3145.412790, best rearrangement setting 7
Bootstrap[50]: Time 0.419136 seconds, bootstrap likelihood -3100.897137, best rearrangement setting 7
Bootstrap[51]: Time 0.407045 seconds, bootstrap likelihood -2975.279622, best rearrangement setting 11
Bootstrap[52]: Time 0.353745 seconds, bootstrap likelihood -3096.106821, best rearrangement setting 12
Bootstrap[53]: Time 0.402982 seconds, bootstrap likelihood -3176.551928, best rearrangement setting 8
Bootstrap[54]: Time 0.439901 seconds, bootstrap likelihood -2765.004248, best rearrangement setting 9
Bootstrap[55]: Time 0.402226 seconds, bootstrap likelihood -2863.943423, best rearrangement setting 11
Bootstrap[56]: Time 0.367157 seconds, bootstrap likelihood -3116.680005, best rearrangement setting 5
Bootstrap[57]: Time 0.394769 seconds, bootstrap likelihood -2810.785770, best rearrangement setting 7
Bootstrap[58]: Time 0.408058 seconds, bootstrap likelihood -3097.245047, best rearrangement setting 10
Bootstrap[59]: Time 0.412896 seconds, bootstrap likelihood -3149.264249, best rearrangement setting 9
Bootstrap[60]: Time 0.395814 seconds, bootstrap likelihood -2902.245359, best rearrangement setting 7
Bootstrap[61]: Time 0.393788 seconds, bootstrap likelihood -3084.005927, best rearrangement setting 5
Bootstrap[62]: Time 0.383121 seconds, bootstrap likelihood -3105.446202, best rearrangement setting 11
Bootstrap[63]: Time 0.425754 seconds, bootstrap likelihood -3206.154477, best rearrangement setting 12
Bootstrap[64]: Time 0.409932 seconds, bootstrap likelihood -3148.416373, best rearrangement setting 7
Bootstrap[65]: Time 0.388821 seconds, bootstrap likelihood -2943.146050, best rearrangement setting 5
Bootstrap[66]: Time 0.434194 seconds, bootstrap likelihood -2849.037124, best rearrangement setting 5
Bootstrap[67]: Time 0.456969 seconds, bootstrap likelihood -3157.986781, best rearrangement setting 15
Bootstrap[68]: Time 0.469729 seconds, bootstrap likelihood -3139.853758, best rearrangement setting 11
Bootstrap[69]: Time 0.389856 seconds, bootstrap likelihood -2766.482439, best rearrangement setting 5
Bootstrap[70]: Time 0.384321 seconds, bootstrap likelihood -2841.207416, best rearrangement setting 8
Bootstrap[71]: Time 0.355921 seconds, bootstrap likelihood -3025.676275, best rearrangement setting 10
Bootstrap[72]: Time 0.409610 seconds, bootstrap likelihood -3151.711650, best rearrangement setting 11
Bootstrap[73]: Time 0.376496 seconds, bootstrap likelihood -3155.163048, best rearrangement setting 9
Bootstrap[74]: Time 0.195351 seconds, bootstrap likelihood -3035.678261, best rearrangement setting 5
Bootstrap[75]: Time 0.438633 seconds, bootstrap likelihood -2986.843106, best rearrangement setting 8
Bootstrap[76]: Time 0.384844 seconds, bootstrap likelihood -2952.465527, best rearrangement setting 9
Bootstrap[77]: Time 0.413885 seconds, bootstrap likelihood -2861.534451, best rearrangement setting 11
Bootstrap[78]: Time 0.397028 seconds, bootstrap likelihood -2952.944883, best rearrangement setting 15
Bootstrap[79]: Time 0.425296 seconds, bootstrap likelihood -3076.750076, best rearrangement setting 9
Bootstrap[80]: Time 0.422328 seconds, bootstrap likelihood -3067.290469, best rearrangement setting 15
Bootstrap[81]: Time 0.413007 seconds, bootstrap likelihood -2824.518892, best rearrangement setting 7
Bootstrap[82]: Time 0.399616 seconds, bootstrap likelihood -2777.494238, best rearrangement setting 6
Bootstrap[83]: Time 0.412486 seconds, bootstrap likelihood -2827.029812, best rearrangement setting 10
Bootstrap[84]: Time 0.390695 seconds, bootstrap likelihood -3223.994602, best rearrangement setting 11
Bootstrap[85]: Time 0.421093 seconds, bootstrap likelihood -3058.183794, best rearrangement setting 8
Bootstrap[86]: Time 0.409108 seconds, bootstrap likelihood -2984.128350, best rearrangement setting 7
Bootstrap[87]: Time 0.403621 seconds, bootstrap likelihood -3164.645694, best rearrangement setting 7
Bootstrap[88]: Time 0.559340 seconds, bootstrap likelihood -3096.062229, best rearrangement setting 12
Bootstrap[89]: Time 0.599151 seconds, bootstrap likelihood -2844.063432, best rearrangement setting 10
Bootstrap[90]: Time 0.427248 seconds, bootstrap likelihood -3021.601894, best rearrangement setting 8
Bootstrap[91]: Time 0.415272 seconds, bootstrap likelihood -2740.028234, best rearrangement setting 12
Bootstrap[92]: Time 0.393601 seconds, bootstrap likelihood -2955.237593, best rearrangement setting 13
Bootstrap[93]: Time 0.409048 seconds, bootstrap likelihood -3029.938518, best rearrangement setting 15
Bootstrap[94]: Time 0.406205 seconds, bootstrap likelihood -2904.276075, best rearrangement setting 5
Bootstrap[95]: Time 0.409273 seconds, bootstrap likelihood -2936.467418, best rearrangement setting 5
Bootstrap[96]: Time 0.437069 seconds, bootstrap likelihood -2974.844781, best rearrangement setting 13
Bootstrap[97]: Time 0.394048 seconds, bootstrap likelihood -2835.340339, best rearrangement setting 11
Bootstrap[98]: Time 0.387787 seconds, bootstrap likelihood -3087.577651, best rearrangement setting 6
Bootstrap[99]: Time 0.199181 seconds, bootstrap likelihood -2960.678311, best rearrangement setting 14


Overall Time for 100 Rapid Bootstraps 51.265721 seconds
Average Time per Rapid Bootstrap 0.512657 seconds

Starting ML Search ...

Fast ML optimization finished

Fast ML search Time: 32.805717 seconds

Slow ML Search 0 Likelihood: -3022.153666
Slow ML Search 1 Likelihood: -3022.153666
Slow ML Search 2 Likelihood: -3022.153666
Slow ML Search 3 Likelihood: -3022.153666
Slow ML Search 4 Likelihood: -3022.153666
Slow ML Search 5 Likelihood: -3022.153666
Slow ML Search 6 Likelihood: -3022.153666
Slow ML Search 7 Likelihood: -3022.153666
Slow ML Search 8 Likelihood: -3022.153666
Slow ML Search 9 Likelihood: -3022.153666
Slow ML optimization finished

Slow ML search Time: 8.343505 seconds
Thorough ML search Time: 0.615890 seconds

Final ML Optimization Likelihood: -3022.153666

Model Information:

Model Parameters of Partition 0, Name: No Name Provided, Type of Data: AA
alpha: 0.900441
Tree-Length: 5.736865
rate A <-> R: 0.399182
rate A <-> N: 0.259945
rate A <-> D: 0.371058
rate A <-> C: 2.337364
rate A <-> Q: 0.910775
rate A <-> E: 0.975241
rate A <-> G: 1.940106
rate A <-> H: 0.336984
rate A <-> I: 0.140697
rate A <-> L: 0.371240
rate A <-> K: 0.503815
rate A <-> M: 1.055520
rate A <-> F: 0.238237
rate A <-> P: 1.105868
rate A <-> S: 4.439041
rate A <-> T: 2.009090
rate A <-> W: 0.169702
rate A <-> Y: 0.205613
rate A <-> V: 2.392567
rate R <-> N: 0.706048
rate R <-> D: 0.116398
rate R <-> C: 0.501968
rate R <-> Q: 2.636754
rate R <-> E: 0.341785
rate R <-> G: 0.366408
rate R <-> H: 2.278690
rate R <-> I: 0.119250
rate R <-> L: 0.283449
rate R <-> K: 5.940467
rate R <-> M: 0.454623
rate R <-> F: 0.049508
rate R <-> P: 0.312264
rate R <-> S: 0.805843
rate R <-> T: 0.543695
rate R <-> W: 0.557424
rate R <-> Y: 0.295274
rate R <-> V: 0.160471
rate N <-> D: 4.766737
rate N <-> C: 0.496537
rate N <-> Q: 1.592389
rate N <-> E: 0.508692
rate N <-> G: 1.350015
rate N <-> H: 4.234381
rate N <-> I: 0.179830
rate N <-> L: 0.064256
rate N <-> K: 2.014327
rate N <-> M: 0.348390
rate N <-> F: 0.084068
rate N <-> P: 0.151925
rate N <-> S: 3.764032
rate N <-> T: 1.878729
rate N <-> W: 0.042610
rate N <-> Y: 0.574720
rate N <-> V: 0.078587
rate D <-> C: 0.058743
rate D <-> Q: 0.491483
rate D <-> E: 4.924234
rate D <-> G: 0.793424
rate D <-> H: 0.870603
rate D <-> I: 0.010038
rate D <-> L: 0.014157
rate D <-> K: 0.265711
rate D <-> M: 0.023991
rate D <-> F: 0.016354
rate D <-> P: 0.370412
rate D <-> S: 1.164675
rate D <-> T: 0.399902
rate D <-> W: 0.028068
rate D <-> Y: 0.126872
rate D <-> V: 0.035653
rate C <-> Q: 0.079639
rate C <-> E: 0.003286
rate C <-> G: 0.534566
rate C <-> H: 0.601499
rate C <-> I: 0.301083
rate C <-> L: 0.557800
rate C <-> K: 0.012457
rate C <-> M: 0.839207
rate C <-> F: 1.037881
rate C <-> P: 0.070787
rate C <-> S: 2.614753
rate C <-> T: 1.073780
rate C <-> W: 0.629281
rate C <-> Y: 1.094488
rate C <-> V: 1.839864
rate Q <-> E: 3.876936
rate Q <-> G: 0.251626
rate Q <-> H: 4.520102
rate Q <-> I: 0.068413
rate Q <-> L: 0.546954
rate Q <-> K: 3.037150
rate Q <-> M: 1.570619
rate Q <-> F: 0.033669
rate Q <-> P: 0.586241
rate Q <-> S: 1.149231
rate Q <-> T: 1.014297
rate Q <-> W: 0.221802
rate Q <-> Y: 0.241650
rate Q <-> V: 0.197511
rate E <-> G: 0.327583
rate E <-> H: 0.398044
rate E <-> I: 0.041567
rate E <-> L: 0.065426
rate E <-> K: 1.697022
rate E <-> M: 0.163145
rate E <-> F: 0.017664
rate E <-> P: 0.393844
rate E <-> S: 0.574671
rate E <-> T: 0.567695
rate E <-> W: 0.073107
rate E <-> Y: 0.112720
rate E <-> V: 0.230098
rate G <-> H: 0.292498
rate G <-> I: 0.008174
rate G <-> L: 0.041563
rate G <-> K: 0.278555
rate G <-> M: 0.131033
rate G <-> F: 0.084125
rate G <-> P: 0.184955
rate G <-> S: 1.633930
rate G <-> T: 0.121922
rate G <-> W: 0.252125
rate G <-> Y: 0.051346
rate G <-> V: 0.072026
rate H <-> I: 0.102245
rate H <-> L: 0.343988
rate H <-> K: 0.654763
rate H <-> M: 0.415502
rate H <-> F: 0.640560
rate H <-> P: 0.477834
rate H <-> S: 0.929667
rate H <-> T: 0.548649
rate H <-> W: 0.560661
rate H <-> Y: 4.983361
rate H <-> V: 0.111759
rate I <-> L: 3.892408
rate I <-> K: 0.149373
rate I <-> M: 4.013113
rate I <-> F: 1.044902
rate I <-> P: 0.073509
rate I <-> S: 0.060198
rate I <-> T: 0.970728
rate I <-> W: 0.104854
rate I <-> Y: 0.218350
rate I <-> V: 10.000000
rate L <-> K: 0.129119
rate L <-> M: 5.927594
rate L <-> F: 2.434657
rate L <-> P: 0.233879
rate L <-> S: 0.171176
rate L <-> T: 0.284471
rate L <-> W: 0.581863
rate L <-> Y: 0.281383
rate L <-> V: 1.598956
rate K <-> M: 0.616581
rate K <-> F: 0.022460
rate K <-> P: 0.366530
rate K <-> S: 0.703048
rate K <-> T: 1.067567
rate K <-> W: 0.046864
rate K <-> Y: 0.123890
rate K <-> V: 0.173913
rate M <-> F: 1.689205
rate M <-> P: 0.093763
rate M <-> S: 0.325811
rate M <-> T: 1.897216
rate M <-> W: 0.653740
rate M <-> Y: 0.451968
rate M <-> V: 1.782983
rate F <-> P: 0.088706
rate F <-> S: 0.339765
rate F <-> T: 0.154944
rate F <-> W: 2.307349
rate F <-> Y: 7.328222
rate F <-> V: 0.614777
rate P <-> S: 1.256567
rate P <-> T: 0.536635
rate P <-> W: 0.089332
rate P <-> Y: 0.084151
rate P <-> V: 0.278428
rate S <-> T: 6.077767
rate S <-> W: 0.233693
rate S <-> Y: 0.376132
rate S <-> V: 0.092373
rate T <-> W: 0.132241
rate T <-> Y: 0.230856
rate T <-> V: 2.054781
rate W <-> Y: 2.959699
rate W <-> V: 0.177959
rate Y <-> V: 0.234116

freq pi(A): 0.075668
freq pi(R): 0.074679
freq pi(N): 0.038576
freq pi(D): 0.039070
freq pi(C): 0.031157
freq pi(Q): 0.035114
freq pi(E): 0.044510
freq pi(G): 0.068744
freq pi(H): 0.019288
freq pi(I): 0.059347
freq pi(L): 0.127102
freq pi(K): 0.052423
freq pi(M): 0.016815
freq pi(F): 0.053907
freq pi(P): 0.041543
freq pi(S): 0.068744
freq pi(T): 0.037092
freq pi(W): 0.021266
freq pi(Y): 0.030168
freq pi(V): 0.064787


ML search took 41.787452 secs or 0.011608 hours

Combined Bootstrap and ML search took 93.053368 secs or 0.025848 hours

Drawing Bootstrap Support Values on best-scoring ML tree ...



Found 1 tree in File /in/RAxML_bestTree.EOG091G0AU6.clustalo.aln.ALICUT.LGF



Found 1 tree in File /in/RAxML_bestTree.EOG091G0AU6.clustalo.aln.ALICUT.LGF

Program execution info written to /in/RAxML_info.EOG091G0AU6.clustalo.aln.ALICUT.LGF
All 100 bootstrapped trees written to: /in/RAxML_bootstrap.EOG091G0AU6.clustalo.aln.ALICUT.LGF

Best-scoring ML tree written to: /in/RAxML_bestTree.EOG091G0AU6.clustalo.aln.ALICUT.LGF

Best-scoring ML tree with support values written to: /in/RAxML_bipartitions.EOG091G0AU6.clustalo.aln.ALICUT.LGF

Best-scoring ML tree with support values as branch labels written to: /in/RAxML_bipartitionsBranchLabels.EOG091G0AU6.clustalo.aln.ALICUT.LGF

Overall execution time for full ML analysis: 93.055298 secs or 0.025849 hours or 0.001077 days

