
	reading taxa from FASTA ...


	H.robusta            -> sites: 356   
	M.lignano            -> sites: 356   
	D.rerio              -> sites: 356   
	S.mediterranea       -> sites: 356   
	T.solium             -> sites: 356   
	O.viverrini          -> sites: 356   
	H.microstoma         -> sites: 356   
	R.norvegicus         -> sites: 356   
	G.turnbulli          -> sites: 356   
	G.salaris            -> sites: 356   
	E.granulosus         -> sites: 356   
	D.melanogaster       -> sites: 356   
	C.intestinalis       -> sites: 356   


	data type             : amino acid sequences

	input ...

	infile		: EOG091G0NMJ.clustalo.aln.fasta
	random pairs	: 200000000000000000
	window size	: 6
	indels		: ambiguous
	tree file	: -
	node level	: -
	strict profile	: -
	outgroup	: -
	matrix          : BLOSUM62

	number of taxa        : 13
	random number of pairs: 200000000000000000

	generates threshhold value for amino acid data
	using BLOSUM62

	checks for (potential) identical taxa


	scores site patterns ...


	max number of different pairs is 78
	max random pairs are scored!

	pair: 1      ->	taxon1: H.robusta 	taxon2: M.lignano 
	            	positions below base line: 153
	pair: 2      ->	taxon1: H.robusta 	taxon2: D.rerio   
	            	positions below base line: 162
	pair: 3      ->	taxon1: H.robusta 	taxon2: S.mediterr
	            	positions below base line: 185
	pair: 4      ->	taxon1: H.robusta 	taxon2: T.solium  
	            	positions below base line: 173
	pair: 5      ->	taxon1: H.robusta 	taxon2: O.viverrin
	            	positions below base line: 243
	pair: 6      ->	taxon1: H.robusta 	taxon2: H.microsto
	            	positions below base line: 225
	pair: 7      ->	taxon1: H.robusta 	taxon2: R.norvegic
	            	positions below base line: 163
	pair: 8      ->	taxon1: H.robusta 	taxon2: G.turnbull
	            	positions below base line: 175
	pair: 9      ->	taxon1: H.robusta 	taxon2: G.salaris 
	            	positions below base line: 235
	pair: 10     ->	taxon1: H.robusta 	taxon2: E.granulos
	            	positions below base line: 174
	pair: 11     ->	taxon1: H.robusta 	taxon2: D.melanoga
	            	positions below base line: 168
	pair: 12     ->	taxon1: H.robusta 	taxon2: C.intestin
	            	positions below base line: 161
	pair: 13     ->	taxon1: M.lignano 	taxon2: D.rerio   
	            	positions below base line: 156
	pair: 14     ->	taxon1: M.lignano 	taxon2: S.mediterr
	            	positions below base line: 184
	pair: 15     ->	taxon1: M.lignano 	taxon2: T.solium  
	            	positions below base line: 164
	pair: 16     ->	taxon1: M.lignano 	taxon2: O.viverrin
	            	positions below base line: 228
	pair: 17     ->	taxon1: M.lignano 	taxon2: H.microsto
	            	positions below base line: 216
	pair: 18     ->	taxon1: M.lignano 	taxon2: R.norvegic
	            	positions below base line: 159
	pair: 19     ->	taxon1: M.lignano 	taxon2: G.turnbull
	            	positions below base line: 176
	pair: 20     ->	taxon1: M.lignano 	taxon2: G.salaris 
	            	positions below base line: 238
	pair: 21     ->	taxon1: M.lignano 	taxon2: E.granulos
	            	positions below base line: 165
	pair: 22     ->	taxon1: M.lignano 	taxon2: D.melanoga
	            	positions below base line: 152
	pair: 23     ->	taxon1: M.lignano 	taxon2: C.intestin
	            	positions below base line: 154
	pair: 24     ->	taxon1: D.rerio   	taxon2: S.mediterr
	            	positions below base line: 172
	pair: 25     ->	taxon1: D.rerio   	taxon2: T.solium  
	            	positions below base line: 165
	pair: 26     ->	taxon1: D.rerio   	taxon2: O.viverrin
	            	positions below base line: 230
	pair: 27     ->	taxon1: D.rerio   	taxon2: H.microsto
	            	positions below base line: 209
	pair: 28     ->	taxon1: D.rerio   	taxon2: R.norvegic
	            	positions below base line: 108
	pair: 29     ->	taxon1: D.rerio   	taxon2: G.turnbull
	            	positions below base line: 183
	pair: 30     ->	taxon1: D.rerio   	taxon2: G.salaris 
	            	positions below base line: 234
	pair: 31     ->	taxon1: D.rerio   	taxon2: E.granulos
	            	positions below base line: 165
	pair: 32     ->	taxon1: D.rerio   	taxon2: D.melanoga
	            	positions below base line: 159
	pair: 33     ->	taxon1: D.rerio   	taxon2: C.intestin
	            	positions below base line: 139
	pair: 34     ->	taxon1: S.mediterr	taxon2: T.solium  
	            	positions below base line: 187
	pair: 35     ->	taxon1: S.mediterr	taxon2: O.viverrin
	            	positions below base line: 242
	pair: 36     ->	taxon1: S.mediterr	taxon2: H.microsto
	            	positions below base line: 239
	pair: 37     ->	taxon1: S.mediterr	taxon2: R.norvegic
	            	positions below base line: 177
	pair: 38     ->	taxon1: S.mediterr	taxon2: G.turnbull
	            	positions below base line: 191
	pair: 39     ->	taxon1: S.mediterr	taxon2: G.salaris 
	            	positions below base line: 245
	pair: 40     ->	taxon1: S.mediterr	taxon2: E.granulos
	            	positions below base line: 187
	pair: 41     ->	taxon1: S.mediterr	taxon2: D.melanoga
	            	positions below base line: 174
	pair: 42     ->	taxon1: S.mediterr	taxon2: C.intestin
	            	positions below base line: 176
	pair: 43     ->	taxon1: T.solium  	taxon2: O.viverrin
	            	positions below base line: 210
	pair: 44     ->	taxon1: T.solium  	taxon2: H.microsto
	            	positions below base line: 186
	pair: 45     ->	taxon1: T.solium  	taxon2: R.norvegic
	            	positions below base line: 167
	pair: 46     ->	taxon1: T.solium  	taxon2: G.turnbull
	            	positions below base line: 160
	pair: 47     ->	taxon1: T.solium  	taxon2: G.salaris 
	            	positions below base line: 215
	pair: 48     ->	taxon1: T.solium  	taxon2: E.granulos
	            	positions below base line: 126
	pair: 49     ->	taxon1: T.solium  	taxon2: D.melanoga
	            	positions below base line: 172
	pair: 50     ->	taxon1: T.solium  	taxon2: C.intestin
	            	positions below base line: 170
	pair: 51     ->	taxon1: O.viverrin	taxon2: H.microsto
	            	positions below base line: 256
	pair: 52     ->	taxon1: O.viverrin	taxon2: R.norvegic
	            	positions below base line: 230
	pair: 53     ->	taxon1: O.viverrin	taxon2: G.turnbull
	            	positions below base line: 219
	pair: 54     ->	taxon1: O.viverrin	taxon2: G.salaris 
	            	positions below base line: 221
	pair: 55     ->	taxon1: O.viverrin	taxon2: E.granulos
	            	positions below base line: 211
	pair: 56     ->	taxon1: O.viverrin	taxon2: D.melanoga
	            	positions below base line: 237
	pair: 57     ->	taxon1: O.viverrin	taxon2: C.intestin
	            	positions below base line: 235
	pair: 58     ->	taxon1: H.microsto	taxon2: R.norvegic
	            	positions below base line: 212
	pair: 59     ->	taxon1: H.microsto	taxon2: G.turnbull
	            	positions below base line: 203
	pair: 60     ->	taxon1: H.microsto	taxon2: G.salaris 
	            	positions below base line: 258
	pair: 61     ->	taxon1: H.microsto	taxon2: E.granulos
	            	positions below base line: 185
	pair: 62     ->	taxon1: H.microsto	taxon2: D.melanoga
	            	positions below base line: 214
	pair: 63     ->	taxon1: H.microsto	taxon2: C.intestin
	            	positions below base line: 211
	pair: 64     ->	taxon1: R.norvegic	taxon2: G.turnbull
	            	positions below base line: 186
	pair: 65     ->	taxon1: R.norvegic	taxon2: G.salaris 
	            	positions below base line: 237
	pair: 66     ->	taxon1: R.norvegic	taxon2: E.granulos
	            	positions below base line: 165
	pair: 67     ->	taxon1: R.norvegic	taxon2: D.melanoga
	            	positions below base line: 154
	pair: 68     ->	taxon1: R.norvegic	taxon2: C.intestin
	            	positions below base line: 139
	pair: 69     ->	taxon1: G.turnbull	taxon2: G.salaris 
	            	positions below base line: 197
	pair: 70     ->	taxon1: G.turnbull	taxon2: E.granulos
	            	positions below base line: 160
	pair: 71     ->	taxon1: G.turnbull	taxon2: D.melanoga
	            	positions below base line: 172
	pair: 72     ->	taxon1: G.turnbull	taxon2: C.intestin
	            	positions below base line: 166
	pair: 73     ->	taxon1: G.salaris 	taxon2: E.granulos
	            	positions below base line: 216
	pair: 74     ->	taxon1: G.salaris 	taxon2: D.melanoga
	            	positions below base line: 231
	pair: 75     ->	taxon1: G.salaris 	taxon2: C.intestin
	            	positions below base line: 229
	pair: 76     ->	taxon1: E.granulos	taxon2: D.melanoga
	            	positions below base line: 171
	pair: 77     ->	taxon1: E.granulos	taxon2: C.intestin
	            	positions below base line: 170
	pair: 78     ->	taxon1: D.melanoga	taxon2: C.intestin
	            	positions below base line: 152

	generates quality profile from collected scores ...


	scoring done ...


	generates vector plot from collected scores ...


Argument "-" treated as 0 in increment (++) at /usr/bin/Aliscore.pl line 1213.
	Profile written to EOG091G0NMJ.clustalo.aln.fasta_Profile_random.txt
	List   written to EOG091G0NMJ.clustalo.aln.fasta_List_random.txt

	time used: 3.82 sec

