
	reading taxa from FASTA ...


	C.elegans            -> sites: 891   
	T.solium             -> sites: 891   
	C.intestinalis       -> sites: 891   
	E.granulosus         -> sites: 891   
	D.rerio              -> sites: 891   
	G.salaris            -> sites: 891   
	G.turnbulli          -> sites: 891   
	R.norvegicus         -> sites: 891   
	O.viverrini          -> sites: 891   
	H.microstoma         -> sites: 891   


	data type             : amino acid sequences

	input ...

	infile		: EOG091G0PL0.clustalo.aln.fasta
	random pairs	: 200000000000000000
	window size	: 6
	indels		: ambiguous
	tree file	: -
	node level	: -
	strict profile	: -
	outgroup	: -
	matrix          : BLOSUM62

	number of taxa        : 10
	random number of pairs: 200000000000000000

	generates threshhold value for amino acid data
	using BLOSUM62

	checks for (potential) identical taxa


	scores site patterns ...


	max number of different pairs is 45
	max random pairs are scored!

	pair: 1      ->	taxon1: C.elegans 	taxon2: T.solium  
	            	positions below base line: 791
	pair: 2      ->	taxon1: C.elegans 	taxon2: C.intestin
	            	positions below base line: 665
	pair: 3      ->	taxon1: C.elegans 	taxon2: E.granulos
	            	positions below base line: 754
	pair: 4      ->	taxon1: C.elegans 	taxon2: D.rerio   
	            	positions below base line: 623
	pair: 5      ->	taxon1: C.elegans 	taxon2: G.salaris 
	            	positions below base line: 726
	pair: 6      ->	taxon1: C.elegans 	taxon2: G.turnbull
	            	positions below base line: 787
	pair: 7      ->	taxon1: C.elegans 	taxon2: R.norvegic
	            	positions below base line: 611
	pair: 8      ->	taxon1: C.elegans 	taxon2: O.viverrin
	            	positions below base line: 817
	pair: 9      ->	taxon1: C.elegans 	taxon2: H.microsto
	            	positions below base line: 734
	pair: 10     ->	taxon1: T.solium  	taxon2: C.intestin
	            	positions below base line: 776
	pair: 11     ->	taxon1: T.solium  	taxon2: E.granulos
	            	positions below base line: 613
	pair: 12     ->	taxon1: T.solium  	taxon2: D.rerio   
	            	positions below base line: 783
	pair: 13     ->	taxon1: T.solium  	taxon2: G.salaris 
	            	positions below base line: 794
	pair: 14     ->	taxon1: T.solium  	taxon2: G.turnbull
	            	positions below base line: 836
	pair: 15     ->	taxon1: T.solium  	taxon2: R.norvegic
	            	positions below base line: 780
	pair: 16     ->	taxon1: T.solium  	taxon2: O.viverrin
	            	positions below base line: 819
	pair: 17     ->	taxon1: T.solium  	taxon2: H.microsto
	            	positions below base line: 703
	pair: 18     ->	taxon1: C.intestin	taxon2: E.granulos
	            	positions below base line: 751
	pair: 19     ->	taxon1: C.intestin	taxon2: D.rerio   
	            	positions below base line: 599
	pair: 20     ->	taxon1: C.intestin	taxon2: G.salaris 
	            	positions below base line: 743
	pair: 21     ->	taxon1: C.intestin	taxon2: G.turnbull
	            	positions below base line: 808
	pair: 22     ->	taxon1: C.intestin	taxon2: R.norvegic
	            	positions below base line: 597
	pair: 23     ->	taxon1: C.intestin	taxon2: O.viverrin
	            	positions below base line: 812
	pair: 24     ->	taxon1: C.intestin	taxon2: H.microsto
	            	positions below base line: 722
	pair: 25     ->	taxon1: E.granulos	taxon2: D.rerio   
	            	positions below base line: 758
	pair: 26     ->	taxon1: E.granulos	taxon2: G.salaris 
	            	positions below base line: 769
	pair: 27     ->	taxon1: E.granulos	taxon2: G.turnbull
	            	positions below base line: 829
	pair: 28     ->	taxon1: E.granulos	taxon2: R.norvegic
	            	positions below base line: 750
	pair: 29     ->	taxon1: E.granulos	taxon2: O.viverrin
	            	positions below base line: 754
	pair: 30     ->	taxon1: E.granulos	taxon2: H.microsto
	            	positions below base line: 645
	pair: 31     ->	taxon1: D.rerio   	taxon2: G.salaris 
	            	positions below base line: 746
	pair: 32     ->	taxon1: D.rerio   	taxon2: G.turnbull
	            	positions below base line: 792
	pair: 33     ->	taxon1: D.rerio   	taxon2: R.norvegic
	            	positions below base line: 486
	pair: 34     ->	taxon1: D.rerio   	taxon2: O.viverrin
	            	positions below base line: 798
	pair: 35     ->	taxon1: D.rerio   	taxon2: H.microsto
	            	positions below base line: 704
	pair: 36     ->	taxon1: G.salaris 	taxon2: G.turnbull
	            	positions below base line: 524
	pair: 37     ->	taxon1: G.salaris 	taxon2: R.norvegic
	            	positions below base line: 737
	pair: 38     ->	taxon1: G.salaris 	taxon2: O.viverrin
	            	positions below base line: 790
	pair: 39     ->	taxon1: G.salaris 	taxon2: H.microsto
	            	positions below base line: 722
	pair: 40     ->	taxon1: G.turnbull	taxon2: R.norvegic
	            	positions below base line: 811
	pair: 41     ->	taxon1: G.turnbull	taxon2: O.viverrin
	            	positions below base line: 820
	pair: 42     ->	taxon1: G.turnbull	taxon2: H.microsto
	            	positions below base line: 804
	pair: 43     ->	taxon1: R.norvegic	taxon2: O.viverrin
	            	positions below base line: 794
	pair: 44     ->	taxon1: R.norvegic	taxon2: H.microsto
	            	positions below base line: 718
	pair: 45     ->	taxon1: O.viverrin	taxon2: H.microsto
	            	positions below base line: 756

	generates quality profile from collected scores ...


	scoring done ...


	generates vector plot from collected scores ...


Argument "-" treated as 0 in increment (++) at /usr/bin/Aliscore.pl line 1213.
	Profile written to EOG091G0PL0.clustalo.aln.fasta_Profile_random.txt
	List   written to EOG091G0PL0.clustalo.aln.fasta_List_random.txt

	time used: 3.93 sec

