INFO	****************** Start a BUSCO 3.0.2 analysis, current time: 12/09/2018 15:44:55 ******************
INFO	Configuration loaded from /usr/src/busco/config/config.ini
INFO	Init tools...
INFO	Check dependencies...
INFO	Check input file...
INFO	To reproduce this run: python /usr/bin/run_BUSCO.py -i protopolystoma_xenopodis.PRJEB1201.WBPS12.genomic.fa -o P_xenopodis_long -l ./metazoa_odb9/ -m genome -c 2 --long -sp fly
INFO	Mode is: genome
INFO	The lineage dataset is: metazoa_odb9 (eukaryota)
INFO	Temp directory is ./tmp/
INFO	****** Phase 1 of 2, initial predictions ******
INFO	****** Step 1/3, current time: 12/09/2018 15:45:00 ******
INFO	Create blast database...
INFO	[makeblastdb]	Building a new DB, current time: 12/09/2018 15:45:00
INFO	[makeblastdb]	New DB name:   /home/working/tmp/P_xenopodis_long_860281393
INFO	[makeblastdb]	New DB title:  protopolystoma_xenopodis.PRJEB1201.WBPS12.genomic.fa
INFO	[makeblastdb]	Sequence type: Nucleotide
INFO	[makeblastdb]	Keep MBits: T
INFO	[makeblastdb]	Maximum file size: 1000000000B
INFO	[makeblastdb]	Adding sequences from FASTA; added 316398 sequences in 10.0492 seconds.
INFO	[makeblastdb]	1 of 1 task(s) completed at 12/09/2018 15:45:10
INFO	Running tblastn, writing output to /home/working/run_P_xenopodis_long/blast_output/tblastn_P_xenopodis_long.tsv...
INFO	[tblastn]	1 of 1 task(s) completed at 12/09/2018 15:57:40
INFO	****** Step 2/3, current time: 12/09/2018 15:57:40 ******
INFO	Maximum number of candidate contig per BUSCO limited to: 3
INFO	Getting coordinates for candidate regions...
INFO	Pre-Augustus scaffold extraction...
INFO	Running Augustus prediction using fly as species:
INFO	[augustus]	Please find all logs related to Augustus errors here: /home/working/run_P_xenopodis_long/augustus_output/augustus.log
INFO	[augustus]	101 of 1001 task(s) completed at 12/09/2018 15:58:43
INFO	[augustus]	201 of 1001 task(s) completed at 12/09/2018 15:59:19
INFO	[augustus]	301 of 1001 task(s) completed at 12/09/2018 15:59:51
INFO	[augustus]	401 of 1001 task(s) completed at 12/09/2018 16:00:27
INFO	[augustus]	501 of 1001 task(s) completed at 12/09/2018 16:00:55
INFO	[augustus]	601 of 1001 task(s) completed at 12/09/2018 16:01:22
INFO	[augustus]	701 of 1001 task(s) completed at 12/09/2018 16:01:52
INFO	[augustus]	801 of 1001 task(s) completed at 12/09/2018 16:02:21
INFO	[augustus]	901 of 1001 task(s) completed at 12/09/2018 16:02:49
INFO	[augustus]	1001 of 1001 task(s) completed at 12/09/2018 16:03:13
INFO	Extracting predicted proteins...
INFO	****** Step 3/3, current time: 12/09/2018 16:03:15 ******
INFO	Running HMMER to confirm orthology of predicted proteins:
INFO	[hmmsearch]	18 of 171 task(s) completed at 12/09/2018 16:03:16
INFO	[hmmsearch]	35 of 171 task(s) completed at 12/09/2018 16:03:16
INFO	[hmmsearch]	52 of 171 task(s) completed at 12/09/2018 16:03:16
INFO	[hmmsearch]	69 of 171 task(s) completed at 12/09/2018 16:03:16
INFO	[hmmsearch]	86 of 171 task(s) completed at 12/09/2018 16:03:16
INFO	[hmmsearch]	103 of 171 task(s) completed at 12/09/2018 16:03:16
INFO	[hmmsearch]	120 of 171 task(s) completed at 12/09/2018 16:03:16
INFO	[hmmsearch]	137 of 171 task(s) completed at 12/09/2018 16:03:16
INFO	[hmmsearch]	154 of 171 task(s) completed at 12/09/2018 16:03:16
INFO	[hmmsearch]	171 of 171 task(s) completed at 12/09/2018 16:03:17
INFO	Results:
INFO	C:6.5%[S:6.2%,D:0.3%],F:4.6%,M:88.9%,n:978
INFO	64 Complete BUSCOs (C)
INFO	61 Complete and single-copy BUSCOs (S)
INFO	3 Complete and duplicated BUSCOs (D)
INFO	45 Fragmented BUSCOs (F)
INFO	869 Missing BUSCOs (M)
INFO	978 Total BUSCO groups searched
INFO	****** Phase 2 of 2, predictions using species specific training ******
INFO	****** Step 1/3, current time: 12/09/2018 16:03:17 ******
INFO	Extracting missing and fragmented buscos from the ancestral_variants file...
INFO	Running tblastn, writing output to /home/working/run_P_xenopodis_long/blast_output/tblastn_P_xenopodis_long_missing_and_frag_rerun.tsv...
INFO	[tblastn]	1 of 1 task(s) completed at 12/09/2018 18:00:30
INFO	Maximum number of candidate contig per BUSCO limited to: 3
INFO	Getting coordinates for candidate regions...
INFO	****** Step 2/3, current time: 12/09/2018 18:00:31 ******
INFO	Training Augustus using Single-Copy Complete BUSCOs:
INFO	Converting predicted genes to short genbank files at 12/09/2018 18:00:31...
INFO	All files converted to short genbank files, now running the training scripts at 12/09/2018 18:03:00...
WARNING	Optimizing augustus metaparameters, this may take a very long time, started at 12/09/2018 18:03:01
INFO	Pre-Augustus scaffold extraction...
INFO	Re-running Augustus with the new metaparameters, number of target BUSCOs: 914
INFO	[augustus]	107 of 1063 task(s) completed at 12/09/2018 18:04:02
INFO	[augustus]	213 of 1063 task(s) completed at 12/09/2018 18:04:54
INFO	[augustus]	319 of 1063 task(s) completed at 12/09/2018 18:05:41
INFO	[augustus]	426 of 1063 task(s) completed at 12/09/2018 18:06:26
INFO	[augustus]	532 of 1063 task(s) completed at 12/09/2018 18:07:10
INFO	[augustus]	638 of 1063 task(s) completed at 12/09/2018 18:08:01
INFO	[augustus]	745 of 1063 task(s) completed at 12/09/2018 18:08:57
INFO	[augustus]	851 of 1063 task(s) completed at 12/09/2018 18:09:40
INFO	[augustus]	957 of 1063 task(s) completed at 12/09/2018 18:10:20
INFO	[augustus]	1063 of 1063 task(s) completed at 12/09/2018 18:11:12
INFO	Extracting predicted proteins...
INFO	****** Step 3/3, current time: 12/09/2018 18:11:20 ******
INFO	Running HMMER to confirm orthology of predicted proteins:
INFO	[hmmsearch]	Error: Failed to open sequence file /home/working/run_P_xenopodis_long/augustus_output/extracted_proteins/EOG091G075F.faa.2 for reading
INFO	[hmmsearch]	Error: Failed to open sequence file /home/working/run_P_xenopodis_long/augustus_output/extracted_proteins/EOG091G053A.faa.1 for reading
INFO	[hmmsearch]	Error: Failed to open sequence file /home/working/run_P_xenopodis_long/augustus_output/extracted_proteins/EOG091G02FR.faa.1 for reading
INFO	[hmmsearch]	Error: Failed to open sequence file /home/working/run_P_xenopodis_long/augustus_output/extracted_proteins/EOG091G0KJA.faa.1 for reading
INFO	[hmmsearch]	Error: Failed to open sequence file /home/working/run_P_xenopodis_long/augustus_output/extracted_proteins/EOG091G06DH.faa.1 for reading
INFO	[hmmsearch]	Error: Failed to open sequence file /home/working/run_P_xenopodis_long/augustus_output/extracted_proteins/EOG091G07KC.faa.1 for reading
INFO	[hmmsearch]	Error: Failed to open sequence file /home/working/run_P_xenopodis_long/augustus_output/extracted_proteins/EOG091G07N5.faa.1 for reading
INFO	[hmmsearch]	Error: Failed to open sequence file /home/working/run_P_xenopodis_long/augustus_output/extracted_proteins/EOG091G0N0U.faa.2 for reading
INFO	[hmmsearch]	Error: Failed to open sequence file /home/working/run_P_xenopodis_long/augustus_output/extracted_proteins/EOG091G0AX1.faa.1 for reading
INFO	[hmmsearch]	Error: Failed to open sequence file /home/working/run_P_xenopodis_long/augustus_output/extracted_proteins/EOG091G03O0.faa.2 for reading
INFO	[hmmsearch]	Error: Failed to open sequence file /home/working/run_P_xenopodis_long/augustus_output/extracted_proteins/EOG091G0IQD.faa.1 for reading
INFO	[hmmsearch]	Error: Failed to open sequence file /home/working/run_P_xenopodis_long/augustus_output/extracted_proteins/EOG091G0IGG.faa.1 for reading
INFO	[hmmsearch]	Error: Failed to open sequence file /home/working/run_P_xenopodis_long/augustus_output/extracted_proteins/EOG091G0AKM.faa.2 for reading
INFO	[hmmsearch]	Error: Failed to open sequence file /home/working/run_P_xenopodis_long/augustus_output/extracted_proteins/EOG091G0628.faa.2 for reading
INFO	[hmmsearch]	Error: Failed to open sequence file /home/working/run_P_xenopodis_long/augustus_output/extracted_proteins/EOG091G0M0J.faa.1 for reading
INFO	[hmmsearch]	Error: Failed to open sequence file /home/working/run_P_xenopodis_long/augustus_output/extracted_proteins/EOG091G0530.faa.3 for reading
INFO	[hmmsearch]	Error: Failed to open sequence file /home/working/run_P_xenopodis_long/augustus_output/extracted_proteins/EOG091G0GQO.faa.2 for reading
INFO	[hmmsearch]	Error: Failed to open sequence file /home/working/run_P_xenopodis_long/augustus_output/extracted_proteins/EOG091G0BUH.faa.1 for reading
INFO	[hmmsearch]	Error: Failed to open sequence file /home/working/run_P_xenopodis_long/augustus_output/extracted_proteins/EOG091G0SM9.faa.1 for reading
INFO	[hmmsearch]	Error: Failed to open sequence file /home/working/run_P_xenopodis_long/augustus_output/extracted_proteins/EOG091G02HY.faa.1 for reading
INFO	[hmmsearch]	Error: Failed to open sequence file /home/working/run_P_xenopodis_long/augustus_output/extracted_proteins/EOG091G0KVW.faa.2 for reading
INFO	[hmmsearch]	Error: Failed to open sequence file /home/working/run_P_xenopodis_long/augustus_output/extracted_proteins/EOG091G03FL.faa.1 for reading
INFO	[hmmsearch]	Error: Failed to open sequence file /home/working/run_P_xenopodis_long/augustus_output/extracted_proteins/EOG091G053D.faa.1 for reading
INFO	[hmmsearch]	Error: Failed to open sequence file /home/working/run_P_xenopodis_long/augustus_output/extracted_proteins/EOG091G0IVB.faa.1 for reading
INFO	[hmmsearch]	Error: Failed to open sequence file /home/working/run_P_xenopodis_long/augustus_output/extracted_proteins/EOG091G01VH.faa.1 for reading
INFO	[hmmsearch]	Error: Failed to open sequence file /home/working/run_P_xenopodis_long/augustus_output/extracted_proteins/EOG091G0ILG.faa.1 for reading
INFO	[hmmsearch]	Error: Failed to open sequence file /home/working/run_P_xenopodis_long/augustus_output/extracted_proteins/EOG091G0VQK.faa.1 for reading
INFO	[hmmsearch]	Error: Failed to open sequence file /home/working/run_P_xenopodis_long/augustus_output/extracted_proteins/EOG091G02C8.faa.1 for reading
INFO	[hmmsearch]	Error: Failed to open sequence file /home/working/run_P_xenopodis_long/augustus_output/extracted_proteins/EOG091G03TX.faa.1 for reading
INFO	[hmmsearch]	Error: Failed to open sequence file /home/working/run_P_xenopodis_long/augustus_output/extracted_proteins/EOG091G03TX.faa.3 for reading
INFO	[hmmsearch]	Error: Failed to open sequence file /home/working/run_P_xenopodis_long/augustus_output/extracted_proteins/EOG091G040D.faa.2 for reading
INFO	[hmmsearch]	Error: Failed to open sequence file /home/working/run_P_xenopodis_long/augustus_output/extracted_proteins/EOG091G00MA.faa.1 for reading
INFO	[hmmsearch]	Error: Failed to open sequence file /home/working/run_P_xenopodis_long/augustus_output/extracted_proteins/EOG091G0AGM.faa.1 for reading
INFO	[hmmsearch]	Error: Failed to open sequence file /home/working/run_P_xenopodis_long/augustus_output/extracted_proteins/EOG091G0Q7M.faa.1 for reading
INFO	[hmmsearch]	Error: Failed to open sequence file /home/working/run_P_xenopodis_long/augustus_output/extracted_proteins/EOG091G0DTB.faa.1 for reading
INFO	[hmmsearch]	Error: Failed to open sequence file /home/working/run_P_xenopodis_long/augustus_output/extracted_proteins/EOG091G0LCT.faa.1 for reading
INFO	[hmmsearch]	Error: Failed to open sequence file /home/working/run_P_xenopodis_long/augustus_output/extracted_proteins/EOG091G0A2L.faa.1 for reading
INFO	[hmmsearch]	Error: Failed to open sequence file /home/working/run_P_xenopodis_long/augustus_output/extracted_proteins/EOG091G0A2L.faa.3 for reading
INFO	[hmmsearch]	Error: Failed to open sequence file /home/working/run_P_xenopodis_long/augustus_output/extracted_proteins/EOG091G0MB2.faa.1 for reading
INFO	[hmmsearch]	Error: Failed to open sequence file /home/working/run_P_xenopodis_long/augustus_output/extracted_proteins/EOG091G0H62.faa.1 for reading
INFO	[hmmsearch]	61 of 607 task(s) completed at 12/09/2018 18:11:21
INFO	[hmmsearch]	Error: Failed to open sequence file /home/working/run_P_xenopodis_long/augustus_output/extracted_proteins/EOG091G0K1H.faa.1 for reading
INFO	[hmmsearch]	Error: Failed to open sequence file /home/working/run_P_xenopodis_long/augustus_output/extracted_proteins/EOG091G0AVP.faa.1 for reading
INFO	[hmmsearch]	Error: Failed to open sequence file /home/working/run_P_xenopodis_long/augustus_output/extracted_proteins/EOG091G10O5.faa.2 for reading
INFO	[hmmsearch]	Error: Failed to open sequence file /home/working/run_P_xenopodis_long/augustus_output/extracted_proteins/EOG091G0FTU.faa.1 for reading
INFO	[hmmsearch]	Error: Failed to open sequence file /home/working/run_P_xenopodis_long/augustus_output/extracted_proteins/EOG091G1757.faa.1 for reading
INFO	[hmmsearch]	Error: Failed to open sequence file /home/working/run_P_xenopodis_long/augustus_output/extracted_proteins/EOG091G0ONT.faa.2 for reading
INFO	[hmmsearch]	Error: Failed to open sequence file /home/working/run_P_xenopodis_long/augustus_output/extracted_proteins/EOG091G0C8H.faa.1 for reading
INFO	[hmmsearch]	Error: Failed to open sequence file /home/working/run_P_xenopodis_long/augustus_output/extracted_proteins/EOG091G0O6E.faa.2 for reading
INFO	[hmmsearch]	Error: Failed to open sequence file /home/working/run_P_xenopodis_long/augustus_output/extracted_proteins/EOG091G0L2T.faa.1 for reading
INFO	[hmmsearch]	Error: Failed to open sequence file /home/working/run_P_xenopodis_long/augustus_output/extracted_proteins/EOG091G18B1.faa.2 for reading
INFO	[hmmsearch]	Error: Failed to open sequence file /home/working/run_P_xenopodis_long/augustus_output/extracted_proteins/EOG091G02IP.faa.1 for reading
INFO	[hmmsearch]	Error: Failed to open sequence file /home/working/run_P_xenopodis_long/augustus_output/extracted_proteins/EOG091G0H64.faa.1 for reading
INFO	[hmmsearch]	Error: Failed to open sequence file /home/working/run_P_xenopodis_long/augustus_output/extracted_proteins/EOG091G0H64.faa.3 for reading
INFO	[hmmsearch]	Error: Failed to open sequence file /home/working/run_P_xenopodis_long/augustus_output/extracted_proteins/EOG091G0UQZ.faa.1 for reading
INFO	[hmmsearch]	Error: Failed to open sequence file /home/working/run_P_xenopodis_long/augustus_output/extracted_proteins/EOG091G036T.faa.1 for reading
INFO	[hmmsearch]	Error: Failed to open sequence file /home/working/run_P_xenopodis_long/augustus_output/extracted_proteins/EOG091G040L.faa.1 for reading
INFO	[hmmsearch]	Error: Failed to open sequence file /home/working/run_P_xenopodis_long/augustus_output/extracted_proteins/EOG091G053R.faa.2 for reading
INFO	[hmmsearch]	Error: Failed to open sequence file /home/working/run_P_xenopodis_long/augustus_output/extracted_proteins/EOG091G0Z6N.faa.2 for reading
INFO	[hmmsearch]	Error: Failed to open sequence file /home/working/run_P_xenopodis_long/augustus_output/extracted_proteins/EOG091G0GVZ.faa.2 for reading
INFO	[hmmsearch]	Error: Failed to open sequence file /home/working/run_P_xenopodis_long/augustus_output/extracted_proteins/EOG091G01EW.faa.2 for reading
INFO	[hmmsearch]	Error: Failed to open sequence file /home/working/run_P_xenopodis_long/augustus_output/extracted_proteins/EOG091G09T3.faa.1 for reading
INFO	[hmmsearch]	Error: Failed to open sequence file /home/working/run_P_xenopodis_long/augustus_output/extracted_proteins/EOG091G0OHF.faa.1 for reading
INFO	[hmmsearch]	Error: Failed to open sequence file /home/working/run_P_xenopodis_long/augustus_output/extracted_proteins/EOG091G0KSQ.faa.2 for reading
INFO	[hmmsearch]	Error: Failed to open sequence file /home/working/run_P_xenopodis_long/augustus_output/extracted_proteins/EOG091G03JX.faa.1 for reading
INFO	[hmmsearch]	Error: Failed to open sequence file /home/working/run_P_xenopodis_long/augustus_output/extracted_proteins/EOG091G13NA.faa.1 for reading
INFO	[hmmsearch]	Error: Failed to open sequence file /home/working/run_P_xenopodis_long/augustus_output/extracted_proteins/EOG091G107U.faa.1 for reading
INFO	[hmmsearch]	Error: Failed to open sequence file /home/working/run_P_xenopodis_long/augustus_output/extracted_proteins/EOG091G06HP.faa.2 for reading
INFO	[hmmsearch]	Error: Failed to open sequence file /home/working/run_P_xenopodis_long/augustus_output/extracted_proteins/EOG091G0L4Z.faa.1 for reading
INFO	[hmmsearch]	122 of 607 task(s) completed at 12/09/2018 18:11:22
INFO	[hmmsearch]	Error: Failed to open sequence file /home/working/run_P_xenopodis_long/augustus_output/extracted_proteins/EOG091G00VZ.faa.2 for reading
INFO	[hmmsearch]	Error: Failed to open sequence file /home/working/run_P_xenopodis_long/augustus_output/extracted_proteins/EOG091G0AHJ.faa.1 for reading
INFO	[hmmsearch]	Error: Failed to open sequence file /home/working/run_P_xenopodis_long/augustus_output/extracted_proteins/EOG091G0DVQ.faa.2 for reading
INFO	[hmmsearch]	Error: Failed to open sequence file /home/working/run_P_xenopodis_long/augustus_output/extracted_proteins/EOG091G0RRN.faa.1 for reading
INFO	[hmmsearch]	Error: Failed to open sequence file /home/working/run_P_xenopodis_long/augustus_output/extracted_proteins/EOG091G040G.faa.1 for reading
INFO	[hmmsearch]	Error: Failed to open sequence file /home/working/run_P_xenopodis_long/augustus_output/extracted_proteins/EOG091G0W1S.faa.2 for reading
INFO	[hmmsearch]	Error: Failed to open sequence file /home/working/run_P_xenopodis_long/augustus_output/extracted_proteins/EOG091G0HMT.faa.2 for reading
INFO	[hmmsearch]	Error: Failed to open sequence file /home/working/run_P_xenopodis_long/augustus_output/extracted_proteins/EOG091G0IS6.faa.1 for reading
INFO	[hmmsearch]	Error: Failed to open sequence file /home/working/run_P_xenopodis_long/augustus_output/extracted_proteins/EOG091G0CGO.faa.1 for reading
INFO	[hmmsearch]	Error: Failed to open sequence file /home/working/run_P_xenopodis_long/augustus_output/extracted_proteins/EOG091G09R0.faa.1 for reading
INFO	[hmmsearch]	Error: Failed to open sequence file /home/working/run_P_xenopodis_long/augustus_output/extracted_proteins/EOG091G0JHN.faa.1 for reading
INFO	[hmmsearch]	Error: Failed to open sequence file /home/working/run_P_xenopodis_long/augustus_output/extracted_proteins/EOG091G0PL0.faa.1 for reading
INFO	[hmmsearch]	Error: Failed to open sequence file /home/working/run_P_xenopodis_long/augustus_output/extracted_proteins/EOG091G0IWR.faa.1 for reading
INFO	[hmmsearch]	Error: Failed to open sequence file /home/working/run_P_xenopodis_long/augustus_output/extracted_proteins/EOG091G09SS.faa.1 for reading
INFO	[hmmsearch]	Error: Failed to open sequence file /home/working/run_P_xenopodis_long/augustus_output/extracted_proteins/EOG091G07OD.faa.1 for reading
INFO	[hmmsearch]	Error: Failed to open sequence file /home/working/run_P_xenopodis_long/augustus_output/extracted_proteins/EOG091G0QKK.faa.1 for reading
INFO	[hmmsearch]	Error: Failed to open sequence file /home/working/run_P_xenopodis_long/augustus_output/extracted_proteins/EOG091G0IMD.faa.1 for reading
INFO	[hmmsearch]	Error: Failed to open sequence file /home/working/run_P_xenopodis_long/augustus_output/extracted_proteins/EOG091G05UF.faa.1 for reading
INFO	[hmmsearch]	Error: Failed to open sequence file /home/working/run_P_xenopodis_long/augustus_output/extracted_proteins/EOG091G0ILS.faa.1 for reading
INFO	[hmmsearch]	Error: Failed to open sequence file /home/working/run_P_xenopodis_long/augustus_output/extracted_proteins/EOG091G0OWC.faa.2 for reading
INFO	[hmmsearch]	Error: Failed to open sequence file /home/working/run_P_xenopodis_long/augustus_output/extracted_proteins/EOG091G06QP.faa.1 for reading
INFO	[hmmsearch]	Error: Failed to open sequence file /home/working/run_P_xenopodis_long/augustus_output/extracted_proteins/EOG091G0IDG.faa.1 for reading
INFO	[hmmsearch]	Error: Failed to open sequence file /home/working/run_P_xenopodis_long/augustus_output/extracted_proteins/EOG091G06QP.faa.3 for reading
INFO	[hmmsearch]	Error: Failed to open sequence file /home/working/run_P_xenopodis_long/augustus_output/extracted_proteins/EOG091G060D.faa.2 for reading
INFO	[hmmsearch]	Error: Failed to open sequence file /home/working/run_P_xenopodis_long/augustus_output/extracted_proteins/EOG091G05RA.faa.1 for reading
INFO	[hmmsearch]	Error: Failed to open sequence file /home/working/run_P_xenopodis_long/augustus_output/extracted_proteins/EOG091G0E7S.faa.1 for reading
INFO	[hmmsearch]	Error: Failed to open sequence file /home/working/run_P_xenopodis_long/augustus_output/extracted_proteins/EOG091G01XI.faa.2 for reading
INFO	[hmmsearch]	Error: Failed to open sequence file /home/working/run_P_xenopodis_long/augustus_output/extracted_proteins/EOG091G0N0R.faa.1 for reading
INFO	[hmmsearch]	Error: Failed to open sequence file /home/working/run_P_xenopodis_long/augustus_output/extracted_proteins/EOG091G0P5H.faa.1 for reading
INFO	[hmmsearch]	Error: Failed to open sequence file /home/working/run_P_xenopodis_long/augustus_output/extracted_proteins/EOG091G07NJ.faa.1 for reading
INFO	[hmmsearch]	Error: Failed to open sequence file /home/working/run_P_xenopodis_long/augustus_output/extracted_proteins/EOG091G0PD3.faa.1 for reading
INFO	[hmmsearch]	Error: Failed to open sequence file /home/working/run_P_xenopodis_long/augustus_output/extracted_proteins/EOG091G0UKP.faa.2 for reading
INFO	[hmmsearch]	Error: Failed to open sequence file /home/working/run_P_xenopodis_long/augustus_output/extracted_proteins/EOG091G0LP5.faa.2 for reading
INFO	[hmmsearch]	Error: Failed to open sequence file /home/working/run_P_xenopodis_long/augustus_output/extracted_proteins/EOG091G0J69.faa.1 for reading
INFO	[hmmsearch]	Error: Failed to open sequence file /home/working/run_P_xenopodis_long/augustus_output/extracted_proteins/EOG091G0781.faa.1 for reading
INFO	[hmmsearch]	Error: Failed to open sequence file /home/working/run_P_xenopodis_long/augustus_output/extracted_proteins/EOG091G03P0.faa.2 for reading
INFO	[hmmsearch]	Error: Failed to open sequence file /home/working/run_P_xenopodis_long/augustus_output/extracted_proteins/EOG091G03QC.faa.1 for reading
INFO	[hmmsearch]	Error: Failed to open sequence file /home/working/run_P_xenopodis_long/augustus_output/extracted_proteins/EOG091G0NH9.faa.2 for reading
INFO	[hmmsearch]	Error: Failed to open sequence file /home/working/run_P_xenopodis_long/augustus_output/extracted_proteins/EOG091G0RM8.faa.1 for reading
INFO	[hmmsearch]	Error: Failed to open sequence file /home/working/run_P_xenopodis_long/augustus_output/extracted_proteins/EOG091G00UD.faa.2 for reading
INFO	[hmmsearch]	Error: Failed to open sequence file /home/working/run_P_xenopodis_long/augustus_output/extracted_proteins/EOG091G0G6C.faa.2 for reading
INFO	[hmmsearch]	Error: Failed to open sequence file /home/working/run_P_xenopodis_long/augustus_output/extracted_proteins/EOG091G0627.faa.2 for reading
INFO	[hmmsearch]	183 of 607 task(s) completed at 12/09/2018 18:11:22
INFO	[hmmsearch]	Error: Failed to open sequence file /home/working/run_P_xenopodis_long/augustus_output/extracted_proteins/EOG091G07Z0.faa.1 for reading
INFO	[hmmsearch]	Error: Failed to open sequence file /home/working/run_P_xenopodis_long/augustus_output/extracted_proteins/EOG091G046Y.faa.1 for reading
INFO	[hmmsearch]	Error: Failed to open sequence file /home/working/run_P_xenopodis_long/augustus_output/extracted_proteins/EOG091G0NIY.faa.1 for reading
INFO	[hmmsearch]	Error: Failed to open sequence file /home/working/run_P_xenopodis_long/augustus_output/extracted_proteins/EOG091G0UOM.faa.1 for reading
INFO	[hmmsearch]	Error: Failed to open sequence file /home/working/run_P_xenopodis_long/augustus_output/extracted_proteins/EOG091G09D8.faa.1 for reading
INFO	[hmmsearch]	Error: Failed to open sequence file /home/working/run_P_xenopodis_long/augustus_output/extracted_proteins/EOG091G029K.faa.1 for reading
INFO	[hmmsearch]	Error: Failed to open sequence file /home/working/run_P_xenopodis_long/augustus_output/extracted_proteins/EOG091G0ERU.faa.2 for reading
INFO	[hmmsearch]	Error: Failed to open sequence file /home/working/run_P_xenopodis_long/augustus_output/extracted_proteins/EOG091G08SM.faa.1 for reading
INFO	[hmmsearch]	Error: Failed to open sequence file /home/working/run_P_xenopodis_long/augustus_output/extracted_proteins/EOG091G0EAF.faa.1 for reading
INFO	[hmmsearch]	Error: Failed to open sequence file /home/working/run_P_xenopodis_long/augustus_output/extracted_proteins/EOG091G0BBO.faa.1 for reading
INFO	[hmmsearch]	Error: Failed to open sequence file /home/working/run_P_xenopodis_long/augustus_output/extracted_proteins/EOG091G0PXB.faa.1 for reading
INFO	[hmmsearch]	Error: Failed to open sequence file /home/working/run_P_xenopodis_long/augustus_output/extracted_proteins/EOG091G03SE.faa.2 for reading
INFO	[hmmsearch]	Error: Failed to open sequence file /home/working/run_P_xenopodis_long/augustus_output/extracted_proteins/EOG091G0B27.faa.1 for reading
INFO	[hmmsearch]	Error: Failed to open sequence file /home/working/run_P_xenopodis_long/augustus_output/extracted_proteins/EOG091G05EU.faa.1 for reading
INFO	[hmmsearch]	Error: Failed to open sequence file /home/working/run_P_xenopodis_long/augustus_output/extracted_proteins/EOG091G0M0T.faa.2 for reading
INFO	[hmmsearch]	Error: Failed to open sequence file /home/working/run_P_xenopodis_long/augustus_output/extracted_proteins/EOG091G0SV1.faa.2 for reading
INFO	[hmmsearch]	Error: Failed to open sequence file /home/working/run_P_xenopodis_long/augustus_output/extracted_proteins/EOG091G0QCX.faa.1 for reading
INFO	[hmmsearch]	Error: Failed to open sequence file /home/working/run_P_xenopodis_long/augustus_output/extracted_proteins/EOG091G0NNO.faa.1 for reading
INFO	[hmmsearch]	Error: Failed to open sequence file /home/working/run_P_xenopodis_long/augustus_output/extracted_proteins/EOG091G0FH3.faa.1 for reading
INFO	[hmmsearch]	Error: Failed to open sequence file /home/working/run_P_xenopodis_long/augustus_output/extracted_proteins/EOG091G03I1.faa.3 for reading
INFO	[hmmsearch]	Error: Failed to open sequence file /home/working/run_P_xenopodis_long/augustus_output/extracted_proteins/EOG091G05OR.faa.1 for reading
INFO	[hmmsearch]	Error: Failed to open sequence file /home/working/run_P_xenopodis_long/augustus_output/extracted_proteins/EOG091G0PNO.faa.1 for reading
INFO	[hmmsearch]	Error: Failed to open sequence file /home/working/run_P_xenopodis_long/augustus_output/extracted_proteins/EOG091G08D1.faa.2 for reading
INFO	[hmmsearch]	Error: Failed to open sequence file /home/working/run_P_xenopodis_long/augustus_output/extracted_proteins/EOG091G075K.faa.1 for reading
INFO	[hmmsearch]	Error: Failed to open sequence file /home/working/run_P_xenopodis_long/augustus_output/extracted_proteins/EOG091G0WCB.faa.1 for reading
INFO	[hmmsearch]	Error: Failed to open sequence file /home/working/run_P_xenopodis_long/augustus_output/extracted_proteins/EOG091G0MMY.faa.1 for reading
INFO	[hmmsearch]	Error: Failed to open sequence file /home/working/run_P_xenopodis_long/augustus_output/extracted_proteins/EOG091G14DH.faa.2 for reading
INFO	[hmmsearch]	Error: Failed to open sequence file /home/working/run_P_xenopodis_long/augustus_output/extracted_proteins/EOG091G0IRO.faa.2 for reading
INFO	[hmmsearch]	Error: Failed to open sequence file /home/working/run_P_xenopodis_long/augustus_output/extracted_proteins/EOG091G0QW9.faa.1 for reading
INFO	[hmmsearch]	Error: Failed to open sequence file /home/working/run_P_xenopodis_long/augustus_output/extracted_proteins/EOG091G0R3S.faa.1 for reading
INFO	[hmmsearch]	243 of 607 task(s) completed at 12/09/2018 18:11:23
INFO	[hmmsearch]	Error: Failed to open sequence file /home/working/run_P_xenopodis_long/augustus_output/extracted_proteins/EOG091G02VO.faa.1 for reading
INFO	[hmmsearch]	Error: Failed to open sequence file /home/working/run_P_xenopodis_long/augustus_output/extracted_proteins/EOG091G081H.faa.1 for reading
INFO	[hmmsearch]	Error: Failed to open sequence file /home/working/run_P_xenopodis_long/augustus_output/extracted_proteins/EOG091G0Q58.faa.1 for reading
INFO	[hmmsearch]	Error: Failed to open sequence file /home/working/run_P_xenopodis_long/augustus_output/extracted_proteins/EOG091G0KEQ.faa.1 for reading
INFO	[hmmsearch]	Error: Failed to open sequence file /home/working/run_P_xenopodis_long/augustus_output/extracted_proteins/EOG091G0TM2.faa.1 for reading
INFO	[hmmsearch]	Error: Failed to open sequence file /home/working/run_P_xenopodis_long/augustus_output/extracted_proteins/EOG091G038T.faa.1 for reading
INFO	[hmmsearch]	Error: Failed to open sequence file /home/working/run_P_xenopodis_long/augustus_output/extracted_proteins/EOG091G0VSZ.faa.1 for reading
INFO	[hmmsearch]	Error: Failed to open sequence file /home/working/run_P_xenopodis_long/augustus_output/extracted_proteins/EOG091G0AYM.faa.2 for reading
INFO	[hmmsearch]	Error: Failed to open sequence file /home/working/run_P_xenopodis_long/augustus_output/extracted_proteins/EOG091G0D8I.faa.2 for reading
INFO	[hmmsearch]	Error: Failed to open sequence file /home/working/run_P_xenopodis_long/augustus_output/extracted_proteins/EOG091G0DPL.faa.1 for reading
INFO	[hmmsearch]	Error: Failed to open sequence file /home/working/run_P_xenopodis_long/augustus_output/extracted_proteins/EOG091G0WPV.faa.1 for reading
INFO	[hmmsearch]	Error: Failed to open sequence file /home/working/run_P_xenopodis_long/augustus_output/extracted_proteins/EOG091G0A79.faa.1 for reading
INFO	[hmmsearch]	Error: Failed to open sequence file /home/working/run_P_xenopodis_long/augustus_output/extracted_proteins/EOG091G04CK.faa.1 for reading
INFO	[hmmsearch]	Error: Failed to open sequence file /home/working/run_P_xenopodis_long/augustus_output/extracted_proteins/EOG091G0KNT.faa.2 for reading
INFO	[hmmsearch]	Error: Failed to open sequence file /home/working/run_P_xenopodis_long/augustus_output/extracted_proteins/EOG091G0AU6.faa.1 for reading
INFO	[hmmsearch]	Error: Failed to open sequence file /home/working/run_P_xenopodis_long/augustus_output/extracted_proteins/EOG091G0HZK.faa.1 for reading
INFO	[hmmsearch]	Error: Failed to open sequence file /home/working/run_P_xenopodis_long/augustus_output/extracted_proteins/EOG091G0SBR.faa.1 for reading
INFO	[hmmsearch]	Error: Failed to open sequence file /home/working/run_P_xenopodis_long/augustus_output/extracted_proteins/EOG091G0J61.faa.1 for reading
INFO	[hmmsearch]	Error: Failed to open sequence file /home/working/run_P_xenopodis_long/augustus_output/extracted_proteins/EOG091G0FIJ.faa.1 for reading
INFO	[hmmsearch]	Error: Failed to open sequence file /home/working/run_P_xenopodis_long/augustus_output/extracted_proteins/EOG091G07PR.faa.2 for reading
INFO	[hmmsearch]	Error: Failed to open sequence file /home/working/run_P_xenopodis_long/augustus_output/extracted_proteins/EOG091G0QBN.faa.1 for reading
INFO	[hmmsearch]	Error: Failed to open sequence file /home/working/run_P_xenopodis_long/augustus_output/extracted_proteins/EOG091G0IF3.faa.2 for reading
INFO	[hmmsearch]	Error: Failed to open sequence file /home/working/run_P_xenopodis_long/augustus_output/extracted_proteins/EOG091G0HSB.faa.1 for reading
INFO	[hmmsearch]	Error: Failed to open sequence file /home/working/run_P_xenopodis_long/augustus_output/extracted_proteins/EOG091G05K5.faa.1 for reading
INFO	[hmmsearch]	Error: Failed to open sequence file /home/working/run_P_xenopodis_long/augustus_output/extracted_proteins/EOG091G06EF.faa.2 for reading
INFO	[hmmsearch]	Error: Failed to open sequence file /home/working/run_P_xenopodis_long/augustus_output/extracted_proteins/EOG091G0G71.faa.1 for reading
INFO	[hmmsearch]	Error: Failed to open sequence file /home/working/run_P_xenopodis_long/augustus_output/extracted_proteins/EOG091G06LW.faa.1 for reading
INFO	[hmmsearch]	Error: Failed to open sequence file /home/working/run_P_xenopodis_long/augustus_output/extracted_proteins/EOG091G0RWW.faa.1 for reading
INFO	[hmmsearch]	Error: Failed to open sequence file /home/working/run_P_xenopodis_long/augustus_output/extracted_proteins/EOG091G0UZ0.faa.1 for reading
INFO	[hmmsearch]	Error: Failed to open sequence file /home/working/run_P_xenopodis_long/augustus_output/extracted_proteins/EOG091G0ITS.faa.1 for reading
INFO	[hmmsearch]	Error: Failed to open sequence file /home/working/run_P_xenopodis_long/augustus_output/extracted_proteins/EOG091G0EVK.faa.1 for reading
INFO	[hmmsearch]	Error: Failed to open sequence file /home/working/run_P_xenopodis_long/augustus_output/extracted_proteins/EOG091G0UYL.faa.1 for reading
INFO	[hmmsearch]	Error: Failed to open sequence file /home/working/run_P_xenopodis_long/augustus_output/extracted_proteins/EOG091G09MU.faa.1 for reading
INFO	[hmmsearch]	Error: Failed to open sequence file /home/working/run_P_xenopodis_long/augustus_output/extracted_proteins/EOG091G07S9.faa.1 for reading
INFO	[hmmsearch]	Error: Failed to open sequence file /home/working/run_P_xenopodis_long/augustus_output/extracted_proteins/EOG091G09MD.faa.1 for reading
INFO	[hmmsearch]	Error: Failed to open sequence file /home/working/run_P_xenopodis_long/augustus_output/extracted_proteins/EOG091G09Q2.faa.2 for reading
INFO	[hmmsearch]	304 of 607 task(s) completed at 12/09/2018 18:11:24
INFO	[hmmsearch]	Error: Failed to open sequence file /home/working/run_P_xenopodis_long/augustus_output/extracted_proteins/EOG091G0TCJ.faa.1 for reading
INFO	[hmmsearch]	Error: Failed to open sequence file /home/working/run_P_xenopodis_long/augustus_output/extracted_proteins/EOG091G03PD.faa.1 for reading
INFO	[hmmsearch]	Error: Failed to open sequence file /home/working/run_P_xenopodis_long/augustus_output/extracted_proteins/EOG091G0I2Z.faa.1 for reading
INFO	[hmmsearch]	Error: Failed to open sequence file /home/working/run_P_xenopodis_long/augustus_output/extracted_proteins/EOG091G0JBZ.faa.1 for reading
INFO	[hmmsearch]	Error: Failed to open sequence file /home/working/run_P_xenopodis_long/augustus_output/extracted_proteins/EOG091G0J14.faa.1 for reading
INFO	[hmmsearch]	Error: Failed to open sequence file /home/working/run_P_xenopodis_long/augustus_output/extracted_proteins/EOG091G0DBF.faa.1 for reading
INFO	[hmmsearch]	Error: Failed to open sequence file /home/working/run_P_xenopodis_long/augustus_output/extracted_proteins/EOG091G0CFP.faa.1 for reading
INFO	[hmmsearch]	Error: Failed to open sequence file /home/working/run_P_xenopodis_long/augustus_output/extracted_proteins/EOG091G0CFP.faa.3 for reading
INFO	[hmmsearch]	Error: Failed to open sequence file /home/working/run_P_xenopodis_long/augustus_output/extracted_proteins/EOG091G0AQA.faa.1 for reading
INFO	[hmmsearch]	Error: Failed to open sequence file /home/working/run_P_xenopodis_long/augustus_output/extracted_proteins/EOG091G0RPE.faa.1 for reading
INFO	[hmmsearch]	Error: Failed to open sequence file /home/working/run_P_xenopodis_long/augustus_output/extracted_proteins/EOG091G0H3D.faa.2 for reading
INFO	[hmmsearch]	Error: Failed to open sequence file /home/working/run_P_xenopodis_long/augustus_output/extracted_proteins/EOG091G06U0.faa.1 for reading
INFO	[hmmsearch]	Error: Failed to open sequence file /home/working/run_P_xenopodis_long/augustus_output/extracted_proteins/EOG091G0IXA.faa.1 for reading
INFO	[hmmsearch]	Error: Failed to open sequence file /home/working/run_P_xenopodis_long/augustus_output/extracted_proteins/EOG091G00GM.faa.1 for reading
INFO	[hmmsearch]	Error: Failed to open sequence file /home/working/run_P_xenopodis_long/augustus_output/extracted_proteins/EOG091G10SA.faa.1 for reading
INFO	[hmmsearch]	Error: Failed to open sequence file /home/working/run_P_xenopodis_long/augustus_output/extracted_proteins/EOG091G057L.faa.1 for reading
INFO	[hmmsearch]	Error: Failed to open sequence file /home/working/run_P_xenopodis_long/augustus_output/extracted_proteins/EOG091G0G8R.faa.1 for reading
INFO	[hmmsearch]	Error: Failed to open sequence file /home/working/run_P_xenopodis_long/augustus_output/extracted_proteins/EOG091G0G8R.faa.3 for reading
INFO	[hmmsearch]	Error: Failed to open sequence file /home/working/run_P_xenopodis_long/augustus_output/extracted_proteins/EOG091G0R21.faa.1 for reading
INFO	[hmmsearch]	Error: Failed to open sequence file /home/working/run_P_xenopodis_long/augustus_output/extracted_proteins/EOG091G0C6I.faa.1 for reading
INFO	[hmmsearch]	Error: Failed to open sequence file /home/working/run_P_xenopodis_long/augustus_output/extracted_proteins/EOG091G0EH8.faa.3 for reading
INFO	[hmmsearch]	Error: Failed to open sequence file /home/working/run_P_xenopodis_long/augustus_output/extracted_proteins/EOG091G02WU.faa.2 for reading
INFO	[hmmsearch]	Error: Failed to open sequence file /home/working/run_P_xenopodis_long/augustus_output/extracted_proteins/EOG091G0KC3.faa.2 for reading
INFO	[hmmsearch]	Error: Failed to open sequence file /home/working/run_P_xenopodis_long/augustus_output/extracted_proteins/EOG091G01GC.faa.1 for reading
INFO	[hmmsearch]	Error: Failed to open sequence file /home/working/run_P_xenopodis_long/augustus_output/extracted_proteins/EOG091G06OP.faa.1 for reading
INFO	[hmmsearch]	Error: Failed to open sequence file /home/working/run_P_xenopodis_long/augustus_output/extracted_proteins/EOG091G0N2F.faa.1 for reading
INFO	[hmmsearch]	Error: Failed to open sequence file /home/working/run_P_xenopodis_long/augustus_output/extracted_proteins/EOG091G0DYW.faa.1 for reading
INFO	[hmmsearch]	Error: Failed to open sequence file /home/working/run_P_xenopodis_long/augustus_output/extracted_proteins/EOG091G0YBP.faa.2 for reading
INFO	[hmmsearch]	Error: Failed to open sequence file /home/working/run_P_xenopodis_long/augustus_output/extracted_proteins/EOG091G0N9D.faa.1 for reading
INFO	[hmmsearch]	Error: Failed to open sequence file /home/working/run_P_xenopodis_long/augustus_output/extracted_proteins/EOG091G0PEI.faa.1 for reading
INFO	[hmmsearch]	Error: Failed to open sequence file /home/working/run_P_xenopodis_long/augustus_output/extracted_proteins/EOG091G0DTE.faa.2 for reading
INFO	[hmmsearch]	Error: Failed to open sequence file /home/working/run_P_xenopodis_long/augustus_output/extracted_proteins/EOG091G0COC.faa.1 for reading
INFO	[hmmsearch]	Error: Failed to open sequence file /home/working/run_P_xenopodis_long/augustus_output/extracted_proteins/EOG091G03XO.faa.1 for reading
INFO	[hmmsearch]	Error: Failed to open sequence file /home/working/run_P_xenopodis_long/augustus_output/extracted_proteins/EOG091G0DYU.faa.1 for reading
INFO	[hmmsearch]	Error: Failed to open sequence file /home/working/run_P_xenopodis_long/augustus_output/extracted_proteins/EOG091G031X.faa.2 for reading
INFO	[hmmsearch]	Error: Failed to open sequence file /home/working/run_P_xenopodis_long/augustus_output/extracted_proteins/EOG091G026I.faa.2 for reading
INFO	[hmmsearch]	Error: Failed to open sequence file /home/working/run_P_xenopodis_long/augustus_output/extracted_proteins/EOG091G0GBB.faa.1 for reading
INFO	[hmmsearch]	Error: Failed to open sequence file /home/working/run_P_xenopodis_long/augustus_output/extracted_proteins/EOG091G0LCK.faa.1 for reading
INFO	[hmmsearch]	365 of 607 task(s) completed at 12/09/2018 18:11:24
INFO	[hmmsearch]	Error: Failed to open sequence file /home/working/run_P_xenopodis_long/augustus_output/extracted_proteins/EOG091G0XYP.faa.2 for reading
INFO	[hmmsearch]	Error: Failed to open sequence file /home/working/run_P_xenopodis_long/augustus_output/extracted_proteins/EOG091G0KR3.faa.1 for reading
INFO	[hmmsearch]	Error: Failed to open sequence file /home/working/run_P_xenopodis_long/augustus_output/extracted_proteins/EOG091G03OT.faa.2 for reading
INFO	[hmmsearch]	Error: Failed to open sequence file /home/working/run_P_xenopodis_long/augustus_output/extracted_proteins/EOG091G00L0.faa.1 for reading
INFO	[hmmsearch]	Error: Failed to open sequence file /home/working/run_P_xenopodis_long/augustus_output/extracted_proteins/EOG091G0TSE.faa.1 for reading
INFO	[hmmsearch]	Error: Failed to open sequence file /home/working/run_P_xenopodis_long/augustus_output/extracted_proteins/EOG091G05ZJ.faa.1 for reading
INFO	[hmmsearch]	Error: Failed to open sequence file /home/working/run_P_xenopodis_long/augustus_output/extracted_proteins/EOG091G0A27.faa.1 for reading
INFO	[hmmsearch]	Error: Failed to open sequence file /home/working/run_P_xenopodis_long/augustus_output/extracted_proteins/EOG091G0A27.faa.3 for reading
INFO	[hmmsearch]	Error: Failed to open sequence file /home/working/run_P_xenopodis_long/augustus_output/extracted_proteins/EOG091G0HS8.faa.1 for reading
INFO	[hmmsearch]	Error: Failed to open sequence file /home/working/run_P_xenopodis_long/augustus_output/extracted_proteins/EOG091G0L3L.faa.1 for reading
INFO	[hmmsearch]	Error: Failed to open sequence file /home/working/run_P_xenopodis_long/augustus_output/extracted_proteins/EOG091G0L3L.faa.3 for reading
INFO	[hmmsearch]	Error: Failed to open sequence file /home/working/run_P_xenopodis_long/augustus_output/extracted_proteins/EOG091G09QO.faa.2 for reading
INFO	[hmmsearch]	Error: Failed to open sequence file /home/working/run_P_xenopodis_long/augustus_output/extracted_proteins/EOG091G074U.faa.1 for reading
INFO	[hmmsearch]	Error: Failed to open sequence file /home/working/run_P_xenopodis_long/augustus_output/extracted_proteins/EOG091G0H6J.faa.2 for reading
INFO	[hmmsearch]	Error: Failed to open sequence file /home/working/run_P_xenopodis_long/augustus_output/extracted_proteins/EOG091G0814.faa.1 for reading
INFO	[hmmsearch]	Error: Failed to open sequence file /home/working/run_P_xenopodis_long/augustus_output/extracted_proteins/EOG091G0OTI.faa.1 for reading
INFO	[hmmsearch]	Error: Failed to open sequence file /home/working/run_P_xenopodis_long/augustus_output/extracted_proteins/EOG091G0GUK.faa.2 for reading
INFO	[hmmsearch]	Error: Failed to open sequence file /home/working/run_P_xenopodis_long/augustus_output/extracted_proteins/EOG091G062X.faa.1 for reading
INFO	[hmmsearch]	Error: Failed to open sequence file /home/working/run_P_xenopodis_long/augustus_output/extracted_proteins/EOG091G0BKX.faa.2 for reading
INFO	[hmmsearch]	Error: Failed to open sequence file /home/working/run_P_xenopodis_long/augustus_output/extracted_proteins/EOG091G0K92.faa.1 for reading
INFO	[hmmsearch]	Error: Failed to open sequence file /home/working/run_P_xenopodis_long/augustus_output/extracted_proteins/EOG091G0OI8.faa.1 for reading
INFO	[hmmsearch]	Error: Failed to open sequence file /home/working/run_P_xenopodis_long/augustus_output/extracted_proteins/EOG091G0JGU.faa.2 for reading
INFO	[hmmsearch]	Error: Failed to open sequence file /home/working/run_P_xenopodis_long/augustus_output/extracted_proteins/EOG091G0K9M.faa.1 for reading
INFO	[hmmsearch]	Error: Failed to open sequence file /home/working/run_P_xenopodis_long/augustus_output/extracted_proteins/EOG091G0YHX.faa.2 for reading
INFO	[hmmsearch]	Error: Failed to open sequence file /home/working/run_P_xenopodis_long/augustus_output/extracted_proteins/EOG091G05AA.faa.1 for reading
INFO	[hmmsearch]	Error: Failed to open sequence file /home/working/run_P_xenopodis_long/augustus_output/extracted_proteins/EOG091G0FJB.faa.1 for reading
INFO	[hmmsearch]	Error: Failed to open sequence file /home/working/run_P_xenopodis_long/augustus_output/extracted_proteins/EOG091G0KUR.faa.1 for reading
INFO	[hmmsearch]	Error: Failed to open sequence file /home/working/run_P_xenopodis_long/augustus_output/extracted_proteins/EOG091G09YB.faa.1 for reading
INFO	[hmmsearch]	Error: Failed to open sequence file /home/working/run_P_xenopodis_long/augustus_output/extracted_proteins/EOG091G0KSX.faa.2 for reading
INFO	[hmmsearch]	Error: Failed to open sequence file /home/working/run_P_xenopodis_long/augustus_output/extracted_proteins/EOG091G0IDP.faa.2 for reading
INFO	[hmmsearch]	Error: Failed to open sequence file /home/working/run_P_xenopodis_long/augustus_output/extracted_proteins/EOG091G02MR.faa.1 for reading
INFO	[hmmsearch]	Error: Failed to open sequence file /home/working/run_P_xenopodis_long/augustus_output/extracted_proteins/EOG091G0BAM.faa.1 for reading
INFO	[hmmsearch]	Error: Failed to open sequence file /home/working/run_P_xenopodis_long/augustus_output/extracted_proteins/EOG091G0PAG.faa.1 for reading
INFO	[hmmsearch]	Error: Failed to open sequence file /home/working/run_P_xenopodis_long/augustus_output/extracted_proteins/EOG091G0CZX.faa.1 for reading
INFO	[hmmsearch]	Error: Failed to open sequence file /home/working/run_P_xenopodis_long/augustus_output/extracted_proteins/EOG091G08JE.faa.1 for reading
INFO	[hmmsearch]	Error: Failed to open sequence file /home/working/run_P_xenopodis_long/augustus_output/extracted_proteins/EOG091G0NQW.faa.1 for reading
INFO	[hmmsearch]	Error: Failed to open sequence file /home/working/run_P_xenopodis_long/augustus_output/extracted_proteins/EOG091G0M0S.faa.2 for reading
INFO	[hmmsearch]	Error: Failed to open sequence file /home/working/run_P_xenopodis_long/augustus_output/extracted_proteins/EOG091G0RI9.faa.1 for reading
INFO	[hmmsearch]	425 of 607 task(s) completed at 12/09/2018 18:11:25
INFO	[hmmsearch]	Error: Failed to open sequence file /home/working/run_P_xenopodis_long/augustus_output/extracted_proteins/EOG091G0X1Z.faa.1 for reading
INFO	[hmmsearch]	Error: Failed to open sequence file /home/working/run_P_xenopodis_long/augustus_output/extracted_proteins/EOG091G036A.faa.2 for reading
INFO	[hmmsearch]	Error: Failed to open sequence file /home/working/run_P_xenopodis_long/augustus_output/extracted_proteins/EOG091G0DQ3.faa.1 for reading
INFO	[hmmsearch]	Error: Failed to open sequence file /home/working/run_P_xenopodis_long/augustus_output/extracted_proteins/EOG091G0QNW.faa.1 for reading
INFO	[hmmsearch]	Error: Failed to open sequence file /home/working/run_P_xenopodis_long/augustus_output/extracted_proteins/EOG091G095O.faa.1 for reading
INFO	[hmmsearch]	Error: Failed to open sequence file /home/working/run_P_xenopodis_long/augustus_output/extracted_proteins/EOG091G0FWS.faa.1 for reading
INFO	[hmmsearch]	Error: Failed to open sequence file /home/working/run_P_xenopodis_long/augustus_output/extracted_proteins/EOG091G0MHM.faa.1 for reading
INFO	[hmmsearch]	Error: Failed to open sequence file /home/working/run_P_xenopodis_long/augustus_output/extracted_proteins/EOG091G03LI.faa.2 for reading
INFO	[hmmsearch]	Error: Failed to open sequence file /home/working/run_P_xenopodis_long/augustus_output/extracted_proteins/EOG091G0II3.faa.1 for reading
INFO	[hmmsearch]	Error: Failed to open sequence file /home/working/run_P_xenopodis_long/augustus_output/extracted_proteins/EOG091G0GWO.faa.1 for reading
INFO	[hmmsearch]	Error: Failed to open sequence file /home/working/run_P_xenopodis_long/augustus_output/extracted_proteins/EOG091G0D04.faa.2 for reading
INFO	[hmmsearch]	Error: Failed to open sequence file /home/working/run_P_xenopodis_long/augustus_output/extracted_proteins/EOG091G0XZC.faa.2 for reading
INFO	[hmmsearch]	Error: Failed to open sequence file /home/working/run_P_xenopodis_long/augustus_output/extracted_proteins/EOG091G0QGZ.faa.1 for reading
INFO	[hmmsearch]	Error: Failed to open sequence file /home/working/run_P_xenopodis_long/augustus_output/extracted_proteins/EOG091G04IK.faa.1 for reading
INFO	[hmmsearch]	Error: Failed to open sequence file /home/working/run_P_xenopodis_long/augustus_output/extracted_proteins/EOG091G0E06.faa.1 for reading
INFO	[hmmsearch]	Error: Failed to open sequence file /home/working/run_P_xenopodis_long/augustus_output/extracted_proteins/EOG091G0LVQ.faa.1 for reading
INFO	[hmmsearch]	Error: Failed to open sequence file /home/working/run_P_xenopodis_long/augustus_output/extracted_proteins/EOG091G05ZE.faa.1 for reading
INFO	[hmmsearch]	Error: Failed to open sequence file /home/working/run_P_xenopodis_long/augustus_output/extracted_proteins/EOG091G0I7M.faa.1 for reading
INFO	[hmmsearch]	Error: Failed to open sequence file /home/working/run_P_xenopodis_long/augustus_output/extracted_proteins/EOG091G0CEW.faa.2 for reading
INFO	[hmmsearch]	Error: Failed to open sequence file /home/working/run_P_xenopodis_long/augustus_output/extracted_proteins/EOG091G0CAR.faa.1 for reading
INFO	[hmmsearch]	Error: Failed to open sequence file /home/working/run_P_xenopodis_long/augustus_output/extracted_proteins/EOG091G0CAR.faa.3 for reading
INFO	[hmmsearch]	Error: Failed to open sequence file /home/working/run_P_xenopodis_long/augustus_output/extracted_proteins/EOG091G024J.faa.1 for reading
INFO	[hmmsearch]	Error: Failed to open sequence file /home/working/run_P_xenopodis_long/augustus_output/extracted_proteins/EOG091G0DXC.faa.2 for reading
INFO	[hmmsearch]	Error: Failed to open sequence file /home/working/run_P_xenopodis_long/augustus_output/extracted_proteins/EOG091G0UB5.faa.1 for reading
INFO	[hmmsearch]	Error: Failed to open sequence file /home/working/run_P_xenopodis_long/augustus_output/extracted_proteins/EOG091G0L5I.faa.1 for reading
INFO	[hmmsearch]	Error: Failed to open sequence file /home/working/run_P_xenopodis_long/augustus_output/extracted_proteins/EOG091G0BKR.faa.3 for reading
INFO	[hmmsearch]	Error: Failed to open sequence file /home/working/run_P_xenopodis_long/augustus_output/extracted_proteins/EOG091G09GA.faa.2 for reading
INFO	[hmmsearch]	Error: Failed to open sequence file /home/working/run_P_xenopodis_long/augustus_output/extracted_proteins/EOG091G0R0A.faa.1 for reading
INFO	[hmmsearch]	Error: Failed to open sequence file /home/working/run_P_xenopodis_long/augustus_output/extracted_proteins/EOG091G0O9D.faa.1 for reading
INFO	[hmmsearch]	Error: Failed to open sequence file /home/working/run_P_xenopodis_long/augustus_output/extracted_proteins/EOG091G0P9B.faa.1 for reading
INFO	[hmmsearch]	Error: Failed to open sequence file /home/working/run_P_xenopodis_long/augustus_output/extracted_proteins/EOG091G0M04.faa.1 for reading
INFO	[hmmsearch]	Error: Failed to open sequence file /home/working/run_P_xenopodis_long/augustus_output/extracted_proteins/EOG091G08O3.faa.1 for reading
INFO	[hmmsearch]	Error: Failed to open sequence file /home/working/run_P_xenopodis_long/augustus_output/extracted_proteins/EOG091G0SGH.faa.1 for reading
INFO	[hmmsearch]	Error: Failed to open sequence file /home/working/run_P_xenopodis_long/augustus_output/extracted_proteins/EOG091G0SGH.faa.3 for reading
INFO	[hmmsearch]	Error: Failed to open sequence file /home/working/run_P_xenopodis_long/augustus_output/extracted_proteins/EOG091G0IX8.faa.2 for reading
INFO	[hmmsearch]	Error: Failed to open sequence file /home/working/run_P_xenopodis_long/augustus_output/extracted_proteins/EOG091G0AI5.faa.1 for reading
INFO	[hmmsearch]	Error: Failed to open sequence file /home/working/run_P_xenopodis_long/augustus_output/extracted_proteins/EOG091G0CTU.faa.1 for reading
INFO	[hmmsearch]	486 of 607 task(s) completed at 12/09/2018 18:11:26
INFO	[hmmsearch]	Error: Failed to open sequence file /home/working/run_P_xenopodis_long/augustus_output/extracted_proteins/EOG091G06I8.faa.2 for reading
INFO	[hmmsearch]	Error: Failed to open sequence file /home/working/run_P_xenopodis_long/augustus_output/extracted_proteins/EOG091G0MLD.faa.1 for reading
INFO	[hmmsearch]	Error: Failed to open sequence file /home/working/run_P_xenopodis_long/augustus_output/extracted_proteins/EOG091G0TZX.faa.2 for reading
INFO	[hmmsearch]	Error: Failed to open sequence file /home/working/run_P_xenopodis_long/augustus_output/extracted_proteins/EOG091G07Z1.faa.1 for reading
INFO	[hmmsearch]	Error: Failed to open sequence file /home/working/run_P_xenopodis_long/augustus_output/extracted_proteins/EOG091G0OUM.faa.1 for reading
INFO	[hmmsearch]	Error: Failed to open sequence file /home/working/run_P_xenopodis_long/augustus_output/extracted_proteins/EOG091G05KR.faa.2 for reading
INFO	[hmmsearch]	Error: Failed to open sequence file /home/working/run_P_xenopodis_long/augustus_output/extracted_proteins/EOG091G126L.faa.1 for reading
INFO	[hmmsearch]	Error: Failed to open sequence file /home/working/run_P_xenopodis_long/augustus_output/extracted_proteins/EOG091G0YUO.faa.3 for reading
INFO	[hmmsearch]	Error: Failed to open sequence file /home/working/run_P_xenopodis_long/augustus_output/extracted_proteins/EOG091G0IUT.faa.2 for reading
INFO	[hmmsearch]	Error: Failed to open sequence file /home/working/run_P_xenopodis_long/augustus_output/extracted_proteins/EOG091G02P2.faa.2 for reading
INFO	[hmmsearch]	Error: Failed to open sequence file /home/working/run_P_xenopodis_long/augustus_output/extracted_proteins/EOG091G0KHF.faa.2 for reading
INFO	[hmmsearch]	Error: Failed to open sequence file /home/working/run_P_xenopodis_long/augustus_output/extracted_proteins/EOG091G08L8.faa.2 for reading
INFO	[hmmsearch]	Error: Failed to open sequence file /home/working/run_P_xenopodis_long/augustus_output/extracted_proteins/EOG091G0CLR.faa.1 for reading
INFO	[hmmsearch]	Error: Failed to open sequence file /home/working/run_P_xenopodis_long/augustus_output/extracted_proteins/EOG091G0R9X.faa.2 for reading
INFO	[hmmsearch]	Error: Failed to open sequence file /home/working/run_P_xenopodis_long/augustus_output/extracted_proteins/EOG091G0VIF.faa.1 for reading
INFO	[hmmsearch]	Error: Failed to open sequence file /home/working/run_P_xenopodis_long/augustus_output/extracted_proteins/EOG091G0495.faa.2 for reading
INFO	[hmmsearch]	Error: Failed to open sequence file /home/working/run_P_xenopodis_long/augustus_output/extracted_proteins/EOG091G09J7.faa.2 for reading
INFO	[hmmsearch]	Error: Failed to open sequence file /home/working/run_P_xenopodis_long/augustus_output/extracted_proteins/EOG091G15KV.faa.1 for reading
INFO	[hmmsearch]	Error: Failed to open sequence file /home/working/run_P_xenopodis_long/augustus_output/extracted_proteins/EOG091G0QZ2.faa.1 for reading
INFO	[hmmsearch]	Error: Failed to open sequence file /home/working/run_P_xenopodis_long/augustus_output/extracted_proteins/EOG091G0EZ8.faa.1 for reading
INFO	[hmmsearch]	Error: Failed to open sequence file /home/working/run_P_xenopodis_long/augustus_output/extracted_proteins/EOG091G0AJ6.faa.1 for reading
INFO	[hmmsearch]	Error: Failed to open sequence file /home/working/run_P_xenopodis_long/augustus_output/extracted_proteins/EOG091G0AE9.faa.2 for reading
INFO	[hmmsearch]	Error: Failed to open sequence file /home/working/run_P_xenopodis_long/augustus_output/extracted_proteins/EOG091G0SB2.faa.2 for reading
INFO	[hmmsearch]	Error: Failed to open sequence file /home/working/run_P_xenopodis_long/augustus_output/extracted_proteins/EOG091G0FQ2.faa.1 for reading
INFO	[hmmsearch]	Error: Failed to open sequence file /home/working/run_P_xenopodis_long/augustus_output/extracted_proteins/EOG091G05NZ.faa.1 for reading
INFO	[hmmsearch]	Error: Failed to open sequence file /home/working/run_P_xenopodis_long/augustus_output/extracted_proteins/EOG091G0HBC.faa.1 for reading
INFO	[hmmsearch]	Error: Failed to open sequence file /home/working/run_P_xenopodis_long/augustus_output/extracted_proteins/EOG091G0AO6.faa.1 for reading
INFO	[hmmsearch]	Error: Failed to open sequence file /home/working/run_P_xenopodis_long/augustus_output/extracted_proteins/EOG091G03RW.faa.2 for reading
INFO	[hmmsearch]	Error: Failed to open sequence file /home/working/run_P_xenopodis_long/augustus_output/extracted_proteins/EOG091G09L6.faa.1 for reading
INFO	[hmmsearch]	Error: Failed to open sequence file /home/working/run_P_xenopodis_long/augustus_output/extracted_proteins/EOG091G08VB.faa.1 for reading
INFO	[hmmsearch]	Error: Failed to open sequence file /home/working/run_P_xenopodis_long/augustus_output/extracted_proteins/EOG091G0HS4.faa.1 for reading
INFO	[hmmsearch]	Error: Failed to open sequence file /home/working/run_P_xenopodis_long/augustus_output/extracted_proteins/EOG091G096V.faa.1 for reading
INFO	[hmmsearch]	Error: Failed to open sequence file /home/working/run_P_xenopodis_long/augustus_output/extracted_proteins/EOG091G065D.faa.1 for reading
INFO	[hmmsearch]	Error: Failed to open sequence file /home/working/run_P_xenopodis_long/augustus_output/extracted_proteins/EOG091G0KRZ.faa.2 for reading
INFO	[hmmsearch]	Error: Failed to open sequence file /home/working/run_P_xenopodis_long/augustus_output/extracted_proteins/EOG091G023Z.faa.1 for reading
INFO	[hmmsearch]	Error: Failed to open sequence file /home/working/run_P_xenopodis_long/augustus_output/extracted_proteins/EOG091G0XVD.faa.1 for reading
INFO	[hmmsearch]	Error: Failed to open sequence file /home/working/run_P_xenopodis_long/augustus_output/extracted_proteins/EOG091G0XVD.faa.3 for reading
INFO	[hmmsearch]	547 of 607 task(s) completed at 12/09/2018 18:11:27
INFO	[hmmsearch]	Error: Failed to open sequence file /home/working/run_P_xenopodis_long/augustus_output/extracted_proteins/EOG091G0GDF.faa.1 for reading
INFO	[hmmsearch]	Error: Failed to open sequence file /home/working/run_P_xenopodis_long/augustus_output/extracted_proteins/EOG091G0GDF.faa.3 for reading
INFO	[hmmsearch]	Error: Failed to open sequence file /home/working/run_P_xenopodis_long/augustus_output/extracted_proteins/EOG091G09KX.faa.1 for reading
INFO	[hmmsearch]	Error: Failed to open sequence file /home/working/run_P_xenopodis_long/augustus_output/extracted_proteins/EOG091G0BQF.faa.1 for reading
INFO	[hmmsearch]	Error: Failed to open sequence file /home/working/run_P_xenopodis_long/augustus_output/extracted_proteins/EOG091G048B.faa.1 for reading
INFO	[hmmsearch]	Error: Failed to open sequence file /home/working/run_P_xenopodis_long/augustus_output/extracted_proteins/EOG091G0XXM.faa.1 for reading
INFO	[hmmsearch]	Error: Failed to open sequence file /home/working/run_P_xenopodis_long/augustus_output/extracted_proteins/EOG091G07EJ.faa.1 for reading
INFO	[hmmsearch]	Error: Failed to open sequence file /home/working/run_P_xenopodis_long/augustus_output/extracted_proteins/EOG091G0C9Y.faa.2 for reading
INFO	[hmmsearch]	Error: Failed to open sequence file /home/working/run_P_xenopodis_long/augustus_output/extracted_proteins/EOG091G06P4.faa.1 for reading
INFO	[hmmsearch]	Error: Failed to open sequence file /home/working/run_P_xenopodis_long/augustus_output/extracted_proteins/EOG091G0CH6.faa.2 for reading
INFO	[hmmsearch]	Error: Failed to open sequence file /home/working/run_P_xenopodis_long/augustus_output/extracted_proteins/EOG091G0L5D.faa.1 for reading
INFO	[hmmsearch]	Error: Failed to open sequence file /home/working/run_P_xenopodis_long/augustus_output/extracted_proteins/EOG091G0UKA.faa.1 for reading
INFO	[hmmsearch]	Error: Failed to open sequence file /home/working/run_P_xenopodis_long/augustus_output/extracted_proteins/EOG091G07N8.faa.2 for reading
INFO	[hmmsearch]	Error: Failed to open sequence file /home/working/run_P_xenopodis_long/augustus_output/extracted_proteins/EOG091G0DQS.faa.1 for reading
INFO	[hmmsearch]	Error: Failed to open sequence file /home/working/run_P_xenopodis_long/augustus_output/extracted_proteins/EOG091G0DXP.faa.2 for reading
INFO	[hmmsearch]	Error: Failed to open sequence file /home/working/run_P_xenopodis_long/augustus_output/extracted_proteins/EOG091G0HJH.faa.3 for reading
INFO	[hmmsearch]	607 of 607 task(s) completed at 12/09/2018 18:11:28
INFO	Results:
INFO	C:9.7%[S:9.4%,D:0.3%],F:11.6%,M:78.7%,n:978
INFO	95 Complete BUSCOs (C)
INFO	92 Complete and single-copy BUSCOs (S)
INFO	3 Complete and duplicated BUSCOs (D)
INFO	113 Fragmented BUSCOs (F)
INFO	770 Missing BUSCOs (M)
INFO	978 Total BUSCO groups searched
INFO	BUSCO analysis done with WARNING(s). Total running time: 8793.336927890778 seconds
INFO	Results written in /home/working/run_P_xenopodis_long/

