
RAxML can't, parse the alignment file as phylip file 
it will now try to parse it as FASTA file


This is the RAxML Master Pthread

This is RAxML Worker Pthread Number: 1

This is RAxML Worker Pthread Number: 2

This is RAxML Worker Pthread Number: 4

This is RAxML Worker Pthread Number: 5

This is RAxML Worker Pthread Number: 3


This is RAxML version 8.2.12 released by Alexandros Stamatakis on May 2018.

With greatly appreciated code contributions by:
Andre Aberer      (HITS)
Simon Berger      (HITS)
Alexey Kozlov     (HITS)
Kassian Kobert    (HITS)
David Dao         (KIT and HITS)
Sarah Lutteropp   (KIT and HITS)
Nick Pattengale   (Sandia)
Wayne Pfeiffer    (SDSC)
Akifumi S. Tanabe (NRIFS)
Charlie Taylor    (UF)


Alignment has 388 distinct alignment patterns

Proportion of gaps and completely undetermined characters in this alignment: 8.37%

RAxML rapid bootstrapping and subsequent ML search

Using 1 distinct models/data partitions with joint branch length optimization



Executing 100 rapid bootstrap inferences and thereafter a thorough ML search 

All free model parameters will be estimated by RAxML
GAMMA model of rate heterogeneity, ML estimate of alpha-parameter

GAMMA Model parameters will be estimated up to an accuracy of 0.1000000000 Log Likelihood units

Partition: 0
Alignment Patterns: 388
Name: No Name Provided
DataType: AA
Substitution Matrix: LG
Using empirical base frequencies




RAxML was called as follows:

raxml -f a -T 6 -m PROTGAMMALGF -p 12345 -x 12345 -# 100 -s ALICUT_EOG091G01WY.clustalo.aln.fasta -n EOG091G01WY.clustalo.aln.ALICUT.LGF 



Time for BS model parameter optimization 0.098575
Bootstrap[0]: Time 0.805800 seconds, bootstrap likelihood -7676.110651, best rearrangement setting 13
Bootstrap[1]: Time 0.670876 seconds, bootstrap likelihood -7737.994222, best rearrangement setting 13
Bootstrap[2]: Time 0.706087 seconds, bootstrap likelihood -7584.486964, best rearrangement setting 12
Bootstrap[3]: Time 0.671857 seconds, bootstrap likelihood -7872.155587, best rearrangement setting 15
Bootstrap[4]: Time 0.670647 seconds, bootstrap likelihood -7489.602794, best rearrangement setting 10
Bootstrap[5]: Time 0.642938 seconds, bootstrap likelihood -7873.266295, best rearrangement setting 10
Bootstrap[6]: Time 0.609976 seconds, bootstrap likelihood -7732.526457, best rearrangement setting 6
Bootstrap[7]: Time 0.626870 seconds, bootstrap likelihood -7576.014438, best rearrangement setting 14
Bootstrap[8]: Time 0.707646 seconds, bootstrap likelihood -7717.233591, best rearrangement setting 5
Bootstrap[9]: Time 0.634089 seconds, bootstrap likelihood -7943.109192, best rearrangement setting 7
Bootstrap[10]: Time 0.589679 seconds, bootstrap likelihood -7750.300418, best rearrangement setting 7
Bootstrap[11]: Time 0.302782 seconds, bootstrap likelihood -7456.985523, best rearrangement setting 5
Bootstrap[12]: Time 0.661154 seconds, bootstrap likelihood -7639.376494, best rearrangement setting 8
Bootstrap[13]: Time 0.692109 seconds, bootstrap likelihood -7694.160288, best rearrangement setting 7
Bootstrap[14]: Time 0.694581 seconds, bootstrap likelihood -7438.387215, best rearrangement setting 12
Bootstrap[15]: Time 0.648225 seconds, bootstrap likelihood -7706.082365, best rearrangement setting 15
Bootstrap[16]: Time 0.681982 seconds, bootstrap likelihood -7518.617270, best rearrangement setting 12
Bootstrap[17]: Time 0.674465 seconds, bootstrap likelihood -7977.138547, best rearrangement setting 12
Bootstrap[18]: Time 0.645305 seconds, bootstrap likelihood -7532.511447, best rearrangement setting 5
Bootstrap[19]: Time 0.628275 seconds, bootstrap likelihood -7601.009886, best rearrangement setting 8
Bootstrap[20]: Time 0.708349 seconds, bootstrap likelihood -7160.597159, best rearrangement setting 10
Bootstrap[21]: Time 0.577295 seconds, bootstrap likelihood -7789.667210, best rearrangement setting 6
Bootstrap[22]: Time 0.630007 seconds, bootstrap likelihood -7608.750331, best rearrangement setting 5
Bootstrap[23]: Time 0.652752 seconds, bootstrap likelihood -7628.431341, best rearrangement setting 7
Bootstrap[24]: Time 0.641849 seconds, bootstrap likelihood -7615.808280, best rearrangement setting 8
Bootstrap[25]: Time 0.636137 seconds, bootstrap likelihood -7491.333361, best rearrangement setting 6
Bootstrap[26]: Time 0.638235 seconds, bootstrap likelihood -7768.722271, best rearrangement setting 12
Bootstrap[27]: Time 0.647579 seconds, bootstrap likelihood -7736.296055, best rearrangement setting 10
Bootstrap[28]: Time 0.659170 seconds, bootstrap likelihood -7845.341922, best rearrangement setting 11
Bootstrap[29]: Time 0.595505 seconds, bootstrap likelihood -7953.268893, best rearrangement setting 12
Bootstrap[30]: Time 0.589738 seconds, bootstrap likelihood -7670.409479, best rearrangement setting 15
Bootstrap[31]: Time 0.644430 seconds, bootstrap likelihood -7799.173090, best rearrangement setting 15
Bootstrap[32]: Time 0.616430 seconds, bootstrap likelihood -7449.406904, best rearrangement setting 6
Bootstrap[33]: Time 0.705361 seconds, bootstrap likelihood -7631.662899, best rearrangement setting 15
Bootstrap[34]: Time 0.670526 seconds, bootstrap likelihood -7722.410086, best rearrangement setting 11
Bootstrap[35]: Time 0.674193 seconds, bootstrap likelihood -7591.811854, best rearrangement setting 8
Bootstrap[36]: Time 0.659583 seconds, bootstrap likelihood -7670.213506, best rearrangement setting 9
Bootstrap[37]: Time 0.641654 seconds, bootstrap likelihood -7279.125602, best rearrangement setting 11
Bootstrap[38]: Time 0.679036 seconds, bootstrap likelihood -8181.643001, best rearrangement setting 8
Bootstrap[39]: Time 0.667309 seconds, bootstrap likelihood -7816.300974, best rearrangement setting 13
Bootstrap[40]: Time 0.619207 seconds, bootstrap likelihood -7441.155048, best rearrangement setting 13
Bootstrap[41]: Time 0.684379 seconds, bootstrap likelihood -7640.572809, best rearrangement setting 10
Bootstrap[42]: Time 0.633052 seconds, bootstrap likelihood -7690.512929, best rearrangement setting 5
Bootstrap[43]: Time 0.286043 seconds, bootstrap likelihood -7685.668305, best rearrangement setting 14
Bootstrap[44]: Time 0.685888 seconds, bootstrap likelihood -7702.003508, best rearrangement setting 10
Bootstrap[45]: Time 0.661750 seconds, bootstrap likelihood -7737.300241, best rearrangement setting 15
Bootstrap[46]: Time 0.635683 seconds, bootstrap likelihood -7738.858837, best rearrangement setting 14
Bootstrap[47]: Time 0.702046 seconds, bootstrap likelihood -7555.720496, best rearrangement setting 8
Bootstrap[48]: Time 0.681502 seconds, bootstrap likelihood -7718.583864, best rearrangement setting 6
Bootstrap[49]: Time 0.631803 seconds, bootstrap likelihood -7559.041614, best rearrangement setting 7
Bootstrap[50]: Time 0.609509 seconds, bootstrap likelihood -7741.537952, best rearrangement setting 7
Bootstrap[51]: Time 0.662876 seconds, bootstrap likelihood -7582.756166, best rearrangement setting 11
Bootstrap[52]: Time 0.656821 seconds, bootstrap likelihood -7705.636300, best rearrangement setting 12
Bootstrap[53]: Time 0.623874 seconds, bootstrap likelihood -7650.897629, best rearrangement setting 8
Bootstrap[54]: Time 0.655214 seconds, bootstrap likelihood -7598.359754, best rearrangement setting 9
Bootstrap[55]: Time 0.615327 seconds, bootstrap likelihood -7457.033914, best rearrangement setting 11
Bootstrap[56]: Time 0.694980 seconds, bootstrap likelihood -7694.947946, best rearrangement setting 5
Bootstrap[57]: Time 0.651593 seconds, bootstrap likelihood -7573.543211, best rearrangement setting 7
Bootstrap[58]: Time 0.650886 seconds, bootstrap likelihood -7799.136655, best rearrangement setting 10
Bootstrap[59]: Time 0.665503 seconds, bootstrap likelihood -7745.170153, best rearrangement setting 9
Bootstrap[60]: Time 0.648831 seconds, bootstrap likelihood -7615.724680, best rearrangement setting 7
Bootstrap[61]: Time 0.625597 seconds, bootstrap likelihood -7875.689356, best rearrangement setting 5
Bootstrap[62]: Time 0.296304 seconds, bootstrap likelihood -7706.322363, best rearrangement setting 11
Bootstrap[63]: Time 0.641232 seconds, bootstrap likelihood -7645.503038, best rearrangement setting 12
Bootstrap[64]: Time 0.621560 seconds, bootstrap likelihood -7871.302136, best rearrangement setting 7
Bootstrap[65]: Time 0.579638 seconds, bootstrap likelihood -7682.329884, best rearrangement setting 5
Bootstrap[66]: Time 0.655279 seconds, bootstrap likelihood -7623.321686, best rearrangement setting 5
Bootstrap[67]: Time 0.618038 seconds, bootstrap likelihood -7644.918270, best rearrangement setting 15
Bootstrap[68]: Time 0.659009 seconds, bootstrap likelihood -8028.227417, best rearrangement setting 11
Bootstrap[69]: Time 0.726962 seconds, bootstrap likelihood -7800.248712, best rearrangement setting 5
Bootstrap[70]: Time 0.660340 seconds, bootstrap likelihood -7471.289495, best rearrangement setting 8
Bootstrap[71]: Time 0.612802 seconds, bootstrap likelihood -7864.958311, best rearrangement setting 10
Bootstrap[72]: Time 0.602019 seconds, bootstrap likelihood -7636.382162, best rearrangement setting 11
Bootstrap[73]: Time 0.723480 seconds, bootstrap likelihood -7584.346755, best rearrangement setting 9
Bootstrap[74]: Time 0.652266 seconds, bootstrap likelihood -7674.731938, best rearrangement setting 5
Bootstrap[75]: Time 0.641663 seconds, bootstrap likelihood -7859.341381, best rearrangement setting 8
Bootstrap[76]: Time 0.616589 seconds, bootstrap likelihood -7761.826394, best rearrangement setting 9
Bootstrap[77]: Time 0.639672 seconds, bootstrap likelihood -7714.012447, best rearrangement setting 11
Bootstrap[78]: Time 0.666098 seconds, bootstrap likelihood -7595.231417, best rearrangement setting 15
Bootstrap[79]: Time 0.647429 seconds, bootstrap likelihood -7499.014532, best rearrangement setting 9
Bootstrap[80]: Time 0.618188 seconds, bootstrap likelihood -7703.968783, best rearrangement setting 15
Bootstrap[81]: Time 0.727960 seconds, bootstrap likelihood -7666.975674, best rearrangement setting 7
Bootstrap[82]: Time 0.572639 seconds, bootstrap likelihood -7662.720572, best rearrangement setting 6
Bootstrap[83]: Time 0.598421 seconds, bootstrap likelihood -7561.004832, best rearrangement setting 10
Bootstrap[84]: Time 0.600277 seconds, bootstrap likelihood -7483.312010, best rearrangement setting 11
Bootstrap[85]: Time 0.647357 seconds, bootstrap likelihood -7991.867520, best rearrangement setting 8
Bootstrap[86]: Time 0.660180 seconds, bootstrap likelihood -7653.405697, best rearrangement setting 7
Bootstrap[87]: Time 0.281552 seconds, bootstrap likelihood -7642.864048, best rearrangement setting 7
Bootstrap[88]: Time 0.631601 seconds, bootstrap likelihood -7869.314789, best rearrangement setting 12
Bootstrap[89]: Time 0.626854 seconds, bootstrap likelihood -7817.403266, best rearrangement setting 10
Bootstrap[90]: Time 0.631061 seconds, bootstrap likelihood -7741.696411, best rearrangement setting 8
Bootstrap[91]: Time 0.593496 seconds, bootstrap likelihood -7452.852503, best rearrangement setting 12
Bootstrap[92]: Time 0.662303 seconds, bootstrap likelihood -7870.754176, best rearrangement setting 13
Bootstrap[93]: Time 0.636097 seconds, bootstrap likelihood -7770.920272, best rearrangement setting 15
Bootstrap[94]: Time 0.660311 seconds, bootstrap likelihood -7965.207549, best rearrangement setting 5
Bootstrap[95]: Time 0.655070 seconds, bootstrap likelihood -7644.038166, best rearrangement setting 5
Bootstrap[96]: Time 0.647608 seconds, bootstrap likelihood -7588.850723, best rearrangement setting 13
Bootstrap[97]: Time 0.592337 seconds, bootstrap likelihood -7728.812510, best rearrangement setting 11
Bootstrap[98]: Time 0.609031 seconds, bootstrap likelihood -8013.573925, best rearrangement setting 6
Bootstrap[99]: Time 0.605576 seconds, bootstrap likelihood -7539.752813, best rearrangement setting 14


Overall Time for 100 Rapid Bootstraps 63.428394 seconds
Average Time per Rapid Bootstrap 0.634284 seconds

Starting ML Search ...

Fast ML optimization finished

Fast ML search Time: 41.473593 seconds

Slow ML Search 0 Likelihood: -7717.588330
Slow ML Search 1 Likelihood: -7717.588330
Slow ML Search 2 Likelihood: -7717.588330
Slow ML Search 3 Likelihood: -7717.588330
Slow ML Search 4 Likelihood: -7717.588330
Slow ML Search 5 Likelihood: -7717.588330
Slow ML Search 6 Likelihood: -7717.588330
Slow ML Search 7 Likelihood: -7717.588330
Slow ML Search 8 Likelihood: -7717.588330
Slow ML Search 9 Likelihood: -7717.588330
Slow ML optimization finished

Slow ML search Time: 15.725992 seconds
Thorough ML search Time: 1.169948 seconds

Final ML Optimization Likelihood: -7717.588330

Model Information:

Model Parameters of Partition 0, Name: No Name Provided, Type of Data: AA
alpha: 2.664067
Tree-Length: 6.328994
rate A <-> R: 0.399182
rate A <-> N: 0.259945
rate A <-> D: 0.371058
rate A <-> C: 2.337364
rate A <-> Q: 0.910775
rate A <-> E: 0.975241
rate A <-> G: 1.940106
rate A <-> H: 0.336984
rate A <-> I: 0.140697
rate A <-> L: 0.371240
rate A <-> K: 0.503815
rate A <-> M: 1.055520
rate A <-> F: 0.238237
rate A <-> P: 1.105868
rate A <-> S: 4.439041
rate A <-> T: 2.009090
rate A <-> W: 0.169702
rate A <-> Y: 0.205613
rate A <-> V: 2.392567
rate R <-> N: 0.706048
rate R <-> D: 0.116398
rate R <-> C: 0.501968
rate R <-> Q: 2.636754
rate R <-> E: 0.341785
rate R <-> G: 0.366408
rate R <-> H: 2.278690
rate R <-> I: 0.119250
rate R <-> L: 0.283449
rate R <-> K: 5.940467
rate R <-> M: 0.454623
rate R <-> F: 0.049508
rate R <-> P: 0.312264
rate R <-> S: 0.805843
rate R <-> T: 0.543695
rate R <-> W: 0.557424
rate R <-> Y: 0.295274
rate R <-> V: 0.160471
rate N <-> D: 4.766737
rate N <-> C: 0.496537
rate N <-> Q: 1.592389
rate N <-> E: 0.508692
rate N <-> G: 1.350015
rate N <-> H: 4.234381
rate N <-> I: 0.179830
rate N <-> L: 0.064256
rate N <-> K: 2.014327
rate N <-> M: 0.348390
rate N <-> F: 0.084068
rate N <-> P: 0.151925
rate N <-> S: 3.764032
rate N <-> T: 1.878729
rate N <-> W: 0.042610
rate N <-> Y: 0.574720
rate N <-> V: 0.078587
rate D <-> C: 0.058743
rate D <-> Q: 0.491483
rate D <-> E: 4.924234
rate D <-> G: 0.793424
rate D <-> H: 0.870603
rate D <-> I: 0.010038
rate D <-> L: 0.014157
rate D <-> K: 0.265711
rate D <-> M: 0.023991
rate D <-> F: 0.016354
rate D <-> P: 0.370412
rate D <-> S: 1.164675
rate D <-> T: 0.399902
rate D <-> W: 0.028068
rate D <-> Y: 0.126872
rate D <-> V: 0.035653
rate C <-> Q: 0.079639
rate C <-> E: 0.003286
rate C <-> G: 0.534566
rate C <-> H: 0.601499
rate C <-> I: 0.301083
rate C <-> L: 0.557800
rate C <-> K: 0.012457
rate C <-> M: 0.839207
rate C <-> F: 1.037881
rate C <-> P: 0.070787
rate C <-> S: 2.614753
rate C <-> T: 1.073780
rate C <-> W: 0.629281
rate C <-> Y: 1.094488
rate C <-> V: 1.839864
rate Q <-> E: 3.876936
rate Q <-> G: 0.251626
rate Q <-> H: 4.520102
rate Q <-> I: 0.068413
rate Q <-> L: 0.546954
rate Q <-> K: 3.037150
rate Q <-> M: 1.570619
rate Q <-> F: 0.033669
rate Q <-> P: 0.586241
rate Q <-> S: 1.149231
rate Q <-> T: 1.014297
rate Q <-> W: 0.221802
rate Q <-> Y: 0.241650
rate Q <-> V: 0.197511
rate E <-> G: 0.327583
rate E <-> H: 0.398044
rate E <-> I: 0.041567
rate E <-> L: 0.065426
rate E <-> K: 1.697022
rate E <-> M: 0.163145
rate E <-> F: 0.017664
rate E <-> P: 0.393844
rate E <-> S: 0.574671
rate E <-> T: 0.567695
rate E <-> W: 0.073107
rate E <-> Y: 0.112720
rate E <-> V: 0.230098
rate G <-> H: 0.292498
rate G <-> I: 0.008174
rate G <-> L: 0.041563
rate G <-> K: 0.278555
rate G <-> M: 0.131033
rate G <-> F: 0.084125
rate G <-> P: 0.184955
rate G <-> S: 1.633930
rate G <-> T: 0.121922
rate G <-> W: 0.252125
rate G <-> Y: 0.051346
rate G <-> V: 0.072026
rate H <-> I: 0.102245
rate H <-> L: 0.343988
rate H <-> K: 0.654763
rate H <-> M: 0.415502
rate H <-> F: 0.640560
rate H <-> P: 0.477834
rate H <-> S: 0.929667
rate H <-> T: 0.548649
rate H <-> W: 0.560661
rate H <-> Y: 4.983361
rate H <-> V: 0.111759
rate I <-> L: 3.892408
rate I <-> K: 0.149373
rate I <-> M: 4.013113
rate I <-> F: 1.044902
rate I <-> P: 0.073509
rate I <-> S: 0.060198
rate I <-> T: 0.970728
rate I <-> W: 0.104854
rate I <-> Y: 0.218350
rate I <-> V: 10.000000
rate L <-> K: 0.129119
rate L <-> M: 5.927594
rate L <-> F: 2.434657
rate L <-> P: 0.233879
rate L <-> S: 0.171176
rate L <-> T: 0.284471
rate L <-> W: 0.581863
rate L <-> Y: 0.281383
rate L <-> V: 1.598956
rate K <-> M: 0.616581
rate K <-> F: 0.022460
rate K <-> P: 0.366530
rate K <-> S: 0.703048
rate K <-> T: 1.067567
rate K <-> W: 0.046864
rate K <-> Y: 0.123890
rate K <-> V: 0.173913
rate M <-> F: 1.689205
rate M <-> P: 0.093763
rate M <-> S: 0.325811
rate M <-> T: 1.897216
rate M <-> W: 0.653740
rate M <-> Y: 0.451968
rate M <-> V: 1.782983
rate F <-> P: 0.088706
rate F <-> S: 0.339765
rate F <-> T: 0.154944
rate F <-> W: 2.307349
rate F <-> Y: 7.328222
rate F <-> V: 0.614777
rate P <-> S: 1.256567
rate P <-> T: 0.536635
rate P <-> W: 0.089332
rate P <-> Y: 0.084151
rate P <-> V: 0.278428
rate S <-> T: 6.077767
rate S <-> W: 0.233693
rate S <-> Y: 0.376132
rate S <-> V: 0.092373
rate T <-> W: 0.132241
rate T <-> Y: 0.230856
rate T <-> V: 2.054781
rate W <-> Y: 2.959699
rate W <-> V: 0.177959
rate Y <-> V: 0.234116

freq pi(A): 0.055473
freq pi(R): 0.044208
freq pi(N): 0.045484
freq pi(D): 0.046334
freq pi(C): 0.017003
freq pi(Q): 0.035707
freq pi(E): 0.064825
freq pi(G): 0.043783
freq pi(H): 0.025292
freq pi(I): 0.071413
freq pi(L): 0.141339
freq pi(K): 0.075027
freq pi(M): 0.028055
freq pi(F): 0.047821
freq pi(P): 0.051647
freq pi(S): 0.068863
freq pi(T): 0.039532
freq pi(W): 0.009352
freq pi(Y): 0.028268
freq pi(V): 0.060574


ML search took 58.389560 secs or 0.016219 hours

Combined Bootstrap and ML search took 121.818682 secs or 0.033839 hours

Drawing Bootstrap Support Values on best-scoring ML tree ...



Found 1 tree in File /in/RAxML_bestTree.EOG091G01WY.clustalo.aln.ALICUT.LGF



Found 1 tree in File /in/RAxML_bestTree.EOG091G01WY.clustalo.aln.ALICUT.LGF

Program execution info written to /in/RAxML_info.EOG091G01WY.clustalo.aln.ALICUT.LGF
All 100 bootstrapped trees written to: /in/RAxML_bootstrap.EOG091G01WY.clustalo.aln.ALICUT.LGF

Best-scoring ML tree written to: /in/RAxML_bestTree.EOG091G01WY.clustalo.aln.ALICUT.LGF

Best-scoring ML tree with support values written to: /in/RAxML_bipartitions.EOG091G01WY.clustalo.aln.ALICUT.LGF

Best-scoring ML tree with support values as branch labels written to: /in/RAxML_bipartitionsBranchLabels.EOG091G01WY.clustalo.aln.ALICUT.LGF

Overall execution time for full ML analysis: 121.821333 secs or 0.033839 hours or 0.001410 days

