--2018-12-16 01:22:13--  http://www.orthodb.org/fasta?query=EOG091G053R&level=33208
Resolving www.orthodb.org (www.orthodb.org)... 167.99.129.42, 2a03:b0c0:3:e0::1b:1
Connecting to www.orthodb.org (www.orthodb.org)|167.99.129.42|:80... connected.
HTTP request sent, awaiting response... 301 Moved Permanently
Location: https://www.orthodb.org/fasta?query=EOG091G053R&level=33208 [following]
--2018-12-16 01:22:13--  https://www.orthodb.org/fasta?query=EOG091G053R&level=33208
Connecting to www.orthodb.org (www.orthodb.org)|167.99.129.42|:443... connected.
HTTP request sent, awaiting response... 200 OK
Length: 442826 (432K) [text/plain]
Saving to: ‘EOG091G053R/EOG091G053R.orthodb.fasta’

     0K .......... .......... .......... .......... .......... 11% 1,19M 0s
    50K .......... .......... .......... .......... .......... 23% 2,25M 0s
   100K .......... .......... .......... .......... .......... 34% 2,27M 0s
   150K .......... .......... .......... .......... .......... 46% 2,30M 0s
   200K .......... .......... .......... .......... .......... 57% 2,50M 0s
   250K .......... .......... .......... .......... .......... 69% 2,36M 0s
   300K .......... .......... .......... .......... .......... 80% 3,26M 0s
   350K .......... .......... .......... .......... .......... 92% 1,87M 0s
   400K .......... .......... .......... ..                   100% 17,9M=0,2s

2018-12-16 01:22:14 (2,24 MB/s) - ‘EOG091G053R/EOG091G053R.orthodb.fasta’ saved [442826/442826]

