
RAxML can't, parse the alignment file as phylip file 
it will now try to parse it as FASTA file


This is the RAxML Master Pthread

This is RAxML Worker Pthread Number: 1


This is RAxML version 8.2.12 released by Alexandros Stamatakis on May 2018.

With greatly appreciated code contributions by:
Andre Aberer      (HITS)
Simon Berger      (HITS)
Alexey Kozlov     (HITS)
Kassian Kobert    (HITS)
David Dao         (KIT and HITS)
Sarah Lutteropp   (KIT and HITS)
Nick Pattengale   (Sandia)
Wayne Pfeiffer    (SDSC)
Akifumi S. Tanabe (NRIFS)
Charlie Taylor    (UF)


Alignment has 80 distinct alignment patterns

Proportion of gaps and completely undetermined characters in this alignment: 21.32%

RAxML rapid bootstrapping and subsequent ML search

Using 1 distinct models/data partitions with joint branch length optimization



Executing 100 rapid bootstrap inferences and thereafter a thorough ML search 

All free model parameters will be estimated by RAxML
GAMMA model of rate heterogeneity, ML estimate of alpha-parameter

GAMMA Model parameters will be estimated up to an accuracy of 0.1000000000 Log Likelihood units

Partition: 0
Alignment Patterns: 80
Name: No Name Provided
DataType: AA
Substitution Matrix: WAG
Using empirical base frequencies




RAxML was called as follows:

raxml -f a -T 2 -m PROTGAMMAWAGF -p 12345 -x 12345 -# 100 -s ALICUT_EOG091G053R.clustalo.aln.fasta -n EOG091G053R.clustalo.aln.ALICUT.WAGF 



Time for BS model parameter optimization 0.014614
Bootstrap[0]: Time 0.302336 seconds, bootstrap likelihood -1096.960051, best rearrangement setting 13
Bootstrap[1]: Time 0.266083 seconds, bootstrap likelihood -1173.213216, best rearrangement setting 13
Bootstrap[2]: Time 0.274256 seconds, bootstrap likelihood -1216.203820, best rearrangement setting 12
Bootstrap[3]: Time 0.232499 seconds, bootstrap likelihood -1203.463405, best rearrangement setting 15
Bootstrap[4]: Time 0.229934 seconds, bootstrap likelihood -1137.399292, best rearrangement setting 10
Bootstrap[5]: Time 0.219253 seconds, bootstrap likelihood -1078.517480, best rearrangement setting 10
Bootstrap[6]: Time 0.220322 seconds, bootstrap likelihood -1076.429650, best rearrangement setting 6
Bootstrap[7]: Time 0.201739 seconds, bootstrap likelihood -1216.467530, best rearrangement setting 14
Bootstrap[8]: Time 0.242810 seconds, bootstrap likelihood -1153.446352, best rearrangement setting 5
Bootstrap[9]: Time 0.178087 seconds, bootstrap likelihood -1120.225528, best rearrangement setting 7
Bootstrap[10]: Time 0.249710 seconds, bootstrap likelihood -1171.454995, best rearrangement setting 7
Bootstrap[11]: Time 0.206012 seconds, bootstrap likelihood -1158.865465, best rearrangement setting 5
Bootstrap[12]: Time 0.228520 seconds, bootstrap likelihood -1162.586473, best rearrangement setting 8
Bootstrap[13]: Time 0.237260 seconds, bootstrap likelihood -1097.204163, best rearrangement setting 7
Bootstrap[14]: Time 0.251356 seconds, bootstrap likelihood -1168.781862, best rearrangement setting 12
Bootstrap[15]: Time 0.223902 seconds, bootstrap likelihood -1101.558738, best rearrangement setting 15
Bootstrap[16]: Time 0.197613 seconds, bootstrap likelihood -1114.367224, best rearrangement setting 12
Bootstrap[17]: Time 0.088874 seconds, bootstrap likelihood -1092.770516, best rearrangement setting 12
Bootstrap[18]: Time 0.217957 seconds, bootstrap likelihood -1144.224907, best rearrangement setting 5
Bootstrap[19]: Time 0.176591 seconds, bootstrap likelihood -1147.665861, best rearrangement setting 8
Bootstrap[20]: Time 0.205583 seconds, bootstrap likelihood -1079.002705, best rearrangement setting 10
Bootstrap[21]: Time 0.229055 seconds, bootstrap likelihood -1136.205696, best rearrangement setting 6
Bootstrap[22]: Time 0.206611 seconds, bootstrap likelihood -1082.795433, best rearrangement setting 5
Bootstrap[23]: Time 0.247877 seconds, bootstrap likelihood -1186.364895, best rearrangement setting 7
Bootstrap[24]: Time 0.263817 seconds, bootstrap likelihood -1225.422791, best rearrangement setting 8
Bootstrap[25]: Time 0.250084 seconds, bootstrap likelihood -1064.023209, best rearrangement setting 6
Bootstrap[26]: Time 0.295780 seconds, bootstrap likelihood -1263.711062, best rearrangement setting 12
Bootstrap[27]: Time 0.208036 seconds, bootstrap likelihood -1067.462092, best rearrangement setting 10
Bootstrap[28]: Time 0.249312 seconds, bootstrap likelihood -1051.742719, best rearrangement setting 11
Bootstrap[29]: Time 0.231660 seconds, bootstrap likelihood -1147.056268, best rearrangement setting 12
Bootstrap[30]: Time 0.202425 seconds, bootstrap likelihood -1146.231769, best rearrangement setting 15
Bootstrap[31]: Time 0.223579 seconds, bootstrap likelihood -1187.471527, best rearrangement setting 15
Bootstrap[32]: Time 0.206309 seconds, bootstrap likelihood -1171.458121, best rearrangement setting 6
Bootstrap[33]: Time 0.246433 seconds, bootstrap likelihood -1084.238558, best rearrangement setting 15
Bootstrap[34]: Time 0.225272 seconds, bootstrap likelihood -1066.801094, best rearrangement setting 11
Bootstrap[35]: Time 0.295467 seconds, bootstrap likelihood -1095.281960, best rearrangement setting 8
Bootstrap[36]: Time 0.249461 seconds, bootstrap likelihood -1175.446279, best rearrangement setting 9
Bootstrap[37]: Time 0.224395 seconds, bootstrap likelihood -1197.101000, best rearrangement setting 11
Bootstrap[38]: Time 0.202320 seconds, bootstrap likelihood -1057.529473, best rearrangement setting 8
Bootstrap[39]: Time 0.217619 seconds, bootstrap likelihood -1177.646007, best rearrangement setting 13
Bootstrap[40]: Time 0.216284 seconds, bootstrap likelihood -1171.597189, best rearrangement setting 13
Bootstrap[41]: Time 0.230089 seconds, bootstrap likelihood -1102.650439, best rearrangement setting 10
Bootstrap[42]: Time 0.215632 seconds, bootstrap likelihood -1180.093157, best rearrangement setting 5
Bootstrap[43]: Time 0.248124 seconds, bootstrap likelihood -1127.883184, best rearrangement setting 14
Bootstrap[44]: Time 0.258829 seconds, bootstrap likelihood -1068.476995, best rearrangement setting 10
Bootstrap[45]: Time 0.234440 seconds, bootstrap likelihood -1238.694699, best rearrangement setting 15
Bootstrap[46]: Time 0.227522 seconds, bootstrap likelihood -1172.649299, best rearrangement setting 14
Bootstrap[47]: Time 0.280019 seconds, bootstrap likelihood -1055.784314, best rearrangement setting 8
Bootstrap[48]: Time 0.230588 seconds, bootstrap likelihood -1106.673807, best rearrangement setting 6
Bootstrap[49]: Time 0.236222 seconds, bootstrap likelihood -1118.328579, best rearrangement setting 7
Bootstrap[50]: Time 0.220548 seconds, bootstrap likelihood -1124.280246, best rearrangement setting 7
Bootstrap[51]: Time 0.230101 seconds, bootstrap likelihood -1205.106545, best rearrangement setting 11
Bootstrap[52]: Time 0.245216 seconds, bootstrap likelihood -1154.772830, best rearrangement setting 12
Bootstrap[53]: Time 0.240559 seconds, bootstrap likelihood -1081.066721, best rearrangement setting 8
Bootstrap[54]: Time 0.283107 seconds, bootstrap likelihood -1189.413868, best rearrangement setting 9
Bootstrap[55]: Time 0.248746 seconds, bootstrap likelihood -1203.939800, best rearrangement setting 11
Bootstrap[56]: Time 0.186797 seconds, bootstrap likelihood -1148.699730, best rearrangement setting 5
Bootstrap[57]: Time 0.272655 seconds, bootstrap likelihood -1171.183517, best rearrangement setting 7
Bootstrap[58]: Time 0.264675 seconds, bootstrap likelihood -1136.835005, best rearrangement setting 10
Bootstrap[59]: Time 0.244146 seconds, bootstrap likelihood -1083.996490, best rearrangement setting 9
Bootstrap[60]: Time 0.213711 seconds, bootstrap likelihood -1106.929627, best rearrangement setting 7
Bootstrap[61]: Time 0.221726 seconds, bootstrap likelihood -1109.201989, best rearrangement setting 5
Bootstrap[62]: Time 0.245421 seconds, bootstrap likelihood -1147.940458, best rearrangement setting 11
Bootstrap[63]: Time 0.259780 seconds, bootstrap likelihood -1113.690906, best rearrangement setting 12
Bootstrap[64]: Time 0.239755 seconds, bootstrap likelihood -1104.088641, best rearrangement setting 7
Bootstrap[65]: Time 0.270315 seconds, bootstrap likelihood -1062.069909, best rearrangement setting 5
Bootstrap[66]: Time 0.265946 seconds, bootstrap likelihood -1021.592486, best rearrangement setting 5
Bootstrap[67]: Time 0.232318 seconds, bootstrap likelihood -1193.598648, best rearrangement setting 15
Bootstrap[68]: Time 0.252616 seconds, bootstrap likelihood -1257.959791, best rearrangement setting 11
Bootstrap[69]: Time 0.243808 seconds, bootstrap likelihood -1132.791331, best rearrangement setting 5
Bootstrap[70]: Time 0.217111 seconds, bootstrap likelihood -1084.019074, best rearrangement setting 8
Bootstrap[71]: Time 0.195115 seconds, bootstrap likelihood -1123.613982, best rearrangement setting 10
Bootstrap[72]: Time 0.226379 seconds, bootstrap likelihood -1108.774736, best rearrangement setting 11
Bootstrap[73]: Time 0.189925 seconds, bootstrap likelihood -978.970809, best rearrangement setting 9
Bootstrap[74]: Time 0.266752 seconds, bootstrap likelihood -1126.851332, best rearrangement setting 5
Bootstrap[75]: Time 0.080986 seconds, bootstrap likelihood -1106.116354, best rearrangement setting 8
Bootstrap[76]: Time 0.198379 seconds, bootstrap likelihood -1159.431197, best rearrangement setting 9
Bootstrap[77]: Time 0.073177 seconds, bootstrap likelihood -1121.686303, best rearrangement setting 11
Bootstrap[78]: Time 0.103135 seconds, bootstrap likelihood -1245.381877, best rearrangement setting 15
Bootstrap[79]: Time 0.248560 seconds, bootstrap likelihood -1024.108312, best rearrangement setting 9
Bootstrap[80]: Time 0.247799 seconds, bootstrap likelihood -1091.396486, best rearrangement setting 15
Bootstrap[81]: Time 0.225966 seconds, bootstrap likelihood -1133.525719, best rearrangement setting 7
Bootstrap[82]: Time 0.221760 seconds, bootstrap likelihood -1148.209533, best rearrangement setting 6
Bootstrap[83]: Time 0.245385 seconds, bootstrap likelihood -1171.814542, best rearrangement setting 10
Bootstrap[84]: Time 0.228488 seconds, bootstrap likelihood -1181.968224, best rearrangement setting 11
Bootstrap[85]: Time 0.267716 seconds, bootstrap likelihood -1175.726109, best rearrangement setting 8
Bootstrap[86]: Time 0.240186 seconds, bootstrap likelihood -1124.947986, best rearrangement setting 7
Bootstrap[87]: Time 0.185492 seconds, bootstrap likelihood -1207.542355, best rearrangement setting 7
Bootstrap[88]: Time 0.214104 seconds, bootstrap likelihood -1209.971801, best rearrangement setting 12
Bootstrap[89]: Time 0.315071 seconds, bootstrap likelihood -1152.761533, best rearrangement setting 10
Bootstrap[90]: Time 0.254514 seconds, bootstrap likelihood -1171.799133, best rearrangement setting 8
Bootstrap[91]: Time 0.242087 seconds, bootstrap likelihood -1118.207188, best rearrangement setting 12
Bootstrap[92]: Time 0.266763 seconds, bootstrap likelihood -1132.466845, best rearrangement setting 13
Bootstrap[93]: Time 0.257784 seconds, bootstrap likelihood -1163.210811, best rearrangement setting 15
Bootstrap[94]: Time 0.095774 seconds, bootstrap likelihood -1239.795180, best rearrangement setting 5
Bootstrap[95]: Time 0.209033 seconds, bootstrap likelihood -1093.875092, best rearrangement setting 5
Bootstrap[96]: Time 0.259061 seconds, bootstrap likelihood -1165.414984, best rearrangement setting 13
Bootstrap[97]: Time 0.340788 seconds, bootstrap likelihood -1203.982275, best rearrangement setting 11
Bootstrap[98]: Time 0.219886 seconds, bootstrap likelihood -1045.142985, best rearrangement setting 6
Bootstrap[99]: Time 0.308602 seconds, bootstrap likelihood -1050.488682, best rearrangement setting 14


Overall Time for 100 Rapid Bootstraps 23.047493 seconds
Average Time per Rapid Bootstrap 0.230475 seconds

Starting ML Search ...

Fast ML optimization finished

Fast ML search Time: 13.342825 seconds

Slow ML Search 0 Likelihood: -1155.957524
Slow ML Search 1 Likelihood: -1155.957524
Slow ML Search 2 Likelihood: -1155.957502
Slow ML Search 3 Likelihood: -1155.957502
Slow ML Search 4 Likelihood: -1155.957502
Slow ML Search 5 Likelihood: -1155.957502
Slow ML Search 6 Likelihood: -1155.957502
Slow ML Search 7 Likelihood: -1155.957502
Slow ML Search 8 Likelihood: -1155.957502
Slow ML Search 9 Likelihood: -1155.957502
Slow ML optimization finished

Slow ML search Time: 3.706423 seconds
Thorough ML search Time: 0.307895 seconds

Final ML Optimization Likelihood: -1155.957507

Model Information:

Model Parameters of Partition 0, Name: No Name Provided, Type of Data: AA
alpha: 2.221630
Tree-Length: 4.419098
rate A <-> R: 0.705217
rate A <-> N: 0.651871
rate A <-> D: 0.944853
rate A <-> C: 1.313132
rate A <-> Q: 1.161697
rate A <-> E: 2.023768
rate A <-> G: 1.811361
rate A <-> H: 0.405245
rate A <-> I: 0.247190
rate A <-> L: 0.508758
rate A <-> K: 1.158714
rate A <-> M: 1.142388
rate A <-> F: 0.269129
rate A <-> P: 1.839272
rate A <-> S: 4.309757
rate A <-> T: 2.711966
rate A <-> W: 0.144647
rate A <-> Y: 0.307794
rate A <-> V: 2.564804
rate R <-> N: 0.812328
rate R <-> D: 0.188337
rate R <-> C: 0.675324
rate R <-> Q: 3.881068
rate R <-> E: 0.561488
rate R <-> G: 0.747529
rate R <-> H: 2.732474
rate R <-> I: 0.239064
rate R <-> L: 0.636302
rate R <-> K: 6.842111
rate R <-> M: 0.873463
rate R <-> F: 0.131322
rate R <-> P: 0.868767
rate R <-> S: 1.565200
rate R <-> T: 0.708850
rate R <-> W: 1.488141
rate R <-> Y: 0.487813
rate R <-> V: 0.322004
rate N <-> D: 6.941838
rate N <-> C: 0.339146
rate N <-> Q: 1.973636
rate N <-> E: 1.211049
rate N <-> G: 1.439096
rate N <-> H: 5.058353
rate N <-> I: 0.708624
rate N <-> L: 0.168166
rate N <-> K: 3.851035
rate N <-> M: 0.253437
rate N <-> F: 0.122949
rate N <-> P: 0.249423
rate N <-> S: 5.081291
rate N <-> T: 2.595553
rate N <-> W: 0.091950
rate N <-> Y: 1.388516
rate N <-> V: 0.250912
rate D <-> C: 0.038734
rate D <-> Q: 0.788594
rate D <-> E: 7.894033
rate D <-> G: 1.106701
rate D <-> H: 1.189925
rate D <-> I: 0.050423
rate D <-> L: 0.108428
rate D <-> K: 0.613523
rate D <-> M: 0.132656
rate D <-> F: 0.059748
rate D <-> P: 0.542089
rate D <-> S: 1.370309
rate D <-> T: 0.479289
rate D <-> W: 0.165915
rate D <-> Y: 0.416441
rate D <-> V: 0.194769
rate C <-> Q: 0.126345
rate C <-> E: 0.027300
rate C <-> G: 0.392101
rate C <-> H: 0.318326
rate C <-> I: 0.217528
rate C <-> L: 0.491334
rate C <-> K: 0.094657
rate C <-> M: 0.499255
rate C <-> F: 0.508892
rate C <-> P: 0.139880
rate C <-> S: 1.799778
rate C <-> T: 0.655881
rate C <-> W: 0.916817
rate C <-> Y: 0.695323
rate C <-> V: 1.281296
rate Q <-> E: 6.993045
rate Q <-> G: 0.421991
rate Q <-> H: 5.490277
rate Q <-> I: 0.145650
rate Q <-> L: 1.111694
rate Q <-> K: 4.979863
rate Q <-> M: 1.975707
rate Q <-> F: 0.127755
rate Q <-> P: 1.193372
rate Q <-> S: 1.315472
rate Q <-> T: 1.096912
rate Q <-> W: 0.275833
rate Q <-> Y: 0.291141
rate Q <-> V: 0.385206
rate E <-> G: 0.725860
rate E <-> H: 0.728811
rate E <-> I: 0.162882
rate E <-> L: 0.197234
rate E <-> K: 3.304348
rate E <-> M: 0.402905
rate E <-> F: 0.103735
rate E <-> P: 0.872432
rate E <-> S: 0.901307
rate E <-> T: 1.051954
rate E <-> W: 0.200167
rate E <-> Y: 0.250985
rate E <-> V: 0.752728
rate G <-> H: 0.318886
rate G <-> I: 0.038932
rate G <-> L: 0.078380
rate G <-> K: 0.477616
rate G <-> M: 0.222597
rate G <-> F: 0.063840
rate G <-> P: 0.311419
rate G <-> S: 1.715597
rate G <-> T: 0.288741
rate G <-> W: 0.430853
rate G <-> Y: 0.132464
rate G <-> V: 0.239406
rate H <-> I: 0.176684
rate H <-> L: 0.638592
rate H <-> K: 1.138471
rate H <-> M: 0.516718
rate H <-> F: 0.868616
rate H <-> P: 0.890131
rate H <-> S: 0.946350
rate H <-> T: 0.605151
rate H <-> W: 0.335710
rate H <-> Y: 4.952425
rate H <-> V: 0.151328
rate I <-> L: 4.054275
rate I <-> K: 0.414039
rate I <-> M: 5.443417
rate I <-> F: 1.354596
rate I <-> P: 0.127765
rate I <-> S: 0.408423
rate I <-> T: 1.864345
rate I <-> W: 0.271672
rate I <-> Y: 0.537212
rate I <-> V: 10.000000
rate L <-> K: 0.329299
rate L <-> M: 6.206155
rate L <-> F: 2.704371
rate L <-> P: 0.531681
rate L <-> S: 0.440769
rate L <-> T: 0.417606
rate L <-> W: 0.850637
rate L <-> Y: 0.509657
rate L <-> V: 2.301842
rate K <-> M: 1.194528
rate K <-> F: 0.113582
rate K <-> P: 0.712025
rate K <-> S: 1.236534
rate K <-> T: 1.773337
rate K <-> W: 0.175808
rate K <-> Y: 0.170386
rate K <-> V: 0.390516
rate M <-> F: 1.522292
rate M <-> P: 0.219054
rate M <-> S: 0.631487
rate M <-> T: 1.938450
rate M <-> W: 0.659361
rate M <-> Y: 0.547782
rate M <-> V: 2.631851
rate F <-> P: 0.206416
rate F <-> S: 0.698005
rate F <-> T: 0.219788
rate F <-> W: 1.955736
rate F <-> Y: 8.252183
rate F <-> V: 0.830926
rate P <-> S: 2.062675
rate P <-> T: 1.016946
rate P <-> W: 0.178238
rate P <-> Y: 0.276228
rate P <-> V: 0.402602
rate S <-> T: 5.597561
rate S <-> W: 0.669635
rate S <-> Y: 1.006218
rate S <-> V: 0.297571
rate T <-> W: 0.141746
rate T <-> Y: 0.372250
rate T <-> V: 1.774935
rate W <-> Y: 3.177720
rate W <-> V: 0.467146
rate Y <-> V: 0.402401

freq pi(A): 0.061898
freq pi(R): 0.019257
freq pi(N): 0.044017
freq pi(D): 0.057772
freq pi(C): 0.035763
freq pi(Q): 0.019257
freq pi(E): 0.037139
freq pi(G): 0.074278
freq pi(H): 0.033012
freq pi(I): 0.079780
freq pi(L): 0.118294
freq pi(K): 0.085282
freq pi(M): 0.027510
freq pi(F): 0.046768
freq pi(P): 0.024759
freq pi(S): 0.064649
freq pi(T): 0.045392
freq pi(W): 0.026135
freq pi(Y): 0.019257
freq pi(V): 0.079780


ML search took 17.379987 secs or 0.004828 hours

Combined Bootstrap and ML search took 40.427719 secs or 0.011230 hours

Drawing Bootstrap Support Values on best-scoring ML tree ...



Found 1 tree in File /in/RAxML_bestTree.EOG091G053R.clustalo.aln.ALICUT.WAGF



Found 1 tree in File /in/RAxML_bestTree.EOG091G053R.clustalo.aln.ALICUT.WAGF

Program execution info written to /in/RAxML_info.EOG091G053R.clustalo.aln.ALICUT.WAGF
All 100 bootstrapped trees written to: /in/RAxML_bootstrap.EOG091G053R.clustalo.aln.ALICUT.WAGF

Best-scoring ML tree written to: /in/RAxML_bestTree.EOG091G053R.clustalo.aln.ALICUT.WAGF

Best-scoring ML tree with support values written to: /in/RAxML_bipartitions.EOG091G053R.clustalo.aln.ALICUT.WAGF

Best-scoring ML tree with support values as branch labels written to: /in/RAxML_bipartitionsBranchLabels.EOG091G053R.clustalo.aln.ALICUT.WAGF

Overall execution time for full ML analysis: 40.429589 secs or 0.011230 hours or 0.000468 days

