
RAxML can't, parse the alignment file as phylip file 
it will now try to parse it as FASTA file


This is the RAxML Master Pthread

This is RAxML Worker Pthread Number: 1


This is RAxML version 8.2.12 released by Alexandros Stamatakis on May 2018.

With greatly appreciated code contributions by:
Andre Aberer      (HITS)
Simon Berger      (HITS)
Alexey Kozlov     (HITS)
Kassian Kobert    (HITS)
David Dao         (KIT and HITS)
Sarah Lutteropp   (KIT and HITS)
Nick Pattengale   (Sandia)
Wayne Pfeiffer    (SDSC)
Akifumi S. Tanabe (NRIFS)
Charlie Taylor    (UF)


Alignment has 83 distinct alignment patterns

Proportion of gaps and completely undetermined characters in this alignment: 2.44%

RAxML rapid bootstrapping and subsequent ML search

Using 1 distinct models/data partitions with joint branch length optimization



Executing 100 rapid bootstrap inferences and thereafter a thorough ML search 

All free model parameters will be estimated by RAxML
GAMMA model of rate heterogeneity, ML estimate of alpha-parameter

GAMMA Model parameters will be estimated up to an accuracy of 0.1000000000 Log Likelihood units

Partition: 0
Alignment Patterns: 83
Name: No Name Provided
DataType: AA
Substitution Matrix: WAG
Using empirical base frequencies




RAxML was called as follows:

raxml -f a -T 2 -m PROTGAMMAWAGF -p 12345 -x 12345 -# 100 -s ALICUT_EOG091G0Y05.clustalo.aln.fasta -n EOG091G0Y05.clustalo.aln.ALICUT.WAGF 



Time for BS model parameter optimization 0.016513
Bootstrap[0]: Time 0.359497 seconds, bootstrap likelihood -1642.663352, best rearrangement setting 13
Bootstrap[1]: Time 0.337904 seconds, bootstrap likelihood -1698.190084, best rearrangement setting 13
Bootstrap[2]: Time 0.365947 seconds, bootstrap likelihood -1698.718762, best rearrangement setting 12
Bootstrap[3]: Time 0.333934 seconds, bootstrap likelihood -1810.884544, best rearrangement setting 15
Bootstrap[4]: Time 0.339396 seconds, bootstrap likelihood -1670.892569, best rearrangement setting 10
Bootstrap[5]: Time 0.300187 seconds, bootstrap likelihood -1747.723479, best rearrangement setting 10
Bootstrap[6]: Time 0.295112 seconds, bootstrap likelihood -1521.216452, best rearrangement setting 6
Bootstrap[7]: Time 0.283214 seconds, bootstrap likelihood -1584.506363, best rearrangement setting 14
Bootstrap[8]: Time 0.291483 seconds, bootstrap likelihood -1672.270240, best rearrangement setting 5
Bootstrap[9]: Time 0.303080 seconds, bootstrap likelihood -1713.033057, best rearrangement setting 7
Bootstrap[10]: Time 0.366027 seconds, bootstrap likelihood -1618.634453, best rearrangement setting 7
Bootstrap[11]: Time 0.399317 seconds, bootstrap likelihood -1723.447869, best rearrangement setting 5
Bootstrap[12]: Time 0.313571 seconds, bootstrap likelihood -1778.546460, best rearrangement setting 8
Bootstrap[13]: Time 0.313321 seconds, bootstrap likelihood -1692.564628, best rearrangement setting 7
Bootstrap[14]: Time 0.309953 seconds, bootstrap likelihood -1696.110239, best rearrangement setting 12
Bootstrap[15]: Time 0.279442 seconds, bootstrap likelihood -1579.818646, best rearrangement setting 15
Bootstrap[16]: Time 0.304441 seconds, bootstrap likelihood -1701.764106, best rearrangement setting 12
Bootstrap[17]: Time 0.288183 seconds, bootstrap likelihood -1699.360891, best rearrangement setting 12
Bootstrap[18]: Time 0.364986 seconds, bootstrap likelihood -1746.685827, best rearrangement setting 5
Bootstrap[19]: Time 0.314050 seconds, bootstrap likelihood -1557.696913, best rearrangement setting 8
Bootstrap[20]: Time 0.307087 seconds, bootstrap likelihood -1766.910330, best rearrangement setting 10
Bootstrap[21]: Time 0.297044 seconds, bootstrap likelihood -1681.319773, best rearrangement setting 6
Bootstrap[22]: Time 0.375273 seconds, bootstrap likelihood -1757.896900, best rearrangement setting 5
Bootstrap[23]: Time 0.334691 seconds, bootstrap likelihood -1895.151657, best rearrangement setting 7
Bootstrap[24]: Time 0.331134 seconds, bootstrap likelihood -1768.908414, best rearrangement setting 8
Bootstrap[25]: Time 0.355788 seconds, bootstrap likelihood -1755.883908, best rearrangement setting 6
Bootstrap[26]: Time 0.350866 seconds, bootstrap likelihood -1676.200522, best rearrangement setting 12
Bootstrap[27]: Time 0.328045 seconds, bootstrap likelihood -1666.259191, best rearrangement setting 10
Bootstrap[28]: Time 0.309862 seconds, bootstrap likelihood -1757.197945, best rearrangement setting 11
Bootstrap[29]: Time 0.329200 seconds, bootstrap likelihood -1677.168808, best rearrangement setting 12
Bootstrap[30]: Time 0.272120 seconds, bootstrap likelihood -1673.301374, best rearrangement setting 15
Bootstrap[31]: Time 0.319004 seconds, bootstrap likelihood -1664.366687, best rearrangement setting 15
Bootstrap[32]: Time 0.341920 seconds, bootstrap likelihood -1743.112002, best rearrangement setting 6
Bootstrap[33]: Time 0.326180 seconds, bootstrap likelihood -1609.420652, best rearrangement setting 15
Bootstrap[34]: Time 0.311308 seconds, bootstrap likelihood -1520.033651, best rearrangement setting 11
Bootstrap[35]: Time 0.298317 seconds, bootstrap likelihood -1809.726323, best rearrangement setting 8
Bootstrap[36]: Time 0.324938 seconds, bootstrap likelihood -1790.966677, best rearrangement setting 9
Bootstrap[37]: Time 0.301195 seconds, bootstrap likelihood -1690.257871, best rearrangement setting 11
Bootstrap[38]: Time 0.407123 seconds, bootstrap likelihood -1722.444246, best rearrangement setting 8
Bootstrap[39]: Time 0.392090 seconds, bootstrap likelihood -1607.981809, best rearrangement setting 13
Bootstrap[40]: Time 0.390066 seconds, bootstrap likelihood -1678.954729, best rearrangement setting 13
Bootstrap[41]: Time 0.366716 seconds, bootstrap likelihood -1672.294012, best rearrangement setting 10
Bootstrap[42]: Time 0.354085 seconds, bootstrap likelihood -1626.933247, best rearrangement setting 5
Bootstrap[43]: Time 0.380117 seconds, bootstrap likelihood -1645.439042, best rearrangement setting 14
Bootstrap[44]: Time 0.337124 seconds, bootstrap likelihood -1770.944169, best rearrangement setting 10
Bootstrap[45]: Time 0.345813 seconds, bootstrap likelihood -1638.809652, best rearrangement setting 15
Bootstrap[46]: Time 0.283213 seconds, bootstrap likelihood -1579.550372, best rearrangement setting 14
Bootstrap[47]: Time 0.295820 seconds, bootstrap likelihood -1731.774051, best rearrangement setting 8
Bootstrap[48]: Time 0.398920 seconds, bootstrap likelihood -1735.485697, best rearrangement setting 6
Bootstrap[49]: Time 0.455133 seconds, bootstrap likelihood -1462.452260, best rearrangement setting 7
Bootstrap[50]: Time 0.444018 seconds, bootstrap likelihood -1524.939805, best rearrangement setting 7
Bootstrap[51]: Time 0.343748 seconds, bootstrap likelihood -1732.923200, best rearrangement setting 11
Bootstrap[52]: Time 0.298221 seconds, bootstrap likelihood -1634.064817, best rearrangement setting 12
Bootstrap[53]: Time 0.344752 seconds, bootstrap likelihood -1503.295460, best rearrangement setting 8
Bootstrap[54]: Time 0.366404 seconds, bootstrap likelihood -1851.832752, best rearrangement setting 9
Bootstrap[55]: Time 0.329028 seconds, bootstrap likelihood -1625.313020, best rearrangement setting 11
Bootstrap[56]: Time 0.304600 seconds, bootstrap likelihood -1861.598637, best rearrangement setting 5
Bootstrap[57]: Time 0.307144 seconds, bootstrap likelihood -1705.097813, best rearrangement setting 7
Bootstrap[58]: Time 0.312730 seconds, bootstrap likelihood -1608.227968, best rearrangement setting 10
Bootstrap[59]: Time 0.354317 seconds, bootstrap likelihood -1813.050886, best rearrangement setting 9
Bootstrap[60]: Time 0.308141 seconds, bootstrap likelihood -1669.093020, best rearrangement setting 7
Bootstrap[61]: Time 0.287891 seconds, bootstrap likelihood -1593.805489, best rearrangement setting 5
Bootstrap[62]: Time 0.324570 seconds, bootstrap likelihood -1585.771457, best rearrangement setting 11
Bootstrap[63]: Time 0.354236 seconds, bootstrap likelihood -1658.771138, best rearrangement setting 12
Bootstrap[64]: Time 0.321173 seconds, bootstrap likelihood -1617.339438, best rearrangement setting 7
Bootstrap[65]: Time 0.279900 seconds, bootstrap likelihood -1491.731996, best rearrangement setting 5
Bootstrap[66]: Time 0.316114 seconds, bootstrap likelihood -1566.651381, best rearrangement setting 5
Bootstrap[67]: Time 0.289524 seconds, bootstrap likelihood -1478.946015, best rearrangement setting 15
Bootstrap[68]: Time 0.301361 seconds, bootstrap likelihood -1696.025813, best rearrangement setting 11
Bootstrap[69]: Time 0.319712 seconds, bootstrap likelihood -1645.784851, best rearrangement setting 5
Bootstrap[70]: Time 0.284752 seconds, bootstrap likelihood -1659.172440, best rearrangement setting 8
Bootstrap[71]: Time 0.281142 seconds, bootstrap likelihood -1698.701630, best rearrangement setting 10
Bootstrap[72]: Time 0.300879 seconds, bootstrap likelihood -1577.423975, best rearrangement setting 11
Bootstrap[73]: Time 0.276879 seconds, bootstrap likelihood -1413.430207, best rearrangement setting 9
Bootstrap[74]: Time 0.296879 seconds, bootstrap likelihood -1579.061599, best rearrangement setting 5
Bootstrap[75]: Time 0.347736 seconds, bootstrap likelihood -1586.556014, best rearrangement setting 8
Bootstrap[76]: Time 0.319188 seconds, bootstrap likelihood -1705.842982, best rearrangement setting 9
Bootstrap[77]: Time 0.337952 seconds, bootstrap likelihood -1679.288360, best rearrangement setting 11
Bootstrap[78]: Time 0.308171 seconds, bootstrap likelihood -1607.954638, best rearrangement setting 15
Bootstrap[79]: Time 0.320535 seconds, bootstrap likelihood -1596.984887, best rearrangement setting 9
Bootstrap[80]: Time 0.325939 seconds, bootstrap likelihood -1713.440903, best rearrangement setting 15
Bootstrap[81]: Time 0.375434 seconds, bootstrap likelihood -1631.186430, best rearrangement setting 7
Bootstrap[82]: Time 0.344849 seconds, bootstrap likelihood -1678.496447, best rearrangement setting 6
Bootstrap[83]: Time 0.309205 seconds, bootstrap likelihood -1799.668964, best rearrangement setting 10
Bootstrap[84]: Time 0.295865 seconds, bootstrap likelihood -1697.625948, best rearrangement setting 11
Bootstrap[85]: Time 0.332909 seconds, bootstrap likelihood -1599.944836, best rearrangement setting 8
Bootstrap[86]: Time 0.335167 seconds, bootstrap likelihood -1705.518605, best rearrangement setting 7
Bootstrap[87]: Time 0.326780 seconds, bootstrap likelihood -1508.614252, best rearrangement setting 7
Bootstrap[88]: Time 0.309686 seconds, bootstrap likelihood -1557.238005, best rearrangement setting 12
Bootstrap[89]: Time 0.266541 seconds, bootstrap likelihood -1461.868189, best rearrangement setting 10
Bootstrap[90]: Time 0.283668 seconds, bootstrap likelihood -1611.526908, best rearrangement setting 8
Bootstrap[91]: Time 0.313861 seconds, bootstrap likelihood -1680.366739, best rearrangement setting 12
Bootstrap[92]: Time 0.305621 seconds, bootstrap likelihood -1647.306747, best rearrangement setting 13
Bootstrap[93]: Time 0.337815 seconds, bootstrap likelihood -1713.331143, best rearrangement setting 15
Bootstrap[94]: Time 0.301500 seconds, bootstrap likelihood -1808.259862, best rearrangement setting 5
Bootstrap[95]: Time 0.360074 seconds, bootstrap likelihood -1773.044689, best rearrangement setting 5
Bootstrap[96]: Time 0.334752 seconds, bootstrap likelihood -1685.538158, best rearrangement setting 13
Bootstrap[97]: Time 0.397514 seconds, bootstrap likelihood -1692.146153, best rearrangement setting 11
Bootstrap[98]: Time 0.315057 seconds, bootstrap likelihood -1532.810765, best rearrangement setting 6
Bootstrap[99]: Time 0.292465 seconds, bootstrap likelihood -1580.990464, best rearrangement setting 14


Overall Time for 100 Rapid Bootstraps 32.744895 seconds
Average Time per Rapid Bootstrap 0.327449 seconds

Starting ML Search ...

Fast ML optimization finished

Fast ML search Time: 28.069840 seconds

Slow ML Search 0 Likelihood: -1678.336664
Slow ML Search 1 Likelihood: -1678.336664
Slow ML Search 2 Likelihood: -1678.336664
Slow ML Search 3 Likelihood: -1678.336664
Slow ML Search 4 Likelihood: -1678.336664
Slow ML Search 5 Likelihood: -1678.336664
Slow ML Search 6 Likelihood: -1678.336664
Slow ML Search 7 Likelihood: -1678.336664
Slow ML Search 8 Likelihood: -1678.336664
Slow ML Search 9 Likelihood: -1678.336664
Slow ML optimization finished

Slow ML search Time: 10.105163 seconds
Thorough ML search Time: 0.523777 seconds

Final ML Optimization Likelihood: -1678.336664

Model Information:

Model Parameters of Partition 0, Name: No Name Provided, Type of Data: AA
alpha: 1.117442
Tree-Length: 5.938484
rate A <-> R: 0.705217
rate A <-> N: 0.651871
rate A <-> D: 0.944853
rate A <-> C: 1.313132
rate A <-> Q: 1.161697
rate A <-> E: 2.023768
rate A <-> G: 1.811361
rate A <-> H: 0.405245
rate A <-> I: 0.247190
rate A <-> L: 0.508758
rate A <-> K: 1.158714
rate A <-> M: 1.142388
rate A <-> F: 0.269129
rate A <-> P: 1.839272
rate A <-> S: 4.309757
rate A <-> T: 2.711966
rate A <-> W: 0.144647
rate A <-> Y: 0.307794
rate A <-> V: 2.564804
rate R <-> N: 0.812328
rate R <-> D: 0.188337
rate R <-> C: 0.675324
rate R <-> Q: 3.881068
rate R <-> E: 0.561488
rate R <-> G: 0.747529
rate R <-> H: 2.732474
rate R <-> I: 0.239064
rate R <-> L: 0.636302
rate R <-> K: 6.842111
rate R <-> M: 0.873463
rate R <-> F: 0.131322
rate R <-> P: 0.868767
rate R <-> S: 1.565200
rate R <-> T: 0.708850
rate R <-> W: 1.488141
rate R <-> Y: 0.487813
rate R <-> V: 0.322004
rate N <-> D: 6.941838
rate N <-> C: 0.339146
rate N <-> Q: 1.973636
rate N <-> E: 1.211049
rate N <-> G: 1.439096
rate N <-> H: 5.058353
rate N <-> I: 0.708624
rate N <-> L: 0.168166
rate N <-> K: 3.851035
rate N <-> M: 0.253437
rate N <-> F: 0.122949
rate N <-> P: 0.249423
rate N <-> S: 5.081291
rate N <-> T: 2.595553
rate N <-> W: 0.091950
rate N <-> Y: 1.388516
rate N <-> V: 0.250912
rate D <-> C: 0.038734
rate D <-> Q: 0.788594
rate D <-> E: 7.894033
rate D <-> G: 1.106701
rate D <-> H: 1.189925
rate D <-> I: 0.050423
rate D <-> L: 0.108428
rate D <-> K: 0.613523
rate D <-> M: 0.132656
rate D <-> F: 0.059748
rate D <-> P: 0.542089
rate D <-> S: 1.370309
rate D <-> T: 0.479289
rate D <-> W: 0.165915
rate D <-> Y: 0.416441
rate D <-> V: 0.194769
rate C <-> Q: 0.126345
rate C <-> E: 0.027300
rate C <-> G: 0.392101
rate C <-> H: 0.318326
rate C <-> I: 0.217528
rate C <-> L: 0.491334
rate C <-> K: 0.094657
rate C <-> M: 0.499255
rate C <-> F: 0.508892
rate C <-> P: 0.139880
rate C <-> S: 1.799778
rate C <-> T: 0.655881
rate C <-> W: 0.916817
rate C <-> Y: 0.695323
rate C <-> V: 1.281296
rate Q <-> E: 6.993045
rate Q <-> G: 0.421991
rate Q <-> H: 5.490277
rate Q <-> I: 0.145650
rate Q <-> L: 1.111694
rate Q <-> K: 4.979863
rate Q <-> M: 1.975707
rate Q <-> F: 0.127755
rate Q <-> P: 1.193372
rate Q <-> S: 1.315472
rate Q <-> T: 1.096912
rate Q <-> W: 0.275833
rate Q <-> Y: 0.291141
rate Q <-> V: 0.385206
rate E <-> G: 0.725860
rate E <-> H: 0.728811
rate E <-> I: 0.162882
rate E <-> L: 0.197234
rate E <-> K: 3.304348
rate E <-> M: 0.402905
rate E <-> F: 0.103735
rate E <-> P: 0.872432
rate E <-> S: 0.901307
rate E <-> T: 1.051954
rate E <-> W: 0.200167
rate E <-> Y: 0.250985
rate E <-> V: 0.752728
rate G <-> H: 0.318886
rate G <-> I: 0.038932
rate G <-> L: 0.078380
rate G <-> K: 0.477616
rate G <-> M: 0.222597
rate G <-> F: 0.063840
rate G <-> P: 0.311419
rate G <-> S: 1.715597
rate G <-> T: 0.288741
rate G <-> W: 0.430853
rate G <-> Y: 0.132464
rate G <-> V: 0.239406
rate H <-> I: 0.176684
rate H <-> L: 0.638592
rate H <-> K: 1.138471
rate H <-> M: 0.516718
rate H <-> F: 0.868616
rate H <-> P: 0.890131
rate H <-> S: 0.946350
rate H <-> T: 0.605151
rate H <-> W: 0.335710
rate H <-> Y: 4.952425
rate H <-> V: 0.151328
rate I <-> L: 4.054275
rate I <-> K: 0.414039
rate I <-> M: 5.443417
rate I <-> F: 1.354596
rate I <-> P: 0.127765
rate I <-> S: 0.408423
rate I <-> T: 1.864345
rate I <-> W: 0.271672
rate I <-> Y: 0.537212
rate I <-> V: 10.000000
rate L <-> K: 0.329299
rate L <-> M: 6.206155
rate L <-> F: 2.704371
rate L <-> P: 0.531681
rate L <-> S: 0.440769
rate L <-> T: 0.417606
rate L <-> W: 0.850637
rate L <-> Y: 0.509657
rate L <-> V: 2.301842
rate K <-> M: 1.194528
rate K <-> F: 0.113582
rate K <-> P: 0.712025
rate K <-> S: 1.236534
rate K <-> T: 1.773337
rate K <-> W: 0.175808
rate K <-> Y: 0.170386
rate K <-> V: 0.390516
rate M <-> F: 1.522292
rate M <-> P: 0.219054
rate M <-> S: 0.631487
rate M <-> T: 1.938450
rate M <-> W: 0.659361
rate M <-> Y: 0.547782
rate M <-> V: 2.631851
rate F <-> P: 0.206416
rate F <-> S: 0.698005
rate F <-> T: 0.219788
rate F <-> W: 1.955736
rate F <-> Y: 8.252183
rate F <-> V: 0.830926
rate P <-> S: 2.062675
rate P <-> T: 1.016946
rate P <-> W: 0.178238
rate P <-> Y: 0.276228
rate P <-> V: 0.402602
rate S <-> T: 5.597561
rate S <-> W: 0.669635
rate S <-> Y: 1.006218
rate S <-> V: 0.297571
rate T <-> W: 0.141746
rate T <-> Y: 0.372250
rate T <-> V: 1.774935
rate W <-> Y: 3.177720
rate W <-> V: 0.467146
rate Y <-> V: 0.402401

freq pi(A): 0.044093
freq pi(R): 0.122296
freq pi(N): 0.024958
freq pi(D): 0.055740
freq pi(C): 0.002496
freq pi(Q): 0.027454
freq pi(E): 0.073211
freq pi(G): 0.054908
freq pi(H): 0.023295
freq pi(I): 0.033278
freq pi(L): 0.102329
freq pi(K): 0.105657
freq pi(M): 0.044925
freq pi(F): 0.051581
freq pi(P): 0.051581
freq pi(S): 0.047421
freq pi(T): 0.021631
freq pi(W): 0.010815
freq pi(Y): 0.050749
freq pi(V): 0.051581


ML search took 38.721344 secs or 0.010756 hours

Combined Bootstrap and ML search took 71.466469 secs or 0.019852 hours

Drawing Bootstrap Support Values on best-scoring ML tree ...



Found 1 tree in File /in/RAxML_bestTree.EOG091G0Y05.clustalo.aln.ALICUT.WAGF



Found 1 tree in File /in/RAxML_bestTree.EOG091G0Y05.clustalo.aln.ALICUT.WAGF

Program execution info written to /in/RAxML_info.EOG091G0Y05.clustalo.aln.ALICUT.WAGF
All 100 bootstrapped trees written to: /in/RAxML_bootstrap.EOG091G0Y05.clustalo.aln.ALICUT.WAGF

Best-scoring ML tree written to: /in/RAxML_bestTree.EOG091G0Y05.clustalo.aln.ALICUT.WAGF

Best-scoring ML tree with support values written to: /in/RAxML_bipartitions.EOG091G0Y05.clustalo.aln.ALICUT.WAGF

Best-scoring ML tree with support values as branch labels written to: /in/RAxML_bipartitionsBranchLabels.EOG091G0Y05.clustalo.aln.ALICUT.WAGF

Overall execution time for full ML analysis: 71.468860 secs or 0.019852 hours or 0.000827 days

