
	reading taxa from FASTA ...


	R.norvegicus         -> sites: 661   
	O.viverrini          -> sites: 661   
	D.melanogaster       -> sites: 661   
	C.sinensis           -> sites: 661   
	C.intestinalis       -> sites: 661   
	T.solium             -> sites: 661   
	H.microstoma         -> sites: 661   
	D.rerio              -> sites: 661   
	E.granulosus         -> sites: 661   
	H.robusta            -> sites: 661   
	E.nipponicum         -> sites: 661   
	S.mansoni            -> sites: 661   
	P.xenopodis          -> sites: 661   
	L.gigantea           -> sites: 661   
	G.turnbulli          -> sites: 661   
	G.salaris            -> sites: 661   
	M.lignano            -> sites: 661   
	S.mediterranea       -> sites: 661   


	data type             : amino acid sequences

	input ...

	infile		: EOG091G0MSB.clustalo.aln.fasta
	random pairs	: 200000000000000000
	window size	: 6
	indels		: ambiguous
	tree file	: -
	node level	: -
	strict profile	: -
	outgroup	: -
	matrix          : BLOSUM62

	number of taxa        : 18
	random number of pairs: 200000000000000000

	generates threshhold value for amino acid data
	using BLOSUM62

	checks for (potential) identical taxa


	scores site patterns ...


	max number of different pairs is 153
	max random pairs are scored!

	pair: 1      ->	taxon1: R.norvegic	taxon2: O.viverrin
	            	positions below base line: 378
	pair: 2      ->	taxon1: R.norvegic	taxon2: D.melanoga
	            	positions below base line: 345
	pair: 3      ->	taxon1: R.norvegic	taxon2: C.sinensis
	            	positions below base line: 480
	pair: 4      ->	taxon1: R.norvegic	taxon2: C.intestin
	            	positions below base line: 337
	pair: 5      ->	taxon1: R.norvegic	taxon2: T.solium  
	            	positions below base line: 374
	pair: 6      ->	taxon1: R.norvegic	taxon2: H.microsto
	            	positions below base line: 427
	pair: 7      ->	taxon1: R.norvegic	taxon2: D.rerio   
	            	positions below base line: 318
	pair: 8      ->	taxon1: R.norvegic	taxon2: E.granulos
	            	positions below base line: 367
	pair: 9      ->	taxon1: R.norvegic	taxon2: H.robusta 
	            	positions below base line: 347
	pair: 10     ->	taxon1: R.norvegic	taxon2: E.nipponic
	            	positions below base line: 420
	pair: 11     ->	taxon1: R.norvegic	taxon2: S.mansoni 
	            	positions below base line: 389
	pair: 12     ->	taxon1: R.norvegic	taxon2: P.xenopodi
	            	positions below base line: 471
	pair: 13     ->	taxon1: R.norvegic	taxon2: L.gigantea
	            	positions below base line: 365
	pair: 14     ->	taxon1: R.norvegic	taxon2: G.turnbull
	            	positions below base line: 368
	pair: 15     ->	taxon1: R.norvegic	taxon2: G.salaris 
	            	positions below base line: 389
	pair: 16     ->	taxon1: R.norvegic	taxon2: M.lignano 
	            	positions below base line: 363
	pair: 17     ->	taxon1: R.norvegic	taxon2: S.mediterr
	            	positions below base line: 361
	pair: 18     ->	taxon1: O.viverrin	taxon2: D.melanoga
	            	positions below base line: 367
	pair: 19     ->	taxon1: O.viverrin	taxon2: C.sinensis
	            	positions below base line: 492
	pair: 20     ->	taxon1: O.viverrin	taxon2: C.intestin
	            	positions below base line: 367
	pair: 21     ->	taxon1: O.viverrin	taxon2: T.solium  
	            	positions below base line: 362
	pair: 22     ->	taxon1: O.viverrin	taxon2: H.microsto
	            	positions below base line: 427
	pair: 23     ->	taxon1: O.viverrin	taxon2: D.rerio   
	            	positions below base line: 372
	pair: 24     ->	taxon1: O.viverrin	taxon2: E.granulos
	            	positions below base line: 357
	pair: 25     ->	taxon1: O.viverrin	taxon2: H.robusta 
	            	positions below base line: 372
	pair: 26     ->	taxon1: O.viverrin	taxon2: E.nipponic
	            	positions below base line: 446
	pair: 27     ->	taxon1: O.viverrin	taxon2: S.mansoni 
	            	positions below base line: 384
	pair: 28     ->	taxon1: O.viverrin	taxon2: P.xenopodi
	            	positions below base line: 500
	pair: 29     ->	taxon1: O.viverrin	taxon2: L.gigantea
	            	positions below base line: 391
	pair: 30     ->	taxon1: O.viverrin	taxon2: G.turnbull
	            	positions below base line: 375
	pair: 31     ->	taxon1: O.viverrin	taxon2: G.salaris 
	            	positions below base line: 415
	pair: 32     ->	taxon1: O.viverrin	taxon2: M.lignano 
	            	positions below base line: 357
	pair: 33     ->	taxon1: O.viverrin	taxon2: S.mediterr
	            	positions below base line: 378
	pair: 34     ->	taxon1: D.melanoga	taxon2: C.sinensis
	            	positions below base line: 489
	pair: 35     ->	taxon1: D.melanoga	taxon2: C.intestin
	            	positions below base line: 343
	pair: 36     ->	taxon1: D.melanoga	taxon2: T.solium  
	            	positions below base line: 371
	pair: 37     ->	taxon1: D.melanoga	taxon2: H.microsto
	            	positions below base line: 433
	pair: 38     ->	taxon1: D.melanoga	taxon2: D.rerio   
	            	positions below base line: 354
	pair: 39     ->	taxon1: D.melanoga	taxon2: E.granulos
	            	positions below base line: 369
	pair: 40     ->	taxon1: D.melanoga	taxon2: H.robusta 
	            	positions below base line: 359
	pair: 41     ->	taxon1: D.melanoga	taxon2: E.nipponic
	            	positions below base line: 436
	pair: 42     ->	taxon1: D.melanoga	taxon2: S.mansoni 
	            	positions below base line: 388
	pair: 43     ->	taxon1: D.melanoga	taxon2: P.xenopodi
	            	positions below base line: 491
	pair: 44     ->	taxon1: D.melanoga	taxon2: L.gigantea
	            	positions below base line: 368
	pair: 45     ->	taxon1: D.melanoga	taxon2: G.turnbull
	            	positions below base line: 366
	pair: 46     ->	taxon1: D.melanoga	taxon2: G.salaris 
	            	positions below base line: 390
	pair: 47     ->	taxon1: D.melanoga	taxon2: M.lignano 
	            	positions below base line: 356
	pair: 48     ->	taxon1: D.melanoga	taxon2: S.mediterr
	            	positions below base line: 375
	pair: 49     ->	taxon1: C.sinensis	taxon2: C.intestin
	            	positions below base line: 495
	pair: 50     ->	taxon1: C.sinensis	taxon2: T.solium  
	            	positions below base line: 504
	pair: 51     ->	taxon1: C.sinensis	taxon2: H.microsto
	            	positions below base line: 546
	pair: 52     ->	taxon1: C.sinensis	taxon2: D.rerio   
	            	positions below base line: 490
	pair: 53     ->	taxon1: C.sinensis	taxon2: E.granulos
	            	positions below base line: 504
	pair: 54     ->	taxon1: C.sinensis	taxon2: H.robusta 
	            	positions below base line: 489
	pair: 55     ->	taxon1: C.sinensis	taxon2: E.nipponic
	            	positions below base line: 532
	pair: 56     ->	taxon1: C.sinensis	taxon2: S.mansoni 
	            	positions below base line: 505
	pair: 57     ->	taxon1: C.sinensis	taxon2: P.xenopodi
	            	positions below base line: 323
	pair: 58     ->	taxon1: C.sinensis	taxon2: L.gigantea
	            	positions below base line: 502
	pair: 59     ->	taxon1: C.sinensis	taxon2: G.turnbull
	            	positions below base line: 516
	pair: 60     ->	taxon1: C.sinensis	taxon2: G.salaris 
	            	positions below base line: 525
	pair: 61     ->	taxon1: C.sinensis	taxon2: M.lignano 
	            	positions below base line: 489
	pair: 62     ->	taxon1: C.sinensis	taxon2: S.mediterr
	            	positions below base line: 504
	pair: 63     ->	taxon1: C.intestin	taxon2: T.solium  
	            	positions below base line: 349
	pair: 64     ->	taxon1: C.intestin	taxon2: H.microsto
	            	positions below base line: 433
	pair: 65     ->	taxon1: C.intestin	taxon2: D.rerio   
	            	positions below base line: 331
	pair: 66     ->	taxon1: C.intestin	taxon2: E.granulos
	            	positions below base line: 354
	pair: 67     ->	taxon1: C.intestin	taxon2: H.robusta 
	            	positions below base line: 338
	pair: 68     ->	taxon1: C.intestin	taxon2: E.nipponic
	            	positions below base line: 425
	pair: 69     ->	taxon1: C.intestin	taxon2: S.mansoni 
	            	positions below base line: 370
	pair: 70     ->	taxon1: C.intestin	taxon2: P.xenopodi
	            	positions below base line: 488
	pair: 71     ->	taxon1: C.intestin	taxon2: L.gigantea
	            	positions below base line: 361
	pair: 72     ->	taxon1: C.intestin	taxon2: G.turnbull
	            	positions below base line: 365
	pair: 73     ->	taxon1: C.intestin	taxon2: G.salaris 
	            	positions below base line: 389
	pair: 74     ->	taxon1: C.intestin	taxon2: M.lignano 
	            	positions below base line: 335
	pair: 75     ->	taxon1: C.intestin	taxon2: S.mediterr
	            	positions below base line: 380
	pair: 76     ->	taxon1: T.solium  	taxon2: H.microsto
	            	positions below base line: 417
	pair: 77     ->	taxon1: T.solium  	taxon2: D.rerio   
	            	positions below base line: 364
	pair: 78     ->	taxon1: T.solium  	taxon2: E.granulos
	            	positions below base line: 281
	pair: 79     ->	taxon1: T.solium  	taxon2: H.robusta 
	            	positions below base line: 365
	pair: 80     ->	taxon1: T.solium  	taxon2: E.nipponic
	            	positions below base line: 423
	pair: 81     ->	taxon1: T.solium  	taxon2: S.mansoni 
	            	positions below base line: 365
	pair: 82     ->	taxon1: T.solium  	taxon2: P.xenopodi
	            	positions below base line: 498
	pair: 83     ->	taxon1: T.solium  	taxon2: L.gigantea
	            	positions below base line: 375
	pair: 84     ->	taxon1: T.solium  	taxon2: G.turnbull
	            	positions below base line: 369
	pair: 85     ->	taxon1: T.solium  	taxon2: G.salaris 
	            	positions below base line: 402
	pair: 86     ->	taxon1: T.solium  	taxon2: M.lignano 
	            	positions below base line: 358
	pair: 87     ->	taxon1: T.solium  	taxon2: S.mediterr
	            	positions below base line: 363
	pair: 88     ->	taxon1: H.microsto	taxon2: D.rerio   
	            	positions below base line: 432
	pair: 89     ->	taxon1: H.microsto	taxon2: E.granulos
	            	positions below base line: 400
	pair: 90     ->	taxon1: H.microsto	taxon2: H.robusta 
	            	positions below base line: 430
	pair: 91     ->	taxon1: H.microsto	taxon2: E.nipponic
	            	positions below base line: 511
	pair: 92     ->	taxon1: H.microsto	taxon2: S.mansoni 
	            	positions below base line: 416
	pair: 93     ->	taxon1: H.microsto	taxon2: P.xenopodi
	            	positions below base line: 541
	pair: 94     ->	taxon1: H.microsto	taxon2: L.gigantea
	            	positions below base line: 447
	pair: 95     ->	taxon1: H.microsto	taxon2: G.turnbull
	            	positions below base line: 430
	pair: 96     ->	taxon1: H.microsto	taxon2: G.salaris 
	            	positions below base line: 467
	pair: 97     ->	taxon1: H.microsto	taxon2: M.lignano 
	            	positions below base line: 434
	pair: 98     ->	taxon1: H.microsto	taxon2: S.mediterr
	            	positions below base line: 426
	pair: 99     ->	taxon1: D.rerio   	taxon2: E.granulos
	            	positions below base line: 364
	pair: 100    ->	taxon1: D.rerio   	taxon2: H.robusta 
	            	positions below base line: 350
	pair: 101    ->	taxon1: D.rerio   	taxon2: E.nipponic
	            	positions below base line: 427
	pair: 102    ->	taxon1: D.rerio   	taxon2: S.mansoni 
	            	positions below base line: 384
	pair: 103    ->	taxon1: D.rerio   	taxon2: P.xenopodi
	            	positions below base line: 481
	pair: 104    ->	taxon1: D.rerio   	taxon2: L.gigantea
	            	positions below base line: 364
	pair: 105    ->	taxon1: D.rerio   	taxon2: G.turnbull
	            	positions below base line: 365
	pair: 106    ->	taxon1: D.rerio   	taxon2: G.salaris 
	            	positions below base line: 382
	pair: 107    ->	taxon1: D.rerio   	taxon2: M.lignano 
	            	positions below base line: 358
	pair: 108    ->	taxon1: D.rerio   	taxon2: S.mediterr
	            	positions below base line: 360
	pair: 109    ->	taxon1: E.granulos	taxon2: H.robusta 
	            	positions below base line: 364
	pair: 110    ->	taxon1: E.granulos	taxon2: E.nipponic
	            	positions below base line: 424
	pair: 111    ->	taxon1: E.granulos	taxon2: S.mansoni 
	            	positions below base line: 370
	pair: 112    ->	taxon1: E.granulos	taxon2: P.xenopodi
	            	positions below base line: 498
	pair: 113    ->	taxon1: E.granulos	taxon2: L.gigantea
	            	positions below base line: 375
	pair: 114    ->	taxon1: E.granulos	taxon2: G.turnbull
	            	positions below base line: 369
	pair: 115    ->	taxon1: E.granulos	taxon2: G.salaris 
	            	positions below base line: 405
	pair: 116    ->	taxon1: E.granulos	taxon2: M.lignano 
	            	positions below base line: 361
	pair: 117    ->	taxon1: E.granulos	taxon2: S.mediterr
	            	positions below base line: 368
	pair: 118    ->	taxon1: H.robusta 	taxon2: E.nipponic
	            	positions below base line: 426
	pair: 119    ->	taxon1: H.robusta 	taxon2: S.mansoni 
	            	positions below base line: 389
	pair: 120    ->	taxon1: H.robusta 	taxon2: P.xenopodi
	            	positions below base line: 479
	pair: 121    ->	taxon1: H.robusta 	taxon2: L.gigantea
	            	positions below base line: 361
	pair: 122    ->	taxon1: H.robusta 	taxon2: G.turnbull
	            	positions below base line: 364
	pair: 123    ->	taxon1: H.robusta 	taxon2: G.salaris 
	            	positions below base line: 388
	pair: 124    ->	taxon1: H.robusta 	taxon2: M.lignano 
	            	positions below base line: 351
	pair: 125    ->	taxon1: H.robusta 	taxon2: S.mediterr
	            	positions below base line: 366
	pair: 126    ->	taxon1: E.nipponic	taxon2: S.mansoni 
	            	positions below base line: 455
	pair: 127    ->	taxon1: E.nipponic	taxon2: P.xenopodi
	            	positions below base line: 504
	pair: 128    ->	taxon1: E.nipponic	taxon2: L.gigantea
	            	positions below base line: 443
	pair: 129    ->	taxon1: E.nipponic	taxon2: G.turnbull
	            	positions below base line: 433
	pair: 130    ->	taxon1: E.nipponic	taxon2: G.salaris 
	            	positions below base line: 470
	pair: 131    ->	taxon1: E.nipponic	taxon2: M.lignano 
	            	positions below base line: 443
	pair: 132    ->	taxon1: E.nipponic	taxon2: S.mediterr
	            	positions below base line: 440
	pair: 133    ->	taxon1: S.mansoni 	taxon2: P.xenopodi
	            	positions below base line: 505
	pair: 134    ->	taxon1: S.mansoni 	taxon2: L.gigantea
	            	positions below base line: 398
	pair: 135    ->	taxon1: S.mansoni 	taxon2: G.turnbull
	            	positions below base line: 387
	pair: 136    ->	taxon1: S.mansoni 	taxon2: G.salaris 
	            	positions below base line: 416
	pair: 137    ->	taxon1: S.mansoni 	taxon2: M.lignano 
	            	positions below base line: 373
	pair: 138    ->	taxon1: S.mansoni 	taxon2: S.mediterr
	            	positions below base line: 382
	pair: 139    ->	taxon1: P.xenopodi	taxon2: L.gigantea
	            	positions below base line: 501
	pair: 140    ->	taxon1: P.xenopodi	taxon2: G.turnbull
	            	positions below base line: 515
	pair: 141    ->	taxon1: P.xenopodi	taxon2: G.salaris 
	            	positions below base line: 525
	pair: 142    ->	taxon1: P.xenopodi	taxon2: M.lignano 
	            	positions below base line: 483
	pair: 143    ->	taxon1: P.xenopodi	taxon2: S.mediterr
	            	positions below base line: 505
	pair: 144    ->	taxon1: L.gigantea	taxon2: G.turnbull
	            	positions below base line: 369
	pair: 145    ->	taxon1: L.gigantea	taxon2: G.salaris 
	            	positions below base line: 395
	pair: 146    ->	taxon1: L.gigantea	taxon2: M.lignano 
	            	positions below base line: 373
	pair: 147    ->	taxon1: L.gigantea	taxon2: S.mediterr
	            	positions below base line: 375
	pair: 148    ->	taxon1: G.turnbull	taxon2: G.salaris 
	            	positions below base line: 377
	pair: 149    ->	taxon1: G.turnbull	taxon2: M.lignano 
	            	positions below base line: 370
	pair: 150    ->	taxon1: G.turnbull	taxon2: S.mediterr
	            	positions below base line: 360
	pair: 151    ->	taxon1: G.salaris 	taxon2: M.lignano 
	            	positions below base line: 394
	pair: 152    ->	taxon1: G.salaris 	taxon2: S.mediterr
	            	positions below base line: 390
	pair: 153    ->	taxon1: M.lignano 	taxon2: S.mediterr
	            	positions below base line: 365

	generates quality profile from collected scores ...


	scoring done ...


	generates vector plot from collected scores ...


Argument "-" treated as 0 in increment (++) at /usr/bin/Aliscore.pl line 1213.
	Profile written to EOG091G0MSB.clustalo.aln.fasta_Profile_random.txt
	List   written to EOG091G0MSB.clustalo.aln.fasta_List_random.txt

	time used: 4.12 sec

