
RAxML can't, parse the alignment file as phylip file 
it will now try to parse it as FASTA file


This is the RAxML Master Pthread

This is RAxML Worker Pthread Number: 1


This is RAxML version 8.2.12 released by Alexandros Stamatakis on May 2018.

With greatly appreciated code contributions by:
Andre Aberer      (HITS)
Simon Berger      (HITS)
Alexey Kozlov     (HITS)
Kassian Kobert    (HITS)
David Dao         (KIT and HITS)
Sarah Lutteropp   (KIT and HITS)
Nick Pattengale   (Sandia)
Wayne Pfeiffer    (SDSC)
Akifumi S. Tanabe (NRIFS)
Charlie Taylor    (UF)


Alignment has 132 distinct alignment patterns

Proportion of gaps and completely undetermined characters in this alignment: 2.88%

RAxML rapid bootstrapping and subsequent ML search

Using 1 distinct models/data partitions with joint branch length optimization



Executing 100 rapid bootstrap inferences and thereafter a thorough ML search 

All free model parameters will be estimated by RAxML
GAMMA model of rate heterogeneity, ML estimate of alpha-parameter

GAMMA Model parameters will be estimated up to an accuracy of 0.1000000000 Log Likelihood units

Partition: 0
Alignment Patterns: 132
Name: No Name Provided
DataType: AA
Substitution Matrix: RTREV
Using empirical base frequencies




RAxML was called as follows:

raxml -f a -T 2 -m PROTGAMMARTREVF -p 12345 -x 12345 -# 100 -s ALICUT_EOG091G0HC5.clustalo.aln.fasta -n EOG091G0HC5.clustalo.aln.ALICUT.RTREVF 



Time for BS model parameter optimization 0.031678
Bootstrap[0]: Time 0.251845 seconds, bootstrap likelihood -2153.833070, best rearrangement setting 13
Bootstrap[1]: Time 0.193431 seconds, bootstrap likelihood -2383.985293, best rearrangement setting 13
Bootstrap[2]: Time 0.482452 seconds, bootstrap likelihood -2345.514029, best rearrangement setting 12
Bootstrap[3]: Time 0.343002 seconds, bootstrap likelihood -2250.472748, best rearrangement setting 15
Bootstrap[4]: Time 0.229067 seconds, bootstrap likelihood -2254.364202, best rearrangement setting 10
Bootstrap[5]: Time 0.442719 seconds, bootstrap likelihood -2081.617461, best rearrangement setting 10
Bootstrap[6]: Time 0.415489 seconds, bootstrap likelihood -2419.554227, best rearrangement setting 6
Bootstrap[7]: Time 0.507532 seconds, bootstrap likelihood -2262.620479, best rearrangement setting 14
Bootstrap[8]: Time 0.481046 seconds, bootstrap likelihood -2291.439055, best rearrangement setting 5
Bootstrap[9]: Time 0.407629 seconds, bootstrap likelihood -2464.784205, best rearrangement setting 7
Bootstrap[10]: Time 0.456719 seconds, bootstrap likelihood -2233.278132, best rearrangement setting 7
Bootstrap[11]: Time 0.435281 seconds, bootstrap likelihood -2188.600246, best rearrangement setting 5
Bootstrap[12]: Time 0.487036 seconds, bootstrap likelihood -2380.645960, best rearrangement setting 8
Bootstrap[13]: Time 0.401141 seconds, bootstrap likelihood -2428.885963, best rearrangement setting 7
Bootstrap[14]: Time 0.457919 seconds, bootstrap likelihood -2304.042261, best rearrangement setting 12
Bootstrap[15]: Time 0.393847 seconds, bootstrap likelihood -2114.762327, best rearrangement setting 15
Bootstrap[16]: Time 0.442475 seconds, bootstrap likelihood -2401.412472, best rearrangement setting 12
Bootstrap[17]: Time 0.410503 seconds, bootstrap likelihood -2360.916210, best rearrangement setting 12
Bootstrap[18]: Time 0.543742 seconds, bootstrap likelihood -2478.692077, best rearrangement setting 5
Bootstrap[19]: Time 0.356648 seconds, bootstrap likelihood -2351.036008, best rearrangement setting 8
Bootstrap[20]: Time 0.257868 seconds, bootstrap likelihood -2136.327860, best rearrangement setting 10
Bootstrap[21]: Time 0.244488 seconds, bootstrap likelihood -2419.689578, best rearrangement setting 6
Bootstrap[22]: Time 0.301630 seconds, bootstrap likelihood -2483.821848, best rearrangement setting 5
Bootstrap[23]: Time 0.342065 seconds, bootstrap likelihood -2351.357436, best rearrangement setting 7
Bootstrap[24]: Time 0.291933 seconds, bootstrap likelihood -2371.552829, best rearrangement setting 8
Bootstrap[25]: Time 0.275453 seconds, bootstrap likelihood -2342.430554, best rearrangement setting 6
Bootstrap[26]: Time 0.297302 seconds, bootstrap likelihood -2508.282109, best rearrangement setting 12
Bootstrap[27]: Time 0.297558 seconds, bootstrap likelihood -2177.039387, best rearrangement setting 10
Bootstrap[28]: Time 0.301985 seconds, bootstrap likelihood -2276.707176, best rearrangement setting 11
Bootstrap[29]: Time 0.290607 seconds, bootstrap likelihood -2417.532148, best rearrangement setting 12
Bootstrap[30]: Time 0.268531 seconds, bootstrap likelihood -2229.044708, best rearrangement setting 15
Bootstrap[31]: Time 0.305369 seconds, bootstrap likelihood -2461.589954, best rearrangement setting 15
Bootstrap[32]: Time 0.296164 seconds, bootstrap likelihood -2227.245340, best rearrangement setting 6
Bootstrap[33]: Time 0.302679 seconds, bootstrap likelihood -2340.517526, best rearrangement setting 15
Bootstrap[34]: Time 0.281527 seconds, bootstrap likelihood -2372.815818, best rearrangement setting 11
Bootstrap[35]: Time 0.312161 seconds, bootstrap likelihood -2311.091021, best rearrangement setting 8
Bootstrap[36]: Time 0.280085 seconds, bootstrap likelihood -2379.644400, best rearrangement setting 9
Bootstrap[37]: Time 0.275518 seconds, bootstrap likelihood -2361.845768, best rearrangement setting 11
Bootstrap[38]: Time 0.150657 seconds, bootstrap likelihood -2462.152966, best rearrangement setting 8
Bootstrap[39]: Time 0.282537 seconds, bootstrap likelihood -2255.690292, best rearrangement setting 13
Bootstrap[40]: Time 0.143238 seconds, bootstrap likelihood -2288.478721, best rearrangement setting 13
Bootstrap[41]: Time 0.266287 seconds, bootstrap likelihood -2395.958645, best rearrangement setting 10
Bootstrap[42]: Time 0.270432 seconds, bootstrap likelihood -2067.412722, best rearrangement setting 5
Bootstrap[43]: Time 0.134184 seconds, bootstrap likelihood -2338.827267, best rearrangement setting 14
Bootstrap[44]: Time 0.307319 seconds, bootstrap likelihood -2382.979205, best rearrangement setting 10
Bootstrap[45]: Time 0.341033 seconds, bootstrap likelihood -2364.863865, best rearrangement setting 15
Bootstrap[46]: Time 0.334717 seconds, bootstrap likelihood -2376.200450, best rearrangement setting 14
Bootstrap[47]: Time 0.313025 seconds, bootstrap likelihood -2263.298109, best rearrangement setting 8
Bootstrap[48]: Time 0.131980 seconds, bootstrap likelihood -2424.771859, best rearrangement setting 6
Bootstrap[49]: Time 0.313652 seconds, bootstrap likelihood -2413.078283, best rearrangement setting 7
Bootstrap[50]: Time 0.299714 seconds, bootstrap likelihood -2136.836861, best rearrangement setting 7
Bootstrap[51]: Time 0.318530 seconds, bootstrap likelihood -2413.976124, best rearrangement setting 11
Bootstrap[52]: Time 0.316903 seconds, bootstrap likelihood -2379.156841, best rearrangement setting 12
Bootstrap[53]: Time 0.333968 seconds, bootstrap likelihood -2356.921074, best rearrangement setting 8
Bootstrap[54]: Time 0.299180 seconds, bootstrap likelihood -2175.168404, best rearrangement setting 9
Bootstrap[55]: Time 0.293030 seconds, bootstrap likelihood -2296.460438, best rearrangement setting 11
Bootstrap[56]: Time 0.277281 seconds, bootstrap likelihood -2233.239025, best rearrangement setting 5
Bootstrap[57]: Time 0.320720 seconds, bootstrap likelihood -2359.889009, best rearrangement setting 7
Bootstrap[58]: Time 0.300399 seconds, bootstrap likelihood -2455.959853, best rearrangement setting 10
Bootstrap[59]: Time 0.297190 seconds, bootstrap likelihood -2425.318221, best rearrangement setting 9
Bootstrap[60]: Time 0.298368 seconds, bootstrap likelihood -2306.460914, best rearrangement setting 7
Bootstrap[61]: Time 0.307759 seconds, bootstrap likelihood -2220.062549, best rearrangement setting 5
Bootstrap[62]: Time 0.297895 seconds, bootstrap likelihood -2298.389876, best rearrangement setting 11
Bootstrap[63]: Time 0.281440 seconds, bootstrap likelihood -2190.874717, best rearrangement setting 12
Bootstrap[64]: Time 0.280316 seconds, bootstrap likelihood -2246.354326, best rearrangement setting 7
Bootstrap[65]: Time 0.291349 seconds, bootstrap likelihood -2320.970223, best rearrangement setting 5
Bootstrap[66]: Time 0.274254 seconds, bootstrap likelihood -2393.135113, best rearrangement setting 5
Bootstrap[67]: Time 0.267870 seconds, bootstrap likelihood -2488.271878, best rearrangement setting 15
Bootstrap[68]: Time 0.305225 seconds, bootstrap likelihood -2316.028233, best rearrangement setting 11
Bootstrap[69]: Time 0.133226 seconds, bootstrap likelihood -2139.409152, best rearrangement setting 5
Bootstrap[70]: Time 0.310484 seconds, bootstrap likelihood -2383.506001, best rearrangement setting 8
Bootstrap[71]: Time 0.306286 seconds, bootstrap likelihood -2316.654315, best rearrangement setting 10
Bootstrap[72]: Time 0.279053 seconds, bootstrap likelihood -2304.782245, best rearrangement setting 11
Bootstrap[73]: Time 0.323305 seconds, bootstrap likelihood -2268.749193, best rearrangement setting 9
Bootstrap[74]: Time 0.296445 seconds, bootstrap likelihood -2312.821403, best rearrangement setting 5
Bootstrap[75]: Time 0.288726 seconds, bootstrap likelihood -2231.335722, best rearrangement setting 8
Bootstrap[76]: Time 0.322342 seconds, bootstrap likelihood -2389.817392, best rearrangement setting 9
Bootstrap[77]: Time 0.267459 seconds, bootstrap likelihood -2285.745053, best rearrangement setting 11
Bootstrap[78]: Time 0.337117 seconds, bootstrap likelihood -2468.592241, best rearrangement setting 15
Bootstrap[79]: Time 0.282966 seconds, bootstrap likelihood -2297.871542, best rearrangement setting 9
Bootstrap[80]: Time 0.144579 seconds, bootstrap likelihood -2363.695522, best rearrangement setting 15
Bootstrap[81]: Time 0.279607 seconds, bootstrap likelihood -2209.268474, best rearrangement setting 7
Bootstrap[82]: Time 0.336593 seconds, bootstrap likelihood -2296.847596, best rearrangement setting 6
Bootstrap[83]: Time 0.307782 seconds, bootstrap likelihood -2317.482742, best rearrangement setting 10
Bootstrap[84]: Time 0.310632 seconds, bootstrap likelihood -2310.992883, best rearrangement setting 11
Bootstrap[85]: Time 0.293873 seconds, bootstrap likelihood -2318.000705, best rearrangement setting 8
Bootstrap[86]: Time 0.273789 seconds, bootstrap likelihood -2413.014877, best rearrangement setting 7
Bootstrap[87]: Time 0.302638 seconds, bootstrap likelihood -2427.992787, best rearrangement setting 7
Bootstrap[88]: Time 0.270536 seconds, bootstrap likelihood -2309.339305, best rearrangement setting 12
Bootstrap[89]: Time 0.293782 seconds, bootstrap likelihood -2365.697187, best rearrangement setting 10
Bootstrap[90]: Time 0.311693 seconds, bootstrap likelihood -2483.082668, best rearrangement setting 8
Bootstrap[91]: Time 0.301510 seconds, bootstrap likelihood -2404.876763, best rearrangement setting 12
Bootstrap[92]: Time 0.280754 seconds, bootstrap likelihood -2237.768545, best rearrangement setting 13
Bootstrap[93]: Time 0.288332 seconds, bootstrap likelihood -2382.943785, best rearrangement setting 15
Bootstrap[94]: Time 0.278379 seconds, bootstrap likelihood -2334.835321, best rearrangement setting 5
Bootstrap[95]: Time 0.283400 seconds, bootstrap likelihood -2244.628652, best rearrangement setting 5
Bootstrap[96]: Time 0.276926 seconds, bootstrap likelihood -2408.577265, best rearrangement setting 13
Bootstrap[97]: Time 0.316144 seconds, bootstrap likelihood -2314.033680, best rearrangement setting 11
Bootstrap[98]: Time 0.291300 seconds, bootstrap likelihood -2397.907860, best rearrangement setting 6
Bootstrap[99]: Time 0.285390 seconds, bootstrap likelihood -2168.749270, best rearrangement setting 14


Overall Time for 100 Rapid Bootstraps 30.914717 seconds
Average Time per Rapid Bootstrap 0.309147 seconds

Starting ML Search ...

Fast ML optimization finished

Fast ML search Time: 22.006917 seconds

Slow ML Search 0 Likelihood: -2349.037640
Slow ML Search 1 Likelihood: -2349.037640
Slow ML Search 2 Likelihood: -2349.037640
Slow ML Search 3 Likelihood: -2349.037640
Slow ML Search 4 Likelihood: -2349.037640
Slow ML Search 5 Likelihood: -2349.037640
Slow ML Search 6 Likelihood: -2349.037640
Slow ML Search 7 Likelihood: -2349.037640
Slow ML Search 8 Likelihood: -2349.037640
Slow ML Search 9 Likelihood: -2349.037640
Slow ML optimization finished

Slow ML search Time: 7.070121 seconds
Thorough ML search Time: 0.407949 seconds

Final ML Optimization Likelihood: -2349.037640

Model Information:

Model Parameters of Partition 0, Name: No Name Provided, Type of Data: AA
alpha: 1.122542
Tree-Length: 4.965229
rate A <-> R: 0.324427
rate A <-> N: 0.486641
rate A <-> D: 0.095420
rate A <-> C: 4.188931
rate A <-> Q: 0.305344
rate A <-> E: 0.772901
rate A <-> G: 1.288168
rate A <-> H: 0.286260
rate A <-> I: 0.009542
rate A <-> L: 0.429389
rate A <-> K: 0.362595
rate A <-> M: 2.242366
rate A <-> F: 0.009542
rate A <-> P: 0.925573
rate A <-> S: 4.389313
rate A <-> T: 2.461832
rate A <-> W: 0.047710
rate A <-> Y: 0.524809
rate A <-> V: 1.879771
rate R <-> N: 0.333969
rate R <-> D: 0.286260
rate R <-> C: 0.877863
rate R <-> Q: 2.108779
rate R <-> E: 0.095420
rate R <-> G: 0.391221
rate R <-> H: 0.858779
rate R <-> I: 0.229008
rate R <-> L: 0.171756
rate R <-> K: 5.658397
rate R <-> M: 0.543893
rate R <-> F: 0.066794
rate R <-> P: 0.229008
rate R <-> S: 0.973282
rate R <-> T: 0.610687
rate R <-> W: 0.124046
rate R <-> Y: 0.448473
rate R <-> V: 0.276718
rate N <-> D: 3.664122
rate N <-> C: 1.221374
rate N <-> Q: 2.251908
rate N <-> E: 0.753817
rate N <-> G: 0.896947
rate N <-> H: 3.053435
rate N <-> I: 0.333969
rate N <-> L: 0.143130
rate N <-> K: 1.173664
rate N <-> M: 0.009542
rate N <-> F: 0.467557
rate N <-> P: 0.314885
rate N <-> S: 2.805344
rate N <-> T: 1.412214
rate N <-> W: 0.152672
rate N <-> Y: 0.267176
rate N <-> V: 0.200382
rate D <-> C: 0.009542
rate D <-> Q: 0.744275
rate D <-> E: 5.171756
rate D <-> G: 0.582061
rate D <-> H: 0.868321
rate D <-> I: 0.009542
rate D <-> L: 0.047710
rate D <-> K: 0.190840
rate D <-> M: 0.009542
rate D <-> F: 0.009542
rate D <-> P: 0.524809
rate D <-> S: 1.297710
rate D <-> T: 0.524809
rate D <-> W: 0.009542
rate D <-> Y: 0.009542
rate D <-> V: 0.057252
rate C <-> Q: 0.667939
rate C <-> E: 0.009542
rate C <-> G: 0.458015
rate C <-> H: 1.183206
rate C <-> I: 0.992366
rate C <-> L: 1.049618
rate C <-> K: 0.152672
rate C <-> M: 1.488550
rate C <-> F: 0.667939
rate C <-> P: 0.009542
rate C <-> S: 0.715649
rate C <-> T: 1.116412
rate C <-> W: 0.524809
rate C <-> Y: 1.250000
rate C <-> V: 2.814885
rate Q <-> E: 3.549618
rate Q <-> G: 0.171756
rate Q <-> H: 3.692748
rate Q <-> I: 0.314885
rate Q <-> L: 0.515267
rate Q <-> K: 2.948473
rate Q <-> M: 1.507634
rate Q <-> F: 0.009542
rate Q <-> P: 0.648855
rate Q <-> S: 2.146947
rate Q <-> T: 1.393130
rate Q <-> W: 0.095420
rate Q <-> Y: 0.429389
rate Q <-> V: 0.343511
rate E <-> G: 0.667939
rate E <-> H: 0.324427
rate E <-> I: 0.009542
rate E <-> L: 0.200382
rate E <-> K: 1.345420
rate E <-> M: 0.009542
rate E <-> F: 0.009542
rate E <-> P: 0.496183
rate E <-> S: 0.906489
rate E <-> T: 0.782443
rate E <-> W: 0.162214
rate E <-> Y: 0.009542
rate E <-> V: 0.333969
rate G <-> H: 0.648855
rate G <-> I: 0.009542
rate G <-> L: 0.028626
rate G <-> K: 0.286260
rate G <-> M: 0.353053
rate G <-> F: 0.066794
rate G <-> P: 0.162214
rate G <-> S: 1.450382
rate G <-> T: 0.066794
rate G <-> W: 0.219466
rate G <-> Y: 0.200382
rate G <-> V: 0.028626
rate H <-> I: 0.324427
rate H <-> L: 0.486641
rate H <-> K: 0.725191
rate H <-> M: 1.106870
rate H <-> F: 1.345420
rate H <-> P: 0.419847
rate H <-> S: 1.746183
rate H <-> T: 0.467557
rate H <-> W: 0.458015
rate H <-> Y: 2.929389
rate H <-> V: 0.009542
rate I <-> L: 3.673664
rate I <-> K: 0.324427
rate I <-> M: 3.578244
rate I <-> F: 0.610687
rate I <-> P: 0.095420
rate I <-> S: 0.038168
rate I <-> T: 0.687023
rate I <-> W: 0.372137
rate I <-> Y: 0.248092
rate I <-> V: 10.000000
rate L <-> K: 0.219466
rate L <-> M: 5.543893
rate L <-> F: 1.708015
rate L <-> P: 0.209924
rate L <-> S: 0.229008
rate L <-> T: 0.238550
rate L <-> W: 0.448473
rate L <-> Y: 0.610687
rate L <-> V: 1.068702
rate K <-> M: 1.278626
rate K <-> F: 0.133588
rate K <-> P: 0.410305
rate K <-> S: 0.734733
rate K <-> T: 1.049618
rate K <-> W: 0.057252
rate K <-> Y: 0.009542
rate K <-> V: 0.181298
rate M <-> F: 2.356870
rate M <-> P: 0.009542
rate M <-> S: 0.009542
rate M <-> T: 1.250000
rate M <-> W: 1.059160
rate M <-> Y: 0.706107
rate M <-> V: 2.251908
rate F <-> P: 0.104962
rate F <-> S: 0.190840
rate F <-> T: 0.658397
rate F <-> W: 1.736641
rate F <-> Y: 9.704198
rate F <-> V: 0.877863
rate P <-> S: 1.278626
rate P <-> T: 0.591603
rate P <-> W: 0.085878
rate P <-> Y: 0.133588
rate P <-> V: 0.238550
rate S <-> T: 6.402672
rate S <-> W: 0.133588
rate S <-> Y: 0.295802
rate S <-> V: 0.372137
rate T <-> W: 0.009542
rate T <-> Y: 0.324427
rate T <-> V: 1.870229
rate W <-> Y: 1.679389
rate W <-> V: 0.248092
rate Y <-> V: 0.562977

freq pi(A): 0.074887
freq pi(R): 0.101356
freq pi(N): 0.051646
freq pi(D): 0.045190
freq pi(C): 0.001937
freq pi(Q): 0.067786
freq pi(E): 0.080697
freq pi(G): 0.041317
freq pi(H): 0.019367
freq pi(I): 0.036798
freq pi(L): 0.071014
freq pi(K): 0.156875
freq pi(M): 0.033570
freq pi(F): 0.038735
freq pi(P): 0.024532
freq pi(S): 0.038089
freq pi(T): 0.035507
freq pi(W): 0.007747
freq pi(Y): 0.029697
freq pi(V): 0.043254


ML search took 29.507151 secs or 0.008196 hours

Combined Bootstrap and ML search took 60.422120 secs or 0.016784 hours

Drawing Bootstrap Support Values on best-scoring ML tree ...



Found 1 tree in File /in/RAxML_bestTree.EOG091G0HC5.clustalo.aln.ALICUT.RTREVF



Found 1 tree in File /in/RAxML_bestTree.EOG091G0HC5.clustalo.aln.ALICUT.RTREVF

Program execution info written to /in/RAxML_info.EOG091G0HC5.clustalo.aln.ALICUT.RTREVF
All 100 bootstrapped trees written to: /in/RAxML_bootstrap.EOG091G0HC5.clustalo.aln.ALICUT.RTREVF

Best-scoring ML tree written to: /in/RAxML_bestTree.EOG091G0HC5.clustalo.aln.ALICUT.RTREVF

Best-scoring ML tree with support values written to: /in/RAxML_bipartitions.EOG091G0HC5.clustalo.aln.ALICUT.RTREVF

Best-scoring ML tree with support values as branch labels written to: /in/RAxML_bipartitionsBranchLabels.EOG091G0HC5.clustalo.aln.ALICUT.RTREVF

Overall execution time for full ML analysis: 60.423947 secs or 0.016784 hours or 0.000699 days

