
WARNING: The number of threads is currently set to 1
You can specify the number of threads to run via -T numberOfThreads
NumberOfThreads must be set to an integer value greater than 1

RAxML, will now set the number of threads automatically to 2 !


RAxML can't, parse the alignment file as phylip file 
it will now try to parse it as FASTA file


This is the RAxML Master Pthread

This is RAxML Worker Pthread Number: 1


This is RAxML version 8.2.12 released by Alexandros Stamatakis on May 2018.

With greatly appreciated code contributions by:
Andre Aberer      (HITS)
Simon Berger      (HITS)
Alexey Kozlov     (HITS)
Kassian Kobert    (HITS)
David Dao         (KIT and HITS)
Sarah Lutteropp   (KIT and HITS)
Nick Pattengale   (Sandia)
Wayne Pfeiffer    (SDSC)
Akifumi S. Tanabe (NRIFS)
Charlie Taylor    (UF)


Alignment has 298 distinct alignment patterns

Proportion of gaps and completely undetermined characters in this alignment: 5.76%

RAxML rapid bootstrapping and subsequent ML search

Using 1 distinct models/data partitions with joint branch length optimization



Executing 100 rapid bootstrap inferences and thereafter a thorough ML search 

All free model parameters will be estimated by RAxML
GAMMA model of rate heterogeneity, ML estimate of alpha-parameter

GAMMA Model parameters will be estimated up to an accuracy of 0.1000000000 Log Likelihood units

Partition: 0
Alignment Patterns: 298
Name: No Name Provided
DataType: AA
Substitution Matrix: LG
Using empirical base frequencies




RAxML was called as follows:

raxml -f a -T 1 -m PROTGAMMALGF -p 12345 -x 12345 -# 100 -s ALICUT_EOG091G1817.clustalo.aln.fasta -n EOG091G1817.clustalo.aln.ALICUT.LGF 



Time for BS model parameter optimization 0.040728
Bootstrap[0]: Time 0.397713 seconds, bootstrap likelihood -4567.497940, best rearrangement setting 13
Bootstrap[1]: Time 0.305737 seconds, bootstrap likelihood -4598.640174, best rearrangement setting 13
Bootstrap[2]: Time 0.629637 seconds, bootstrap likelihood -4480.255755, best rearrangement setting 12
Bootstrap[3]: Time 0.635821 seconds, bootstrap likelihood -4608.389263, best rearrangement setting 15
Bootstrap[4]: Time 0.284246 seconds, bootstrap likelihood -4451.041094, best rearrangement setting 10
Bootstrap[5]: Time 0.274008 seconds, bootstrap likelihood -4678.459551, best rearrangement setting 10
Bootstrap[6]: Time 0.599408 seconds, bootstrap likelihood -4719.529179, best rearrangement setting 6
Bootstrap[7]: Time 0.637287 seconds, bootstrap likelihood -4446.103616, best rearrangement setting 14
Bootstrap[8]: Time 0.655492 seconds, bootstrap likelihood -4791.463353, best rearrangement setting 5
Bootstrap[9]: Time 0.641887 seconds, bootstrap likelihood -4541.901598, best rearrangement setting 7
Bootstrap[10]: Time 0.656488 seconds, bootstrap likelihood -4622.633260, best rearrangement setting 7
Bootstrap[11]: Time 0.690470 seconds, bootstrap likelihood -4746.697803, best rearrangement setting 5
Bootstrap[12]: Time 0.282555 seconds, bootstrap likelihood -4508.849736, best rearrangement setting 8
Bootstrap[13]: Time 0.583899 seconds, bootstrap likelihood -4784.434493, best rearrangement setting 7
Bootstrap[14]: Time 0.593786 seconds, bootstrap likelihood -4490.919559, best rearrangement setting 12
Bootstrap[15]: Time 0.290225 seconds, bootstrap likelihood -4366.771146, best rearrangement setting 15
Bootstrap[16]: Time 0.298601 seconds, bootstrap likelihood -4588.360683, best rearrangement setting 12
Bootstrap[17]: Time 0.275900 seconds, bootstrap likelihood -4656.326787, best rearrangement setting 12
Bootstrap[18]: Time 0.550821 seconds, bootstrap likelihood -4378.285026, best rearrangement setting 5
Bootstrap[19]: Time 0.596588 seconds, bootstrap likelihood -4552.662908, best rearrangement setting 8
Bootstrap[20]: Time 0.318253 seconds, bootstrap likelihood -4703.282328, best rearrangement setting 10
Bootstrap[21]: Time 0.646638 seconds, bootstrap likelihood -4509.726427, best rearrangement setting 6
Bootstrap[22]: Time 0.643224 seconds, bootstrap likelihood -4684.076947, best rearrangement setting 5
Bootstrap[23]: Time 0.266636 seconds, bootstrap likelihood -4378.379263, best rearrangement setting 7
Bootstrap[24]: Time 0.301383 seconds, bootstrap likelihood -4602.318927, best rearrangement setting 8
Bootstrap[25]: Time 0.600911 seconds, bootstrap likelihood -4464.230659, best rearrangement setting 6
Bootstrap[26]: Time 0.642685 seconds, bootstrap likelihood -4739.057374, best rearrangement setting 12
Bootstrap[27]: Time 0.688794 seconds, bootstrap likelihood -4559.810553, best rearrangement setting 10
Bootstrap[28]: Time 0.667098 seconds, bootstrap likelihood -4565.600709, best rearrangement setting 11
Bootstrap[29]: Time 0.328839 seconds, bootstrap likelihood -4457.562868, best rearrangement setting 12
Bootstrap[30]: Time 0.299839 seconds, bootstrap likelihood -4554.363580, best rearrangement setting 15
Bootstrap[31]: Time 0.291549 seconds, bootstrap likelihood -4491.663712, best rearrangement setting 15
Bootstrap[32]: Time 0.666012 seconds, bootstrap likelihood -4577.187326, best rearrangement setting 6
Bootstrap[33]: Time 0.633769 seconds, bootstrap likelihood -4594.854972, best rearrangement setting 15
Bootstrap[34]: Time 0.636643 seconds, bootstrap likelihood -4631.487757, best rearrangement setting 11
Bootstrap[35]: Time 0.295672 seconds, bootstrap likelihood -4593.809568, best rearrangement setting 8
Bootstrap[36]: Time 0.732191 seconds, bootstrap likelihood -4588.398442, best rearrangement setting 9
Bootstrap[37]: Time 0.634510 seconds, bootstrap likelihood -4588.422998, best rearrangement setting 11
Bootstrap[38]: Time 0.301075 seconds, bootstrap likelihood -4628.483246, best rearrangement setting 8
Bootstrap[39]: Time 0.290609 seconds, bootstrap likelihood -4578.713354, best rearrangement setting 13
Bootstrap[40]: Time 0.283427 seconds, bootstrap likelihood -4520.788592, best rearrangement setting 13
Bootstrap[41]: Time 0.293269 seconds, bootstrap likelihood -4467.120539, best rearrangement setting 10
Bootstrap[42]: Time 0.630619 seconds, bootstrap likelihood -4631.326183, best rearrangement setting 5
Bootstrap[43]: Time 0.585215 seconds, bootstrap likelihood -4515.702885, best rearrangement setting 14
Bootstrap[44]: Time 0.276181 seconds, bootstrap likelihood -4522.781114, best rearrangement setting 10
Bootstrap[45]: Time 0.288659 seconds, bootstrap likelihood -4534.235774, best rearrangement setting 15
Bootstrap[46]: Time 0.300567 seconds, bootstrap likelihood -4649.407893, best rearrangement setting 14
Bootstrap[47]: Time 0.263674 seconds, bootstrap likelihood -4348.892981, best rearrangement setting 8
Bootstrap[48]: Time 0.320913 seconds, bootstrap likelihood -4628.457673, best rearrangement setting 6
Bootstrap[49]: Time 0.284727 seconds, bootstrap likelihood -4633.816160, best rearrangement setting 7
Bootstrap[50]: Time 0.595299 seconds, bootstrap likelihood -4595.795535, best rearrangement setting 7
Bootstrap[51]: Time 0.656866 seconds, bootstrap likelihood -4816.338993, best rearrangement setting 11
Bootstrap[52]: Time 0.570969 seconds, bootstrap likelihood -4566.964384, best rearrangement setting 12
Bootstrap[53]: Time 0.613699 seconds, bootstrap likelihood -4656.868872, best rearrangement setting 8
Bootstrap[54]: Time 0.265457 seconds, bootstrap likelihood -4436.485804, best rearrangement setting 9
Bootstrap[55]: Time 0.644575 seconds, bootstrap likelihood -4646.634078, best rearrangement setting 11
Bootstrap[56]: Time 0.616111 seconds, bootstrap likelihood -4831.043994, best rearrangement setting 5
Bootstrap[57]: Time 0.663662 seconds, bootstrap likelihood -4610.971811, best rearrangement setting 7
Bootstrap[58]: Time 0.656878 seconds, bootstrap likelihood -4542.106050, best rearrangement setting 10
Bootstrap[59]: Time 0.577078 seconds, bootstrap likelihood -4698.409582, best rearrangement setting 9
Bootstrap[60]: Time 0.259368 seconds, bootstrap likelihood -4594.968964, best rearrangement setting 7
Bootstrap[61]: Time 0.300763 seconds, bootstrap likelihood -4707.683612, best rearrangement setting 5
Bootstrap[62]: Time 0.289407 seconds, bootstrap likelihood -4330.219159, best rearrangement setting 11
Bootstrap[63]: Time 0.626867 seconds, bootstrap likelihood -4463.746656, best rearrangement setting 12
Bootstrap[64]: Time 0.627151 seconds, bootstrap likelihood -4389.415124, best rearrangement setting 7
Bootstrap[65]: Time 0.271909 seconds, bootstrap likelihood -4459.171088, best rearrangement setting 5
Bootstrap[66]: Time 0.278065 seconds, bootstrap likelihood -4693.522661, best rearrangement setting 5
Bootstrap[67]: Time 0.614334 seconds, bootstrap likelihood -4416.471358, best rearrangement setting 15
Bootstrap[68]: Time 0.637750 seconds, bootstrap likelihood -4636.685466, best rearrangement setting 11
Bootstrap[69]: Time 0.606226 seconds, bootstrap likelihood -4771.877083, best rearrangement setting 5
Bootstrap[70]: Time 0.607936 seconds, bootstrap likelihood -4674.975085, best rearrangement setting 8
Bootstrap[71]: Time 0.288272 seconds, bootstrap likelihood -4733.052388, best rearrangement setting 10
Bootstrap[72]: Time 0.669756 seconds, bootstrap likelihood -4414.992978, best rearrangement setting 11
Bootstrap[73]: Time 0.698039 seconds, bootstrap likelihood -4795.358457, best rearrangement setting 9
Bootstrap[74]: Time 0.677183 seconds, bootstrap likelihood -4469.023029, best rearrangement setting 5
Bootstrap[75]: Time 0.639370 seconds, bootstrap likelihood -4554.618585, best rearrangement setting 8
Bootstrap[76]: Time 0.643051 seconds, bootstrap likelihood -4641.839840, best rearrangement setting 9
Bootstrap[77]: Time 0.632285 seconds, bootstrap likelihood -4484.427924, best rearrangement setting 11
Bootstrap[78]: Time 0.620676 seconds, bootstrap likelihood -4651.139834, best rearrangement setting 15
Bootstrap[79]: Time 0.650593 seconds, bootstrap likelihood -4686.699716, best rearrangement setting 9
Bootstrap[80]: Time 0.648177 seconds, bootstrap likelihood -4579.966026, best rearrangement setting 15
Bootstrap[81]: Time 0.698531 seconds, bootstrap likelihood -4723.235912, best rearrangement setting 7
Bootstrap[82]: Time 0.651253 seconds, bootstrap likelihood -4624.783426, best rearrangement setting 6
Bootstrap[83]: Time 0.642192 seconds, bootstrap likelihood -4664.909664, best rearrangement setting 10
Bootstrap[84]: Time 0.641869 seconds, bootstrap likelihood -4591.902441, best rearrangement setting 11
Bootstrap[85]: Time 0.574832 seconds, bootstrap likelihood -4250.807287, best rearrangement setting 8
Bootstrap[86]: Time 0.616669 seconds, bootstrap likelihood -4661.794549, best rearrangement setting 7
Bootstrap[87]: Time 0.673507 seconds, bootstrap likelihood -4534.661177, best rearrangement setting 7
Bootstrap[88]: Time 0.289911 seconds, bootstrap likelihood -4613.391928, best rearrangement setting 12
Bootstrap[89]: Time 0.675615 seconds, bootstrap likelihood -4572.775159, best rearrangement setting 10
Bootstrap[90]: Time 0.646741 seconds, bootstrap likelihood -4540.379123, best rearrangement setting 8
Bootstrap[91]: Time 0.297243 seconds, bootstrap likelihood -4698.918514, best rearrangement setting 12
Bootstrap[92]: Time 0.618992 seconds, bootstrap likelihood -4525.520104, best rearrangement setting 13
Bootstrap[93]: Time 0.651098 seconds, bootstrap likelihood -4680.171033, best rearrangement setting 15
Bootstrap[94]: Time 0.777731 seconds, bootstrap likelihood -4626.444357, best rearrangement setting 5
Bootstrap[95]: Time 0.649171 seconds, bootstrap likelihood -4542.779059, best rearrangement setting 5
Bootstrap[96]: Time 0.646474 seconds, bootstrap likelihood -4510.685661, best rearrangement setting 13
Bootstrap[97]: Time 0.649525 seconds, bootstrap likelihood -4684.092888, best rearrangement setting 11
Bootstrap[98]: Time 0.643835 seconds, bootstrap likelihood -4636.876994, best rearrangement setting 6
Bootstrap[99]: Time 0.260754 seconds, bootstrap likelihood -4456.323929, best rearrangement setting 14


Overall Time for 100 Rapid Bootstraps 51.766652 seconds
Average Time per Rapid Bootstrap 0.517667 seconds

Starting ML Search ...

Fast ML optimization finished

Fast ML search Time: 32.849623 seconds

Slow ML Search 0 Likelihood: -4617.295842
Slow ML Search 1 Likelihood: -4617.295842
Slow ML Search 2 Likelihood: -4617.295842
Slow ML Search 3 Likelihood: -4617.295842
Slow ML Search 4 Likelihood: -4617.295842
Slow ML Search 5 Likelihood: -4617.295842
Slow ML Search 6 Likelihood: -4617.295842
Slow ML Search 7 Likelihood: -4617.295842
Slow ML Search 8 Likelihood: -4617.295842
Slow ML Search 9 Likelihood: -4617.295842
Slow ML optimization finished

Slow ML search Time: 11.109934 seconds
Thorough ML search Time: 0.967537 seconds

Final ML Optimization Likelihood: -4617.295842

Model Information:

Model Parameters of Partition 0, Name: No Name Provided, Type of Data: AA
alpha: 1.408644
Tree-Length: 3.728405
rate A <-> R: 0.399182
rate A <-> N: 0.259945
rate A <-> D: 0.371058
rate A <-> C: 2.337364
rate A <-> Q: 0.910775
rate A <-> E: 0.975241
rate A <-> G: 1.940106
rate A <-> H: 0.336984
rate A <-> I: 0.140697
rate A <-> L: 0.371240
rate A <-> K: 0.503815
rate A <-> M: 1.055520
rate A <-> F: 0.238237
rate A <-> P: 1.105868
rate A <-> S: 4.439041
rate A <-> T: 2.009090
rate A <-> W: 0.169702
rate A <-> Y: 0.205613
rate A <-> V: 2.392567
rate R <-> N: 0.706048
rate R <-> D: 0.116398
rate R <-> C: 0.501968
rate R <-> Q: 2.636754
rate R <-> E: 0.341785
rate R <-> G: 0.366408
rate R <-> H: 2.278690
rate R <-> I: 0.119250
rate R <-> L: 0.283449
rate R <-> K: 5.940467
rate R <-> M: 0.454623
rate R <-> F: 0.049508
rate R <-> P: 0.312264
rate R <-> S: 0.805843
rate R <-> T: 0.543695
rate R <-> W: 0.557424
rate R <-> Y: 0.295274
rate R <-> V: 0.160471
rate N <-> D: 4.766737
rate N <-> C: 0.496537
rate N <-> Q: 1.592389
rate N <-> E: 0.508692
rate N <-> G: 1.350015
rate N <-> H: 4.234381
rate N <-> I: 0.179830
rate N <-> L: 0.064256
rate N <-> K: 2.014327
rate N <-> M: 0.348390
rate N <-> F: 0.084068
rate N <-> P: 0.151925
rate N <-> S: 3.764032
rate N <-> T: 1.878729
rate N <-> W: 0.042610
rate N <-> Y: 0.574720
rate N <-> V: 0.078587
rate D <-> C: 0.058743
rate D <-> Q: 0.491483
rate D <-> E: 4.924234
rate D <-> G: 0.793424
rate D <-> H: 0.870603
rate D <-> I: 0.010038
rate D <-> L: 0.014157
rate D <-> K: 0.265711
rate D <-> M: 0.023991
rate D <-> F: 0.016354
rate D <-> P: 0.370412
rate D <-> S: 1.164675
rate D <-> T: 0.399902
rate D <-> W: 0.028068
rate D <-> Y: 0.126872
rate D <-> V: 0.035653
rate C <-> Q: 0.079639
rate C <-> E: 0.003286
rate C <-> G: 0.534566
rate C <-> H: 0.601499
rate C <-> I: 0.301083
rate C <-> L: 0.557800
rate C <-> K: 0.012457
rate C <-> M: 0.839207
rate C <-> F: 1.037881
rate C <-> P: 0.070787
rate C <-> S: 2.614753
rate C <-> T: 1.073780
rate C <-> W: 0.629281
rate C <-> Y: 1.094488
rate C <-> V: 1.839864
rate Q <-> E: 3.876936
rate Q <-> G: 0.251626
rate Q <-> H: 4.520102
rate Q <-> I: 0.068413
rate Q <-> L: 0.546954
rate Q <-> K: 3.037150
rate Q <-> M: 1.570619
rate Q <-> F: 0.033669
rate Q <-> P: 0.586241
rate Q <-> S: 1.149231
rate Q <-> T: 1.014297
rate Q <-> W: 0.221802
rate Q <-> Y: 0.241650
rate Q <-> V: 0.197511
rate E <-> G: 0.327583
rate E <-> H: 0.398044
rate E <-> I: 0.041567
rate E <-> L: 0.065426
rate E <-> K: 1.697022
rate E <-> M: 0.163145
rate E <-> F: 0.017664
rate E <-> P: 0.393844
rate E <-> S: 0.574671
rate E <-> T: 0.567695
rate E <-> W: 0.073107
rate E <-> Y: 0.112720
rate E <-> V: 0.230098
rate G <-> H: 0.292498
rate G <-> I: 0.008174
rate G <-> L: 0.041563
rate G <-> K: 0.278555
rate G <-> M: 0.131033
rate G <-> F: 0.084125
rate G <-> P: 0.184955
rate G <-> S: 1.633930
rate G <-> T: 0.121922
rate G <-> W: 0.252125
rate G <-> Y: 0.051346
rate G <-> V: 0.072026
rate H <-> I: 0.102245
rate H <-> L: 0.343988
rate H <-> K: 0.654763
rate H <-> M: 0.415502
rate H <-> F: 0.640560
rate H <-> P: 0.477834
rate H <-> S: 0.929667
rate H <-> T: 0.548649
rate H <-> W: 0.560661
rate H <-> Y: 4.983361
rate H <-> V: 0.111759
rate I <-> L: 3.892408
rate I <-> K: 0.149373
rate I <-> M: 4.013113
rate I <-> F: 1.044902
rate I <-> P: 0.073509
rate I <-> S: 0.060198
rate I <-> T: 0.970728
rate I <-> W: 0.104854
rate I <-> Y: 0.218350
rate I <-> V: 10.000000
rate L <-> K: 0.129119
rate L <-> M: 5.927594
rate L <-> F: 2.434657
rate L <-> P: 0.233879
rate L <-> S: 0.171176
rate L <-> T: 0.284471
rate L <-> W: 0.581863
rate L <-> Y: 0.281383
rate L <-> V: 1.598956
rate K <-> M: 0.616581
rate K <-> F: 0.022460
rate K <-> P: 0.366530
rate K <-> S: 0.703048
rate K <-> T: 1.067567
rate K <-> W: 0.046864
rate K <-> Y: 0.123890
rate K <-> V: 0.173913
rate M <-> F: 1.689205
rate M <-> P: 0.093763
rate M <-> S: 0.325811
rate M <-> T: 1.897216
rate M <-> W: 0.653740
rate M <-> Y: 0.451968
rate M <-> V: 1.782983
rate F <-> P: 0.088706
rate F <-> S: 0.339765
rate F <-> T: 0.154944
rate F <-> W: 2.307349
rate F <-> Y: 7.328222
rate F <-> V: 0.614777
rate P <-> S: 1.256567
rate P <-> T: 0.536635
rate P <-> W: 0.089332
rate P <-> Y: 0.084151
rate P <-> V: 0.278428
rate S <-> T: 6.077767
rate S <-> W: 0.233693
rate S <-> Y: 0.376132
rate S <-> V: 0.092373
rate T <-> W: 0.132241
rate T <-> Y: 0.230856
rate T <-> V: 2.054781
rate W <-> Y: 2.959699
rate W <-> V: 0.177959
rate Y <-> V: 0.234116

freq pi(A): 0.050911
freq pi(R): 0.094051
freq pi(N): 0.046892
freq pi(D): 0.063773
freq pi(C): 0.007771
freq pi(Q): 0.046892
freq pi(E): 0.107717
freq pi(G): 0.038853
freq pi(H): 0.019561
freq pi(I): 0.075563
freq pi(L): 0.080922
freq pi(K): 0.091908
freq pi(M): 0.020364
freq pi(F): 0.046356
freq pi(P): 0.027331
freq pi(S): 0.055734
freq pi(T): 0.043676
freq pi(W): 0.007235
freq pi(Y): 0.020096
freq pi(V): 0.054394


ML search took 44.946651 secs or 0.012485 hours

Combined Bootstrap and ML search took 96.713478 secs or 0.026865 hours

Drawing Bootstrap Support Values on best-scoring ML tree ...



Found 1 tree in File /in/RAxML_bestTree.EOG091G1817.clustalo.aln.ALICUT.LGF



Found 1 tree in File /in/RAxML_bestTree.EOG091G1817.clustalo.aln.ALICUT.LGF

Program execution info written to /in/RAxML_info.EOG091G1817.clustalo.aln.ALICUT.LGF
All 100 bootstrapped trees written to: /in/RAxML_bootstrap.EOG091G1817.clustalo.aln.ALICUT.LGF

Best-scoring ML tree written to: /in/RAxML_bestTree.EOG091G1817.clustalo.aln.ALICUT.LGF

Best-scoring ML tree with support values written to: /in/RAxML_bipartitions.EOG091G1817.clustalo.aln.ALICUT.LGF

Best-scoring ML tree with support values as branch labels written to: /in/RAxML_bipartitionsBranchLabels.EOG091G1817.clustalo.aln.ALICUT.LGF

Overall execution time for full ML analysis: 96.715279 secs or 0.026865 hours or 0.001119 days

