
	reading taxa from FASTA ...


	R.norvegicus         -> sites: 254   
	C.sinensis           -> sites: 254   
	D.melanogaster       -> sites: 254   
	S.mansoni            -> sites: 254   
	E.nipponicum         -> sites: 254   
	G.turnbulli          -> sites: 254   
	D.rerio              -> sites: 254   
	O.viverrini          -> sites: 254   
	G.salaris            -> sites: 254   
	T.solium             -> sites: 254   
	C.elegans            -> sites: 254   
	C.intestinalis       -> sites: 254   


	data type             : amino acid sequences

	input ...

	infile		: EOG091G0KVW.clustalo.aln.fasta
	random pairs	: 200000000000000000
	window size	: 6
	indels		: ambiguous
	tree file	: -
	node level	: -
	strict profile	: -
	outgroup	: -
	matrix          : BLOSUM62

	number of taxa        : 12
	random number of pairs: 200000000000000000

	generates threshhold value for amino acid data
	using BLOSUM62

	checks for (potential) identical taxa


	scores site patterns ...


	max number of different pairs is 66
	max random pairs are scored!

	pair: 1      ->	taxon1: R.norvegic	taxon2: C.sinensis
	            	positions below base line: 82
	pair: 2      ->	taxon1: R.norvegic	taxon2: D.melanoga
	            	positions below base line: 43
	pair: 3      ->	taxon1: R.norvegic	taxon2: S.mansoni 
	            	positions below base line: 87
	pair: 4      ->	taxon1: R.norvegic	taxon2: E.nipponic
	            	positions below base line: 131
	pair: 5      ->	taxon1: R.norvegic	taxon2: G.turnbull
	            	positions below base line: 81
	pair: 6      ->	taxon1: R.norvegic	taxon2: D.rerio   
	            	positions below base line: 40
	pair: 7      ->	taxon1: R.norvegic	taxon2: O.viverrin
	            	positions below base line: 84
	pair: 8      ->	taxon1: R.norvegic	taxon2: G.salaris 
	            	positions below base line: 77
	pair: 9      ->	taxon1: R.norvegic	taxon2: T.solium  
	            	positions below base line: 139
	pair: 10     ->	taxon1: R.norvegic	taxon2: C.elegans 
	            	positions below base line: 62
	pair: 11     ->	taxon1: R.norvegic	taxon2: C.intestin
	            	positions below base line: 104
	pair: 12     ->	taxon1: C.sinensis	taxon2: D.melanoga
	            	positions below base line: 79
	pair: 13     ->	taxon1: C.sinensis	taxon2: S.mansoni 
	            	positions below base line: 72
	pair: 14     ->	taxon1: C.sinensis	taxon2: E.nipponic
	            	positions below base line: 159
	pair: 15     ->	taxon1: C.sinensis	taxon2: G.turnbull
	            	positions below base line: 76
	pair: 16     ->	taxon1: C.sinensis	taxon2: D.rerio   
	            	positions below base line: 81
	pair: 17     ->	taxon1: C.sinensis	taxon2: O.viverrin
	            	positions below base line: 46
	pair: 18     ->	taxon1: C.sinensis	taxon2: G.salaris 
	            	positions below base line: 77
	pair: 19     ->	taxon1: C.sinensis	taxon2: T.solium  
	            	positions below base line: 149
	pair: 20     ->	taxon1: C.sinensis	taxon2: C.elegans 
	            	positions below base line: 72
	pair: 21     ->	taxon1: C.sinensis	taxon2: C.intestin
	            	positions below base line: 96
	pair: 22     ->	taxon1: D.melanoga	taxon2: S.mansoni 
	            	positions below base line: 75
	pair: 23     ->	taxon1: D.melanoga	taxon2: E.nipponic
	            	positions below base line: 147
	pair: 24     ->	taxon1: D.melanoga	taxon2: G.turnbull
	            	positions below base line: 82
	pair: 25     ->	taxon1: D.melanoga	taxon2: D.rerio   
	            	positions below base line: 43
	pair: 26     ->	taxon1: D.melanoga	taxon2: O.viverrin
	            	positions below base line: 84
	pair: 27     ->	taxon1: D.melanoga	taxon2: G.salaris 
	            	positions below base line: 83
	pair: 28     ->	taxon1: D.melanoga	taxon2: T.solium  
	            	positions below base line: 146
	pair: 29     ->	taxon1: D.melanoga	taxon2: C.elegans 
	            	positions below base line: 62
	pair: 30     ->	taxon1: D.melanoga	taxon2: C.intestin
	            	positions below base line: 98
	pair: 31     ->	taxon1: S.mansoni 	taxon2: E.nipponic
	            	positions below base line: 161
	pair: 32     ->	taxon1: S.mansoni 	taxon2: G.turnbull
	            	positions below base line: 84
	pair: 33     ->	taxon1: S.mansoni 	taxon2: D.rerio   
	            	positions below base line: 86
	pair: 34     ->	taxon1: S.mansoni 	taxon2: O.viverrin
	            	positions below base line: 73
	pair: 35     ->	taxon1: S.mansoni 	taxon2: G.salaris 
	            	positions below base line: 88
	pair: 36     ->	taxon1: S.mansoni 	taxon2: T.solium  
	            	positions below base line: 150
	pair: 37     ->	taxon1: S.mansoni 	taxon2: C.elegans 
	            	positions below base line: 95
	pair: 38     ->	taxon1: S.mansoni 	taxon2: C.intestin
	            	positions below base line: 91
	pair: 39     ->	taxon1: E.nipponic	taxon2: G.turnbull
	            	positions below base line: 149
	pair: 40     ->	taxon1: E.nipponic	taxon2: D.rerio   
	            	positions below base line: 131
	pair: 41     ->	taxon1: E.nipponic	taxon2: O.viverrin
	            	positions below base line: 159
	pair: 42     ->	taxon1: E.nipponic	taxon2: G.salaris 
	            	positions below base line: 151
	pair: 43     ->	taxon1: E.nipponic	taxon2: T.solium  
	            	positions below base line: 157
	pair: 44     ->	taxon1: E.nipponic	taxon2: C.elegans 
	            	positions below base line: 143
	pair: 45     ->	taxon1: E.nipponic	taxon2: C.intestin
	            	positions below base line: 154
	pair: 46     ->	taxon1: G.turnbull	taxon2: D.rerio   
	            	positions below base line: 80
	pair: 47     ->	taxon1: G.turnbull	taxon2: O.viverrin
	            	positions below base line: 71
	pair: 48     ->	taxon1: G.turnbull	taxon2: G.salaris 
	            	positions below base line: 73
	pair: 49     ->	taxon1: G.turnbull	taxon2: T.solium  
	            	positions below base line: 142
	pair: 50     ->	taxon1: G.turnbull	taxon2: C.elegans 
	            	positions below base line: 86
	pair: 51     ->	taxon1: G.turnbull	taxon2: C.intestin
	            	positions below base line: 104
	pair: 52     ->	taxon1: D.rerio   	taxon2: O.viverrin
	            	positions below base line: 83
	pair: 53     ->	taxon1: D.rerio   	taxon2: G.salaris 
	            	positions below base line: 77
	pair: 54     ->	taxon1: D.rerio   	taxon2: T.solium  
	            	positions below base line: 139
	pair: 55     ->	taxon1: D.rerio   	taxon2: C.elegans 
	            	positions below base line: 58
	pair: 56     ->	taxon1: D.rerio   	taxon2: C.intestin
	            	positions below base line: 106
	pair: 57     ->	taxon1: O.viverrin	taxon2: G.salaris 
	            	positions below base line: 77
	pair: 58     ->	taxon1: O.viverrin	taxon2: T.solium  
	            	positions below base line: 146
	pair: 59     ->	taxon1: O.viverrin	taxon2: C.elegans 
	            	positions below base line: 83
	pair: 60     ->	taxon1: O.viverrin	taxon2: C.intestin
	            	positions below base line: 96
	pair: 61     ->	taxon1: G.salaris 	taxon2: T.solium  
	            	positions below base line: 143
	pair: 62     ->	taxon1: G.salaris 	taxon2: C.elegans 
	            	positions below base line: 94
	pair: 63     ->	taxon1: G.salaris 	taxon2: C.intestin
	            	positions below base line: 99
	pair: 64     ->	taxon1: T.solium  	taxon2: C.elegans 
	            	positions below base line: 151
	pair: 65     ->	taxon1: T.solium  	taxon2: C.intestin
	            	positions below base line: 141
	pair: 66     ->	taxon1: C.elegans 	taxon2: C.intestin
	            	positions below base line: 115

	generates quality profile from collected scores ...


	scoring done ...


	generates vector plot from collected scores ...


Argument "-" treated as 0 in increment (++) at /usr/bin/Aliscore.pl line 1213.
	Profile written to EOG091G0KVW.clustalo.aln.fasta_Profile_random.txt
	List   written to EOG091G0KVW.clustalo.aln.fasta_List_random.txt

	time used: 4.92 sec

