--2018-12-14 10:17:21--  http://www.orthodb.org/fasta?query=EOG091G02LY&level=33208
Resolving www.orthodb.org (www.orthodb.org)... 142.93.108.123, 2a03:b0c0:3:d0::d19:7001
Connecting to www.orthodb.org (www.orthodb.org)|142.93.108.123|:80... connected.
HTTP request sent, awaiting response... 301 Moved Permanently
Location: https://www.orthodb.org/fasta?query=EOG091G02LY&level=33208 [following]
--2018-12-14 10:17:21--  https://www.orthodb.org/fasta?query=EOG091G02LY&level=33208
Connecting to www.orthodb.org (www.orthodb.org)|142.93.108.123|:443... connected.
HTTP request sent, awaiting response... 200 OK
Length: 920990 (899K) [text/plain]
Saving to: ‘EOG091G02LY/EOG091G02LY.orthodb.fasta’

     0K .......... .......... .......... .......... ..........  5% 1,32M 1s
    50K .......... .......... .......... .......... .......... 11% 1,92M 0s
   100K .......... .......... .......... .......... .......... 16% 1,32M 0s
   150K .......... .......... .......... .......... .......... 22% 3,28M 0s
   200K .......... .......... .......... .......... .......... 27% 3,26M 0s
   250K .......... .......... .......... .......... .......... 33% 1,91M 0s
   300K .......... .......... .......... .......... .......... 38% 3,29M 0s
   350K .......... .......... .......... .......... .......... 44% 3,17M 0s
   400K .......... .......... .......... .......... .......... 50% 3,66M 0s
   450K .......... .......... .......... .......... .......... 55% 3,18M 0s
   500K .......... .......... .......... .......... .......... 61% 2,69M 0s
   550K .......... .......... .......... .......... .......... 66% 3,26M 0s
   600K .......... .......... .......... .......... .......... 72% 2,74M 0s
   650K .......... .......... .......... .......... .......... 77% 1,70M 0s
   700K .......... .......... .......... .......... .......... 83% 3,28M 0s
   750K .......... .......... .......... .......... .......... 88% 5,65M 0s
   800K .......... .......... .......... .......... .......... 94% 3,13M 0s
   850K .......... .......... .......... .......... ......... 100% 3,01M=0,3s

2018-12-14 10:17:22 (2,52 MB/s) - ‘EOG091G02LY/EOG091G02LY.orthodb.fasta’ saved [920990/920990]

