
	reading taxa from FASTA ...


	R.norvegicus         -> sites: 888   
	C.elegans            -> sites: 888   
	D.melanogaster       -> sites: 888   
	D.rerio              -> sites: 888   
	C.sinensis           -> sites: 888   
	E.granulosus         -> sites: 888   
	M.lignano            -> sites: 888   
	C.intestinalis       -> sites: 888   
	H.microstoma         -> sites: 888   
	S.mansoni            -> sites: 888   
	G.salaris            -> sites: 888   


	data type             : amino acid sequences

	input ...

	infile		: EOG091G053D.clustalo.aln.fasta
	random pairs	: 200000000000000000
	window size	: 6
	indels		: ambiguous
	tree file	: -
	node level	: -
	strict profile	: -
	outgroup	: -
	matrix          : BLOSUM62

	number of taxa        : 11
	random number of pairs: 200000000000000000

	generates threshhold value for amino acid data
	using BLOSUM62

	checks for (potential) identical taxa


	scores site patterns ...


	max number of different pairs is 55
	max random pairs are scored!

	pair: 1      ->	taxon1: R.norvegic	taxon2: C.elegans 
	            	positions below base line: 512
	pair: 2      ->	taxon1: R.norvegic	taxon2: D.melanoga
	            	positions below base line: 465
	pair: 3      ->	taxon1: R.norvegic	taxon2: D.rerio   
	            	positions below base line: 334
	pair: 4      ->	taxon1: R.norvegic	taxon2: C.sinensis
	            	positions below base line: 625
	pair: 5      ->	taxon1: R.norvegic	taxon2: E.granulos
	            	positions below base line: 732
	pair: 6      ->	taxon1: R.norvegic	taxon2: M.lignano 
	            	positions below base line: 751
	pair: 7      ->	taxon1: R.norvegic	taxon2: C.intestin
	            	positions below base line: 468
	pair: 8      ->	taxon1: R.norvegic	taxon2: H.microsto
	            	positions below base line: 721
	pair: 9      ->	taxon1: R.norvegic	taxon2: S.mansoni 
	            	positions below base line: 577
	pair: 10     ->	taxon1: R.norvegic	taxon2: G.salaris 
	            	positions below base line: 609
	pair: 11     ->	taxon1: C.elegans 	taxon2: D.melanoga
	            	positions below base line: 500
	pair: 12     ->	taxon1: C.elegans 	taxon2: D.rerio   
	            	positions below base line: 518
	pair: 13     ->	taxon1: C.elegans 	taxon2: C.sinensis
	            	positions below base line: 642
	pair: 14     ->	taxon1: C.elegans 	taxon2: E.granulos
	            	positions below base line: 730
	pair: 15     ->	taxon1: C.elegans 	taxon2: M.lignano 
	            	positions below base line: 757
	pair: 16     ->	taxon1: C.elegans 	taxon2: C.intestin
	            	positions below base line: 524
	pair: 17     ->	taxon1: C.elegans 	taxon2: H.microsto
	            	positions below base line: 714
	pair: 18     ->	taxon1: C.elegans 	taxon2: S.mansoni 
	            	positions below base line: 573
	pair: 19     ->	taxon1: C.elegans 	taxon2: G.salaris 
	            	positions below base line: 637
	pair: 20     ->	taxon1: D.melanoga	taxon2: D.rerio   
	            	positions below base line: 439
	pair: 21     ->	taxon1: D.melanoga	taxon2: C.sinensis
	            	positions below base line: 622
	pair: 22     ->	taxon1: D.melanoga	taxon2: E.granulos
	            	positions below base line: 724
	pair: 23     ->	taxon1: D.melanoga	taxon2: M.lignano 
	            	positions below base line: 725
	pair: 24     ->	taxon1: D.melanoga	taxon2: C.intestin
	            	positions below base line: 499
	pair: 25     ->	taxon1: D.melanoga	taxon2: H.microsto
	            	positions below base line: 695
	pair: 26     ->	taxon1: D.melanoga	taxon2: S.mansoni 
	            	positions below base line: 574
	pair: 27     ->	taxon1: D.melanoga	taxon2: G.salaris 
	            	positions below base line: 640
	pair: 28     ->	taxon1: D.rerio   	taxon2: C.sinensis
	            	positions below base line: 616
	pair: 29     ->	taxon1: D.rerio   	taxon2: E.granulos
	            	positions below base line: 736
	pair: 30     ->	taxon1: D.rerio   	taxon2: M.lignano 
	            	positions below base line: 743
	pair: 31     ->	taxon1: D.rerio   	taxon2: C.intestin
	            	positions below base line: 460
	pair: 32     ->	taxon1: D.rerio   	taxon2: H.microsto
	            	positions below base line: 715
	pair: 33     ->	taxon1: D.rerio   	taxon2: S.mansoni 
	            	positions below base line: 550
	pair: 34     ->	taxon1: D.rerio   	taxon2: G.salaris 
	            	positions below base line: 608
	pair: 35     ->	taxon1: C.sinensis	taxon2: E.granulos
	            	positions below base line: 707
	pair: 36     ->	taxon1: C.sinensis	taxon2: M.lignano 
	            	positions below base line: 753
	pair: 37     ->	taxon1: C.sinensis	taxon2: C.intestin
	            	positions below base line: 628
	pair: 38     ->	taxon1: C.sinensis	taxon2: H.microsto
	            	positions below base line: 704
	pair: 39     ->	taxon1: C.sinensis	taxon2: S.mansoni 
	            	positions below base line: 502
	pair: 40     ->	taxon1: C.sinensis	taxon2: G.salaris 
	            	positions below base line: 639
	pair: 41     ->	taxon1: E.granulos	taxon2: M.lignano 
	            	positions below base line: 822
	pair: 42     ->	taxon1: E.granulos	taxon2: C.intestin
	            	positions below base line: 722
	pair: 43     ->	taxon1: E.granulos	taxon2: H.microsto
	            	positions below base line: 750
	pair: 44     ->	taxon1: E.granulos	taxon2: S.mansoni 
	            	positions below base line: 676
	pair: 45     ->	taxon1: E.granulos	taxon2: G.salaris 
	            	positions below base line: 730
	pair: 46     ->	taxon1: M.lignano 	taxon2: C.intestin
	            	positions below base line: 743
	pair: 47     ->	taxon1: M.lignano 	taxon2: H.microsto
	            	positions below base line: 831
	pair: 48     ->	taxon1: M.lignano 	taxon2: S.mansoni 
	            	positions below base line: 740
	pair: 49     ->	taxon1: M.lignano 	taxon2: G.salaris 
	            	positions below base line: 815
	pair: 50     ->	taxon1: C.intestin	taxon2: H.microsto
	            	positions below base line: 707
	pair: 51     ->	taxon1: C.intestin	taxon2: S.mansoni 
	            	positions below base line: 565
	pair: 52     ->	taxon1: C.intestin	taxon2: G.salaris 
	            	positions below base line: 638
	pair: 53     ->	taxon1: H.microsto	taxon2: S.mansoni 
	            	positions below base line: 666
	pair: 54     ->	taxon1: H.microsto	taxon2: G.salaris 
	            	positions below base line: 697
	pair: 55     ->	taxon1: S.mansoni 	taxon2: G.salaris 
	            	positions below base line: 589

	generates quality profile from collected scores ...


	scoring done ...


	generates vector plot from collected scores ...


Argument "-" treated as 0 in increment (++) at /usr/bin/Aliscore.pl line 1213.
	Profile written to EOG091G053D.clustalo.aln.fasta_Profile_random.txt
	List   written to EOG091G053D.clustalo.aln.fasta_List_random.txt

	time used: 3.86 sec

