--2018-12-14 11:48:02--  http://www.orthodb.org/fasta?query=EOG091G05T4&level=33208
Resolving www.orthodb.org (www.orthodb.org)... 142.93.108.123, 2a03:b0c0:3:e0::1b:1
Connecting to www.orthodb.org (www.orthodb.org)|142.93.108.123|:80... connected.
HTTP request sent, awaiting response... 301 Moved Permanently
Location: https://www.orthodb.org/fasta?query=EOG091G05T4&level=33208 [following]
--2018-12-14 11:48:02--  https://www.orthodb.org/fasta?query=EOG091G05T4&level=33208
Connecting to www.orthodb.org (www.orthodb.org)|142.93.108.123|:443... connected.
HTTP request sent, awaiting response... 200 OK
Length: 1165970 (1,1M) [text/plain]
Saving to: ‘EOG091G05T4/EOG091G05T4.orthodb.fasta’

     0K .......... .......... .......... .......... ..........  4% 1,23M 1s
    50K .......... .......... .......... .......... ..........  8% 1,17M 1s
   100K .......... .......... .......... .......... .......... 13% 2,38M 1s
   150K .......... .......... .......... .......... .......... 17% 2,27M 1s
   200K .......... .......... .......... .......... .......... 21% 2,63M 1s
   250K .......... .......... .......... .......... .......... 26% 3,25M 0s
   300K .......... .......... .......... .......... .......... 30% 2,93M 0s
   350K .......... .......... .......... .......... .......... 35% 2,65M 0s
   400K .......... .......... .......... .......... .......... 39% 3,21M 0s
   450K .......... .......... .......... .......... .......... 43% 2,37M 0s
   500K .......... .......... .......... .......... .......... 48% 2,75M 0s
   550K .......... .......... .......... .......... .......... 52% 3,05M 0s
   600K .......... .......... .......... .......... .......... 57% 4,43M 0s
   650K .......... .......... .......... .......... .......... 61% 1,90M 0s
   700K .......... .......... .......... .......... .......... 65% 3,14M 0s
   750K .......... .......... .......... .......... .......... 70% 2,18M 0s
   800K .......... .......... .......... .......... .......... 74% 3,14M 0s
   850K .......... .......... .......... .......... .......... 79% 2,36M 0s
   900K .......... .......... .......... .......... .......... 83% 9,90M 0s
   950K .......... .......... .......... .......... .......... 87% 2,84M 0s
  1000K .......... .......... .......... .......... .......... 92% 2,43M 0s
  1050K .......... .......... .......... .......... .......... 96% 2,52M 0s
  1100K .......... .......... .......... ........             100% 9,12M=0,4s

2018-12-14 11:48:04 (2,54 MB/s) - ‘EOG091G05T4/EOG091G05T4.orthodb.fasta’ saved [1165970/1165970]

