--2018-12-15 10:47:52--  http://www.orthodb.org/fasta?query=EOG091G0MRS&level=33208
Resolving www.orthodb.org (www.orthodb.org)... 142.93.108.123, 2a03:b0c0:3:d0::d19:7001
Connecting to www.orthodb.org (www.orthodb.org)|142.93.108.123|:80... connected.
HTTP request sent, awaiting response... 301 Moved Permanently
Location: https://www.orthodb.org/fasta?query=EOG091G0MRS&level=33208 [following]
--2018-12-15 10:47:53--  https://www.orthodb.org/fasta?query=EOG091G0MRS&level=33208
Connecting to www.orthodb.org (www.orthodb.org)|142.93.108.123|:443... connected.
HTTP request sent, awaiting response... 200 OK
Length: 494170 (483K) [text/plain]
Saving to: ‘EOG091G0MRS/EOG091G0MRS.orthodb.fasta’

     0K .......... .......... .......... .......... .......... 10% 1,30M 0s
    50K .......... .......... .......... .......... .......... 20% 1,88M 0s
   100K .......... .......... .......... .......... .......... 31% 1,62M 0s
   150K .......... .......... .......... .......... .......... 41% 2,42M 0s
   200K .......... .......... .......... .......... .......... 51% 1,84M 0s
   250K .......... .......... .......... .......... .......... 62% 3,01M 0s
   300K .......... .......... .......... .......... .......... 72% 2,58M 0s
   350K .......... .......... .......... .......... .......... 82% 2,99M 0s
   400K .......... .......... .......... .......... .......... 93% 3,14M 0s
   450K .......... .......... .......... ..                   100% 2,96M=0,2s

2018-12-15 10:47:53 (2,16 MB/s) - ‘EOG091G0MRS/EOG091G0MRS.orthodb.fasta’ saved [494170/494170]

