--2018-12-12 19:21:04--  http://www.orthodb.org/fasta?query=EOG091G03QC&level=33208
Resolving www.orthodb.org (www.orthodb.org)... 167.99.129.42, 2a03:b0c0:3:d0::d24:5001
Connecting to www.orthodb.org (www.orthodb.org)|167.99.129.42|:80... connected.
HTTP request sent, awaiting response... 301 Moved Permanently
Location: https://www.orthodb.org/fasta?query=EOG091G03QC&level=33208 [following]
--2018-12-12 19:21:04--  https://www.orthodb.org/fasta?query=EOG091G03QC&level=33208
Connecting to www.orthodb.org (www.orthodb.org)|167.99.129.42|:443... connected.
HTTP request sent, awaiting response... 200 OK
Length: 667509 (652K) [text/plain]
Saving to: ‘EOG091G03QC/EOG091G03QC.orthodb.fasta’

     0K .......... .......... .......... .......... ..........  7% 1,05M 1s
    50K .......... .......... .......... .......... .......... 15% 2,85M 0s
   100K .......... .......... .......... .......... .......... 23% 2,52M 0s
   150K .......... .......... .......... .......... .......... 30% 2,36M 0s
   200K .......... .......... .......... .......... .......... 38% 2,44M 0s
   250K .......... .......... .......... .......... .......... 46% 2,45M 0s
   300K .......... .......... .......... .......... .......... 53% 2,60M 0s
   350K .......... .......... .......... .......... .......... 61% 2,44M 0s
   400K .......... .......... .......... .......... .......... 69% 21,6M 0s
   450K .......... .......... .......... .......... .......... 76% 2,55M 0s
   500K .......... .......... .......... .......... .......... 84% 2,25M 0s
   550K .......... .......... .......... .......... .......... 92% 2,38M 0s
   600K .......... .......... .......... .......... .......... 99% 1,67M 0s
   650K .                                                     100% 3,58M=0,3s

2018-12-12 19:21:05 (2,31 MB/s) - ‘EOG091G03QC/EOG091G03QC.orthodb.fasta’ saved [667509/667509]

