--2018-12-14 10:20:17--  http://www.orthodb.org/fasta?query=EOG091G02MR&level=33208
Resolving www.orthodb.org (www.orthodb.org)... 167.99.129.42, 2a03:b0c0:3:e0::1b:1
Connecting to www.orthodb.org (www.orthodb.org)|167.99.129.42|:80... connected.
HTTP request sent, awaiting response... 301 Moved Permanently
Location: https://www.orthodb.org/fasta?query=EOG091G02MR&level=33208 [following]
--2018-12-14 10:20:17--  https://www.orthodb.org/fasta?query=EOG091G02MR&level=33208
Connecting to www.orthodb.org (www.orthodb.org)|167.99.129.42|:443... connected.
HTTP request sent, awaiting response... 200 OK
Length: 543271 (531K) [text/plain]
Saving to: ‘EOG091G02MR/EOG091G02MR.orthodb.fasta’

     0K .......... .......... .......... .......... ..........  9% 1,28M 0s
    50K .......... .......... .......... .......... .......... 18% 1,71M 0s
   100K .......... .......... .......... .......... .......... 28% 2,29M 0s
   150K .......... .......... .......... .......... .......... 37% 2,57M 0s
   200K .......... .......... .......... .......... .......... 47% 3,30M 0s
   250K .......... .......... .......... .......... .......... 56% 7,55M 0s
   300K .......... .......... .......... .......... .......... 65% 3,48M 0s
   350K .......... .......... .......... .......... .......... 75% 2,80M 0s
   400K .......... .......... .......... .......... .......... 84% 2,35M 0s
   450K .......... .......... .......... .......... .......... 94% 2,45M 0s
   500K .......... .......... ..........                      100% 14,2M=0,2s

2018-12-14 10:20:18 (2,56 MB/s) - ‘EOG091G02MR/EOG091G02MR.orthodb.fasta’ saved [543271/543271]

