--2018-12-15 02:30:51--  http://www.orthodb.org/fasta?query=EOG091G02IP&level=33208
Resolving www.orthodb.org (www.orthodb.org)... 142.93.108.123, 2a03:b0c0:3:d0::d19:7001
Connecting to www.orthodb.org (www.orthodb.org)|142.93.108.123|:80... connected.
HTTP request sent, awaiting response... 301 Moved Permanently
Location: https://www.orthodb.org/fasta?query=EOG091G02IP&level=33208 [following]
--2018-12-15 02:30:51--  https://www.orthodb.org/fasta?query=EOG091G02IP&level=33208
Connecting to www.orthodb.org (www.orthodb.org)|142.93.108.123|:443... connected.
HTTP request sent, awaiting response... 200 OK
Length: 586210 (572K) [text/plain]
Saving to: ‘EOG091G02IP/EOG091G02IP.orthodb.fasta’

     0K .......... .......... .......... .......... ..........  8% 1,32M 0s
    50K .......... .......... .......... .......... .......... 17% 2,34M 0s
   100K .......... .......... .......... .......... .......... 26% 2,31M 0s
   150K .......... .......... .......... .......... .......... 34% 2,48M 0s
   200K .......... .......... .......... .......... .......... 43% 2,50M 0s
   250K .......... .......... .......... .......... .......... 52% 2,48M 0s
   300K .......... .......... .......... .......... .......... 61% 3,19M 0s
   350K .......... .......... .......... .......... .......... 69% 8,39M 0s
   400K .......... .......... .......... .......... .......... 78% 2,48M 0s
   450K .......... .......... .......... .......... .......... 87% 2,28M 0s
   500K .......... .......... .......... .......... .......... 96% 2,59M 0s
   550K .......... .......... ..                              100% 34,3M=0,2s

2018-12-15 02:30:52 (2,55 MB/s) - ‘EOG091G02IP/EOG091G02IP.orthodb.fasta’ saved [586210/586210]

