
WARNING: The number of threads is currently set to 1
You can specify the number of threads to run via -T numberOfThreads
NumberOfThreads must be set to an integer value greater than 1

RAxML, will now set the number of threads automatically to 2 !


RAxML can't, parse the alignment file as phylip file 
it will now try to parse it as FASTA file


This is the RAxML Master Pthread

This is RAxML Worker Pthread Number: 1


This is RAxML version 8.2.12 released by Alexandros Stamatakis on May 2018.

With greatly appreciated code contributions by:
Andre Aberer      (HITS)
Simon Berger      (HITS)
Alexey Kozlov     (HITS)
Kassian Kobert    (HITS)
David Dao         (KIT and HITS)
Sarah Lutteropp   (KIT and HITS)
Nick Pattengale   (Sandia)
Wayne Pfeiffer    (SDSC)
Akifumi S. Tanabe (NRIFS)
Charlie Taylor    (UF)


Alignment has 104 distinct alignment patterns

Proportion of gaps and completely undetermined characters in this alignment: 2.02%

RAxML rapid bootstrapping and subsequent ML search

Using 1 distinct models/data partitions with joint branch length optimization



Executing 100 rapid bootstrap inferences and thereafter a thorough ML search 

All free model parameters will be estimated by RAxML
GAMMA model of rate heterogeneity, ML estimate of alpha-parameter

GAMMA Model parameters will be estimated up to an accuracy of 0.1000000000 Log Likelihood units

Partition: 0
Alignment Patterns: 104
Name: No Name Provided
DataType: AA
Substitution Matrix: LG
Using empirical base frequencies




RAxML was called as follows:

raxml -f a -T 1 -m PROTGAMMALGF -p 12345 -x 12345 -# 100 -s ALICUT_EOG091G0VIF.clustalo.aln.fasta -n EOG091G0VIF.clustalo.aln.ALICUT.LGF 


Partition No Name Provided number 0 has a problem, the number of expected states is 20 the number of states that are present is 19.
Please go and fix your data!

Partition No Name Provided number 0 has a problem, the number of expected states is 20 the number of states that are present is 19.
Please go and fix your data!


Time for BS model parameter optimization 0.016361
Bootstrap[0]: Time 0.290000 seconds, bootstrap likelihood -1733.181690, best rearrangement setting 13
Bootstrap[1]: Time 0.220149 seconds, bootstrap likelihood -1616.139970, best rearrangement setting 13
Bootstrap[2]: Time 0.103347 seconds, bootstrap likelihood -1595.301742, best rearrangement setting 12
Bootstrap[3]: Time 0.218158 seconds, bootstrap likelihood -1580.023563, best rearrangement setting 15
Bootstrap[4]: Time 0.232349 seconds, bootstrap likelihood -1582.673862, best rearrangement setting 10
Bootstrap[5]: Time 0.256353 seconds, bootstrap likelihood -1751.820606, best rearrangement setting 10
Bootstrap[6]: Time 0.224204 seconds, bootstrap likelihood -1824.330455, best rearrangement setting 6
Bootstrap[7]: Time 0.209592 seconds, bootstrap likelihood -1549.832768, best rearrangement setting 14
Bootstrap[8]: Time 0.220421 seconds, bootstrap likelihood -1638.338344, best rearrangement setting 5
Bootstrap[9]: Time 0.188926 seconds, bootstrap likelihood -1672.706757, best rearrangement setting 7
Bootstrap[10]: Time 0.222503 seconds, bootstrap likelihood -1684.780462, best rearrangement setting 7
Bootstrap[11]: Time 0.231573 seconds, bootstrap likelihood -1621.445399, best rearrangement setting 5
Bootstrap[12]: Time 0.242720 seconds, bootstrap likelihood -1775.225407, best rearrangement setting 8
Bootstrap[13]: Time 0.214457 seconds, bootstrap likelihood -1838.035577, best rearrangement setting 7
Bootstrap[14]: Time 0.217692 seconds, bootstrap likelihood -1555.267790, best rearrangement setting 12
Bootstrap[15]: Time 0.111187 seconds, bootstrap likelihood -1696.325851, best rearrangement setting 15
Bootstrap[16]: Time 0.230675 seconds, bootstrap likelihood -1723.703489, best rearrangement setting 12
Bootstrap[17]: Time 0.104037 seconds, bootstrap likelihood -1802.894347, best rearrangement setting 12
Bootstrap[18]: Time 0.252170 seconds, bootstrap likelihood -1659.527507, best rearrangement setting 5
Bootstrap[19]: Time 0.222137 seconds, bootstrap likelihood -1544.260714, best rearrangement setting 8
Bootstrap[20]: Time 0.211551 seconds, bootstrap likelihood -1654.835070, best rearrangement setting 10
Bootstrap[21]: Time 0.211478 seconds, bootstrap likelihood -1463.452867, best rearrangement setting 6
Bootstrap[22]: Time 0.092551 seconds, bootstrap likelihood -1688.161115, best rearrangement setting 5
Bootstrap[23]: Time 0.246412 seconds, bootstrap likelihood -1750.249650, best rearrangement setting 7
Bootstrap[24]: Time 0.225824 seconds, bootstrap likelihood -1681.221574, best rearrangement setting 8
Bootstrap[25]: Time 0.196531 seconds, bootstrap likelihood -1646.463637, best rearrangement setting 6
Bootstrap[26]: Time 0.241081 seconds, bootstrap likelihood -1764.764942, best rearrangement setting 12
Bootstrap[27]: Time 0.212027 seconds, bootstrap likelihood -1612.964446, best rearrangement setting 10
Bootstrap[28]: Time 0.222234 seconds, bootstrap likelihood -1923.717813, best rearrangement setting 11
Bootstrap[29]: Time 0.230237 seconds, bootstrap likelihood -1632.313512, best rearrangement setting 12
Bootstrap[30]: Time 0.219164 seconds, bootstrap likelihood -1761.502032, best rearrangement setting 15
Bootstrap[31]: Time 0.227307 seconds, bootstrap likelihood -1713.951653, best rearrangement setting 15
Bootstrap[32]: Time 0.211306 seconds, bootstrap likelihood -1744.378702, best rearrangement setting 6
Bootstrap[33]: Time 0.245468 seconds, bootstrap likelihood -1577.175772, best rearrangement setting 15
Bootstrap[34]: Time 0.258043 seconds, bootstrap likelihood -1758.568825, best rearrangement setting 11
Bootstrap[35]: Time 0.222274 seconds, bootstrap likelihood -1714.428531, best rearrangement setting 8
Bootstrap[36]: Time 0.231960 seconds, bootstrap likelihood -1662.928021, best rearrangement setting 9
Bootstrap[37]: Time 0.241490 seconds, bootstrap likelihood -1714.536564, best rearrangement setting 11
Bootstrap[38]: Time 0.224570 seconds, bootstrap likelihood -1781.037606, best rearrangement setting 8
Bootstrap[39]: Time 0.241555 seconds, bootstrap likelihood -1774.232568, best rearrangement setting 13
Bootstrap[40]: Time 0.209772 seconds, bootstrap likelihood -1764.881297, best rearrangement setting 13
Bootstrap[41]: Time 0.205973 seconds, bootstrap likelihood -1622.243400, best rearrangement setting 10
Bootstrap[42]: Time 0.209014 seconds, bootstrap likelihood -1631.532683, best rearrangement setting 5
Bootstrap[43]: Time 0.216668 seconds, bootstrap likelihood -1760.531505, best rearrangement setting 14
Bootstrap[44]: Time 0.215997 seconds, bootstrap likelihood -1692.842151, best rearrangement setting 10
Bootstrap[45]: Time 0.222240 seconds, bootstrap likelihood -1680.095410, best rearrangement setting 15
Bootstrap[46]: Time 0.207317 seconds, bootstrap likelihood -1685.350994, best rearrangement setting 14
Bootstrap[47]: Time 0.246543 seconds, bootstrap likelihood -1713.225790, best rearrangement setting 8
Bootstrap[48]: Time 0.193403 seconds, bootstrap likelihood -1630.625924, best rearrangement setting 6
Bootstrap[49]: Time 0.226479 seconds, bootstrap likelihood -1715.685990, best rearrangement setting 7
Bootstrap[50]: Time 0.221625 seconds, bootstrap likelihood -1533.320008, best rearrangement setting 7
Bootstrap[51]: Time 0.208597 seconds, bootstrap likelihood -1646.976970, best rearrangement setting 11
Bootstrap[52]: Time 0.213702 seconds, bootstrap likelihood -1598.905289, best rearrangement setting 12
Bootstrap[53]: Time 0.210032 seconds, bootstrap likelihood -1653.412033, best rearrangement setting 8
Bootstrap[54]: Time 0.232963 seconds, bootstrap likelihood -1737.145574, best rearrangement setting 9
Bootstrap[55]: Time 0.103450 seconds, bootstrap likelihood -1611.530559, best rearrangement setting 11
Bootstrap[56]: Time 0.234070 seconds, bootstrap likelihood -1676.951456, best rearrangement setting 5
Bootstrap[57]: Time 0.220643 seconds, bootstrap likelihood -1701.957326, best rearrangement setting 7
Bootstrap[58]: Time 0.242107 seconds, bootstrap likelihood -1636.478925, best rearrangement setting 10
Bootstrap[59]: Time 0.209969 seconds, bootstrap likelihood -1498.974916, best rearrangement setting 9
Bootstrap[60]: Time 0.221960 seconds, bootstrap likelihood -1642.091102, best rearrangement setting 7
Bootstrap[61]: Time 0.228262 seconds, bootstrap likelihood -1741.629780, best rearrangement setting 5
Bootstrap[62]: Time 0.221312 seconds, bootstrap likelihood -1667.303421, best rearrangement setting 11
Bootstrap[63]: Time 0.217883 seconds, bootstrap likelihood -1709.658071, best rearrangement setting 12
Bootstrap[64]: Time 0.225688 seconds, bootstrap likelihood -1775.133067, best rearrangement setting 7
Bootstrap[65]: Time 0.221342 seconds, bootstrap likelihood -1894.951827, best rearrangement setting 5
Bootstrap[66]: Time 0.231609 seconds, bootstrap likelihood -1670.614003, best rearrangement setting 5
Bootstrap[67]: Time 0.204023 seconds, bootstrap likelihood -1766.811433, best rearrangement setting 15
Bootstrap[68]: Time 0.253394 seconds, bootstrap likelihood -1794.423123, best rearrangement setting 11
Bootstrap[69]: Time 0.231914 seconds, bootstrap likelihood -1643.386440, best rearrangement setting 5
Bootstrap[70]: Time 0.238910 seconds, bootstrap likelihood -1779.299730, best rearrangement setting 8
Bootstrap[71]: Time 0.221696 seconds, bootstrap likelihood -1741.701754, best rearrangement setting 10
Bootstrap[72]: Time 0.229140 seconds, bootstrap likelihood -1620.816638, best rearrangement setting 11
Bootstrap[73]: Time 0.217304 seconds, bootstrap likelihood -1659.145212, best rearrangement setting 9
Bootstrap[74]: Time 0.222013 seconds, bootstrap likelihood -1677.777760, best rearrangement setting 5
Bootstrap[75]: Time 0.103444 seconds, bootstrap likelihood -1742.912084, best rearrangement setting 8
Bootstrap[76]: Time 0.222144 seconds, bootstrap likelihood -1763.137059, best rearrangement setting 9
Bootstrap[77]: Time 0.237083 seconds, bootstrap likelihood -1692.376494, best rearrangement setting 11
Bootstrap[78]: Time 0.227935 seconds, bootstrap likelihood -1742.508181, best rearrangement setting 15
Bootstrap[79]: Time 0.221116 seconds, bootstrap likelihood -1675.402197, best rearrangement setting 9
Bootstrap[80]: Time 0.216725 seconds, bootstrap likelihood -1644.754407, best rearrangement setting 15
Bootstrap[81]: Time 0.239598 seconds, bootstrap likelihood -1644.991372, best rearrangement setting 7
Bootstrap[82]: Time 0.221763 seconds, bootstrap likelihood -1676.310385, best rearrangement setting 6
Bootstrap[83]: Time 0.221163 seconds, bootstrap likelihood -1829.804425, best rearrangement setting 10
Bootstrap[84]: Time 0.204838 seconds, bootstrap likelihood -1541.301838, best rearrangement setting 11
Bootstrap[85]: Time 0.213404 seconds, bootstrap likelihood -1720.775416, best rearrangement setting 8
Bootstrap[86]: Time 0.232185 seconds, bootstrap likelihood -1743.971940, best rearrangement setting 7
Bootstrap[87]: Time 0.108807 seconds, bootstrap likelihood -1644.827115, best rearrangement setting 7
Bootstrap[88]: Time 0.210437 seconds, bootstrap likelihood -1607.959392, best rearrangement setting 12
Bootstrap[89]: Time 0.217839 seconds, bootstrap likelihood -1520.176324, best rearrangement setting 10
Bootstrap[90]: Time 0.209846 seconds, bootstrap likelihood -1714.857297, best rearrangement setting 8
Bootstrap[91]: Time 0.248965 seconds, bootstrap likelihood -1634.669530, best rearrangement setting 12
Bootstrap[92]: Time 0.215812 seconds, bootstrap likelihood -1698.321591, best rearrangement setting 13
Bootstrap[93]: Time 0.227532 seconds, bootstrap likelihood -1698.062647, best rearrangement setting 15
Bootstrap[94]: Time 0.200965 seconds, bootstrap likelihood -1726.483332, best rearrangement setting 5
Bootstrap[95]: Time 0.215835 seconds, bootstrap likelihood -1723.743875, best rearrangement setting 5
Bootstrap[96]: Time 0.229314 seconds, bootstrap likelihood -1677.972243, best rearrangement setting 13
Bootstrap[97]: Time 0.215908 seconds, bootstrap likelihood -1680.599635, best rearrangement setting 11
Bootstrap[98]: Time 0.212252 seconds, bootstrap likelihood -1683.269842, best rearrangement setting 6
Bootstrap[99]: Time 0.230978 seconds, bootstrap likelihood -1589.319738, best rearrangement setting 14


Overall Time for 100 Rapid Bootstraps 21.583330 seconds
Average Time per Rapid Bootstrap 0.215833 seconds

Starting ML Search ...

Fast ML optimization finished

Fast ML search Time: 11.611267 seconds

Slow ML Search 0 Likelihood: -1688.684797
Slow ML Search 1 Likelihood: -1688.684797
Slow ML Search 2 Likelihood: -1688.684797
Slow ML Search 3 Likelihood: -1688.684797
Slow ML Search 4 Likelihood: -1688.684797
Slow ML Search 5 Likelihood: -1688.684797
Slow ML Search 6 Likelihood: -1688.684797
Slow ML Search 7 Likelihood: -1688.684797
Slow ML Search 8 Likelihood: -1688.684797
Slow ML Search 9 Likelihood: -1688.684797
Slow ML optimization finished

Slow ML search Time: 3.061446 seconds
Thorough ML search Time: 0.265655 seconds

Final ML Optimization Likelihood: -1688.684798

Model Information:

Model Parameters of Partition 0, Name: No Name Provided, Type of Data: AA
alpha: 1.192753
Tree-Length: 5.776712
rate A <-> R: 0.399182
rate A <-> N: 0.259945
rate A <-> D: 0.371058
rate A <-> C: 2.337364
rate A <-> Q: 0.910775
rate A <-> E: 0.975241
rate A <-> G: 1.940106
rate A <-> H: 0.336984
rate A <-> I: 0.140697
rate A <-> L: 0.371240
rate A <-> K: 0.503815
rate A <-> M: 1.055520
rate A <-> F: 0.238237
rate A <-> P: 1.105868
rate A <-> S: 4.439041
rate A <-> T: 2.009090
rate A <-> W: 0.169702
rate A <-> Y: 0.205613
rate A <-> V: 2.392567
rate R <-> N: 0.706048
rate R <-> D: 0.116398
rate R <-> C: 0.501968
rate R <-> Q: 2.636754
rate R <-> E: 0.341785
rate R <-> G: 0.366408
rate R <-> H: 2.278690
rate R <-> I: 0.119250
rate R <-> L: 0.283449
rate R <-> K: 5.940467
rate R <-> M: 0.454623
rate R <-> F: 0.049508
rate R <-> P: 0.312264
rate R <-> S: 0.805843
rate R <-> T: 0.543695
rate R <-> W: 0.557424
rate R <-> Y: 0.295274
rate R <-> V: 0.160471
rate N <-> D: 4.766737
rate N <-> C: 0.496537
rate N <-> Q: 1.592389
rate N <-> E: 0.508692
rate N <-> G: 1.350015
rate N <-> H: 4.234381
rate N <-> I: 0.179830
rate N <-> L: 0.064256
rate N <-> K: 2.014327
rate N <-> M: 0.348390
rate N <-> F: 0.084068
rate N <-> P: 0.151925
rate N <-> S: 3.764032
rate N <-> T: 1.878729
rate N <-> W: 0.042610
rate N <-> Y: 0.574720
rate N <-> V: 0.078587
rate D <-> C: 0.058743
rate D <-> Q: 0.491483
rate D <-> E: 4.924234
rate D <-> G: 0.793424
rate D <-> H: 0.870603
rate D <-> I: 0.010038
rate D <-> L: 0.014157
rate D <-> K: 0.265711
rate D <-> M: 0.023991
rate D <-> F: 0.016354
rate D <-> P: 0.370412
rate D <-> S: 1.164675
rate D <-> T: 0.399902
rate D <-> W: 0.028068
rate D <-> Y: 0.126872
rate D <-> V: 0.035653
rate C <-> Q: 0.079639
rate C <-> E: 0.003286
rate C <-> G: 0.534566
rate C <-> H: 0.601499
rate C <-> I: 0.301083
rate C <-> L: 0.557800
rate C <-> K: 0.012457
rate C <-> M: 0.839207
rate C <-> F: 1.037881
rate C <-> P: 0.070787
rate C <-> S: 2.614753
rate C <-> T: 1.073780
rate C <-> W: 0.629281
rate C <-> Y: 1.094488
rate C <-> V: 1.839864
rate Q <-> E: 3.876936
rate Q <-> G: 0.251626
rate Q <-> H: 4.520102
rate Q <-> I: 0.068413
rate Q <-> L: 0.546954
rate Q <-> K: 3.037150
rate Q <-> M: 1.570619
rate Q <-> F: 0.033669
rate Q <-> P: 0.586241
rate Q <-> S: 1.149231
rate Q <-> T: 1.014297
rate Q <-> W: 0.221802
rate Q <-> Y: 0.241650
rate Q <-> V: 0.197511
rate E <-> G: 0.327583
rate E <-> H: 0.398044
rate E <-> I: 0.041567
rate E <-> L: 0.065426
rate E <-> K: 1.697022
rate E <-> M: 0.163145
rate E <-> F: 0.017664
rate E <-> P: 0.393844
rate E <-> S: 0.574671
rate E <-> T: 0.567695
rate E <-> W: 0.073107
rate E <-> Y: 0.112720
rate E <-> V: 0.230098
rate G <-> H: 0.292498
rate G <-> I: 0.008174
rate G <-> L: 0.041563
rate G <-> K: 0.278555
rate G <-> M: 0.131033
rate G <-> F: 0.084125
rate G <-> P: 0.184955
rate G <-> S: 1.633930
rate G <-> T: 0.121922
rate G <-> W: 0.252125
rate G <-> Y: 0.051346
rate G <-> V: 0.072026
rate H <-> I: 0.102245
rate H <-> L: 0.343988
rate H <-> K: 0.654763
rate H <-> M: 0.415502
rate H <-> F: 0.640560
rate H <-> P: 0.477834
rate H <-> S: 0.929667
rate H <-> T: 0.548649
rate H <-> W: 0.560661
rate H <-> Y: 4.983361
rate H <-> V: 0.111759
rate I <-> L: 3.892408
rate I <-> K: 0.149373
rate I <-> M: 4.013113
rate I <-> F: 1.044902
rate I <-> P: 0.073509
rate I <-> S: 0.060198
rate I <-> T: 0.970728
rate I <-> W: 0.104854
rate I <-> Y: 0.218350
rate I <-> V: 10.000000
rate L <-> K: 0.129119
rate L <-> M: 5.927594
rate L <-> F: 2.434657
rate L <-> P: 0.233879
rate L <-> S: 0.171176
rate L <-> T: 0.284471
rate L <-> W: 0.581863
rate L <-> Y: 0.281383
rate L <-> V: 1.598956
rate K <-> M: 0.616581
rate K <-> F: 0.022460
rate K <-> P: 0.366530
rate K <-> S: 0.703048
rate K <-> T: 1.067567
rate K <-> W: 0.046864
rate K <-> Y: 0.123890
rate K <-> V: 0.173913
rate M <-> F: 1.689205
rate M <-> P: 0.093763
rate M <-> S: 0.325811
rate M <-> T: 1.897216
rate M <-> W: 0.653740
rate M <-> Y: 0.451968
rate M <-> V: 1.782983
rate F <-> P: 0.088706
rate F <-> S: 0.339765
rate F <-> T: 0.154944
rate F <-> W: 2.307349
rate F <-> Y: 7.328222
rate F <-> V: 0.614777
rate P <-> S: 1.256567
rate P <-> T: 0.536635
rate P <-> W: 0.089332
rate P <-> Y: 0.084151
rate P <-> V: 0.278428
rate S <-> T: 6.077767
rate S <-> W: 0.233693
rate S <-> Y: 0.376132
rate S <-> V: 0.092373
rate T <-> W: 0.132241
rate T <-> Y: 0.230856
rate T <-> V: 2.054781
rate W <-> Y: 2.959699
rate W <-> V: 0.177959
rate Y <-> V: 0.234116

freq pi(A): 0.060801
freq pi(R): 0.060801
freq pi(N): 0.032739
freq pi(D): 0.044899
freq pi(C): 0.015902
freq pi(Q): 0.028062
freq pi(E): 0.092604
freq pi(G): 0.037416
freq pi(H): 0.014966
freq pi(I): 0.057994
freq pi(L): 0.097281
freq pi(K): 0.077638
freq pi(M): 0.006548
freq pi(F): 0.058930
freq pi(P): 0.040222
freq pi(S): 0.065478
freq pi(T): 0.057059
freq pi(W): 0.001000
freq pi(Y): 0.073896
freq pi(V): 0.075767


ML search took 14.957351 secs or 0.004155 hours

Combined Bootstrap and ML search took 36.540890 secs or 0.010150 hours

Drawing Bootstrap Support Values on best-scoring ML tree ...



Found 1 tree in File /in/RAxML_bestTree.EOG091G0VIF.clustalo.aln.ALICUT.LGF



Found 1 tree in File /in/RAxML_bestTree.EOG091G0VIF.clustalo.aln.ALICUT.LGF

Program execution info written to /in/RAxML_info.EOG091G0VIF.clustalo.aln.ALICUT.LGF
All 100 bootstrapped trees written to: /in/RAxML_bootstrap.EOG091G0VIF.clustalo.aln.ALICUT.LGF

Best-scoring ML tree written to: /in/RAxML_bestTree.EOG091G0VIF.clustalo.aln.ALICUT.LGF

Best-scoring ML tree with support values written to: /in/RAxML_bipartitions.EOG091G0VIF.clustalo.aln.ALICUT.LGF

Best-scoring ML tree with support values as branch labels written to: /in/RAxML_bipartitionsBranchLabels.EOG091G0VIF.clustalo.aln.ALICUT.LGF

Overall execution time for full ML analysis: 36.542669 secs or 0.010151 hours or 0.000423 days

