
RAxML can't, parse the alignment file as phylip file 
it will now try to parse it as FASTA file


This is the RAxML Master Pthread

This is RAxML Worker Pthread Number: 1

This is RAxML Worker Pthread Number: 2

This is RAxML Worker Pthread Number: 3

This is RAxML Worker Pthread Number: 5

This is RAxML Worker Pthread Number: 4


This is RAxML version 8.2.12 released by Alexandros Stamatakis on May 2018.

With greatly appreciated code contributions by:
Andre Aberer      (HITS)
Simon Berger      (HITS)
Alexey Kozlov     (HITS)
Kassian Kobert    (HITS)
David Dao         (KIT and HITS)
Sarah Lutteropp   (KIT and HITS)
Nick Pattengale   (Sandia)
Wayne Pfeiffer    (SDSC)
Akifumi S. Tanabe (NRIFS)
Charlie Taylor    (UF)


Alignment has 96 distinct alignment patterns

Proportion of gaps and completely undetermined characters in this alignment: 3.21%

RAxML rapid bootstrapping and subsequent ML search

Using 1 distinct models/data partitions with joint branch length optimization



Executing 100 rapid bootstrap inferences and thereafter a thorough ML search 

All free model parameters will be estimated by RAxML
GAMMA model of rate heterogeneity, ML estimate of alpha-parameter

GAMMA Model parameters will be estimated up to an accuracy of 0.1000000000 Log Likelihood units

Partition: 0
Alignment Patterns: 96
Name: No Name Provided
DataType: AA
Substitution Matrix: RTREV
Using empirical base frequencies




RAxML was called as follows:

raxml -f a -T 6 -m PROTGAMMARTREVF -p 12345 -x 12345 -# 100 -s ALICUT_EOG091G0G6C.clustalo.aln.fasta -n EOG091G0G6C.clustalo.aln.ALICUT.RTREVF 



Time for BS model parameter optimization 0.019786
Bootstrap[0]: Time 0.396194 seconds, bootstrap likelihood -2063.570529, best rearrangement setting 13
Bootstrap[1]: Time 0.318452 seconds, bootstrap likelihood -2055.213096, best rearrangement setting 13
Bootstrap[2]: Time 0.333217 seconds, bootstrap likelihood -2055.374694, best rearrangement setting 12
Bootstrap[3]: Time 0.318875 seconds, bootstrap likelihood -1960.933848, best rearrangement setting 15
Bootstrap[4]: Time 0.319328 seconds, bootstrap likelihood -1903.277796, best rearrangement setting 10
Bootstrap[5]: Time 0.332195 seconds, bootstrap likelihood -2145.798448, best rearrangement setting 10
Bootstrap[6]: Time 0.334496 seconds, bootstrap likelihood -2256.323735, best rearrangement setting 6
Bootstrap[7]: Time 0.291284 seconds, bootstrap likelihood -2260.186308, best rearrangement setting 14
Bootstrap[8]: Time 0.280293 seconds, bootstrap likelihood -2134.142372, best rearrangement setting 5
Bootstrap[9]: Time 0.292946 seconds, bootstrap likelihood -2001.929345, best rearrangement setting 7
Bootstrap[10]: Time 0.333055 seconds, bootstrap likelihood -2208.889619, best rearrangement setting 7
Bootstrap[11]: Time 0.296635 seconds, bootstrap likelihood -1957.193209, best rearrangement setting 5
Bootstrap[12]: Time 0.365508 seconds, bootstrap likelihood -2063.408091, best rearrangement setting 8
Bootstrap[13]: Time 0.300853 seconds, bootstrap likelihood -1977.177907, best rearrangement setting 7
Bootstrap[14]: Time 0.313900 seconds, bootstrap likelihood -2050.708073, best rearrangement setting 12
Bootstrap[15]: Time 0.320406 seconds, bootstrap likelihood -2308.863731, best rearrangement setting 15
Bootstrap[16]: Time 0.327464 seconds, bootstrap likelihood -2121.770609, best rearrangement setting 12
Bootstrap[17]: Time 0.316674 seconds, bootstrap likelihood -1957.481853, best rearrangement setting 12
Bootstrap[18]: Time 0.327726 seconds, bootstrap likelihood -2102.729661, best rearrangement setting 5
Bootstrap[19]: Time 0.313108 seconds, bootstrap likelihood -1938.016961, best rearrangement setting 8
Bootstrap[20]: Time 0.293718 seconds, bootstrap likelihood -2026.328665, best rearrangement setting 10
Bootstrap[21]: Time 0.321640 seconds, bootstrap likelihood -2043.574245, best rearrangement setting 6
Bootstrap[22]: Time 0.302588 seconds, bootstrap likelihood -2053.525216, best rearrangement setting 5
Bootstrap[23]: Time 0.347735 seconds, bootstrap likelihood -2105.736629, best rearrangement setting 7
Bootstrap[24]: Time 0.331450 seconds, bootstrap likelihood -1996.150445, best rearrangement setting 8
Bootstrap[25]: Time 0.296368 seconds, bootstrap likelihood -1956.245805, best rearrangement setting 6
Bootstrap[26]: Time 0.300048 seconds, bootstrap likelihood -2073.284946, best rearrangement setting 12
Bootstrap[27]: Time 0.313801 seconds, bootstrap likelihood -1984.102692, best rearrangement setting 10
Bootstrap[28]: Time 0.321676 seconds, bootstrap likelihood -2036.665783, best rearrangement setting 11
Bootstrap[29]: Time 0.341783 seconds, bootstrap likelihood -2136.817185, best rearrangement setting 12
Bootstrap[30]: Time 0.320999 seconds, bootstrap likelihood -2139.628984, best rearrangement setting 15
Bootstrap[31]: Time 0.303044 seconds, bootstrap likelihood -1938.485617, best rearrangement setting 15
Bootstrap[32]: Time 0.300507 seconds, bootstrap likelihood -1996.325466, best rearrangement setting 6
Bootstrap[33]: Time 0.320997 seconds, bootstrap likelihood -1867.902768, best rearrangement setting 15
Bootstrap[34]: Time 0.336892 seconds, bootstrap likelihood -2159.508405, best rearrangement setting 11
Bootstrap[35]: Time 0.321359 seconds, bootstrap likelihood -1931.627850, best rearrangement setting 8
Bootstrap[36]: Time 0.341560 seconds, bootstrap likelihood -2039.717551, best rearrangement setting 9
Bootstrap[37]: Time 0.303739 seconds, bootstrap likelihood -1783.240224, best rearrangement setting 11
Bootstrap[38]: Time 0.315730 seconds, bootstrap likelihood -2088.769427, best rearrangement setting 8
Bootstrap[39]: Time 0.351598 seconds, bootstrap likelihood -2222.500529, best rearrangement setting 13
Bootstrap[40]: Time 0.279105 seconds, bootstrap likelihood -1963.063169, best rearrangement setting 13
Bootstrap[41]: Time 0.335853 seconds, bootstrap likelihood -2174.584554, best rearrangement setting 10
Bootstrap[42]: Time 0.294514 seconds, bootstrap likelihood -2133.756783, best rearrangement setting 5
Bootstrap[43]: Time 0.329977 seconds, bootstrap likelihood -2068.517340, best rearrangement setting 14
Bootstrap[44]: Time 0.294723 seconds, bootstrap likelihood -2075.610647, best rearrangement setting 10
Bootstrap[45]: Time 0.329872 seconds, bootstrap likelihood -2099.768061, best rearrangement setting 15
Bootstrap[46]: Time 0.310265 seconds, bootstrap likelihood -1959.894316, best rearrangement setting 14
Bootstrap[47]: Time 0.340808 seconds, bootstrap likelihood -1998.150436, best rearrangement setting 8
Bootstrap[48]: Time 0.345150 seconds, bootstrap likelihood -2049.463399, best rearrangement setting 6
Bootstrap[49]: Time 0.315385 seconds, bootstrap likelihood -2031.273336, best rearrangement setting 7
Bootstrap[50]: Time 0.331246 seconds, bootstrap likelihood -2018.104314, best rearrangement setting 7
Bootstrap[51]: Time 0.313993 seconds, bootstrap likelihood -2026.472799, best rearrangement setting 11
Bootstrap[52]: Time 0.323235 seconds, bootstrap likelihood -1962.278116, best rearrangement setting 12
Bootstrap[53]: Time 0.360962 seconds, bootstrap likelihood -1974.842273, best rearrangement setting 8
Bootstrap[54]: Time 0.316730 seconds, bootstrap likelihood -2181.928550, best rearrangement setting 9
Bootstrap[55]: Time 0.360831 seconds, bootstrap likelihood -2038.108201, best rearrangement setting 11
Bootstrap[56]: Time 0.317610 seconds, bootstrap likelihood -2058.913718, best rearrangement setting 5
Bootstrap[57]: Time 0.293898 seconds, bootstrap likelihood -1990.499703, best rearrangement setting 7
Bootstrap[58]: Time 0.326896 seconds, bootstrap likelihood -2091.301501, best rearrangement setting 10
Bootstrap[59]: Time 0.343733 seconds, bootstrap likelihood -2000.688583, best rearrangement setting 9
Bootstrap[60]: Time 0.330445 seconds, bootstrap likelihood -1996.782947, best rearrangement setting 7
Bootstrap[61]: Time 0.336643 seconds, bootstrap likelihood -2255.803921, best rearrangement setting 5
Bootstrap[62]: Time 0.306693 seconds, bootstrap likelihood -2041.480992, best rearrangement setting 11
Bootstrap[63]: Time 0.344619 seconds, bootstrap likelihood -2193.398136, best rearrangement setting 12
Bootstrap[64]: Time 0.337430 seconds, bootstrap likelihood -2066.347611, best rearrangement setting 7
Bootstrap[65]: Time 0.335108 seconds, bootstrap likelihood -2203.541221, best rearrangement setting 5
Bootstrap[66]: Time 0.327207 seconds, bootstrap likelihood -2101.123529, best rearrangement setting 5
Bootstrap[67]: Time 0.344035 seconds, bootstrap likelihood -2153.485615, best rearrangement setting 15
Bootstrap[68]: Time 0.287696 seconds, bootstrap likelihood -1767.947922, best rearrangement setting 11
Bootstrap[69]: Time 0.335599 seconds, bootstrap likelihood -2110.172951, best rearrangement setting 5
Bootstrap[70]: Time 0.323190 seconds, bootstrap likelihood -2056.016299, best rearrangement setting 8
Bootstrap[71]: Time 0.364167 seconds, bootstrap likelihood -2132.602705, best rearrangement setting 10
Bootstrap[72]: Time 0.335686 seconds, bootstrap likelihood -2115.314810, best rearrangement setting 11
Bootstrap[73]: Time 0.311360 seconds, bootstrap likelihood -2037.994979, best rearrangement setting 9
Bootstrap[74]: Time 0.326480 seconds, bootstrap likelihood -2136.701024, best rearrangement setting 5
Bootstrap[75]: Time 0.326805 seconds, bootstrap likelihood -1990.278360, best rearrangement setting 8
Bootstrap[76]: Time 0.337346 seconds, bootstrap likelihood -2210.947304, best rearrangement setting 9
Bootstrap[77]: Time 0.325689 seconds, bootstrap likelihood -2206.783852, best rearrangement setting 11
Bootstrap[78]: Time 0.325737 seconds, bootstrap likelihood -2163.922952, best rearrangement setting 15
Bootstrap[79]: Time 0.351322 seconds, bootstrap likelihood -2140.960088, best rearrangement setting 9
Bootstrap[80]: Time 0.388422 seconds, bootstrap likelihood -2109.023296, best rearrangement setting 15
Bootstrap[81]: Time 0.305140 seconds, bootstrap likelihood -1938.648719, best rearrangement setting 7
Bootstrap[82]: Time 0.305995 seconds, bootstrap likelihood -2116.335572, best rearrangement setting 6
Bootstrap[83]: Time 0.307934 seconds, bootstrap likelihood -2022.287144, best rearrangement setting 10
Bootstrap[84]: Time 0.296817 seconds, bootstrap likelihood -1833.720846, best rearrangement setting 11
Bootstrap[85]: Time 0.331415 seconds, bootstrap likelihood -2113.469498, best rearrangement setting 8
Bootstrap[86]: Time 0.325958 seconds, bootstrap likelihood -1854.192326, best rearrangement setting 7
Bootstrap[87]: Time 0.305785 seconds, bootstrap likelihood -1940.991496, best rearrangement setting 7
Bootstrap[88]: Time 0.305410 seconds, bootstrap likelihood -2080.393527, best rearrangement setting 12
Bootstrap[89]: Time 0.303105 seconds, bootstrap likelihood -1888.001403, best rearrangement setting 10
Bootstrap[90]: Time 0.324564 seconds, bootstrap likelihood -1983.899057, best rearrangement setting 8
Bootstrap[91]: Time 0.354497 seconds, bootstrap likelihood -1980.035092, best rearrangement setting 12
Bootstrap[92]: Time 0.332202 seconds, bootstrap likelihood -2293.971102, best rearrangement setting 13
Bootstrap[93]: Time 0.350641 seconds, bootstrap likelihood -1970.717562, best rearrangement setting 15
Bootstrap[94]: Time 0.362711 seconds, bootstrap likelihood -1985.243695, best rearrangement setting 5
Bootstrap[95]: Time 0.302002 seconds, bootstrap likelihood -2100.581919, best rearrangement setting 5
Bootstrap[96]: Time 0.338318 seconds, bootstrap likelihood -2206.241320, best rearrangement setting 13
Bootstrap[97]: Time 0.329655 seconds, bootstrap likelihood -2078.615434, best rearrangement setting 11
Bootstrap[98]: Time 0.304451 seconds, bootstrap likelihood -2176.727077, best rearrangement setting 6
Bootstrap[99]: Time 0.298030 seconds, bootstrap likelihood -2026.315101, best rearrangement setting 14


Overall Time for 100 Rapid Bootstraps 32.393234 seconds
Average Time per Rapid Bootstrap 0.323932 seconds

Starting ML Search ...

Fast ML optimization finished

Fast ML search Time: 19.893312 seconds

Slow ML Search 0 Likelihood: -2067.255270
Slow ML Search 1 Likelihood: -2067.255270
Slow ML Search 2 Likelihood: -2067.255270
Slow ML Search 3 Likelihood: -2067.255270
Slow ML Search 4 Likelihood: -2067.255270
Slow ML Search 5 Likelihood: -2067.255270
Slow ML Search 6 Likelihood: -2067.255270
Slow ML Search 7 Likelihood: -2067.255270
Slow ML Search 8 Likelihood: -2067.255270
Slow ML Search 9 Likelihood: -2067.255270
Slow ML optimization finished

Slow ML search Time: 7.377627 seconds
Thorough ML search Time: 0.528681 seconds

Final ML Optimization Likelihood: -2067.255270

Model Information:

Model Parameters of Partition 0, Name: No Name Provided, Type of Data: AA
alpha: 1.806126
Tree-Length: 6.453366
rate A <-> R: 0.324427
rate A <-> N: 0.486641
rate A <-> D: 0.095420
rate A <-> C: 4.188931
rate A <-> Q: 0.305344
rate A <-> E: 0.772901
rate A <-> G: 1.288168
rate A <-> H: 0.286260
rate A <-> I: 0.009542
rate A <-> L: 0.429389
rate A <-> K: 0.362595
rate A <-> M: 2.242366
rate A <-> F: 0.009542
rate A <-> P: 0.925573
rate A <-> S: 4.389313
rate A <-> T: 2.461832
rate A <-> W: 0.047710
rate A <-> Y: 0.524809
rate A <-> V: 1.879771
rate R <-> N: 0.333969
rate R <-> D: 0.286260
rate R <-> C: 0.877863
rate R <-> Q: 2.108779
rate R <-> E: 0.095420
rate R <-> G: 0.391221
rate R <-> H: 0.858779
rate R <-> I: 0.229008
rate R <-> L: 0.171756
rate R <-> K: 5.658397
rate R <-> M: 0.543893
rate R <-> F: 0.066794
rate R <-> P: 0.229008
rate R <-> S: 0.973282
rate R <-> T: 0.610687
rate R <-> W: 0.124046
rate R <-> Y: 0.448473
rate R <-> V: 0.276718
rate N <-> D: 3.664122
rate N <-> C: 1.221374
rate N <-> Q: 2.251908
rate N <-> E: 0.753817
rate N <-> G: 0.896947
rate N <-> H: 3.053435
rate N <-> I: 0.333969
rate N <-> L: 0.143130
rate N <-> K: 1.173664
rate N <-> M: 0.009542
rate N <-> F: 0.467557
rate N <-> P: 0.314885
rate N <-> S: 2.805344
rate N <-> T: 1.412214
rate N <-> W: 0.152672
rate N <-> Y: 0.267176
rate N <-> V: 0.200382
rate D <-> C: 0.009542
rate D <-> Q: 0.744275
rate D <-> E: 5.171756
rate D <-> G: 0.582061
rate D <-> H: 0.868321
rate D <-> I: 0.009542
rate D <-> L: 0.047710
rate D <-> K: 0.190840
rate D <-> M: 0.009542
rate D <-> F: 0.009542
rate D <-> P: 0.524809
rate D <-> S: 1.297710
rate D <-> T: 0.524809
rate D <-> W: 0.009542
rate D <-> Y: 0.009542
rate D <-> V: 0.057252
rate C <-> Q: 0.667939
rate C <-> E: 0.009542
rate C <-> G: 0.458015
rate C <-> H: 1.183206
rate C <-> I: 0.992366
rate C <-> L: 1.049618
rate C <-> K: 0.152672
rate C <-> M: 1.488550
rate C <-> F: 0.667939
rate C <-> P: 0.009542
rate C <-> S: 0.715649
rate C <-> T: 1.116412
rate C <-> W: 0.524809
rate C <-> Y: 1.250000
rate C <-> V: 2.814885
rate Q <-> E: 3.549618
rate Q <-> G: 0.171756
rate Q <-> H: 3.692748
rate Q <-> I: 0.314885
rate Q <-> L: 0.515267
rate Q <-> K: 2.948473
rate Q <-> M: 1.507634
rate Q <-> F: 0.009542
rate Q <-> P: 0.648855
rate Q <-> S: 2.146947
rate Q <-> T: 1.393130
rate Q <-> W: 0.095420
rate Q <-> Y: 0.429389
rate Q <-> V: 0.343511
rate E <-> G: 0.667939
rate E <-> H: 0.324427
rate E <-> I: 0.009542
rate E <-> L: 0.200382
rate E <-> K: 1.345420
rate E <-> M: 0.009542
rate E <-> F: 0.009542
rate E <-> P: 0.496183
rate E <-> S: 0.906489
rate E <-> T: 0.782443
rate E <-> W: 0.162214
rate E <-> Y: 0.009542
rate E <-> V: 0.333969
rate G <-> H: 0.648855
rate G <-> I: 0.009542
rate G <-> L: 0.028626
rate G <-> K: 0.286260
rate G <-> M: 0.353053
rate G <-> F: 0.066794
rate G <-> P: 0.162214
rate G <-> S: 1.450382
rate G <-> T: 0.066794
rate G <-> W: 0.219466
rate G <-> Y: 0.200382
rate G <-> V: 0.028626
rate H <-> I: 0.324427
rate H <-> L: 0.486641
rate H <-> K: 0.725191
rate H <-> M: 1.106870
rate H <-> F: 1.345420
rate H <-> P: 0.419847
rate H <-> S: 1.746183
rate H <-> T: 0.467557
rate H <-> W: 0.458015
rate H <-> Y: 2.929389
rate H <-> V: 0.009542
rate I <-> L: 3.673664
rate I <-> K: 0.324427
rate I <-> M: 3.578244
rate I <-> F: 0.610687
rate I <-> P: 0.095420
rate I <-> S: 0.038168
rate I <-> T: 0.687023
rate I <-> W: 0.372137
rate I <-> Y: 0.248092
rate I <-> V: 10.000000
rate L <-> K: 0.219466
rate L <-> M: 5.543893
rate L <-> F: 1.708015
rate L <-> P: 0.209924
rate L <-> S: 0.229008
rate L <-> T: 0.238550
rate L <-> W: 0.448473
rate L <-> Y: 0.610687
rate L <-> V: 1.068702
rate K <-> M: 1.278626
rate K <-> F: 0.133588
rate K <-> P: 0.410305
rate K <-> S: 0.734733
rate K <-> T: 1.049618
rate K <-> W: 0.057252
rate K <-> Y: 0.009542
rate K <-> V: 0.181298
rate M <-> F: 2.356870
rate M <-> P: 0.009542
rate M <-> S: 0.009542
rate M <-> T: 1.250000
rate M <-> W: 1.059160
rate M <-> Y: 0.706107
rate M <-> V: 2.251908
rate F <-> P: 0.104962
rate F <-> S: 0.190840
rate F <-> T: 0.658397
rate F <-> W: 1.736641
rate F <-> Y: 9.704198
rate F <-> V: 0.877863
rate P <-> S: 1.278626
rate P <-> T: 0.591603
rate P <-> W: 0.085878
rate P <-> Y: 0.133588
rate P <-> V: 0.238550
rate S <-> T: 6.402672
rate S <-> W: 0.133588
rate S <-> Y: 0.295802
rate S <-> V: 0.372137
rate T <-> W: 0.009542
rate T <-> Y: 0.324427
rate T <-> V: 1.870229
rate W <-> Y: 1.679389
rate W <-> V: 0.248092
rate Y <-> V: 0.562977

freq pi(A): 0.060241
freq pi(R): 0.064006
freq pi(N): 0.051958
freq pi(D): 0.026355
freq pi(C): 0.009789
freq pi(Q): 0.029367
freq pi(E): 0.065512
freq pi(G): 0.064759
freq pi(H): 0.019578
freq pi(I): 0.063253
freq pi(L): 0.087349
freq pi(K): 0.092620
freq pi(M): 0.024849
freq pi(F): 0.043675
freq pi(P): 0.046687
freq pi(S): 0.055723
freq pi(T): 0.041416
freq pi(W): 0.033886
freq pi(Y): 0.043675
freq pi(V): 0.075301


ML search took 27.823964 secs or 0.007729 hours

Combined Bootstrap and ML search took 60.217388 secs or 0.016727 hours

Drawing Bootstrap Support Values on best-scoring ML tree ...



Found 1 tree in File /in/RAxML_bestTree.EOG091G0G6C.clustalo.aln.ALICUT.RTREVF



Found 1 tree in File /in/RAxML_bestTree.EOG091G0G6C.clustalo.aln.ALICUT.RTREVF

Program execution info written to /in/RAxML_info.EOG091G0G6C.clustalo.aln.ALICUT.RTREVF
All 100 bootstrapped trees written to: /in/RAxML_bootstrap.EOG091G0G6C.clustalo.aln.ALICUT.RTREVF

Best-scoring ML tree written to: /in/RAxML_bestTree.EOG091G0G6C.clustalo.aln.ALICUT.RTREVF

Best-scoring ML tree with support values written to: /in/RAxML_bipartitions.EOG091G0G6C.clustalo.aln.ALICUT.RTREVF

Best-scoring ML tree with support values as branch labels written to: /in/RAxML_bipartitionsBranchLabels.EOG091G0G6C.clustalo.aln.ALICUT.RTREVF

Overall execution time for full ML analysis: 60.220293 secs or 0.016728 hours or 0.000697 days

