
	reading taxa from FASTA ...


	H.microstoma         -> sites: 611   
	C.intestinalis       -> sites: 611   
	P.xenopodis          -> sites: 611   
	H.robusta            -> sites: 611   
	E.granulosus         -> sites: 611   
	R.norvegicus         -> sites: 611   
	G.turnbulli          -> sites: 611   
	G.salaris            -> sites: 611   
	S.mediterranea       -> sites: 611   
	C.sinensis           -> sites: 611   
	T.solium             -> sites: 611   
	D.rerio              -> sites: 611   


	data type             : amino acid sequences

	input ...

	infile		: EOG091G0NOA.clustalo.aln.fasta
	random pairs	: 200000000000000000
	window size	: 6
	indels		: ambiguous
	tree file	: -
	node level	: -
	strict profile	: -
	outgroup	: -
	matrix          : BLOSUM62

	number of taxa        : 12
	random number of pairs: 200000000000000000

	generates threshhold value for amino acid data
	using BLOSUM62

	checks for (potential) identical taxa


	scores site patterns ...


	max number of different pairs is 66
	max random pairs are scored!

	pair: 1      ->	taxon1: H.microsto	taxon2: C.intestin
	            	positions below base line: 539
	pair: 2      ->	taxon1: H.microsto	taxon2: P.xenopodi
	            	positions below base line: 544
	pair: 3      ->	taxon1: H.microsto	taxon2: H.robusta 
	            	positions below base line: 517
	pair: 4      ->	taxon1: H.microsto	taxon2: E.granulos
	            	positions below base line: 497
	pair: 5      ->	taxon1: H.microsto	taxon2: R.norvegic
	            	positions below base line: 508
	pair: 6      ->	taxon1: H.microsto	taxon2: G.turnbull
	            	positions below base line: 509
	pair: 7      ->	taxon1: H.microsto	taxon2: G.salaris 
	            	positions below base line: 490
	pair: 8      ->	taxon1: H.microsto	taxon2: S.mediterr
	            	positions below base line: 519
	pair: 9      ->	taxon1: H.microsto	taxon2: C.sinensis
	            	positions below base line: 527
	pair: 10     ->	taxon1: H.microsto	taxon2: T.solium  
	            	positions below base line: 475
	pair: 11     ->	taxon1: H.microsto	taxon2: D.rerio   
	            	positions below base line: 520
	pair: 12     ->	taxon1: C.intestin	taxon2: P.xenopodi
	            	positions below base line: 513
	pair: 13     ->	taxon1: C.intestin	taxon2: H.robusta 
	            	positions below base line: 484
	pair: 14     ->	taxon1: C.intestin	taxon2: E.granulos
	            	positions below base line: 530
	pair: 15     ->	taxon1: C.intestin	taxon2: R.norvegic
	            	positions below base line: 441
	pair: 16     ->	taxon1: C.intestin	taxon2: G.turnbull
	            	positions below base line: 541
	pair: 17     ->	taxon1: C.intestin	taxon2: G.salaris 
	            	positions below base line: 514
	pair: 18     ->	taxon1: C.intestin	taxon2: S.mediterr
	            	positions below base line: 541
	pair: 19     ->	taxon1: C.intestin	taxon2: C.sinensis
	            	positions below base line: 484
	pair: 20     ->	taxon1: C.intestin	taxon2: T.solium  
	            	positions below base line: 494
	pair: 21     ->	taxon1: C.intestin	taxon2: D.rerio   
	            	positions below base line: 452
	pair: 22     ->	taxon1: P.xenopodi	taxon2: H.robusta 
	            	positions below base line: 452
	pair: 23     ->	taxon1: P.xenopodi	taxon2: E.granulos
	            	positions below base line: 515
	pair: 24     ->	taxon1: P.xenopodi	taxon2: R.norvegic
	            	positions below base line: 482
	pair: 25     ->	taxon1: P.xenopodi	taxon2: G.turnbull
	            	positions below base line: 534
	pair: 26     ->	taxon1: P.xenopodi	taxon2: G.salaris 
	            	positions below base line: 440
	pair: 27     ->	taxon1: P.xenopodi	taxon2: S.mediterr
	            	positions below base line: 518
	pair: 28     ->	taxon1: P.xenopodi	taxon2: C.sinensis
	            	positions below base line: 427
	pair: 29     ->	taxon1: P.xenopodi	taxon2: T.solium  
	            	positions below base line: 444
	pair: 30     ->	taxon1: P.xenopodi	taxon2: D.rerio   
	            	positions below base line: 476
	pair: 31     ->	taxon1: H.robusta 	taxon2: E.granulos
	            	positions below base line: 513
	pair: 32     ->	taxon1: H.robusta 	taxon2: R.norvegic
	            	positions below base line: 436
	pair: 33     ->	taxon1: H.robusta 	taxon2: G.turnbull
	            	positions below base line: 530
	pair: 34     ->	taxon1: H.robusta 	taxon2: G.salaris 
	            	positions below base line: 443
	pair: 35     ->	taxon1: H.robusta 	taxon2: S.mediterr
	            	positions below base line: 507
	pair: 36     ->	taxon1: H.robusta 	taxon2: C.sinensis
	            	positions below base line: 457
	pair: 37     ->	taxon1: H.robusta 	taxon2: T.solium  
	            	positions below base line: 432
	pair: 38     ->	taxon1: H.robusta 	taxon2: D.rerio   
	            	positions below base line: 398
	pair: 39     ->	taxon1: E.granulos	taxon2: R.norvegic
	            	positions below base line: 526
	pair: 40     ->	taxon1: E.granulos	taxon2: G.turnbull
	            	positions below base line: 524
	pair: 41     ->	taxon1: E.granulos	taxon2: G.salaris 
	            	positions below base line: 477
	pair: 42     ->	taxon1: E.granulos	taxon2: S.mediterr
	            	positions below base line: 524
	pair: 43     ->	taxon1: E.granulos	taxon2: C.sinensis
	            	positions below base line: 495
	pair: 44     ->	taxon1: E.granulos	taxon2: T.solium  
	            	positions below base line: 450
	pair: 45     ->	taxon1: E.granulos	taxon2: D.rerio   
	            	positions below base line: 511
	pair: 46     ->	taxon1: R.norvegic	taxon2: G.turnbull
	            	positions below base line: 537
	pair: 47     ->	taxon1: R.norvegic	taxon2: G.salaris 
	            	positions below base line: 467
	pair: 48     ->	taxon1: R.norvegic	taxon2: S.mediterr
	            	positions below base line: 534
	pair: 49     ->	taxon1: R.norvegic	taxon2: C.sinensis
	            	positions below base line: 483
	pair: 50     ->	taxon1: R.norvegic	taxon2: T.solium  
	            	positions below base line: 460
	pair: 51     ->	taxon1: R.norvegic	taxon2: D.rerio   
	            	positions below base line: 297
	pair: 52     ->	taxon1: G.turnbull	taxon2: G.salaris 
	            	positions below base line: 492
	pair: 53     ->	taxon1: G.turnbull	taxon2: S.mediterr
	            	positions below base line: 506
	pair: 54     ->	taxon1: G.turnbull	taxon2: C.sinensis
	            	positions below base line: 527
	pair: 55     ->	taxon1: G.turnbull	taxon2: T.solium  
	            	positions below base line: 497
	pair: 56     ->	taxon1: G.turnbull	taxon2: D.rerio   
	            	positions below base line: 528
	pair: 57     ->	taxon1: G.salaris 	taxon2: S.mediterr
	            	positions below base line: 502
	pair: 58     ->	taxon1: G.salaris 	taxon2: C.sinensis
	            	positions below base line: 431
	pair: 59     ->	taxon1: G.salaris 	taxon2: T.solium  
	            	positions below base line: 398
	pair: 60     ->	taxon1: G.salaris 	taxon2: D.rerio   
	            	positions below base line: 435
	pair: 61     ->	taxon1: S.mediterr	taxon2: C.sinensis
	            	positions below base line: 517
	pair: 62     ->	taxon1: S.mediterr	taxon2: T.solium  
	            	positions below base line: 503
	pair: 63     ->	taxon1: S.mediterr	taxon2: D.rerio   
	            	positions below base line: 532
	pair: 64     ->	taxon1: C.sinensis	taxon2: T.solium  
	            	positions below base line: 399
	pair: 65     ->	taxon1: C.sinensis	taxon2: D.rerio   
	            	positions below base line: 470
	pair: 66     ->	taxon1: T.solium  	taxon2: D.rerio   
	            	positions below base line: 449

	generates quality profile from collected scores ...


	scoring done ...


	generates vector plot from collected scores ...


Argument "-" treated as 0 in increment (++) at /usr/bin/Aliscore.pl line 1213.
	Profile written to EOG091G0NOA.clustalo.aln.fasta_Profile_random.txt
	List   written to EOG091G0NOA.clustalo.aln.fasta_List_random.txt

	time used: 4.06 sec

