--2018-12-15 04:11:47--  http://www.orthodb.org/fasta?query=EOG091G05GZ&level=33208
Resolving www.orthodb.org (www.orthodb.org)... 142.93.108.123, 2a03:b0c0:3:e0::1b:1
Connecting to www.orthodb.org (www.orthodb.org)|142.93.108.123|:80... connected.
HTTP request sent, awaiting response... 301 Moved Permanently
Location: https://www.orthodb.org/fasta?query=EOG091G05GZ&level=33208 [following]
--2018-12-15 04:11:48--  https://www.orthodb.org/fasta?query=EOG091G05GZ&level=33208
Connecting to www.orthodb.org (www.orthodb.org)|142.93.108.123|:443... connected.
HTTP request sent, awaiting response... 200 OK
Length: 425434 (415K) [text/plain]
Saving to: ‘EOG091G05GZ/EOG091G05GZ.orthodb.fasta’

     0K .......... .......... .......... .......... .......... 12% 1,46M 0s
    50K .......... .......... .......... .......... .......... 24% 3,06M 0s
   100K .......... .......... .......... .......... .......... 36% 3,09M 0s
   150K .......... .......... .......... .......... .......... 48% 3,30M 0s
   200K .......... .......... .......... .......... .......... 60% 2,67M 0s
   250K .......... .......... .......... .......... .......... 72% 2,46M 0s
   300K .......... .......... .......... .......... .......... 84% 3,30M 0s
   350K .......... .......... .......... .......... .......... 96% 1,95M 0s
   400K .......... .....                                      100% 37,2M=0,2s

2018-12-15 04:11:48 (2,56 MB/s) - ‘EOG091G05GZ/EOG091G05GZ.orthodb.fasta’ saved [425434/425434]

