
RAxML can't, parse the alignment file as phylip file 
it will now try to parse it as FASTA file


This is the RAxML Master Pthread

This is RAxML Worker Pthread Number: 1


This is RAxML version 8.2.12 released by Alexandros Stamatakis on May 2018.

With greatly appreciated code contributions by:
Andre Aberer      (HITS)
Simon Berger      (HITS)
Alexey Kozlov     (HITS)
Kassian Kobert    (HITS)
David Dao         (KIT and HITS)
Sarah Lutteropp   (KIT and HITS)
Nick Pattengale   (Sandia)
Wayne Pfeiffer    (SDSC)
Akifumi S. Tanabe (NRIFS)
Charlie Taylor    (UF)


Alignment has 277 distinct alignment patterns

Proportion of gaps and completely undetermined characters in this alignment: 10.80%

RAxML rapid bootstrapping and subsequent ML search

Using 1 distinct models/data partitions with joint branch length optimization



Executing 100 rapid bootstrap inferences and thereafter a thorough ML search 

All free model parameters will be estimated by RAxML
GAMMA model of rate heterogeneity, ML estimate of alpha-parameter

GAMMA Model parameters will be estimated up to an accuracy of 0.1000000000 Log Likelihood units

Partition: 0
Alignment Patterns: 277
Name: No Name Provided
DataType: AA
Substitution Matrix: LG
Using empirical base frequencies




RAxML was called as follows:

raxml -f a -T 2 -m PROTGAMMALGF -p 12345 -x 12345 -# 100 -s ALICUT_EOG091G05GZ.clustalo.aln.fasta -n EOG091G05GZ.clustalo.aln.ALICUT.LGF 



Time for BS model parameter optimization 0.096911
Bootstrap[0]: Time 0.448587 seconds, bootstrap likelihood -4912.763379, best rearrangement setting 13
Bootstrap[1]: Time 0.638965 seconds, bootstrap likelihood -4842.286338, best rearrangement setting 13
Bootstrap[2]: Time 0.754110 seconds, bootstrap likelihood -4974.120569, best rearrangement setting 12
Bootstrap[3]: Time 0.643638 seconds, bootstrap likelihood -4781.021532, best rearrangement setting 15
Bootstrap[4]: Time 0.629149 seconds, bootstrap likelihood -4996.063376, best rearrangement setting 10
Bootstrap[5]: Time 0.685736 seconds, bootstrap likelihood -4809.796584, best rearrangement setting 10
Bootstrap[6]: Time 0.725922 seconds, bootstrap likelihood -4887.486683, best rearrangement setting 6
Bootstrap[7]: Time 0.625999 seconds, bootstrap likelihood -4998.662889, best rearrangement setting 14
Bootstrap[8]: Time 0.666038 seconds, bootstrap likelihood -4846.341655, best rearrangement setting 5
Bootstrap[9]: Time 0.608390 seconds, bootstrap likelihood -4891.217270, best rearrangement setting 7
Bootstrap[10]: Time 0.581691 seconds, bootstrap likelihood -4928.173958, best rearrangement setting 7
Bootstrap[11]: Time 0.623993 seconds, bootstrap likelihood -4888.176528, best rearrangement setting 5
Bootstrap[12]: Time 0.677520 seconds, bootstrap likelihood -4783.099543, best rearrangement setting 8
Bootstrap[13]: Time 0.626508 seconds, bootstrap likelihood -4784.127546, best rearrangement setting 7
Bootstrap[14]: Time 0.646738 seconds, bootstrap likelihood -4882.689644, best rearrangement setting 12
Bootstrap[15]: Time 0.596603 seconds, bootstrap likelihood -4990.281726, best rearrangement setting 15
Bootstrap[16]: Time 0.657547 seconds, bootstrap likelihood -4622.231245, best rearrangement setting 12
Bootstrap[17]: Time 0.633194 seconds, bootstrap likelihood -4889.486158, best rearrangement setting 12
Bootstrap[18]: Time 0.578880 seconds, bootstrap likelihood -4915.552325, best rearrangement setting 5
Bootstrap[19]: Time 0.669619 seconds, bootstrap likelihood -5083.884984, best rearrangement setting 8
Bootstrap[20]: Time 0.696517 seconds, bootstrap likelihood -4993.773774, best rearrangement setting 10
Bootstrap[21]: Time 0.629908 seconds, bootstrap likelihood -4578.774362, best rearrangement setting 6
Bootstrap[22]: Time 0.578669 seconds, bootstrap likelihood -4932.771244, best rearrangement setting 5
Bootstrap[23]: Time 0.330484 seconds, bootstrap likelihood -4886.024647, best rearrangement setting 7
Bootstrap[24]: Time 0.958693 seconds, bootstrap likelihood -4795.182229, best rearrangement setting 8
Bootstrap[25]: Time 0.754785 seconds, bootstrap likelihood -5160.539445, best rearrangement setting 6
Bootstrap[26]: Time 0.520381 seconds, bootstrap likelihood -4613.518798, best rearrangement setting 12
Bootstrap[27]: Time 0.622367 seconds, bootstrap likelihood -4862.617084, best rearrangement setting 10
Bootstrap[28]: Time 0.683001 seconds, bootstrap likelihood -4810.126492, best rearrangement setting 11
Bootstrap[29]: Time 0.669582 seconds, bootstrap likelihood -4893.512764, best rearrangement setting 12
Bootstrap[30]: Time 0.605000 seconds, bootstrap likelihood -5186.654689, best rearrangement setting 15
Bootstrap[31]: Time 0.657276 seconds, bootstrap likelihood -5031.635001, best rearrangement setting 15
Bootstrap[32]: Time 0.681601 seconds, bootstrap likelihood -4978.670487, best rearrangement setting 6
Bootstrap[33]: Time 0.635635 seconds, bootstrap likelihood -4875.622093, best rearrangement setting 15
Bootstrap[34]: Time 0.646913 seconds, bootstrap likelihood -5197.256688, best rearrangement setting 11
Bootstrap[35]: Time 0.618210 seconds, bootstrap likelihood -4704.469810, best rearrangement setting 8
Bootstrap[36]: Time 0.620430 seconds, bootstrap likelihood -4890.944061, best rearrangement setting 9
Bootstrap[37]: Time 0.678220 seconds, bootstrap likelihood -4887.266953, best rearrangement setting 11
Bootstrap[38]: Time 0.604031 seconds, bootstrap likelihood -4996.487539, best rearrangement setting 8
Bootstrap[39]: Time 0.302129 seconds, bootstrap likelihood -5067.277687, best rearrangement setting 13
Bootstrap[40]: Time 0.550475 seconds, bootstrap likelihood -4835.663858, best rearrangement setting 13
Bootstrap[41]: Time 0.615358 seconds, bootstrap likelihood -4963.131134, best rearrangement setting 10
Bootstrap[42]: Time 0.309128 seconds, bootstrap likelihood -4956.532383, best rearrangement setting 5
Bootstrap[43]: Time 0.646657 seconds, bootstrap likelihood -4870.995132, best rearrangement setting 14
Bootstrap[44]: Time 0.670233 seconds, bootstrap likelihood -4754.425379, best rearrangement setting 10
Bootstrap[45]: Time 0.596493 seconds, bootstrap likelihood -5014.627827, best rearrangement setting 15
Bootstrap[46]: Time 0.601320 seconds, bootstrap likelihood -4996.065737, best rearrangement setting 14
Bootstrap[47]: Time 0.616819 seconds, bootstrap likelihood -4754.940261, best rearrangement setting 8
Bootstrap[48]: Time 0.658068 seconds, bootstrap likelihood -4970.182935, best rearrangement setting 6
Bootstrap[49]: Time 0.608881 seconds, bootstrap likelihood -4986.915680, best rearrangement setting 7
Bootstrap[50]: Time 0.629103 seconds, bootstrap likelihood -4565.600174, best rearrangement setting 7
Bootstrap[51]: Time 0.648813 seconds, bootstrap likelihood -4560.806629, best rearrangement setting 11
Bootstrap[52]: Time 0.599649 seconds, bootstrap likelihood -4917.590727, best rearrangement setting 12
Bootstrap[53]: Time 0.304662 seconds, bootstrap likelihood -5012.168621, best rearrangement setting 8
Bootstrap[54]: Time 0.616635 seconds, bootstrap likelihood -5045.370995, best rearrangement setting 9
Bootstrap[55]: Time 0.566399 seconds, bootstrap likelihood -4724.745237, best rearrangement setting 11
Bootstrap[56]: Time 0.620964 seconds, bootstrap likelihood -4899.188806, best rearrangement setting 5
Bootstrap[57]: Time 0.533470 seconds, bootstrap likelihood -4741.325744, best rearrangement setting 7
Bootstrap[58]: Time 0.610927 seconds, bootstrap likelihood -4844.706947, best rearrangement setting 10
Bootstrap[59]: Time 0.694249 seconds, bootstrap likelihood -4593.246254, best rearrangement setting 9
Bootstrap[60]: Time 0.598039 seconds, bootstrap likelihood -4999.566279, best rearrangement setting 7
Bootstrap[61]: Time 0.624838 seconds, bootstrap likelihood -4948.639749, best rearrangement setting 5
Bootstrap[62]: Time 0.695900 seconds, bootstrap likelihood -4822.122372, best rearrangement setting 11
Bootstrap[63]: Time 0.690371 seconds, bootstrap likelihood -5126.735032, best rearrangement setting 12
Bootstrap[64]: Time 0.631038 seconds, bootstrap likelihood -4736.542235, best rearrangement setting 7
Bootstrap[65]: Time 0.633888 seconds, bootstrap likelihood -4857.684520, best rearrangement setting 5
Bootstrap[66]: Time 0.603457 seconds, bootstrap likelihood -5031.812002, best rearrangement setting 5
Bootstrap[67]: Time 0.601875 seconds, bootstrap likelihood -4648.928645, best rearrangement setting 15
Bootstrap[68]: Time 0.640987 seconds, bootstrap likelihood -4959.107167, best rearrangement setting 11
Bootstrap[69]: Time 0.619078 seconds, bootstrap likelihood -4812.474792, best rearrangement setting 5
Bootstrap[70]: Time 0.603361 seconds, bootstrap likelihood -5252.778886, best rearrangement setting 8
Bootstrap[71]: Time 0.564876 seconds, bootstrap likelihood -4803.743496, best rearrangement setting 10
Bootstrap[72]: Time 0.563528 seconds, bootstrap likelihood -4902.508239, best rearrangement setting 11
Bootstrap[73]: Time 0.244742 seconds, bootstrap likelihood -4799.463816, best rearrangement setting 9
Bootstrap[74]: Time 0.563900 seconds, bootstrap likelihood -4812.461191, best rearrangement setting 5
Bootstrap[75]: Time 0.709078 seconds, bootstrap likelihood -4835.266574, best rearrangement setting 8
Bootstrap[76]: Time 0.563952 seconds, bootstrap likelihood -4724.361553, best rearrangement setting 9
Bootstrap[77]: Time 0.711490 seconds, bootstrap likelihood -4899.602713, best rearrangement setting 11
Bootstrap[78]: Time 0.604354 seconds, bootstrap likelihood -4833.046514, best rearrangement setting 15
Bootstrap[79]: Time 0.773921 seconds, bootstrap likelihood -5076.058036, best rearrangement setting 9
Bootstrap[80]: Time 0.695597 seconds, bootstrap likelihood -4808.856392, best rearrangement setting 15
Bootstrap[81]: Time 0.786812 seconds, bootstrap likelihood -5190.855105, best rearrangement setting 7
Bootstrap[82]: Time 0.799621 seconds, bootstrap likelihood -4988.232513, best rearrangement setting 6
Bootstrap[83]: Time 0.798924 seconds, bootstrap likelihood -5000.338419, best rearrangement setting 10
Bootstrap[84]: Time 0.725348 seconds, bootstrap likelihood -4692.328200, best rearrangement setting 11
Bootstrap[85]: Time 0.641177 seconds, bootstrap likelihood -4969.493429, best rearrangement setting 8
Bootstrap[86]: Time 0.658682 seconds, bootstrap likelihood -5033.833442, best rearrangement setting 7
Bootstrap[87]: Time 0.690189 seconds, bootstrap likelihood -5030.165075, best rearrangement setting 7
Bootstrap[88]: Time 0.573284 seconds, bootstrap likelihood -5117.047609, best rearrangement setting 12
Bootstrap[89]: Time 0.530906 seconds, bootstrap likelihood -4909.031463, best rearrangement setting 10
Bootstrap[90]: Time 0.971623 seconds, bootstrap likelihood -4778.222517, best rearrangement setting 8
Bootstrap[91]: Time 0.895896 seconds, bootstrap likelihood -4950.141875, best rearrangement setting 12
Bootstrap[92]: Time 0.851601 seconds, bootstrap likelihood -4749.739049, best rearrangement setting 13
Bootstrap[93]: Time 1.111427 seconds, bootstrap likelihood -4712.788983, best rearrangement setting 15
Bootstrap[94]: Time 1.031117 seconds, bootstrap likelihood -4938.463523, best rearrangement setting 5
Bootstrap[95]: Time 0.849843 seconds, bootstrap likelihood -4960.082082, best rearrangement setting 5
Bootstrap[96]: Time 0.955372 seconds, bootstrap likelihood -4913.434095, best rearrangement setting 13
Bootstrap[97]: Time 0.931201 seconds, bootstrap likelihood -4910.300388, best rearrangement setting 11
Bootstrap[98]: Time 1.009155 seconds, bootstrap likelihood -4876.799972, best rearrangement setting 6
Bootstrap[99]: Time 1.004686 seconds, bootstrap likelihood -4882.716707, best rearrangement setting 14


Overall Time for 100 Rapid Bootstraps 65.687120 seconds
Average Time per Rapid Bootstrap 0.656871 seconds

Starting ML Search ...

Fast ML optimization finished

Fast ML search Time: 50.407900 seconds

Slow ML Search 0 Likelihood: -4909.018129
Slow ML Search 1 Likelihood: -4909.018129
Slow ML Search 2 Likelihood: -4909.018129
Slow ML Search 3 Likelihood: -4909.018129
Slow ML Search 4 Likelihood: -4909.018129
Slow ML Search 5 Likelihood: -4909.018129
Slow ML Search 6 Likelihood: -4909.018129
Slow ML Search 7 Likelihood: -4909.018129
Slow ML Search 8 Likelihood: -4909.018129
Slow ML Search 9 Likelihood: -4909.018129
Slow ML optimization finished

Slow ML search Time: 15.203692 seconds
Thorough ML search Time: 1.051131 seconds

Final ML Optimization Likelihood: -4909.018129

Model Information:

Model Parameters of Partition 0, Name: No Name Provided, Type of Data: AA
alpha: 1.633068
Tree-Length: 6.020378
rate A <-> R: 0.399182
rate A <-> N: 0.259945
rate A <-> D: 0.371058
rate A <-> C: 2.337364
rate A <-> Q: 0.910775
rate A <-> E: 0.975241
rate A <-> G: 1.940106
rate A <-> H: 0.336984
rate A <-> I: 0.140697
rate A <-> L: 0.371240
rate A <-> K: 0.503815
rate A <-> M: 1.055520
rate A <-> F: 0.238237
rate A <-> P: 1.105868
rate A <-> S: 4.439041
rate A <-> T: 2.009090
rate A <-> W: 0.169702
rate A <-> Y: 0.205613
rate A <-> V: 2.392567
rate R <-> N: 0.706048
rate R <-> D: 0.116398
rate R <-> C: 0.501968
rate R <-> Q: 2.636754
rate R <-> E: 0.341785
rate R <-> G: 0.366408
rate R <-> H: 2.278690
rate R <-> I: 0.119250
rate R <-> L: 0.283449
rate R <-> K: 5.940467
rate R <-> M: 0.454623
rate R <-> F: 0.049508
rate R <-> P: 0.312264
rate R <-> S: 0.805843
rate R <-> T: 0.543695
rate R <-> W: 0.557424
rate R <-> Y: 0.295274
rate R <-> V: 0.160471
rate N <-> D: 4.766737
rate N <-> C: 0.496537
rate N <-> Q: 1.592389
rate N <-> E: 0.508692
rate N <-> G: 1.350015
rate N <-> H: 4.234381
rate N <-> I: 0.179830
rate N <-> L: 0.064256
rate N <-> K: 2.014327
rate N <-> M: 0.348390
rate N <-> F: 0.084068
rate N <-> P: 0.151925
rate N <-> S: 3.764032
rate N <-> T: 1.878729
rate N <-> W: 0.042610
rate N <-> Y: 0.574720
rate N <-> V: 0.078587
rate D <-> C: 0.058743
rate D <-> Q: 0.491483
rate D <-> E: 4.924234
rate D <-> G: 0.793424
rate D <-> H: 0.870603
rate D <-> I: 0.010038
rate D <-> L: 0.014157
rate D <-> K: 0.265711
rate D <-> M: 0.023991
rate D <-> F: 0.016354
rate D <-> P: 0.370412
rate D <-> S: 1.164675
rate D <-> T: 0.399902
rate D <-> W: 0.028068
rate D <-> Y: 0.126872
rate D <-> V: 0.035653
rate C <-> Q: 0.079639
rate C <-> E: 0.003286
rate C <-> G: 0.534566
rate C <-> H: 0.601499
rate C <-> I: 0.301083
rate C <-> L: 0.557800
rate C <-> K: 0.012457
rate C <-> M: 0.839207
rate C <-> F: 1.037881
rate C <-> P: 0.070787
rate C <-> S: 2.614753
rate C <-> T: 1.073780
rate C <-> W: 0.629281
rate C <-> Y: 1.094488
rate C <-> V: 1.839864
rate Q <-> E: 3.876936
rate Q <-> G: 0.251626
rate Q <-> H: 4.520102
rate Q <-> I: 0.068413
rate Q <-> L: 0.546954
rate Q <-> K: 3.037150
rate Q <-> M: 1.570619
rate Q <-> F: 0.033669
rate Q <-> P: 0.586241
rate Q <-> S: 1.149231
rate Q <-> T: 1.014297
rate Q <-> W: 0.221802
rate Q <-> Y: 0.241650
rate Q <-> V: 0.197511
rate E <-> G: 0.327583
rate E <-> H: 0.398044
rate E <-> I: 0.041567
rate E <-> L: 0.065426
rate E <-> K: 1.697022
rate E <-> M: 0.163145
rate E <-> F: 0.017664
rate E <-> P: 0.393844
rate E <-> S: 0.574671
rate E <-> T: 0.567695
rate E <-> W: 0.073107
rate E <-> Y: 0.112720
rate E <-> V: 0.230098
rate G <-> H: 0.292498
rate G <-> I: 0.008174
rate G <-> L: 0.041563
rate G <-> K: 0.278555
rate G <-> M: 0.131033
rate G <-> F: 0.084125
rate G <-> P: 0.184955
rate G <-> S: 1.633930
rate G <-> T: 0.121922
rate G <-> W: 0.252125
rate G <-> Y: 0.051346
rate G <-> V: 0.072026
rate H <-> I: 0.102245
rate H <-> L: 0.343988
rate H <-> K: 0.654763
rate H <-> M: 0.415502
rate H <-> F: 0.640560
rate H <-> P: 0.477834
rate H <-> S: 0.929667
rate H <-> T: 0.548649
rate H <-> W: 0.560661
rate H <-> Y: 4.983361
rate H <-> V: 0.111759
rate I <-> L: 3.892408
rate I <-> K: 0.149373
rate I <-> M: 4.013113
rate I <-> F: 1.044902
rate I <-> P: 0.073509
rate I <-> S: 0.060198
rate I <-> T: 0.970728
rate I <-> W: 0.104854
rate I <-> Y: 0.218350
rate I <-> V: 10.000000
rate L <-> K: 0.129119
rate L <-> M: 5.927594
rate L <-> F: 2.434657
rate L <-> P: 0.233879
rate L <-> S: 0.171176
rate L <-> T: 0.284471
rate L <-> W: 0.581863
rate L <-> Y: 0.281383
rate L <-> V: 1.598956
rate K <-> M: 0.616581
rate K <-> F: 0.022460
rate K <-> P: 0.366530
rate K <-> S: 0.703048
rate K <-> T: 1.067567
rate K <-> W: 0.046864
rate K <-> Y: 0.123890
rate K <-> V: 0.173913
rate M <-> F: 1.689205
rate M <-> P: 0.093763
rate M <-> S: 0.325811
rate M <-> T: 1.897216
rate M <-> W: 0.653740
rate M <-> Y: 0.451968
rate M <-> V: 1.782983
rate F <-> P: 0.088706
rate F <-> S: 0.339765
rate F <-> T: 0.154944
rate F <-> W: 2.307349
rate F <-> Y: 7.328222
rate F <-> V: 0.614777
rate P <-> S: 1.256567
rate P <-> T: 0.536635
rate P <-> W: 0.089332
rate P <-> Y: 0.084151
rate P <-> V: 0.278428
rate S <-> T: 6.077767
rate S <-> W: 0.233693
rate S <-> Y: 0.376132
rate S <-> V: 0.092373
rate T <-> W: 0.132241
rate T <-> Y: 0.230856
rate T <-> V: 2.054781
rate W <-> Y: 2.959699
rate W <-> V: 0.177959
rate Y <-> V: 0.234116

freq pi(A): 0.053289
freq pi(R): 0.077303
freq pi(N): 0.045724
freq pi(D): 0.064474
freq pi(C): 0.012829
freq pi(Q): 0.046053
freq pi(E): 0.060526
freq pi(G): 0.020395
freq pi(H): 0.020724
freq pi(I): 0.060526
freq pi(L): 0.126645
freq pi(K): 0.065132
freq pi(M): 0.024342
freq pi(F): 0.054605
freq pi(P): 0.036184
freq pi(S): 0.071711
freq pi(T): 0.035855
freq pi(W): 0.014145
freq pi(Y): 0.039803
freq pi(V): 0.069737


ML search took 66.685044 secs or 0.018524 hours

Combined Bootstrap and ML search took 132.372426 secs or 0.036770 hours

Drawing Bootstrap Support Values on best-scoring ML tree ...



Found 1 tree in File /in/RAxML_bestTree.EOG091G05GZ.clustalo.aln.ALICUT.LGF



Found 1 tree in File /in/RAxML_bestTree.EOG091G05GZ.clustalo.aln.ALICUT.LGF

Program execution info written to /in/RAxML_info.EOG091G05GZ.clustalo.aln.ALICUT.LGF
All 100 bootstrapped trees written to: /in/RAxML_bootstrap.EOG091G05GZ.clustalo.aln.ALICUT.LGF

Best-scoring ML tree written to: /in/RAxML_bestTree.EOG091G05GZ.clustalo.aln.ALICUT.LGF

Best-scoring ML tree with support values written to: /in/RAxML_bipartitions.EOG091G05GZ.clustalo.aln.ALICUT.LGF

Best-scoring ML tree with support values as branch labels written to: /in/RAxML_bipartitionsBranchLabels.EOG091G05GZ.clustalo.aln.ALICUT.LGF

Overall execution time for full ML analysis: 132.374316 secs or 0.036771 hours or 0.001532 days

