
	reading taxa from FASTA ...


	H.microstoma         -> sites: 798   
	C.intestinalis       -> sites: 798   
	O.viverrini          -> sites: 798   
	E.granulosus         -> sites: 798   
	L.gigantea           -> sites: 798   
	T.solium             -> sites: 798   
	C.sinensis           -> sites: 798   
	R.norvegicus         -> sites: 798   
	D.rerio              -> sites: 798   
	M.lignano            -> sites: 798   
	D.melanogaster       -> sites: 798   


	data type             : amino acid sequences

	input ...

	infile		: EOG091G08D1.clustalo.aln.fasta
	random pairs	: 200000000000000000
	window size	: 6
	indels		: ambiguous
	tree file	: -
	node level	: -
	strict profile	: -
	outgroup	: -
	matrix          : BLOSUM62

	number of taxa        : 11
	random number of pairs: 200000000000000000

	generates threshhold value for amino acid data
	using BLOSUM62

	checks for (potential) identical taxa


	scores site patterns ...


	max number of different pairs is 55
	max random pairs are scored!

	pair: 1      ->	taxon1: H.microsto	taxon2: C.intestin
	            	positions below base line: 564
	pair: 2      ->	taxon1: H.microsto	taxon2: O.viverrin
	            	positions below base line: 542
	pair: 3      ->	taxon1: H.microsto	taxon2: E.granulos
	            	positions below base line: 244
	pair: 4      ->	taxon1: H.microsto	taxon2: L.gigantea
	            	positions below base line: 557
	pair: 5      ->	taxon1: H.microsto	taxon2: T.solium  
	            	positions below base line: 242
	pair: 6      ->	taxon1: H.microsto	taxon2: C.sinensis
	            	positions below base line: 572
	pair: 7      ->	taxon1: H.microsto	taxon2: R.norvegic
	            	positions below base line: 528
	pair: 8      ->	taxon1: H.microsto	taxon2: D.rerio   
	            	positions below base line: 565
	pair: 9      ->	taxon1: H.microsto	taxon2: M.lignano 
	            	positions below base line: 587
	pair: 10     ->	taxon1: H.microsto	taxon2: D.melanoga
	            	positions below base line: 594
	pair: 11     ->	taxon1: C.intestin	taxon2: O.viverrin
	            	positions below base line: 573
	pair: 12     ->	taxon1: C.intestin	taxon2: E.granulos
	            	positions below base line: 588
	pair: 13     ->	taxon1: C.intestin	taxon2: L.gigantea
	            	positions below base line: 374
	pair: 14     ->	taxon1: C.intestin	taxon2: T.solium  
	            	positions below base line: 593
	pair: 15     ->	taxon1: C.intestin	taxon2: C.sinensis
	            	positions below base line: 625
	pair: 16     ->	taxon1: C.intestin	taxon2: R.norvegic
	            	positions below base line: 314
	pair: 17     ->	taxon1: C.intestin	taxon2: D.rerio   
	            	positions below base line: 322
	pair: 18     ->	taxon1: C.intestin	taxon2: M.lignano 
	            	positions below base line: 407
	pair: 19     ->	taxon1: C.intestin	taxon2: D.melanoga
	            	positions below base line: 472
	pair: 20     ->	taxon1: O.viverrin	taxon2: E.granulos
	            	positions below base line: 519
	pair: 21     ->	taxon1: O.viverrin	taxon2: L.gigantea
	            	positions below base line: 567
	pair: 22     ->	taxon1: O.viverrin	taxon2: T.solium  
	            	positions below base line: 517
	pair: 23     ->	taxon1: O.viverrin	taxon2: C.sinensis
	            	positions below base line: 342
	pair: 24     ->	taxon1: O.viverrin	taxon2: R.norvegic
	            	positions below base line: 578
	pair: 25     ->	taxon1: O.viverrin	taxon2: D.rerio   
	            	positions below base line: 582
	pair: 26     ->	taxon1: O.viverrin	taxon2: M.lignano 
	            	positions below base line: 571
	pair: 27     ->	taxon1: O.viverrin	taxon2: D.melanoga
	            	positions below base line: 636
	pair: 28     ->	taxon1: E.granulos	taxon2: L.gigantea
	            	positions below base line: 579
	pair: 29     ->	taxon1: E.granulos	taxon2: T.solium  
	            	positions below base line: 163
	pair: 30     ->	taxon1: E.granulos	taxon2: C.sinensis
	            	positions below base line: 579
	pair: 31     ->	taxon1: E.granulos	taxon2: R.norvegic
	            	positions below base line: 565
	pair: 32     ->	taxon1: E.granulos	taxon2: D.rerio   
	            	positions below base line: 571
	pair: 33     ->	taxon1: E.granulos	taxon2: M.lignano 
	            	positions below base line: 590
	pair: 34     ->	taxon1: E.granulos	taxon2: D.melanoga
	            	positions below base line: 609
	pair: 35     ->	taxon1: L.gigantea	taxon2: T.solium  
	            	positions below base line: 591
	pair: 36     ->	taxon1: L.gigantea	taxon2: C.sinensis
	            	positions below base line: 604
	pair: 37     ->	taxon1: L.gigantea	taxon2: R.norvegic
	            	positions below base line: 301
	pair: 38     ->	taxon1: L.gigantea	taxon2: D.rerio   
	            	positions below base line: 336
	pair: 39     ->	taxon1: L.gigantea	taxon2: M.lignano 
	            	positions below base line: 386
	pair: 40     ->	taxon1: L.gigantea	taxon2: D.melanoga
	            	positions below base line: 468
	pair: 41     ->	taxon1: T.solium  	taxon2: C.sinensis
	            	positions below base line: 578
	pair: 42     ->	taxon1: T.solium  	taxon2: R.norvegic
	            	positions below base line: 560
	pair: 43     ->	taxon1: T.solium  	taxon2: D.rerio   
	            	positions below base line: 563
	pair: 44     ->	taxon1: T.solium  	taxon2: M.lignano 
	            	positions below base line: 599
	pair: 45     ->	taxon1: T.solium  	taxon2: D.melanoga
	            	positions below base line: 601
	pair: 46     ->	taxon1: C.sinensis	taxon2: R.norvegic
	            	positions below base line: 621
	pair: 47     ->	taxon1: C.sinensis	taxon2: D.rerio   
	            	positions below base line: 626
	pair: 48     ->	taxon1: C.sinensis	taxon2: M.lignano 
	            	positions below base line: 631
	pair: 49     ->	taxon1: C.sinensis	taxon2: D.melanoga
	            	positions below base line: 643
	pair: 50     ->	taxon1: R.norvegic	taxon2: D.rerio   
	            	positions below base line: 171
	pair: 51     ->	taxon1: R.norvegic	taxon2: M.lignano 
	            	positions below base line: 357
	pair: 52     ->	taxon1: R.norvegic	taxon2: D.melanoga
	            	positions below base line: 451
	pair: 53     ->	taxon1: D.rerio   	taxon2: M.lignano 
	            	positions below base line: 364
	pair: 54     ->	taxon1: D.rerio   	taxon2: D.melanoga
	            	positions below base line: 474
	pair: 55     ->	taxon1: M.lignano 	taxon2: D.melanoga
	            	positions below base line: 522

	generates quality profile from collected scores ...


	scoring done ...


	generates vector plot from collected scores ...


Argument "-" treated as 0 in increment (++) at /usr/bin/Aliscore.pl line 1213.
	Profile written to EOG091G08D1.clustalo.aln.fasta_Profile_random.txt
	List   written to EOG091G08D1.clustalo.aln.fasta_List_random.txt

	time used: 3.83 sec

