
	reading taxa from FASTA ...


	M.lignano            -> sites: 2147  
	R.norvegicus         -> sites: 2147  
	D.rerio              -> sites: 2147  
	T.solium             -> sites: 2147  
	C.sinensis           -> sites: 2147  
	O.viverrini          -> sites: 2147  
	C.intestinalis       -> sites: 2147  
	H.robusta            -> sites: 2147  
	D.melanogaster       -> sites: 2147  
	G.salaris            -> sites: 2147  
	G.turnbulli          -> sites: 2147  


	data type             : amino acid sequences

	input ...

	infile		: EOG091G02MR.clustalo.aln.fasta
	random pairs	: 200000000000000000
	window size	: 6
	indels		: ambiguous
	tree file	: -
	node level	: -
	strict profile	: -
	outgroup	: -
	matrix          : BLOSUM62

	number of taxa        : 11
	random number of pairs: 200000000000000000

	generates threshhold value for amino acid data
	using BLOSUM62

	checks for (potential) identical taxa


	scores site patterns ...


	max number of different pairs is 55
	max random pairs are scored!

	pair: 1      ->	taxon1: M.lignano 	taxon2: R.norvegic
	            	positions below base line: 1435
	pair: 2      ->	taxon1: M.lignano 	taxon2: D.rerio   
	            	positions below base line: 2023
	pair: 3      ->	taxon1: M.lignano 	taxon2: T.solium  
	            	positions below base line: 1720
	pair: 4      ->	taxon1: M.lignano 	taxon2: C.sinensis
	            	positions below base line: 1958
	pair: 5      ->	taxon1: M.lignano 	taxon2: O.viverrin
	            	positions below base line: 1578
	pair: 6      ->	taxon1: M.lignano 	taxon2: C.intestin
	            	positions below base line: 1411
	pair: 7      ->	taxon1: M.lignano 	taxon2: H.robusta 
	            	positions below base line: 1432
	pair: 8      ->	taxon1: M.lignano 	taxon2: D.melanoga
	            	positions below base line: 1457
	pair: 9      ->	taxon1: M.lignano 	taxon2: G.salaris 
	            	positions below base line: 1863
	pair: 10     ->	taxon1: M.lignano 	taxon2: G.turnbull
	            	positions below base line: 1675
	pair: 11     ->	taxon1: R.norvegic	taxon2: D.rerio   
	            	positions below base line: 2023
	pair: 12     ->	taxon1: R.norvegic	taxon2: T.solium  
	            	positions below base line: 1686
	pair: 13     ->	taxon1: R.norvegic	taxon2: C.sinensis
	            	positions below base line: 1924
	pair: 14     ->	taxon1: R.norvegic	taxon2: O.viverrin
	            	positions below base line: 1491
	pair: 15     ->	taxon1: R.norvegic	taxon2: C.intestin
	            	positions below base line: 1225
	pair: 16     ->	taxon1: R.norvegic	taxon2: H.robusta 
	            	positions below base line: 1284
	pair: 17     ->	taxon1: R.norvegic	taxon2: D.melanoga
	            	positions below base line: 1354
	pair: 18     ->	taxon1: R.norvegic	taxon2: G.salaris 
	            	positions below base line: 1862
	pair: 19     ->	taxon1: R.norvegic	taxon2: G.turnbull
	            	positions below base line: 1638
	pair: 20     ->	taxon1: D.rerio   	taxon2: T.solium  
	            	positions below base line: 2047
	pair: 21     ->	taxon1: D.rerio   	taxon2: C.sinensis
	            	positions below base line: 2064
	pair: 22     ->	taxon1: D.rerio   	taxon2: O.viverrin
	            	positions below base line: 2051
	pair: 23     ->	taxon1: D.rerio   	taxon2: C.intestin
	            	positions below base line: 2032
	pair: 24     ->	taxon1: D.rerio   	taxon2: H.robusta 
	            	positions below base line: 2028
	pair: 25     ->	taxon1: D.rerio   	taxon2: D.melanoga
	            	positions below base line: 2031
	pair: 26     ->	taxon1: D.rerio   	taxon2: G.salaris 
	            	positions below base line: 2069
	pair: 27     ->	taxon1: D.rerio   	taxon2: G.turnbull
	            	positions below base line: 2049
	pair: 28     ->	taxon1: T.solium  	taxon2: C.sinensis
	            	positions below base line: 1933
	pair: 29     ->	taxon1: T.solium  	taxon2: O.viverrin
	            	positions below base line: 1768
	pair: 30     ->	taxon1: T.solium  	taxon2: C.intestin
	            	positions below base line: 1701
	pair: 31     ->	taxon1: T.solium  	taxon2: H.robusta 
	            	positions below base line: 1736
	pair: 32     ->	taxon1: T.solium  	taxon2: D.melanoga
	            	positions below base line: 1702
	pair: 33     ->	taxon1: T.solium  	taxon2: G.salaris 
	            	positions below base line: 1872
	pair: 34     ->	taxon1: T.solium  	taxon2: G.turnbull
	            	positions below base line: 1748
	pair: 35     ->	taxon1: C.sinensis	taxon2: O.viverrin
	            	positions below base line: 1769
	pair: 36     ->	taxon1: C.sinensis	taxon2: C.intestin
	            	positions below base line: 1906
	pair: 37     ->	taxon1: C.sinensis	taxon2: H.robusta 
	            	positions below base line: 1926
	pair: 38     ->	taxon1: C.sinensis	taxon2: D.melanoga
	            	positions below base line: 1953
	pair: 39     ->	taxon1: C.sinensis	taxon2: G.salaris 
	            	positions below base line: 1970
	pair: 40     ->	taxon1: C.sinensis	taxon2: G.turnbull
	            	positions below base line: 1952
	pair: 41     ->	taxon1: O.viverrin	taxon2: C.intestin
	            	positions below base line: 1512
	pair: 42     ->	taxon1: O.viverrin	taxon2: H.robusta 
	            	positions below base line: 1503
	pair: 43     ->	taxon1: O.viverrin	taxon2: D.melanoga
	            	positions below base line: 1543
	pair: 44     ->	taxon1: O.viverrin	taxon2: G.salaris 
	            	positions below base line: 1892
	pair: 45     ->	taxon1: O.viverrin	taxon2: G.turnbull
	            	positions below base line: 1749
	pair: 46     ->	taxon1: C.intestin	taxon2: H.robusta 
	            	positions below base line: 1309
	pair: 47     ->	taxon1: C.intestin	taxon2: D.melanoga
	            	positions below base line: 1380
	pair: 48     ->	taxon1: C.intestin	taxon2: G.salaris 
	            	positions below base line: 1855
	pair: 49     ->	taxon1: C.intestin	taxon2: G.turnbull
	            	positions below base line: 1666
	pair: 50     ->	taxon1: H.robusta 	taxon2: D.melanoga
	            	positions below base line: 1379
	pair: 51     ->	taxon1: H.robusta 	taxon2: G.salaris 
	            	positions below base line: 1858
	pair: 52     ->	taxon1: H.robusta 	taxon2: G.turnbull
	            	positions below base line: 1681
	pair: 53     ->	taxon1: D.melanoga	taxon2: G.salaris 
	            	positions below base line: 1880
	pair: 54     ->	taxon1: D.melanoga	taxon2: G.turnbull
	            	positions below base line: 1683
	pair: 55     ->	taxon1: G.salaris 	taxon2: G.turnbull
	            	positions below base line: 1746

	generates quality profile from collected scores ...


	scoring done ...


	generates vector plot from collected scores ...


Argument "-" treated as 0 in increment (++) at /usr/bin/Aliscore.pl line 1213.
	Profile written to EOG091G02MR.clustalo.aln.fasta_Profile_random.txt
	List   written to EOG091G02MR.clustalo.aln.fasta_List_random.txt

	time used: 5.28 sec

