
	reading taxa from FASTA ...


	S.mediterranea       -> sites: 1790  
	G.salaris            -> sites: 1790  
	C.intestinalis       -> sites: 1790  
	D.melanogaster       -> sites: 1790  
	R.norvegicus         -> sites: 1790  
	E.granulosus         -> sites: 1790  
	H.robusta            -> sites: 1790  
	G.turnbulli          -> sites: 1790  
	T.solium             -> sites: 1790  
	H.microstoma         -> sites: 1790  
	O.viverrini          -> sites: 1790  
	L.gigantea           -> sites: 1790  
	D.rerio              -> sites: 1790  


	data type             : amino acid sequences

	input ...

	infile		: EOG091G011X.clustalo.aln.fasta
	random pairs	: 200000000000000000
	window size	: 6
	indels		: ambiguous
	tree file	: -
	node level	: -
	strict profile	: -
	outgroup	: -
	matrix          : BLOSUM62

	number of taxa        : 13
	random number of pairs: 200000000000000000

	generates threshhold value for amino acid data
	using BLOSUM62

	checks for (potential) identical taxa


	scores site patterns ...


	max number of different pairs is 78
	max random pairs are scored!

	pair: 1      ->	taxon1: S.mediterr	taxon2: G.salaris 
	            	positions below base line: 1029
	pair: 2      ->	taxon1: S.mediterr	taxon2: C.intestin
	            	positions below base line: 1081
	pair: 3      ->	taxon1: S.mediterr	taxon2: D.melanoga
	            	positions below base line: 1009
	pair: 4      ->	taxon1: S.mediterr	taxon2: R.norvegic
	            	positions below base line: 1034
	pair: 5      ->	taxon1: S.mediterr	taxon2: E.granulos
	            	positions below base line: 1023
	pair: 6      ->	taxon1: S.mediterr	taxon2: H.robusta 
	            	positions below base line: 1070
	pair: 7      ->	taxon1: S.mediterr	taxon2: G.turnbull
	            	positions below base line: 1023
	pair: 8      ->	taxon1: S.mediterr	taxon2: T.solium  
	            	positions below base line: 1004
	pair: 9      ->	taxon1: S.mediterr	taxon2: H.microsto
	            	positions below base line: 996
	pair: 10     ->	taxon1: S.mediterr	taxon2: O.viverrin
	            	positions below base line: 1036
	pair: 11     ->	taxon1: S.mediterr	taxon2: L.gigantea
	            	positions below base line: 1059
	pair: 12     ->	taxon1: S.mediterr	taxon2: D.rerio   
	            	positions below base line: 1053
	pair: 13     ->	taxon1: G.salaris 	taxon2: C.intestin
	            	positions below base line: 920
	pair: 14     ->	taxon1: G.salaris 	taxon2: D.melanoga
	            	positions below base line: 930
	pair: 15     ->	taxon1: G.salaris 	taxon2: R.norvegic
	            	positions below base line: 942
	pair: 16     ->	taxon1: G.salaris 	taxon2: E.granulos
	            	positions below base line: 882
	pair: 17     ->	taxon1: G.salaris 	taxon2: H.robusta 
	            	positions below base line: 953
	pair: 18     ->	taxon1: G.salaris 	taxon2: G.turnbull
	            	positions below base line: 732
	pair: 19     ->	taxon1: G.salaris 	taxon2: T.solium  
	            	positions below base line: 857
	pair: 20     ->	taxon1: G.salaris 	taxon2: H.microsto
	            	positions below base line: 841
	pair: 21     ->	taxon1: G.salaris 	taxon2: O.viverrin
	            	positions below base line: 973
	pair: 22     ->	taxon1: G.salaris 	taxon2: L.gigantea
	            	positions below base line: 923
	pair: 23     ->	taxon1: G.salaris 	taxon2: D.rerio   
	            	positions below base line: 915
	pair: 24     ->	taxon1: C.intestin	taxon2: D.melanoga
	            	positions below base line: 783
	pair: 25     ->	taxon1: C.intestin	taxon2: R.norvegic
	            	positions below base line: 745
	pair: 26     ->	taxon1: C.intestin	taxon2: E.granulos
	            	positions below base line: 914
	pair: 27     ->	taxon1: C.intestin	taxon2: H.robusta 
	            	positions below base line: 829
	pair: 28     ->	taxon1: C.intestin	taxon2: G.turnbull
	            	positions below base line: 924
	pair: 29     ->	taxon1: C.intestin	taxon2: T.solium  
	            	positions below base line: 858
	pair: 30     ->	taxon1: C.intestin	taxon2: H.microsto
	            	positions below base line: 872
	pair: 31     ->	taxon1: C.intestin	taxon2: O.viverrin
	            	positions below base line: 1001
	pair: 32     ->	taxon1: C.intestin	taxon2: L.gigantea
	            	positions below base line: 754
	pair: 33     ->	taxon1: C.intestin	taxon2: D.rerio   
	            	positions below base line: 727
	pair: 34     ->	taxon1: D.melanoga	taxon2: R.norvegic
	            	positions below base line: 783
	pair: 35     ->	taxon1: D.melanoga	taxon2: E.granulos
	            	positions below base line: 876
	pair: 36     ->	taxon1: D.melanoga	taxon2: H.robusta 
	            	positions below base line: 732
	pair: 37     ->	taxon1: D.melanoga	taxon2: G.turnbull
	            	positions below base line: 925
	pair: 38     ->	taxon1: D.melanoga	taxon2: T.solium  
	            	positions below base line: 825
	pair: 39     ->	taxon1: D.melanoga	taxon2: H.microsto
	            	positions below base line: 835
	pair: 40     ->	taxon1: D.melanoga	taxon2: O.viverrin
	            	positions below base line: 1003
	pair: 41     ->	taxon1: D.melanoga	taxon2: L.gigantea
	            	positions below base line: 708
	pair: 42     ->	taxon1: D.melanoga	taxon2: D.rerio   
	            	positions below base line: 741
	pair: 43     ->	taxon1: R.norvegic	taxon2: E.granulos
	            	positions below base line: 922
	pair: 44     ->	taxon1: R.norvegic	taxon2: H.robusta 
	            	positions below base line: 776
	pair: 45     ->	taxon1: R.norvegic	taxon2: G.turnbull
	            	positions below base line: 942
	pair: 46     ->	taxon1: R.norvegic	taxon2: T.solium  
	            	positions below base line: 864
	pair: 47     ->	taxon1: R.norvegic	taxon2: H.microsto
	            	positions below base line: 887
	pair: 48     ->	taxon1: R.norvegic	taxon2: O.viverrin
	            	positions below base line: 1015
	pair: 49     ->	taxon1: R.norvegic	taxon2: L.gigantea
	            	positions below base line: 727
	pair: 50     ->	taxon1: R.norvegic	taxon2: D.rerio   
	            	positions below base line: 629
	pair: 51     ->	taxon1: E.granulos	taxon2: H.robusta 
	            	positions below base line: 898
	pair: 52     ->	taxon1: E.granulos	taxon2: G.turnbull
	            	positions below base line: 866
	pair: 53     ->	taxon1: E.granulos	taxon2: T.solium  
	            	positions below base line: 459
	pair: 54     ->	taxon1: E.granulos	taxon2: H.microsto
	            	positions below base line: 524
	pair: 55     ->	taxon1: E.granulos	taxon2: O.viverrin
	            	positions below base line: 910
	pair: 56     ->	taxon1: E.granulos	taxon2: L.gigantea
	            	positions below base line: 876
	pair: 57     ->	taxon1: E.granulos	taxon2: D.rerio   
	            	positions below base line: 886
	pair: 58     ->	taxon1: H.robusta 	taxon2: G.turnbull
	            	positions below base line: 923
	pair: 59     ->	taxon1: H.robusta 	taxon2: T.solium  
	            	positions below base line: 849
	pair: 60     ->	taxon1: H.robusta 	taxon2: H.microsto
	            	positions below base line: 870
	pair: 61     ->	taxon1: H.robusta 	taxon2: O.viverrin
	            	positions below base line: 986
	pair: 62     ->	taxon1: H.robusta 	taxon2: L.gigantea
	            	positions below base line: 744
	pair: 63     ->	taxon1: H.robusta 	taxon2: D.rerio   
	            	positions below base line: 756
	pair: 64     ->	taxon1: G.turnbull	taxon2: T.solium  
	            	positions below base line: 823
	pair: 65     ->	taxon1: G.turnbull	taxon2: H.microsto
	            	positions below base line: 831
	pair: 66     ->	taxon1: G.turnbull	taxon2: O.viverrin
	            	positions below base line: 961
	pair: 67     ->	taxon1: G.turnbull	taxon2: L.gigantea
	            	positions below base line: 917
	pair: 68     ->	taxon1: G.turnbull	taxon2: D.rerio   
	            	positions below base line: 896
	pair: 69     ->	taxon1: T.solium  	taxon2: H.microsto
	            	positions below base line: 301
	pair: 70     ->	taxon1: T.solium  	taxon2: O.viverrin
	            	positions below base line: 856
	pair: 71     ->	taxon1: T.solium  	taxon2: L.gigantea
	            	positions below base line: 821
	pair: 72     ->	taxon1: T.solium  	taxon2: D.rerio   
	            	positions below base line: 823
	pair: 73     ->	taxon1: H.microsto	taxon2: O.viverrin
	            	positions below base line: 878
	pair: 74     ->	taxon1: H.microsto	taxon2: L.gigantea
	            	positions below base line: 839
	pair: 75     ->	taxon1: H.microsto	taxon2: D.rerio   
	            	positions below base line: 837
	pair: 76     ->	taxon1: O.viverrin	taxon2: L.gigantea
	            	positions below base line: 967
	pair: 77     ->	taxon1: O.viverrin	taxon2: D.rerio   
	            	positions below base line: 986
	pair: 78     ->	taxon1: L.gigantea	taxon2: D.rerio   
	            	positions below base line: 713

	generates quality profile from collected scores ...


	scoring done ...


	generates vector plot from collected scores ...


Argument "-" treated as 0 in increment (++) at /usr/bin/Aliscore.pl line 1213.
	Profile written to EOG091G011X.clustalo.aln.fasta_Profile_random.txt
	List   written to EOG091G011X.clustalo.aln.fasta_List_random.txt

	time used: 4.39 sec

