
	reading taxa from FASTA ...


	R.norvegicus         -> sites: 571   
	D.melanogaster       -> sites: 571   
	H.robusta            -> sites: 571   
	E.nipponicum         -> sites: 571   
	T.solium             -> sites: 571   
	E.granulosus         -> sites: 571   
	O.viverrini          -> sites: 571   
	M.lignano            -> sites: 571   
	S.mansoni            -> sites: 571   
	C.intestinalis       -> sites: 571   
	D.rerio              -> sites: 571   


	data type             : amino acid sequences

	input ...

	infile		: EOG091G0Y09.clustalo.aln.fasta
	random pairs	: 200000000000000000
	window size	: 6
	indels		: ambiguous
	tree file	: -
	node level	: -
	strict profile	: -
	outgroup	: -
	matrix          : BLOSUM62

	number of taxa        : 11
	random number of pairs: 200000000000000000

	generates threshhold value for amino acid data
	using BLOSUM62

	checks for (potential) identical taxa


	scores site patterns ...


	max number of different pairs is 55
	max random pairs are scored!

	pair: 1      ->	taxon1: R.norvegic	taxon2: D.melanoga
	            	positions below base line: 421
	pair: 2      ->	taxon1: R.norvegic	taxon2: H.robusta 
	            	positions below base line: 419
	pair: 3      ->	taxon1: R.norvegic	taxon2: E.nipponic
	            	positions below base line: 440
	pair: 4      ->	taxon1: R.norvegic	taxon2: T.solium  
	            	positions below base line: 437
	pair: 5      ->	taxon1: R.norvegic	taxon2: E.granulos
	            	positions below base line: 484
	pair: 6      ->	taxon1: R.norvegic	taxon2: O.viverrin
	            	positions below base line: 441
	pair: 7      ->	taxon1: R.norvegic	taxon2: M.lignano 
	            	positions below base line: 434
	pair: 8      ->	taxon1: R.norvegic	taxon2: S.mansoni 
	            	positions below base line: 439
	pair: 9      ->	taxon1: R.norvegic	taxon2: C.intestin
	            	positions below base line: 418
	pair: 10     ->	taxon1: R.norvegic	taxon2: D.rerio   
	            	positions below base line: 414
	pair: 11     ->	taxon1: D.melanoga	taxon2: H.robusta 
	            	positions below base line: 426
	pair: 12     ->	taxon1: D.melanoga	taxon2: E.nipponic
	            	positions below base line: 446
	pair: 13     ->	taxon1: D.melanoga	taxon2: T.solium  
	            	positions below base line: 448
	pair: 14     ->	taxon1: D.melanoga	taxon2: E.granulos
	            	positions below base line: 487
	pair: 15     ->	taxon1: D.melanoga	taxon2: O.viverrin
	            	positions below base line: 450
	pair: 16     ->	taxon1: D.melanoga	taxon2: M.lignano 
	            	positions below base line: 444
	pair: 17     ->	taxon1: D.melanoga	taxon2: S.mansoni 
	            	positions below base line: 448
	pair: 18     ->	taxon1: D.melanoga	taxon2: C.intestin
	            	positions below base line: 424
	pair: 19     ->	taxon1: D.melanoga	taxon2: D.rerio   
	            	positions below base line: 421
	pair: 20     ->	taxon1: H.robusta 	taxon2: E.nipponic
	            	positions below base line: 437
	pair: 21     ->	taxon1: H.robusta 	taxon2: T.solium  
	            	positions below base line: 439
	pair: 22     ->	taxon1: H.robusta 	taxon2: E.granulos
	            	positions below base line: 485
	pair: 23     ->	taxon1: H.robusta 	taxon2: O.viverrin
	            	positions below base line: 441
	pair: 24     ->	taxon1: H.robusta 	taxon2: M.lignano 
	            	positions below base line: 435
	pair: 25     ->	taxon1: H.robusta 	taxon2: S.mansoni 
	            	positions below base line: 439
	pair: 26     ->	taxon1: H.robusta 	taxon2: C.intestin
	            	positions below base line: 428
	pair: 27     ->	taxon1: H.robusta 	taxon2: D.rerio   
	            	positions below base line: 420
	pair: 28     ->	taxon1: E.nipponic	taxon2: T.solium  
	            	positions below base line: 434
	pair: 29     ->	taxon1: E.nipponic	taxon2: E.granulos
	            	positions below base line: 476
	pair: 30     ->	taxon1: E.nipponic	taxon2: O.viverrin
	            	positions below base line: 427
	pair: 31     ->	taxon1: E.nipponic	taxon2: M.lignano 
	            	positions below base line: 452
	pair: 32     ->	taxon1: E.nipponic	taxon2: S.mansoni 
	            	positions below base line: 427
	pair: 33     ->	taxon1: E.nipponic	taxon2: C.intestin
	            	positions below base line: 439
	pair: 34     ->	taxon1: E.nipponic	taxon2: D.rerio   
	            	positions below base line: 441
	pair: 35     ->	taxon1: T.solium  	taxon2: E.granulos
	            	positions below base line: 458
	pair: 36     ->	taxon1: T.solium  	taxon2: O.viverrin
	            	positions below base line: 429
	pair: 37     ->	taxon1: T.solium  	taxon2: M.lignano 
	            	positions below base line: 445
	pair: 38     ->	taxon1: T.solium  	taxon2: S.mansoni 
	            	positions below base line: 423
	pair: 39     ->	taxon1: T.solium  	taxon2: C.intestin
	            	positions below base line: 449
	pair: 40     ->	taxon1: T.solium  	taxon2: D.rerio   
	            	positions below base line: 434
	pair: 41     ->	taxon1: E.granulos	taxon2: O.viverrin
	            	positions below base line: 485
	pair: 42     ->	taxon1: E.granulos	taxon2: M.lignano 
	            	positions below base line: 457
	pair: 43     ->	taxon1: E.granulos	taxon2: S.mansoni 
	            	positions below base line: 476
	pair: 44     ->	taxon1: E.granulos	taxon2: C.intestin
	            	positions below base line: 492
	pair: 45     ->	taxon1: E.granulos	taxon2: D.rerio   
	            	positions below base line: 485
	pair: 46     ->	taxon1: O.viverrin	taxon2: M.lignano 
	            	positions below base line: 439
	pair: 47     ->	taxon1: O.viverrin	taxon2: S.mansoni 
	            	positions below base line: 428
	pair: 48     ->	taxon1: O.viverrin	taxon2: C.intestin
	            	positions below base line: 449
	pair: 49     ->	taxon1: O.viverrin	taxon2: D.rerio   
	            	positions below base line: 442
	pair: 50     ->	taxon1: M.lignano 	taxon2: S.mansoni 
	            	positions below base line: 440
	pair: 51     ->	taxon1: M.lignano 	taxon2: C.intestin
	            	positions below base line: 451
	pair: 52     ->	taxon1: M.lignano 	taxon2: D.rerio   
	            	positions below base line: 435
	pair: 53     ->	taxon1: S.mansoni 	taxon2: C.intestin
	            	positions below base line: 441
	pair: 54     ->	taxon1: S.mansoni 	taxon2: D.rerio   
	            	positions below base line: 440
	pair: 55     ->	taxon1: C.intestin	taxon2: D.rerio   
	            	positions below base line: 420

	generates quality profile from collected scores ...


	scoring done ...


	generates vector plot from collected scores ...


Argument "-" treated as 0 in increment (++) at /usr/bin/Aliscore.pl line 1213.
	Profile written to EOG091G0Y09.clustalo.aln.fasta_Profile_random.txt
	List   written to EOG091G0Y09.clustalo.aln.fasta_List_random.txt

	time used: 3.85 sec

