
	reading taxa from FASTA ...


	G.turnbulli          -> sites: 1496  
	H.robusta            -> sites: 1496  
	E.nipponicum         -> sites: 1496  
	T.solium             -> sites: 1496  
	H.microstoma         -> sites: 1496  
	D.melanogaster       -> sites: 1496  
	E.granulosus         -> sites: 1496  
	C.intestinalis       -> sites: 1496  
	D.rerio              -> sites: 1496  
	C.sinensis           -> sites: 1496  
	S.mansoni            -> sites: 1496  
	R.norvegicus         -> sites: 1496  
	G.salaris            -> sites: 1496  
	L.gigantea           -> sites: 1496  


	data type             : amino acid sequences

	input ...

	infile		: EOG091G0L66.clustalo.aln.fasta
	random pairs	: 200000000000000000
	window size	: 6
	indels		: ambiguous
	tree file	: -
	node level	: -
	strict profile	: -
	outgroup	: -
	matrix          : BLOSUM62

	number of taxa        : 14
	random number of pairs: 200000000000000000

	generates threshhold value for amino acid data
	using BLOSUM62

	checks for (potential) identical taxa


	scores site patterns ...


	max number of different pairs is 91
	max random pairs are scored!

	pair: 1      ->	taxon1: G.turnbull	taxon2: H.robusta 
	            	positions below base line: 1304
	pair: 2      ->	taxon1: G.turnbull	taxon2: E.nipponic
	            	positions below base line: 1307
	pair: 3      ->	taxon1: G.turnbull	taxon2: T.solium  
	            	positions below base line: 1278
	pair: 4      ->	taxon1: G.turnbull	taxon2: H.microsto
	            	positions below base line: 1302
	pair: 5      ->	taxon1: G.turnbull	taxon2: D.melanoga
	            	positions below base line: 1326
	pair: 6      ->	taxon1: G.turnbull	taxon2: E.granulos
	            	positions below base line: 1293
	pair: 7      ->	taxon1: G.turnbull	taxon2: C.intestin
	            	positions below base line: 1303
	pair: 8      ->	taxon1: G.turnbull	taxon2: D.rerio   
	            	positions below base line: 1383
	pair: 9      ->	taxon1: G.turnbull	taxon2: C.sinensis
	            	positions below base line: 1266
	pair: 10     ->	taxon1: G.turnbull	taxon2: S.mansoni 
	            	positions below base line: 1279
	pair: 11     ->	taxon1: G.turnbull	taxon2: R.norvegic
	            	positions below base line: 1315
	pair: 12     ->	taxon1: G.turnbull	taxon2: G.salaris 
	            	positions below base line: 1309
	pair: 13     ->	taxon1: G.turnbull	taxon2: L.gigantea
	            	positions below base line: 1304
	pair: 14     ->	taxon1: H.robusta 	taxon2: E.nipponic
	            	positions below base line: 1319
	pair: 15     ->	taxon1: H.robusta 	taxon2: T.solium  
	            	positions below base line: 1310
	pair: 16     ->	taxon1: H.robusta 	taxon2: H.microsto
	            	positions below base line: 1318
	pair: 17     ->	taxon1: H.robusta 	taxon2: D.melanoga
	            	positions below base line: 1316
	pair: 18     ->	taxon1: H.robusta 	taxon2: E.granulos
	            	positions below base line: 1308
	pair: 19     ->	taxon1: H.robusta 	taxon2: C.intestin
	            	positions below base line: 1273
	pair: 20     ->	taxon1: H.robusta 	taxon2: D.rerio   
	            	positions below base line: 1396
	pair: 21     ->	taxon1: H.robusta 	taxon2: C.sinensis
	            	positions below base line: 1308
	pair: 22     ->	taxon1: H.robusta 	taxon2: S.mansoni 
	            	positions below base line: 1312
	pair: 23     ->	taxon1: H.robusta 	taxon2: R.norvegic
	            	positions below base line: 1288
	pair: 24     ->	taxon1: H.robusta 	taxon2: G.salaris 
	            	positions below base line: 1335
	pair: 25     ->	taxon1: H.robusta 	taxon2: L.gigantea
	            	positions below base line: 1277
	pair: 26     ->	taxon1: E.nipponic	taxon2: T.solium  
	            	positions below base line: 1304
	pair: 27     ->	taxon1: E.nipponic	taxon2: H.microsto
	            	positions below base line: 1332
	pair: 28     ->	taxon1: E.nipponic	taxon2: D.melanoga
	            	positions below base line: 1309
	pair: 29     ->	taxon1: E.nipponic	taxon2: E.granulos
	            	positions below base line: 1317
	pair: 30     ->	taxon1: E.nipponic	taxon2: C.intestin
	            	positions below base line: 1294
	pair: 31     ->	taxon1: E.nipponic	taxon2: D.rerio   
	            	positions below base line: 1397
	pair: 32     ->	taxon1: E.nipponic	taxon2: C.sinensis
	            	positions below base line: 1296
	pair: 33     ->	taxon1: E.nipponic	taxon2: S.mansoni 
	            	positions below base line: 1310
	pair: 34     ->	taxon1: E.nipponic	taxon2: R.norvegic
	            	positions below base line: 1309
	pair: 35     ->	taxon1: E.nipponic	taxon2: G.salaris 
	            	positions below base line: 1322
	pair: 36     ->	taxon1: E.nipponic	taxon2: L.gigantea
	            	positions below base line: 1308
	pair: 37     ->	taxon1: T.solium  	taxon2: H.microsto
	            	positions below base line: 1289
	pair: 38     ->	taxon1: T.solium  	taxon2: D.melanoga
	            	positions below base line: 1310
	pair: 39     ->	taxon1: T.solium  	taxon2: E.granulos
	            	positions below base line: 1269
	pair: 40     ->	taxon1: T.solium  	taxon2: C.intestin
	            	positions below base line: 1299
	pair: 41     ->	taxon1: T.solium  	taxon2: D.rerio   
	            	positions below base line: 1382
	pair: 42     ->	taxon1: T.solium  	taxon2: C.sinensis
	            	positions below base line: 1277
	pair: 43     ->	taxon1: T.solium  	taxon2: S.mansoni 
	            	positions below base line: 1268
	pair: 44     ->	taxon1: T.solium  	taxon2: R.norvegic
	            	positions below base line: 1311
	pair: 45     ->	taxon1: T.solium  	taxon2: G.salaris 
	            	positions below base line: 1301
	pair: 46     ->	taxon1: T.solium  	taxon2: L.gigantea
	            	positions below base line: 1311
	pair: 47     ->	taxon1: H.microsto	taxon2: D.melanoga
	            	positions below base line: 1323
	pair: 48     ->	taxon1: H.microsto	taxon2: E.granulos
	            	positions below base line: 1294
	pair: 49     ->	taxon1: H.microsto	taxon2: C.intestin
	            	positions below base line: 1318
	pair: 50     ->	taxon1: H.microsto	taxon2: D.rerio   
	            	positions below base line: 1388
	pair: 51     ->	taxon1: H.microsto	taxon2: C.sinensis
	            	positions below base line: 1292
	pair: 52     ->	taxon1: H.microsto	taxon2: S.mansoni 
	            	positions below base line: 1292
	pair: 53     ->	taxon1: H.microsto	taxon2: R.norvegic
	            	positions below base line: 1327
	pair: 54     ->	taxon1: H.microsto	taxon2: G.salaris 
	            	positions below base line: 1328
	pair: 55     ->	taxon1: H.microsto	taxon2: L.gigantea
	            	positions below base line: 1314
	pair: 56     ->	taxon1: D.melanoga	taxon2: E.granulos
	            	positions below base line: 1323
	pair: 57     ->	taxon1: D.melanoga	taxon2: C.intestin
	            	positions below base line: 1281
	pair: 58     ->	taxon1: D.melanoga	taxon2: D.rerio   
	            	positions below base line: 1402
	pair: 59     ->	taxon1: D.melanoga	taxon2: C.sinensis
	            	positions below base line: 1317
	pair: 60     ->	taxon1: D.melanoga	taxon2: S.mansoni 
	            	positions below base line: 1324
	pair: 61     ->	taxon1: D.melanoga	taxon2: R.norvegic
	            	positions below base line: 1277
	pair: 62     ->	taxon1: D.melanoga	taxon2: G.salaris 
	            	positions below base line: 1355
	pair: 63     ->	taxon1: D.melanoga	taxon2: L.gigantea
	            	positions below base line: 1280
	pair: 64     ->	taxon1: E.granulos	taxon2: C.intestin
	            	positions below base line: 1296
	pair: 65     ->	taxon1: E.granulos	taxon2: D.rerio   
	            	positions below base line: 1398
	pair: 66     ->	taxon1: E.granulos	taxon2: C.sinensis
	            	positions below base line: 1290
	pair: 67     ->	taxon1: E.granulos	taxon2: S.mansoni 
	            	positions below base line: 1283
	pair: 68     ->	taxon1: E.granulos	taxon2: R.norvegic
	            	positions below base line: 1319
	pair: 69     ->	taxon1: E.granulos	taxon2: G.salaris 
	            	positions below base line: 1329
	pair: 70     ->	taxon1: E.granulos	taxon2: L.gigantea
	            	positions below base line: 1309
	pair: 71     ->	taxon1: C.intestin	taxon2: D.rerio   
	            	positions below base line: 1395
	pair: 72     ->	taxon1: C.intestin	taxon2: C.sinensis
	            	positions below base line: 1286
	pair: 73     ->	taxon1: C.intestin	taxon2: S.mansoni 
	            	positions below base line: 1303
	pair: 74     ->	taxon1: C.intestin	taxon2: R.norvegic
	            	positions below base line: 1244
	pair: 75     ->	taxon1: C.intestin	taxon2: G.salaris 
	            	positions below base line: 1329
	pair: 76     ->	taxon1: C.intestin	taxon2: L.gigantea
	            	positions below base line: 1254
	pair: 77     ->	taxon1: D.rerio   	taxon2: C.sinensis
	            	positions below base line: 1369
	pair: 78     ->	taxon1: D.rerio   	taxon2: S.mansoni 
	            	positions below base line: 1377
	pair: 79     ->	taxon1: D.rerio   	taxon2: R.norvegic
	            	positions below base line: 1391
	pair: 80     ->	taxon1: D.rerio   	taxon2: G.salaris 
	            	positions below base line: 1382
	pair: 81     ->	taxon1: D.rerio   	taxon2: L.gigantea
	            	positions below base line: 1400
	pair: 82     ->	taxon1: C.sinensis	taxon2: S.mansoni 
	            	positions below base line: 1273
	pair: 83     ->	taxon1: C.sinensis	taxon2: R.norvegic
	            	positions below base line: 1315
	pair: 84     ->	taxon1: C.sinensis	taxon2: G.salaris 
	            	positions below base line: 1320
	pair: 85     ->	taxon1: C.sinensis	taxon2: L.gigantea
	            	positions below base line: 1294
	pair: 86     ->	taxon1: S.mansoni 	taxon2: R.norvegic
	            	positions below base line: 1325
	pair: 87     ->	taxon1: S.mansoni 	taxon2: G.salaris 
	            	positions below base line: 1317
	pair: 88     ->	taxon1: S.mansoni 	taxon2: L.gigantea
	            	positions below base line: 1316
	pair: 89     ->	taxon1: R.norvegic	taxon2: G.salaris 
	            	positions below base line: 1319
	pair: 90     ->	taxon1: R.norvegic	taxon2: L.gigantea
	            	positions below base line: 1245
	pair: 91     ->	taxon1: G.salaris 	taxon2: L.gigantea
	            	positions below base line: 1328

	generates quality profile from collected scores ...


	scoring done ...


	generates vector plot from collected scores ...


Argument "-" treated as 0 in increment (++) at /usr/bin/Aliscore.pl line 1213.
	Profile written to EOG091G0L66.clustalo.aln.fasta_Profile_random.txt
	List   written to EOG091G0L66.clustalo.aln.fasta_List_random.txt

	time used: 4.4 sec

