--2018-12-14 16:01:35--  http://www.orthodb.org/fasta?query=EOG091G0L66&level=33208
Resolving www.orthodb.org (www.orthodb.org)... 142.93.108.123, 2a03:b0c0:3:e0::1b:1
Connecting to www.orthodb.org (www.orthodb.org)|142.93.108.123|:80... connected.
HTTP request sent, awaiting response... 301 Moved Permanently
Location: https://www.orthodb.org/fasta?query=EOG091G0L66&level=33208 [following]
--2018-12-14 16:01:35--  https://www.orthodb.org/fasta?query=EOG091G0L66&level=33208
Connecting to www.orthodb.org (www.orthodb.org)|142.93.108.123|:443... connected.
HTTP request sent, awaiting response... 200 OK
Length: 769021 (751K) [text/plain]
Saving to: ‘EOG091G0L66/EOG091G0L66.orthodb.fasta’

     0K .......... .......... .......... .......... ..........  6% 1,23M 1s
    50K .......... .......... .......... .......... .......... 13% 1,22M 1s
   100K .......... .......... .......... .......... .......... 19% 2,30M 0s
   150K .......... .......... .......... .......... .......... 26% 2,41M 0s
   200K .......... .......... .......... .......... .......... 33% 2,31M 0s
   250K .......... .......... .......... .......... .......... 39% 3,25M 0s
   300K .......... .......... .......... .......... .......... 46% 6,11M 0s
   350K .......... .......... .......... .......... .......... 53% 1,51M 0s
   400K .......... .......... .......... .......... .......... 59% 6,40M 0s
   450K .......... .......... .......... .......... .......... 66% 2,47M 0s
   500K .......... .......... .......... .......... .......... 73% 2,28M 0s
   550K .......... .......... .......... .......... .......... 79% 3,34M 0s
   600K .......... .......... .......... .......... .......... 86% 7,08M 0s
   650K .......... .......... .......... .......... .......... 93% 2,48M 0s
   700K .......... .......... .......... .......... .......... 99% 2,26M 0s
   750K                                                       100% 1902G=0,3s

2018-12-14 16:01:37 (2,37 MB/s) - ‘EOG091G0L66/EOG091G0L66.orthodb.fasta’ saved [769021/769021]

